[2025-04-30T13:49:43.659+0000] {local_task_job_runner.py:120} INFO - ::group::Pre task execution logs
[2025-04-30T13:49:43.714+0000] {taskinstance.py:2076} INFO - Dependencies all met for dep_context=non-requeueable deps ti=<TaskInstance: final_project_BBDL.LandingToBronze manual__2025-04-30T13:49:42.316786+00:00 [queued]>
[2025-04-30T13:49:43.722+0000] {taskinstance.py:2076} INFO - Dependencies all met for dep_context=requeueable deps ti=<TaskInstance: final_project_BBDL.LandingToBronze manual__2025-04-30T13:49:42.316786+00:00 [queued]>
[2025-04-30T13:49:43.723+0000] {taskinstance.py:2306} INFO - Starting attempt 1 of 1
[2025-04-30T13:49:43.749+0000] {taskinstance.py:2330} INFO - Executing <Task(SparkSubmitOperator): LandingToBronze> on 2025-04-30 13:49:42.316786+00:00
[2025-04-30T13:49:43.754+0000] {standard_task_runner.py:63} INFO - Started process 289 to run task
[2025-04-30T13:49:43.758+0000] {standard_task_runner.py:90} INFO - Running: ['airflow', 'tasks', 'run', 'final_project_BBDL', 'LandingToBronze', 'manual__2025-04-30T13:49:42.316786+00:00', '--job-id', '20', '--raw', '--subdir', 'DAGS_FOLDER/project_solution.py', '--cfg-path', '/tmp/tmpfvy9udeu']
[2025-04-30T13:49:43.760+0000] {standard_task_runner.py:91} INFO - Job 20: Subtask LandingToBronze
[2025-04-30T13:49:43.916+0000] {logging_mixin.py:188} WARNING - /home/airflow/.local/lib/python3.10/site-packages/airflow/settings.py:195 DeprecationWarning: The sql_alchemy_conn option in [core] has been moved to the sql_alchemy_conn option in [database] - the old setting has been used, but please update your config.
[2025-04-30T13:49:44.010+0000] {task_command.py:426} INFO - Running <TaskInstance: final_project_BBDL.LandingToBronze manual__2025-04-30T13:49:42.316786+00:00 [running]> on host 22933ff3ba35
[2025-04-30T13:49:44.230+0000] {taskinstance.py:2648} INFO - Exporting env vars: AIRFLOW_CTX_DAG_OWNER='airflow' AIRFLOW_CTX_DAG_ID='final_project_BBDL' AIRFLOW_CTX_TASK_ID='LandingToBronze' AIRFLOW_CTX_EXECUTION_DATE='2025-04-30T13:49:42.316786+00:00' AIRFLOW_CTX_TRY_NUMBER='1' AIRFLOW_CTX_DAG_RUN_ID='manual__2025-04-30T13:49:42.316786+00:00'
[2025-04-30T13:49:44.231+0000] {taskinstance.py:430} INFO - ::endgroup::
[2025-04-30T13:49:44.286+0000] {base.py:84} INFO - Using connection ID 'spark_default' for task execution.
[2025-04-30T13:49:44.287+0000] {spark_submit.py:328} ERROR - Failed to decode base64 keytab: Invalid base64-encoded string: number of data characters (5) cannot be 1 more than a multiple of 4
[2025-04-30T13:49:44.287+0000] {spark_submit.py:305} INFO - Could not load connection string spark_default, defaulting to spark://spark-master:7077
[2025-04-30T13:49:44.288+0000] {spark_submit.py:474} INFO - Spark-Submit cmd: spark-submit --master spark://spark-master:7077 --conf spark.master=spark://spark-master:7077 --name LandingToBronze --verbose --queue root.default --deploy-mode client /opt/airflow/dags/landing_to_bronze.py
[2025-04-30T13:49:45.638+0000] {spark_submit.py:644} INFO - Using properties file: null
[2025-04-30T13:49:45.730+0000] {spark_submit.py:644} INFO - Parsed arguments:
[2025-04-30T13:49:45.731+0000] {spark_submit.py:644} INFO - master                  spark://spark-master:7077
[2025-04-30T13:49:45.731+0000] {spark_submit.py:644} INFO - remote                  null
[2025-04-30T13:49:45.731+0000] {spark_submit.py:644} INFO - deployMode              client
[2025-04-30T13:49:45.731+0000] {spark_submit.py:644} INFO - executorMemory          null
[2025-04-30T13:49:45.731+0000] {spark_submit.py:644} INFO - executorCores           null
[2025-04-30T13:49:45.731+0000] {spark_submit.py:644} INFO - totalExecutorCores      null
[2025-04-30T13:49:45.732+0000] {spark_submit.py:644} INFO - propertiesFile          null
[2025-04-30T13:49:45.732+0000] {spark_submit.py:644} INFO - driverMemory            null
[2025-04-30T13:49:45.732+0000] {spark_submit.py:644} INFO - driverCores             null
[2025-04-30T13:49:45.732+0000] {spark_submit.py:644} INFO - driverExtraClassPath    null
[2025-04-30T13:49:45.732+0000] {spark_submit.py:644} INFO - driverExtraLibraryPath  null
[2025-04-30T13:49:45.732+0000] {spark_submit.py:644} INFO - driverExtraJavaOptions  null
[2025-04-30T13:49:45.732+0000] {spark_submit.py:644} INFO - supervise               false
[2025-04-30T13:49:45.732+0000] {spark_submit.py:644} INFO - queue                   root.default
[2025-04-30T13:49:45.732+0000] {spark_submit.py:644} INFO - numExecutors            null
[2025-04-30T13:49:45.732+0000] {spark_submit.py:644} INFO - files                   null
[2025-04-30T13:49:45.732+0000] {spark_submit.py:644} INFO - pyFiles                 null
[2025-04-30T13:49:45.733+0000] {spark_submit.py:644} INFO - archives                null
[2025-04-30T13:49:45.733+0000] {spark_submit.py:644} INFO - mainClass               null
[2025-04-30T13:49:45.733+0000] {spark_submit.py:644} INFO - primaryResource         file:/opt/airflow/dags/landing_to_bronze.py
[2025-04-30T13:49:45.733+0000] {spark_submit.py:644} INFO - name                    LandingToBronze
[2025-04-30T13:49:45.733+0000] {spark_submit.py:644} INFO - childArgs               []
[2025-04-30T13:49:45.733+0000] {spark_submit.py:644} INFO - jars                    null
[2025-04-30T13:49:45.733+0000] {spark_submit.py:644} INFO - packages                null
[2025-04-30T13:49:45.733+0000] {spark_submit.py:644} INFO - packagesExclusions      null
[2025-04-30T13:49:45.734+0000] {spark_submit.py:644} INFO - repositories            null
[2025-04-30T13:49:45.734+0000] {spark_submit.py:644} INFO - verbose                 true
[2025-04-30T13:49:45.734+0000] {spark_submit.py:644} INFO - 
[2025-04-30T13:49:45.734+0000] {spark_submit.py:644} INFO - Spark properties used, including those specified through
[2025-04-30T13:49:45.734+0000] {spark_submit.py:644} INFO - --conf and those from the properties file null:
[2025-04-30T13:49:45.734+0000] {spark_submit.py:644} INFO - (spark.master,spark://spark-master:7077)
[2025-04-30T13:49:45.734+0000] {spark_submit.py:644} INFO - 
[2025-04-30T13:49:45.734+0000] {spark_submit.py:644} INFO - 
[2025-04-30T13:49:45.947+0000] {spark_submit.py:644} INFO - Main class:
[2025-04-30T13:49:45.947+0000] {spark_submit.py:644} INFO - org.apache.spark.deploy.PythonRunner
[2025-04-30T13:49:45.947+0000] {spark_submit.py:644} INFO - Arguments:
[2025-04-30T13:49:45.948+0000] {spark_submit.py:644} INFO - file:/opt/airflow/dags/landing_to_bronze.py
[2025-04-30T13:49:45.948+0000] {spark_submit.py:644} INFO - null
[2025-04-30T13:49:45.951+0000] {spark_submit.py:644} INFO - Spark config:
[2025-04-30T13:49:45.951+0000] {spark_submit.py:644} INFO - (spark.app.name,LandingToBronze)
[2025-04-30T13:49:45.951+0000] {spark_submit.py:644} INFO - (spark.app.submitTime,1746020985928)
[2025-04-30T13:49:45.951+0000] {spark_submit.py:644} INFO - (spark.master,spark://spark-master:7077)
[2025-04-30T13:49:45.951+0000] {spark_submit.py:644} INFO - (spark.submit.deployMode,client)
[2025-04-30T13:49:45.951+0000] {spark_submit.py:644} INFO - (spark.submit.pyFiles,)
[2025-04-30T13:49:45.952+0000] {spark_submit.py:644} INFO - Classpath elements:
[2025-04-30T13:49:45.952+0000] {spark_submit.py:644} INFO - 
[2025-04-30T13:49:45.952+0000] {spark_submit.py:644} INFO - 
[2025-04-30T13:49:45.952+0000] {spark_submit.py:644} INFO - 
[2025-04-30T13:49:46.413+0000] {spark_submit.py:644} INFO - Traceback (most recent call last):
[2025-04-30T13:49:46.413+0000] {spark_submit.py:644} INFO - File "/opt/airflow/dags/landing_to_bronze.py", line 5, in <module>
[2025-04-30T13:49:46.413+0000] {spark_submit.py:644} INFO - import findspark
[2025-04-30T13:49:46.414+0000] {spark_submit.py:644} INFO - ModuleNotFoundError: No module named 'findspark'
[2025-04-30T13:49:46.439+0000] {spark_submit.py:644} INFO - 25/04/30 13:49:46 INFO ShutdownHookManager: Shutdown hook called
[2025-04-30T13:49:46.448+0000] {spark_submit.py:644} INFO - 25/04/30 13:49:46 INFO ShutdownHookManager: Deleting directory /tmp/spark-9093a0d1-6d48-4ccf-8382-eae7485889f5
[2025-04-30T13:49:46.479+0000] {taskinstance.py:441} INFO - ::group::Post task execution logs
[2025-04-30T13:49:46.515+0000] {taskinstance.py:2905} ERROR - Task failed with exception
Traceback (most recent call last):
  File "/home/airflow/.local/lib/python3.10/site-packages/airflow/models/taskinstance.py", line 465, in _execute_task
    result = _execute_callable(context=context, **execute_callable_kwargs)
  File "/home/airflow/.local/lib/python3.10/site-packages/airflow/models/taskinstance.py", line 432, in _execute_callable
    return execute_callable(context=context, **execute_callable_kwargs)
  File "/home/airflow/.local/lib/python3.10/site-packages/airflow/models/baseoperator.py", line 400, in wrapper
    return func(self, *args, **kwargs)
  File "/home/airflow/.local/lib/python3.10/site-packages/airflow/providers/apache/spark/operators/spark_submit.py", line 197, in execute
    self._hook.submit(self.application)
  File "/home/airflow/.local/lib/python3.10/site-packages/airflow/providers/apache/spark/hooks/spark_submit.py", line 566, in submit
    raise AirflowException(
airflow.exceptions.AirflowException: Cannot execute: spark-submit --master spark://spark-master:7077 --conf spark.master=spark://spark-master:7077 --name LandingToBronze --verbose --queue root.default --deploy-mode client /opt/airflow/dags/landing_to_bronze.py. Error code is: 1.
[2025-04-30T13:49:46.518+0000] {taskinstance.py:1206} INFO - Marking task as FAILED. dag_id=final_project_BBDL, task_id=LandingToBronze, run_id=manual__2025-04-30T13:49:42.316786+00:00, execution_date=20250430T134942, start_date=20250430T134943, end_date=20250430T134946
[2025-04-30T13:49:46.616+0000] {standard_task_runner.py:110} ERROR - Failed to execute job 20 for task LandingToBronze (Cannot execute: spark-submit --master spark://spark-master:7077 --conf spark.master=spark://spark-master:7077 --name LandingToBronze --verbose --queue root.default --deploy-mode client /opt/airflow/dags/landing_to_bronze.py. Error code is: 1.; 289)
[2025-04-30T13:49:46.631+0000] {local_task_job_runner.py:240} INFO - Task exited with return code 1
[2025-04-30T13:49:46.680+0000] {taskinstance.py:3498} INFO - 0 downstream tasks scheduled from follow-on schedule check
[2025-04-30T13:49:46.699+0000] {local_task_job_runner.py:222} INFO - ::endgroup::
