[2025-04-30T18:30:53.401+0000] {local_task_job_runner.py:120} INFO - ::group::Pre task execution logs
[2025-04-30T18:30:53.491+0000] {taskinstance.py:2076} INFO - Dependencies all met for dep_context=non-requeueable deps ti=<TaskInstance: final_project_BBDL.LandingToBronze manual__2025-04-30T18:30:51.229150+00:00 [queued]>
[2025-04-30T18:30:53.502+0000] {taskinstance.py:2076} INFO - Dependencies all met for dep_context=requeueable deps ti=<TaskInstance: final_project_BBDL.LandingToBronze manual__2025-04-30T18:30:51.229150+00:00 [queued]>
[2025-04-30T18:30:53.502+0000] {taskinstance.py:2306} INFO - Starting attempt 1 of 1
[2025-04-30T18:30:53.622+0000] {taskinstance.py:2330} INFO - Executing <Task(SparkSubmitOperator): LandingToBronze> on 2025-04-30 18:30:51.229150+00:00
[2025-04-30T18:30:53.628+0000] {standard_task_runner.py:63} INFO - Started process 1741 to run task
[2025-04-30T18:30:53.637+0000] {standard_task_runner.py:90} INFO - Running: ['airflow', 'tasks', 'run', 'final_project_BBDL', 'LandingToBronze', 'manual__2025-04-30T18:30:51.229150+00:00', '--job-id', '27', '--raw', '--subdir', 'DAGS_FOLDER/project_solution.py', '--cfg-path', '/tmp/tmpoovur2uj']
[2025-04-30T18:30:53.640+0000] {standard_task_runner.py:91} INFO - Job 27: Subtask LandingToBronze
[2025-04-30T18:30:53.827+0000] {logging_mixin.py:188} WARNING - /home/airflow/.local/lib/python3.10/site-packages/airflow/settings.py:195 DeprecationWarning: The sql_alchemy_conn option in [core] has been moved to the sql_alchemy_conn option in [database] - the old setting has been used, but please update your config.
[2025-04-30T18:30:53.942+0000] {task_command.py:426} INFO - Running <TaskInstance: final_project_BBDL.LandingToBronze manual__2025-04-30T18:30:51.229150+00:00 [running]> on host 2ffb9d39fe3a
[2025-04-30T18:30:54.637+0000] {taskinstance.py:2648} INFO - Exporting env vars: AIRFLOW_CTX_DAG_OWNER='airflow' AIRFLOW_CTX_DAG_ID='final_project_BBDL' AIRFLOW_CTX_TASK_ID='LandingToBronze' AIRFLOW_CTX_EXECUTION_DATE='2025-04-30T18:30:51.229150+00:00' AIRFLOW_CTX_TRY_NUMBER='1' AIRFLOW_CTX_DAG_RUN_ID='manual__2025-04-30T18:30:51.229150+00:00'
[2025-04-30T18:30:54.640+0000] {taskinstance.py:430} INFO - ::endgroup::
[2025-04-30T18:30:54.729+0000] {base.py:84} INFO - Using connection ID 'spark_default' for task execution.
[2025-04-30T18:30:54.731+0000] {spark_submit.py:328} ERROR - Failed to decode base64 keytab: Invalid base64-encoded string: number of data characters (5) cannot be 1 more than a multiple of 4
[2025-04-30T18:30:54.732+0000] {spark_submit.py:305} INFO - Could not load connection string spark_default, defaulting to spark://spark-master:7077
[2025-04-30T18:30:54.733+0000] {spark_submit.py:474} INFO - Spark-Submit cmd: spark-submit --master spark://spark-master:7077 --conf spark.master=spark://spark-master:7077 --name LandingToBronze --verbose --queue root.default --deploy-mode client /opt/airflow/dags/landing_to_bronze.py
[2025-04-30T18:30:56.874+0000] {spark_submit.py:644} INFO - Using properties file: null
[2025-04-30T18:30:57.033+0000] {spark_submit.py:644} INFO - Parsed arguments:
[2025-04-30T18:30:57.033+0000] {spark_submit.py:644} INFO - master                  spark://spark-master:7077
[2025-04-30T18:30:57.033+0000] {spark_submit.py:644} INFO - remote                  null
[2025-04-30T18:30:57.034+0000] {spark_submit.py:644} INFO - deployMode              client
[2025-04-30T18:30:57.034+0000] {spark_submit.py:644} INFO - executorMemory          null
[2025-04-30T18:30:57.034+0000] {spark_submit.py:644} INFO - executorCores           null
[2025-04-30T18:30:57.034+0000] {spark_submit.py:644} INFO - totalExecutorCores      null
[2025-04-30T18:30:57.034+0000] {spark_submit.py:644} INFO - propertiesFile          null
[2025-04-30T18:30:57.034+0000] {spark_submit.py:644} INFO - driverMemory            null
[2025-04-30T18:30:57.034+0000] {spark_submit.py:644} INFO - driverCores             null
[2025-04-30T18:30:57.034+0000] {spark_submit.py:644} INFO - driverExtraClassPath    null
[2025-04-30T18:30:57.034+0000] {spark_submit.py:644} INFO - driverExtraLibraryPath  null
[2025-04-30T18:30:57.034+0000] {spark_submit.py:644} INFO - driverExtraJavaOptions  null
[2025-04-30T18:30:57.034+0000] {spark_submit.py:644} INFO - supervise               false
[2025-04-30T18:30:57.034+0000] {spark_submit.py:644} INFO - queue                   root.default
[2025-04-30T18:30:57.034+0000] {spark_submit.py:644} INFO - numExecutors            null
[2025-04-30T18:30:57.035+0000] {spark_submit.py:644} INFO - files                   null
[2025-04-30T18:30:57.035+0000] {spark_submit.py:644} INFO - pyFiles                 null
[2025-04-30T18:30:57.035+0000] {spark_submit.py:644} INFO - archives                null
[2025-04-30T18:30:57.035+0000] {spark_submit.py:644} INFO - mainClass               null
[2025-04-30T18:30:57.036+0000] {spark_submit.py:644} INFO - primaryResource         file:/opt/airflow/dags/landing_to_bronze.py
[2025-04-30T18:30:57.036+0000] {spark_submit.py:644} INFO - name                    LandingToBronze
[2025-04-30T18:30:57.036+0000] {spark_submit.py:644} INFO - childArgs               []
[2025-04-30T18:30:57.036+0000] {spark_submit.py:644} INFO - jars                    null
[2025-04-30T18:30:57.036+0000] {spark_submit.py:644} INFO - packages                null
[2025-04-30T18:30:57.036+0000] {spark_submit.py:644} INFO - packagesExclusions      null
[2025-04-30T18:30:57.036+0000] {spark_submit.py:644} INFO - repositories            null
[2025-04-30T18:30:57.036+0000] {spark_submit.py:644} INFO - verbose                 true
[2025-04-30T18:30:57.036+0000] {spark_submit.py:644} INFO - 
[2025-04-30T18:30:57.036+0000] {spark_submit.py:644} INFO - Spark properties used, including those specified through
[2025-04-30T18:30:57.036+0000] {spark_submit.py:644} INFO - --conf and those from the properties file null:
[2025-04-30T18:30:57.036+0000] {spark_submit.py:644} INFO - (spark.master,spark://spark-master:7077)
[2025-04-30T18:30:57.036+0000] {spark_submit.py:644} INFO - 
[2025-04-30T18:30:57.036+0000] {spark_submit.py:644} INFO - 
[2025-04-30T18:30:57.386+0000] {spark_submit.py:644} INFO - Main class:
[2025-04-30T18:30:57.387+0000] {spark_submit.py:644} INFO - org.apache.spark.deploy.PythonRunner
[2025-04-30T18:30:57.387+0000] {spark_submit.py:644} INFO - Arguments:
[2025-04-30T18:30:57.387+0000] {spark_submit.py:644} INFO - file:/opt/airflow/dags/landing_to_bronze.py
[2025-04-30T18:30:57.387+0000] {spark_submit.py:644} INFO - null
[2025-04-30T18:30:57.392+0000] {spark_submit.py:644} INFO - Spark config:
[2025-04-30T18:30:57.392+0000] {spark_submit.py:644} INFO - (spark.app.name,LandingToBronze)
[2025-04-30T18:30:57.393+0000] {spark_submit.py:644} INFO - (spark.app.submitTime,1746037857355)
[2025-04-30T18:30:57.393+0000] {spark_submit.py:644} INFO - (spark.master,spark://spark-master:7077)
[2025-04-30T18:30:57.394+0000] {spark_submit.py:644} INFO - (spark.submit.deployMode,client)
[2025-04-30T18:30:57.394+0000] {spark_submit.py:644} INFO - (spark.submit.pyFiles,)
[2025-04-30T18:30:57.394+0000] {spark_submit.py:644} INFO - Classpath elements:
[2025-04-30T18:30:57.394+0000] {spark_submit.py:644} INFO - 
[2025-04-30T18:30:57.395+0000] {spark_submit.py:644} INFO - 
[2025-04-30T18:30:57.395+0000] {spark_submit.py:644} INFO - 
[2025-04-30T18:30:58.873+0000] {spark_submit.py:644} INFO - 25/04/30 18:30:58 INFO SparkContext: Running Spark version 3.5.5
[2025-04-30T18:30:58.877+0000] {spark_submit.py:644} INFO - 25/04/30 18:30:58 INFO SparkContext: OS info Linux, 5.15.167.4-microsoft-standard-WSL2, amd64
[2025-04-30T18:30:58.878+0000] {spark_submit.py:644} INFO - 25/04/30 18:30:58 INFO SparkContext: Java version 17.0.14
[2025-04-30T18:30:58.950+0000] {spark_submit.py:644} INFO - 25/04/30 18:30:58 WARN NativeCodeLoader: Unable to load native-hadoop library for your platform... using builtin-java classes where applicable
[2025-04-30T18:30:59.102+0000] {spark_submit.py:644} INFO - 25/04/30 18:30:59 INFO ResourceUtils: ==============================================================
[2025-04-30T18:30:59.102+0000] {spark_submit.py:644} INFO - 25/04/30 18:30:59 INFO ResourceUtils: No custom resources configured for spark.driver.
[2025-04-30T18:30:59.104+0000] {spark_submit.py:644} INFO - 25/04/30 18:30:59 INFO ResourceUtils: ==============================================================
[2025-04-30T18:30:59.105+0000] {spark_submit.py:644} INFO - 25/04/30 18:30:59 INFO SparkContext: Submitted application: LandingToBronze
[2025-04-30T18:30:59.151+0000] {spark_submit.py:644} INFO - 25/04/30 18:30:59 INFO ResourceProfile: Default ResourceProfile created, executor resources: Map(memory -> name: memory, amount: 1024, script: , vendor: , offHeap -> name: offHeap, amount: 0, script: , vendor: ), task resources: Map(cpus -> name: cpus, amount: 1.0)
[2025-04-30T18:30:59.165+0000] {spark_submit.py:644} INFO - 25/04/30 18:30:59 INFO ResourceProfile: Limiting resource is cpu
[2025-04-30T18:30:59.166+0000] {spark_submit.py:644} INFO - 25/04/30 18:30:59 INFO ResourceProfileManager: Added ResourceProfile id: 0
[2025-04-30T18:30:59.264+0000] {spark_submit.py:644} INFO - 25/04/30 18:30:59 INFO SecurityManager: Changing view acls to: airflow
[2025-04-30T18:30:59.264+0000] {spark_submit.py:644} INFO - 25/04/30 18:30:59 INFO SecurityManager: Changing modify acls to: airflow
[2025-04-30T18:30:59.265+0000] {spark_submit.py:644} INFO - 25/04/30 18:30:59 INFO SecurityManager: Changing view acls groups to:
[2025-04-30T18:30:59.267+0000] {spark_submit.py:644} INFO - 25/04/30 18:30:59 INFO SecurityManager: Changing modify acls groups to:
[2025-04-30T18:30:59.268+0000] {spark_submit.py:644} INFO - 25/04/30 18:30:59 INFO SecurityManager: SecurityManager: authentication disabled; ui acls disabled; users with view permissions: airflow; groups with view permissions: EMPTY; users with modify permissions: airflow; groups with modify permissions: EMPTY
[2025-04-30T18:30:59.671+0000] {spark_submit.py:644} INFO - 25/04/30 18:30:59 INFO Utils: Successfully started service 'sparkDriver' on port 37117.
[2025-04-30T18:30:59.721+0000] {spark_submit.py:644} INFO - 25/04/30 18:30:59 INFO SparkEnv: Registering MapOutputTracker
[2025-04-30T18:30:59.787+0000] {spark_submit.py:644} INFO - 25/04/30 18:30:59 INFO SparkEnv: Registering BlockManagerMaster
[2025-04-30T18:30:59.815+0000] {spark_submit.py:644} INFO - 25/04/30 18:30:59 INFO BlockManagerMasterEndpoint: Using org.apache.spark.storage.DefaultTopologyMapper for getting topology information
[2025-04-30T18:30:59.816+0000] {spark_submit.py:644} INFO - 25/04/30 18:30:59 INFO BlockManagerMasterEndpoint: BlockManagerMasterEndpoint up
[2025-04-30T18:30:59.823+0000] {spark_submit.py:644} INFO - 25/04/30 18:30:59 INFO SparkEnv: Registering BlockManagerMasterHeartbeat
[2025-04-30T18:30:59.858+0000] {spark_submit.py:644} INFO - 25/04/30 18:30:59 INFO DiskBlockManager: Created local directory at /tmp/blockmgr-256ddc04-a88c-4517-949e-c937a8e7c976
[2025-04-30T18:30:59.880+0000] {spark_submit.py:644} INFO - 25/04/30 18:30:59 INFO MemoryStore: MemoryStore started with capacity 434.4 MiB
[2025-04-30T18:30:59.896+0000] {spark_submit.py:644} INFO - 25/04/30 18:30:59 INFO SparkEnv: Registering OutputCommitCoordinator
[2025-04-30T18:31:00.053+0000] {spark_submit.py:644} INFO - 25/04/30 18:31:00 INFO JettyUtils: Start Jetty 0.0.0.0:4040 for SparkUI
[2025-04-30T18:31:00.173+0000] {spark_submit.py:644} INFO - 25/04/30 18:31:00 INFO Utils: Successfully started service 'SparkUI' on port 4040.
[2025-04-30T18:31:00.448+0000] {spark_submit.py:644} INFO - 25/04/30 18:31:00 INFO StandaloneAppClient$ClientEndpoint: Connecting to master spark://spark-master:7077...
[2025-04-30T18:31:03.789+0000] {spark_submit.py:644} INFO - 25/04/30 18:31:03 WARN TransportClientFactory: DNS resolution failed for spark-master/<unresolved>:7077 took 3321 ms
[2025-04-30T18:31:03.842+0000] {spark_submit.py:644} INFO - 25/04/30 18:31:03 WARN StandaloneAppClient$ClientEndpoint: Failed to connect to master spark-master:7077
[2025-04-30T18:31:03.842+0000] {spark_submit.py:644} INFO - org.apache.spark.SparkException: Exception thrown in awaitResult:
[2025-04-30T18:31:03.843+0000] {spark_submit.py:644} INFO - at org.apache.spark.util.SparkThreadUtils$.awaitResult(SparkThreadUtils.scala:56)
[2025-04-30T18:31:03.843+0000] {spark_submit.py:644} INFO - at org.apache.spark.util.ThreadUtils$.awaitResult(ThreadUtils.scala:310)
[2025-04-30T18:31:03.843+0000] {spark_submit.py:644} INFO - at org.apache.spark.rpc.RpcTimeout.awaitResult(RpcTimeout.scala:75)
[2025-04-30T18:31:03.843+0000] {spark_submit.py:644} INFO - at org.apache.spark.rpc.RpcEnv.setupEndpointRefByURI(RpcEnv.scala:102)
[2025-04-30T18:31:03.843+0000] {spark_submit.py:644} INFO - at org.apache.spark.rpc.RpcEnv.setupEndpointRef(RpcEnv.scala:110)
[2025-04-30T18:31:03.844+0000] {spark_submit.py:644} INFO - at org.apache.spark.deploy.client.StandaloneAppClient$ClientEndpoint$$anon$1.run(StandaloneAppClient.scala:108)
[2025-04-30T18:31:03.844+0000] {spark_submit.py:644} INFO - at java.base/java.util.concurrent.Executors$RunnableAdapter.call(Executors.java:539)
[2025-04-30T18:31:03.844+0000] {spark_submit.py:644} INFO - at java.base/java.util.concurrent.FutureTask.run(FutureTask.java:264)
[2025-04-30T18:31:03.844+0000] {spark_submit.py:644} INFO - at java.base/java.util.concurrent.ThreadPoolExecutor.runWorker(ThreadPoolExecutor.java:1136)
[2025-04-30T18:31:03.844+0000] {spark_submit.py:644} INFO - at java.base/java.util.concurrent.ThreadPoolExecutor$Worker.run(ThreadPoolExecutor.java:635)
[2025-04-30T18:31:03.844+0000] {spark_submit.py:644} INFO - at java.base/java.lang.Thread.run(Thread.java:840)
[2025-04-30T18:31:03.845+0000] {spark_submit.py:644} INFO - Caused by: java.io.IOException: Failed to connect to spark-master/<unresolved>:7077
[2025-04-30T18:31:03.845+0000] {spark_submit.py:644} INFO - at org.apache.spark.network.client.TransportClientFactory.createClient(TransportClientFactory.java:294)
[2025-04-30T18:31:03.845+0000] {spark_submit.py:644} INFO - at org.apache.spark.network.client.TransportClientFactory.createClient(TransportClientFactory.java:214)
[2025-04-30T18:31:03.845+0000] {spark_submit.py:644} INFO - at org.apache.spark.network.client.TransportClientFactory.createClient(TransportClientFactory.java:226)
[2025-04-30T18:31:03.845+0000] {spark_submit.py:644} INFO - at org.apache.spark.rpc.netty.NettyRpcEnv.createClient(NettyRpcEnv.scala:204)
[2025-04-30T18:31:03.845+0000] {spark_submit.py:644} INFO - at org.apache.spark.rpc.netty.Outbox$$anon$1.call(Outbox.scala:202)
[2025-04-30T18:31:03.845+0000] {spark_submit.py:644} INFO - at org.apache.spark.rpc.netty.Outbox$$anon$1.call(Outbox.scala:198)
[2025-04-30T18:31:03.845+0000] {spark_submit.py:644} INFO - ... 4 more
[2025-04-30T18:31:03.846+0000] {spark_submit.py:644} INFO - Caused by: java.net.UnknownHostException: spark-master
[2025-04-30T18:31:03.846+0000] {spark_submit.py:644} INFO - at java.base/java.net.InetAddress$CachedAddresses.get(InetAddress.java:801)
[2025-04-30T18:31:03.846+0000] {spark_submit.py:644} INFO - at java.base/java.net.InetAddress.getAllByName0(InetAddress.java:1533)
[2025-04-30T18:31:03.846+0000] {spark_submit.py:644} INFO - at java.base/java.net.InetAddress.getAllByName(InetAddress.java:1385)
[2025-04-30T18:31:03.846+0000] {spark_submit.py:644} INFO - at java.base/java.net.InetAddress.getAllByName(InetAddress.java:1306)
[2025-04-30T18:31:03.846+0000] {spark_submit.py:644} INFO - at java.base/java.net.InetAddress.getByName(InetAddress.java:1256)
[2025-04-30T18:31:03.846+0000] {spark_submit.py:644} INFO - at io.netty.util.internal.SocketUtils$8.run(SocketUtils.java:156)
[2025-04-30T18:31:03.847+0000] {spark_submit.py:644} INFO - at io.netty.util.internal.SocketUtils$8.run(SocketUtils.java:153)
[2025-04-30T18:31:03.847+0000] {spark_submit.py:644} INFO - at java.base/java.security.AccessController.doPrivileged(AccessController.java:569)
[2025-04-30T18:31:03.847+0000] {spark_submit.py:644} INFO - at io.netty.util.internal.SocketUtils.addressByName(SocketUtils.java:153)
[2025-04-30T18:31:03.847+0000] {spark_submit.py:644} INFO - at io.netty.resolver.DefaultNameResolver.doResolve(DefaultNameResolver.java:41)
[2025-04-30T18:31:03.847+0000] {spark_submit.py:644} INFO - at io.netty.resolver.SimpleNameResolver.resolve(SimpleNameResolver.java:61)
[2025-04-30T18:31:03.847+0000] {spark_submit.py:644} INFO - at io.netty.resolver.SimpleNameResolver.resolve(SimpleNameResolver.java:53)
[2025-04-30T18:31:03.848+0000] {spark_submit.py:644} INFO - at io.netty.resolver.InetSocketAddressResolver.doResolve(InetSocketAddressResolver.java:55)
[2025-04-30T18:31:03.848+0000] {spark_submit.py:644} INFO - at io.netty.resolver.InetSocketAddressResolver.doResolve(InetSocketAddressResolver.java:31)
[2025-04-30T18:31:03.848+0000] {spark_submit.py:644} INFO - at io.netty.resolver.AbstractAddressResolver.resolve(AbstractAddressResolver.java:106)
[2025-04-30T18:31:03.848+0000] {spark_submit.py:644} INFO - at io.netty.bootstrap.Bootstrap.doResolveAndConnect0(Bootstrap.java:220)
[2025-04-30T18:31:03.848+0000] {spark_submit.py:644} INFO - at io.netty.bootstrap.Bootstrap.access$000(Bootstrap.java:46)
[2025-04-30T18:31:03.848+0000] {spark_submit.py:644} INFO - at io.netty.bootstrap.Bootstrap$1.operationComplete(Bootstrap.java:189)
[2025-04-30T18:31:03.848+0000] {spark_submit.py:644} INFO - at io.netty.bootstrap.Bootstrap$1.operationComplete(Bootstrap.java:175)
[2025-04-30T18:31:03.849+0000] {spark_submit.py:644} INFO - at io.netty.util.concurrent.DefaultPromise.notifyListener0(DefaultPromise.java:590)
[2025-04-30T18:31:03.849+0000] {spark_submit.py:644} INFO - at io.netty.util.concurrent.DefaultPromise.notifyListenersNow(DefaultPromise.java:557)
[2025-04-30T18:31:03.849+0000] {spark_submit.py:644} INFO - at io.netty.util.concurrent.DefaultPromise.notifyListeners(DefaultPromise.java:492)
[2025-04-30T18:31:03.849+0000] {spark_submit.py:644} INFO - at io.netty.util.concurrent.DefaultPromise.setValue0(DefaultPromise.java:636)
[2025-04-30T18:31:03.849+0000] {spark_submit.py:644} INFO - at io.netty.util.concurrent.DefaultPromise.setSuccess0(DefaultPromise.java:625)
[2025-04-30T18:31:03.849+0000] {spark_submit.py:644} INFO - at io.netty.util.concurrent.DefaultPromise.trySuccess(DefaultPromise.java:105)
[2025-04-30T18:31:03.849+0000] {spark_submit.py:644} INFO - at io.netty.channel.DefaultChannelPromise.trySuccess(DefaultChannelPromise.java:84)
[2025-04-30T18:31:03.850+0000] {spark_submit.py:644} INFO - at io.netty.channel.AbstractChannel$AbstractUnsafe.safeSetSuccess(AbstractChannel.java:990)
[2025-04-30T18:31:03.850+0000] {spark_submit.py:644} INFO - at io.netty.channel.AbstractChannel$AbstractUnsafe.register0(AbstractChannel.java:516)
[2025-04-30T18:31:03.850+0000] {spark_submit.py:644} INFO - at io.netty.channel.AbstractChannel$AbstractUnsafe.access$200(AbstractChannel.java:429)
[2025-04-30T18:31:03.851+0000] {spark_submit.py:644} INFO - at io.netty.channel.AbstractChannel$AbstractUnsafe$1.run(AbstractChannel.java:486)
[2025-04-30T18:31:03.851+0000] {spark_submit.py:644} INFO - at io.netty.util.concurrent.AbstractEventExecutor.runTask(AbstractEventExecutor.java:174)
[2025-04-30T18:31:03.851+0000] {spark_submit.py:644} INFO - at io.netty.util.concurrent.AbstractEventExecutor.safeExecute(AbstractEventExecutor.java:167)
[2025-04-30T18:31:03.851+0000] {spark_submit.py:644} INFO - at io.netty.util.concurrent.SingleThreadEventExecutor.runAllTasks(SingleThreadEventExecutor.java:470)
[2025-04-30T18:31:03.851+0000] {spark_submit.py:644} INFO - at io.netty.channel.nio.NioEventLoop.run(NioEventLoop.java:569)
[2025-04-30T18:31:03.851+0000] {spark_submit.py:644} INFO - at io.netty.util.concurrent.SingleThreadEventExecutor$4.run(SingleThreadEventExecutor.java:997)
[2025-04-30T18:31:03.851+0000] {spark_submit.py:644} INFO - at io.netty.util.internal.ThreadExecutorMap$2.run(ThreadExecutorMap.java:74)
[2025-04-30T18:31:03.852+0000] {spark_submit.py:644} INFO - at io.netty.util.concurrent.FastThreadLocalRunnable.run(FastThreadLocalRunnable.java:30)
[2025-04-30T18:31:03.852+0000] {spark_submit.py:644} INFO - ... 1 more
[2025-04-30T18:31:20.451+0000] {spark_submit.py:644} INFO - 25/04/30 18:31:20 INFO StandaloneAppClient$ClientEndpoint: Connecting to master spark://spark-master:7077...
[2025-04-30T18:31:23.772+0000] {spark_submit.py:644} INFO - 25/04/30 18:31:23 WARN TransportClientFactory: DNS resolution failed for spark-master/<unresolved>:7077 took 3319 ms
[2025-04-30T18:31:23.779+0000] {spark_submit.py:644} INFO - 25/04/30 18:31:23 WARN StandaloneAppClient$ClientEndpoint: Failed to connect to master spark-master:7077
[2025-04-30T18:31:23.780+0000] {spark_submit.py:644} INFO - org.apache.spark.SparkException: Exception thrown in awaitResult:
[2025-04-30T18:31:23.781+0000] {spark_submit.py:644} INFO - at org.apache.spark.util.SparkThreadUtils$.awaitResult(SparkThreadUtils.scala:56)
[2025-04-30T18:31:23.781+0000] {spark_submit.py:644} INFO - at org.apache.spark.util.ThreadUtils$.awaitResult(ThreadUtils.scala:310)
[2025-04-30T18:31:23.782+0000] {spark_submit.py:644} INFO - at org.apache.spark.rpc.RpcTimeout.awaitResult(RpcTimeout.scala:75)
[2025-04-30T18:31:23.782+0000] {spark_submit.py:644} INFO - at org.apache.spark.rpc.RpcEnv.setupEndpointRefByURI(RpcEnv.scala:102)
[2025-04-30T18:31:23.782+0000] {spark_submit.py:644} INFO - at org.apache.spark.rpc.RpcEnv.setupEndpointRef(RpcEnv.scala:110)
[2025-04-30T18:31:23.783+0000] {spark_submit.py:644} INFO - at org.apache.spark.deploy.client.StandaloneAppClient$ClientEndpoint$$anon$1.run(StandaloneAppClient.scala:108)
[2025-04-30T18:31:23.784+0000] {spark_submit.py:644} INFO - at java.base/java.util.concurrent.Executors$RunnableAdapter.call(Executors.java:539)
[2025-04-30T18:31:23.784+0000] {spark_submit.py:644} INFO - at java.base/java.util.concurrent.FutureTask.run(FutureTask.java:264)
[2025-04-30T18:31:23.784+0000] {spark_submit.py:644} INFO - at java.base/java.util.concurrent.ThreadPoolExecutor.runWorker(ThreadPoolExecutor.java:1136)
[2025-04-30T18:31:23.784+0000] {spark_submit.py:644} INFO - at java.base/java.util.concurrent.ThreadPoolExecutor$Worker.run(ThreadPoolExecutor.java:635)
[2025-04-30T18:31:23.785+0000] {spark_submit.py:644} INFO - at java.base/java.lang.Thread.run(Thread.java:840)
[2025-04-30T18:31:23.785+0000] {spark_submit.py:644} INFO - Caused by: java.io.IOException: Failed to connect to spark-master/<unresolved>:7077
[2025-04-30T18:31:23.785+0000] {spark_submit.py:644} INFO - at org.apache.spark.network.client.TransportClientFactory.createClient(TransportClientFactory.java:294)
[2025-04-30T18:31:23.786+0000] {spark_submit.py:644} INFO - at org.apache.spark.network.client.TransportClientFactory.createClient(TransportClientFactory.java:214)
[2025-04-30T18:31:23.786+0000] {spark_submit.py:644} INFO - at org.apache.spark.network.client.TransportClientFactory.createClient(TransportClientFactory.java:226)
[2025-04-30T18:31:23.786+0000] {spark_submit.py:644} INFO - at org.apache.spark.rpc.netty.NettyRpcEnv.createClient(NettyRpcEnv.scala:204)
[2025-04-30T18:31:23.786+0000] {spark_submit.py:644} INFO - at org.apache.spark.rpc.netty.Outbox$$anon$1.call(Outbox.scala:202)
[2025-04-30T18:31:23.787+0000] {spark_submit.py:644} INFO - at org.apache.spark.rpc.netty.Outbox$$anon$1.call(Outbox.scala:198)
[2025-04-30T18:31:23.787+0000] {spark_submit.py:644} INFO - ... 4 more
[2025-04-30T18:31:23.787+0000] {spark_submit.py:644} INFO - Caused by: java.net.UnknownHostException: spark-master
[2025-04-30T18:31:23.787+0000] {spark_submit.py:644} INFO - at java.base/java.net.InetAddress$CachedAddresses.get(InetAddress.java:801)
[2025-04-30T18:31:23.788+0000] {spark_submit.py:644} INFO - at java.base/java.net.InetAddress.getAllByName0(InetAddress.java:1533)
[2025-04-30T18:31:23.788+0000] {spark_submit.py:644} INFO - at java.base/java.net.InetAddress.getAllByName(InetAddress.java:1385)
[2025-04-30T18:31:23.788+0000] {spark_submit.py:644} INFO - at java.base/java.net.InetAddress.getAllByName(InetAddress.java:1306)
[2025-04-30T18:31:23.788+0000] {spark_submit.py:644} INFO - at java.base/java.net.InetAddress.getByName(InetAddress.java:1256)
[2025-04-30T18:31:23.788+0000] {spark_submit.py:644} INFO - at io.netty.util.internal.SocketUtils$8.run(SocketUtils.java:156)
[2025-04-30T18:31:23.788+0000] {spark_submit.py:644} INFO - at io.netty.util.internal.SocketUtils$8.run(SocketUtils.java:153)
[2025-04-30T18:31:23.788+0000] {spark_submit.py:644} INFO - at java.base/java.security.AccessController.doPrivileged(AccessController.java:569)
[2025-04-30T18:31:23.789+0000] {spark_submit.py:644} INFO - at io.netty.util.internal.SocketUtils.addressByName(SocketUtils.java:153)
[2025-04-30T18:31:23.789+0000] {spark_submit.py:644} INFO - at io.netty.resolver.DefaultNameResolver.doResolve(DefaultNameResolver.java:41)
[2025-04-30T18:31:23.789+0000] {spark_submit.py:644} INFO - at io.netty.resolver.SimpleNameResolver.resolve(SimpleNameResolver.java:61)
[2025-04-30T18:31:23.789+0000] {spark_submit.py:644} INFO - at io.netty.resolver.SimpleNameResolver.resolve(SimpleNameResolver.java:53)
[2025-04-30T18:31:23.789+0000] {spark_submit.py:644} INFO - at io.netty.resolver.InetSocketAddressResolver.doResolve(InetSocketAddressResolver.java:55)
[2025-04-30T18:31:23.790+0000] {spark_submit.py:644} INFO - at io.netty.resolver.InetSocketAddressResolver.doResolve(InetSocketAddressResolver.java:31)
[2025-04-30T18:31:23.790+0000] {spark_submit.py:644} INFO - at io.netty.resolver.AbstractAddressResolver.resolve(AbstractAddressResolver.java:106)
[2025-04-30T18:31:23.790+0000] {spark_submit.py:644} INFO - at io.netty.bootstrap.Bootstrap.doResolveAndConnect0(Bootstrap.java:220)
[2025-04-30T18:31:23.791+0000] {spark_submit.py:644} INFO - at io.netty.bootstrap.Bootstrap.access$000(Bootstrap.java:46)
[2025-04-30T18:31:23.791+0000] {spark_submit.py:644} INFO - at io.netty.bootstrap.Bootstrap$1.operationComplete(Bootstrap.java:189)
[2025-04-30T18:31:23.791+0000] {spark_submit.py:644} INFO - at io.netty.bootstrap.Bootstrap$1.operationComplete(Bootstrap.java:175)
[2025-04-30T18:31:23.791+0000] {spark_submit.py:644} INFO - at io.netty.util.concurrent.DefaultPromise.notifyListener0(DefaultPromise.java:590)
[2025-04-30T18:31:23.791+0000] {spark_submit.py:644} INFO - at io.netty.util.concurrent.DefaultPromise.notifyListenersNow(DefaultPromise.java:557)
[2025-04-30T18:31:23.791+0000] {spark_submit.py:644} INFO - at io.netty.util.concurrent.DefaultPromise.notifyListeners(DefaultPromise.java:492)
[2025-04-30T18:31:23.792+0000] {spark_submit.py:644} INFO - at io.netty.util.concurrent.DefaultPromise.setValue0(DefaultPromise.java:636)
[2025-04-30T18:31:23.792+0000] {spark_submit.py:644} INFO - at io.netty.util.concurrent.DefaultPromise.setSuccess0(DefaultPromise.java:625)
[2025-04-30T18:31:23.792+0000] {spark_submit.py:644} INFO - at io.netty.util.concurrent.DefaultPromise.trySuccess(DefaultPromise.java:105)
[2025-04-30T18:31:23.792+0000] {spark_submit.py:644} INFO - at io.netty.channel.DefaultChannelPromise.trySuccess(DefaultChannelPromise.java:84)
[2025-04-30T18:31:23.792+0000] {spark_submit.py:644} INFO - at io.netty.channel.AbstractChannel$AbstractUnsafe.safeSetSuccess(AbstractChannel.java:990)
[2025-04-30T18:31:23.792+0000] {spark_submit.py:644} INFO - at io.netty.channel.AbstractChannel$AbstractUnsafe.register0(AbstractChannel.java:516)
[2025-04-30T18:31:23.793+0000] {spark_submit.py:644} INFO - at io.netty.channel.AbstractChannel$AbstractUnsafe.access$200(AbstractChannel.java:429)
[2025-04-30T18:31:23.793+0000] {spark_submit.py:644} INFO - at io.netty.channel.AbstractChannel$AbstractUnsafe$1.run(AbstractChannel.java:486)
[2025-04-30T18:31:23.793+0000] {spark_submit.py:644} INFO - at io.netty.util.concurrent.AbstractEventExecutor.runTask(AbstractEventExecutor.java:174)
[2025-04-30T18:31:23.793+0000] {spark_submit.py:644} INFO - at io.netty.util.concurrent.AbstractEventExecutor.safeExecute(AbstractEventExecutor.java:167)
[2025-04-30T18:31:23.793+0000] {spark_submit.py:644} INFO - at io.netty.util.concurrent.SingleThreadEventExecutor.runAllTasks(SingleThreadEventExecutor.java:470)
[2025-04-30T18:31:23.793+0000] {spark_submit.py:644} INFO - at io.netty.channel.nio.NioEventLoop.run(NioEventLoop.java:569)
[2025-04-30T18:31:23.793+0000] {spark_submit.py:644} INFO - at io.netty.util.concurrent.SingleThreadEventExecutor$4.run(SingleThreadEventExecutor.java:997)
[2025-04-30T18:31:23.793+0000] {spark_submit.py:644} INFO - at io.netty.util.internal.ThreadExecutorMap$2.run(ThreadExecutorMap.java:74)
[2025-04-30T18:31:23.794+0000] {spark_submit.py:644} INFO - at io.netty.util.concurrent.FastThreadLocalRunnable.run(FastThreadLocalRunnable.java:30)
[2025-04-30T18:31:23.794+0000] {spark_submit.py:644} INFO - ... 1 more
[2025-04-30T18:31:40.448+0000] {spark_submit.py:644} INFO - 25/04/30 18:31:40 INFO StandaloneAppClient$ClientEndpoint: Connecting to master spark://spark-master:7077...
[2025-04-30T18:31:43.840+0000] {spark_submit.py:644} INFO - 25/04/30 18:31:43 WARN TransportClientFactory: DNS resolution failed for spark-master/<unresolved>:7077 took 3389 ms
[2025-04-30T18:31:43.845+0000] {spark_submit.py:644} INFO - 25/04/30 18:31:43 WARN StandaloneAppClient$ClientEndpoint: Failed to connect to master spark-master:7077
[2025-04-30T18:31:43.866+0000] {spark_submit.py:644} INFO - org.apache.spark.SparkException: Exception thrown in awaitResult:
[2025-04-30T18:31:43.868+0000] {spark_submit.py:644} INFO - at org.apache.spark.util.SparkThreadUtils$.awaitResult(SparkThreadUtils.scala:56)
[2025-04-30T18:31:43.868+0000] {spark_submit.py:644} INFO - at org.apache.spark.util.ThreadUtils$.awaitResult(ThreadUtils.scala:310)
[2025-04-30T18:31:43.868+0000] {spark_submit.py:644} INFO - at org.apache.spark.rpc.RpcTimeout.awaitResult(RpcTimeout.scala:75)
[2025-04-30T18:31:43.869+0000] {spark_submit.py:644} INFO - at org.apache.spark.rpc.RpcEnv.setupEndpointRefByURI(RpcEnv.scala:102)
[2025-04-30T18:31:43.869+0000] {spark_submit.py:644} INFO - at org.apache.spark.rpc.RpcEnv.setupEndpointRef(RpcEnv.scala:110)
[2025-04-30T18:31:43.869+0000] {spark_submit.py:644} INFO - at org.apache.spark.deploy.client.StandaloneAppClient$ClientEndpoint$$anon$1.run(StandaloneAppClient.scala:108)
[2025-04-30T18:31:43.869+0000] {spark_submit.py:644} INFO - at java.base/java.util.concurrent.Executors$RunnableAdapter.call(Executors.java:539)
[2025-04-30T18:31:43.870+0000] {spark_submit.py:644} INFO - at java.base/java.util.concurrent.FutureTask.run(FutureTask.java:264)
[2025-04-30T18:31:43.870+0000] {spark_submit.py:644} INFO - at java.base/java.util.concurrent.ThreadPoolExecutor.runWorker(ThreadPoolExecutor.java:1136)
[2025-04-30T18:31:43.870+0000] {spark_submit.py:644} INFO - at java.base/java.util.concurrent.ThreadPoolExecutor$Worker.run(ThreadPoolExecutor.java:635)
[2025-04-30T18:31:43.870+0000] {spark_submit.py:644} INFO - at java.base/java.lang.Thread.run(Thread.java:840)
[2025-04-30T18:31:43.870+0000] {spark_submit.py:644} INFO - Caused by: java.io.IOException: Failed to connect to spark-master/<unresolved>:7077
[2025-04-30T18:31:43.870+0000] {spark_submit.py:644} INFO - at org.apache.spark.network.client.TransportClientFactory.createClient(TransportClientFactory.java:294)
[2025-04-30T18:31:43.871+0000] {spark_submit.py:644} INFO - at org.apache.spark.network.client.TransportClientFactory.createClient(TransportClientFactory.java:214)
[2025-04-30T18:31:43.871+0000] {spark_submit.py:644} INFO - at org.apache.spark.network.client.TransportClientFactory.createClient(TransportClientFactory.java:226)
[2025-04-30T18:31:43.871+0000] {spark_submit.py:644} INFO - at org.apache.spark.rpc.netty.NettyRpcEnv.createClient(NettyRpcEnv.scala:204)
[2025-04-30T18:31:43.871+0000] {spark_submit.py:644} INFO - at org.apache.spark.rpc.netty.Outbox$$anon$1.call(Outbox.scala:202)
[2025-04-30T18:31:43.871+0000] {spark_submit.py:644} INFO - at org.apache.spark.rpc.netty.Outbox$$anon$1.call(Outbox.scala:198)
[2025-04-30T18:31:43.872+0000] {spark_submit.py:644} INFO - ... 4 more
[2025-04-30T18:31:43.872+0000] {spark_submit.py:644} INFO - Caused by: java.net.UnknownHostException: spark-master
[2025-04-30T18:31:43.872+0000] {spark_submit.py:644} INFO - at java.base/java.net.InetAddress$CachedAddresses.get(InetAddress.java:801)
[2025-04-30T18:31:43.872+0000] {spark_submit.py:644} INFO - at java.base/java.net.InetAddress.getAllByName0(InetAddress.java:1533)
[2025-04-30T18:31:43.872+0000] {spark_submit.py:644} INFO - at java.base/java.net.InetAddress.getAllByName(InetAddress.java:1385)
[2025-04-30T18:31:43.872+0000] {spark_submit.py:644} INFO - at java.base/java.net.InetAddress.getAllByName(InetAddress.java:1306)
[2025-04-30T18:31:43.873+0000] {spark_submit.py:644} INFO - at java.base/java.net.InetAddress.getByName(InetAddress.java:1256)
[2025-04-30T18:31:43.873+0000] {spark_submit.py:644} INFO - at io.netty.util.internal.SocketUtils$8.run(SocketUtils.java:156)
[2025-04-30T18:31:43.873+0000] {spark_submit.py:644} INFO - at io.netty.util.internal.SocketUtils$8.run(SocketUtils.java:153)
[2025-04-30T18:31:43.873+0000] {spark_submit.py:644} INFO - at java.base/java.security.AccessController.doPrivileged(AccessController.java:569)
[2025-04-30T18:31:43.873+0000] {spark_submit.py:644} INFO - at io.netty.util.internal.SocketUtils.addressByName(SocketUtils.java:153)
[2025-04-30T18:31:43.873+0000] {spark_submit.py:644} INFO - at io.netty.resolver.DefaultNameResolver.doResolve(DefaultNameResolver.java:41)
[2025-04-30T18:31:43.873+0000] {spark_submit.py:644} INFO - at io.netty.resolver.SimpleNameResolver.resolve(SimpleNameResolver.java:61)
[2025-04-30T18:31:43.874+0000] {spark_submit.py:644} INFO - at io.netty.resolver.SimpleNameResolver.resolve(SimpleNameResolver.java:53)
[2025-04-30T18:31:43.874+0000] {spark_submit.py:644} INFO - at io.netty.resolver.InetSocketAddressResolver.doResolve(InetSocketAddressResolver.java:55)
[2025-04-30T18:31:43.874+0000] {spark_submit.py:644} INFO - at io.netty.resolver.InetSocketAddressResolver.doResolve(InetSocketAddressResolver.java:31)
[2025-04-30T18:31:43.874+0000] {spark_submit.py:644} INFO - at io.netty.resolver.AbstractAddressResolver.resolve(AbstractAddressResolver.java:106)
[2025-04-30T18:31:43.874+0000] {spark_submit.py:644} INFO - at io.netty.bootstrap.Bootstrap.doResolveAndConnect0(Bootstrap.java:220)
[2025-04-30T18:31:43.875+0000] {spark_submit.py:644} INFO - at io.netty.bootstrap.Bootstrap.access$000(Bootstrap.java:46)
[2025-04-30T18:31:43.875+0000] {spark_submit.py:644} INFO - at io.netty.bootstrap.Bootstrap$1.operationComplete(Bootstrap.java:189)
[2025-04-30T18:31:43.875+0000] {spark_submit.py:644} INFO - at io.netty.bootstrap.Bootstrap$1.operationComplete(Bootstrap.java:175)
[2025-04-30T18:31:43.875+0000] {spark_submit.py:644} INFO - at io.netty.util.concurrent.DefaultPromise.notifyListener0(DefaultPromise.java:590)
[2025-04-30T18:31:43.875+0000] {spark_submit.py:644} INFO - at io.netty.util.concurrent.DefaultPromise.notifyListenersNow(DefaultPromise.java:557)
[2025-04-30T18:31:43.875+0000] {spark_submit.py:644} INFO - at io.netty.util.concurrent.DefaultPromise.notifyListeners(DefaultPromise.java:492)
[2025-04-30T18:31:43.876+0000] {spark_submit.py:644} INFO - at io.netty.util.concurrent.DefaultPromise.setValue0(DefaultPromise.java:636)
[2025-04-30T18:31:43.876+0000] {spark_submit.py:644} INFO - at io.netty.util.concurrent.DefaultPromise.setSuccess0(DefaultPromise.java:625)
[2025-04-30T18:31:43.876+0000] {spark_submit.py:644} INFO - at io.netty.util.concurrent.DefaultPromise.trySuccess(DefaultPromise.java:105)
[2025-04-30T18:31:43.876+0000] {spark_submit.py:644} INFO - at io.netty.channel.DefaultChannelPromise.trySuccess(DefaultChannelPromise.java:84)
[2025-04-30T18:31:43.876+0000] {spark_submit.py:644} INFO - at io.netty.channel.AbstractChannel$AbstractUnsafe.safeSetSuccess(AbstractChannel.java:990)
[2025-04-30T18:31:43.878+0000] {spark_submit.py:644} INFO - at io.netty.channel.AbstractChannel$AbstractUnsafe.register0(AbstractChannel.java:516)
[2025-04-30T18:31:43.878+0000] {spark_submit.py:644} INFO - at io.netty.channel.AbstractChannel$AbstractUnsafe.access$200(AbstractChannel.java:429)
[2025-04-30T18:31:43.878+0000] {spark_submit.py:644} INFO - at io.netty.channel.AbstractChannel$AbstractUnsafe$1.run(AbstractChannel.java:486)
[2025-04-30T18:31:43.878+0000] {spark_submit.py:644} INFO - at io.netty.util.concurrent.AbstractEventExecutor.runTask(AbstractEventExecutor.java:174)
[2025-04-30T18:31:43.879+0000] {spark_submit.py:644} INFO - at io.netty.util.concurrent.AbstractEventExecutor.safeExecute(AbstractEventExecutor.java:167)
[2025-04-30T18:31:43.879+0000] {spark_submit.py:644} INFO - at io.netty.util.concurrent.SingleThreadEventExecutor.runAllTasks(SingleThreadEventExecutor.java:470)
[2025-04-30T18:31:43.879+0000] {spark_submit.py:644} INFO - at io.netty.channel.nio.NioEventLoop.run(NioEventLoop.java:569)
[2025-04-30T18:31:43.879+0000] {spark_submit.py:644} INFO - at io.netty.util.concurrent.SingleThreadEventExecutor$4.run(SingleThreadEventExecutor.java:997)
[2025-04-30T18:31:43.879+0000] {spark_submit.py:644} INFO - at io.netty.util.internal.ThreadExecutorMap$2.run(ThreadExecutorMap.java:74)
[2025-04-30T18:31:43.880+0000] {spark_submit.py:644} INFO - at io.netty.util.concurrent.FastThreadLocalRunnable.run(FastThreadLocalRunnable.java:30)
[2025-04-30T18:31:43.880+0000] {spark_submit.py:644} INFO - ... 1 more
[2025-04-30T18:32:00.449+0000] {spark_submit.py:644} INFO - 25/04/30 18:32:00 ERROR StandaloneSchedulerBackend: Application has been killed. Reason: All masters are unresponsive! Giving up.
[2025-04-30T18:32:00.449+0000] {spark_submit.py:644} INFO - 25/04/30 18:32:00 WARN StandaloneSchedulerBackend: Application ID is not initialized yet.
[2025-04-30T18:32:00.458+0000] {spark_submit.py:644} INFO - 25/04/30 18:32:00 INFO Utils: Successfully started service 'org.apache.spark.network.netty.NettyBlockTransferService' on port 43137.
[2025-04-30T18:32:00.458+0000] {spark_submit.py:644} INFO - 25/04/30 18:32:00 INFO NettyBlockTransferService: Server created on 2ffb9d39fe3a:43137
[2025-04-30T18:32:00.460+0000] {spark_submit.py:644} INFO - 25/04/30 18:32:00 INFO BlockManager: Using org.apache.spark.storage.RandomBlockReplicationPolicy for block replication policy
[2025-04-30T18:32:00.466+0000] {spark_submit.py:644} INFO - 25/04/30 18:32:00 INFO BlockManagerMaster: Registering BlockManager BlockManagerId(driver, 2ffb9d39fe3a, 43137, None)
[2025-04-30T18:32:00.472+0000] {spark_submit.py:644} INFO - 25/04/30 18:32:00 INFO BlockManagerMasterEndpoint: Registering block manager 2ffb9d39fe3a:43137 with 434.4 MiB RAM, BlockManagerId(driver, 2ffb9d39fe3a, 43137, None)
[2025-04-30T18:32:00.475+0000] {spark_submit.py:644} INFO - 25/04/30 18:32:00 INFO BlockManagerMaster: Registered BlockManager BlockManagerId(driver, 2ffb9d39fe3a, 43137, None)
[2025-04-30T18:32:00.477+0000] {spark_submit.py:644} INFO - 25/04/30 18:32:00 INFO BlockManager: Initialized BlockManager: BlockManagerId(driver, 2ffb9d39fe3a, 43137, None)
[2025-04-30T18:32:00.892+0000] {spark_submit.py:644} INFO - 25/04/30 18:32:00 INFO StandaloneSchedulerBackend: SchedulerBackend is ready for scheduling beginning after reached minRegisteredResourcesRatio: 0.0
[2025-04-30T18:32:01.333+0000] {spark_submit.py:644} INFO - Traceback (most recent call last):
[2025-04-30T18:32:01.334+0000] {spark_submit.py:644} INFO - File "/opt/airflow/dags/landing_to_bronze.py", line 55, in <module>
[2025-04-30T18:32:01.334+0000] {spark_submit.py:644} INFO - main()
[2025-04-30T18:32:01.334+0000] {spark_submit.py:644} INFO - File "/opt/airflow/dags/landing_to_bronze.py", line 30, in main
[2025-04-30T18:32:01.334+0000] {spark_submit.py:644} INFO - os.makedirs(landing_dir, exist_ok=True)
[2025-04-30T18:32:01.335+0000] {spark_submit.py:644} INFO - File "/usr/local/lib/python3.10/os.py", line 215, in makedirs
[2025-04-30T18:32:01.335+0000] {spark_submit.py:644} INFO - makedirs(head, exist_ok=exist_ok)
[2025-04-30T18:32:01.335+0000] {spark_submit.py:644} INFO - File "/usr/local/lib/python3.10/os.py", line 215, in makedirs
[2025-04-30T18:32:01.335+0000] {spark_submit.py:644} INFO - makedirs(head, exist_ok=exist_ok)
[2025-04-30T18:32:01.336+0000] {spark_submit.py:644} INFO - File "/usr/local/lib/python3.10/os.py", line 215, in makedirs
[2025-04-30T18:32:01.336+0000] {spark_submit.py:644} INFO - makedirs(head, exist_ok=exist_ok)
[2025-04-30T18:32:01.336+0000] {spark_submit.py:644} INFO - File "/usr/local/lib/python3.10/os.py", line 225, in makedirs
[2025-04-30T18:32:01.336+0000] {spark_submit.py:644} INFO - mkdir(name, mode)
[2025-04-30T18:32:01.336+0000] {spark_submit.py:644} INFO - PermissionError: [Errno 13] Permission denied: '/opt/bitnami'
[2025-04-30T18:32:01.362+0000] {spark_submit.py:644} INFO - 25/04/30 18:32:01 INFO SparkContext: SparkContext is stopping with exitCode 0.
[2025-04-30T18:32:01.380+0000] {spark_submit.py:644} INFO - 25/04/30 18:32:01 INFO SparkUI: Stopped Spark web UI at http://2ffb9d39fe3a:4040
[2025-04-30T18:32:01.388+0000] {spark_submit.py:644} INFO - 25/04/30 18:32:01 INFO StandaloneSchedulerBackend: Shutting down all executors
[2025-04-30T18:32:01.395+0000] {spark_submit.py:644} INFO - 25/04/30 18:32:01 INFO StandaloneSchedulerBackend$StandaloneDriverEndpoint: Asking each executor to shut down
[2025-04-30T18:32:01.402+0000] {spark_submit.py:644} INFO - 25/04/30 18:32:01 WARN StandaloneAppClient$ClientEndpoint: Drop UnregisterApplication(null) because has not yet connected to master
[2025-04-30T18:32:01.416+0000] {spark_submit.py:644} INFO - 25/04/30 18:32:01 INFO MapOutputTrackerMasterEndpoint: MapOutputTrackerMasterEndpoint stopped!
[2025-04-30T18:32:01.419+0000] {spark_submit.py:644} INFO - 25/04/30 18:32:01 INFO DiskBlockManager: Shutdown hook called
[2025-04-30T18:32:01.436+0000] {spark_submit.py:644} INFO - 25/04/30 18:32:01 INFO ShutdownHookManager: Shutdown hook called
[2025-04-30T18:32:01.438+0000] {spark_submit.py:644} INFO - 25/04/30 18:32:01 INFO ShutdownHookManager: Deleting directory /tmp/spark-dfdfb135-222a-402f-83d2-1f25c522fe07/userFiles-4beda8ff-28de-4568-889e-bbacddbec21c
[2025-04-30T18:32:01.443+0000] {spark_submit.py:644} INFO - 25/04/30 18:32:01 INFO MemoryStore: MemoryStore cleared
[2025-04-30T18:32:01.444+0000] {spark_submit.py:644} INFO - 25/04/30 18:32:01 INFO BlockManager: BlockManager stopped
[2025-04-30T18:32:01.449+0000] {spark_submit.py:644} INFO - 25/04/30 18:32:01 INFO ShutdownHookManager: Deleting directory /tmp/spark-eab67bf9-b8a2-4691-967e-9a256b81ae00
[2025-04-30T18:32:01.455+0000] {spark_submit.py:644} INFO - 25/04/30 18:32:01 INFO BlockManagerMaster: BlockManagerMaster stopped
[2025-04-30T18:32:01.458+0000] {spark_submit.py:644} INFO - 25/04/30 18:32:01 INFO ShutdownHookManager: Deleting directory /tmp/spark-dfdfb135-222a-402f-83d2-1f25c522fe07
[2025-04-30T18:32:01.460+0000] {spark_submit.py:644} INFO - 25/04/30 18:32:01 INFO OutputCommitCoordinator$OutputCommitCoordinatorEndpoint: OutputCommitCoordinator stopped!
[2025-04-30T18:32:01.473+0000] {spark_submit.py:644} INFO - 25/04/30 18:32:01 INFO ShutdownHookManager: Deleting directory /tmp/spark-dfdfb135-222a-402f-83d2-1f25c522fe07/pyspark-19deb883-161b-4265-9907-0b4e2a97e078
[2025-04-30T18:32:01.484+0000] {spark_submit.py:644} INFO - 25/04/30 18:32:01 INFO SparkContext: Successfully stopped SparkContext
[2025-04-30T18:32:01.516+0000] {taskinstance.py:441} INFO - ::group::Post task execution logs
[2025-04-30T18:32:01.562+0000] {taskinstance.py:2905} ERROR - Task failed with exception
Traceback (most recent call last):
  File "/home/airflow/.local/lib/python3.10/site-packages/airflow/models/taskinstance.py", line 465, in _execute_task
    result = _execute_callable(context=context, **execute_callable_kwargs)
  File "/home/airflow/.local/lib/python3.10/site-packages/airflow/models/taskinstance.py", line 432, in _execute_callable
    return execute_callable(context=context, **execute_callable_kwargs)
  File "/home/airflow/.local/lib/python3.10/site-packages/airflow/models/baseoperator.py", line 400, in wrapper
    return func(self, *args, **kwargs)
  File "/home/airflow/.local/lib/python3.10/site-packages/airflow/providers/apache/spark/operators/spark_submit.py", line 197, in execute
    self._hook.submit(self.application)
  File "/home/airflow/.local/lib/python3.10/site-packages/airflow/providers/apache/spark/hooks/spark_submit.py", line 566, in submit
    raise AirflowException(
airflow.exceptions.AirflowException: Cannot execute: spark-submit --master spark://spark-master:7077 --conf spark.master=spark://spark-master:7077 --name LandingToBronze --verbose --queue root.default --deploy-mode client /opt/airflow/dags/landing_to_bronze.py. Error code is: 1.
[2025-04-30T18:32:01.566+0000] {taskinstance.py:1206} INFO - Marking task as FAILED. dag_id=final_project_BBDL, task_id=LandingToBronze, run_id=manual__2025-04-30T18:30:51.229150+00:00, execution_date=20250430T183051, start_date=20250430T183053, end_date=20250430T183201
[2025-04-30T18:32:02.228+0000] {standard_task_runner.py:110} ERROR - Failed to execute job 27 for task LandingToBronze (Cannot execute: spark-submit --master spark://spark-master:7077 --conf spark.master=spark://spark-master:7077 --name LandingToBronze --verbose --queue root.default --deploy-mode client /opt/airflow/dags/landing_to_bronze.py. Error code is: 1.; 1741)
[2025-04-30T18:32:02.267+0000] {local_task_job_runner.py:240} INFO - Task exited with return code 1
[2025-04-30T18:32:02.365+0000] {local_task_job_runner.py:222} INFO - ::endgroup::
