[2025-04-23T21:27:33.017+0000] {local_task_job_runner.py:120} INFO - ::group::Pre task execution logs
[2025-04-23T21:27:33.083+0000] {taskinstance.py:2076} INFO - Dependencies all met for dep_context=non-requeueable deps ti=<TaskInstance: final_project_BBDL.LandingToBronze manual__2025-04-23T21:27:31.390317+00:00 [queued]>
[2025-04-23T21:27:33.095+0000] {taskinstance.py:2076} INFO - Dependencies all met for dep_context=requeueable deps ti=<TaskInstance: final_project_BBDL.LandingToBronze manual__2025-04-23T21:27:31.390317+00:00 [queued]>
[2025-04-23T21:27:33.095+0000] {taskinstance.py:2306} INFO - Starting attempt 1 of 1
[2025-04-23T21:27:33.144+0000] {taskinstance.py:2330} INFO - Executing <Task(SparkSubmitOperator): LandingToBronze> on 2025-04-23 21:27:31.390317+00:00
[2025-04-23T21:27:33.148+0000] {standard_task_runner.py:63} INFO - Started process 185 to run task
[2025-04-23T21:27:33.153+0000] {standard_task_runner.py:90} INFO - Running: ['airflow', 'tasks', 'run', 'final_project_BBDL', 'LandingToBronze', 'manual__2025-04-23T21:27:31.390317+00:00', '--job-id', '13', '--raw', '--subdir', 'DAGS_FOLDER/project_solution.py', '--cfg-path', '/tmp/tmp607_jsm1']
[2025-04-23T21:27:33.155+0000] {standard_task_runner.py:91} INFO - Job 13: Subtask LandingToBronze
[2025-04-23T21:27:33.245+0000] {logging_mixin.py:188} WARNING - /home/airflow/.local/lib/python3.10/site-packages/airflow/settings.py:195 DeprecationWarning: The sql_alchemy_conn option in [core] has been moved to the sql_alchemy_conn option in [database] - the old setting has been used, but please update your config.
[2025-04-23T21:27:33.356+0000] {task_command.py:426} INFO - Running <TaskInstance: final_project_BBDL.LandingToBronze manual__2025-04-23T21:27:31.390317+00:00 [running]> on host 15b1bfa897d2
[2025-04-23T21:27:33.683+0000] {taskinstance.py:2648} INFO - Exporting env vars: AIRFLOW_CTX_DAG_OWNER='airflow' AIRFLOW_CTX_DAG_ID='final_project_BBDL' AIRFLOW_CTX_TASK_ID='LandingToBronze' AIRFLOW_CTX_EXECUTION_DATE='2025-04-23T21:27:31.390317+00:00' AIRFLOW_CTX_TRY_NUMBER='1' AIRFLOW_CTX_DAG_RUN_ID='manual__2025-04-23T21:27:31.390317+00:00'
[2025-04-23T21:27:33.686+0000] {taskinstance.py:430} INFO - ::endgroup::
[2025-04-23T21:27:33.785+0000] {spark_submit.py:305} INFO - Could not load connection string spark-default, defaulting to yarn
[2025-04-23T21:27:33.787+0000] {spark_submit.py:474} INFO - Spark-Submit cmd: spark-submit --master yarn --conf spark.master=local[*] --name arrow-spark --verbose /opt/airflow/dags/landing_to_bronze.py
[2025-04-23T21:27:33.890+0000] {spark_submit.py:644} INFO - Error: Could not find or load main class org.apache.spark.launcher.Main
[2025-04-23T21:27:33.891+0000] {spark_submit.py:644} INFO - Caused by: java.lang.ClassNotFoundException: org.apache.spark.launcher.Main
[2025-04-23T21:27:33.898+0000] {spark_submit.py:644} INFO - /opt/spark/bin/spark-class: line 97: CMD: bad array subscript
[2025-04-23T21:27:33.904+0000] {taskinstance.py:441} INFO - ::group::Post task execution logs
[2025-04-23T21:27:33.947+0000] {taskinstance.py:2905} ERROR - Task failed with exception
Traceback (most recent call last):
  File "/home/airflow/.local/lib/python3.10/site-packages/airflow/models/taskinstance.py", line 465, in _execute_task
    result = _execute_callable(context=context, **execute_callable_kwargs)
  File "/home/airflow/.local/lib/python3.10/site-packages/airflow/models/taskinstance.py", line 432, in _execute_callable
    return execute_callable(context=context, **execute_callable_kwargs)
  File "/home/airflow/.local/lib/python3.10/site-packages/airflow/models/baseoperator.py", line 400, in wrapper
    return func(self, *args, **kwargs)
  File "/home/airflow/.local/lib/python3.10/site-packages/airflow/providers/apache/spark/operators/spark_submit.py", line 197, in execute
    self._hook.submit(self.application)
  File "/home/airflow/.local/lib/python3.10/site-packages/airflow/providers/apache/spark/hooks/spark_submit.py", line 566, in submit
    raise AirflowException(
airflow.exceptions.AirflowException: Cannot execute: spark-submit --master yarn --conf spark.master=local[*] --name arrow-spark --verbose /opt/airflow/dags/landing_to_bronze.py. Error code is: 1.
[2025-04-23T21:27:33.952+0000] {taskinstance.py:1206} INFO - Marking task as FAILED. dag_id=final_project_BBDL, task_id=LandingToBronze, run_id=manual__2025-04-23T21:27:31.390317+00:00, execution_date=20250423T212731, start_date=20250423T212733, end_date=20250423T212733
[2025-04-23T21:27:33.998+0000] {standard_task_runner.py:110} ERROR - Failed to execute job 13 for task LandingToBronze (Cannot execute: spark-submit --master yarn --conf spark.master=local[*] --name arrow-spark --verbose /opt/airflow/dags/landing_to_bronze.py. Error code is: 1.; 185)
[2025-04-23T21:27:34.013+0000] {local_task_job_runner.py:240} INFO - Task exited with return code 1
[2025-04-23T21:27:34.096+0000] {taskinstance.py:3498} INFO - 0 downstream tasks scheduled from follow-on schedule check
[2025-04-23T21:27:34.133+0000] {local_task_job_runner.py:222} INFO - ::endgroup::
