[2025-05-03T15:11:52.123+0000] {local_task_job_runner.py:120} INFO - ::group::Pre task execution logs
[2025-05-03T15:11:52.189+0000] {taskinstance.py:2076} INFO - Dependencies all met for dep_context=non-requeueable deps ti=<TaskInstance: final_project_BBDL.BronzeToSilver manual__2025-05-03T15:11:31.439593+00:00 [queued]>
[2025-05-03T15:11:52.200+0000] {taskinstance.py:2076} INFO - Dependencies all met for dep_context=requeueable deps ti=<TaskInstance: final_project_BBDL.BronzeToSilver manual__2025-05-03T15:11:31.439593+00:00 [queued]>
[2025-05-03T15:11:52.200+0000] {taskinstance.py:2306} INFO - Starting attempt 1 of 1
[2025-05-03T15:11:52.296+0000] {taskinstance.py:2330} INFO - Executing <Task(SparkSubmitOperator): BronzeToSilver> on 2025-05-03 15:11:31.439593+00:00
[2025-05-03T15:11:52.310+0000] {standard_task_runner.py:63} INFO - Started process 1292 to run task
[2025-05-03T15:11:52.315+0000] {standard_task_runner.py:90} INFO - Running: ['airflow', 'tasks', 'run', 'final_project_BBDL', 'BronzeToSilver', 'manual__2025-05-03T15:11:31.439593+00:00', '--job-id', '47', '--raw', '--subdir', 'DAGS_FOLDER/project_solution.py', '--cfg-path', '/tmp/tmp4dvxbb36']
[2025-05-03T15:11:52.318+0000] {standard_task_runner.py:91} INFO - Job 47: Subtask BronzeToSilver
[2025-05-03T15:11:52.411+0000] {logging_mixin.py:188} WARNING - /home/airflow/.local/lib/python3.10/site-packages/airflow/settings.py:195 DeprecationWarning: The sql_alchemy_conn option in [core] has been moved to the sql_alchemy_conn option in [database] - the old setting has been used, but please update your config.
[2025-05-03T15:11:52.495+0000] {task_command.py:426} INFO - Running <TaskInstance: final_project_BBDL.BronzeToSilver manual__2025-05-03T15:11:31.439593+00:00 [running]> on host fc9aa3bec43b
[2025-05-03T15:11:52.729+0000] {taskinstance.py:2648} INFO - Exporting env vars: AIRFLOW_CTX_DAG_OWNER='airflow' AIRFLOW_CTX_DAG_ID='final_project_BBDL' AIRFLOW_CTX_TASK_ID='BronzeToSilver' AIRFLOW_CTX_EXECUTION_DATE='2025-05-03T15:11:31.439593+00:00' AIRFLOW_CTX_TRY_NUMBER='1' AIRFLOW_CTX_DAG_RUN_ID='manual__2025-05-03T15:11:31.439593+00:00'
[2025-05-03T15:11:52.730+0000] {taskinstance.py:430} INFO - ::endgroup::
[2025-05-03T15:11:52.783+0000] {base.py:84} INFO - Using connection ID 'spark_default' for task execution.
[2025-05-03T15:11:52.784+0000] {spark_submit.py:328} ERROR - Failed to decode base64 keytab: Invalid base64-encoded string: number of data characters (5) cannot be 1 more than a multiple of 4
[2025-05-03T15:11:52.784+0000] {spark_submit.py:305} INFO - Could not load connection string spark_default, defaulting to spark://spark-master:7077
[2025-05-03T15:11:52.785+0000] {spark_submit.py:474} INFO - Spark-Submit cmd: spark-submit --master spark://spark-master:7077 --conf spark.master=spark://spark-master:7077 --name BronzeToSilver --verbose --queue root.default --deploy-mode client /opt/airflow/dags/bronze_to_silver.py
[2025-05-03T15:11:54.034+0000] {spark_submit.py:644} INFO - Using properties file: null
[2025-05-03T15:11:54.139+0000] {spark_submit.py:644} INFO - Parsed arguments:
[2025-05-03T15:11:54.140+0000] {spark_submit.py:644} INFO - master                  spark://spark-master:7077
[2025-05-03T15:11:54.140+0000] {spark_submit.py:644} INFO - deployMode              client
[2025-05-03T15:11:54.140+0000] {spark_submit.py:644} INFO - executorMemory          null
[2025-05-03T15:11:54.140+0000] {spark_submit.py:644} INFO - executorCores           null
[2025-05-03T15:11:54.140+0000] {spark_submit.py:644} INFO - totalExecutorCores      null
[2025-05-03T15:11:54.140+0000] {spark_submit.py:644} INFO - propertiesFile          null
[2025-05-03T15:11:54.141+0000] {spark_submit.py:644} INFO - driverMemory            null
[2025-05-03T15:11:54.141+0000] {spark_submit.py:644} INFO - driverCores             null
[2025-05-03T15:11:54.141+0000] {spark_submit.py:644} INFO - driverExtraClassPath    null
[2025-05-03T15:11:54.141+0000] {spark_submit.py:644} INFO - driverExtraLibraryPath  null
[2025-05-03T15:11:54.141+0000] {spark_submit.py:644} INFO - driverExtraJavaOptions  null
[2025-05-03T15:11:54.141+0000] {spark_submit.py:644} INFO - supervise               false
[2025-05-03T15:11:54.141+0000] {spark_submit.py:644} INFO - queue                   root.default
[2025-05-03T15:11:54.141+0000] {spark_submit.py:644} INFO - numExecutors            null
[2025-05-03T15:11:54.141+0000] {spark_submit.py:644} INFO - files                   null
[2025-05-03T15:11:54.141+0000] {spark_submit.py:644} INFO - pyFiles                 null
[2025-05-03T15:11:54.141+0000] {spark_submit.py:644} INFO - archives                null
[2025-05-03T15:11:54.141+0000] {spark_submit.py:644} INFO - mainClass               null
[2025-05-03T15:11:54.141+0000] {spark_submit.py:644} INFO - primaryResource         file:/opt/airflow/dags/bronze_to_silver.py
[2025-05-03T15:11:54.142+0000] {spark_submit.py:644} INFO - name                    BronzeToSilver
[2025-05-03T15:11:54.142+0000] {spark_submit.py:644} INFO - childArgs               []
[2025-05-03T15:11:54.142+0000] {spark_submit.py:644} INFO - jars                    null
[2025-05-03T15:11:54.142+0000] {spark_submit.py:644} INFO - packages                null
[2025-05-03T15:11:54.142+0000] {spark_submit.py:644} INFO - packagesExclusions      null
[2025-05-03T15:11:54.142+0000] {spark_submit.py:644} INFO - repositories            null
[2025-05-03T15:11:54.142+0000] {spark_submit.py:644} INFO - verbose                 true
[2025-05-03T15:11:54.142+0000] {spark_submit.py:644} INFO - 
[2025-05-03T15:11:54.142+0000] {spark_submit.py:644} INFO - Spark properties used, including those specified through
[2025-05-03T15:11:54.142+0000] {spark_submit.py:644} INFO - --conf and those from the properties file null:
[2025-05-03T15:11:54.143+0000] {spark_submit.py:644} INFO - (spark.master,spark://spark-master:7077)
[2025-05-03T15:11:54.143+0000] {spark_submit.py:644} INFO - 
[2025-05-03T15:11:54.143+0000] {spark_submit.py:644} INFO - 
[2025-05-03T15:11:54.409+0000] {spark_submit.py:644} INFO - Main class:
[2025-05-03T15:11:54.410+0000] {spark_submit.py:644} INFO - org.apache.spark.deploy.PythonRunner
[2025-05-03T15:11:54.410+0000] {spark_submit.py:644} INFO - Arguments:
[2025-05-03T15:11:54.410+0000] {spark_submit.py:644} INFO - file:/opt/airflow/dags/bronze_to_silver.py
[2025-05-03T15:11:54.410+0000] {spark_submit.py:644} INFO - null
[2025-05-03T15:11:54.412+0000] {spark_submit.py:644} INFO - Spark config:
[2025-05-03T15:11:54.412+0000] {spark_submit.py:644} INFO - (spark.app.name,BronzeToSilver)
[2025-05-03T15:11:54.413+0000] {spark_submit.py:644} INFO - (spark.app.submitTime,1746285114392)
[2025-05-03T15:11:54.413+0000] {spark_submit.py:644} INFO - (spark.master,spark://spark-master:7077)
[2025-05-03T15:11:54.413+0000] {spark_submit.py:644} INFO - (spark.submit.deployMode,client)
[2025-05-03T15:11:54.413+0000] {spark_submit.py:644} INFO - (spark.submit.pyFiles,)
[2025-05-03T15:11:54.413+0000] {spark_submit.py:644} INFO - Classpath elements:
[2025-05-03T15:11:54.413+0000] {spark_submit.py:644} INFO - 
[2025-05-03T15:11:54.413+0000] {spark_submit.py:644} INFO - 
[2025-05-03T15:11:54.413+0000] {spark_submit.py:644} INFO - 
[2025-05-03T15:11:54.997+0000] {spark_submit.py:644} INFO - 25/05/03 15:11:54 INFO SparkContext: Running Spark version 3.3.0
[2025-05-03T15:11:55.056+0000] {spark_submit.py:644} INFO - 25/05/03 15:11:55 WARN NativeCodeLoader: Unable to load native-hadoop library for your platform... using builtin-java classes where applicable
[2025-05-03T15:11:55.143+0000] {spark_submit.py:644} INFO - 25/05/03 15:11:55 INFO ResourceUtils: ==============================================================
[2025-05-03T15:11:55.144+0000] {spark_submit.py:644} INFO - 25/05/03 15:11:55 INFO ResourceUtils: No custom resources configured for spark.driver.
[2025-05-03T15:11:55.144+0000] {spark_submit.py:644} INFO - 25/05/03 15:11:55 INFO ResourceUtils: ==============================================================
[2025-05-03T15:11:55.145+0000] {spark_submit.py:644} INFO - 25/05/03 15:11:55 INFO SparkContext: Submitted application: BronzeToSilver
[2025-05-03T15:11:55.165+0000] {spark_submit.py:644} INFO - 25/05/03 15:11:55 INFO ResourceProfile: Default ResourceProfile created, executor resources: Map(cores -> name: cores, amount: 1, script: , vendor: , memory -> name: memory, amount: 1024, script: , vendor: , offHeap -> name: offHeap, amount: 0, script: , vendor: ), task resources: Map(cpus -> name: cpus, amount: 1.0)
[2025-05-03T15:11:55.172+0000] {spark_submit.py:644} INFO - 25/05/03 15:11:55 INFO ResourceProfile: Limiting resource is cpu
[2025-05-03T15:11:55.174+0000] {spark_submit.py:644} INFO - 25/05/03 15:11:55 INFO ResourceProfileManager: Added ResourceProfile id: 0
[2025-05-03T15:11:55.216+0000] {spark_submit.py:644} INFO - 25/05/03 15:11:55 INFO SecurityManager: Changing view acls to: root
[2025-05-03T15:11:55.217+0000] {spark_submit.py:644} INFO - 25/05/03 15:11:55 INFO SecurityManager: Changing modify acls to: root
[2025-05-03T15:11:55.217+0000] {spark_submit.py:644} INFO - 25/05/03 15:11:55 INFO SecurityManager: Changing view acls groups to:
[2025-05-03T15:11:55.218+0000] {spark_submit.py:644} INFO - 25/05/03 15:11:55 INFO SecurityManager: Changing modify acls groups to:
[2025-05-03T15:11:55.219+0000] {spark_submit.py:644} INFO - 25/05/03 15:11:55 INFO SecurityManager: SecurityManager: authentication disabled; ui acls disabled; users  with view permissions: Set(root); groups with view permissions: Set(); users  with modify permissions: Set(root); groups with modify permissions: Set()
[2025-05-03T15:11:55.431+0000] {spark_submit.py:644} INFO - 25/05/03 15:11:55 INFO Utils: Successfully started service 'sparkDriver' on port 35331.
[2025-05-03T15:11:55.454+0000] {spark_submit.py:644} INFO - 25/05/03 15:11:55 INFO SparkEnv: Registering MapOutputTracker
[2025-05-03T15:11:55.482+0000] {spark_submit.py:644} INFO - 25/05/03 15:11:55 INFO SparkEnv: Registering BlockManagerMaster
[2025-05-03T15:11:55.496+0000] {spark_submit.py:644} INFO - 25/05/03 15:11:55 INFO BlockManagerMasterEndpoint: Using org.apache.spark.storage.DefaultTopologyMapper for getting topology information
[2025-05-03T15:11:55.496+0000] {spark_submit.py:644} INFO - 25/05/03 15:11:55 INFO BlockManagerMasterEndpoint: BlockManagerMasterEndpoint up
[2025-05-03T15:11:55.502+0000] {spark_submit.py:644} INFO - 25/05/03 15:11:55 INFO SparkEnv: Registering BlockManagerMasterHeartbeat
[2025-05-03T15:11:55.518+0000] {spark_submit.py:644} INFO - 25/05/03 15:11:55 INFO DiskBlockManager: Created local directory at /tmp/blockmgr-5efae7bb-86d8-45cf-af56-1415bf13b69b
[2025-05-03T15:11:55.534+0000] {spark_submit.py:644} INFO - 25/05/03 15:11:55 INFO MemoryStore: MemoryStore started with capacity 434.4 MiB
[2025-05-03T15:11:55.550+0000] {spark_submit.py:644} INFO - 25/05/03 15:11:55 INFO SparkEnv: Registering OutputCommitCoordinator
[2025-05-03T15:11:55.711+0000] {spark_submit.py:644} INFO - 25/05/03 15:11:55 INFO Utils: Successfully started service 'SparkUI' on port 4040.
[2025-05-03T15:11:55.831+0000] {spark_submit.py:644} INFO - 25/05/03 15:11:55 INFO StandaloneAppClient$ClientEndpoint: Connecting to master spark://spark-master:7077...
[2025-05-03T15:11:55.866+0000] {spark_submit.py:644} INFO - 25/05/03 15:11:55 INFO TransportClientFactory: Successfully created connection to spark-master/172.19.0.2:7077 after 19 ms (0 ms spent in bootstraps)
[2025-05-03T15:11:55.940+0000] {spark_submit.py:644} INFO - 25/05/03 15:11:55 INFO StandaloneSchedulerBackend: Connected to Spark cluster with app ID app-20250503151155-0003
[2025-05-03T15:11:55.943+0000] {spark_submit.py:644} INFO - 25/05/03 15:11:55 INFO StandaloneAppClient$ClientEndpoint: Executor added: app-20250503151155-0003/0 on worker-20250503145210-172.19.0.5-44931 (172.19.0.5:44931) with 2 core(s)
[2025-05-03T15:11:55.945+0000] {spark_submit.py:644} INFO - 25/05/03 15:11:55 INFO StandaloneSchedulerBackend: Granted executor ID app-20250503151155-0003/0 on hostPort 172.19.0.5:44931 with 2 core(s), 1024.0 MiB RAM
[2025-05-03T15:11:55.949+0000] {spark_submit.py:644} INFO - 25/05/03 15:11:55 INFO Utils: Successfully started service 'org.apache.spark.network.netty.NettyBlockTransferService' on port 41015.
[2025-05-03T15:11:55.950+0000] {spark_submit.py:644} INFO - 25/05/03 15:11:55 INFO NettyBlockTransferService: Server created on fc9aa3bec43b:41015
[2025-05-03T15:11:55.953+0000] {spark_submit.py:644} INFO - 25/05/03 15:11:55 INFO BlockManager: Using org.apache.spark.storage.RandomBlockReplicationPolicy for block replication policy
[2025-05-03T15:11:55.960+0000] {spark_submit.py:644} INFO - 25/05/03 15:11:55 INFO BlockManagerMaster: Registering BlockManager BlockManagerId(driver, fc9aa3bec43b, 41015, None)
[2025-05-03T15:11:55.968+0000] {spark_submit.py:644} INFO - 25/05/03 15:11:55 INFO BlockManagerMasterEndpoint: Registering block manager fc9aa3bec43b:41015 with 434.4 MiB RAM, BlockManagerId(driver, fc9aa3bec43b, 41015, None)
[2025-05-03T15:11:55.968+0000] {spark_submit.py:644} INFO - 25/05/03 15:11:55 INFO BlockManagerMaster: Registered BlockManager BlockManagerId(driver, fc9aa3bec43b, 41015, None)
[2025-05-03T15:11:55.976+0000] {spark_submit.py:644} INFO - 25/05/03 15:11:55 INFO BlockManager: Initialized BlockManager: BlockManagerId(driver, fc9aa3bec43b, 41015, None)
[2025-05-03T15:11:56.014+0000] {spark_submit.py:644} INFO - 25/05/03 15:11:56 INFO StandaloneAppClient$ClientEndpoint: Executor updated: app-20250503151155-0003/0 is now RUNNING
[2025-05-03T15:11:56.169+0000] {spark_submit.py:644} INFO - 25/05/03 15:11:56 INFO StandaloneSchedulerBackend: SchedulerBackend is ready for scheduling beginning after reached minRegisteredResourcesRatio: 0.0
[2025-05-03T15:11:56.331+0000] {spark_submit.py:644} INFO - INFO:bronze_to_silver:Читання даних з /tmp/spark_data/bronze/athlete_bio
[2025-05-03T15:11:56.393+0000] {spark_submit.py:644} INFO - 25/05/03 15:11:56 INFO SharedState: Setting hive.metastore.warehouse.dir ('null') to the value of spark.sql.warehouse.dir.
[2025-05-03T15:11:56.400+0000] {spark_submit.py:644} INFO - 25/05/03 15:11:56 INFO SharedState: Warehouse path is 'file:/opt/airflow/spark-warehouse'.
[2025-05-03T15:11:57.138+0000] {spark_submit.py:644} INFO - 25/05/03 15:11:57 INFO InMemoryFileIndex: It took 69 ms to list leaf files for 1 paths.
[2025-05-03T15:11:57.585+0000] {spark_submit.py:644} INFO - 25/05/03 15:11:57 INFO SparkContext: Starting job: load at NativeMethodAccessorImpl.java:0
[2025-05-03T15:11:57.599+0000] {spark_submit.py:644} INFO - 25/05/03 15:11:57 INFO DAGScheduler: Got job 0 (load at NativeMethodAccessorImpl.java:0) with 1 output partitions
[2025-05-03T15:11:57.600+0000] {spark_submit.py:644} INFO - 25/05/03 15:11:57 INFO DAGScheduler: Final stage: ResultStage 0 (load at NativeMethodAccessorImpl.java:0)
[2025-05-03T15:11:57.600+0000] {spark_submit.py:644} INFO - 25/05/03 15:11:57 INFO DAGScheduler: Parents of final stage: List()
[2025-05-03T15:11:57.602+0000] {spark_submit.py:644} INFO - 25/05/03 15:11:57 INFO DAGScheduler: Missing parents: List()
[2025-05-03T15:11:57.607+0000] {spark_submit.py:644} INFO - 25/05/03 15:11:57 INFO DAGScheduler: Submitting ResultStage 0 (MapPartitionsRDD[1] at load at NativeMethodAccessorImpl.java:0), which has no missing parents
[2025-05-03T15:11:57.660+0000] {spark_submit.py:644} INFO - 25/05/03 15:11:57 INFO MemoryStore: Block broadcast_0 stored as values in memory (estimated size 102.6 KiB, free 434.3 MiB)
[2025-05-03T15:11:57.686+0000] {spark_submit.py:644} INFO - 25/05/03 15:11:57 INFO MemoryStore: Block broadcast_0_piece0 stored as bytes in memory (estimated size 36.8 KiB, free 434.3 MiB)
[2025-05-03T15:11:57.691+0000] {spark_submit.py:644} INFO - 25/05/03 15:11:57 INFO BlockManagerInfo: Added broadcast_0_piece0 in memory on fc9aa3bec43b:41015 (size: 36.8 KiB, free: 434.4 MiB)
[2025-05-03T15:11:57.695+0000] {spark_submit.py:644} INFO - 25/05/03 15:11:57 INFO SparkContext: Created broadcast 0 from broadcast at DAGScheduler.scala:1513
[2025-05-03T15:11:57.711+0000] {spark_submit.py:644} INFO - 25/05/03 15:11:57 INFO DAGScheduler: Submitting 1 missing tasks from ResultStage 0 (MapPartitionsRDD[1] at load at NativeMethodAccessorImpl.java:0) (first 15 tasks are for partitions Vector(0))
[2025-05-03T15:11:57.714+0000] {spark_submit.py:644} INFO - 25/05/03 15:11:57 INFO TaskSchedulerImpl: Adding task set 0.0 with 1 tasks resource profile 0
[2025-05-03T15:11:58.827+0000] {spark_submit.py:644} INFO - 25/05/03 15:11:58 INFO CoarseGrainedSchedulerBackend$DriverEndpoint: Registered executor NettyRpcEndpointRef(spark-client://Executor) (172.19.0.5:35530) with ID 0,  ResourceProfileId 0
[2025-05-03T15:11:58.893+0000] {spark_submit.py:644} INFO - 25/05/03 15:11:58 INFO BlockManagerMasterEndpoint: Registering block manager 172.19.0.5:46851 with 366.3 MiB RAM, BlockManagerId(0, 172.19.0.5, 46851, None)
[2025-05-03T15:11:58.958+0000] {spark_submit.py:644} INFO - 25/05/03 15:11:58 INFO TaskSetManager: Starting task 0.0 in stage 0.0 (TID 0) (172.19.0.5, executor 0, partition 0, PROCESS_LOCAL, 4449 bytes) taskResourceAssignments Map()
[2025-05-03T15:11:59.207+0000] {spark_submit.py:644} INFO - 25/05/03 15:11:59 INFO BlockManagerInfo: Added broadcast_0_piece0 in memory on 172.19.0.5:46851 (size: 36.8 KiB, free: 366.3 MiB)
[2025-05-03T15:11:59.755+0000] {spark_submit.py:644} INFO - 25/05/03 15:11:59 INFO TaskSetManager: Finished task 0.0 in stage 0.0 (TID 0) in 812 ms on 172.19.0.5 (executor 0) (1/1)
[2025-05-03T15:11:59.756+0000] {spark_submit.py:644} INFO - 25/05/03 15:11:59 INFO TaskSchedulerImpl: Removed TaskSet 0.0, whose tasks have all completed, from pool
[2025-05-03T15:11:59.761+0000] {spark_submit.py:644} INFO - 25/05/03 15:11:59 INFO DAGScheduler: ResultStage 0 (load at NativeMethodAccessorImpl.java:0) finished in 2.137 s
[2025-05-03T15:11:59.763+0000] {spark_submit.py:644} INFO - 25/05/03 15:11:59 INFO DAGScheduler: Job 0 is finished. Cancelling potential speculative or zombie tasks for this job
[2025-05-03T15:11:59.764+0000] {spark_submit.py:644} INFO - 25/05/03 15:11:59 INFO TaskSchedulerImpl: Killing all running tasks in stage 0: Stage finished
[2025-05-03T15:11:59.765+0000] {spark_submit.py:644} INFO - 25/05/03 15:11:59 INFO DAGScheduler: Job 0 finished: load at NativeMethodAccessorImpl.java:0, took 2.179943 s
[2025-05-03T15:11:59.783+0000] {spark_submit.py:644} INFO - Traceback (most recent call last):
[2025-05-03T15:11:59.783+0000] {spark_submit.py:644} INFO - File "/opt/airflow/dags/bronze_to_silver.py", line 67, in <module>
[2025-05-03T15:11:59.783+0000] {spark_submit.py:644} INFO - main()
[2025-05-03T15:11:59.783+0000] {spark_submit.py:644} INFO - File "/opt/airflow/dags/bronze_to_silver.py", line 61, in main
[2025-05-03T15:11:59.784+0000] {spark_submit.py:644} INFO - process_table(spark, bronze_path, silver_path)
[2025-05-03T15:11:59.784+0000] {spark_submit.py:644} INFO - File "/opt/airflow/dags/bronze_to_silver.py", line 30, in process_table
[2025-05-03T15:11:59.784+0000] {spark_submit.py:644} INFO - df = spark.read.format("parquet").load(str(bronze_path))
[2025-05-03T15:11:59.784+0000] {spark_submit.py:644} INFO - File "/home/airflow/.local/lib/python3.10/site-packages/pyspark/python/lib/pyspark.zip/pyspark/sql/readwriter.py", line 177, in load
[2025-05-03T15:11:59.784+0000] {spark_submit.py:644} INFO - File "/home/airflow/.local/lib/python3.10/site-packages/pyspark/python/lib/py4j-0.10.9.5-src.zip/py4j/java_gateway.py", line 1321, in __call__
[2025-05-03T15:11:59.784+0000] {spark_submit.py:644} INFO - File "/home/airflow/.local/lib/python3.10/site-packages/pyspark/python/lib/pyspark.zip/pyspark/sql/utils.py", line 196, in deco
[2025-05-03T15:11:59.788+0000] {spark_submit.py:644} INFO - pyspark.sql.utils.AnalysisException: Unable to infer schema for Parquet. It must be specified manually.
[2025-05-03T15:11:59.788+0000] {spark_submit.py:644} INFO - INFO:py4j.clientserver:Closing down clientserver connection
[2025-05-03T15:11:59.821+0000] {spark_submit.py:644} INFO - 25/05/03 15:11:59 INFO SparkContext: Invoking stop() from shutdown hook
[2025-05-03T15:11:59.830+0000] {spark_submit.py:644} INFO - 25/05/03 15:11:59 INFO SparkUI: Stopped Spark web UI at http://fc9aa3bec43b:4040
[2025-05-03T15:11:59.832+0000] {spark_submit.py:644} INFO - 25/05/03 15:11:59 INFO StandaloneSchedulerBackend: Shutting down all executors
[2025-05-03T15:11:59.832+0000] {spark_submit.py:644} INFO - 25/05/03 15:11:59 INFO CoarseGrainedSchedulerBackend$DriverEndpoint: Asking each executor to shut down
[2025-05-03T15:11:59.850+0000] {spark_submit.py:644} INFO - 25/05/03 15:11:59 INFO MapOutputTrackerMasterEndpoint: MapOutputTrackerMasterEndpoint stopped!
[2025-05-03T15:11:59.866+0000] {spark_submit.py:644} INFO - 25/05/03 15:11:59 INFO MemoryStore: MemoryStore cleared
[2025-05-03T15:11:59.874+0000] {spark_submit.py:644} INFO - 25/05/03 15:11:59 INFO BlockManager: BlockManager stopped
[2025-05-03T15:11:59.875+0000] {spark_submit.py:644} INFO - 25/05/03 15:11:59 INFO BlockManagerMaster: BlockManagerMaster stopped
[2025-05-03T15:11:59.877+0000] {spark_submit.py:644} INFO - 25/05/03 15:11:59 INFO OutputCommitCoordinator$OutputCommitCoordinatorEndpoint: OutputCommitCoordinator stopped!
[2025-05-03T15:11:59.888+0000] {spark_submit.py:644} INFO - 25/05/03 15:11:59 INFO SparkContext: Successfully stopped SparkContext
[2025-05-03T15:11:59.888+0000] {spark_submit.py:644} INFO - 25/05/03 15:11:59 INFO ShutdownHookManager: Shutdown hook called
[2025-05-03T15:11:59.889+0000] {spark_submit.py:644} INFO - 25/05/03 15:11:59 INFO ShutdownHookManager: Deleting directory /tmp/spark-7bc1a960-516f-4e08-b324-121685876cf2
[2025-05-03T15:11:59.893+0000] {spark_submit.py:644} INFO - 25/05/03 15:11:59 INFO ShutdownHookManager: Deleting directory /tmp/spark-d0f18907-e0ea-4a3c-a1bb-88b11a9070f7/pyspark-00937cf5-a70a-463e-aa96-2c93c1c8a38d
[2025-05-03T15:11:59.897+0000] {spark_submit.py:644} INFO - 25/05/03 15:11:59 INFO ShutdownHookManager: Deleting directory /tmp/spark-d0f18907-e0ea-4a3c-a1bb-88b11a9070f7
[2025-05-03T15:11:59.927+0000] {taskinstance.py:441} INFO - ::group::Post task execution logs
[2025-05-03T15:11:59.965+0000] {taskinstance.py:2905} ERROR - Task failed with exception
Traceback (most recent call last):
  File "/home/airflow/.local/lib/python3.10/site-packages/airflow/models/taskinstance.py", line 465, in _execute_task
    result = _execute_callable(context=context, **execute_callable_kwargs)
  File "/home/airflow/.local/lib/python3.10/site-packages/airflow/models/taskinstance.py", line 432, in _execute_callable
    return execute_callable(context=context, **execute_callable_kwargs)
  File "/home/airflow/.local/lib/python3.10/site-packages/airflow/models/baseoperator.py", line 400, in wrapper
    return func(self, *args, **kwargs)
  File "/home/airflow/.local/lib/python3.10/site-packages/airflow/providers/apache/spark/operators/spark_submit.py", line 197, in execute
    self._hook.submit(self.application)
  File "/home/airflow/.local/lib/python3.10/site-packages/airflow/providers/apache/spark/hooks/spark_submit.py", line 566, in submit
    raise AirflowException(
airflow.exceptions.AirflowException: Cannot execute: spark-submit --master spark://spark-master:7077 --conf spark.master=spark://spark-master:7077 --name BronzeToSilver --verbose --queue root.default --deploy-mode client /opt/airflow/dags/bronze_to_silver.py. Error code is: 1.
[2025-05-03T15:11:59.968+0000] {taskinstance.py:1206} INFO - Marking task as FAILED. dag_id=final_project_BBDL, task_id=BronzeToSilver, run_id=manual__2025-05-03T15:11:31.439593+00:00, execution_date=20250503T151131, start_date=20250503T151152, end_date=20250503T151159
[2025-05-03T15:12:00.010+0000] {standard_task_runner.py:110} ERROR - Failed to execute job 47 for task BronzeToSilver (Cannot execute: spark-submit --master spark://spark-master:7077 --conf spark.master=spark://spark-master:7077 --name BronzeToSilver --verbose --queue root.default --deploy-mode client /opt/airflow/dags/bronze_to_silver.py. Error code is: 1.; 1292)
[2025-05-03T15:12:00.049+0000] {local_task_job_runner.py:240} INFO - Task exited with return code 1
[2025-05-03T15:12:00.096+0000] {taskinstance.py:3498} INFO - 0 downstream tasks scheduled from follow-on schedule check
[2025-05-03T15:12:00.146+0000] {local_task_job_runner.py:222} INFO - ::endgroup::
