[2025-04-30T14:02:05.977+0000] {local_task_job_runner.py:120} INFO - ::group::Pre task execution logs
[2025-04-30T14:02:06.048+0000] {taskinstance.py:2076} INFO - Dependencies all met for dep_context=non-requeueable deps ti=<TaskInstance: final_project_BBDL.LandingToBronze manual__2025-04-30T14:02:04.162627+00:00 [queued]>
[2025-04-30T14:02:06.058+0000] {taskinstance.py:2076} INFO - Dependencies all met for dep_context=requeueable deps ti=<TaskInstance: final_project_BBDL.LandingToBronze manual__2025-04-30T14:02:04.162627+00:00 [queued]>
[2025-04-30T14:02:06.059+0000] {taskinstance.py:2306} INFO - Starting attempt 1 of 1
[2025-04-30T14:02:06.120+0000] {taskinstance.py:2330} INFO - Executing <Task(SparkSubmitOperator): LandingToBronze> on 2025-04-30 14:02:04.162627+00:00
[2025-04-30T14:02:06.126+0000] {standard_task_runner.py:63} INFO - Started process 484 to run task
[2025-04-30T14:02:06.131+0000] {standard_task_runner.py:90} INFO - Running: ['airflow', 'tasks', 'run', 'final_project_BBDL', 'LandingToBronze', 'manual__2025-04-30T14:02:04.162627+00:00', '--job-id', '21', '--raw', '--subdir', 'DAGS_FOLDER/project_solution.py', '--cfg-path', '/tmp/tmpvlfe87_b']
[2025-04-30T14:02:06.133+0000] {standard_task_runner.py:91} INFO - Job 21: Subtask LandingToBronze
[2025-04-30T14:02:06.200+0000] {logging_mixin.py:188} WARNING - /home/airflow/.local/lib/python3.10/site-packages/airflow/settings.py:195 DeprecationWarning: The sql_alchemy_conn option in [core] has been moved to the sql_alchemy_conn option in [database] - the old setting has been used, but please update your config.
[2025-04-30T14:02:06.288+0000] {task_command.py:426} INFO - Running <TaskInstance: final_project_BBDL.LandingToBronze manual__2025-04-30T14:02:04.162627+00:00 [running]> on host 22933ff3ba35
[2025-04-30T14:02:06.495+0000] {taskinstance.py:2648} INFO - Exporting env vars: AIRFLOW_CTX_DAG_OWNER='airflow' AIRFLOW_CTX_DAG_ID='final_project_BBDL' AIRFLOW_CTX_TASK_ID='LandingToBronze' AIRFLOW_CTX_EXECUTION_DATE='2025-04-30T14:02:04.162627+00:00' AIRFLOW_CTX_TRY_NUMBER='1' AIRFLOW_CTX_DAG_RUN_ID='manual__2025-04-30T14:02:04.162627+00:00'
[2025-04-30T14:02:06.496+0000] {taskinstance.py:430} INFO - ::endgroup::
[2025-04-30T14:02:06.555+0000] {base.py:84} INFO - Using connection ID 'spark_default' for task execution.
[2025-04-30T14:02:06.556+0000] {spark_submit.py:328} ERROR - Failed to decode base64 keytab: Invalid base64-encoded string: number of data characters (5) cannot be 1 more than a multiple of 4
[2025-04-30T14:02:06.557+0000] {spark_submit.py:305} INFO - Could not load connection string spark_default, defaulting to spark://spark-master:7077
[2025-04-30T14:02:06.557+0000] {spark_submit.py:474} INFO - Spark-Submit cmd: spark-submit --master spark://spark-master:7077 --conf spark.master=spark://spark-master:7077 --name LandingToBronze --verbose --queue root.default --deploy-mode client /opt/airflow/dags/landing_to_bronze.py
[2025-04-30T14:02:08.836+0000] {spark_submit.py:644} INFO - Using properties file: null
[2025-04-30T14:02:08.942+0000] {spark_submit.py:644} INFO - Parsed arguments:
[2025-04-30T14:02:08.943+0000] {spark_submit.py:644} INFO - master                  spark://spark-master:7077
[2025-04-30T14:02:08.943+0000] {spark_submit.py:644} INFO - remote                  null
[2025-04-30T14:02:08.943+0000] {spark_submit.py:644} INFO - deployMode              client
[2025-04-30T14:02:08.943+0000] {spark_submit.py:644} INFO - executorMemory          null
[2025-04-30T14:02:08.943+0000] {spark_submit.py:644} INFO - executorCores           null
[2025-04-30T14:02:08.943+0000] {spark_submit.py:644} INFO - totalExecutorCores      null
[2025-04-30T14:02:08.944+0000] {spark_submit.py:644} INFO - propertiesFile          null
[2025-04-30T14:02:08.944+0000] {spark_submit.py:644} INFO - driverMemory            null
[2025-04-30T14:02:08.944+0000] {spark_submit.py:644} INFO - driverCores             null
[2025-04-30T14:02:08.944+0000] {spark_submit.py:644} INFO - driverExtraClassPath    null
[2025-04-30T14:02:08.944+0000] {spark_submit.py:644} INFO - driverExtraLibraryPath  null
[2025-04-30T14:02:08.944+0000] {spark_submit.py:644} INFO - driverExtraJavaOptions  null
[2025-04-30T14:02:08.944+0000] {spark_submit.py:644} INFO - supervise               false
[2025-04-30T14:02:08.944+0000] {spark_submit.py:644} INFO - queue                   root.default
[2025-04-30T14:02:08.944+0000] {spark_submit.py:644} INFO - numExecutors            null
[2025-04-30T14:02:08.944+0000] {spark_submit.py:644} INFO - files                   null
[2025-04-30T14:02:08.945+0000] {spark_submit.py:644} INFO - pyFiles                 null
[2025-04-30T14:02:08.945+0000] {spark_submit.py:644} INFO - archives                null
[2025-04-30T14:02:08.945+0000] {spark_submit.py:644} INFO - mainClass               null
[2025-04-30T14:02:08.945+0000] {spark_submit.py:644} INFO - primaryResource         file:/opt/airflow/dags/landing_to_bronze.py
[2025-04-30T14:02:08.945+0000] {spark_submit.py:644} INFO - name                    LandingToBronze
[2025-04-30T14:02:08.945+0000] {spark_submit.py:644} INFO - childArgs               []
[2025-04-30T14:02:08.945+0000] {spark_submit.py:644} INFO - jars                    null
[2025-04-30T14:02:08.945+0000] {spark_submit.py:644} INFO - packages                null
[2025-04-30T14:02:08.945+0000] {spark_submit.py:644} INFO - packagesExclusions      null
[2025-04-30T14:02:08.945+0000] {spark_submit.py:644} INFO - repositories            null
[2025-04-30T14:02:08.945+0000] {spark_submit.py:644} INFO - verbose                 true
[2025-04-30T14:02:08.946+0000] {spark_submit.py:644} INFO - 
[2025-04-30T14:02:08.946+0000] {spark_submit.py:644} INFO - Spark properties used, including those specified through
[2025-04-30T14:02:08.946+0000] {spark_submit.py:644} INFO - --conf and those from the properties file null:
[2025-04-30T14:02:08.946+0000] {spark_submit.py:644} INFO - (spark.master,spark://spark-master:7077)
[2025-04-30T14:02:08.946+0000] {spark_submit.py:644} INFO - 
[2025-04-30T14:02:08.946+0000] {spark_submit.py:644} INFO - 
[2025-04-30T14:02:09.283+0000] {spark_submit.py:644} INFO - Main class:
[2025-04-30T14:02:09.283+0000] {spark_submit.py:644} INFO - org.apache.spark.deploy.PythonRunner
[2025-04-30T14:02:09.283+0000] {spark_submit.py:644} INFO - Arguments:
[2025-04-30T14:02:09.283+0000] {spark_submit.py:644} INFO - file:/opt/airflow/dags/landing_to_bronze.py
[2025-04-30T14:02:09.283+0000] {spark_submit.py:644} INFO - null
[2025-04-30T14:02:09.285+0000] {spark_submit.py:644} INFO - Spark config:
[2025-04-30T14:02:09.286+0000] {spark_submit.py:644} INFO - (spark.app.name,LandingToBronze)
[2025-04-30T14:02:09.286+0000] {spark_submit.py:644} INFO - (spark.app.submitTime,1746021729267)
[2025-04-30T14:02:09.286+0000] {spark_submit.py:644} INFO - (spark.master,spark://spark-master:7077)
[2025-04-30T14:02:09.286+0000] {spark_submit.py:644} INFO - (spark.submit.deployMode,client)
[2025-04-30T14:02:09.286+0000] {spark_submit.py:644} INFO - (spark.submit.pyFiles,)
[2025-04-30T14:02:09.286+0000] {spark_submit.py:644} INFO - Classpath elements:
[2025-04-30T14:02:09.286+0000] {spark_submit.py:644} INFO - 
[2025-04-30T14:02:09.286+0000] {spark_submit.py:644} INFO - 
[2025-04-30T14:02:09.286+0000] {spark_submit.py:644} INFO - 
[2025-04-30T14:02:10.338+0000] {spark_submit.py:644} INFO - 25/04/30 14:02:10 INFO SparkContext: Running Spark version 3.5.5
[2025-04-30T14:02:10.340+0000] {spark_submit.py:644} INFO - 25/04/30 14:02:10 INFO SparkContext: OS info Linux, 5.15.167.4-microsoft-standard-WSL2, amd64
[2025-04-30T14:02:10.340+0000] {spark_submit.py:644} INFO - 25/04/30 14:02:10 INFO SparkContext: Java version 17.0.14
[2025-04-30T14:02:10.436+0000] {spark_submit.py:644} INFO - 25/04/30 14:02:10 WARN NativeCodeLoader: Unable to load native-hadoop library for your platform... using builtin-java classes where applicable
[2025-04-30T14:02:10.554+0000] {spark_submit.py:644} INFO - 25/04/30 14:02:10 INFO ResourceUtils: ==============================================================
[2025-04-30T14:02:10.555+0000] {spark_submit.py:644} INFO - 25/04/30 14:02:10 INFO ResourceUtils: No custom resources configured for spark.driver.
[2025-04-30T14:02:10.555+0000] {spark_submit.py:644} INFO - 25/04/30 14:02:10 INFO ResourceUtils: ==============================================================
[2025-04-30T14:02:10.556+0000] {spark_submit.py:644} INFO - 25/04/30 14:02:10 INFO SparkContext: Submitted application: LandingToBronze
[2025-04-30T14:02:10.577+0000] {spark_submit.py:644} INFO - 25/04/30 14:02:10 INFO ResourceProfile: Default ResourceProfile created, executor resources: Map(memory -> name: memory, amount: 1024, script: , vendor: , offHeap -> name: offHeap, amount: 0, script: , vendor: ), task resources: Map(cpus -> name: cpus, amount: 1.0)
[2025-04-30T14:02:10.584+0000] {spark_submit.py:644} INFO - 25/04/30 14:02:10 INFO ResourceProfile: Limiting resource is cpu
[2025-04-30T14:02:10.585+0000] {spark_submit.py:644} INFO - 25/04/30 14:02:10 INFO ResourceProfileManager: Added ResourceProfile id: 0
[2025-04-30T14:02:10.650+0000] {spark_submit.py:644} INFO - 25/04/30 14:02:10 INFO SecurityManager: Changing view acls to: airflow
[2025-04-30T14:02:10.651+0000] {spark_submit.py:644} INFO - 25/04/30 14:02:10 INFO SecurityManager: Changing modify acls to: airflow
[2025-04-30T14:02:10.651+0000] {spark_submit.py:644} INFO - 25/04/30 14:02:10 INFO SecurityManager: Changing view acls groups to:
[2025-04-30T14:02:10.652+0000] {spark_submit.py:644} INFO - 25/04/30 14:02:10 INFO SecurityManager: Changing modify acls groups to:
[2025-04-30T14:02:10.652+0000] {spark_submit.py:644} INFO - 25/04/30 14:02:10 INFO SecurityManager: SecurityManager: authentication disabled; ui acls disabled; users with view permissions: airflow; groups with view permissions: EMPTY; users with modify permissions: airflow; groups with modify permissions: EMPTY
[2025-04-30T14:02:10.924+0000] {spark_submit.py:644} INFO - 25/04/30 14:02:10 INFO Utils: Successfully started service 'sparkDriver' on port 40065.
[2025-04-30T14:02:10.970+0000] {spark_submit.py:644} INFO - 25/04/30 14:02:10 INFO SparkEnv: Registering MapOutputTracker
[2025-04-30T14:02:11.017+0000] {spark_submit.py:644} INFO - 25/04/30 14:02:11 INFO SparkEnv: Registering BlockManagerMaster
[2025-04-30T14:02:11.059+0000] {spark_submit.py:644} INFO - 25/04/30 14:02:11 INFO BlockManagerMasterEndpoint: Using org.apache.spark.storage.DefaultTopologyMapper for getting topology information
[2025-04-30T14:02:11.061+0000] {spark_submit.py:644} INFO - 25/04/30 14:02:11 INFO BlockManagerMasterEndpoint: BlockManagerMasterEndpoint up
[2025-04-30T14:02:11.068+0000] {spark_submit.py:644} INFO - 25/04/30 14:02:11 INFO SparkEnv: Registering BlockManagerMasterHeartbeat
[2025-04-30T14:02:11.104+0000] {spark_submit.py:644} INFO - 25/04/30 14:02:11 INFO DiskBlockManager: Created local directory at /tmp/blockmgr-799a0871-5ee6-4da8-bb2a-68f9f066679b
[2025-04-30T14:02:11.123+0000] {spark_submit.py:644} INFO - 25/04/30 14:02:11 INFO MemoryStore: MemoryStore started with capacity 434.4 MiB
[2025-04-30T14:02:11.140+0000] {spark_submit.py:644} INFO - 25/04/30 14:02:11 INFO SparkEnv: Registering OutputCommitCoordinator
[2025-04-30T14:02:11.340+0000] {spark_submit.py:644} INFO - 25/04/30 14:02:11 INFO JettyUtils: Start Jetty 0.0.0.0:4040 for SparkUI
[2025-04-30T14:02:11.415+0000] {spark_submit.py:644} INFO - 25/04/30 14:02:11 INFO Utils: Successfully started service 'SparkUI' on port 4040.
[2025-04-30T14:02:11.555+0000] {spark_submit.py:644} INFO - 25/04/30 14:02:11 INFO StandaloneAppClient$ClientEndpoint: Connecting to master spark://spark-master:7077...
[2025-04-30T14:02:14.923+0000] {spark_submit.py:644} INFO - 25/04/30 14:02:14 WARN TransportClientFactory: DNS resolution failed for spark-master/<unresolved>:7077 took 3344 ms
[2025-04-30T14:02:14.955+0000] {spark_submit.py:644} INFO - 25/04/30 14:02:14 WARN StandaloneAppClient$ClientEndpoint: Failed to connect to master spark-master:7077
[2025-04-30T14:02:14.955+0000] {spark_submit.py:644} INFO - org.apache.spark.SparkException: Exception thrown in awaitResult:
[2025-04-30T14:02:14.955+0000] {spark_submit.py:644} INFO - at org.apache.spark.util.SparkThreadUtils$.awaitResult(SparkThreadUtils.scala:56)
[2025-04-30T14:02:14.955+0000] {spark_submit.py:644} INFO - at org.apache.spark.util.ThreadUtils$.awaitResult(ThreadUtils.scala:310)
[2025-04-30T14:02:14.956+0000] {spark_submit.py:644} INFO - at org.apache.spark.rpc.RpcTimeout.awaitResult(RpcTimeout.scala:75)
[2025-04-30T14:02:14.956+0000] {spark_submit.py:644} INFO - at org.apache.spark.rpc.RpcEnv.setupEndpointRefByURI(RpcEnv.scala:102)
[2025-04-30T14:02:14.956+0000] {spark_submit.py:644} INFO - at org.apache.spark.rpc.RpcEnv.setupEndpointRef(RpcEnv.scala:110)
[2025-04-30T14:02:14.956+0000] {spark_submit.py:644} INFO - at org.apache.spark.deploy.client.StandaloneAppClient$ClientEndpoint$$anon$1.run(StandaloneAppClient.scala:108)
[2025-04-30T14:02:14.956+0000] {spark_submit.py:644} INFO - at java.base/java.util.concurrent.Executors$RunnableAdapter.call(Executors.java:539)
[2025-04-30T14:02:14.956+0000] {spark_submit.py:644} INFO - at java.base/java.util.concurrent.FutureTask.run(FutureTask.java:264)
[2025-04-30T14:02:14.956+0000] {spark_submit.py:644} INFO - at java.base/java.util.concurrent.ThreadPoolExecutor.runWorker(ThreadPoolExecutor.java:1136)
[2025-04-30T14:02:14.956+0000] {spark_submit.py:644} INFO - at java.base/java.util.concurrent.ThreadPoolExecutor$Worker.run(ThreadPoolExecutor.java:635)
[2025-04-30T14:02:14.956+0000] {spark_submit.py:644} INFO - at java.base/java.lang.Thread.run(Thread.java:840)
[2025-04-30T14:02:14.956+0000] {spark_submit.py:644} INFO - Caused by: java.io.IOException: Failed to connect to spark-master/<unresolved>:7077
[2025-04-30T14:02:14.957+0000] {spark_submit.py:644} INFO - at org.apache.spark.network.client.TransportClientFactory.createClient(TransportClientFactory.java:294)
[2025-04-30T14:02:14.957+0000] {spark_submit.py:644} INFO - at org.apache.spark.network.client.TransportClientFactory.createClient(TransportClientFactory.java:214)
[2025-04-30T14:02:14.957+0000] {spark_submit.py:644} INFO - at org.apache.spark.network.client.TransportClientFactory.createClient(TransportClientFactory.java:226)
[2025-04-30T14:02:14.957+0000] {spark_submit.py:644} INFO - at org.apache.spark.rpc.netty.NettyRpcEnv.createClient(NettyRpcEnv.scala:204)
[2025-04-30T14:02:14.957+0000] {spark_submit.py:644} INFO - at org.apache.spark.rpc.netty.Outbox$$anon$1.call(Outbox.scala:202)
[2025-04-30T14:02:14.957+0000] {spark_submit.py:644} INFO - at org.apache.spark.rpc.netty.Outbox$$anon$1.call(Outbox.scala:198)
[2025-04-30T14:02:14.957+0000] {spark_submit.py:644} INFO - ... 4 more
[2025-04-30T14:02:14.957+0000] {spark_submit.py:644} INFO - Caused by: java.net.UnknownHostException: spark-master
[2025-04-30T14:02:14.957+0000] {spark_submit.py:644} INFO - at java.base/java.net.InetAddress$CachedAddresses.get(InetAddress.java:801)
[2025-04-30T14:02:14.957+0000] {spark_submit.py:644} INFO - at java.base/java.net.InetAddress.getAllByName0(InetAddress.java:1533)
[2025-04-30T14:02:14.957+0000] {spark_submit.py:644} INFO - at java.base/java.net.InetAddress.getAllByName(InetAddress.java:1385)
[2025-04-30T14:02:14.958+0000] {spark_submit.py:644} INFO - at java.base/java.net.InetAddress.getAllByName(InetAddress.java:1306)
[2025-04-30T14:02:14.958+0000] {spark_submit.py:644} INFO - at java.base/java.net.InetAddress.getByName(InetAddress.java:1256)
[2025-04-30T14:02:14.958+0000] {spark_submit.py:644} INFO - at io.netty.util.internal.SocketUtils$8.run(SocketUtils.java:156)
[2025-04-30T14:02:14.958+0000] {spark_submit.py:644} INFO - at io.netty.util.internal.SocketUtils$8.run(SocketUtils.java:153)
[2025-04-30T14:02:14.958+0000] {spark_submit.py:644} INFO - at java.base/java.security.AccessController.doPrivileged(AccessController.java:569)
[2025-04-30T14:02:14.958+0000] {spark_submit.py:644} INFO - at io.netty.util.internal.SocketUtils.addressByName(SocketUtils.java:153)
[2025-04-30T14:02:14.958+0000] {spark_submit.py:644} INFO - at io.netty.resolver.DefaultNameResolver.doResolve(DefaultNameResolver.java:41)
[2025-04-30T14:02:14.958+0000] {spark_submit.py:644} INFO - at io.netty.resolver.SimpleNameResolver.resolve(SimpleNameResolver.java:61)
[2025-04-30T14:02:14.958+0000] {spark_submit.py:644} INFO - at io.netty.resolver.SimpleNameResolver.resolve(SimpleNameResolver.java:53)
[2025-04-30T14:02:14.958+0000] {spark_submit.py:644} INFO - at io.netty.resolver.InetSocketAddressResolver.doResolve(InetSocketAddressResolver.java:55)
[2025-04-30T14:02:14.958+0000] {spark_submit.py:644} INFO - at io.netty.resolver.InetSocketAddressResolver.doResolve(InetSocketAddressResolver.java:31)
[2025-04-30T14:02:14.958+0000] {spark_submit.py:644} INFO - at io.netty.resolver.AbstractAddressResolver.resolve(AbstractAddressResolver.java:106)
[2025-04-30T14:02:14.958+0000] {spark_submit.py:644} INFO - at io.netty.bootstrap.Bootstrap.doResolveAndConnect0(Bootstrap.java:220)
[2025-04-30T14:02:14.959+0000] {spark_submit.py:644} INFO - at io.netty.bootstrap.Bootstrap.access$000(Bootstrap.java:46)
[2025-04-30T14:02:14.959+0000] {spark_submit.py:644} INFO - at io.netty.bootstrap.Bootstrap$1.operationComplete(Bootstrap.java:189)
[2025-04-30T14:02:14.959+0000] {spark_submit.py:644} INFO - at io.netty.bootstrap.Bootstrap$1.operationComplete(Bootstrap.java:175)
[2025-04-30T14:02:14.959+0000] {spark_submit.py:644} INFO - at io.netty.util.concurrent.DefaultPromise.notifyListener0(DefaultPromise.java:590)
[2025-04-30T14:02:14.959+0000] {spark_submit.py:644} INFO - at io.netty.util.concurrent.DefaultPromise.notifyListenersNow(DefaultPromise.java:557)
[2025-04-30T14:02:14.959+0000] {spark_submit.py:644} INFO - at io.netty.util.concurrent.DefaultPromise.notifyListeners(DefaultPromise.java:492)
[2025-04-30T14:02:14.959+0000] {spark_submit.py:644} INFO - at io.netty.util.concurrent.DefaultPromise.setValue0(DefaultPromise.java:636)
[2025-04-30T14:02:14.959+0000] {spark_submit.py:644} INFO - at io.netty.util.concurrent.DefaultPromise.setSuccess0(DefaultPromise.java:625)
[2025-04-30T14:02:14.959+0000] {spark_submit.py:644} INFO - at io.netty.util.concurrent.DefaultPromise.trySuccess(DefaultPromise.java:105)
[2025-04-30T14:02:14.959+0000] {spark_submit.py:644} INFO - at io.netty.channel.DefaultChannelPromise.trySuccess(DefaultChannelPromise.java:84)
[2025-04-30T14:02:14.959+0000] {spark_submit.py:644} INFO - at io.netty.channel.AbstractChannel$AbstractUnsafe.safeSetSuccess(AbstractChannel.java:990)
[2025-04-30T14:02:14.959+0000] {spark_submit.py:644} INFO - at io.netty.channel.AbstractChannel$AbstractUnsafe.register0(AbstractChannel.java:516)
[2025-04-30T14:02:14.959+0000] {spark_submit.py:644} INFO - at io.netty.channel.AbstractChannel$AbstractUnsafe.access$200(AbstractChannel.java:429)
[2025-04-30T14:02:14.960+0000] {spark_submit.py:644} INFO - at io.netty.channel.AbstractChannel$AbstractUnsafe$1.run(AbstractChannel.java:486)
[2025-04-30T14:02:14.960+0000] {spark_submit.py:644} INFO - at io.netty.util.concurrent.AbstractEventExecutor.runTask(AbstractEventExecutor.java:174)
[2025-04-30T14:02:14.960+0000] {spark_submit.py:644} INFO - at io.netty.util.concurrent.AbstractEventExecutor.safeExecute(AbstractEventExecutor.java:167)
[2025-04-30T14:02:14.960+0000] {spark_submit.py:644} INFO - at io.netty.util.concurrent.SingleThreadEventExecutor.runAllTasks(SingleThreadEventExecutor.java:470)
[2025-04-30T14:02:14.960+0000] {spark_submit.py:644} INFO - at io.netty.channel.nio.NioEventLoop.run(NioEventLoop.java:569)
[2025-04-30T14:02:14.960+0000] {spark_submit.py:644} INFO - at io.netty.util.concurrent.SingleThreadEventExecutor$4.run(SingleThreadEventExecutor.java:997)
[2025-04-30T14:02:14.960+0000] {spark_submit.py:644} INFO - at io.netty.util.internal.ThreadExecutorMap$2.run(ThreadExecutorMap.java:74)
[2025-04-30T14:02:14.960+0000] {spark_submit.py:644} INFO - at io.netty.util.concurrent.FastThreadLocalRunnable.run(FastThreadLocalRunnable.java:30)
[2025-04-30T14:02:14.960+0000] {spark_submit.py:644} INFO - ... 1 more
[2025-04-30T14:02:31.554+0000] {spark_submit.py:644} INFO - 25/04/30 14:02:31 INFO StandaloneAppClient$ClientEndpoint: Connecting to master spark://spark-master:7077...
[2025-04-30T14:02:34.878+0000] {spark_submit.py:644} INFO - 25/04/30 14:02:34 WARN TransportClientFactory: DNS resolution failed for spark-master/<unresolved>:7077 took 3322 ms
[2025-04-30T14:02:34.883+0000] {spark_submit.py:644} INFO - 25/04/30 14:02:34 WARN StandaloneAppClient$ClientEndpoint: Failed to connect to master spark-master:7077
[2025-04-30T14:02:34.883+0000] {spark_submit.py:644} INFO - org.apache.spark.SparkException: Exception thrown in awaitResult:
[2025-04-30T14:02:34.883+0000] {spark_submit.py:644} INFO - at org.apache.spark.util.SparkThreadUtils$.awaitResult(SparkThreadUtils.scala:56)
[2025-04-30T14:02:34.883+0000] {spark_submit.py:644} INFO - at org.apache.spark.util.ThreadUtils$.awaitResult(ThreadUtils.scala:310)
[2025-04-30T14:02:34.883+0000] {spark_submit.py:644} INFO - at org.apache.spark.rpc.RpcTimeout.awaitResult(RpcTimeout.scala:75)
[2025-04-30T14:02:34.884+0000] {spark_submit.py:644} INFO - at org.apache.spark.rpc.RpcEnv.setupEndpointRefByURI(RpcEnv.scala:102)
[2025-04-30T14:02:34.884+0000] {spark_submit.py:644} INFO - at org.apache.spark.rpc.RpcEnv.setupEndpointRef(RpcEnv.scala:110)
[2025-04-30T14:02:34.884+0000] {spark_submit.py:644} INFO - at org.apache.spark.deploy.client.StandaloneAppClient$ClientEndpoint$$anon$1.run(StandaloneAppClient.scala:108)
[2025-04-30T14:02:34.884+0000] {spark_submit.py:644} INFO - at java.base/java.util.concurrent.Executors$RunnableAdapter.call(Executors.java:539)
[2025-04-30T14:02:34.884+0000] {spark_submit.py:644} INFO - at java.base/java.util.concurrent.FutureTask.run(FutureTask.java:264)
[2025-04-30T14:02:34.884+0000] {spark_submit.py:644} INFO - at java.base/java.util.concurrent.ThreadPoolExecutor.runWorker(ThreadPoolExecutor.java:1136)
[2025-04-30T14:02:34.884+0000] {spark_submit.py:644} INFO - at java.base/java.util.concurrent.ThreadPoolExecutor$Worker.run(ThreadPoolExecutor.java:635)
[2025-04-30T14:02:34.884+0000] {spark_submit.py:644} INFO - at java.base/java.lang.Thread.run(Thread.java:840)
[2025-04-30T14:02:34.884+0000] {spark_submit.py:644} INFO - Caused by: java.io.IOException: Failed to connect to spark-master/<unresolved>:7077
[2025-04-30T14:02:34.884+0000] {spark_submit.py:644} INFO - at org.apache.spark.network.client.TransportClientFactory.createClient(TransportClientFactory.java:294)
[2025-04-30T14:02:34.884+0000] {spark_submit.py:644} INFO - at org.apache.spark.network.client.TransportClientFactory.createClient(TransportClientFactory.java:214)
[2025-04-30T14:02:34.885+0000] {spark_submit.py:644} INFO - at org.apache.spark.network.client.TransportClientFactory.createClient(TransportClientFactory.java:226)
[2025-04-30T14:02:34.885+0000] {spark_submit.py:644} INFO - at org.apache.spark.rpc.netty.NettyRpcEnv.createClient(NettyRpcEnv.scala:204)
[2025-04-30T14:02:34.885+0000] {spark_submit.py:644} INFO - at org.apache.spark.rpc.netty.Outbox$$anon$1.call(Outbox.scala:202)
[2025-04-30T14:02:34.885+0000] {spark_submit.py:644} INFO - at org.apache.spark.rpc.netty.Outbox$$anon$1.call(Outbox.scala:198)
[2025-04-30T14:02:34.885+0000] {spark_submit.py:644} INFO - ... 4 more
[2025-04-30T14:02:34.885+0000] {spark_submit.py:644} INFO - Caused by: java.net.UnknownHostException: spark-master
[2025-04-30T14:02:34.885+0000] {spark_submit.py:644} INFO - at java.base/java.net.InetAddress$CachedAddresses.get(InetAddress.java:801)
[2025-04-30T14:02:34.885+0000] {spark_submit.py:644} INFO - at java.base/java.net.InetAddress.getAllByName0(InetAddress.java:1533)
[2025-04-30T14:02:34.885+0000] {spark_submit.py:644} INFO - at java.base/java.net.InetAddress.getAllByName(InetAddress.java:1385)
[2025-04-30T14:02:34.885+0000] {spark_submit.py:644} INFO - at java.base/java.net.InetAddress.getAllByName(InetAddress.java:1306)
[2025-04-30T14:02:34.886+0000] {spark_submit.py:644} INFO - at java.base/java.net.InetAddress.getByName(InetAddress.java:1256)
[2025-04-30T14:02:34.886+0000] {spark_submit.py:644} INFO - at io.netty.util.internal.SocketUtils$8.run(SocketUtils.java:156)
[2025-04-30T14:02:34.886+0000] {spark_submit.py:644} INFO - at io.netty.util.internal.SocketUtils$8.run(SocketUtils.java:153)
[2025-04-30T14:02:34.886+0000] {spark_submit.py:644} INFO - at java.base/java.security.AccessController.doPrivileged(AccessController.java:569)
[2025-04-30T14:02:34.886+0000] {spark_submit.py:644} INFO - at io.netty.util.internal.SocketUtils.addressByName(SocketUtils.java:153)
[2025-04-30T14:02:34.886+0000] {spark_submit.py:644} INFO - at io.netty.resolver.DefaultNameResolver.doResolve(DefaultNameResolver.java:41)
[2025-04-30T14:02:34.886+0000] {spark_submit.py:644} INFO - at io.netty.resolver.SimpleNameResolver.resolve(SimpleNameResolver.java:61)
[2025-04-30T14:02:34.886+0000] {spark_submit.py:644} INFO - at io.netty.resolver.SimpleNameResolver.resolve(SimpleNameResolver.java:53)
[2025-04-30T14:02:34.886+0000] {spark_submit.py:644} INFO - at io.netty.resolver.InetSocketAddressResolver.doResolve(InetSocketAddressResolver.java:55)
[2025-04-30T14:02:34.886+0000] {spark_submit.py:644} INFO - at io.netty.resolver.InetSocketAddressResolver.doResolve(InetSocketAddressResolver.java:31)
[2025-04-30T14:02:34.886+0000] {spark_submit.py:644} INFO - at io.netty.resolver.AbstractAddressResolver.resolve(AbstractAddressResolver.java:106)
[2025-04-30T14:02:34.886+0000] {spark_submit.py:644} INFO - at io.netty.bootstrap.Bootstrap.doResolveAndConnect0(Bootstrap.java:220)
[2025-04-30T14:02:34.887+0000] {spark_submit.py:644} INFO - at io.netty.bootstrap.Bootstrap.access$000(Bootstrap.java:46)
[2025-04-30T14:02:34.887+0000] {spark_submit.py:644} INFO - at io.netty.bootstrap.Bootstrap$1.operationComplete(Bootstrap.java:189)
[2025-04-30T14:02:34.887+0000] {spark_submit.py:644} INFO - at io.netty.bootstrap.Bootstrap$1.operationComplete(Bootstrap.java:175)
[2025-04-30T14:02:34.887+0000] {spark_submit.py:644} INFO - at io.netty.util.concurrent.DefaultPromise.notifyListener0(DefaultPromise.java:590)
[2025-04-30T14:02:34.887+0000] {spark_submit.py:644} INFO - at io.netty.util.concurrent.DefaultPromise.notifyListenersNow(DefaultPromise.java:557)
[2025-04-30T14:02:34.887+0000] {spark_submit.py:644} INFO - at io.netty.util.concurrent.DefaultPromise.notifyListeners(DefaultPromise.java:492)
[2025-04-30T14:02:34.887+0000] {spark_submit.py:644} INFO - at io.netty.util.concurrent.DefaultPromise.setValue0(DefaultPromise.java:636)
[2025-04-30T14:02:34.887+0000] {spark_submit.py:644} INFO - at io.netty.util.concurrent.DefaultPromise.setSuccess0(DefaultPromise.java:625)
[2025-04-30T14:02:34.887+0000] {spark_submit.py:644} INFO - at io.netty.util.concurrent.DefaultPromise.trySuccess(DefaultPromise.java:105)
[2025-04-30T14:02:34.888+0000] {spark_submit.py:644} INFO - at io.netty.channel.DefaultChannelPromise.trySuccess(DefaultChannelPromise.java:84)
[2025-04-30T14:02:34.888+0000] {spark_submit.py:644} INFO - at io.netty.channel.AbstractChannel$AbstractUnsafe.safeSetSuccess(AbstractChannel.java:990)
[2025-04-30T14:02:34.888+0000] {spark_submit.py:644} INFO - at io.netty.channel.AbstractChannel$AbstractUnsafe.register0(AbstractChannel.java:516)
[2025-04-30T14:02:34.888+0000] {spark_submit.py:644} INFO - at io.netty.channel.AbstractChannel$AbstractUnsafe.access$200(AbstractChannel.java:429)
[2025-04-30T14:02:34.888+0000] {spark_submit.py:644} INFO - at io.netty.channel.AbstractChannel$AbstractUnsafe$1.run(AbstractChannel.java:486)
[2025-04-30T14:02:34.888+0000] {spark_submit.py:644} INFO - at io.netty.util.concurrent.AbstractEventExecutor.runTask(AbstractEventExecutor.java:174)
[2025-04-30T14:02:34.888+0000] {spark_submit.py:644} INFO - at io.netty.util.concurrent.AbstractEventExecutor.safeExecute(AbstractEventExecutor.java:167)
[2025-04-30T14:02:34.888+0000] {spark_submit.py:644} INFO - at io.netty.util.concurrent.SingleThreadEventExecutor.runAllTasks(SingleThreadEventExecutor.java:470)
[2025-04-30T14:02:34.888+0000] {spark_submit.py:644} INFO - at io.netty.channel.nio.NioEventLoop.run(NioEventLoop.java:569)
[2025-04-30T14:02:34.888+0000] {spark_submit.py:644} INFO - at io.netty.util.concurrent.SingleThreadEventExecutor$4.run(SingleThreadEventExecutor.java:997)
[2025-04-30T14:02:34.888+0000] {spark_submit.py:644} INFO - at io.netty.util.internal.ThreadExecutorMap$2.run(ThreadExecutorMap.java:74)
[2025-04-30T14:02:34.888+0000] {spark_submit.py:644} INFO - at io.netty.util.concurrent.FastThreadLocalRunnable.run(FastThreadLocalRunnable.java:30)
[2025-04-30T14:02:34.889+0000] {spark_submit.py:644} INFO - ... 1 more
[2025-04-30T14:02:51.554+0000] {spark_submit.py:644} INFO - 25/04/30 14:02:51 INFO StandaloneAppClient$ClientEndpoint: Connecting to master spark://spark-master:7077...
[2025-04-30T14:02:54.873+0000] {spark_submit.py:644} INFO - 25/04/30 14:02:54 WARN TransportClientFactory: DNS resolution failed for spark-master/<unresolved>:7077 took 3316 ms
[2025-04-30T14:02:54.878+0000] {spark_submit.py:644} INFO - 25/04/30 14:02:54 WARN StandaloneAppClient$ClientEndpoint: Failed to connect to master spark-master:7077
[2025-04-30T14:02:54.878+0000] {spark_submit.py:644} INFO - org.apache.spark.SparkException: Exception thrown in awaitResult:
[2025-04-30T14:02:54.879+0000] {spark_submit.py:644} INFO - at org.apache.spark.util.SparkThreadUtils$.awaitResult(SparkThreadUtils.scala:56)
[2025-04-30T14:02:54.879+0000] {spark_submit.py:644} INFO - at org.apache.spark.util.ThreadUtils$.awaitResult(ThreadUtils.scala:310)
[2025-04-30T14:02:54.879+0000] {spark_submit.py:644} INFO - at org.apache.spark.rpc.RpcTimeout.awaitResult(RpcTimeout.scala:75)
[2025-04-30T14:02:54.879+0000] {spark_submit.py:644} INFO - at org.apache.spark.rpc.RpcEnv.setupEndpointRefByURI(RpcEnv.scala:102)
[2025-04-30T14:02:54.879+0000] {spark_submit.py:644} INFO - at org.apache.spark.rpc.RpcEnv.setupEndpointRef(RpcEnv.scala:110)
[2025-04-30T14:02:54.879+0000] {spark_submit.py:644} INFO - at org.apache.spark.deploy.client.StandaloneAppClient$ClientEndpoint$$anon$1.run(StandaloneAppClient.scala:108)
[2025-04-30T14:02:54.879+0000] {spark_submit.py:644} INFO - at java.base/java.util.concurrent.Executors$RunnableAdapter.call(Executors.java:539)
[2025-04-30T14:02:54.879+0000] {spark_submit.py:644} INFO - at java.base/java.util.concurrent.FutureTask.run(FutureTask.java:264)
[2025-04-30T14:02:54.879+0000] {spark_submit.py:644} INFO - at java.base/java.util.concurrent.ThreadPoolExecutor.runWorker(ThreadPoolExecutor.java:1136)
[2025-04-30T14:02:54.879+0000] {spark_submit.py:644} INFO - at java.base/java.util.concurrent.ThreadPoolExecutor$Worker.run(ThreadPoolExecutor.java:635)
[2025-04-30T14:02:54.879+0000] {spark_submit.py:644} INFO - at java.base/java.lang.Thread.run(Thread.java:840)
[2025-04-30T14:02:54.880+0000] {spark_submit.py:644} INFO - Caused by: java.io.IOException: Failed to connect to spark-master/<unresolved>:7077
[2025-04-30T14:02:54.880+0000] {spark_submit.py:644} INFO - at org.apache.spark.network.client.TransportClientFactory.createClient(TransportClientFactory.java:294)
[2025-04-30T14:02:54.880+0000] {spark_submit.py:644} INFO - at org.apache.spark.network.client.TransportClientFactory.createClient(TransportClientFactory.java:214)
[2025-04-30T14:02:54.880+0000] {spark_submit.py:644} INFO - at org.apache.spark.network.client.TransportClientFactory.createClient(TransportClientFactory.java:226)
[2025-04-30T14:02:54.880+0000] {spark_submit.py:644} INFO - at org.apache.spark.rpc.netty.NettyRpcEnv.createClient(NettyRpcEnv.scala:204)
[2025-04-30T14:02:54.880+0000] {spark_submit.py:644} INFO - at org.apache.spark.rpc.netty.Outbox$$anon$1.call(Outbox.scala:202)
[2025-04-30T14:02:54.880+0000] {spark_submit.py:644} INFO - at org.apache.spark.rpc.netty.Outbox$$anon$1.call(Outbox.scala:198)
[2025-04-30T14:02:54.880+0000] {spark_submit.py:644} INFO - ... 4 more
[2025-04-30T14:02:54.880+0000] {spark_submit.py:644} INFO - Caused by: java.net.UnknownHostException: spark-master
[2025-04-30T14:02:54.880+0000] {spark_submit.py:644} INFO - at java.base/java.net.InetAddress$CachedAddresses.get(InetAddress.java:801)
[2025-04-30T14:02:54.881+0000] {spark_submit.py:644} INFO - at java.base/java.net.InetAddress.getAllByName0(InetAddress.java:1533)
[2025-04-30T14:02:54.881+0000] {spark_submit.py:644} INFO - at java.base/java.net.InetAddress.getAllByName(InetAddress.java:1385)
[2025-04-30T14:02:54.881+0000] {spark_submit.py:644} INFO - at java.base/java.net.InetAddress.getAllByName(InetAddress.java:1306)
[2025-04-30T14:02:54.881+0000] {spark_submit.py:644} INFO - at java.base/java.net.InetAddress.getByName(InetAddress.java:1256)
[2025-04-30T14:02:54.881+0000] {spark_submit.py:644} INFO - at io.netty.util.internal.SocketUtils$8.run(SocketUtils.java:156)
[2025-04-30T14:02:54.881+0000] {spark_submit.py:644} INFO - at io.netty.util.internal.SocketUtils$8.run(SocketUtils.java:153)
[2025-04-30T14:02:54.881+0000] {spark_submit.py:644} INFO - at java.base/java.security.AccessController.doPrivileged(AccessController.java:569)
[2025-04-30T14:02:54.881+0000] {spark_submit.py:644} INFO - at io.netty.util.internal.SocketUtils.addressByName(SocketUtils.java:153)
[2025-04-30T14:02:54.881+0000] {spark_submit.py:644} INFO - at io.netty.resolver.DefaultNameResolver.doResolve(DefaultNameResolver.java:41)
[2025-04-30T14:02:54.882+0000] {spark_submit.py:644} INFO - at io.netty.resolver.SimpleNameResolver.resolve(SimpleNameResolver.java:61)
[2025-04-30T14:02:54.882+0000] {spark_submit.py:644} INFO - at io.netty.resolver.SimpleNameResolver.resolve(SimpleNameResolver.java:53)
[2025-04-30T14:02:54.882+0000] {spark_submit.py:644} INFO - at io.netty.resolver.InetSocketAddressResolver.doResolve(InetSocketAddressResolver.java:55)
[2025-04-30T14:02:54.882+0000] {spark_submit.py:644} INFO - at io.netty.resolver.InetSocketAddressResolver.doResolve(InetSocketAddressResolver.java:31)
[2025-04-30T14:02:54.882+0000] {spark_submit.py:644} INFO - at io.netty.resolver.AbstractAddressResolver.resolve(AbstractAddressResolver.java:106)
[2025-04-30T14:02:54.882+0000] {spark_submit.py:644} INFO - at io.netty.bootstrap.Bootstrap.doResolveAndConnect0(Bootstrap.java:220)
[2025-04-30T14:02:54.882+0000] {spark_submit.py:644} INFO - at io.netty.bootstrap.Bootstrap.access$000(Bootstrap.java:46)
[2025-04-30T14:02:54.882+0000] {spark_submit.py:644} INFO - at io.netty.bootstrap.Bootstrap$1.operationComplete(Bootstrap.java:189)
[2025-04-30T14:02:54.882+0000] {spark_submit.py:644} INFO - at io.netty.bootstrap.Bootstrap$1.operationComplete(Bootstrap.java:175)
[2025-04-30T14:02:54.882+0000] {spark_submit.py:644} INFO - at io.netty.util.concurrent.DefaultPromise.notifyListener0(DefaultPromise.java:590)
[2025-04-30T14:02:54.882+0000] {spark_submit.py:644} INFO - at io.netty.util.concurrent.DefaultPromise.notifyListenersNow(DefaultPromise.java:557)
[2025-04-30T14:02:54.883+0000] {spark_submit.py:644} INFO - at io.netty.util.concurrent.DefaultPromise.notifyListeners(DefaultPromise.java:492)
[2025-04-30T14:02:54.883+0000] {spark_submit.py:644} INFO - at io.netty.util.concurrent.DefaultPromise.setValue0(DefaultPromise.java:636)
[2025-04-30T14:02:54.883+0000] {spark_submit.py:644} INFO - at io.netty.util.concurrent.DefaultPromise.setSuccess0(DefaultPromise.java:625)
[2025-04-30T14:02:54.883+0000] {spark_submit.py:644} INFO - at io.netty.util.concurrent.DefaultPromise.trySuccess(DefaultPromise.java:105)
[2025-04-30T14:02:54.883+0000] {spark_submit.py:644} INFO - at io.netty.channel.DefaultChannelPromise.trySuccess(DefaultChannelPromise.java:84)
[2025-04-30T14:02:54.883+0000] {spark_submit.py:644} INFO - at io.netty.channel.AbstractChannel$AbstractUnsafe.safeSetSuccess(AbstractChannel.java:990)
[2025-04-30T14:02:54.883+0000] {spark_submit.py:644} INFO - at io.netty.channel.AbstractChannel$AbstractUnsafe.register0(AbstractChannel.java:516)
[2025-04-30T14:02:54.883+0000] {spark_submit.py:644} INFO - at io.netty.channel.AbstractChannel$AbstractUnsafe.access$200(AbstractChannel.java:429)
[2025-04-30T14:02:54.883+0000] {spark_submit.py:644} INFO - at io.netty.channel.AbstractChannel$AbstractUnsafe$1.run(AbstractChannel.java:486)
[2025-04-30T14:02:54.883+0000] {spark_submit.py:644} INFO - at io.netty.util.concurrent.AbstractEventExecutor.runTask(AbstractEventExecutor.java:174)
[2025-04-30T14:02:54.883+0000] {spark_submit.py:644} INFO - at io.netty.util.concurrent.AbstractEventExecutor.safeExecute(AbstractEventExecutor.java:167)
[2025-04-30T14:02:54.884+0000] {spark_submit.py:644} INFO - at io.netty.util.concurrent.SingleThreadEventExecutor.runAllTasks(SingleThreadEventExecutor.java:470)
[2025-04-30T14:02:54.884+0000] {spark_submit.py:644} INFO - at io.netty.channel.nio.NioEventLoop.run(NioEventLoop.java:569)
[2025-04-30T14:02:54.884+0000] {spark_submit.py:644} INFO - at io.netty.util.concurrent.SingleThreadEventExecutor$4.run(SingleThreadEventExecutor.java:997)
[2025-04-30T14:02:54.884+0000] {spark_submit.py:644} INFO - at io.netty.util.internal.ThreadExecutorMap$2.run(ThreadExecutorMap.java:74)
[2025-04-30T14:02:54.884+0000] {spark_submit.py:644} INFO - at io.netty.util.concurrent.FastThreadLocalRunnable.run(FastThreadLocalRunnable.java:30)
[2025-04-30T14:02:54.884+0000] {spark_submit.py:644} INFO - ... 1 more
[2025-04-30T14:03:11.551+0000] {spark_submit.py:644} INFO - 25/04/30 14:03:11 WARN StandaloneSchedulerBackend: Application ID is not initialized yet.
[2025-04-30T14:03:11.552+0000] {spark_submit.py:644} INFO - 25/04/30 14:03:11 ERROR StandaloneSchedulerBackend: Application has been killed. Reason: All masters are unresponsive! Giving up.
[2025-04-30T14:03:11.562+0000] {spark_submit.py:644} INFO - 25/04/30 14:03:11 INFO Utils: Successfully started service 'org.apache.spark.network.netty.NettyBlockTransferService' on port 35713.
[2025-04-30T14:03:11.563+0000] {spark_submit.py:644} INFO - 25/04/30 14:03:11 INFO NettyBlockTransferService: Server created on 22933ff3ba35:35713
[2025-04-30T14:03:11.565+0000] {spark_submit.py:644} INFO - 25/04/30 14:03:11 INFO BlockManager: Using org.apache.spark.storage.RandomBlockReplicationPolicy for block replication policy
[2025-04-30T14:03:11.573+0000] {spark_submit.py:644} INFO - 25/04/30 14:03:11 INFO BlockManagerMaster: Registering BlockManager BlockManagerId(driver, 22933ff3ba35, 35713, None)
[2025-04-30T14:03:11.576+0000] {spark_submit.py:644} INFO - 25/04/30 14:03:11 INFO BlockManagerMasterEndpoint: Registering block manager 22933ff3ba35:35713 with 434.4 MiB RAM, BlockManagerId(driver, 22933ff3ba35, 35713, None)
[2025-04-30T14:03:11.578+0000] {spark_submit.py:644} INFO - 25/04/30 14:03:11 INFO BlockManagerMaster: Registered BlockManager BlockManagerId(driver, 22933ff3ba35, 35713, None)
[2025-04-30T14:03:11.579+0000] {spark_submit.py:644} INFO - 25/04/30 14:03:11 INFO BlockManager: Initialized BlockManager: BlockManagerId(driver, 22933ff3ba35, 35713, None)
[2025-04-30T14:03:11.791+0000] {spark_submit.py:644} INFO - 25/04/30 14:03:11 INFO StandaloneSchedulerBackend: SchedulerBackend is ready for scheduling beginning after reached minRegisteredResourcesRatio: 0.0
[2025-04-30T14:03:12.018+0000] {spark_submit.py:644} INFO - Traceback (most recent call last):
[2025-04-30T14:03:12.019+0000] {spark_submit.py:644} INFO - File "/opt/airflow/dags/landing_to_bronze.py", line 33, in <module>
[2025-04-30T14:03:12.019+0000] {spark_submit.py:644} INFO - main()
[2025-04-30T14:03:12.019+0000] {spark_submit.py:644} INFO - File "/opt/airflow/dags/landing_to_bronze.py", line 20, in main
[2025-04-30T14:03:12.019+0000] {spark_submit.py:644} INFO - download_data(table_name)
[2025-04-30T14:03:12.020+0000] {spark_submit.py:644} INFO - NameError: name 'download_data' is not defined
[2025-04-30T14:03:12.040+0000] {spark_submit.py:644} INFO - 25/04/30 14:03:12 INFO SparkContext: SparkContext is stopping with exitCode 0.
[2025-04-30T14:03:12.053+0000] {spark_submit.py:644} INFO - 25/04/30 14:03:12 INFO SparkUI: Stopped Spark web UI at http://22933ff3ba35:4040
[2025-04-30T14:03:12.057+0000] {spark_submit.py:644} INFO - 25/04/30 14:03:12 INFO StandaloneSchedulerBackend: Shutting down all executors
[2025-04-30T14:03:12.061+0000] {spark_submit.py:644} INFO - 25/04/30 14:03:12 INFO StandaloneSchedulerBackend$StandaloneDriverEndpoint: Asking each executor to shut down
[2025-04-30T14:03:12.066+0000] {spark_submit.py:644} INFO - 25/04/30 14:03:12 INFO DiskBlockManager: Shutdown hook called
[2025-04-30T14:03:12.066+0000] {spark_submit.py:644} INFO - 25/04/30 14:03:12 WARN StandaloneAppClient$ClientEndpoint: Drop UnregisterApplication(null) because has not yet connected to master
[2025-04-30T14:03:12.073+0000] {spark_submit.py:644} INFO - 25/04/30 14:03:12 INFO MapOutputTrackerMasterEndpoint: MapOutputTrackerMasterEndpoint stopped!
[2025-04-30T14:03:12.074+0000] {spark_submit.py:644} INFO - 25/04/30 14:03:12 INFO ShutdownHookManager: Shutdown hook called
[2025-04-30T14:03:12.075+0000] {spark_submit.py:644} INFO - 25/04/30 14:03:12 INFO ShutdownHookManager: Deleting directory /tmp/spark-fa27413d-88d5-457e-9d94-a7c603263fb4
[2025-04-30T14:03:12.079+0000] {spark_submit.py:644} INFO - 25/04/30 14:03:12 INFO ShutdownHookManager: Deleting directory /tmp/spark-fa27413d-88d5-457e-9d94-a7c603263fb4/pyspark-78e91ba4-9e24-4965-a2c5-0d21fb79e23b
[2025-04-30T14:03:12.082+0000] {spark_submit.py:644} INFO - 25/04/30 14:03:12 INFO MemoryStore: MemoryStore cleared
[2025-04-30T14:03:12.082+0000] {spark_submit.py:644} INFO - 25/04/30 14:03:12 INFO BlockManager: BlockManager stopped
[2025-04-30T14:03:12.083+0000] {spark_submit.py:644} INFO - 25/04/30 14:03:12 INFO ShutdownHookManager: Deleting directory /tmp/spark-d3c13ac5-9c3b-4f22-ab2b-5a3220d7db5f
[2025-04-30T14:03:12.087+0000] {spark_submit.py:644} INFO - 25/04/30 14:03:12 INFO ShutdownHookManager: Deleting directory /tmp/spark-fa27413d-88d5-457e-9d94-a7c603263fb4/userFiles-4d00f2df-02d8-4578-a8ba-1ebb962e0424
[2025-04-30T14:03:12.088+0000] {spark_submit.py:644} INFO - 25/04/30 14:03:12 INFO BlockManagerMaster: BlockManagerMaster stopped
[2025-04-30T14:03:12.090+0000] {spark_submit.py:644} INFO - 25/04/30 14:03:12 INFO OutputCommitCoordinator$OutputCommitCoordinatorEndpoint: OutputCommitCoordinator stopped!
[2025-04-30T14:03:12.102+0000] {spark_submit.py:644} INFO - 25/04/30 14:03:12 INFO SparkContext: Successfully stopped SparkContext
[2025-04-30T14:03:12.127+0000] {taskinstance.py:441} INFO - ::group::Post task execution logs
[2025-04-30T14:03:12.166+0000] {taskinstance.py:2905} ERROR - Task failed with exception
Traceback (most recent call last):
  File "/home/airflow/.local/lib/python3.10/site-packages/airflow/models/taskinstance.py", line 465, in _execute_task
    result = _execute_callable(context=context, **execute_callable_kwargs)
  File "/home/airflow/.local/lib/python3.10/site-packages/airflow/models/taskinstance.py", line 432, in _execute_callable
    return execute_callable(context=context, **execute_callable_kwargs)
  File "/home/airflow/.local/lib/python3.10/site-packages/airflow/models/baseoperator.py", line 400, in wrapper
    return func(self, *args, **kwargs)
  File "/home/airflow/.local/lib/python3.10/site-packages/airflow/providers/apache/spark/operators/spark_submit.py", line 197, in execute
    self._hook.submit(self.application)
  File "/home/airflow/.local/lib/python3.10/site-packages/airflow/providers/apache/spark/hooks/spark_submit.py", line 566, in submit
    raise AirflowException(
airflow.exceptions.AirflowException: Cannot execute: spark-submit --master spark://spark-master:7077 --conf spark.master=spark://spark-master:7077 --name LandingToBronze --verbose --queue root.default --deploy-mode client /opt/airflow/dags/landing_to_bronze.py. Error code is: 1.
[2025-04-30T14:03:12.177+0000] {taskinstance.py:1206} INFO - Marking task as FAILED. dag_id=final_project_BBDL, task_id=LandingToBronze, run_id=manual__2025-04-30T14:02:04.162627+00:00, execution_date=20250430T140204, start_date=20250430T140206, end_date=20250430T140312
[2025-04-30T14:03:12.234+0000] {standard_task_runner.py:110} ERROR - Failed to execute job 21 for task LandingToBronze (Cannot execute: spark-submit --master spark://spark-master:7077 --conf spark.master=spark://spark-master:7077 --name LandingToBronze --verbose --queue root.default --deploy-mode client /opt/airflow/dags/landing_to_bronze.py. Error code is: 1.; 484)
[2025-04-30T14:03:12.272+0000] {local_task_job_runner.py:240} INFO - Task exited with return code 1
[2025-04-30T14:03:12.319+0000] {taskinstance.py:3498} INFO - 0 downstream tasks scheduled from follow-on schedule check
[2025-04-30T14:03:12.341+0000] {local_task_job_runner.py:222} INFO - ::endgroup::
