[2025-04-21T06:42:10.310+0000] {local_task_job_runner.py:120} INFO - ::group::Pre task execution logs
[2025-04-21T06:42:10.364+0000] {taskinstance.py:2076} INFO - Dependencies all met for dep_context=non-requeueable deps ti=<TaskInstance: final_project_BBDL.LandingToBronze manual__2025-04-21T06:42:08.787153+00:00 [queued]>
[2025-04-21T06:42:10.373+0000] {taskinstance.py:2076} INFO - Dependencies all met for dep_context=requeueable deps ti=<TaskInstance: final_project_BBDL.LandingToBronze manual__2025-04-21T06:42:08.787153+00:00 [queued]>
[2025-04-21T06:42:10.373+0000] {taskinstance.py:2306} INFO - Starting attempt 1 of 1
[2025-04-21T06:42:10.413+0000] {taskinstance.py:2330} INFO - Executing <Task(SparkSubmitOperator): LandingToBronze> on 2025-04-21 06:42:08.787153+00:00
[2025-04-21T06:42:10.418+0000] {standard_task_runner.py:63} INFO - Started process 283 to run task
[2025-04-21T06:42:10.421+0000] {standard_task_runner.py:90} INFO - Running: ['airflow', 'tasks', 'run', 'final_project_BBDL', 'LandingToBronze', 'manual__2025-04-21T06:42:08.787153+00:00', '--job-id', '3', '--raw', '--subdir', 'DAGS_FOLDER/project_solution.py', '--cfg-path', '/tmp/tmp04qpou20']
[2025-04-21T06:42:10.422+0000] {standard_task_runner.py:91} INFO - Job 3: Subtask LandingToBronze
[2025-04-21T06:42:10.492+0000] {logging_mixin.py:188} WARNING - /home/airflow/.local/lib/python3.9/site-packages/airflow/settings.py:195 DeprecationWarning: The sql_alchemy_conn option in [core] has been moved to the sql_alchemy_conn option in [database] - the old setting has been used, but please update your config.
[2025-04-21T06:42:10.576+0000] {task_command.py:426} INFO - Running <TaskInstance: final_project_BBDL.LandingToBronze manual__2025-04-21T06:42:08.787153+00:00 [running]> on host d8f26088aa24
[2025-04-21T06:42:10.801+0000] {taskinstance.py:2648} INFO - Exporting env vars: AIRFLOW_CTX_DAG_OWNER='airflow' AIRFLOW_CTX_DAG_ID='final_project_BBDL' AIRFLOW_CTX_TASK_ID='LandingToBronze' AIRFLOW_CTX_EXECUTION_DATE='2025-04-21T06:42:08.787153+00:00' AIRFLOW_CTX_TRY_NUMBER='1' AIRFLOW_CTX_DAG_RUN_ID='manual__2025-04-21T06:42:08.787153+00:00'
[2025-04-21T06:42:10.802+0000] {taskinstance.py:430} INFO - ::endgroup::
[2025-04-21T06:42:10.848+0000] {spark_submit.py:305} INFO - Could not load connection string spark-default, defaulting to yarn
[2025-04-21T06:42:10.849+0000] {spark_submit.py:474} INFO - Spark-Submit cmd: spark-submit --master yarn --conf spark.master=local[*] --name arrow-spark --verbose /opt/airflow/dags/landing_to_bronze.py
[2025-04-21T06:42:10.858+0000] {spark_submit.py:644} INFO - /home/airflow/.local/bin/spark-submit: line 27: /opt/spark/bin/spark-class: No such file or directory
[2025-04-21T06:42:10.859+0000] {taskinstance.py:441} INFO - ::group::Post task execution logs
[2025-04-21T06:42:10.895+0000] {taskinstance.py:2905} ERROR - Task failed with exception
Traceback (most recent call last):
  File "/home/airflow/.local/lib/python3.9/site-packages/airflow/models/taskinstance.py", line 465, in _execute_task
    result = _execute_callable(context=context, **execute_callable_kwargs)
  File "/home/airflow/.local/lib/python3.9/site-packages/airflow/models/taskinstance.py", line 432, in _execute_callable
    return execute_callable(context=context, **execute_callable_kwargs)
  File "/home/airflow/.local/lib/python3.9/site-packages/airflow/models/baseoperator.py", line 400, in wrapper
    return func(self, *args, **kwargs)
  File "/home/airflow/.local/lib/python3.9/site-packages/airflow/providers/apache/spark/operators/spark_submit.py", line 197, in execute
    self._hook.submit(self.application)
  File "/home/airflow/.local/lib/python3.9/site-packages/airflow/providers/apache/spark/hooks/spark_submit.py", line 566, in submit
    raise AirflowException(
airflow.exceptions.AirflowException: Cannot execute: spark-submit --master yarn --conf spark.master=local[*] --name arrow-spark --verbose /opt/airflow/dags/landing_to_bronze.py. Error code is: 127.
[2025-04-21T06:42:10.899+0000] {taskinstance.py:1206} INFO - Marking task as FAILED. dag_id=final_project_BBDL, task_id=LandingToBronze, run_id=manual__2025-04-21T06:42:08.787153+00:00, execution_date=20250421T064208, start_date=20250421T064210, end_date=20250421T064210
[2025-04-21T06:42:10.934+0000] {standard_task_runner.py:110} ERROR - Failed to execute job 3 for task LandingToBronze (Cannot execute: spark-submit --master yarn --conf spark.master=local[*] --name arrow-spark --verbose /opt/airflow/dags/landing_to_bronze.py. Error code is: 127.; 283)
[2025-04-21T06:42:10.953+0000] {local_task_job_runner.py:240} INFO - Task exited with return code 1
[2025-04-21T06:42:11.001+0000] {taskinstance.py:3498} INFO - 0 downstream tasks scheduled from follow-on schedule check
[2025-04-21T06:42:11.029+0000] {local_task_job_runner.py:222} INFO - ::endgroup::
