[2025-05-05T22:13:56.422+0000] {taskinstance.py:1103} INFO - Dependencies all met for dep_context=non-requeueable deps ti=<TaskInstance: final_project_BBDL.BronzeToSilver manual__2025-05-05T22:13:32.459169+00:00 [queued]>
[2025-05-05T22:13:56.431+0000] {taskinstance.py:1103} INFO - Dependencies all met for dep_context=requeueable deps ti=<TaskInstance: final_project_BBDL.BronzeToSilver manual__2025-05-05T22:13:32.459169+00:00 [queued]>
[2025-05-05T22:13:56.432+0000] {taskinstance.py:1308} INFO - Starting attempt 1 of 1
[2025-05-05T22:13:56.473+0000] {taskinstance.py:1327} INFO - Executing <Task(SparkSubmitOperator): BronzeToSilver> on 2025-05-05 22:13:32.459169+00:00
[2025-05-05T22:13:56.477+0000] {standard_task_runner.py:57} INFO - Started process 8351 to run task
[2025-05-05T22:13:56.479+0000] {standard_task_runner.py:84} INFO - Running: ['airflow', 'tasks', 'run', 'final_project_BBDL', 'BronzeToSilver', 'manual__2025-05-05T22:13:32.459169+00:00', '--job-id', '28', '--raw', '--subdir', 'DAGS_FOLDER/project_solution.py', '--cfg-path', '/tmp/tmpu0ohh8ps']
[2025-05-05T22:13:56.480+0000] {standard_task_runner.py:85} INFO - Job 28: Subtask BronzeToSilver
[2025-05-05T22:13:56.549+0000] {logging_mixin.py:150} WARNING - /home/airflow/.local/lib/python3.7/site-packages/airflow/settings.py:195 DeprecationWarning: The sql_alchemy_conn option in [core] has been moved to the sql_alchemy_conn option in [database] - the old setting has been used, but please update your config.
[2025-05-05T22:13:56.598+0000] {task_command.py:410} INFO - Running <TaskInstance: final_project_BBDL.BronzeToSilver manual__2025-05-05T22:13:32.459169+00:00 [running]> on host b431f09a1fa6
[2025-05-05T22:13:56.778+0000] {taskinstance.py:1547} INFO - Exporting env vars: AIRFLOW_CTX_DAG_OWNER='airflow' AIRFLOW_CTX_DAG_ID='final_project_BBDL' AIRFLOW_CTX_TASK_ID='BronzeToSilver' AIRFLOW_CTX_EXECUTION_DATE='2025-05-05T22:13:32.459169+00:00' AIRFLOW_CTX_TRY_NUMBER='1' AIRFLOW_CTX_DAG_RUN_ID='manual__2025-05-05T22:13:32.459169+00:00'
[2025-05-05T22:13:56.787+0000] {base.py:73} INFO - Using connection ID 'spark_default' for task execution.
[2025-05-05T22:13:56.790+0000] {spark_submit.py:339} INFO - Spark-Submit cmd: spark-submit --master spark://spark-master:7077 --conf spark.master=spark://spark-master:7077 --conf spark.submit.deployMode=client --conf spark.pyspark.python=/usr/bin/python3 --conf spark.executorEnv.PYSPARK_PYTHON=/usr/bin/python3 --name BronzeToSilver --verbose --queue root.default /opt/airflow/dags/bronze_to_silver.py
[2025-05-05T22:13:58.357+0000] {spark_submit.py:490} INFO - Using properties file: null
[2025-05-05T22:13:58.488+0000] {spark_submit.py:490} INFO - Parsed arguments:
[2025-05-05T22:13:58.489+0000] {spark_submit.py:490} INFO - master                  spark://spark-master:7077
[2025-05-05T22:13:58.489+0000] {spark_submit.py:490} INFO - deployMode              client
[2025-05-05T22:13:58.489+0000] {spark_submit.py:490} INFO - executorMemory          null
[2025-05-05T22:13:58.489+0000] {spark_submit.py:490} INFO - executorCores           null
[2025-05-05T22:13:58.489+0000] {spark_submit.py:490} INFO - totalExecutorCores      null
[2025-05-05T22:13:58.489+0000] {spark_submit.py:490} INFO - propertiesFile          null
[2025-05-05T22:13:58.489+0000] {spark_submit.py:490} INFO - driverMemory            null
[2025-05-05T22:13:58.489+0000] {spark_submit.py:490} INFO - driverCores             null
[2025-05-05T22:13:58.489+0000] {spark_submit.py:490} INFO - driverExtraClassPath    null
[2025-05-05T22:13:58.489+0000] {spark_submit.py:490} INFO - driverExtraLibraryPath  null
[2025-05-05T22:13:58.489+0000] {spark_submit.py:490} INFO - driverExtraJavaOptions  null
[2025-05-05T22:13:58.489+0000] {spark_submit.py:490} INFO - supervise               false
[2025-05-05T22:13:58.489+0000] {spark_submit.py:490} INFO - queue                   root.default
[2025-05-05T22:13:58.489+0000] {spark_submit.py:490} INFO - numExecutors            null
[2025-05-05T22:13:58.489+0000] {spark_submit.py:490} INFO - files                   null
[2025-05-05T22:13:58.489+0000] {spark_submit.py:490} INFO - pyFiles                 null
[2025-05-05T22:13:58.490+0000] {spark_submit.py:490} INFO - archives                null
[2025-05-05T22:13:58.490+0000] {spark_submit.py:490} INFO - mainClass               null
[2025-05-05T22:13:58.490+0000] {spark_submit.py:490} INFO - primaryResource         file:/opt/airflow/dags/bronze_to_silver.py
[2025-05-05T22:13:58.490+0000] {spark_submit.py:490} INFO - name                    BronzeToSilver
[2025-05-05T22:13:58.490+0000] {spark_submit.py:490} INFO - childArgs               []
[2025-05-05T22:13:58.490+0000] {spark_submit.py:490} INFO - jars                    null
[2025-05-05T22:13:58.490+0000] {spark_submit.py:490} INFO - packages                null
[2025-05-05T22:13:58.490+0000] {spark_submit.py:490} INFO - packagesExclusions      null
[2025-05-05T22:13:58.490+0000] {spark_submit.py:490} INFO - repositories            null
[2025-05-05T22:13:58.490+0000] {spark_submit.py:490} INFO - verbose                 true
[2025-05-05T22:13:58.490+0000] {spark_submit.py:490} INFO - 
[2025-05-05T22:13:58.490+0000] {spark_submit.py:490} INFO - Spark properties used, including those specified through
[2025-05-05T22:13:58.490+0000] {spark_submit.py:490} INFO - --conf and those from the properties file null:
[2025-05-05T22:13:58.490+0000] {spark_submit.py:490} INFO - (spark.executorEnv.PYSPARK_PYTHON,/usr/bin/python3)
[2025-05-05T22:13:58.490+0000] {spark_submit.py:490} INFO - (spark.master,spark://spark-master:7077)
[2025-05-05T22:13:58.490+0000] {spark_submit.py:490} INFO - (spark.pyspark.python,/usr/bin/python3)
[2025-05-05T22:13:58.490+0000] {spark_submit.py:490} INFO - (spark.submit.deployMode,client)
[2025-05-05T22:13:58.491+0000] {spark_submit.py:490} INFO - 
[2025-05-05T22:13:58.491+0000] {spark_submit.py:490} INFO - 
[2025-05-05T22:13:58.745+0000] {spark_submit.py:490} INFO - Main class:
[2025-05-05T22:13:58.746+0000] {spark_submit.py:490} INFO - org.apache.spark.deploy.PythonRunner
[2025-05-05T22:13:58.746+0000] {spark_submit.py:490} INFO - Arguments:
[2025-05-05T22:13:58.746+0000] {spark_submit.py:490} INFO - file:/opt/airflow/dags/bronze_to_silver.py
[2025-05-05T22:13:58.746+0000] {spark_submit.py:490} INFO - null
[2025-05-05T22:13:58.749+0000] {spark_submit.py:490} INFO - Spark config:
[2025-05-05T22:13:58.749+0000] {spark_submit.py:490} INFO - (spark.app.name,BronzeToSilver)
[2025-05-05T22:13:58.749+0000] {spark_submit.py:490} INFO - (spark.app.submitTime,1746483238723)
[2025-05-05T22:13:58.749+0000] {spark_submit.py:490} INFO - (spark.executorEnv.PYSPARK_PYTHON,/usr/bin/python3)
[2025-05-05T22:13:58.749+0000] {spark_submit.py:490} INFO - (spark.master,spark://spark-master:7077)
[2025-05-05T22:13:58.750+0000] {spark_submit.py:490} INFO - (spark.pyspark.python,/usr/bin/python3)
[2025-05-05T22:13:58.750+0000] {spark_submit.py:490} INFO - (spark.submit.deployMode,client)
[2025-05-05T22:13:58.750+0000] {spark_submit.py:490} INFO - (spark.submit.pyFiles,)
[2025-05-05T22:13:58.750+0000] {spark_submit.py:490} INFO - Classpath elements:
[2025-05-05T22:13:58.750+0000] {spark_submit.py:490} INFO - 
[2025-05-05T22:13:58.750+0000] {spark_submit.py:490} INFO - 
[2025-05-05T22:13:58.750+0000] {spark_submit.py:490} INFO - 
[2025-05-05T22:13:59.288+0000] {spark_submit.py:490} INFO - 25/05/05 22:13:59 INFO SparkContext: Running Spark version 3.3.0
[2025-05-05T22:13:59.385+0000] {spark_submit.py:490} INFO - 25/05/05 22:13:59 WARN NativeCodeLoader: Unable to load native-hadoop library for your platform... using builtin-java classes where applicable
[2025-05-05T22:13:59.463+0000] {spark_submit.py:490} INFO - 25/05/05 22:13:59 INFO ResourceUtils: ==============================================================
[2025-05-05T22:13:59.464+0000] {spark_submit.py:490} INFO - 25/05/05 22:13:59 INFO ResourceUtils: No custom resources configured for spark.driver.
[2025-05-05T22:13:59.464+0000] {spark_submit.py:490} INFO - 25/05/05 22:13:59 INFO ResourceUtils: ==============================================================
[2025-05-05T22:13:59.465+0000] {spark_submit.py:490} INFO - 25/05/05 22:13:59 INFO SparkContext: Submitted application: Bronze to Silver ETL
[2025-05-05T22:13:59.484+0000] {spark_submit.py:490} INFO - 25/05/05 22:13:59 INFO ResourceProfile: Default ResourceProfile created, executor resources: Map(cores -> name: cores, amount: 1, script: , vendor: , memory -> name: memory, amount: 1024, script: , vendor: , offHeap -> name: offHeap, amount: 0, script: , vendor: ), task resources: Map(cpus -> name: cpus, amount: 1.0)
[2025-05-05T22:13:59.494+0000] {spark_submit.py:490} INFO - 25/05/05 22:13:59 INFO ResourceProfile: Limiting resource is cpu
[2025-05-05T22:13:59.494+0000] {spark_submit.py:490} INFO - 25/05/05 22:13:59 INFO ResourceProfileManager: Added ResourceProfile id: 0
[2025-05-05T22:13:59.538+0000] {spark_submit.py:490} INFO - 25/05/05 22:13:59 INFO SecurityManager: Changing view acls to: root
[2025-05-05T22:13:59.539+0000] {spark_submit.py:490} INFO - 25/05/05 22:13:59 INFO SecurityManager: Changing modify acls to: root
[2025-05-05T22:13:59.539+0000] {spark_submit.py:490} INFO - 25/05/05 22:13:59 INFO SecurityManager: Changing view acls groups to:
[2025-05-05T22:13:59.540+0000] {spark_submit.py:490} INFO - 25/05/05 22:13:59 INFO SecurityManager: Changing modify acls groups to:
[2025-05-05T22:13:59.540+0000] {spark_submit.py:490} INFO - 25/05/05 22:13:59 INFO SecurityManager: SecurityManager: authentication disabled; ui acls disabled; users  with view permissions: Set(root); groups with view permissions: Set(); users  with modify permissions: Set(root); groups with modify permissions: Set()
[2025-05-05T22:13:59.817+0000] {spark_submit.py:490} INFO - 25/05/05 22:13:59 INFO Utils: Successfully started service 'sparkDriver' on port 40533.
[2025-05-05T22:13:59.841+0000] {spark_submit.py:490} INFO - 25/05/05 22:13:59 INFO SparkEnv: Registering MapOutputTracker
[2025-05-05T22:13:59.869+0000] {spark_submit.py:490} INFO - 25/05/05 22:13:59 INFO SparkEnv: Registering BlockManagerMaster
[2025-05-05T22:13:59.887+0000] {spark_submit.py:490} INFO - 25/05/05 22:13:59 INFO BlockManagerMasterEndpoint: Using org.apache.spark.storage.DefaultTopologyMapper for getting topology information
[2025-05-05T22:13:59.887+0000] {spark_submit.py:490} INFO - 25/05/05 22:13:59 INFO BlockManagerMasterEndpoint: BlockManagerMasterEndpoint up
[2025-05-05T22:13:59.891+0000] {spark_submit.py:490} INFO - 25/05/05 22:13:59 INFO SparkEnv: Registering BlockManagerMasterHeartbeat
[2025-05-05T22:13:59.913+0000] {spark_submit.py:490} INFO - 25/05/05 22:13:59 INFO DiskBlockManager: Created local directory at /tmp/blockmgr-88b1dda2-dd8a-46c6-8dcd-3ca9825327a6
[2025-05-05T22:13:59.929+0000] {spark_submit.py:490} INFO - 25/05/05 22:13:59 INFO MemoryStore: MemoryStore started with capacity 434.4 MiB
[2025-05-05T22:13:59.944+0000] {spark_submit.py:490} INFO - 25/05/05 22:13:59 INFO SparkEnv: Registering OutputCommitCoordinator
[2025-05-05T22:14:00.147+0000] {spark_submit.py:490} INFO - 25/05/05 22:14:00 INFO Utils: Successfully started service 'SparkUI' on port 4040.
[2025-05-05T22:14:00.250+0000] {spark_submit.py:490} INFO - 25/05/05 22:14:00 INFO StandaloneAppClient$ClientEndpoint: Connecting to master spark://spark-master:7077...
[2025-05-05T22:14:00.292+0000] {spark_submit.py:490} INFO - 25/05/05 22:14:00 INFO TransportClientFactory: Successfully created connection to spark-master/172.18.0.3:7077 after 25 ms (0 ms spent in bootstraps)
[2025-05-05T22:14:00.375+0000] {spark_submit.py:490} INFO - 25/05/05 22:14:00 INFO StandaloneSchedulerBackend: Connected to Spark cluster with app ID app-20250505221400-0025
[2025-05-05T22:14:00.376+0000] {spark_submit.py:490} INFO - 25/05/05 22:14:00 INFO StandaloneAppClient$ClientEndpoint: Executor added: app-20250505221400-0025/0 on worker-20250505201940-172.18.0.6-38439 (172.18.0.6:38439) with 2 core(s)
[2025-05-05T22:14:00.379+0000] {spark_submit.py:490} INFO - 25/05/05 22:14:00 INFO StandaloneSchedulerBackend: Granted executor ID app-20250505221400-0025/0 on hostPort 172.18.0.6:38439 with 2 core(s), 1024.0 MiB RAM
[2025-05-05T22:14:00.387+0000] {spark_submit.py:490} INFO - 25/05/05 22:14:00 INFO Utils: Successfully started service 'org.apache.spark.network.netty.NettyBlockTransferService' on port 44495.
[2025-05-05T22:14:00.387+0000] {spark_submit.py:490} INFO - 25/05/05 22:14:00 INFO NettyBlockTransferService: Server created on b431f09a1fa6:44495
[2025-05-05T22:14:00.389+0000] {spark_submit.py:490} INFO - 25/05/05 22:14:00 INFO BlockManager: Using org.apache.spark.storage.RandomBlockReplicationPolicy for block replication policy
[2025-05-05T22:14:00.399+0000] {spark_submit.py:490} INFO - 25/05/05 22:14:00 INFO BlockManagerMaster: Registering BlockManager BlockManagerId(driver, b431f09a1fa6, 44495, None)
[2025-05-05T22:14:00.404+0000] {spark_submit.py:490} INFO - 25/05/05 22:14:00 INFO BlockManagerMasterEndpoint: Registering block manager b431f09a1fa6:44495 with 434.4 MiB RAM, BlockManagerId(driver, b431f09a1fa6, 44495, None)
[2025-05-05T22:14:00.409+0000] {spark_submit.py:490} INFO - 25/05/05 22:14:00 INFO BlockManagerMaster: Registered BlockManager BlockManagerId(driver, b431f09a1fa6, 44495, None)
[2025-05-05T22:14:00.411+0000] {spark_submit.py:490} INFO - 25/05/05 22:14:00 INFO BlockManager: Initialized BlockManager: BlockManagerId(driver, b431f09a1fa6, 44495, None)
[2025-05-05T22:14:00.423+0000] {spark_submit.py:490} INFO - 25/05/05 22:14:00 INFO StandaloneAppClient$ClientEndpoint: Executor updated: app-20250505221400-0025/0 is now RUNNING
[2025-05-05T22:14:00.614+0000] {spark_submit.py:490} INFO - 25/05/05 22:14:00 INFO StandaloneSchedulerBackend: SchedulerBackend is ready for scheduling beginning after reached minRegisteredResourcesRatio: 0.0
[2025-05-05T22:14:00.787+0000] {spark_submit.py:490} INFO - 🔍 Читання з: /tmp/spark_data/bronze/athlete_event_results/20250505_*
[2025-05-05T22:14:00.860+0000] {spark_submit.py:490} INFO - 25/05/05 22:14:00 INFO SharedState: Setting hive.metastore.warehouse.dir ('null') to the value of spark.sql.warehouse.dir.
[2025-05-05T22:14:00.868+0000] {spark_submit.py:490} INFO - 25/05/05 22:14:00 INFO SharedState: Warehouse path is 'file:/opt/airflow/spark-warehouse'.
[2025-05-05T22:14:01.815+0000] {spark_submit.py:490} INFO - 25/05/05 22:14:01 INFO InMemoryFileIndex: It took 90 ms to list leaf files for 10 paths.
[2025-05-05T22:14:02.257+0000] {spark_submit.py:490} INFO - 25/05/05 22:14:02 INFO SparkContext: Starting job: load at NativeMethodAccessorImpl.java:0
[2025-05-05T22:14:02.274+0000] {spark_submit.py:490} INFO - 25/05/05 22:14:02 INFO DAGScheduler: Got job 0 (load at NativeMethodAccessorImpl.java:0) with 1 output partitions
[2025-05-05T22:14:02.274+0000] {spark_submit.py:490} INFO - 25/05/05 22:14:02 INFO DAGScheduler: Final stage: ResultStage 0 (load at NativeMethodAccessorImpl.java:0)
[2025-05-05T22:14:02.275+0000] {spark_submit.py:490} INFO - 25/05/05 22:14:02 INFO DAGScheduler: Parents of final stage: List()
[2025-05-05T22:14:02.277+0000] {spark_submit.py:490} INFO - 25/05/05 22:14:02 INFO DAGScheduler: Missing parents: List()
[2025-05-05T22:14:02.282+0000] {spark_submit.py:490} INFO - 25/05/05 22:14:02 INFO DAGScheduler: Submitting ResultStage 0 (MapPartitionsRDD[1] at load at NativeMethodAccessorImpl.java:0), which has no missing parents
[2025-05-05T22:14:02.347+0000] {spark_submit.py:490} INFO - 25/05/05 22:14:02 INFO MemoryStore: Block broadcast_0 stored as values in memory (estimated size 102.8 KiB, free 434.3 MiB)
[2025-05-05T22:14:02.389+0000] {spark_submit.py:490} INFO - 25/05/05 22:14:02 INFO MemoryStore: Block broadcast_0_piece0 stored as bytes in memory (estimated size 36.9 KiB, free 434.3 MiB)
[2025-05-05T22:14:02.394+0000] {spark_submit.py:490} INFO - 25/05/05 22:14:02 INFO BlockManagerInfo: Added broadcast_0_piece0 in memory on b431f09a1fa6:44495 (size: 36.9 KiB, free: 434.4 MiB)
[2025-05-05T22:14:02.401+0000] {spark_submit.py:490} INFO - 25/05/05 22:14:02 INFO SparkContext: Created broadcast 0 from broadcast at DAGScheduler.scala:1513
[2025-05-05T22:14:02.417+0000] {spark_submit.py:490} INFO - 25/05/05 22:14:02 INFO DAGScheduler: Submitting 1 missing tasks from ResultStage 0 (MapPartitionsRDD[1] at load at NativeMethodAccessorImpl.java:0) (first 15 tasks are for partitions Vector(0))
[2025-05-05T22:14:02.418+0000] {spark_submit.py:490} INFO - 25/05/05 22:14:02 INFO TaskSchedulerImpl: Adding task set 0.0 with 1 tasks resource profile 0
[2025-05-05T22:14:03.335+0000] {spark_submit.py:490} INFO - 25/05/05 22:14:03 INFO CoarseGrainedSchedulerBackend$DriverEndpoint: Registered executor NettyRpcEndpointRef(spark-client://Executor) (172.18.0.6:49614) with ID 0,  ResourceProfileId 0
[2025-05-05T22:14:03.403+0000] {spark_submit.py:490} INFO - 25/05/05 22:14:03 INFO BlockManagerMasterEndpoint: Registering block manager 172.18.0.6:43871 with 366.3 MiB RAM, BlockManagerId(0, 172.18.0.6, 43871, None)
[2025-05-05T22:14:03.466+0000] {spark_submit.py:490} INFO - 25/05/05 22:14:03 INFO TaskSetManager: Starting task 0.0 in stage 0.0 (TID 0) (172.18.0.6, executor 0, partition 0, PROCESS_LOCAL, 4685 bytes) taskResourceAssignments Map()
[2025-05-05T22:14:03.695+0000] {spark_submit.py:490} INFO - 25/05/05 22:14:03 INFO BlockManagerInfo: Added broadcast_0_piece0 in memory on 172.18.0.6:43871 (size: 36.9 KiB, free: 366.3 MiB)
[2025-05-05T22:14:04.612+0000] {spark_submit.py:490} INFO - 25/05/05 22:14:04 INFO TaskSetManager: Finished task 0.0 in stage 0.0 (TID 0) in 1155 ms on 172.18.0.6 (executor 0) (1/1)
[2025-05-05T22:14:04.614+0000] {spark_submit.py:490} INFO - 25/05/05 22:14:04 INFO TaskSchedulerImpl: Removed TaskSet 0.0, whose tasks have all completed, from pool
[2025-05-05T22:14:04.620+0000] {spark_submit.py:490} INFO - 25/05/05 22:14:04 INFO DAGScheduler: ResultStage 0 (load at NativeMethodAccessorImpl.java:0) finished in 2.325 s
[2025-05-05T22:14:04.624+0000] {spark_submit.py:490} INFO - 25/05/05 22:14:04 INFO DAGScheduler: Job 0 is finished. Cancelling potential speculative or zombie tasks for this job
[2025-05-05T22:14:04.625+0000] {spark_submit.py:490} INFO - 25/05/05 22:14:04 INFO TaskSchedulerImpl: Killing all running tasks in stage 0: Stage finished
[2025-05-05T22:14:04.628+0000] {spark_submit.py:490} INFO - 25/05/05 22:14:04 INFO DAGScheduler: Job 0 finished: load at NativeMethodAccessorImpl.java:0, took 2.370038 s
[2025-05-05T22:14:04.885+0000] {spark_submit.py:490} INFO - 25/05/05 22:14:04 INFO BlockManagerInfo: Removed broadcast_0_piece0 on b431f09a1fa6:44495 in memory (size: 36.9 KiB, free: 434.4 MiB)
[2025-05-05T22:14:04.894+0000] {spark_submit.py:490} INFO - 25/05/05 22:14:04 INFO BlockManagerInfo: Removed broadcast_0_piece0 on 172.18.0.6:43871 in memory (size: 36.9 KiB, free: 366.3 MiB)
[2025-05-05T22:14:05.913+0000] {spark_submit.py:490} INFO - 📑 Схема початкового датафрейму:
[2025-05-05T22:14:05.930+0000] {spark_submit.py:490} INFO - root
[2025-05-05T22:14:05.931+0000] {spark_submit.py:490} INFO - |-- edition: string (nullable = true)
[2025-05-05T22:14:05.931+0000] {spark_submit.py:490} INFO - |-- edition_id: string (nullable = true)
[2025-05-05T22:14:05.931+0000] {spark_submit.py:490} INFO - |-- country_noc: string (nullable = true)
[2025-05-05T22:14:05.931+0000] {spark_submit.py:490} INFO - |-- sport: string (nullable = true)
[2025-05-05T22:14:05.931+0000] {spark_submit.py:490} INFO - |-- event: string (nullable = true)
[2025-05-05T22:14:05.932+0000] {spark_submit.py:490} INFO - |-- result_id: string (nullable = true)
[2025-05-05T22:14:05.932+0000] {spark_submit.py:490} INFO - |-- athlete: string (nullable = true)
[2025-05-05T22:14:05.932+0000] {spark_submit.py:490} INFO - |-- athlete_id: string (nullable = true)
[2025-05-05T22:14:05.932+0000] {spark_submit.py:490} INFO - |-- pos: string (nullable = true)
[2025-05-05T22:14:05.932+0000] {spark_submit.py:490} INFO - |-- medal: string (nullable = true)
[2025-05-05T22:14:05.932+0000] {spark_submit.py:490} INFO - |-- isTeamSport: string (nullable = true)
[2025-05-05T22:14:05.932+0000] {spark_submit.py:490} INFO - 
[2025-05-05T22:14:05.932+0000] {spark_submit.py:490} INFO - 🔎 Перші 5 рядків з Bronze:
[2025-05-05T22:14:06.295+0000] {spark_submit.py:490} INFO - 25/05/05 22:14:06 INFO FileSourceStrategy: Pushed Filters:
[2025-05-05T22:14:06.296+0000] {spark_submit.py:490} INFO - 25/05/05 22:14:06 INFO FileSourceStrategy: Post-Scan Filters:
[2025-05-05T22:14:06.298+0000] {spark_submit.py:490} INFO - 25/05/05 22:14:06 INFO FileSourceStrategy: Output Data Schema: struct<edition: string, edition_id: string, country_noc: string, sport: string, event: string ... 9 more fields>
[2025-05-05T22:14:06.629+0000] {spark_submit.py:490} INFO - 25/05/05 22:14:06 INFO CodeGenerator: Code generated in 198.194551 ms
[2025-05-05T22:14:06.671+0000] {spark_submit.py:490} INFO - 25/05/05 22:14:06 INFO MemoryStore: Block broadcast_1 stored as values in memory (estimated size 202.0 KiB, free 434.2 MiB)
[2025-05-05T22:14:06.688+0000] {spark_submit.py:490} INFO - 25/05/05 22:14:06 INFO MemoryStore: Block broadcast_1_piece0 stored as bytes in memory (estimated size 34.8 KiB, free 434.2 MiB)
[2025-05-05T22:14:06.689+0000] {spark_submit.py:490} INFO - 25/05/05 22:14:06 INFO BlockManagerInfo: Added broadcast_1_piece0 in memory on b431f09a1fa6:44495 (size: 34.8 KiB, free: 434.4 MiB)
[2025-05-05T22:14:06.690+0000] {spark_submit.py:490} INFO - 25/05/05 22:14:06 INFO SparkContext: Created broadcast 1 from showString at NativeMethodAccessorImpl.java:0
[2025-05-05T22:14:06.706+0000] {spark_submit.py:490} INFO - 25/05/05 22:14:06 INFO FileSourceScanExec: Planning scan with bin packing, max size: 67950020 bytes, open cost is considered as scanning 4194304 bytes.
[2025-05-05T22:14:06.763+0000] {spark_submit.py:490} INFO - 25/05/05 22:14:06 INFO SparkContext: Starting job: showString at NativeMethodAccessorImpl.java:0
[2025-05-05T22:14:06.765+0000] {spark_submit.py:490} INFO - 25/05/05 22:14:06 INFO DAGScheduler: Got job 1 (showString at NativeMethodAccessorImpl.java:0) with 1 output partitions
[2025-05-05T22:14:06.765+0000] {spark_submit.py:490} INFO - 25/05/05 22:14:06 INFO DAGScheduler: Final stage: ResultStage 1 (showString at NativeMethodAccessorImpl.java:0)
[2025-05-05T22:14:06.765+0000] {spark_submit.py:490} INFO - 25/05/05 22:14:06 INFO DAGScheduler: Parents of final stage: List()
[2025-05-05T22:14:06.765+0000] {spark_submit.py:490} INFO - 25/05/05 22:14:06 INFO DAGScheduler: Missing parents: List()
[2025-05-05T22:14:06.768+0000] {spark_submit.py:490} INFO - 25/05/05 22:14:06 INFO DAGScheduler: Submitting ResultStage 1 (MapPartitionsRDD[5] at showString at NativeMethodAccessorImpl.java:0), which has no missing parents
[2025-05-05T22:14:06.796+0000] {spark_submit.py:490} INFO - 25/05/05 22:14:06 INFO MemoryStore: Block broadcast_2 stored as values in memory (estimated size 18.4 KiB, free 434.2 MiB)
[2025-05-05T22:14:06.801+0000] {spark_submit.py:490} INFO - 25/05/05 22:14:06 INFO MemoryStore: Block broadcast_2_piece0 stored as bytes in memory (estimated size 6.5 KiB, free 434.1 MiB)
[2025-05-05T22:14:06.803+0000] {spark_submit.py:490} INFO - 25/05/05 22:14:06 INFO BlockManagerInfo: Added broadcast_2_piece0 in memory on b431f09a1fa6:44495 (size: 6.5 KiB, free: 434.4 MiB)
[2025-05-05T22:14:06.804+0000] {spark_submit.py:490} INFO - 25/05/05 22:14:06 INFO SparkContext: Created broadcast 2 from broadcast at DAGScheduler.scala:1513
[2025-05-05T22:14:06.804+0000] {spark_submit.py:490} INFO - 25/05/05 22:14:06 INFO DAGScheduler: Submitting 1 missing tasks from ResultStage 1 (MapPartitionsRDD[5] at showString at NativeMethodAccessorImpl.java:0) (first 15 tasks are for partitions Vector(0))
[2025-05-05T22:14:06.804+0000] {spark_submit.py:490} INFO - 25/05/05 22:14:06 INFO TaskSchedulerImpl: Adding task set 1.0 with 1 tasks resource profile 0
[2025-05-05T22:14:06.809+0000] {spark_submit.py:490} INFO - 25/05/05 22:14:06 INFO TaskSetManager: Starting task 0.0 in stage 1.0 (TID 1) (172.18.0.6, executor 0, partition 0, PROCESS_LOCAL, 6639 bytes) taskResourceAssignments Map()
[2025-05-05T22:14:06.847+0000] {spark_submit.py:490} INFO - 25/05/05 22:14:06 INFO BlockManagerInfo: Added broadcast_2_piece0 in memory on 172.18.0.6:43871 (size: 6.5 KiB, free: 366.3 MiB)
[2025-05-05T22:14:07.449+0000] {spark_submit.py:490} INFO - 25/05/05 22:14:07 INFO BlockManagerInfo: Added broadcast_1_piece0 in memory on 172.18.0.6:43871 (size: 34.8 KiB, free: 366.3 MiB)
[2025-05-05T22:14:07.875+0000] {spark_submit.py:490} INFO - 25/05/05 22:14:07 INFO TaskSetManager: Finished task 0.0 in stage 1.0 (TID 1) in 1069 ms on 172.18.0.6 (executor 0) (1/1)
[2025-05-05T22:14:07.875+0000] {spark_submit.py:490} INFO - 25/05/05 22:14:07 INFO TaskSchedulerImpl: Removed TaskSet 1.0, whose tasks have all completed, from pool
[2025-05-05T22:14:07.876+0000] {spark_submit.py:490} INFO - 25/05/05 22:14:07 INFO DAGScheduler: ResultStage 1 (showString at NativeMethodAccessorImpl.java:0) finished in 1.106 s
[2025-05-05T22:14:07.877+0000] {spark_submit.py:490} INFO - 25/05/05 22:14:07 INFO DAGScheduler: Job 1 is finished. Cancelling potential speculative or zombie tasks for this job
[2025-05-05T22:14:07.877+0000] {spark_submit.py:490} INFO - 25/05/05 22:14:07 INFO TaskSchedulerImpl: Killing all running tasks in stage 1: Stage finished
[2025-05-05T22:14:07.877+0000] {spark_submit.py:490} INFO - 25/05/05 22:14:07 INFO DAGScheduler: Job 1 finished: showString at NativeMethodAccessorImpl.java:0, took 1.114391 s
[2025-05-05T22:14:07.920+0000] {spark_submit.py:490} INFO - 25/05/05 22:14:07 INFO CodeGenerator: Code generated in 19.868741 ms
[2025-05-05T22:14:07.931+0000] {spark_submit.py:490} INFO - +--------------------+----------+-----------+---------+---------------+---------+---------------+----------+---------+-----+-----------+
[2025-05-05T22:14:07.931+0000] {spark_submit.py:490} INFO - |edition             |edition_id|country_noc|sport    |event          |result_id|athlete        |athlete_id|pos      |medal|isTeamSport|
[2025-05-05T22:14:07.932+0000] {spark_submit.py:490} INFO - +--------------------+----------+-----------+---------+---------------+---------+---------------+----------+---------+-----+-----------+
[2025-05-05T22:14:07.932+0000] {spark_submit.py:490} INFO - |1908 Summer Olympics|5         |ANZ        |Athletics|100 metres, Men|56265    |Ernest Hutcheon|64710     |DNS      |null |False      |
[2025-05-05T22:14:07.932+0000] {spark_submit.py:490} INFO - |1908 Summer Olympics|5         |ANZ        |Athletics|400 metres, Men|56313    |Henry Murray   |64756     |DNS      |null |False      |
[2025-05-05T22:14:07.932+0000] {spark_submit.py:490} INFO - |1908 Summer Olympics|5         |ANZ        |Athletics|800 metres, Men|56338    |Harvey Sutton  |64808     |3 h8 r1/2|null |False      |
[2025-05-05T22:14:07.932+0000] {spark_submit.py:490} INFO - |1908 Summer Olympics|5         |ANZ        |Athletics|800 metres, Men|56338    |Guy Haskins    |922519    |DNS      |null |False      |
[2025-05-05T22:14:07.932+0000] {spark_submit.py:490} INFO - |1908 Summer Olympics|5         |ANZ        |Athletics|800 metres, Men|56338    |Joseph Lynch   |64735     |DNS      |null |False      |
[2025-05-05T22:14:07.932+0000] {spark_submit.py:490} INFO - +--------------------+----------+-----------+---------+---------------+---------+---------------+----------+---------+-----+-----------+
[2025-05-05T22:14:07.932+0000] {spark_submit.py:490} INFO - only showing top 5 rows
[2025-05-05T22:14:07.932+0000] {spark_submit.py:490} INFO - 
[2025-05-05T22:14:07.933+0000] {spark_submit.py:490} INFO - 🧼 Чищення датафрейму...
[2025-05-05T22:14:08.243+0000] {spark_submit.py:490} INFO - 📑 Схема очищеного датафрейму:
[2025-05-05T22:14:08.244+0000] {spark_submit.py:490} INFO - root
[2025-05-05T22:14:08.244+0000] {spark_submit.py:490} INFO - |-- edition: string (nullable = true)
[2025-05-05T22:14:08.244+0000] {spark_submit.py:490} INFO - |-- edition_id: string (nullable = true)
[2025-05-05T22:14:08.244+0000] {spark_submit.py:490} INFO - |-- country_noc: string (nullable = true)
[2025-05-05T22:14:08.244+0000] {spark_submit.py:490} INFO - |-- sport: string (nullable = true)
[2025-05-05T22:14:08.245+0000] {spark_submit.py:490} INFO - |-- event: string (nullable = true)
[2025-05-05T22:14:08.245+0000] {spark_submit.py:490} INFO - |-- result_id: string (nullable = true)
[2025-05-05T22:14:08.245+0000] {spark_submit.py:490} INFO - |-- athlete: string (nullable = true)
[2025-05-05T22:14:08.245+0000] {spark_submit.py:490} INFO - |-- athlete_id: string (nullable = true)
[2025-05-05T22:14:08.245+0000] {spark_submit.py:490} INFO - |-- pos: string (nullable = true)
[2025-05-05T22:14:08.245+0000] {spark_submit.py:490} INFO - |-- medal: string (nullable = true)
[2025-05-05T22:14:08.245+0000] {spark_submit.py:490} INFO - |-- isTeamSport: string (nullable = true)
[2025-05-05T22:14:08.245+0000] {spark_submit.py:490} INFO - 
[2025-05-05T22:14:08.245+0000] {spark_submit.py:490} INFO - 🔎 Перші 10 рядків після очищення:
[2025-05-05T22:14:08.321+0000] {spark_submit.py:490} INFO - 25/05/05 22:14:08 INFO FileSourceStrategy: Pushed Filters:
[2025-05-05T22:14:08.321+0000] {spark_submit.py:490} INFO - 25/05/05 22:14:08 INFO FileSourceStrategy: Post-Scan Filters:
[2025-05-05T22:14:08.321+0000] {spark_submit.py:490} INFO - 25/05/05 22:14:08 INFO FileSourceStrategy: Output Data Schema: struct<edition: string, edition_id: string, country_noc: string, sport: string, event: string ... 9 more fields>
[2025-05-05T22:14:08.383+0000] {spark_submit.py:490} INFO - 25/05/05 22:14:08 INFO CodeGenerator: Code generated in 16.682483 ms
[2025-05-05T22:14:08.396+0000] {spark_submit.py:490} INFO - 25/05/05 22:14:08 INFO MemoryStore: Block broadcast_3 stored as values in memory (estimated size 202.0 KiB, free 433.9 MiB)
[2025-05-05T22:14:08.407+0000] {spark_submit.py:490} INFO - 25/05/05 22:14:08 INFO MemoryStore: Block broadcast_3_piece0 stored as bytes in memory (estimated size 34.8 KiB, free 433.9 MiB)
[2025-05-05T22:14:08.408+0000] {spark_submit.py:490} INFO - 25/05/05 22:14:08 INFO BlockManagerInfo: Added broadcast_3_piece0 in memory on b431f09a1fa6:44495 (size: 34.8 KiB, free: 434.3 MiB)
[2025-05-05T22:14:08.409+0000] {spark_submit.py:490} INFO - 25/05/05 22:14:08 INFO SparkContext: Created broadcast 3 from showString at NativeMethodAccessorImpl.java:0
[2025-05-05T22:14:08.411+0000] {spark_submit.py:490} INFO - 25/05/05 22:14:08 INFO FileSourceScanExec: Planning scan with bin packing, max size: 67950020 bytes, open cost is considered as scanning 4194304 bytes.
[2025-05-05T22:14:08.441+0000] {spark_submit.py:490} INFO - 25/05/05 22:14:08 INFO BlockManagerInfo: Removed broadcast_2_piece0 on b431f09a1fa6:44495 in memory (size: 6.5 KiB, free: 434.3 MiB)
[2025-05-05T22:14:08.442+0000] {spark_submit.py:490} INFO - 25/05/05 22:14:08 INFO BlockManagerInfo: Removed broadcast_2_piece0 on 172.18.0.6:43871 in memory (size: 6.5 KiB, free: 366.3 MiB)
[2025-05-05T22:14:08.461+0000] {spark_submit.py:490} INFO - 25/05/05 22:14:08 INFO BlockManagerInfo: Removed broadcast_1_piece0 on 172.18.0.6:43871 in memory (size: 34.8 KiB, free: 366.3 MiB)
[2025-05-05T22:14:08.473+0000] {spark_submit.py:490} INFO - 25/05/05 22:14:08 INFO BlockManagerInfo: Removed broadcast_1_piece0 on b431f09a1fa6:44495 in memory (size: 34.8 KiB, free: 434.4 MiB)
[2025-05-05T22:14:08.511+0000] {spark_submit.py:490} INFO - 25/05/05 22:14:08 INFO SparkContext: Starting job: showString at NativeMethodAccessorImpl.java:0
[2025-05-05T22:14:08.512+0000] {spark_submit.py:490} INFO - 25/05/05 22:14:08 INFO DAGScheduler: Got job 2 (showString at NativeMethodAccessorImpl.java:0) with 1 output partitions
[2025-05-05T22:14:08.512+0000] {spark_submit.py:490} INFO - 25/05/05 22:14:08 INFO DAGScheduler: Final stage: ResultStage 2 (showString at NativeMethodAccessorImpl.java:0)
[2025-05-05T22:14:08.513+0000] {spark_submit.py:490} INFO - 25/05/05 22:14:08 INFO DAGScheduler: Parents of final stage: List()
[2025-05-05T22:14:08.513+0000] {spark_submit.py:490} INFO - 25/05/05 22:14:08 INFO DAGScheduler: Missing parents: List()
[2025-05-05T22:14:08.515+0000] {spark_submit.py:490} INFO - 25/05/05 22:14:08 INFO DAGScheduler: Submitting ResultStage 2 (MapPartitionsRDD[12] at showString at NativeMethodAccessorImpl.java:0), which has no missing parents
[2025-05-05T22:14:08.521+0000] {spark_submit.py:490} INFO - 25/05/05 22:14:08 INFO MemoryStore: Block broadcast_4 stored as values in memory (estimated size 48.1 KiB, free 434.1 MiB)
[2025-05-05T22:14:08.528+0000] {spark_submit.py:490} INFO - 25/05/05 22:14:08 INFO MemoryStore: Block broadcast_4_piece0 stored as bytes in memory (estimated size 16.0 KiB, free 434.1 MiB)
[2025-05-05T22:14:08.530+0000] {spark_submit.py:490} INFO - 25/05/05 22:14:08 INFO BlockManagerInfo: Added broadcast_4_piece0 in memory on b431f09a1fa6:44495 (size: 16.0 KiB, free: 434.4 MiB)
[2025-05-05T22:14:08.531+0000] {spark_submit.py:490} INFO - 25/05/05 22:14:08 INFO SparkContext: Created broadcast 4 from broadcast at DAGScheduler.scala:1513
[2025-05-05T22:14:08.532+0000] {spark_submit.py:490} INFO - 25/05/05 22:14:08 INFO DAGScheduler: Submitting 1 missing tasks from ResultStage 2 (MapPartitionsRDD[12] at showString at NativeMethodAccessorImpl.java:0) (first 15 tasks are for partitions Vector(0))
[2025-05-05T22:14:08.532+0000] {spark_submit.py:490} INFO - 25/05/05 22:14:08 INFO TaskSchedulerImpl: Adding task set 2.0 with 1 tasks resource profile 0
[2025-05-05T22:14:08.534+0000] {spark_submit.py:490} INFO - 25/05/05 22:14:08 INFO TaskSetManager: Starting task 0.0 in stage 2.0 (TID 2) (172.18.0.6, executor 0, partition 0, PROCESS_LOCAL, 6639 bytes) taskResourceAssignments Map()
[2025-05-05T22:14:08.554+0000] {spark_submit.py:490} INFO - 25/05/05 22:14:08 INFO BlockManagerInfo: Added broadcast_4_piece0 in memory on 172.18.0.6:43871 (size: 16.0 KiB, free: 366.3 MiB)
[2025-05-05T22:14:09.356+0000] {spark_submit.py:490} INFO - 25/05/05 22:14:09 INFO BlockManagerInfo: Added broadcast_3_piece0 in memory on 172.18.0.6:43871 (size: 34.8 KiB, free: 366.3 MiB)
[2025-05-05T22:14:09.485+0000] {spark_submit.py:490} INFO - 25/05/05 22:14:09 INFO TaskSetManager: Finished task 0.0 in stage 2.0 (TID 2) in 951 ms on 172.18.0.6 (executor 0) (1/1)
[2025-05-05T22:14:09.485+0000] {spark_submit.py:490} INFO - 25/05/05 22:14:09 INFO TaskSchedulerImpl: Removed TaskSet 2.0, whose tasks have all completed, from pool
[2025-05-05T22:14:09.491+0000] {spark_submit.py:490} INFO - 25/05/05 22:14:09 INFO PythonAccumulatorV2: Connected to AccumulatorServer at host: 127.0.0.1 port: 49263
[2025-05-05T22:14:09.493+0000] {spark_submit.py:490} INFO - 25/05/05 22:14:09 INFO DAGScheduler: ResultStage 2 (showString at NativeMethodAccessorImpl.java:0) finished in 0.978 s
[2025-05-05T22:14:09.494+0000] {spark_submit.py:490} INFO - 25/05/05 22:14:09 INFO DAGScheduler: Job 2 is finished. Cancelling potential speculative or zombie tasks for this job
[2025-05-05T22:14:09.494+0000] {spark_submit.py:490} INFO - 25/05/05 22:14:09 INFO TaskSchedulerImpl: Killing all running tasks in stage 2: Stage finished
[2025-05-05T22:14:09.496+0000] {spark_submit.py:490} INFO - 25/05/05 22:14:09 INFO DAGScheduler: Job 2 finished: showString at NativeMethodAccessorImpl.java:0, took 0.984436 s
[2025-05-05T22:14:09.507+0000] {spark_submit.py:490} INFO - +--------------------+----------+-----------+---------+---------------+---------+---------------+----------+---------+-----+-----------+
[2025-05-05T22:14:09.508+0000] {spark_submit.py:490} INFO - |edition             |edition_id|country_noc|sport    |event          |result_id|athlete        |athlete_id|pos      |medal|isTeamSport|
[2025-05-05T22:14:09.508+0000] {spark_submit.py:490} INFO - +--------------------+----------+-----------+---------+---------------+---------+---------------+----------+---------+-----+-----------+
[2025-05-05T22:14:09.508+0000] {spark_submit.py:490} INFO - |1908 summer olympics|5         |anz        |athletics|100 metres men |56265    |ernest hutcheon|64710     |dns      |     |false      |
[2025-05-05T22:14:09.508+0000] {spark_submit.py:490} INFO - |1908 summer olympics|5         |anz        |athletics|400 metres men |56313    |henry murray   |64756     |dns      |     |false      |
[2025-05-05T22:14:09.508+0000] {spark_submit.py:490} INFO - |1908 summer olympics|5         |anz        |athletics|800 metres men |56338    |harvey sutton  |64808     |3 h8 r12 |     |false      |
[2025-05-05T22:14:09.508+0000] {spark_submit.py:490} INFO - |1908 summer olympics|5         |anz        |athletics|800 metres men |56338    |guy haskins    |922519    |dns      |     |false      |
[2025-05-05T22:14:09.508+0000] {spark_submit.py:490} INFO - |1908 summer olympics|5         |anz        |athletics|800 metres men |56338    |joseph lynch   |64735     |dns      |     |false      |
[2025-05-05T22:14:09.508+0000] {spark_submit.py:490} INFO - |1908 summer olympics|5         |anz        |athletics|800 metres men |56338    |henry murray   |64756     |dns      |     |false      |
[2025-05-05T22:14:09.508+0000] {spark_submit.py:490} INFO - |1908 summer olympics|5         |anz        |athletics|1500 metres men|56349    |joseph lynch   |64735     |5 h2 r12 |     |false      |
[2025-05-05T22:14:09.509+0000] {spark_submit.py:490} INFO - |1908 summer olympics|5         |anz        |athletics|1500 metres men|56349    |charles swain  |79576     |ac h3 r12|     |false      |
[2025-05-05T22:14:09.509+0000] {spark_submit.py:490} INFO - |1908 summer olympics|5         |anz        |athletics|1500 metres men|56349    |guy haskins    |922519    |dns      |     |false      |
[2025-05-05T22:14:09.509+0000] {spark_submit.py:490} INFO - |1908 summer olympics|5         |anz        |athletics|1500 metres men|56349    |george blake   |64619     |dns      |     |false      |
[2025-05-05T22:14:09.509+0000] {spark_submit.py:490} INFO - +--------------------+----------+-----------+---------+---------------+---------+---------------+----------+---------+-----+-----------+
[2025-05-05T22:14:09.509+0000] {spark_submit.py:490} INFO - only showing top 10 rows
[2025-05-05T22:14:09.509+0000] {spark_submit.py:490} INFO - 
[2025-05-05T22:14:09.509+0000] {spark_submit.py:490} INFO - 💾 Збереження до Silver рівня: /tmp/spark_data/silver/athlete_event_results/20250505
[2025-05-05T22:14:09.555+0000] {spark_submit.py:490} INFO - 25/05/05 22:14:09 INFO FileSourceStrategy: Pushed Filters:
[2025-05-05T22:14:09.555+0000] {spark_submit.py:490} INFO - 25/05/05 22:14:09 INFO FileSourceStrategy: Post-Scan Filters:
[2025-05-05T22:14:09.555+0000] {spark_submit.py:490} INFO - 25/05/05 22:14:09 INFO FileSourceStrategy: Output Data Schema: struct<edition: string, edition_id: string, country_noc: string, sport: string, event: string ... 9 more fields>
[2025-05-05T22:14:09.603+0000] {spark_submit.py:490} INFO - 25/05/05 22:14:09 INFO ParquetFileFormat: Using default output committer for Parquet: org.apache.parquet.hadoop.ParquetOutputCommitter
[2025-05-05T22:14:09.615+0000] {spark_submit.py:490} INFO - 25/05/05 22:14:09 INFO FileOutputCommitter: File Output Committer Algorithm version is 1
[2025-05-05T22:14:09.616+0000] {spark_submit.py:490} INFO - 25/05/05 22:14:09 INFO FileOutputCommitter: FileOutputCommitter skip cleanup _temporary folders under output directory:false, ignore cleanup failures: false
[2025-05-05T22:14:09.616+0000] {spark_submit.py:490} INFO - 25/05/05 22:14:09 INFO SQLHadoopMapReduceCommitProtocol: Using user defined output committer class org.apache.parquet.hadoop.ParquetOutputCommitter
[2025-05-05T22:14:09.617+0000] {spark_submit.py:490} INFO - 25/05/05 22:14:09 INFO FileOutputCommitter: File Output Committer Algorithm version is 1
[2025-05-05T22:14:09.617+0000] {spark_submit.py:490} INFO - 25/05/05 22:14:09 INFO FileOutputCommitter: FileOutputCommitter skip cleanup _temporary folders under output directory:false, ignore cleanup failures: false
[2025-05-05T22:14:09.617+0000] {spark_submit.py:490} INFO - 25/05/05 22:14:09 INFO SQLHadoopMapReduceCommitProtocol: Using output committer class org.apache.parquet.hadoop.ParquetOutputCommitter
[2025-05-05T22:14:09.650+0000] {spark_submit.py:490} INFO - 25/05/05 22:14:09 INFO MemoryStore: Block broadcast_5 stored as values in memory (estimated size 202.0 KiB, free 433.9 MiB)
[2025-05-05T22:14:09.660+0000] {spark_submit.py:490} INFO - 25/05/05 22:14:09 INFO MemoryStore: Block broadcast_5_piece0 stored as bytes in memory (estimated size 34.8 KiB, free 433.9 MiB)
[2025-05-05T22:14:09.662+0000] {spark_submit.py:490} INFO - 25/05/05 22:14:09 INFO BlockManagerInfo: Added broadcast_5_piece0 in memory on b431f09a1fa6:44495 (size: 34.8 KiB, free: 434.3 MiB)
[2025-05-05T22:14:09.662+0000] {spark_submit.py:490} INFO - 25/05/05 22:14:09 INFO SparkContext: Created broadcast 5 from parquet at NativeMethodAccessorImpl.java:0
[2025-05-05T22:14:09.664+0000] {spark_submit.py:490} INFO - 25/05/05 22:14:09 INFO FileSourceScanExec: Planning scan with bin packing, max size: 67950020 bytes, open cost is considered as scanning 4194304 bytes.
[2025-05-05T22:14:09.702+0000] {spark_submit.py:490} INFO - 25/05/05 22:14:09 INFO SparkContext: Starting job: parquet at NativeMethodAccessorImpl.java:0
[2025-05-05T22:14:09.703+0000] {spark_submit.py:490} INFO - 25/05/05 22:14:09 INFO DAGScheduler: Got job 3 (parquet at NativeMethodAccessorImpl.java:0) with 2 output partitions
[2025-05-05T22:14:09.704+0000] {spark_submit.py:490} INFO - 25/05/05 22:14:09 INFO DAGScheduler: Final stage: ResultStage 3 (parquet at NativeMethodAccessorImpl.java:0)
[2025-05-05T22:14:09.704+0000] {spark_submit.py:490} INFO - 25/05/05 22:14:09 INFO DAGScheduler: Parents of final stage: List()
[2025-05-05T22:14:09.704+0000] {spark_submit.py:490} INFO - 25/05/05 22:14:09 INFO DAGScheduler: Missing parents: List()
[2025-05-05T22:14:09.705+0000] {spark_submit.py:490} INFO - 25/05/05 22:14:09 INFO DAGScheduler: Submitting ResultStage 3 (MapPartitionsRDD[18] at parquet at NativeMethodAccessorImpl.java:0), which has no missing parents
[2025-05-05T22:14:09.728+0000] {spark_submit.py:490} INFO - 25/05/05 22:14:09 INFO MemoryStore: Block broadcast_6 stored as values in memory (estimated size 248.7 KiB, free 433.6 MiB)
[2025-05-05T22:14:09.738+0000] {spark_submit.py:490} INFO - 25/05/05 22:14:09 INFO MemoryStore: Block broadcast_6_piece0 stored as bytes in memory (estimated size 85.9 KiB, free 433.5 MiB)
[2025-05-05T22:14:09.748+0000] {spark_submit.py:490} INFO - 25/05/05 22:14:09 INFO BlockManagerInfo: Added broadcast_6_piece0 in memory on b431f09a1fa6:44495 (size: 85.9 KiB, free: 434.2 MiB)
[2025-05-05T22:14:09.749+0000] {spark_submit.py:490} INFO - 25/05/05 22:14:09 INFO SparkContext: Created broadcast 6 from broadcast at DAGScheduler.scala:1513
[2025-05-05T22:14:09.750+0000] {spark_submit.py:490} INFO - 25/05/05 22:14:09 INFO DAGScheduler: Submitting 2 missing tasks from ResultStage 3 (MapPartitionsRDD[18] at parquet at NativeMethodAccessorImpl.java:0) (first 15 tasks are for partitions Vector(0, 1))
[2025-05-05T22:14:09.750+0000] {spark_submit.py:490} INFO - 25/05/05 22:14:09 INFO TaskSchedulerImpl: Adding task set 3.0 with 2 tasks resource profile 0
[2025-05-05T22:14:09.751+0000] {spark_submit.py:490} INFO - 25/05/05 22:14:09 INFO TaskSetManager: Starting task 0.0 in stage 3.0 (TID 3) (172.18.0.6, executor 0, partition 0, PROCESS_LOCAL, 6639 bytes) taskResourceAssignments Map()
[2025-05-05T22:14:09.752+0000] {spark_submit.py:490} INFO - 25/05/05 22:14:09 INFO TaskSetManager: Starting task 1.0 in stage 3.0 (TID 4) (172.18.0.6, executor 0, partition 1, PROCESS_LOCAL, 6639 bytes) taskResourceAssignments Map()
[2025-05-05T22:14:09.775+0000] {spark_submit.py:490} INFO - 25/05/05 22:14:09 INFO BlockManagerInfo: Added broadcast_6_piece0 in memory on 172.18.0.6:43871 (size: 85.9 KiB, free: 366.2 MiB)
[2025-05-05T22:14:09.893+0000] {spark_submit.py:490} INFO - 25/05/05 22:14:09 INFO BlockManagerInfo: Added broadcast_5_piece0 in memory on 172.18.0.6:43871 (size: 34.8 KiB, free: 366.1 MiB)
[2025-05-05T22:14:51.488+0000] {spark_submit.py:490} INFO - 25/05/05 22:14:51 INFO TaskSetManager: Finished task 1.0 in stage 3.0 (TID 4) in 41735 ms on 172.18.0.6 (executor 0) (1/2)
[2025-05-05T22:15:01.860+0000] {spark_submit.py:490} INFO - 25/05/05 22:15:01 INFO TaskSetManager: Finished task 0.0 in stage 3.0 (TID 3) in 52108 ms on 172.18.0.6 (executor 0) (2/2)
[2025-05-05T22:15:01.860+0000] {spark_submit.py:490} INFO - 25/05/05 22:15:01 INFO TaskSchedulerImpl: Removed TaskSet 3.0, whose tasks have all completed, from pool
[2025-05-05T22:15:01.861+0000] {spark_submit.py:490} INFO - 25/05/05 22:15:01 INFO DAGScheduler: ResultStage 3 (parquet at NativeMethodAccessorImpl.java:0) finished in 52.154 s
[2025-05-05T22:15:01.862+0000] {spark_submit.py:490} INFO - 25/05/05 22:15:01 INFO DAGScheduler: Job 3 is finished. Cancelling potential speculative or zombie tasks for this job
[2025-05-05T22:15:01.862+0000] {spark_submit.py:490} INFO - 25/05/05 22:15:01 INFO TaskSchedulerImpl: Killing all running tasks in stage 3: Stage finished
[2025-05-05T22:15:01.862+0000] {spark_submit.py:490} INFO - 25/05/05 22:15:01 INFO DAGScheduler: Job 3 finished: parquet at NativeMethodAccessorImpl.java:0, took 52.166361 s
[2025-05-05T22:15:01.865+0000] {spark_submit.py:490} INFO - 25/05/05 22:15:01 INFO FileFormatWriter: Start to commit write Job 19c72721-b83d-41a6-858a-9b598e6e756d.
[2025-05-05T22:15:01.889+0000] {spark_submit.py:490} INFO - 25/05/05 22:15:01 INFO FileFormatWriter: Write Job 19c72721-b83d-41a6-858a-9b598e6e756d committed. Elapsed time: 22 ms.
[2025-05-05T22:15:01.892+0000] {spark_submit.py:490} INFO - 25/05/05 22:15:01 INFO FileFormatWriter: Finished processing stats for write job 19c72721-b83d-41a6-858a-9b598e6e756d.
[2025-05-05T22:15:01.894+0000] {spark_submit.py:490} INFO - ✅ Збережено до Silver: /tmp/spark_data/silver/athlete_event_results/20250505
[2025-05-05T22:15:01.904+0000] {spark_submit.py:490} INFO - 25/05/05 22:15:01 INFO SparkUI: Stopped Spark web UI at http://b431f09a1fa6:4040
[2025-05-05T22:15:01.907+0000] {spark_submit.py:490} INFO - 25/05/05 22:15:01 INFO StandaloneSchedulerBackend: Shutting down all executors
[2025-05-05T22:15:01.908+0000] {spark_submit.py:490} INFO - 25/05/05 22:15:01 INFO CoarseGrainedSchedulerBackend$DriverEndpoint: Asking each executor to shut down
[2025-05-05T22:15:01.934+0000] {spark_submit.py:490} INFO - 25/05/05 22:15:01 INFO MapOutputTrackerMasterEndpoint: MapOutputTrackerMasterEndpoint stopped!
[2025-05-05T22:15:01.949+0000] {spark_submit.py:490} INFO - 25/05/05 22:15:01 INFO MemoryStore: MemoryStore cleared
[2025-05-05T22:15:01.950+0000] {spark_submit.py:490} INFO - 25/05/05 22:15:01 INFO BlockManager: BlockManager stopped
[2025-05-05T22:15:01.952+0000] {spark_submit.py:490} INFO - 25/05/05 22:15:01 INFO BlockManagerMaster: BlockManagerMaster stopped
[2025-05-05T22:15:01.954+0000] {spark_submit.py:490} INFO - 25/05/05 22:15:01 INFO OutputCommitCoordinator$OutputCommitCoordinatorEndpoint: OutputCommitCoordinator stopped!
[2025-05-05T22:15:01.968+0000] {spark_submit.py:490} INFO - 25/05/05 22:15:01 INFO SparkContext: Successfully stopped SparkContext
[2025-05-05T22:15:02.891+0000] {spark_submit.py:490} INFO - 25/05/05 22:15:02 INFO ShutdownHookManager: Shutdown hook called
[2025-05-05T22:15:02.892+0000] {spark_submit.py:490} INFO - 25/05/05 22:15:02 INFO ShutdownHookManager: Deleting directory /tmp/spark-e9c70294-e5d5-48e8-be11-2b3f1a58617d
[2025-05-05T22:15:02.895+0000] {spark_submit.py:490} INFO - 25/05/05 22:15:02 INFO ShutdownHookManager: Deleting directory /tmp/spark-22a1e8e1-fdaa-4673-b89d-4ed879b693d2
[2025-05-05T22:15:02.898+0000] {spark_submit.py:490} INFO - 25/05/05 22:15:02 INFO ShutdownHookManager: Deleting directory /tmp/spark-22a1e8e1-fdaa-4673-b89d-4ed879b693d2/pyspark-3e672408-dd11-4a35-8a9e-984cfc72584a
[2025-05-05T22:15:02.939+0000] {taskinstance.py:1350} INFO - Marking task as SUCCESS. dag_id=final_project_BBDL, task_id=BronzeToSilver, execution_date=20250505T221332, start_date=20250505T221356, end_date=20250505T221502
[2025-05-05T22:15:03.015+0000] {local_task_job_runner.py:225} INFO - Task exited with return code 0
[2025-05-05T22:15:03.039+0000] {taskinstance.py:2653} INFO - 1 downstream tasks scheduled from follow-on schedule check
