[2025-04-30T18:28:54.227+0000] {local_task_job_runner.py:120} INFO - ::group::Pre task execution logs
[2025-04-30T18:28:54.287+0000] {taskinstance.py:2076} INFO - Dependencies all met for dep_context=non-requeueable deps ti=<TaskInstance: final_project_BBDL.LandingToBronze manual__2025-04-30T18:28:52.162553+00:00 [queued]>
[2025-04-30T18:28:54.301+0000] {taskinstance.py:2076} INFO - Dependencies all met for dep_context=requeueable deps ti=<TaskInstance: final_project_BBDL.LandingToBronze manual__2025-04-30T18:28:52.162553+00:00 [queued]>
[2025-04-30T18:28:54.302+0000] {taskinstance.py:2306} INFO - Starting attempt 1 of 1
[2025-04-30T18:28:54.626+0000] {taskinstance.py:2330} INFO - Executing <Task(SparkSubmitOperator): LandingToBronze> on 2025-04-30 18:28:52.162553+00:00
[2025-04-30T18:28:54.632+0000] {standard_task_runner.py:63} INFO - Started process 1664 to run task
[2025-04-30T18:28:54.637+0000] {standard_task_runner.py:90} INFO - Running: ['airflow', 'tasks', 'run', 'final_project_BBDL', 'LandingToBronze', 'manual__2025-04-30T18:28:52.162553+00:00', '--job-id', '26', '--raw', '--subdir', 'DAGS_FOLDER/project_solution.py', '--cfg-path', '/tmp/tmpkjsa6vl1']
[2025-04-30T18:28:54.641+0000] {standard_task_runner.py:91} INFO - Job 26: Subtask LandingToBronze
[2025-04-30T18:28:54.735+0000] {logging_mixin.py:188} WARNING - /home/airflow/.local/lib/python3.10/site-packages/airflow/settings.py:195 DeprecationWarning: The sql_alchemy_conn option in [core] has been moved to the sql_alchemy_conn option in [database] - the old setting has been used, but please update your config.
[2025-04-30T18:28:54.853+0000] {task_command.py:426} INFO - Running <TaskInstance: final_project_BBDL.LandingToBronze manual__2025-04-30T18:28:52.162553+00:00 [running]> on host 2ffb9d39fe3a
[2025-04-30T18:28:55.188+0000] {taskinstance.py:2648} INFO - Exporting env vars: AIRFLOW_CTX_DAG_OWNER='airflow' AIRFLOW_CTX_DAG_ID='final_project_BBDL' AIRFLOW_CTX_TASK_ID='LandingToBronze' AIRFLOW_CTX_EXECUTION_DATE='2025-04-30T18:28:52.162553+00:00' AIRFLOW_CTX_TRY_NUMBER='1' AIRFLOW_CTX_DAG_RUN_ID='manual__2025-04-30T18:28:52.162553+00:00'
[2025-04-30T18:28:55.189+0000] {taskinstance.py:430} INFO - ::endgroup::
[2025-04-30T18:28:55.267+0000] {base.py:84} INFO - Using connection ID 'spark_default' for task execution.
[2025-04-30T18:28:55.269+0000] {spark_submit.py:328} ERROR - Failed to decode base64 keytab: Invalid base64-encoded string: number of data characters (5) cannot be 1 more than a multiple of 4
[2025-04-30T18:28:55.270+0000] {spark_submit.py:305} INFO - Could not load connection string spark_default, defaulting to spark://spark-master:7077
[2025-04-30T18:28:55.271+0000] {spark_submit.py:474} INFO - Spark-Submit cmd: spark-submit --master spark://spark-master:7077 --conf spark.master=spark://spark-master:7077 --name LandingToBronze --verbose --queue root.default --deploy-mode cluster /opt/airflow/dags/landing_to_bronze.py
[2025-04-30T18:28:57.354+0000] {spark_submit.py:644} INFO - Using properties file: null
[2025-04-30T18:28:57.509+0000] {spark_submit.py:644} INFO - Parsed arguments:
[2025-04-30T18:28:57.510+0000] {spark_submit.py:644} INFO - master                  spark://spark-master:7077
[2025-04-30T18:28:57.510+0000] {spark_submit.py:644} INFO - remote                  null
[2025-04-30T18:28:57.512+0000] {spark_submit.py:644} INFO - deployMode              cluster
[2025-04-30T18:28:57.512+0000] {spark_submit.py:644} INFO - executorMemory          null
[2025-04-30T18:28:57.512+0000] {spark_submit.py:644} INFO - executorCores           null
[2025-04-30T18:28:57.512+0000] {spark_submit.py:644} INFO - totalExecutorCores      null
[2025-04-30T18:28:57.513+0000] {spark_submit.py:644} INFO - propertiesFile          null
[2025-04-30T18:28:57.513+0000] {spark_submit.py:644} INFO - driverMemory            null
[2025-04-30T18:28:57.513+0000] {spark_submit.py:644} INFO - driverCores             null
[2025-04-30T18:28:57.513+0000] {spark_submit.py:644} INFO - driverExtraClassPath    null
[2025-04-30T18:28:57.513+0000] {spark_submit.py:644} INFO - driverExtraLibraryPath  null
[2025-04-30T18:28:57.513+0000] {spark_submit.py:644} INFO - driverExtraJavaOptions  null
[2025-04-30T18:28:57.513+0000] {spark_submit.py:644} INFO - supervise               false
[2025-04-30T18:28:57.513+0000] {spark_submit.py:644} INFO - queue                   root.default
[2025-04-30T18:28:57.513+0000] {spark_submit.py:644} INFO - numExecutors            null
[2025-04-30T18:28:57.514+0000] {spark_submit.py:644} INFO - files                   null
[2025-04-30T18:28:57.514+0000] {spark_submit.py:644} INFO - pyFiles                 null
[2025-04-30T18:28:57.514+0000] {spark_submit.py:644} INFO - archives                null
[2025-04-30T18:28:57.514+0000] {spark_submit.py:644} INFO - mainClass               null
[2025-04-30T18:28:57.515+0000] {spark_submit.py:644} INFO - primaryResource         file:/opt/airflow/dags/landing_to_bronze.py
[2025-04-30T18:28:57.515+0000] {spark_submit.py:644} INFO - name                    LandingToBronze
[2025-04-30T18:28:57.515+0000] {spark_submit.py:644} INFO - childArgs               []
[2025-04-30T18:28:57.515+0000] {spark_submit.py:644} INFO - jars                    null
[2025-04-30T18:28:57.515+0000] {spark_submit.py:644} INFO - packages                null
[2025-04-30T18:28:57.515+0000] {spark_submit.py:644} INFO - packagesExclusions      null
[2025-04-30T18:28:57.516+0000] {spark_submit.py:644} INFO - repositories            null
[2025-04-30T18:28:57.516+0000] {spark_submit.py:644} INFO - verbose                 true
[2025-04-30T18:28:57.516+0000] {spark_submit.py:644} INFO - 
[2025-04-30T18:28:57.517+0000] {spark_submit.py:644} INFO - Spark properties used, including those specified through
[2025-04-30T18:28:57.517+0000] {spark_submit.py:644} INFO - --conf and those from the properties file null:
[2025-04-30T18:28:57.517+0000] {spark_submit.py:644} INFO - (spark.master,spark://spark-master:7077)
[2025-04-30T18:28:57.517+0000] {spark_submit.py:644} INFO - 
[2025-04-30T18:28:57.517+0000] {spark_submit.py:644} INFO - 
[2025-04-30T18:28:57.593+0000] {spark_submit.py:644} INFO - Exception in thread "main" org.apache.spark.SparkException: Cluster deploy mode is currently not supported for python applications on standalone clusters.
[2025-04-30T18:28:57.594+0000] {spark_submit.py:644} INFO - at org.apache.spark.deploy.SparkSubmit.error(SparkSubmit.scala:1052)
[2025-04-30T18:28:57.594+0000] {spark_submit.py:644} INFO - at org.apache.spark.deploy.SparkSubmit.prepareSubmitEnvironment(SparkSubmit.scala:298)
[2025-04-30T18:28:57.594+0000] {spark_submit.py:644} INFO - at org.apache.spark.deploy.SparkSubmit.org$apache$spark$deploy$SparkSubmit$$runMain(SparkSubmit.scala:969)
[2025-04-30T18:28:57.594+0000] {spark_submit.py:644} INFO - at org.apache.spark.deploy.SparkSubmit.doRunMain$1(SparkSubmit.scala:199)
[2025-04-30T18:28:57.594+0000] {spark_submit.py:644} INFO - at org.apache.spark.deploy.SparkSubmit.submit(SparkSubmit.scala:222)
[2025-04-30T18:28:57.594+0000] {spark_submit.py:644} INFO - at org.apache.spark.deploy.SparkSubmit.doSubmit(SparkSubmit.scala:91)
[2025-04-30T18:28:57.594+0000] {spark_submit.py:644} INFO - at org.apache.spark.deploy.SparkSubmit$$anon$2.doSubmit(SparkSubmit.scala:1125)
[2025-04-30T18:28:57.594+0000] {spark_submit.py:644} INFO - at org.apache.spark.deploy.SparkSubmit$.main(SparkSubmit.scala:1134)
[2025-04-30T18:28:57.594+0000] {spark_submit.py:644} INFO - at org.apache.spark.deploy.SparkSubmit.main(SparkSubmit.scala)
[2025-04-30T18:28:57.632+0000] {taskinstance.py:441} INFO - ::group::Post task execution logs
[2025-04-30T18:28:57.669+0000] {taskinstance.py:2905} ERROR - Task failed with exception
Traceback (most recent call last):
  File "/home/airflow/.local/lib/python3.10/site-packages/airflow/models/taskinstance.py", line 465, in _execute_task
    result = _execute_callable(context=context, **execute_callable_kwargs)
  File "/home/airflow/.local/lib/python3.10/site-packages/airflow/models/taskinstance.py", line 432, in _execute_callable
    return execute_callable(context=context, **execute_callable_kwargs)
  File "/home/airflow/.local/lib/python3.10/site-packages/airflow/models/baseoperator.py", line 400, in wrapper
    return func(self, *args, **kwargs)
  File "/home/airflow/.local/lib/python3.10/site-packages/airflow/providers/apache/spark/operators/spark_submit.py", line 197, in execute
    self._hook.submit(self.application)
  File "/home/airflow/.local/lib/python3.10/site-packages/airflow/providers/apache/spark/hooks/spark_submit.py", line 566, in submit
    raise AirflowException(
airflow.exceptions.AirflowException: Cannot execute: spark-submit --master spark://spark-master:7077 --conf spark.master=spark://spark-master:7077 --name LandingToBronze --verbose --queue root.default --deploy-mode cluster /opt/airflow/dags/landing_to_bronze.py. Error code is: 1.
[2025-04-30T18:28:57.675+0000] {taskinstance.py:1206} INFO - Marking task as FAILED. dag_id=final_project_BBDL, task_id=LandingToBronze, run_id=manual__2025-04-30T18:28:52.162553+00:00, execution_date=20250430T182852, start_date=20250430T182854, end_date=20250430T182857
[2025-04-30T18:28:57.873+0000] {standard_task_runner.py:110} ERROR - Failed to execute job 26 for task LandingToBronze (Cannot execute: spark-submit --master spark://spark-master:7077 --conf spark.master=spark://spark-master:7077 --name LandingToBronze --verbose --queue root.default --deploy-mode cluster /opt/airflow/dags/landing_to_bronze.py. Error code is: 1.; 1664)
[2025-04-30T18:28:57.897+0000] {local_task_job_runner.py:240} INFO - Task exited with return code 1
[2025-04-30T18:28:57.971+0000] {taskinstance.py:3498} INFO - 0 downstream tasks scheduled from follow-on schedule check
[2025-04-30T18:28:57.994+0000] {local_task_job_runner.py:222} INFO - ::endgroup::
