[2025-05-06T16:15:05.014+0000] {taskinstance.py:1103} INFO - Dependencies all met for dep_context=non-requeueable deps ti=<TaskInstance: final_project_BBDL.SilverToGold manual__2025-05-06T16:13:33.116003+00:00 [queued]>
[2025-05-06T16:15:05.024+0000] {taskinstance.py:1103} INFO - Dependencies all met for dep_context=requeueable deps ti=<TaskInstance: final_project_BBDL.SilverToGold manual__2025-05-06T16:13:33.116003+00:00 [queued]>
[2025-05-06T16:15:05.024+0000] {taskinstance.py:1308} INFO - Starting attempt 1 of 1
[2025-05-06T16:15:05.071+0000] {taskinstance.py:1327} INFO - Executing <Task(SparkSubmitOperator): SilverToGold> on 2025-05-06 16:13:33.116003+00:00
[2025-05-06T16:15:05.074+0000] {standard_task_runner.py:57} INFO - Started process 31562 to run task
[2025-05-06T16:15:05.077+0000] {standard_task_runner.py:84} INFO - Running: ['airflow', 'tasks', 'run', 'final_project_BBDL', 'SilverToGold', 'manual__2025-05-06T16:13:33.116003+00:00', '--job-id', '62', '--raw', '--subdir', 'DAGS_FOLDER/project_solution.py', '--cfg-path', '/tmp/tmpb35esxam']
[2025-05-06T16:15:05.078+0000] {standard_task_runner.py:85} INFO - Job 62: Subtask SilverToGold
[2025-05-06T16:15:05.118+0000] {logging_mixin.py:150} WARNING - /home/airflow/.local/lib/python3.7/site-packages/airflow/settings.py:195 DeprecationWarning: The sql_alchemy_conn option in [core] has been moved to the sql_alchemy_conn option in [database] - the old setting has been used, but please update your config.
[2025-05-06T16:15:05.156+0000] {task_command.py:410} INFO - Running <TaskInstance: final_project_BBDL.SilverToGold manual__2025-05-06T16:13:33.116003+00:00 [running]> on host b431f09a1fa6
[2025-05-06T16:15:05.307+0000] {taskinstance.py:1547} INFO - Exporting env vars: AIRFLOW_CTX_DAG_OWNER='airflow' AIRFLOW_CTX_DAG_ID='final_project_BBDL' AIRFLOW_CTX_TASK_ID='SilverToGold' AIRFLOW_CTX_EXECUTION_DATE='2025-05-06T16:13:33.116003+00:00' AIRFLOW_CTX_TRY_NUMBER='1' AIRFLOW_CTX_DAG_RUN_ID='manual__2025-05-06T16:13:33.116003+00:00'
[2025-05-06T16:15:05.319+0000] {base.py:73} INFO - Using connection ID 'spark_default' for task execution.
[2025-05-06T16:15:05.321+0000] {spark_submit.py:339} INFO - Spark-Submit cmd: spark-submit --master spark://spark-master:7077 --conf spark.master=spark://spark-master:7077 --conf spark.submit.deployMode=client --conf spark.pyspark.python=/usr/bin/python3 --conf spark.executorEnv.PYSPARK_PYTHON=/usr/bin/python3 --name SilverToGold --verbose --queue root.default /opt/airflow/dags/silver_to_gold.py
[2025-05-06T16:15:06.792+0000] {spark_submit.py:490} INFO - Using properties file: null
[2025-05-06T16:15:06.886+0000] {spark_submit.py:490} INFO - Parsed arguments:
[2025-05-06T16:15:06.887+0000] {spark_submit.py:490} INFO - master                  spark://spark-master:7077
[2025-05-06T16:15:06.887+0000] {spark_submit.py:490} INFO - deployMode              client
[2025-05-06T16:15:06.887+0000] {spark_submit.py:490} INFO - executorMemory          null
[2025-05-06T16:15:06.887+0000] {spark_submit.py:490} INFO - executorCores           null
[2025-05-06T16:15:06.887+0000] {spark_submit.py:490} INFO - totalExecutorCores      null
[2025-05-06T16:15:06.887+0000] {spark_submit.py:490} INFO - propertiesFile          null
[2025-05-06T16:15:06.887+0000] {spark_submit.py:490} INFO - driverMemory            null
[2025-05-06T16:15:06.887+0000] {spark_submit.py:490} INFO - driverCores             null
[2025-05-06T16:15:06.887+0000] {spark_submit.py:490} INFO - driverExtraClassPath    null
[2025-05-06T16:15:06.887+0000] {spark_submit.py:490} INFO - driverExtraLibraryPath  null
[2025-05-06T16:15:06.887+0000] {spark_submit.py:490} INFO - driverExtraJavaOptions  null
[2025-05-06T16:15:06.888+0000] {spark_submit.py:490} INFO - supervise               false
[2025-05-06T16:15:06.888+0000] {spark_submit.py:490} INFO - queue                   root.default
[2025-05-06T16:15:06.888+0000] {spark_submit.py:490} INFO - numExecutors            null
[2025-05-06T16:15:06.888+0000] {spark_submit.py:490} INFO - files                   null
[2025-05-06T16:15:06.888+0000] {spark_submit.py:490} INFO - pyFiles                 null
[2025-05-06T16:15:06.888+0000] {spark_submit.py:490} INFO - archives                null
[2025-05-06T16:15:06.888+0000] {spark_submit.py:490} INFO - mainClass               null
[2025-05-06T16:15:06.888+0000] {spark_submit.py:490} INFO - primaryResource         file:/opt/airflow/dags/silver_to_gold.py
[2025-05-06T16:15:06.888+0000] {spark_submit.py:490} INFO - name                    SilverToGold
[2025-05-06T16:15:06.888+0000] {spark_submit.py:490} INFO - childArgs               []
[2025-05-06T16:15:06.889+0000] {spark_submit.py:490} INFO - jars                    null
[2025-05-06T16:15:06.889+0000] {spark_submit.py:490} INFO - packages                null
[2025-05-06T16:15:06.889+0000] {spark_submit.py:490} INFO - packagesExclusions      null
[2025-05-06T16:15:06.889+0000] {spark_submit.py:490} INFO - repositories            null
[2025-05-06T16:15:06.889+0000] {spark_submit.py:490} INFO - verbose                 true
[2025-05-06T16:15:06.889+0000] {spark_submit.py:490} INFO - 
[2025-05-06T16:15:06.889+0000] {spark_submit.py:490} INFO - Spark properties used, including those specified through
[2025-05-06T16:15:06.889+0000] {spark_submit.py:490} INFO - --conf and those from the properties file null:
[2025-05-06T16:15:06.889+0000] {spark_submit.py:490} INFO - (spark.executorEnv.PYSPARK_PYTHON,/usr/bin/python3)
[2025-05-06T16:15:06.889+0000] {spark_submit.py:490} INFO - (spark.master,spark://spark-master:7077)
[2025-05-06T16:15:06.889+0000] {spark_submit.py:490} INFO - (spark.pyspark.python,/usr/bin/python3)
[2025-05-06T16:15:06.889+0000] {spark_submit.py:490} INFO - (spark.submit.deployMode,client)
[2025-05-06T16:15:06.889+0000] {spark_submit.py:490} INFO - 
[2025-05-06T16:15:06.889+0000] {spark_submit.py:490} INFO - 
[2025-05-06T16:15:07.140+0000] {spark_submit.py:490} INFO - Main class:
[2025-05-06T16:15:07.140+0000] {spark_submit.py:490} INFO - org.apache.spark.deploy.PythonRunner
[2025-05-06T16:15:07.140+0000] {spark_submit.py:490} INFO - Arguments:
[2025-05-06T16:15:07.140+0000] {spark_submit.py:490} INFO - file:/opt/airflow/dags/silver_to_gold.py
[2025-05-06T16:15:07.140+0000] {spark_submit.py:490} INFO - null
[2025-05-06T16:15:07.142+0000] {spark_submit.py:490} INFO - Spark config:
[2025-05-06T16:15:07.142+0000] {spark_submit.py:490} INFO - (spark.app.name,SilverToGold)
[2025-05-06T16:15:07.142+0000] {spark_submit.py:490} INFO - (spark.app.submitTime,1746548107125)
[2025-05-06T16:15:07.142+0000] {spark_submit.py:490} INFO - (spark.executorEnv.PYSPARK_PYTHON,/usr/bin/python3)
[2025-05-06T16:15:07.142+0000] {spark_submit.py:490} INFO - (spark.master,spark://spark-master:7077)
[2025-05-06T16:15:07.143+0000] {spark_submit.py:490} INFO - (spark.pyspark.python,/usr/bin/python3)
[2025-05-06T16:15:07.143+0000] {spark_submit.py:490} INFO - (spark.submit.deployMode,client)
[2025-05-06T16:15:07.143+0000] {spark_submit.py:490} INFO - (spark.submit.pyFiles,)
[2025-05-06T16:15:07.143+0000] {spark_submit.py:490} INFO - Classpath elements:
[2025-05-06T16:15:07.143+0000] {spark_submit.py:490} INFO - 
[2025-05-06T16:15:07.143+0000] {spark_submit.py:490} INFO - 
[2025-05-06T16:15:07.143+0000] {spark_submit.py:490} INFO - 
[2025-05-06T16:15:07.567+0000] {spark_submit.py:490} INFO - 25/05/06 16:15:07 INFO SparkContext: Running Spark version 3.3.0
[2025-05-06T16:15:07.630+0000] {spark_submit.py:490} INFO - 25/05/06 16:15:07 WARN NativeCodeLoader: Unable to load native-hadoop library for your platform... using builtin-java classes where applicable
[2025-05-06T16:15:07.714+0000] {spark_submit.py:490} INFO - 25/05/06 16:15:07 INFO ResourceUtils: ==============================================================
[2025-05-06T16:15:07.715+0000] {spark_submit.py:490} INFO - 25/05/06 16:15:07 INFO ResourceUtils: No custom resources configured for spark.driver.
[2025-05-06T16:15:07.715+0000] {spark_submit.py:490} INFO - 25/05/06 16:15:07 INFO ResourceUtils: ==============================================================
[2025-05-06T16:15:07.716+0000] {spark_submit.py:490} INFO - 25/05/06 16:15:07 INFO SparkContext: Submitted application: SilverToGold
[2025-05-06T16:15:07.735+0000] {spark_submit.py:490} INFO - 25/05/06 16:15:07 INFO ResourceProfile: Default ResourceProfile created, executor resources: Map(cores -> name: cores, amount: 1, script: , vendor: , memory -> name: memory, amount: 1024, script: , vendor: , offHeap -> name: offHeap, amount: 0, script: , vendor: ), task resources: Map(cpus -> name: cpus, amount: 1.0)
[2025-05-06T16:15:07.745+0000] {spark_submit.py:490} INFO - 25/05/06 16:15:07 INFO ResourceProfile: Limiting resource is cpu
[2025-05-06T16:15:07.745+0000] {spark_submit.py:490} INFO - 25/05/06 16:15:07 INFO ResourceProfileManager: Added ResourceProfile id: 0
[2025-05-06T16:15:07.788+0000] {spark_submit.py:490} INFO - 25/05/06 16:15:07 INFO SecurityManager: Changing view acls to: root
[2025-05-06T16:15:07.788+0000] {spark_submit.py:490} INFO - 25/05/06 16:15:07 INFO SecurityManager: Changing modify acls to: root
[2025-05-06T16:15:07.789+0000] {spark_submit.py:490} INFO - 25/05/06 16:15:07 INFO SecurityManager: Changing view acls groups to:
[2025-05-06T16:15:07.789+0000] {spark_submit.py:490} INFO - 25/05/06 16:15:07 INFO SecurityManager: Changing modify acls groups to:
[2025-05-06T16:15:07.790+0000] {spark_submit.py:490} INFO - 25/05/06 16:15:07 INFO SecurityManager: SecurityManager: authentication disabled; ui acls disabled; users  with view permissions: Set(root); groups with view permissions: Set(); users  with modify permissions: Set(root); groups with modify permissions: Set()
[2025-05-06T16:15:08.003+0000] {spark_submit.py:490} INFO - 25/05/06 16:15:08 INFO Utils: Successfully started service 'sparkDriver' on port 35925.
[2025-05-06T16:15:08.032+0000] {spark_submit.py:490} INFO - 25/05/06 16:15:08 INFO SparkEnv: Registering MapOutputTracker
[2025-05-06T16:15:08.060+0000] {spark_submit.py:490} INFO - 25/05/06 16:15:08 INFO SparkEnv: Registering BlockManagerMaster
[2025-05-06T16:15:08.079+0000] {spark_submit.py:490} INFO - 25/05/06 16:15:08 INFO BlockManagerMasterEndpoint: Using org.apache.spark.storage.DefaultTopologyMapper for getting topology information
[2025-05-06T16:15:08.080+0000] {spark_submit.py:490} INFO - 25/05/06 16:15:08 INFO BlockManagerMasterEndpoint: BlockManagerMasterEndpoint up
[2025-05-06T16:15:08.084+0000] {spark_submit.py:490} INFO - 25/05/06 16:15:08 INFO SparkEnv: Registering BlockManagerMasterHeartbeat
[2025-05-06T16:15:08.107+0000] {spark_submit.py:490} INFO - 25/05/06 16:15:08 INFO DiskBlockManager: Created local directory at /tmp/blockmgr-6ae27515-aebc-46bd-9f74-bd33f2a5eeb6
[2025-05-06T16:15:08.128+0000] {spark_submit.py:490} INFO - 25/05/06 16:15:08 INFO MemoryStore: MemoryStore started with capacity 434.4 MiB
[2025-05-06T16:15:08.143+0000] {spark_submit.py:490} INFO - 25/05/06 16:15:08 INFO SparkEnv: Registering OutputCommitCoordinator
[2025-05-06T16:15:08.319+0000] {spark_submit.py:490} INFO - 25/05/06 16:15:08 INFO Utils: Successfully started service 'SparkUI' on port 4040.
[2025-05-06T16:15:08.432+0000] {spark_submit.py:490} INFO - 25/05/06 16:15:08 INFO StandaloneAppClient$ClientEndpoint: Connecting to master spark://spark-master:7077...
[2025-05-06T16:15:08.486+0000] {spark_submit.py:490} INFO - 25/05/06 16:15:08 INFO TransportClientFactory: Successfully created connection to spark-master/172.18.0.3:7077 after 34 ms (0 ms spent in bootstraps)
[2025-05-06T16:15:08.565+0000] {spark_submit.py:490} INFO - 25/05/06 16:15:08 INFO StandaloneSchedulerBackend: Connected to Spark cluster with app ID app-20250506161508-0054
[2025-05-06T16:15:08.567+0000] {spark_submit.py:490} INFO - 25/05/06 16:15:08 INFO StandaloneAppClient$ClientEndpoint: Executor added: app-20250506161508-0054/0 on worker-20250505201940-172.18.0.6-38439 (172.18.0.6:38439) with 2 core(s)
[2025-05-06T16:15:08.569+0000] {spark_submit.py:490} INFO - 25/05/06 16:15:08 INFO StandaloneSchedulerBackend: Granted executor ID app-20250506161508-0054/0 on hostPort 172.18.0.6:38439 with 2 core(s), 1024.0 MiB RAM
[2025-05-06T16:15:08.573+0000] {spark_submit.py:490} INFO - 25/05/06 16:15:08 INFO Utils: Successfully started service 'org.apache.spark.network.netty.NettyBlockTransferService' on port 34205.
[2025-05-06T16:15:08.574+0000] {spark_submit.py:490} INFO - 25/05/06 16:15:08 INFO NettyBlockTransferService: Server created on b431f09a1fa6:34205
[2025-05-06T16:15:08.575+0000] {spark_submit.py:490} INFO - 25/05/06 16:15:08 INFO BlockManager: Using org.apache.spark.storage.RandomBlockReplicationPolicy for block replication policy
[2025-05-06T16:15:08.582+0000] {spark_submit.py:490} INFO - 25/05/06 16:15:08 INFO BlockManagerMaster: Registering BlockManager BlockManagerId(driver, b431f09a1fa6, 34205, None)
[2025-05-06T16:15:08.585+0000] {spark_submit.py:490} INFO - 25/05/06 16:15:08 INFO BlockManagerMasterEndpoint: Registering block manager b431f09a1fa6:34205 with 434.4 MiB RAM, BlockManagerId(driver, b431f09a1fa6, 34205, None)
[2025-05-06T16:15:08.588+0000] {spark_submit.py:490} INFO - 25/05/06 16:15:08 INFO BlockManagerMaster: Registered BlockManager BlockManagerId(driver, b431f09a1fa6, 34205, None)
[2025-05-06T16:15:08.589+0000] {spark_submit.py:490} INFO - 25/05/06 16:15:08 INFO BlockManager: Initialized BlockManager: BlockManagerId(driver, b431f09a1fa6, 34205, None)
[2025-05-06T16:15:08.597+0000] {spark_submit.py:490} INFO - 25/05/06 16:15:08 INFO StandaloneAppClient$ClientEndpoint: Executor updated: app-20250506161508-0054/0 is now RUNNING
[2025-05-06T16:15:08.797+0000] {spark_submit.py:490} INFO - 25/05/06 16:15:08 INFO StandaloneSchedulerBackend: SchedulerBackend is ready for scheduling beginning after reached minRegisteredResourcesRatio: 0.0
[2025-05-06T16:15:08.943+0000] {spark_submit.py:490} INFO - 2025-05-06 16:15:08,942 [INFO] 📁 Очікуваний шлях до silver athlete_event_results: /tmp/spark_data/silver/athlete_event_results/20250506
[2025-05-06T16:15:08.943+0000] {spark_submit.py:490} INFO - 2025-05-06 16:15:08,942 [INFO] 📁 Очікуваний шлях до silver athlete_bios: /tmp/spark_data/silver/athlete_bios/20250506
[2025-05-06T16:15:08.943+0000] {spark_submit.py:490} INFO - 2025-05-06 16:15:08,942 [ERROR] ❌ Один або обидва з шляхів не існують.
[2025-05-06T16:15:08.952+0000] {spark_submit.py:490} INFO - 25/05/06 16:15:08 INFO SparkUI: Stopped Spark web UI at http://b431f09a1fa6:4040
[2025-05-06T16:15:08.956+0000] {spark_submit.py:490} INFO - 25/05/06 16:15:08 INFO StandaloneSchedulerBackend: Shutting down all executors
[2025-05-06T16:15:08.959+0000] {spark_submit.py:490} INFO - 25/05/06 16:15:08 INFO CoarseGrainedSchedulerBackend$DriverEndpoint: Asking each executor to shut down
[2025-05-06T16:15:08.976+0000] {spark_submit.py:490} INFO - 25/05/06 16:15:08 INFO MapOutputTrackerMasterEndpoint: MapOutputTrackerMasterEndpoint stopped!
[2025-05-06T16:15:08.987+0000] {spark_submit.py:490} INFO - 25/05/06 16:15:08 INFO MemoryStore: MemoryStore cleared
[2025-05-06T16:15:08.987+0000] {spark_submit.py:490} INFO - 25/05/06 16:15:08 INFO BlockManager: BlockManager stopped
[2025-05-06T16:15:08.992+0000] {spark_submit.py:490} INFO - 25/05/06 16:15:08 INFO BlockManagerMaster: BlockManagerMaster stopped
[2025-05-06T16:15:08.994+0000] {spark_submit.py:490} INFO - 25/05/06 16:15:08 INFO OutputCommitCoordinator$OutputCommitCoordinatorEndpoint: OutputCommitCoordinator stopped!
[2025-05-06T16:15:09.003+0000] {spark_submit.py:490} INFO - 25/05/06 16:15:09 INFO SparkContext: Successfully stopped SparkContext
[2025-05-06T16:15:09.349+0000] {spark_submit.py:490} INFO - 25/05/06 16:15:09 INFO ShutdownHookManager: Shutdown hook called
[2025-05-06T16:15:09.350+0000] {spark_submit.py:490} INFO - 25/05/06 16:15:09 INFO ShutdownHookManager: Deleting directory /tmp/spark-ffca652c-5983-470f-b116-589443061780/pyspark-4e431f80-0e7e-4364-97c3-da00bef4012b
[2025-05-06T16:15:09.353+0000] {spark_submit.py:490} INFO - 25/05/06 16:15:09 INFO ShutdownHookManager: Deleting directory /tmp/spark-db6e6acc-12a9-40bf-adc5-ff101c397539
[2025-05-06T16:15:09.356+0000] {spark_submit.py:490} INFO - 25/05/06 16:15:09 INFO ShutdownHookManager: Deleting directory /tmp/spark-ffca652c-5983-470f-b116-589443061780
[2025-05-06T16:15:09.406+0000] {taskinstance.py:1350} INFO - Marking task as SUCCESS. dag_id=final_project_BBDL, task_id=SilverToGold, execution_date=20250506T161333, start_date=20250506T161505, end_date=20250506T161509
[2025-05-06T16:15:09.461+0000] {local_task_job_runner.py:225} INFO - Task exited with return code 0
[2025-05-06T16:15:09.479+0000] {taskinstance.py:2653} INFO - 0 downstream tasks scheduled from follow-on schedule check
