[2025-05-05T21:45:04.144+0000] {taskinstance.py:1103} INFO - Dependencies all met for dep_context=non-requeueable deps ti=<TaskInstance: final_project_BBDL.BronzeToSilver manual__2025-05-05T21:44:39.965687+00:00 [queued]>
[2025-05-05T21:45:04.155+0000] {taskinstance.py:1103} INFO - Dependencies all met for dep_context=requeueable deps ti=<TaskInstance: final_project_BBDL.BronzeToSilver manual__2025-05-05T21:44:39.965687+00:00 [queued]>
[2025-05-05T21:45:04.156+0000] {taskinstance.py:1308} INFO - Starting attempt 1 of 1
[2025-05-05T21:45:04.202+0000] {taskinstance.py:1327} INFO - Executing <Task(SparkSubmitOperator): BronzeToSilver> on 2025-05-05 21:44:39.965687+00:00
[2025-05-05T21:45:04.207+0000] {standard_task_runner.py:57} INFO - Started process 6308 to run task
[2025-05-05T21:45:04.210+0000] {standard_task_runner.py:84} INFO - Running: ['airflow', 'tasks', 'run', 'final_project_BBDL', 'BronzeToSilver', 'manual__2025-05-05T21:44:39.965687+00:00', '--job-id', '22', '--raw', '--subdir', 'DAGS_FOLDER/project_solution.py', '--cfg-path', '/tmp/tmp8yfik2sb']
[2025-05-05T21:45:04.212+0000] {standard_task_runner.py:85} INFO - Job 22: Subtask BronzeToSilver
[2025-05-05T21:45:04.249+0000] {logging_mixin.py:150} WARNING - /home/airflow/.local/lib/python3.7/site-packages/airflow/settings.py:195 DeprecationWarning: The sql_alchemy_conn option in [core] has been moved to the sql_alchemy_conn option in [database] - the old setting has been used, but please update your config.
[2025-05-05T21:45:04.288+0000] {task_command.py:410} INFO - Running <TaskInstance: final_project_BBDL.BronzeToSilver manual__2025-05-05T21:44:39.965687+00:00 [running]> on host b431f09a1fa6
[2025-05-05T21:45:04.432+0000] {taskinstance.py:1547} INFO - Exporting env vars: AIRFLOW_CTX_DAG_OWNER='airflow' AIRFLOW_CTX_DAG_ID='final_project_BBDL' AIRFLOW_CTX_TASK_ID='BronzeToSilver' AIRFLOW_CTX_EXECUTION_DATE='2025-05-05T21:44:39.965687+00:00' AIRFLOW_CTX_TRY_NUMBER='1' AIRFLOW_CTX_DAG_RUN_ID='manual__2025-05-05T21:44:39.965687+00:00'
[2025-05-05T21:45:04.442+0000] {base.py:73} INFO - Using connection ID 'spark_default' for task execution.
[2025-05-05T21:45:04.445+0000] {spark_submit.py:339} INFO - Spark-Submit cmd: spark-submit --master spark://spark-master:7077 --conf spark.master=spark://spark-master:7077 --conf spark.submit.deployMode=client --conf spark.pyspark.python=/usr/bin/python3 --conf spark.executorEnv.PYSPARK_PYTHON=/usr/bin/python3 --name BronzeToSilver --verbose --queue root.default /opt/airflow/dags/bronze_to_silver.py
[2025-05-05T21:45:06.093+0000] {spark_submit.py:490} INFO - Using properties file: null
[2025-05-05T21:45:06.214+0000] {spark_submit.py:490} INFO - Parsed arguments:
[2025-05-05T21:45:06.214+0000] {spark_submit.py:490} INFO - master                  spark://spark-master:7077
[2025-05-05T21:45:06.215+0000] {spark_submit.py:490} INFO - deployMode              client
[2025-05-05T21:45:06.215+0000] {spark_submit.py:490} INFO - executorMemory          null
[2025-05-05T21:45:06.215+0000] {spark_submit.py:490} INFO - executorCores           null
[2025-05-05T21:45:06.215+0000] {spark_submit.py:490} INFO - totalExecutorCores      null
[2025-05-05T21:45:06.215+0000] {spark_submit.py:490} INFO - propertiesFile          null
[2025-05-05T21:45:06.215+0000] {spark_submit.py:490} INFO - driverMemory            null
[2025-05-05T21:45:06.215+0000] {spark_submit.py:490} INFO - driverCores             null
[2025-05-05T21:45:06.215+0000] {spark_submit.py:490} INFO - driverExtraClassPath    null
[2025-05-05T21:45:06.215+0000] {spark_submit.py:490} INFO - driverExtraLibraryPath  null
[2025-05-05T21:45:06.215+0000] {spark_submit.py:490} INFO - driverExtraJavaOptions  null
[2025-05-05T21:45:06.215+0000] {spark_submit.py:490} INFO - supervise               false
[2025-05-05T21:45:06.215+0000] {spark_submit.py:490} INFO - queue                   root.default
[2025-05-05T21:45:06.215+0000] {spark_submit.py:490} INFO - numExecutors            null
[2025-05-05T21:45:06.215+0000] {spark_submit.py:490} INFO - files                   null
[2025-05-05T21:45:06.215+0000] {spark_submit.py:490} INFO - pyFiles                 null
[2025-05-05T21:45:06.216+0000] {spark_submit.py:490} INFO - archives                null
[2025-05-05T21:45:06.216+0000] {spark_submit.py:490} INFO - mainClass               null
[2025-05-05T21:45:06.216+0000] {spark_submit.py:490} INFO - primaryResource         file:/opt/airflow/dags/bronze_to_silver.py
[2025-05-05T21:45:06.216+0000] {spark_submit.py:490} INFO - name                    BronzeToSilver
[2025-05-05T21:45:06.216+0000] {spark_submit.py:490} INFO - childArgs               []
[2025-05-05T21:45:06.216+0000] {spark_submit.py:490} INFO - jars                    null
[2025-05-05T21:45:06.216+0000] {spark_submit.py:490} INFO - packages                null
[2025-05-05T21:45:06.216+0000] {spark_submit.py:490} INFO - packagesExclusions      null
[2025-05-05T21:45:06.216+0000] {spark_submit.py:490} INFO - repositories            null
[2025-05-05T21:45:06.216+0000] {spark_submit.py:490} INFO - verbose                 true
[2025-05-05T21:45:06.216+0000] {spark_submit.py:490} INFO - 
[2025-05-05T21:45:06.216+0000] {spark_submit.py:490} INFO - Spark properties used, including those specified through
[2025-05-05T21:45:06.216+0000] {spark_submit.py:490} INFO - --conf and those from the properties file null:
[2025-05-05T21:45:06.217+0000] {spark_submit.py:490} INFO - (spark.executorEnv.PYSPARK_PYTHON,/usr/bin/python3)
[2025-05-05T21:45:06.217+0000] {spark_submit.py:490} INFO - (spark.master,spark://spark-master:7077)
[2025-05-05T21:45:06.217+0000] {spark_submit.py:490} INFO - (spark.pyspark.python,/usr/bin/python3)
[2025-05-05T21:45:06.217+0000] {spark_submit.py:490} INFO - (spark.submit.deployMode,client)
[2025-05-05T21:45:06.217+0000] {spark_submit.py:490} INFO - 
[2025-05-05T21:45:06.217+0000] {spark_submit.py:490} INFO - 
[2025-05-05T21:45:06.494+0000] {spark_submit.py:490} INFO - Main class:
[2025-05-05T21:45:06.494+0000] {spark_submit.py:490} INFO - org.apache.spark.deploy.PythonRunner
[2025-05-05T21:45:06.495+0000] {spark_submit.py:490} INFO - Arguments:
[2025-05-05T21:45:06.495+0000] {spark_submit.py:490} INFO - file:/opt/airflow/dags/bronze_to_silver.py
[2025-05-05T21:45:06.495+0000] {spark_submit.py:490} INFO - null
[2025-05-05T21:45:06.498+0000] {spark_submit.py:490} INFO - Spark config:
[2025-05-05T21:45:06.498+0000] {spark_submit.py:490} INFO - (spark.app.name,BronzeToSilver)
[2025-05-05T21:45:06.498+0000] {spark_submit.py:490} INFO - (spark.app.submitTime,1746481506476)
[2025-05-05T21:45:06.498+0000] {spark_submit.py:490} INFO - (spark.executorEnv.PYSPARK_PYTHON,/usr/bin/python3)
[2025-05-05T21:45:06.498+0000] {spark_submit.py:490} INFO - (spark.master,spark://spark-master:7077)
[2025-05-05T21:45:06.499+0000] {spark_submit.py:490} INFO - (spark.pyspark.python,/usr/bin/python3)
[2025-05-05T21:45:06.499+0000] {spark_submit.py:490} INFO - (spark.submit.deployMode,client)
[2025-05-05T21:45:06.499+0000] {spark_submit.py:490} INFO - (spark.submit.pyFiles,)
[2025-05-05T21:45:06.499+0000] {spark_submit.py:490} INFO - Classpath elements:
[2025-05-05T21:45:06.499+0000] {spark_submit.py:490} INFO - 
[2025-05-05T21:45:06.499+0000] {spark_submit.py:490} INFO - 
[2025-05-05T21:45:06.499+0000] {spark_submit.py:490} INFO - 
[2025-05-05T21:45:07.210+0000] {spark_submit.py:490} INFO - 25/05/05 21:45:07 INFO SparkContext: Running Spark version 3.3.0
[2025-05-05T21:45:07.275+0000] {spark_submit.py:490} INFO - 25/05/05 21:45:07 WARN NativeCodeLoader: Unable to load native-hadoop library for your platform... using builtin-java classes where applicable
[2025-05-05T21:45:07.361+0000] {spark_submit.py:490} INFO - 25/05/05 21:45:07 INFO ResourceUtils: ==============================================================
[2025-05-05T21:45:07.361+0000] {spark_submit.py:490} INFO - 25/05/05 21:45:07 INFO ResourceUtils: No custom resources configured for spark.driver.
[2025-05-05T21:45:07.361+0000] {spark_submit.py:490} INFO - 25/05/05 21:45:07 INFO ResourceUtils: ==============================================================
[2025-05-05T21:45:07.362+0000] {spark_submit.py:490} INFO - 25/05/05 21:45:07 INFO SparkContext: Submitted application: Bronze to Silver ETL
[2025-05-05T21:45:07.383+0000] {spark_submit.py:490} INFO - 25/05/05 21:45:07 INFO ResourceProfile: Default ResourceProfile created, executor resources: Map(cores -> name: cores, amount: 1, script: , vendor: , memory -> name: memory, amount: 1024, script: , vendor: , offHeap -> name: offHeap, amount: 0, script: , vendor: ), task resources: Map(cpus -> name: cpus, amount: 1.0)
[2025-05-05T21:45:07.393+0000] {spark_submit.py:490} INFO - 25/05/05 21:45:07 INFO ResourceProfile: Limiting resource is cpu
[2025-05-05T21:45:07.394+0000] {spark_submit.py:490} INFO - 25/05/05 21:45:07 INFO ResourceProfileManager: Added ResourceProfile id: 0
[2025-05-05T21:45:07.440+0000] {spark_submit.py:490} INFO - 25/05/05 21:45:07 INFO SecurityManager: Changing view acls to: root
[2025-05-05T21:45:07.440+0000] {spark_submit.py:490} INFO - 25/05/05 21:45:07 INFO SecurityManager: Changing modify acls to: root
[2025-05-05T21:45:07.440+0000] {spark_submit.py:490} INFO - 25/05/05 21:45:07 INFO SecurityManager: Changing view acls groups to:
[2025-05-05T21:45:07.441+0000] {spark_submit.py:490} INFO - 25/05/05 21:45:07 INFO SecurityManager: Changing modify acls groups to:
[2025-05-05T21:45:07.441+0000] {spark_submit.py:490} INFO - 25/05/05 21:45:07 INFO SecurityManager: SecurityManager: authentication disabled; ui acls disabled; users  with view permissions: Set(root); groups with view permissions: Set(); users  with modify permissions: Set(root); groups with modify permissions: Set()
[2025-05-05T21:45:07.678+0000] {spark_submit.py:490} INFO - 25/05/05 21:45:07 INFO Utils: Successfully started service 'sparkDriver' on port 39715.
[2025-05-05T21:45:07.704+0000] {spark_submit.py:490} INFO - 25/05/05 21:45:07 INFO SparkEnv: Registering MapOutputTracker
[2025-05-05T21:45:07.735+0000] {spark_submit.py:490} INFO - 25/05/05 21:45:07 INFO SparkEnv: Registering BlockManagerMaster
[2025-05-05T21:45:07.753+0000] {spark_submit.py:490} INFO - 25/05/05 21:45:07 INFO BlockManagerMasterEndpoint: Using org.apache.spark.storage.DefaultTopologyMapper for getting topology information
[2025-05-05T21:45:07.754+0000] {spark_submit.py:490} INFO - 25/05/05 21:45:07 INFO BlockManagerMasterEndpoint: BlockManagerMasterEndpoint up
[2025-05-05T21:45:07.758+0000] {spark_submit.py:490} INFO - 25/05/05 21:45:07 INFO SparkEnv: Registering BlockManagerMasterHeartbeat
[2025-05-05T21:45:07.778+0000] {spark_submit.py:490} INFO - 25/05/05 21:45:07 INFO DiskBlockManager: Created local directory at /tmp/blockmgr-83837ac8-198b-4de1-b9b7-a8cf84780036
[2025-05-05T21:45:07.801+0000] {spark_submit.py:490} INFO - 25/05/05 21:45:07 INFO MemoryStore: MemoryStore started with capacity 434.4 MiB
[2025-05-05T21:45:07.832+0000] {spark_submit.py:490} INFO - 25/05/05 21:45:07 INFO SparkEnv: Registering OutputCommitCoordinator
[2025-05-05T21:45:08.018+0000] {spark_submit.py:490} INFO - 25/05/05 21:45:08 INFO Utils: Successfully started service 'SparkUI' on port 4040.
[2025-05-05T21:45:08.129+0000] {spark_submit.py:490} INFO - 25/05/05 21:45:08 INFO StandaloneAppClient$ClientEndpoint: Connecting to master spark://spark-master:7077...
[2025-05-05T21:45:08.172+0000] {spark_submit.py:490} INFO - 25/05/05 21:45:08 INFO TransportClientFactory: Successfully created connection to spark-master/172.18.0.3:7077 after 24 ms (0 ms spent in bootstraps)
[2025-05-05T21:45:08.248+0000] {spark_submit.py:490} INFO - 25/05/05 21:45:08 INFO StandaloneSchedulerBackend: Connected to Spark cluster with app ID app-20250505214508-0019
[2025-05-05T21:45:08.250+0000] {spark_submit.py:490} INFO - 25/05/05 21:45:08 INFO StandaloneAppClient$ClientEndpoint: Executor added: app-20250505214508-0019/0 on worker-20250505201940-172.18.0.6-38439 (172.18.0.6:38439) with 2 core(s)
[2025-05-05T21:45:08.252+0000] {spark_submit.py:490} INFO - 25/05/05 21:45:08 INFO StandaloneSchedulerBackend: Granted executor ID app-20250505214508-0019/0 on hostPort 172.18.0.6:38439 with 2 core(s), 1024.0 MiB RAM
[2025-05-05T21:45:08.258+0000] {spark_submit.py:490} INFO - 25/05/05 21:45:08 INFO Utils: Successfully started service 'org.apache.spark.network.netty.NettyBlockTransferService' on port 41871.
[2025-05-05T21:45:08.259+0000] {spark_submit.py:490} INFO - 25/05/05 21:45:08 INFO NettyBlockTransferService: Server created on b431f09a1fa6:41871
[2025-05-05T21:45:08.261+0000] {spark_submit.py:490} INFO - 25/05/05 21:45:08 INFO BlockManager: Using org.apache.spark.storage.RandomBlockReplicationPolicy for block replication policy
[2025-05-05T21:45:08.270+0000] {spark_submit.py:490} INFO - 25/05/05 21:45:08 INFO BlockManagerMaster: Registering BlockManager BlockManagerId(driver, b431f09a1fa6, 41871, None)
[2025-05-05T21:45:08.274+0000] {spark_submit.py:490} INFO - 25/05/05 21:45:08 INFO BlockManagerMasterEndpoint: Registering block manager b431f09a1fa6:41871 with 434.4 MiB RAM, BlockManagerId(driver, b431f09a1fa6, 41871, None)
[2025-05-05T21:45:08.277+0000] {spark_submit.py:490} INFO - 25/05/05 21:45:08 INFO BlockManagerMaster: Registered BlockManager BlockManagerId(driver, b431f09a1fa6, 41871, None)
[2025-05-05T21:45:08.278+0000] {spark_submit.py:490} INFO - 25/05/05 21:45:08 INFO BlockManager: Initialized BlockManager: BlockManagerId(driver, b431f09a1fa6, 41871, None)
[2025-05-05T21:45:08.293+0000] {spark_submit.py:490} INFO - 25/05/05 21:45:08 INFO StandaloneAppClient$ClientEndpoint: Executor updated: app-20250505214508-0019/0 is now RUNNING
[2025-05-05T21:45:08.467+0000] {spark_submit.py:490} INFO - 25/05/05 21:45:08 INFO StandaloneSchedulerBackend: SchedulerBackend is ready for scheduling beginning after reached minRegisteredResourcesRatio: 0.0
[2025-05-05T21:45:08.619+0000] {spark_submit.py:490} INFO - 🔍 Читання з: /tmp/spark_data/bronze/athlete_event_results/20250505_*
[2025-05-05T21:45:08.683+0000] {spark_submit.py:490} INFO - 25/05/05 21:45:08 INFO SharedState: Setting hive.metastore.warehouse.dir ('null') to the value of spark.sql.warehouse.dir.
[2025-05-05T21:45:08.692+0000] {spark_submit.py:490} INFO - 25/05/05 21:45:08 INFO SharedState: Warehouse path is 'file:/opt/airflow/spark-warehouse'.
[2025-05-05T21:45:09.598+0000] {spark_submit.py:490} INFO - 25/05/05 21:45:09 INFO InMemoryFileIndex: It took 67 ms to list leaf files for 8 paths.
[2025-05-05T21:45:10.079+0000] {spark_submit.py:490} INFO - 25/05/05 21:45:10 INFO SparkContext: Starting job: load at NativeMethodAccessorImpl.java:0
[2025-05-05T21:45:10.098+0000] {spark_submit.py:490} INFO - 25/05/05 21:45:10 INFO DAGScheduler: Got job 0 (load at NativeMethodAccessorImpl.java:0) with 1 output partitions
[2025-05-05T21:45:10.098+0000] {spark_submit.py:490} INFO - 25/05/05 21:45:10 INFO DAGScheduler: Final stage: ResultStage 0 (load at NativeMethodAccessorImpl.java:0)
[2025-05-05T21:45:10.099+0000] {spark_submit.py:490} INFO - 25/05/05 21:45:10 INFO DAGScheduler: Parents of final stage: List()
[2025-05-05T21:45:10.101+0000] {spark_submit.py:490} INFO - 25/05/05 21:45:10 INFO DAGScheduler: Missing parents: List()
[2025-05-05T21:45:10.106+0000] {spark_submit.py:490} INFO - 25/05/05 21:45:10 INFO DAGScheduler: Submitting ResultStage 0 (MapPartitionsRDD[1] at load at NativeMethodAccessorImpl.java:0), which has no missing parents
[2025-05-05T21:45:10.160+0000] {spark_submit.py:490} INFO - 25/05/05 21:45:10 INFO MemoryStore: Block broadcast_0 stored as values in memory (estimated size 102.8 KiB, free 434.3 MiB)
[2025-05-05T21:45:10.204+0000] {spark_submit.py:490} INFO - 25/05/05 21:45:10 INFO MemoryStore: Block broadcast_0_piece0 stored as bytes in memory (estimated size 36.9 KiB, free 434.3 MiB)
[2025-05-05T21:45:10.206+0000] {spark_submit.py:490} INFO - 25/05/05 21:45:10 INFO BlockManagerInfo: Added broadcast_0_piece0 in memory on b431f09a1fa6:41871 (size: 36.9 KiB, free: 434.4 MiB)
[2025-05-05T21:45:10.212+0000] {spark_submit.py:490} INFO - 25/05/05 21:45:10 INFO SparkContext: Created broadcast 0 from broadcast at DAGScheduler.scala:1513
[2025-05-05T21:45:10.233+0000] {spark_submit.py:490} INFO - 25/05/05 21:45:10 INFO DAGScheduler: Submitting 1 missing tasks from ResultStage 0 (MapPartitionsRDD[1] at load at NativeMethodAccessorImpl.java:0) (first 15 tasks are for partitions Vector(0))
[2025-05-05T21:45:10.234+0000] {spark_submit.py:490} INFO - 25/05/05 21:45:10 INFO TaskSchedulerImpl: Adding task set 0.0 with 1 tasks resource profile 0
[2025-05-05T21:45:11.046+0000] {spark_submit.py:490} INFO - 25/05/05 21:45:11 INFO CoarseGrainedSchedulerBackend$DriverEndpoint: Registered executor NettyRpcEndpointRef(spark-client://Executor) (172.18.0.6:37288) with ID 0,  ResourceProfileId 0
[2025-05-05T21:45:11.116+0000] {spark_submit.py:490} INFO - 25/05/05 21:45:11 INFO BlockManagerMasterEndpoint: Registering block manager 172.18.0.6:43765 with 366.3 MiB RAM, BlockManagerId(0, 172.18.0.6, 43765, None)
[2025-05-05T21:45:11.175+0000] {spark_submit.py:490} INFO - 25/05/05 21:45:11 INFO TaskSetManager: Starting task 0.0 in stage 0.0 (TID 0) (172.18.0.6, executor 0, partition 0, PROCESS_LOCAL, 4685 bytes) taskResourceAssignments Map()
[2025-05-05T21:45:11.441+0000] {spark_submit.py:490} INFO - 25/05/05 21:45:11 INFO BlockManagerInfo: Added broadcast_0_piece0 in memory on 172.18.0.6:43765 (size: 36.9 KiB, free: 366.3 MiB)
[2025-05-05T21:45:12.345+0000] {spark_submit.py:490} INFO - 25/05/05 21:45:12 INFO TaskSetManager: Finished task 0.0 in stage 0.0 (TID 0) in 1181 ms on 172.18.0.6 (executor 0) (1/1)
[2025-05-05T21:45:12.347+0000] {spark_submit.py:490} INFO - 25/05/05 21:45:12 INFO TaskSchedulerImpl: Removed TaskSet 0.0, whose tasks have all completed, from pool
[2025-05-05T21:45:12.352+0000] {spark_submit.py:490} INFO - 25/05/05 21:45:12 INFO DAGScheduler: ResultStage 0 (load at NativeMethodAccessorImpl.java:0) finished in 2.230 s
[2025-05-05T21:45:12.355+0000] {spark_submit.py:490} INFO - 25/05/05 21:45:12 INFO DAGScheduler: Job 0 is finished. Cancelling potential speculative or zombie tasks for this job
[2025-05-05T21:45:12.355+0000] {spark_submit.py:490} INFO - 25/05/05 21:45:12 INFO TaskSchedulerImpl: Killing all running tasks in stage 0: Stage finished
[2025-05-05T21:45:12.357+0000] {spark_submit.py:490} INFO - 25/05/05 21:45:12 INFO DAGScheduler: Job 0 finished: load at NativeMethodAccessorImpl.java:0, took 2.277710 s
[2025-05-05T21:45:12.798+0000] {spark_submit.py:490} INFO - 25/05/05 21:45:12 INFO BlockManagerInfo: Removed broadcast_0_piece0 on b431f09a1fa6:41871 in memory (size: 36.9 KiB, free: 434.4 MiB)
[2025-05-05T21:45:12.807+0000] {spark_submit.py:490} INFO - 25/05/05 21:45:12 INFO BlockManagerInfo: Removed broadcast_0_piece0 on 172.18.0.6:43765 in memory (size: 36.9 KiB, free: 366.3 MiB)
[2025-05-05T21:45:13.632+0000] {spark_submit.py:490} INFO - 📑 Схема початкового датафрейму:
[2025-05-05T21:45:13.649+0000] {spark_submit.py:490} INFO - root
[2025-05-05T21:45:13.650+0000] {spark_submit.py:490} INFO - |-- edition: string (nullable = true)
[2025-05-05T21:45:13.650+0000] {spark_submit.py:490} INFO - |-- edition_id: string (nullable = true)
[2025-05-05T21:45:13.650+0000] {spark_submit.py:490} INFO - |-- country_noc: string (nullable = true)
[2025-05-05T21:45:13.650+0000] {spark_submit.py:490} INFO - |-- sport: string (nullable = true)
[2025-05-05T21:45:13.650+0000] {spark_submit.py:490} INFO - |-- event: string (nullable = true)
[2025-05-05T21:45:13.650+0000] {spark_submit.py:490} INFO - |-- result_id: string (nullable = true)
[2025-05-05T21:45:13.650+0000] {spark_submit.py:490} INFO - |-- athlete: string (nullable = true)
[2025-05-05T21:45:13.650+0000] {spark_submit.py:490} INFO - |-- athlete_id: string (nullable = true)
[2025-05-05T21:45:13.651+0000] {spark_submit.py:490} INFO - |-- pos: string (nullable = true)
[2025-05-05T21:45:13.651+0000] {spark_submit.py:490} INFO - |-- medal: string (nullable = true)
[2025-05-05T21:45:13.651+0000] {spark_submit.py:490} INFO - |-- isTeamSport: string (nullable = true)
[2025-05-05T21:45:13.651+0000] {spark_submit.py:490} INFO - 
[2025-05-05T21:45:13.651+0000] {spark_submit.py:490} INFO - 🔎 Перші 5 рядків з Bronze:
[2025-05-05T21:45:14.035+0000] {spark_submit.py:490} INFO - 25/05/05 21:45:14 INFO FileSourceStrategy: Pushed Filters:
[2025-05-05T21:45:14.037+0000] {spark_submit.py:490} INFO - 25/05/05 21:45:14 INFO FileSourceStrategy: Post-Scan Filters:
[2025-05-05T21:45:14.039+0000] {spark_submit.py:490} INFO - 25/05/05 21:45:14 INFO FileSourceStrategy: Output Data Schema: struct<edition: string, edition_id: string, country_noc: string, sport: string, event: string ... 9 more fields>
[2025-05-05T21:45:14.381+0000] {spark_submit.py:490} INFO - 25/05/05 21:45:14 INFO CodeGenerator: Code generated in 208.436313 ms
[2025-05-05T21:45:14.410+0000] {spark_submit.py:490} INFO - 25/05/05 21:45:14 INFO MemoryStore: Block broadcast_1 stored as values in memory (estimated size 202.0 KiB, free 434.2 MiB)
[2025-05-05T21:45:14.419+0000] {spark_submit.py:490} INFO - 25/05/05 21:45:14 INFO MemoryStore: Block broadcast_1_piece0 stored as bytes in memory (estimated size 34.8 KiB, free 434.2 MiB)
[2025-05-05T21:45:14.420+0000] {spark_submit.py:490} INFO - 25/05/05 21:45:14 INFO BlockManagerInfo: Added broadcast_1_piece0 in memory on b431f09a1fa6:41871 (size: 34.8 KiB, free: 434.4 MiB)
[2025-05-05T21:45:14.421+0000] {spark_submit.py:490} INFO - 25/05/05 21:45:14 INFO SparkContext: Created broadcast 1 from showString at NativeMethodAccessorImpl.java:0
[2025-05-05T21:45:14.431+0000] {spark_submit.py:490} INFO - 25/05/05 21:45:14 INFO FileSourceScanExec: Planning scan with bin packing, max size: 54360016 bytes, open cost is considered as scanning 4194304 bytes.
[2025-05-05T21:45:14.473+0000] {spark_submit.py:490} INFO - 25/05/05 21:45:14 INFO SparkContext: Starting job: showString at NativeMethodAccessorImpl.java:0
[2025-05-05T21:45:14.474+0000] {spark_submit.py:490} INFO - 25/05/05 21:45:14 INFO DAGScheduler: Got job 1 (showString at NativeMethodAccessorImpl.java:0) with 1 output partitions
[2025-05-05T21:45:14.474+0000] {spark_submit.py:490} INFO - 25/05/05 21:45:14 INFO DAGScheduler: Final stage: ResultStage 1 (showString at NativeMethodAccessorImpl.java:0)
[2025-05-05T21:45:14.474+0000] {spark_submit.py:490} INFO - 25/05/05 21:45:14 INFO DAGScheduler: Parents of final stage: List()
[2025-05-05T21:45:14.475+0000] {spark_submit.py:490} INFO - 25/05/05 21:45:14 INFO DAGScheduler: Missing parents: List()
[2025-05-05T21:45:14.477+0000] {spark_submit.py:490} INFO - 25/05/05 21:45:14 INFO DAGScheduler: Submitting ResultStage 1 (MapPartitionsRDD[5] at showString at NativeMethodAccessorImpl.java:0), which has no missing parents
[2025-05-05T21:45:14.502+0000] {spark_submit.py:490} INFO - 25/05/05 21:45:14 INFO MemoryStore: Block broadcast_2 stored as values in memory (estimated size 18.4 KiB, free 434.2 MiB)
[2025-05-05T21:45:14.508+0000] {spark_submit.py:490} INFO - 25/05/05 21:45:14 INFO MemoryStore: Block broadcast_2_piece0 stored as bytes in memory (estimated size 6.5 KiB, free 434.1 MiB)
[2025-05-05T21:45:14.509+0000] {spark_submit.py:490} INFO - 25/05/05 21:45:14 INFO BlockManagerInfo: Added broadcast_2_piece0 in memory on b431f09a1fa6:41871 (size: 6.5 KiB, free: 434.4 MiB)
[2025-05-05T21:45:14.510+0000] {spark_submit.py:490} INFO - 25/05/05 21:45:14 INFO SparkContext: Created broadcast 2 from broadcast at DAGScheduler.scala:1513
[2025-05-05T21:45:14.511+0000] {spark_submit.py:490} INFO - 25/05/05 21:45:14 INFO DAGScheduler: Submitting 1 missing tasks from ResultStage 1 (MapPartitionsRDD[5] at showString at NativeMethodAccessorImpl.java:0) (first 15 tasks are for partitions Vector(0))
[2025-05-05T21:45:14.512+0000] {spark_submit.py:490} INFO - 25/05/05 21:45:14 INFO TaskSchedulerImpl: Adding task set 1.0 with 1 tasks resource profile 0
[2025-05-05T21:45:14.516+0000] {spark_submit.py:490} INFO - 25/05/05 21:45:14 INFO TaskSetManager: Starting task 0.0 in stage 1.0 (TID 1) (172.18.0.6, executor 0, partition 0, PROCESS_LOCAL, 6277 bytes) taskResourceAssignments Map()
[2025-05-05T21:45:14.558+0000] {spark_submit.py:490} INFO - 25/05/05 21:45:14 INFO BlockManagerInfo: Added broadcast_2_piece0 in memory on 172.18.0.6:43765 (size: 6.5 KiB, free: 366.3 MiB)
[2025-05-05T21:45:15.145+0000] {spark_submit.py:490} INFO - 25/05/05 21:45:15 INFO BlockManagerInfo: Added broadcast_1_piece0 in memory on 172.18.0.6:43765 (size: 34.8 KiB, free: 366.3 MiB)
[2025-05-05T21:45:15.586+0000] {spark_submit.py:490} INFO - 25/05/05 21:45:15 INFO TaskSetManager: Finished task 0.0 in stage 1.0 (TID 1) in 1073 ms on 172.18.0.6 (executor 0) (1/1)
[2025-05-05T21:45:15.586+0000] {spark_submit.py:490} INFO - 25/05/05 21:45:15 INFO TaskSchedulerImpl: Removed TaskSet 1.0, whose tasks have all completed, from pool
[2025-05-05T21:45:15.587+0000] {spark_submit.py:490} INFO - 25/05/05 21:45:15 INFO DAGScheduler: ResultStage 1 (showString at NativeMethodAccessorImpl.java:0) finished in 1.107 s
[2025-05-05T21:45:15.588+0000] {spark_submit.py:490} INFO - 25/05/05 21:45:15 INFO DAGScheduler: Job 1 is finished. Cancelling potential speculative or zombie tasks for this job
[2025-05-05T21:45:15.588+0000] {spark_submit.py:490} INFO - 25/05/05 21:45:15 INFO TaskSchedulerImpl: Killing all running tasks in stage 1: Stage finished
[2025-05-05T21:45:15.588+0000] {spark_submit.py:490} INFO - 25/05/05 21:45:15 INFO DAGScheduler: Job 1 finished: showString at NativeMethodAccessorImpl.java:0, took 1.115476 s
[2025-05-05T21:45:15.639+0000] {spark_submit.py:490} INFO - 25/05/05 21:45:15 INFO CodeGenerator: Code generated in 22.677687 ms
[2025-05-05T21:45:15.651+0000] {spark_submit.py:490} INFO - +--------------------+----------+-----------+---------+---------------+---------+---------------+----------+---------+-----+-----------+
[2025-05-05T21:45:15.652+0000] {spark_submit.py:490} INFO - |edition             |edition_id|country_noc|sport    |event          |result_id|athlete        |athlete_id|pos      |medal|isTeamSport|
[2025-05-05T21:45:15.652+0000] {spark_submit.py:490} INFO - +--------------------+----------+-----------+---------+---------------+---------+---------------+----------+---------+-----+-----------+
[2025-05-05T21:45:15.652+0000] {spark_submit.py:490} INFO - |1908 Summer Olympics|5         |ANZ        |Athletics|100 metres, Men|56265    |Ernest Hutcheon|64710     |DNS      |null |False      |
[2025-05-05T21:45:15.652+0000] {spark_submit.py:490} INFO - |1908 Summer Olympics|5         |ANZ        |Athletics|400 metres, Men|56313    |Henry Murray   |64756     |DNS      |null |False      |
[2025-05-05T21:45:15.652+0000] {spark_submit.py:490} INFO - |1908 Summer Olympics|5         |ANZ        |Athletics|800 metres, Men|56338    |Harvey Sutton  |64808     |3 h8 r1/2|null |False      |
[2025-05-05T21:45:15.652+0000] {spark_submit.py:490} INFO - |1908 Summer Olympics|5         |ANZ        |Athletics|800 metres, Men|56338    |Guy Haskins    |922519    |DNS      |null |False      |
[2025-05-05T21:45:15.653+0000] {spark_submit.py:490} INFO - |1908 Summer Olympics|5         |ANZ        |Athletics|800 metres, Men|56338    |Joseph Lynch   |64735     |DNS      |null |False      |
[2025-05-05T21:45:15.653+0000] {spark_submit.py:490} INFO - +--------------------+----------+-----------+---------+---------------+---------+---------------+----------+---------+-----+-----------+
[2025-05-05T21:45:15.653+0000] {spark_submit.py:490} INFO - only showing top 5 rows
[2025-05-05T21:45:15.653+0000] {spark_submit.py:490} INFO - 
[2025-05-05T21:45:15.653+0000] {spark_submit.py:490} INFO - 🧼 Чищення датафрейму...
[2025-05-05T21:45:15.972+0000] {spark_submit.py:490} INFO - 📑 Схема очищеного датафрейму:
[2025-05-05T21:45:15.973+0000] {spark_submit.py:490} INFO - root
[2025-05-05T21:45:15.973+0000] {spark_submit.py:490} INFO - |-- edition: string (nullable = true)
[2025-05-05T21:45:15.973+0000] {spark_submit.py:490} INFO - |-- edition_id: string (nullable = true)
[2025-05-05T21:45:15.973+0000] {spark_submit.py:490} INFO - |-- country_noc: string (nullable = true)
[2025-05-05T21:45:15.973+0000] {spark_submit.py:490} INFO - |-- sport: string (nullable = true)
[2025-05-05T21:45:15.973+0000] {spark_submit.py:490} INFO - |-- event: string (nullable = true)
[2025-05-05T21:45:15.973+0000] {spark_submit.py:490} INFO - |-- result_id: string (nullable = true)
[2025-05-05T21:45:15.973+0000] {spark_submit.py:490} INFO - |-- athlete: string (nullable = true)
[2025-05-05T21:45:15.974+0000] {spark_submit.py:490} INFO - |-- athlete_id: string (nullable = true)
[2025-05-05T21:45:15.974+0000] {spark_submit.py:490} INFO - |-- pos: string (nullable = true)
[2025-05-05T21:45:15.974+0000] {spark_submit.py:490} INFO - |-- medal: string (nullable = true)
[2025-05-05T21:45:15.974+0000] {spark_submit.py:490} INFO - |-- isTeamSport: string (nullable = true)
[2025-05-05T21:45:15.974+0000] {spark_submit.py:490} INFO - 
[2025-05-05T21:45:15.974+0000] {spark_submit.py:490} INFO - 🔎 Перші 10 рядків після очищення:
[2025-05-05T21:45:16.037+0000] {spark_submit.py:490} INFO - 25/05/05 21:45:16 INFO FileSourceStrategy: Pushed Filters:
[2025-05-05T21:45:16.038+0000] {spark_submit.py:490} INFO - 25/05/05 21:45:16 INFO FileSourceStrategy: Post-Scan Filters:
[2025-05-05T21:45:16.038+0000] {spark_submit.py:490} INFO - 25/05/05 21:45:16 INFO FileSourceStrategy: Output Data Schema: struct<edition: string, edition_id: string, country_noc: string, sport: string, event: string ... 9 more fields>
[2025-05-05T21:45:16.103+0000] {spark_submit.py:490} INFO - 25/05/05 21:45:16 INFO CodeGenerator: Code generated in 20.970739 ms
[2025-05-05T21:45:16.114+0000] {spark_submit.py:490} INFO - 25/05/05 21:45:16 INFO MemoryStore: Block broadcast_3 stored as values in memory (estimated size 202.0 KiB, free 433.9 MiB)
[2025-05-05T21:45:16.127+0000] {spark_submit.py:490} INFO - 25/05/05 21:45:16 INFO MemoryStore: Block broadcast_3_piece0 stored as bytes in memory (estimated size 34.8 KiB, free 433.9 MiB)
[2025-05-05T21:45:16.128+0000] {spark_submit.py:490} INFO - 25/05/05 21:45:16 INFO BlockManagerInfo: Added broadcast_3_piece0 in memory on b431f09a1fa6:41871 (size: 34.8 KiB, free: 434.3 MiB)
[2025-05-05T21:45:16.129+0000] {spark_submit.py:490} INFO - 25/05/05 21:45:16 INFO SparkContext: Created broadcast 3 from showString at NativeMethodAccessorImpl.java:0
[2025-05-05T21:45:16.131+0000] {spark_submit.py:490} INFO - 25/05/05 21:45:16 INFO FileSourceScanExec: Planning scan with bin packing, max size: 54360016 bytes, open cost is considered as scanning 4194304 bytes.
[2025-05-05T21:45:16.187+0000] {spark_submit.py:490} INFO - 25/05/05 21:45:16 INFO SparkContext: Starting job: showString at NativeMethodAccessorImpl.java:0
[2025-05-05T21:45:16.188+0000] {spark_submit.py:490} INFO - 25/05/05 21:45:16 INFO DAGScheduler: Got job 2 (showString at NativeMethodAccessorImpl.java:0) with 1 output partitions
[2025-05-05T21:45:16.188+0000] {spark_submit.py:490} INFO - 25/05/05 21:45:16 INFO DAGScheduler: Final stage: ResultStage 2 (showString at NativeMethodAccessorImpl.java:0)
[2025-05-05T21:45:16.188+0000] {spark_submit.py:490} INFO - 25/05/05 21:45:16 INFO DAGScheduler: Parents of final stage: List()
[2025-05-05T21:45:16.189+0000] {spark_submit.py:490} INFO - 25/05/05 21:45:16 INFO DAGScheduler: Missing parents: List()
[2025-05-05T21:45:16.192+0000] {spark_submit.py:490} INFO - 25/05/05 21:45:16 INFO DAGScheduler: Submitting ResultStage 2 (MapPartitionsRDD[12] at showString at NativeMethodAccessorImpl.java:0), which has no missing parents
[2025-05-05T21:45:16.199+0000] {spark_submit.py:490} INFO - 25/05/05 21:45:16 INFO MemoryStore: Block broadcast_4 stored as values in memory (estimated size 48.1 KiB, free 433.9 MiB)
[2025-05-05T21:45:16.205+0000] {spark_submit.py:490} INFO - 25/05/05 21:45:16 INFO MemoryStore: Block broadcast_4_piece0 stored as bytes in memory (estimated size 16.0 KiB, free 433.9 MiB)
[2025-05-05T21:45:16.206+0000] {spark_submit.py:490} INFO - 25/05/05 21:45:16 INFO BlockManagerInfo: Added broadcast_4_piece0 in memory on b431f09a1fa6:41871 (size: 16.0 KiB, free: 434.3 MiB)
[2025-05-05T21:45:16.207+0000] {spark_submit.py:490} INFO - 25/05/05 21:45:16 INFO SparkContext: Created broadcast 4 from broadcast at DAGScheduler.scala:1513
[2025-05-05T21:45:16.208+0000] {spark_submit.py:490} INFO - 25/05/05 21:45:16 INFO DAGScheduler: Submitting 1 missing tasks from ResultStage 2 (MapPartitionsRDD[12] at showString at NativeMethodAccessorImpl.java:0) (first 15 tasks are for partitions Vector(0))
[2025-05-05T21:45:16.208+0000] {spark_submit.py:490} INFO - 25/05/05 21:45:16 INFO TaskSchedulerImpl: Adding task set 2.0 with 1 tasks resource profile 0
[2025-05-05T21:45:16.210+0000] {spark_submit.py:490} INFO - 25/05/05 21:45:16 INFO TaskSetManager: Starting task 0.0 in stage 2.0 (TID 2) (172.18.0.6, executor 0, partition 0, PROCESS_LOCAL, 6277 bytes) taskResourceAssignments Map()
[2025-05-05T21:45:16.229+0000] {spark_submit.py:490} INFO - 25/05/05 21:45:16 INFO BlockManagerInfo: Added broadcast_4_piece0 in memory on 172.18.0.6:43765 (size: 16.0 KiB, free: 366.2 MiB)
[2025-05-05T21:45:17.064+0000] {spark_submit.py:490} INFO - 25/05/05 21:45:17 INFO BlockManagerInfo: Added broadcast_3_piece0 in memory on 172.18.0.6:43765 (size: 34.8 KiB, free: 366.2 MiB)
[2025-05-05T21:45:17.199+0000] {spark_submit.py:490} INFO - 25/05/05 21:45:17 INFO TaskSetManager: Finished task 0.0 in stage 2.0 (TID 2) in 989 ms on 172.18.0.6 (executor 0) (1/1)
[2025-05-05T21:45:17.199+0000] {spark_submit.py:490} INFO - 25/05/05 21:45:17 INFO TaskSchedulerImpl: Removed TaskSet 2.0, whose tasks have all completed, from pool
[2025-05-05T21:45:17.203+0000] {spark_submit.py:490} INFO - 25/05/05 21:45:17 INFO PythonAccumulatorV2: Connected to AccumulatorServer at host: 127.0.0.1 port: 42133
[2025-05-05T21:45:17.204+0000] {spark_submit.py:490} INFO - 25/05/05 21:45:17 INFO DAGScheduler: ResultStage 2 (showString at NativeMethodAccessorImpl.java:0) finished in 1.013 s
[2025-05-05T21:45:17.205+0000] {spark_submit.py:490} INFO - 25/05/05 21:45:17 INFO DAGScheduler: Job 2 is finished. Cancelling potential speculative or zombie tasks for this job
[2025-05-05T21:45:17.206+0000] {spark_submit.py:490} INFO - 25/05/05 21:45:17 INFO TaskSchedulerImpl: Killing all running tasks in stage 2: Stage finished
[2025-05-05T21:45:17.207+0000] {spark_submit.py:490} INFO - 25/05/05 21:45:17 INFO DAGScheduler: Job 2 finished: showString at NativeMethodAccessorImpl.java:0, took 1.019648 s
[2025-05-05T21:45:17.218+0000] {spark_submit.py:490} INFO - +--------------------+----------+-----------+---------+---------------+---------+---------------+----------+---------+-----+-----------+
[2025-05-05T21:45:17.218+0000] {spark_submit.py:490} INFO - |edition             |edition_id|country_noc|sport    |event          |result_id|athlete        |athlete_id|pos      |medal|isTeamSport|
[2025-05-05T21:45:17.219+0000] {spark_submit.py:490} INFO - +--------------------+----------+-----------+---------+---------------+---------+---------------+----------+---------+-----+-----------+
[2025-05-05T21:45:17.219+0000] {spark_submit.py:490} INFO - |1908 summer olympics|5         |anz        |athletics|100 metres men |56265    |ernest hutcheon|64710     |dns      |     |false      |
[2025-05-05T21:45:17.219+0000] {spark_submit.py:490} INFO - |1908 summer olympics|5         |anz        |athletics|400 metres men |56313    |henry murray   |64756     |dns      |     |false      |
[2025-05-05T21:45:17.219+0000] {spark_submit.py:490} INFO - |1908 summer olympics|5         |anz        |athletics|800 metres men |56338    |harvey sutton  |64808     |3 h8 r12 |     |false      |
[2025-05-05T21:45:17.219+0000] {spark_submit.py:490} INFO - |1908 summer olympics|5         |anz        |athletics|800 metres men |56338    |guy haskins    |922519    |dns      |     |false      |
[2025-05-05T21:45:17.219+0000] {spark_submit.py:490} INFO - |1908 summer olympics|5         |anz        |athletics|800 metres men |56338    |joseph lynch   |64735     |dns      |     |false      |
[2025-05-05T21:45:17.219+0000] {spark_submit.py:490} INFO - |1908 summer olympics|5         |anz        |athletics|800 metres men |56338    |henry murray   |64756     |dns      |     |false      |
[2025-05-05T21:45:17.219+0000] {spark_submit.py:490} INFO - |1908 summer olympics|5         |anz        |athletics|1500 metres men|56349    |joseph lynch   |64735     |5 h2 r12 |     |false      |
[2025-05-05T21:45:17.219+0000] {spark_submit.py:490} INFO - |1908 summer olympics|5         |anz        |athletics|1500 metres men|56349    |charles swain  |79576     |ac h3 r12|     |false      |
[2025-05-05T21:45:17.219+0000] {spark_submit.py:490} INFO - |1908 summer olympics|5         |anz        |athletics|1500 metres men|56349    |guy haskins    |922519    |dns      |     |false      |
[2025-05-05T21:45:17.220+0000] {spark_submit.py:490} INFO - |1908 summer olympics|5         |anz        |athletics|1500 metres men|56349    |george blake   |64619     |dns      |     |false      |
[2025-05-05T21:45:17.220+0000] {spark_submit.py:490} INFO - +--------------------+----------+-----------+---------+---------------+---------+---------------+----------+---------+-----+-----------+
[2025-05-05T21:45:17.220+0000] {spark_submit.py:490} INFO - only showing top 10 rows
[2025-05-05T21:45:17.220+0000] {spark_submit.py:490} INFO - 
[2025-05-05T21:45:17.220+0000] {spark_submit.py:490} INFO - 💾 Збереження до Silver рівня: /tmp/spark_data/silver/athlete_event_results/20250505
[2025-05-05T21:45:17.272+0000] {spark_submit.py:490} INFO - 25/05/05 21:45:17 INFO FileSourceStrategy: Pushed Filters:
[2025-05-05T21:45:17.273+0000] {spark_submit.py:490} INFO - 25/05/05 21:45:17 INFO FileSourceStrategy: Post-Scan Filters:
[2025-05-05T21:45:17.273+0000] {spark_submit.py:490} INFO - 25/05/05 21:45:17 INFO FileSourceStrategy: Output Data Schema: struct<edition: string, edition_id: string, country_noc: string, sport: string, event: string ... 9 more fields>
[2025-05-05T21:45:17.328+0000] {spark_submit.py:490} INFO - 25/05/05 21:45:17 INFO ParquetFileFormat: Using default output committer for Parquet: org.apache.parquet.hadoop.ParquetOutputCommitter
[2025-05-05T21:45:17.341+0000] {spark_submit.py:490} INFO - 25/05/05 21:45:17 INFO FileOutputCommitter: File Output Committer Algorithm version is 1
[2025-05-05T21:45:17.341+0000] {spark_submit.py:490} INFO - 25/05/05 21:45:17 INFO FileOutputCommitter: FileOutputCommitter skip cleanup _temporary folders under output directory:false, ignore cleanup failures: false
[2025-05-05T21:45:17.342+0000] {spark_submit.py:490} INFO - 25/05/05 21:45:17 INFO SQLHadoopMapReduceCommitProtocol: Using user defined output committer class org.apache.parquet.hadoop.ParquetOutputCommitter
[2025-05-05T21:45:17.342+0000] {spark_submit.py:490} INFO - 25/05/05 21:45:17 INFO FileOutputCommitter: File Output Committer Algorithm version is 1
[2025-05-05T21:45:17.343+0000] {spark_submit.py:490} INFO - 25/05/05 21:45:17 INFO FileOutputCommitter: FileOutputCommitter skip cleanup _temporary folders under output directory:false, ignore cleanup failures: false
[2025-05-05T21:45:17.343+0000] {spark_submit.py:490} INFO - 25/05/05 21:45:17 INFO SQLHadoopMapReduceCommitProtocol: Using output committer class org.apache.parquet.hadoop.ParquetOutputCommitter
[2025-05-05T21:45:17.387+0000] {spark_submit.py:490} INFO - 25/05/05 21:45:17 INFO BlockManagerInfo: Removed broadcast_2_piece0 on b431f09a1fa6:41871 in memory (size: 6.5 KiB, free: 434.3 MiB)
[2025-05-05T21:45:17.390+0000] {spark_submit.py:490} INFO - 25/05/05 21:45:17 INFO BlockManagerInfo: Removed broadcast_2_piece0 on 172.18.0.6:43765 in memory (size: 6.5 KiB, free: 366.2 MiB)
[2025-05-05T21:45:17.402+0000] {spark_submit.py:490} INFO - 25/05/05 21:45:17 INFO MemoryStore: Block broadcast_5 stored as values in memory (estimated size 202.0 KiB, free 433.7 MiB)
[2025-05-05T21:45:17.418+0000] {spark_submit.py:490} INFO - 25/05/05 21:45:17 INFO BlockManagerInfo: Removed broadcast_4_piece0 on b431f09a1fa6:41871 in memory (size: 16.0 KiB, free: 434.3 MiB)
[2025-05-05T21:45:17.419+0000] {spark_submit.py:490} INFO - 25/05/05 21:45:17 INFO BlockManagerInfo: Removed broadcast_4_piece0 on 172.18.0.6:43765 in memory (size: 16.0 KiB, free: 366.2 MiB)
[2025-05-05T21:45:17.427+0000] {spark_submit.py:490} INFO - 25/05/05 21:45:17 INFO MemoryStore: Block broadcast_5_piece0 stored as bytes in memory (estimated size 34.8 KiB, free 433.7 MiB)
[2025-05-05T21:45:17.430+0000] {spark_submit.py:490} INFO - 25/05/05 21:45:17 INFO BlockManagerInfo: Added broadcast_5_piece0 in memory on b431f09a1fa6:41871 (size: 34.8 KiB, free: 434.3 MiB)
[2025-05-05T21:45:17.431+0000] {spark_submit.py:490} INFO - 25/05/05 21:45:17 INFO SparkContext: Created broadcast 5 from parquet at NativeMethodAccessorImpl.java:0
[2025-05-05T21:45:17.434+0000] {spark_submit.py:490} INFO - 25/05/05 21:45:17 INFO FileSourceScanExec: Planning scan with bin packing, max size: 54360016 bytes, open cost is considered as scanning 4194304 bytes.
[2025-05-05T21:45:17.437+0000] {spark_submit.py:490} INFO - 25/05/05 21:45:17 INFO BlockManagerInfo: Removed broadcast_3_piece0 on b431f09a1fa6:41871 in memory (size: 34.8 KiB, free: 434.3 MiB)
[2025-05-05T21:45:17.439+0000] {spark_submit.py:490} INFO - 25/05/05 21:45:17 INFO BlockManagerInfo: Removed broadcast_3_piece0 on 172.18.0.6:43765 in memory (size: 34.8 KiB, free: 366.3 MiB)
[2025-05-05T21:45:17.451+0000] {spark_submit.py:490} INFO - 25/05/05 21:45:17 INFO BlockManagerInfo: Removed broadcast_1_piece0 on b431f09a1fa6:41871 in memory (size: 34.8 KiB, free: 434.4 MiB)
[2025-05-05T21:45:17.455+0000] {spark_submit.py:490} INFO - 25/05/05 21:45:17 INFO BlockManagerInfo: Removed broadcast_1_piece0 on 172.18.0.6:43765 in memory (size: 34.8 KiB, free: 366.3 MiB)
[2025-05-05T21:45:17.482+0000] {spark_submit.py:490} INFO - 25/05/05 21:45:17 INFO SparkContext: Starting job: parquet at NativeMethodAccessorImpl.java:0
[2025-05-05T21:45:17.484+0000] {spark_submit.py:490} INFO - 25/05/05 21:45:17 INFO DAGScheduler: Got job 3 (parquet at NativeMethodAccessorImpl.java:0) with 2 output partitions
[2025-05-05T21:45:17.484+0000] {spark_submit.py:490} INFO - 25/05/05 21:45:17 INFO DAGScheduler: Final stage: ResultStage 3 (parquet at NativeMethodAccessorImpl.java:0)
[2025-05-05T21:45:17.484+0000] {spark_submit.py:490} INFO - 25/05/05 21:45:17 INFO DAGScheduler: Parents of final stage: List()
[2025-05-05T21:45:17.485+0000] {spark_submit.py:490} INFO - 25/05/05 21:45:17 INFO DAGScheduler: Missing parents: List()
[2025-05-05T21:45:17.486+0000] {spark_submit.py:490} INFO - 25/05/05 21:45:17 INFO DAGScheduler: Submitting ResultStage 3 (MapPartitionsRDD[18] at parquet at NativeMethodAccessorImpl.java:0), which has no missing parents
[2025-05-05T21:45:17.509+0000] {spark_submit.py:490} INFO - 25/05/05 21:45:17 INFO MemoryStore: Block broadcast_6 stored as values in memory (estimated size 248.7 KiB, free 433.9 MiB)
[2025-05-05T21:45:17.513+0000] {spark_submit.py:490} INFO - 25/05/05 21:45:17 INFO MemoryStore: Block broadcast_6_piece0 stored as bytes in memory (estimated size 85.9 KiB, free 433.8 MiB)
[2025-05-05T21:45:17.516+0000] {spark_submit.py:490} INFO - 25/05/05 21:45:17 INFO BlockManagerInfo: Added broadcast_6_piece0 in memory on b431f09a1fa6:41871 (size: 85.9 KiB, free: 434.3 MiB)
[2025-05-05T21:45:17.517+0000] {spark_submit.py:490} INFO - 25/05/05 21:45:17 INFO SparkContext: Created broadcast 6 from broadcast at DAGScheduler.scala:1513
[2025-05-05T21:45:17.518+0000] {spark_submit.py:490} INFO - 25/05/05 21:45:17 INFO DAGScheduler: Submitting 2 missing tasks from ResultStage 3 (MapPartitionsRDD[18] at parquet at NativeMethodAccessorImpl.java:0) (first 15 tasks are for partitions Vector(0, 1))
[2025-05-05T21:45:17.518+0000] {spark_submit.py:490} INFO - 25/05/05 21:45:17 INFO TaskSchedulerImpl: Adding task set 3.0 with 2 tasks resource profile 0
[2025-05-05T21:45:17.520+0000] {spark_submit.py:490} INFO - 25/05/05 21:45:17 INFO TaskSetManager: Starting task 0.0 in stage 3.0 (TID 3) (172.18.0.6, executor 0, partition 0, PROCESS_LOCAL, 6277 bytes) taskResourceAssignments Map()
[2025-05-05T21:45:17.521+0000] {spark_submit.py:490} INFO - 25/05/05 21:45:17 INFO TaskSetManager: Starting task 1.0 in stage 3.0 (TID 4) (172.18.0.6, executor 0, partition 1, PROCESS_LOCAL, 6277 bytes) taskResourceAssignments Map()
[2025-05-05T21:45:17.546+0000] {spark_submit.py:490} INFO - 25/05/05 21:45:17 INFO BlockManagerInfo: Added broadcast_6_piece0 in memory on 172.18.0.6:43765 (size: 85.9 KiB, free: 366.2 MiB)
[2025-05-05T21:45:17.719+0000] {spark_submit.py:490} INFO - 25/05/05 21:45:17 INFO BlockManagerInfo: Added broadcast_5_piece0 in memory on 172.18.0.6:43765 (size: 34.8 KiB, free: 366.2 MiB)
[2025-05-05T21:45:50.216+0000] {spark_submit.py:490} INFO - 25/05/05 21:45:50 INFO TaskSetManager: Finished task 1.0 in stage 3.0 (TID 4) in 32695 ms on 172.18.0.6 (executor 0) (1/2)
[2025-05-05T21:45:58.833+0000] {spark_submit.py:490} INFO - 25/05/05 21:45:58 INFO TaskSetManager: Finished task 0.0 in stage 3.0 (TID 3) in 41313 ms on 172.18.0.6 (executor 0) (2/2)
[2025-05-05T21:45:58.833+0000] {spark_submit.py:490} INFO - 25/05/05 21:45:58 INFO TaskSchedulerImpl: Removed TaskSet 3.0, whose tasks have all completed, from pool
[2025-05-05T21:45:58.835+0000] {spark_submit.py:490} INFO - 25/05/05 21:45:58 INFO DAGScheduler: ResultStage 3 (parquet at NativeMethodAccessorImpl.java:0) finished in 41.348 s
[2025-05-05T21:45:58.835+0000] {spark_submit.py:490} INFO - 25/05/05 21:45:58 INFO DAGScheduler: Job 3 is finished. Cancelling potential speculative or zombie tasks for this job
[2025-05-05T21:45:58.836+0000] {spark_submit.py:490} INFO - 25/05/05 21:45:58 INFO TaskSchedulerImpl: Killing all running tasks in stage 3: Stage finished
[2025-05-05T21:45:58.836+0000] {spark_submit.py:490} INFO - 25/05/05 21:45:58 INFO DAGScheduler: Job 3 finished: parquet at NativeMethodAccessorImpl.java:0, took 41.359421 s
[2025-05-05T21:45:58.838+0000] {spark_submit.py:490} INFO - 25/05/05 21:45:58 INFO FileFormatWriter: Start to commit write Job 528bee39-037d-425f-9124-6c4c24f423c0.
[2025-05-05T21:45:58.862+0000] {spark_submit.py:490} INFO - 25/05/05 21:45:58 INFO FileFormatWriter: Write Job 528bee39-037d-425f-9124-6c4c24f423c0 committed. Elapsed time: 23 ms.
[2025-05-05T21:45:58.865+0000] {spark_submit.py:490} INFO - 25/05/05 21:45:58 INFO FileFormatWriter: Finished processing stats for write job 528bee39-037d-425f-9124-6c4c24f423c0.
[2025-05-05T21:45:58.868+0000] {spark_submit.py:490} INFO - ✅ Збережено до Silver: /tmp/spark_data/silver/athlete_event_results/20250505
[2025-05-05T21:45:58.878+0000] {spark_submit.py:490} INFO - 25/05/05 21:45:58 INFO SparkUI: Stopped Spark web UI at http://b431f09a1fa6:4040
[2025-05-05T21:45:58.882+0000] {spark_submit.py:490} INFO - 25/05/05 21:45:58 INFO StandaloneSchedulerBackend: Shutting down all executors
[2025-05-05T21:45:58.883+0000] {spark_submit.py:490} INFO - 25/05/05 21:45:58 INFO CoarseGrainedSchedulerBackend$DriverEndpoint: Asking each executor to shut down
[2025-05-05T21:45:58.905+0000] {spark_submit.py:490} INFO - 25/05/05 21:45:58 INFO MapOutputTrackerMasterEndpoint: MapOutputTrackerMasterEndpoint stopped!
[2025-05-05T21:45:58.929+0000] {spark_submit.py:490} INFO - 25/05/05 21:45:58 INFO MemoryStore: MemoryStore cleared
[2025-05-05T21:45:58.930+0000] {spark_submit.py:490} INFO - 25/05/05 21:45:58 INFO BlockManager: BlockManager stopped
[2025-05-05T21:45:58.933+0000] {spark_submit.py:490} INFO - 25/05/05 21:45:58 INFO BlockManagerMaster: BlockManagerMaster stopped
[2025-05-05T21:45:58.935+0000] {spark_submit.py:490} INFO - 25/05/05 21:45:58 INFO OutputCommitCoordinator$OutputCommitCoordinatorEndpoint: OutputCommitCoordinator stopped!
[2025-05-05T21:45:58.946+0000] {spark_submit.py:490} INFO - 25/05/05 21:45:58 INFO SparkContext: Successfully stopped SparkContext
[2025-05-05T21:45:59.870+0000] {spark_submit.py:490} INFO - 25/05/05 21:45:59 INFO ShutdownHookManager: Shutdown hook called
[2025-05-05T21:45:59.871+0000] {spark_submit.py:490} INFO - 25/05/05 21:45:59 INFO ShutdownHookManager: Deleting directory /tmp/spark-7ac8040c-eeb0-4c07-94db-18e41fdc61c5
[2025-05-05T21:45:59.874+0000] {spark_submit.py:490} INFO - 25/05/05 21:45:59 INFO ShutdownHookManager: Deleting directory /tmp/spark-4d089dd9-d42b-4e42-8f89-3b257c046df5/pyspark-e011a015-80b4-4347-a13c-370d026b96fb
[2025-05-05T21:45:59.877+0000] {spark_submit.py:490} INFO - 25/05/05 21:45:59 INFO ShutdownHookManager: Deleting directory /tmp/spark-4d089dd9-d42b-4e42-8f89-3b257c046df5
[2025-05-05T21:45:59.919+0000] {taskinstance.py:1350} INFO - Marking task as SUCCESS. dag_id=final_project_BBDL, task_id=BronzeToSilver, execution_date=20250505T214439, start_date=20250505T214504, end_date=20250505T214559
[2025-05-05T21:45:59.986+0000] {local_task_job_runner.py:225} INFO - Task exited with return code 0
[2025-05-05T21:46:00.006+0000] {taskinstance.py:2653} INFO - 1 downstream tasks scheduled from follow-on schedule check
