[2025-04-23T20:02:47.268+0000] {local_task_job_runner.py:120} INFO - ::group::Pre task execution logs
[2025-04-23T20:02:47.325+0000] {taskinstance.py:2076} INFO - Dependencies all met for dep_context=non-requeueable deps ti=<TaskInstance: final_project_BBDL.LandingToBronze manual__2025-04-23T20:02:45.574450+00:00 [queued]>
[2025-04-23T20:02:47.333+0000] {taskinstance.py:2076} INFO - Dependencies all met for dep_context=requeueable deps ti=<TaskInstance: final_project_BBDL.LandingToBronze manual__2025-04-23T20:02:45.574450+00:00 [queued]>
[2025-04-23T20:02:47.334+0000] {taskinstance.py:2306} INFO - Starting attempt 1 of 1
[2025-04-23T20:02:47.378+0000] {taskinstance.py:2330} INFO - Executing <Task(PythonOperator): LandingToBronze> on 2025-04-23 20:02:45.574450+00:00
[2025-04-23T20:02:47.382+0000] {standard_task_runner.py:63} INFO - Started process 788 to run task
[2025-04-23T20:02:47.386+0000] {standard_task_runner.py:90} INFO - Running: ['airflow', 'tasks', 'run', 'final_project_BBDL', 'LandingToBronze', 'manual__2025-04-23T20:02:45.574450+00:00', '--job-id', '4', '--raw', '--subdir', 'DAGS_FOLDER/project_solution.py', '--cfg-path', '/tmp/tmpdnhcvvhl']
[2025-04-23T20:02:47.388+0000] {standard_task_runner.py:91} INFO - Job 4: Subtask LandingToBronze
[2025-04-23T20:02:47.480+0000] {logging_mixin.py:188} WARNING - /home/airflow/.local/lib/python3.10/site-packages/airflow/settings.py:195 DeprecationWarning: The sql_alchemy_conn option in [core] has been moved to the sql_alchemy_conn option in [database] - the old setting has been used, but please update your config.
[2025-04-23T20:02:47.567+0000] {task_command.py:426} INFO - Running <TaskInstance: final_project_BBDL.LandingToBronze manual__2025-04-23T20:02:45.574450+00:00 [running]> on host 89b4ca2e2289
[2025-04-23T20:02:47.842+0000] {taskinstance.py:2648} INFO - Exporting env vars: AIRFLOW_CTX_DAG_OWNER='airflow' AIRFLOW_CTX_DAG_ID='final_project_BBDL' AIRFLOW_CTX_TASK_ID='LandingToBronze' AIRFLOW_CTX_EXECUTION_DATE='2025-04-23T20:02:45.574450+00:00' AIRFLOW_CTX_TRY_NUMBER='1' AIRFLOW_CTX_DAG_RUN_ID='manual__2025-04-23T20:02:45.574450+00:00'
[2025-04-23T20:02:47.843+0000] {taskinstance.py:430} INFO - ::endgroup::
[2025-04-23T20:02:47.855+0000] {taskinstance.py:441} INFO - ::group::Post task execution logs
[2025-04-23T20:02:47.856+0000] {taskinstance.py:2905} ERROR - Task failed with exception
Traceback (most recent call last):
  File "/home/airflow/.local/lib/python3.10/site-packages/airflow/models/taskinstance.py", line 465, in _execute_task
    result = _execute_callable(context=context, **execute_callable_kwargs)
  File "/home/airflow/.local/lib/python3.10/site-packages/airflow/models/taskinstance.py", line 432, in _execute_callable
    return execute_callable(context=context, **execute_callable_kwargs)
  File "/home/airflow/.local/lib/python3.10/site-packages/airflow/models/baseoperator.py", line 400, in wrapper
    return func(self, *args, **kwargs)
  File "/home/airflow/.local/lib/python3.10/site-packages/airflow/operators/python.py", line 235, in execute
    return_value = self.execute_callable()
  File "/home/airflow/.local/lib/python3.10/site-packages/airflow/operators/python.py", line 252, in execute_callable
    return self.python_callable(*self.op_args, **self.op_kwargs)
  File "/opt/airflow/dags/landing_to_bronze.py", line 6, in main
    import findspark
ModuleNotFoundError: No module named 'findspark'
[2025-04-23T20:02:47.898+0000] {taskinstance.py:1206} INFO - Marking task as FAILED. dag_id=final_project_BBDL, task_id=LandingToBronze, run_id=manual__2025-04-23T20:02:45.574450+00:00, execution_date=20250423T200245, start_date=20250423T200247, end_date=20250423T200247
[2025-04-23T20:02:47.949+0000] {standard_task_runner.py:110} ERROR - Failed to execute job 4 for task LandingToBronze (No module named 'findspark'; 788)
[2025-04-23T20:02:47.958+0000] {local_task_job_runner.py:240} INFO - Task exited with return code 1
[2025-04-23T20:02:48.004+0000] {taskinstance.py:3498} INFO - 0 downstream tasks scheduled from follow-on schedule check
[2025-04-23T20:02:48.088+0000] {local_task_job_runner.py:222} INFO - ::endgroup::
