[2025-05-04T10:47:53.761+0000] {local_task_job_runner.py:120} INFO - ::group::Pre task execution logs
[2025-05-04T10:47:53.816+0000] {taskinstance.py:2076} INFO - Dependencies all met for dep_context=non-requeueable deps ti=<TaskInstance: final_project_BBDL.BronzeToSilver manual__2025-05-04T10:47:13.878387+00:00 [queued]>
[2025-05-04T10:47:53.825+0000] {taskinstance.py:2076} INFO - Dependencies all met for dep_context=requeueable deps ti=<TaskInstance: final_project_BBDL.BronzeToSilver manual__2025-05-04T10:47:13.878387+00:00 [queued]>
[2025-05-04T10:47:53.825+0000] {taskinstance.py:2306} INFO - Starting attempt 1 of 1
[2025-05-04T10:47:53.865+0000] {taskinstance.py:2330} INFO - Executing <Task(SparkSubmitOperator): BronzeToSilver> on 2025-05-04 10:47:13.878387+00:00
[2025-05-04T10:47:53.870+0000] {standard_task_runner.py:63} INFO - Started process 3966 to run task
[2025-05-04T10:47:53.875+0000] {standard_task_runner.py:90} INFO - Running: ['airflow', 'tasks', 'run', 'final_project_BBDL', 'BronzeToSilver', 'manual__2025-05-04T10:47:13.878387+00:00', '--job-id', '90', '--raw', '--subdir', 'DAGS_FOLDER/project_solution.py', '--cfg-path', '/tmp/tmp2s625t4q']
[2025-05-04T10:47:53.877+0000] {standard_task_runner.py:91} INFO - Job 90: Subtask BronzeToSilver
[2025-05-04T10:47:53.987+0000] {logging_mixin.py:188} WARNING - /home/airflow/.local/lib/python3.10/site-packages/airflow/settings.py:195 DeprecationWarning: The sql_alchemy_conn option in [core] has been moved to the sql_alchemy_conn option in [database] - the old setting has been used, but please update your config.
[2025-05-04T10:47:54.096+0000] {task_command.py:426} INFO - Running <TaskInstance: final_project_BBDL.BronzeToSilver manual__2025-05-04T10:47:13.878387+00:00 [running]> on host 6a258ea3dbe5
[2025-05-04T10:47:54.386+0000] {taskinstance.py:2648} INFO - Exporting env vars: AIRFLOW_CTX_DAG_OWNER='airflow' AIRFLOW_CTX_DAG_ID='final_project_BBDL' AIRFLOW_CTX_TASK_ID='BronzeToSilver' AIRFLOW_CTX_EXECUTION_DATE='2025-05-04T10:47:13.878387+00:00' AIRFLOW_CTX_TRY_NUMBER='1' AIRFLOW_CTX_DAG_RUN_ID='manual__2025-05-04T10:47:13.878387+00:00'
[2025-05-04T10:47:54.387+0000] {taskinstance.py:430} INFO - ::endgroup::
[2025-05-04T10:47:54.441+0000] {base.py:84} INFO - Using connection ID 'spark_default' for task execution.
[2025-05-04T10:47:54.442+0000] {spark_submit.py:328} ERROR - Failed to decode base64 keytab: Invalid base64-encoded string: number of data characters (5) cannot be 1 more than a multiple of 4
[2025-05-04T10:47:54.442+0000] {spark_submit.py:305} INFO - Could not load connection string spark_default, defaulting to spark://spark-master:7077
[2025-05-04T10:47:54.443+0000] {spark_submit.py:474} INFO - Spark-Submit cmd: spark-submit --master spark://spark-master:7077 --conf spark.master=spark://spark-master:7077 --conf spark.pyspark.python=/usr/local/bin/python3 --name BronzeToSilver --verbose --queue root.default --deploy-mode client /opt/airflow/dags/bronze_to_silver.py
[2025-05-04T10:47:55.798+0000] {spark_submit.py:644} INFO - Using properties file: null
[2025-05-04T10:47:55.894+0000] {spark_submit.py:644} INFO - Parsed arguments:
[2025-05-04T10:47:55.895+0000] {spark_submit.py:644} INFO - master                  spark://spark-master:7077
[2025-05-04T10:47:55.895+0000] {spark_submit.py:644} INFO - deployMode              client
[2025-05-04T10:47:55.895+0000] {spark_submit.py:644} INFO - executorMemory          null
[2025-05-04T10:47:55.896+0000] {spark_submit.py:644} INFO - executorCores           null
[2025-05-04T10:47:55.896+0000] {spark_submit.py:644} INFO - totalExecutorCores      null
[2025-05-04T10:47:55.896+0000] {spark_submit.py:644} INFO - propertiesFile          null
[2025-05-04T10:47:55.896+0000] {spark_submit.py:644} INFO - driverMemory            null
[2025-05-04T10:47:55.896+0000] {spark_submit.py:644} INFO - driverCores             null
[2025-05-04T10:47:55.896+0000] {spark_submit.py:644} INFO - driverExtraClassPath    null
[2025-05-04T10:47:55.897+0000] {spark_submit.py:644} INFO - driverExtraLibraryPath  null
[2025-05-04T10:47:55.897+0000] {spark_submit.py:644} INFO - driverExtraJavaOptions  null
[2025-05-04T10:47:55.897+0000] {spark_submit.py:644} INFO - supervise               false
[2025-05-04T10:47:55.897+0000] {spark_submit.py:644} INFO - queue                   root.default
[2025-05-04T10:47:55.897+0000] {spark_submit.py:644} INFO - numExecutors            null
[2025-05-04T10:47:55.897+0000] {spark_submit.py:644} INFO - files                   null
[2025-05-04T10:47:55.897+0000] {spark_submit.py:644} INFO - pyFiles                 null
[2025-05-04T10:47:55.898+0000] {spark_submit.py:644} INFO - archives                null
[2025-05-04T10:47:55.898+0000] {spark_submit.py:644} INFO - mainClass               null
[2025-05-04T10:47:55.898+0000] {spark_submit.py:644} INFO - primaryResource         file:/opt/airflow/dags/bronze_to_silver.py
[2025-05-04T10:47:55.898+0000] {spark_submit.py:644} INFO - name                    BronzeToSilver
[2025-05-04T10:47:55.898+0000] {spark_submit.py:644} INFO - childArgs               []
[2025-05-04T10:47:55.898+0000] {spark_submit.py:644} INFO - jars                    null
[2025-05-04T10:47:55.898+0000] {spark_submit.py:644} INFO - packages                null
[2025-05-04T10:47:55.898+0000] {spark_submit.py:644} INFO - packagesExclusions      null
[2025-05-04T10:47:55.899+0000] {spark_submit.py:644} INFO - repositories            null
[2025-05-04T10:47:55.899+0000] {spark_submit.py:644} INFO - verbose                 true
[2025-05-04T10:47:55.899+0000] {spark_submit.py:644} INFO - 
[2025-05-04T10:47:55.899+0000] {spark_submit.py:644} INFO - Spark properties used, including those specified through
[2025-05-04T10:47:55.899+0000] {spark_submit.py:644} INFO - --conf and those from the properties file null:
[2025-05-04T10:47:55.899+0000] {spark_submit.py:644} INFO - (spark.master,spark://spark-master:7077)
[2025-05-04T10:47:55.899+0000] {spark_submit.py:644} INFO - (spark.pyspark.python,/usr/local/bin/python3)
[2025-05-04T10:47:55.900+0000] {spark_submit.py:644} INFO - 
[2025-05-04T10:47:55.900+0000] {spark_submit.py:644} INFO - 
[2025-05-04T10:47:56.204+0000] {spark_submit.py:644} INFO - Main class:
[2025-05-04T10:47:56.205+0000] {spark_submit.py:644} INFO - org.apache.spark.deploy.PythonRunner
[2025-05-04T10:47:56.205+0000] {spark_submit.py:644} INFO - Arguments:
[2025-05-04T10:47:56.205+0000] {spark_submit.py:644} INFO - file:/opt/airflow/dags/bronze_to_silver.py
[2025-05-04T10:47:56.205+0000] {spark_submit.py:644} INFO - null
[2025-05-04T10:47:56.207+0000] {spark_submit.py:644} INFO - Spark config:
[2025-05-04T10:47:56.208+0000] {spark_submit.py:644} INFO - (spark.app.name,BronzeToSilver)
[2025-05-04T10:47:56.208+0000] {spark_submit.py:644} INFO - (spark.app.submitTime,1746355676190)
[2025-05-04T10:47:56.208+0000] {spark_submit.py:644} INFO - (spark.master,spark://spark-master:7077)
[2025-05-04T10:47:56.208+0000] {spark_submit.py:644} INFO - (spark.pyspark.python,/usr/local/bin/python3)
[2025-05-04T10:47:56.208+0000] {spark_submit.py:644} INFO - (spark.submit.deployMode,client)
[2025-05-04T10:47:56.208+0000] {spark_submit.py:644} INFO - (spark.submit.pyFiles,)
[2025-05-04T10:47:56.208+0000] {spark_submit.py:644} INFO - Classpath elements:
[2025-05-04T10:47:56.208+0000] {spark_submit.py:644} INFO - 
[2025-05-04T10:47:56.208+0000] {spark_submit.py:644} INFO - 
[2025-05-04T10:47:56.209+0000] {spark_submit.py:644} INFO - 
[2025-05-04T10:47:56.796+0000] {spark_submit.py:644} INFO - 25/05/04 10:47:56 INFO SparkContext: Running Spark version 3.3.0
[2025-05-04T10:47:56.870+0000] {spark_submit.py:644} INFO - 25/05/04 10:47:56 WARN NativeCodeLoader: Unable to load native-hadoop library for your platform... using builtin-java classes where applicable
[2025-05-04T10:47:56.964+0000] {spark_submit.py:644} INFO - 25/05/04 10:47:56 INFO ResourceUtils: ==============================================================
[2025-05-04T10:47:56.964+0000] {spark_submit.py:644} INFO - 25/05/04 10:47:56 INFO ResourceUtils: No custom resources configured for spark.driver.
[2025-05-04T10:47:56.965+0000] {spark_submit.py:644} INFO - 25/05/04 10:47:56 INFO ResourceUtils: ==============================================================
[2025-05-04T10:47:56.965+0000] {spark_submit.py:644} INFO - 25/05/04 10:47:56 INFO SparkContext: Submitted application: Bronze to Silver ETL
[2025-05-04T10:47:56.990+0000] {spark_submit.py:644} INFO - 25/05/04 10:47:56 INFO ResourceProfile: Default ResourceProfile created, executor resources: Map(cores -> name: cores, amount: 1, script: , vendor: , memory -> name: memory, amount: 1024, script: , vendor: , offHeap -> name: offHeap, amount: 0, script: , vendor: ), task resources: Map(cpus -> name: cpus, amount: 1.0)
[2025-05-04T10:47:57.001+0000] {spark_submit.py:644} INFO - 25/05/04 10:47:57 INFO ResourceProfile: Limiting resource is cpu
[2025-05-04T10:47:57.002+0000] {spark_submit.py:644} INFO - 25/05/04 10:47:57 INFO ResourceProfileManager: Added ResourceProfile id: 0
[2025-05-04T10:47:57.049+0000] {spark_submit.py:644} INFO - 25/05/04 10:47:57 INFO SecurityManager: Changing view acls to: root
[2025-05-04T10:47:57.049+0000] {spark_submit.py:644} INFO - 25/05/04 10:47:57 INFO SecurityManager: Changing modify acls to: root
[2025-05-04T10:47:57.050+0000] {spark_submit.py:644} INFO - 25/05/04 10:47:57 INFO SecurityManager: Changing view acls groups to:
[2025-05-04T10:47:57.051+0000] {spark_submit.py:644} INFO - 25/05/04 10:47:57 INFO SecurityManager: Changing modify acls groups to:
[2025-05-04T10:47:57.052+0000] {spark_submit.py:644} INFO - 25/05/04 10:47:57 INFO SecurityManager: SecurityManager: authentication disabled; ui acls disabled; users  with view permissions: Set(root); groups with view permissions: Set(); users  with modify permissions: Set(root); groups with modify permissions: Set()
[2025-05-04T10:47:57.279+0000] {spark_submit.py:644} INFO - 25/05/04 10:47:57 INFO Utils: Successfully started service 'sparkDriver' on port 45949.
[2025-05-04T10:47:57.313+0000] {spark_submit.py:644} INFO - 25/05/04 10:47:57 INFO SparkEnv: Registering MapOutputTracker
[2025-05-04T10:47:57.350+0000] {spark_submit.py:644} INFO - 25/05/04 10:47:57 INFO SparkEnv: Registering BlockManagerMaster
[2025-05-04T10:47:57.370+0000] {spark_submit.py:644} INFO - 25/05/04 10:47:57 INFO BlockManagerMasterEndpoint: Using org.apache.spark.storage.DefaultTopologyMapper for getting topology information
[2025-05-04T10:47:57.371+0000] {spark_submit.py:644} INFO - 25/05/04 10:47:57 INFO BlockManagerMasterEndpoint: BlockManagerMasterEndpoint up
[2025-05-04T10:47:57.375+0000] {spark_submit.py:644} INFO - 25/05/04 10:47:57 INFO SparkEnv: Registering BlockManagerMasterHeartbeat
[2025-05-04T10:47:57.400+0000] {spark_submit.py:644} INFO - 25/05/04 10:47:57 INFO DiskBlockManager: Created local directory at /tmp/blockmgr-3e29610e-c4bf-4a5a-b0ad-baa2825c6c66
[2025-05-04T10:47:57.417+0000] {spark_submit.py:644} INFO - 25/05/04 10:47:57 INFO MemoryStore: MemoryStore started with capacity 434.4 MiB
[2025-05-04T10:47:57.434+0000] {spark_submit.py:644} INFO - 25/05/04 10:47:57 INFO SparkEnv: Registering OutputCommitCoordinator
[2025-05-04T10:47:57.610+0000] {spark_submit.py:644} INFO - 25/05/04 10:47:57 INFO Utils: Successfully started service 'SparkUI' on port 4040.
[2025-05-04T10:47:57.719+0000] {spark_submit.py:644} INFO - 25/05/04 10:47:57 INFO StandaloneAppClient$ClientEndpoint: Connecting to master spark://spark-master:7077...
[2025-05-04T10:47:57.755+0000] {spark_submit.py:644} INFO - 25/05/04 10:47:57 INFO TransportClientFactory: Successfully created connection to spark-master/172.19.0.3:7077 after 20 ms (0 ms spent in bootstraps)
[2025-05-04T10:47:57.830+0000] {spark_submit.py:644} INFO - 25/05/04 10:47:57 INFO StandaloneSchedulerBackend: Connected to Spark cluster with app ID app-20250504104757-0011
[2025-05-04T10:47:57.845+0000] {spark_submit.py:644} INFO - 25/05/04 10:47:57 INFO StandaloneAppClient$ClientEndpoint: Executor added: app-20250504104757-0011/0 on worker-20250503202040-172.19.0.6-39117 (172.19.0.6:39117) with 2 core(s)
[2025-05-04T10:47:57.845+0000] {spark_submit.py:644} INFO - 25/05/04 10:47:57 INFO Utils: Successfully started service 'org.apache.spark.network.netty.NettyBlockTransferService' on port 40271.
[2025-05-04T10:47:57.846+0000] {spark_submit.py:644} INFO - 25/05/04 10:47:57 INFO StandaloneSchedulerBackend: Granted executor ID app-20250504104757-0011/0 on hostPort 172.19.0.6:39117 with 2 core(s), 1024.0 MiB RAM
[2025-05-04T10:47:57.846+0000] {spark_submit.py:644} INFO - 25/05/04 10:47:57 INFO NettyBlockTransferService: Server created on 6a258ea3dbe5:40271
[2025-05-04T10:47:57.846+0000] {spark_submit.py:644} INFO - 25/05/04 10:47:57 INFO BlockManager: Using org.apache.spark.storage.RandomBlockReplicationPolicy for block replication policy
[2025-05-04T10:47:57.851+0000] {spark_submit.py:644} INFO - 25/05/04 10:47:57 INFO BlockManagerMaster: Registering BlockManager BlockManagerId(driver, 6a258ea3dbe5, 40271, None)
[2025-05-04T10:47:57.855+0000] {spark_submit.py:644} INFO - 25/05/04 10:47:57 INFO BlockManagerMasterEndpoint: Registering block manager 6a258ea3dbe5:40271 with 434.4 MiB RAM, BlockManagerId(driver, 6a258ea3dbe5, 40271, None)
[2025-05-04T10:47:57.857+0000] {spark_submit.py:644} INFO - 25/05/04 10:47:57 INFO BlockManagerMaster: Registered BlockManager BlockManagerId(driver, 6a258ea3dbe5, 40271, None)
[2025-05-04T10:47:57.860+0000] {spark_submit.py:644} INFO - 25/05/04 10:47:57 INFO BlockManager: Initialized BlockManager: BlockManagerId(driver, 6a258ea3dbe5, 40271, None)
[2025-05-04T10:47:57.877+0000] {spark_submit.py:644} INFO - 25/05/04 10:47:57 INFO StandaloneAppClient$ClientEndpoint: Executor updated: app-20250504104757-0011/0 is now RUNNING
[2025-05-04T10:47:58.051+0000] {spark_submit.py:644} INFO - 25/05/04 10:47:58 INFO StandaloneSchedulerBackend: SchedulerBackend is ready for scheduling beginning after reached minRegisteredResourcesRatio: 0.0
[2025-05-04T10:47:58.251+0000] {spark_submit.py:644} INFO - 🔍 Читання з: /tmp/spark_data/bronze/athlete_event_results/20250504_*
[2025-05-04T10:47:58.329+0000] {spark_submit.py:644} INFO - 25/05/04 10:47:58 INFO SharedState: Setting hive.metastore.warehouse.dir ('null') to the value of spark.sql.warehouse.dir.
[2025-05-04T10:47:58.338+0000] {spark_submit.py:644} INFO - 25/05/04 10:47:58 INFO SharedState: Warehouse path is 'file:/opt/airflow/spark-warehouse'.
[2025-05-04T10:47:59.128+0000] {spark_submit.py:644} INFO - 25/05/04 10:47:59 INFO InMemoryFileIndex: It took 49 ms to list leaf files for 1 paths.
[2025-05-04T10:47:59.644+0000] {spark_submit.py:644} INFO - 25/05/04 10:47:59 INFO SparkContext: Starting job: load at NativeMethodAccessorImpl.java:0
[2025-05-04T10:47:59.659+0000] {spark_submit.py:644} INFO - 25/05/04 10:47:59 INFO DAGScheduler: Got job 0 (load at NativeMethodAccessorImpl.java:0) with 1 output partitions
[2025-05-04T10:47:59.660+0000] {spark_submit.py:644} INFO - 25/05/04 10:47:59 INFO DAGScheduler: Final stage: ResultStage 0 (load at NativeMethodAccessorImpl.java:0)
[2025-05-04T10:47:59.660+0000] {spark_submit.py:644} INFO - 25/05/04 10:47:59 INFO DAGScheduler: Parents of final stage: List()
[2025-05-04T10:47:59.662+0000] {spark_submit.py:644} INFO - 25/05/04 10:47:59 INFO DAGScheduler: Missing parents: List()
[2025-05-04T10:47:59.666+0000] {spark_submit.py:644} INFO - 25/05/04 10:47:59 INFO DAGScheduler: Submitting ResultStage 0 (MapPartitionsRDD[1] at load at NativeMethodAccessorImpl.java:0), which has no missing parents
[2025-05-04T10:47:59.711+0000] {spark_submit.py:644} INFO - 25/05/04 10:47:59 INFO MemoryStore: Block broadcast_0 stored as values in memory (estimated size 102.7 KiB, free 434.3 MiB)
[2025-05-04T10:47:59.747+0000] {spark_submit.py:644} INFO - 25/05/04 10:47:59 INFO MemoryStore: Block broadcast_0_piece0 stored as bytes in memory (estimated size 36.8 KiB, free 434.3 MiB)
[2025-05-04T10:47:59.750+0000] {spark_submit.py:644} INFO - 25/05/04 10:47:59 INFO BlockManagerInfo: Added broadcast_0_piece0 in memory on 6a258ea3dbe5:40271 (size: 36.8 KiB, free: 434.4 MiB)
[2025-05-04T10:47:59.753+0000] {spark_submit.py:644} INFO - 25/05/04 10:47:59 INFO SparkContext: Created broadcast 0 from broadcast at DAGScheduler.scala:1513
[2025-05-04T10:47:59.772+0000] {spark_submit.py:644} INFO - 25/05/04 10:47:59 INFO DAGScheduler: Submitting 1 missing tasks from ResultStage 0 (MapPartitionsRDD[1] at load at NativeMethodAccessorImpl.java:0) (first 15 tasks are for partitions Vector(0))
[2025-05-04T10:47:59.773+0000] {spark_submit.py:644} INFO - 25/05/04 10:47:59 INFO TaskSchedulerImpl: Adding task set 0.0 with 1 tasks resource profile 0
[2025-05-04T10:48:00.789+0000] {spark_submit.py:644} INFO - 25/05/04 10:48:00 INFO CoarseGrainedSchedulerBackend$DriverEndpoint: Registered executor NettyRpcEndpointRef(spark-client://Executor) (172.19.0.6:39690) with ID 0,  ResourceProfileId 0
[2025-05-04T10:48:00.864+0000] {spark_submit.py:644} INFO - 25/05/04 10:48:00 INFO BlockManagerMasterEndpoint: Registering block manager 172.19.0.6:43535 with 366.3 MiB RAM, BlockManagerId(0, 172.19.0.6, 43535, None)
[2025-05-04T10:48:00.922+0000] {spark_submit.py:644} INFO - 25/05/04 10:48:00 INFO TaskSetManager: Starting task 0.0 in stage 0.0 (TID 0) (172.19.0.6, executor 0, partition 0, PROCESS_LOCAL, 4685 bytes) taskResourceAssignments Map()
[2025-05-04T10:48:01.189+0000] {spark_submit.py:644} INFO - 25/05/04 10:48:01 INFO BlockManagerInfo: Added broadcast_0_piece0 in memory on 172.19.0.6:43535 (size: 36.8 KiB, free: 366.3 MiB)
[2025-05-04T10:48:02.186+0000] {spark_submit.py:644} INFO - 25/05/04 10:48:02 INFO TaskSetManager: Finished task 0.0 in stage 0.0 (TID 0) in 1274 ms on 172.19.0.6 (executor 0) (1/1)
[2025-05-04T10:48:02.187+0000] {spark_submit.py:644} INFO - 25/05/04 10:48:02 INFO TaskSchedulerImpl: Removed TaskSet 0.0, whose tasks have all completed, from pool
[2025-05-04T10:48:02.191+0000] {spark_submit.py:644} INFO - 25/05/04 10:48:02 INFO DAGScheduler: ResultStage 0 (load at NativeMethodAccessorImpl.java:0) finished in 2.513 s
[2025-05-04T10:48:02.194+0000] {spark_submit.py:644} INFO - 25/05/04 10:48:02 INFO DAGScheduler: Job 0 is finished. Cancelling potential speculative or zombie tasks for this job
[2025-05-04T10:48:02.194+0000] {spark_submit.py:644} INFO - 25/05/04 10:48:02 INFO TaskSchedulerImpl: Killing all running tasks in stage 0: Stage finished
[2025-05-04T10:48:02.196+0000] {spark_submit.py:644} INFO - 25/05/04 10:48:02 INFO DAGScheduler: Job 0 finished: load at NativeMethodAccessorImpl.java:0, took 2.551695 s
[2025-05-04T10:48:02.601+0000] {spark_submit.py:644} INFO - 25/05/04 10:48:02 INFO BlockManagerInfo: Removed broadcast_0_piece0 on 6a258ea3dbe5:40271 in memory (size: 36.8 KiB, free: 434.4 MiB)
[2025-05-04T10:48:02.616+0000] {spark_submit.py:644} INFO - 25/05/04 10:48:02 INFO BlockManagerInfo: Removed broadcast_0_piece0 on 172.19.0.6:43535 in memory (size: 36.8 KiB, free: 366.3 MiB)
[2025-05-04T10:48:03.485+0000] {spark_submit.py:644} INFO - 🧼 Чищення датафрейму...
[2025-05-04T10:48:03.957+0000] {spark_submit.py:644} INFO - 💾 Збереження до Silver рівня: /tmp/spark_data/silver/athlete_event_results/20250504
[2025-05-04T10:48:04.285+0000] {spark_submit.py:644} INFO - 25/05/04 10:48:04 INFO FileSourceStrategy: Pushed Filters:
[2025-05-04T10:48:04.286+0000] {spark_submit.py:644} INFO - 25/05/04 10:48:04 INFO FileSourceStrategy: Post-Scan Filters:
[2025-05-04T10:48:04.287+0000] {spark_submit.py:644} INFO - 25/05/04 10:48:04 INFO FileSourceStrategy: Output Data Schema: struct<edition: string, edition_id: string, country_noc: string, sport: string, event: string ... 9 more fields>
[2025-05-04T10:48:04.378+0000] {spark_submit.py:644} INFO - 25/05/04 10:48:04 INFO ParquetFileFormat: Using default output committer for Parquet: org.apache.parquet.hadoop.ParquetOutputCommitter
[2025-05-04T10:48:04.389+0000] {spark_submit.py:644} INFO - 25/05/04 10:48:04 INFO FileOutputCommitter: File Output Committer Algorithm version is 1
[2025-05-04T10:48:04.390+0000] {spark_submit.py:644} INFO - 25/05/04 10:48:04 INFO FileOutputCommitter: FileOutputCommitter skip cleanup _temporary folders under output directory:false, ignore cleanup failures: false
[2025-05-04T10:48:04.391+0000] {spark_submit.py:644} INFO - 25/05/04 10:48:04 INFO SQLHadoopMapReduceCommitProtocol: Using user defined output committer class org.apache.parquet.hadoop.ParquetOutputCommitter
[2025-05-04T10:48:04.391+0000] {spark_submit.py:644} INFO - 25/05/04 10:48:04 INFO FileOutputCommitter: File Output Committer Algorithm version is 1
[2025-05-04T10:48:04.391+0000] {spark_submit.py:644} INFO - 25/05/04 10:48:04 INFO FileOutputCommitter: FileOutputCommitter skip cleanup _temporary folders under output directory:false, ignore cleanup failures: false
[2025-05-04T10:48:04.392+0000] {spark_submit.py:644} INFO - 25/05/04 10:48:04 INFO SQLHadoopMapReduceCommitProtocol: Using output committer class org.apache.parquet.hadoop.ParquetOutputCommitter
[2025-05-04T10:48:04.618+0000] {spark_submit.py:644} INFO - 25/05/04 10:48:04 INFO CodeGenerator: Code generated in 150.322616 ms
[2025-05-04T10:48:04.671+0000] {spark_submit.py:644} INFO - 25/05/04 10:48:04 INFO CodeGenerator: Code generated in 38.112705 ms
[2025-05-04T10:48:04.698+0000] {spark_submit.py:644} INFO - 25/05/04 10:48:04 INFO MemoryStore: Block broadcast_1 stored as values in memory (estimated size 201.8 KiB, free 434.2 MiB)
[2025-05-04T10:48:04.707+0000] {spark_submit.py:644} INFO - 25/05/04 10:48:04 INFO MemoryStore: Block broadcast_1_piece0 stored as bytes in memory (estimated size 34.7 KiB, free 434.2 MiB)
[2025-05-04T10:48:04.708+0000] {spark_submit.py:644} INFO - 25/05/04 10:48:04 INFO BlockManagerInfo: Added broadcast_1_piece0 in memory on 6a258ea3dbe5:40271 (size: 34.7 KiB, free: 434.4 MiB)
[2025-05-04T10:48:04.710+0000] {spark_submit.py:644} INFO - 25/05/04 10:48:04 INFO SparkContext: Created broadcast 1 from parquet at NativeMethodAccessorImpl.java:0
[2025-05-04T10:48:04.718+0000] {spark_submit.py:644} INFO - 25/05/04 10:48:04 INFO FileSourceScanExec: Planning scan with bin packing, max size: 6795002 bytes, open cost is considered as scanning 4194304 bytes.
[2025-05-04T10:48:04.813+0000] {spark_submit.py:644} INFO - 25/05/04 10:48:04 INFO SparkContext: Starting job: parquet at NativeMethodAccessorImpl.java:0
[2025-05-04T10:48:04.815+0000] {spark_submit.py:644} INFO - 25/05/04 10:48:04 INFO DAGScheduler: Got job 1 (parquet at NativeMethodAccessorImpl.java:0) with 2 output partitions
[2025-05-04T10:48:04.815+0000] {spark_submit.py:644} INFO - 25/05/04 10:48:04 INFO DAGScheduler: Final stage: ResultStage 1 (parquet at NativeMethodAccessorImpl.java:0)
[2025-05-04T10:48:04.815+0000] {spark_submit.py:644} INFO - 25/05/04 10:48:04 INFO DAGScheduler: Parents of final stage: List()
[2025-05-04T10:48:04.816+0000] {spark_submit.py:644} INFO - 25/05/04 10:48:04 INFO DAGScheduler: Missing parents: List()
[2025-05-04T10:48:04.816+0000] {spark_submit.py:644} INFO - 25/05/04 10:48:04 INFO DAGScheduler: Submitting ResultStage 1 (MapPartitionsRDD[7] at parquet at NativeMethodAccessorImpl.java:0), which has no missing parents
[2025-05-04T10:48:04.838+0000] {spark_submit.py:644} INFO - 25/05/04 10:48:04 INFO MemoryStore: Block broadcast_2 stored as values in memory (estimated size 247.8 KiB, free 433.9 MiB)
[2025-05-04T10:48:04.841+0000] {spark_submit.py:644} INFO - 25/05/04 10:48:04 INFO MemoryStore: Block broadcast_2_piece0 stored as bytes in memory (estimated size 85.8 KiB, free 433.8 MiB)
[2025-05-04T10:48:04.842+0000] {spark_submit.py:644} INFO - 25/05/04 10:48:04 INFO BlockManagerInfo: Added broadcast_2_piece0 in memory on 6a258ea3dbe5:40271 (size: 85.8 KiB, free: 434.3 MiB)
[2025-05-04T10:48:04.843+0000] {spark_submit.py:644} INFO - 25/05/04 10:48:04 INFO SparkContext: Created broadcast 2 from broadcast at DAGScheduler.scala:1513
[2025-05-04T10:48:04.844+0000] {spark_submit.py:644} INFO - 25/05/04 10:48:04 INFO DAGScheduler: Submitting 2 missing tasks from ResultStage 1 (MapPartitionsRDD[7] at parquet at NativeMethodAccessorImpl.java:0) (first 15 tasks are for partitions Vector(0, 1))
[2025-05-04T10:48:04.844+0000] {spark_submit.py:644} INFO - 25/05/04 10:48:04 INFO TaskSchedulerImpl: Adding task set 1.0 with 2 tasks resource profile 0
[2025-05-04T10:48:04.848+0000] {spark_submit.py:644} INFO - 25/05/04 10:48:04 INFO TaskSetManager: Starting task 0.0 in stage 1.0 (TID 1) (172.19.0.6, executor 0, partition 0, PROCESS_LOCAL, 5010 bytes) taskResourceAssignments Map()
[2025-05-04T10:48:04.848+0000] {spark_submit.py:644} INFO - 25/05/04 10:48:04 INFO TaskSetManager: Starting task 1.0 in stage 1.0 (TID 2) (172.19.0.6, executor 0, partition 1, PROCESS_LOCAL, 5010 bytes) taskResourceAssignments Map()
[2025-05-04T10:48:04.901+0000] {spark_submit.py:644} INFO - 25/05/04 10:48:04 INFO BlockManagerInfo: Added broadcast_2_piece0 in memory on 172.19.0.6:43535 (size: 85.8 KiB, free: 366.2 MiB)
[2025-05-04T10:48:06.118+0000] {spark_submit.py:644} INFO - 25/05/04 10:48:06 WARN TaskSetManager: Lost task 0.0 in stage 1.0 (TID 1) (172.19.0.6 executor 0): java.io.IOException: Cannot run program "/usr/local/bin/python3": error=2, No such file or directory
[2025-05-04T10:48:06.118+0000] {spark_submit.py:644} INFO - at java.lang.ProcessBuilder.start(ProcessBuilder.java:1048)
[2025-05-04T10:48:06.119+0000] {spark_submit.py:644} INFO - at org.apache.spark.api.python.PythonWorkerFactory.startDaemon(PythonWorkerFactory.scala:216)
[2025-05-04T10:48:06.119+0000] {spark_submit.py:644} INFO - at org.apache.spark.api.python.PythonWorkerFactory.createThroughDaemon(PythonWorkerFactory.scala:134)
[2025-05-04T10:48:06.119+0000] {spark_submit.py:644} INFO - at org.apache.spark.api.python.PythonWorkerFactory.create(PythonWorkerFactory.scala:107)
[2025-05-04T10:48:06.119+0000] {spark_submit.py:644} INFO - at org.apache.spark.SparkEnv.createPythonWorker(SparkEnv.scala:124)
[2025-05-04T10:48:06.120+0000] {spark_submit.py:644} INFO - at org.apache.spark.api.python.BasePythonRunner.compute(PythonRunner.scala:164)
[2025-05-04T10:48:06.120+0000] {spark_submit.py:644} INFO - at org.apache.spark.sql.execution.python.BatchEvalPythonExec.evaluate(BatchEvalPythonExec.scala:81)
[2025-05-04T10:48:06.120+0000] {spark_submit.py:644} INFO - at org.apache.spark.sql.execution.python.EvalPythonExec.$anonfun$doExecute$2(EvalPythonExec.scala:130)
[2025-05-04T10:48:06.120+0000] {spark_submit.py:644} INFO - at org.apache.spark.rdd.RDD.$anonfun$mapPartitions$2(RDD.scala:855)
[2025-05-04T10:48:06.120+0000] {spark_submit.py:644} INFO - at org.apache.spark.rdd.RDD.$anonfun$mapPartitions$2$adapted(RDD.scala:855)
[2025-05-04T10:48:06.120+0000] {spark_submit.py:644} INFO - at org.apache.spark.rdd.MapPartitionsRDD.compute(MapPartitionsRDD.scala:52)
[2025-05-04T10:48:06.121+0000] {spark_submit.py:644} INFO - at org.apache.spark.rdd.RDD.computeOrReadCheckpoint(RDD.scala:365)
[2025-05-04T10:48:06.121+0000] {spark_submit.py:644} INFO - at org.apache.spark.rdd.RDD.iterator(RDD.scala:329)
[2025-05-04T10:48:06.121+0000] {spark_submit.py:644} INFO - at org.apache.spark.rdd.MapPartitionsRDD.compute(MapPartitionsRDD.scala:52)
[2025-05-04T10:48:06.121+0000] {spark_submit.py:644} INFO - at org.apache.spark.rdd.RDD.computeOrReadCheckpoint(RDD.scala:365)
[2025-05-04T10:48:06.121+0000] {spark_submit.py:644} INFO - at org.apache.spark.rdd.RDD.iterator(RDD.scala:329)
[2025-05-04T10:48:06.121+0000] {spark_submit.py:644} INFO - at org.apache.spark.scheduler.ResultTask.runTask(ResultTask.scala:90)
[2025-05-04T10:48:06.122+0000] {spark_submit.py:644} INFO - at org.apache.spark.scheduler.Task.run(Task.scala:136)
[2025-05-04T10:48:06.122+0000] {spark_submit.py:644} INFO - at org.apache.spark.executor.Executor$TaskRunner.$anonfun$run$3(Executor.scala:548)
[2025-05-04T10:48:06.122+0000] {spark_submit.py:644} INFO - at org.apache.spark.util.Utils$.tryWithSafeFinally(Utils.scala:1504)
[2025-05-04T10:48:06.122+0000] {spark_submit.py:644} INFO - at org.apache.spark.executor.Executor$TaskRunner.run(Executor.scala:551)
[2025-05-04T10:48:06.122+0000] {spark_submit.py:644} INFO - at java.util.concurrent.ThreadPoolExecutor.runWorker(ThreadPoolExecutor.java:1149)
[2025-05-04T10:48:06.122+0000] {spark_submit.py:644} INFO - at java.util.concurrent.ThreadPoolExecutor$Worker.run(ThreadPoolExecutor.java:624)
[2025-05-04T10:48:06.123+0000] {spark_submit.py:644} INFO - at java.lang.Thread.run(Thread.java:748)
[2025-05-04T10:48:06.123+0000] {spark_submit.py:644} INFO - Caused by: java.io.IOException: error=2, No such file or directory
[2025-05-04T10:48:06.123+0000] {spark_submit.py:644} INFO - at java.lang.UNIXProcess.forkAndExec(Native Method)
[2025-05-04T10:48:06.123+0000] {spark_submit.py:644} INFO - at java.lang.UNIXProcess.<init>(UNIXProcess.java:247)
[2025-05-04T10:48:06.123+0000] {spark_submit.py:644} INFO - at java.lang.ProcessImpl.start(ProcessImpl.java:134)
[2025-05-04T10:48:06.123+0000] {spark_submit.py:644} INFO - at java.lang.ProcessBuilder.start(ProcessBuilder.java:1029)
[2025-05-04T10:48:06.124+0000] {spark_submit.py:644} INFO - ... 23 more
[2025-05-04T10:48:06.124+0000] {spark_submit.py:644} INFO - 
[2025-05-04T10:48:06.124+0000] {spark_submit.py:644} INFO - 25/05/04 10:48:06 INFO TaskSetManager: Lost task 1.0 in stage 1.0 (TID 2) on 172.19.0.6, executor 0: java.io.IOException (Cannot run program "/usr/local/bin/python3": error=2, No such file or directory) [duplicate 1]
[2025-05-04T10:48:06.124+0000] {spark_submit.py:644} INFO - 25/05/04 10:48:06 INFO TaskSetManager: Starting task 1.1 in stage 1.0 (TID 3) (172.19.0.6, executor 0, partition 1, PROCESS_LOCAL, 5010 bytes) taskResourceAssignments Map()
[2025-05-04T10:48:06.124+0000] {spark_submit.py:644} INFO - 25/05/04 10:48:06 INFO TaskSetManager: Starting task 0.1 in stage 1.0 (TID 4) (172.19.0.6, executor 0, partition 0, PROCESS_LOCAL, 5010 bytes) taskResourceAssignments Map()
[2025-05-04T10:48:06.168+0000] {spark_submit.py:644} INFO - 25/05/04 10:48:06 INFO TaskSetManager: Lost task 0.1 in stage 1.0 (TID 4) on 172.19.0.6, executor 0: java.io.IOException (Cannot run program "/usr/local/bin/python3": error=2, No such file or directory) [duplicate 2]
[2025-05-04T10:48:06.170+0000] {spark_submit.py:644} INFO - 25/05/04 10:48:06 INFO TaskSetManager: Starting task 0.2 in stage 1.0 (TID 5) (172.19.0.6, executor 0, partition 0, PROCESS_LOCAL, 5010 bytes) taskResourceAssignments Map()
[2025-05-04T10:48:06.170+0000] {spark_submit.py:644} INFO - 25/05/04 10:48:06 INFO TaskSetManager: Lost task 1.1 in stage 1.0 (TID 3) on 172.19.0.6, executor 0: java.io.IOException (Cannot run program "/usr/local/bin/python3": error=2, No such file or directory) [duplicate 3]
[2025-05-04T10:48:06.172+0000] {spark_submit.py:644} INFO - 25/05/04 10:48:06 INFO TaskSetManager: Starting task 1.2 in stage 1.0 (TID 6) (172.19.0.6, executor 0, partition 1, PROCESS_LOCAL, 5010 bytes) taskResourceAssignments Map()
[2025-05-04T10:48:06.217+0000] {spark_submit.py:644} INFO - 25/05/04 10:48:06 INFO TaskSetManager: Lost task 0.2 in stage 1.0 (TID 5) on 172.19.0.6, executor 0: java.io.IOException (Cannot run program "/usr/local/bin/python3": error=2, No such file or directory) [duplicate 4]
[2025-05-04T10:48:06.218+0000] {spark_submit.py:644} INFO - 25/05/04 10:48:06 INFO TaskSetManager: Lost task 1.2 in stage 1.0 (TID 6) on 172.19.0.6, executor 0: java.io.IOException (Cannot run program "/usr/local/bin/python3": error=2, No such file or directory) [duplicate 5]
[2025-05-04T10:48:06.218+0000] {spark_submit.py:644} INFO - 25/05/04 10:48:06 INFO TaskSetManager: Starting task 1.3 in stage 1.0 (TID 7) (172.19.0.6, executor 0, partition 1, PROCESS_LOCAL, 5010 bytes) taskResourceAssignments Map()
[2025-05-04T10:48:06.219+0000] {spark_submit.py:644} INFO - 25/05/04 10:48:06 INFO TaskSetManager: Starting task 0.3 in stage 1.0 (TID 8) (172.19.0.6, executor 0, partition 0, PROCESS_LOCAL, 5010 bytes) taskResourceAssignments Map()
[2025-05-04T10:48:06.264+0000] {spark_submit.py:644} INFO - 25/05/04 10:48:06 INFO TaskSetManager: Lost task 1.3 in stage 1.0 (TID 7) on 172.19.0.6, executor 0: java.io.IOException (Cannot run program "/usr/local/bin/python3": error=2, No such file or directory) [duplicate 6]
[2025-05-04T10:48:06.266+0000] {spark_submit.py:644} INFO - 25/05/04 10:48:06 ERROR TaskSetManager: Task 1 in stage 1.0 failed 4 times; aborting job
[2025-05-04T10:48:06.270+0000] {spark_submit.py:644} INFO - 25/05/04 10:48:06 INFO TaskSchedulerImpl: Cancelling stage 1
[2025-05-04T10:48:06.270+0000] {spark_submit.py:644} INFO - 25/05/04 10:48:06 INFO TaskSchedulerImpl: Killing all running tasks in stage 1: Stage cancelled
[2025-05-04T10:48:06.273+0000] {spark_submit.py:644} INFO - 25/05/04 10:48:06 INFO TaskSchedulerImpl: Stage 1 was cancelled
[2025-05-04T10:48:06.273+0000] {spark_submit.py:644} INFO - 25/05/04 10:48:06 INFO DAGScheduler: ResultStage 1 (parquet at NativeMethodAccessorImpl.java:0) failed in 1.451 s due to Job aborted due to stage failure: Task 1 in stage 1.0 failed 4 times, most recent failure: Lost task 1.3 in stage 1.0 (TID 7) (172.19.0.6 executor 0): java.io.IOException: Cannot run program "/usr/local/bin/python3": error=2, No such file or directory
[2025-05-04T10:48:06.273+0000] {spark_submit.py:644} INFO - at java.lang.ProcessBuilder.start(ProcessBuilder.java:1048)
[2025-05-04T10:48:06.273+0000] {spark_submit.py:644} INFO - at org.apache.spark.api.python.PythonWorkerFactory.startDaemon(PythonWorkerFactory.scala:216)
[2025-05-04T10:48:06.273+0000] {spark_submit.py:644} INFO - at org.apache.spark.api.python.PythonWorkerFactory.createThroughDaemon(PythonWorkerFactory.scala:134)
[2025-05-04T10:48:06.274+0000] {spark_submit.py:644} INFO - at org.apache.spark.api.python.PythonWorkerFactory.create(PythonWorkerFactory.scala:107)
[2025-05-04T10:48:06.274+0000] {spark_submit.py:644} INFO - at org.apache.spark.SparkEnv.createPythonWorker(SparkEnv.scala:124)
[2025-05-04T10:48:06.274+0000] {spark_submit.py:644} INFO - at org.apache.spark.api.python.BasePythonRunner.compute(PythonRunner.scala:164)
[2025-05-04T10:48:06.274+0000] {spark_submit.py:644} INFO - at org.apache.spark.sql.execution.python.BatchEvalPythonExec.evaluate(BatchEvalPythonExec.scala:81)
[2025-05-04T10:48:06.274+0000] {spark_submit.py:644} INFO - at org.apache.spark.sql.execution.python.EvalPythonExec.$anonfun$doExecute$2(EvalPythonExec.scala:130)
[2025-05-04T10:48:06.274+0000] {spark_submit.py:644} INFO - at org.apache.spark.rdd.RDD.$anonfun$mapPartitions$2(RDD.scala:855)
[2025-05-04T10:48:06.274+0000] {spark_submit.py:644} INFO - at org.apache.spark.rdd.RDD.$anonfun$mapPartitions$2$adapted(RDD.scala:855)
[2025-05-04T10:48:06.274+0000] {spark_submit.py:644} INFO - at org.apache.spark.rdd.MapPartitionsRDD.compute(MapPartitionsRDD.scala:52)
[2025-05-04T10:48:06.276+0000] {spark_submit.py:644} INFO - at org.apache.spark.rdd.RDD.computeOrReadCheckpoint(RDD.scala:365)
[2025-05-04T10:48:06.276+0000] {spark_submit.py:644} INFO - at org.apache.spark.rdd.RDD.iterator(RDD.scala:329)
[2025-05-04T10:48:06.277+0000] {spark_submit.py:644} INFO - at org.apache.spark.rdd.MapPartitionsRDD.compute(MapPartitionsRDD.scala:52)
[2025-05-04T10:48:06.277+0000] {spark_submit.py:644} INFO - at org.apache.spark.rdd.RDD.computeOrReadCheckpoint(RDD.scala:365)
[2025-05-04T10:48:06.277+0000] {spark_submit.py:644} INFO - at org.apache.spark.rdd.RDD.iterator(RDD.scala:329)
[2025-05-04T10:48:06.278+0000] {spark_submit.py:644} INFO - at org.apache.spark.scheduler.ResultTask.runTask(ResultTask.scala:90)
[2025-05-04T10:48:06.278+0000] {spark_submit.py:644} INFO - at org.apache.spark.scheduler.Task.run(Task.scala:136)
[2025-05-04T10:48:06.278+0000] {spark_submit.py:644} INFO - at org.apache.spark.executor.Executor$TaskRunner.$anonfun$run$3(Executor.scala:548)
[2025-05-04T10:48:06.278+0000] {spark_submit.py:644} INFO - at org.apache.spark.util.Utils$.tryWithSafeFinally(Utils.scala:1504)
[2025-05-04T10:48:06.278+0000] {spark_submit.py:644} INFO - at org.apache.spark.executor.Executor$TaskRunner.run(Executor.scala:551)
[2025-05-04T10:48:06.278+0000] {spark_submit.py:644} INFO - at java.util.concurrent.ThreadPoolExecutor.runWorker(ThreadPoolExecutor.java:1149)
[2025-05-04T10:48:06.278+0000] {spark_submit.py:644} INFO - at java.util.concurrent.ThreadPoolExecutor$Worker.run(ThreadPoolExecutor.java:624)
[2025-05-04T10:48:06.278+0000] {spark_submit.py:644} INFO - at java.lang.Thread.run(Thread.java:748)
[2025-05-04T10:48:06.278+0000] {spark_submit.py:644} INFO - Caused by: java.io.IOException: error=2, No such file or directory
[2025-05-04T10:48:06.278+0000] {spark_submit.py:644} INFO - at java.lang.UNIXProcess.forkAndExec(Native Method)
[2025-05-04T10:48:06.278+0000] {spark_submit.py:644} INFO - at java.lang.UNIXProcess.<init>(UNIXProcess.java:247)
[2025-05-04T10:48:06.279+0000] {spark_submit.py:644} INFO - at java.lang.ProcessImpl.start(ProcessImpl.java:134)
[2025-05-04T10:48:06.279+0000] {spark_submit.py:644} INFO - at java.lang.ProcessBuilder.start(ProcessBuilder.java:1029)
[2025-05-04T10:48:06.279+0000] {spark_submit.py:644} INFO - ... 23 more
[2025-05-04T10:48:06.279+0000] {spark_submit.py:644} INFO - 
[2025-05-04T10:48:06.279+0000] {spark_submit.py:644} INFO - Driver stacktrace:
[2025-05-04T10:48:06.279+0000] {spark_submit.py:644} INFO - 25/05/04 10:48:06 INFO DAGScheduler: Job 1 failed: parquet at NativeMethodAccessorImpl.java:0, took 1.462706 s
[2025-05-04T10:48:06.283+0000] {spark_submit.py:644} INFO - 25/05/04 10:48:06 ERROR FileFormatWriter: Aborting job 5683ec50-33cd-419f-ae30-e2cf9712a55c.
[2025-05-04T10:48:06.284+0000] {spark_submit.py:644} INFO - org.apache.spark.SparkException: Job aborted due to stage failure: Task 1 in stage 1.0 failed 4 times, most recent failure: Lost task 1.3 in stage 1.0 (TID 7) (172.19.0.6 executor 0): java.io.IOException: Cannot run program "/usr/local/bin/python3": error=2, No such file or directory
[2025-05-04T10:48:06.284+0000] {spark_submit.py:644} INFO - at java.lang.ProcessBuilder.start(ProcessBuilder.java:1048)
[2025-05-04T10:48:06.284+0000] {spark_submit.py:644} INFO - at org.apache.spark.api.python.PythonWorkerFactory.startDaemon(PythonWorkerFactory.scala:216)
[2025-05-04T10:48:06.284+0000] {spark_submit.py:644} INFO - at org.apache.spark.api.python.PythonWorkerFactory.createThroughDaemon(PythonWorkerFactory.scala:134)
[2025-05-04T10:48:06.285+0000] {spark_submit.py:644} INFO - at org.apache.spark.api.python.PythonWorkerFactory.create(PythonWorkerFactory.scala:107)
[2025-05-04T10:48:06.285+0000] {spark_submit.py:644} INFO - at org.apache.spark.SparkEnv.createPythonWorker(SparkEnv.scala:124)
[2025-05-04T10:48:06.285+0000] {spark_submit.py:644} INFO - at org.apache.spark.api.python.BasePythonRunner.compute(PythonRunner.scala:164)
[2025-05-04T10:48:06.285+0000] {spark_submit.py:644} INFO - at org.apache.spark.sql.execution.python.BatchEvalPythonExec.evaluate(BatchEvalPythonExec.scala:81)
[2025-05-04T10:48:06.285+0000] {spark_submit.py:644} INFO - at org.apache.spark.sql.execution.python.EvalPythonExec.$anonfun$doExecute$2(EvalPythonExec.scala:130)
[2025-05-04T10:48:06.285+0000] {spark_submit.py:644} INFO - at org.apache.spark.rdd.RDD.$anonfun$mapPartitions$2(RDD.scala:855)
[2025-05-04T10:48:06.285+0000] {spark_submit.py:644} INFO - at org.apache.spark.rdd.RDD.$anonfun$mapPartitions$2$adapted(RDD.scala:855)
[2025-05-04T10:48:06.286+0000] {spark_submit.py:644} INFO - at org.apache.spark.rdd.MapPartitionsRDD.compute(MapPartitionsRDD.scala:52)
[2025-05-04T10:48:06.286+0000] {spark_submit.py:644} INFO - at org.apache.spark.rdd.RDD.computeOrReadCheckpoint(RDD.scala:365)
[2025-05-04T10:48:06.286+0000] {spark_submit.py:644} INFO - at org.apache.spark.rdd.RDD.iterator(RDD.scala:329)
[2025-05-04T10:48:06.286+0000] {spark_submit.py:644} INFO - at org.apache.spark.rdd.MapPartitionsRDD.compute(MapPartitionsRDD.scala:52)
[2025-05-04T10:48:06.286+0000] {spark_submit.py:644} INFO - at org.apache.spark.rdd.RDD.computeOrReadCheckpoint(RDD.scala:365)
[2025-05-04T10:48:06.286+0000] {spark_submit.py:644} INFO - at org.apache.spark.rdd.RDD.iterator(RDD.scala:329)
[2025-05-04T10:48:06.286+0000] {spark_submit.py:644} INFO - at org.apache.spark.scheduler.ResultTask.runTask(ResultTask.scala:90)
[2025-05-04T10:48:06.286+0000] {spark_submit.py:644} INFO - at org.apache.spark.scheduler.Task.run(Task.scala:136)
[2025-05-04T10:48:06.286+0000] {spark_submit.py:644} INFO - at org.apache.spark.executor.Executor$TaskRunner.$anonfun$run$3(Executor.scala:548)
[2025-05-04T10:48:06.286+0000] {spark_submit.py:644} INFO - at org.apache.spark.util.Utils$.tryWithSafeFinally(Utils.scala:1504)
[2025-05-04T10:48:06.286+0000] {spark_submit.py:644} INFO - at org.apache.spark.executor.Executor$TaskRunner.run(Executor.scala:551)
[2025-05-04T10:48:06.286+0000] {spark_submit.py:644} INFO - at java.util.concurrent.ThreadPoolExecutor.runWorker(ThreadPoolExecutor.java:1149)
[2025-05-04T10:48:06.286+0000] {spark_submit.py:644} INFO - at java.util.concurrent.ThreadPoolExecutor$Worker.run(ThreadPoolExecutor.java:624)
[2025-05-04T10:48:06.286+0000] {spark_submit.py:644} INFO - at java.lang.Thread.run(Thread.java:748)
[2025-05-04T10:48:06.287+0000] {spark_submit.py:644} INFO - Caused by: java.io.IOException: error=2, No such file or directory
[2025-05-04T10:48:06.287+0000] {spark_submit.py:644} INFO - at java.lang.UNIXProcess.forkAndExec(Native Method)
[2025-05-04T10:48:06.287+0000] {spark_submit.py:644} INFO - at java.lang.UNIXProcess.<init>(UNIXProcess.java:247)
[2025-05-04T10:48:06.287+0000] {spark_submit.py:644} INFO - at java.lang.ProcessImpl.start(ProcessImpl.java:134)
[2025-05-04T10:48:06.287+0000] {spark_submit.py:644} INFO - at java.lang.ProcessBuilder.start(ProcessBuilder.java:1029)
[2025-05-04T10:48:06.287+0000] {spark_submit.py:644} INFO - ... 23 more
[2025-05-04T10:48:06.287+0000] {spark_submit.py:644} INFO - 
[2025-05-04T10:48:06.287+0000] {spark_submit.py:644} INFO - Driver stacktrace:
[2025-05-04T10:48:06.287+0000] {spark_submit.py:644} INFO - at org.apache.spark.scheduler.DAGScheduler.failJobAndIndependentStages(DAGScheduler.scala:2672)
[2025-05-04T10:48:06.287+0000] {spark_submit.py:644} INFO - at org.apache.spark.scheduler.DAGScheduler.$anonfun$abortStage$2(DAGScheduler.scala:2608)
[2025-05-04T10:48:06.287+0000] {spark_submit.py:644} INFO - at org.apache.spark.scheduler.DAGScheduler.$anonfun$abortStage$2$adapted(DAGScheduler.scala:2607)
[2025-05-04T10:48:06.287+0000] {spark_submit.py:644} INFO - at scala.collection.mutable.ResizableArray.foreach(ResizableArray.scala:62)
[2025-05-04T10:48:06.287+0000] {spark_submit.py:644} INFO - at scala.collection.mutable.ResizableArray.foreach$(ResizableArray.scala:55)
[2025-05-04T10:48:06.287+0000] {spark_submit.py:644} INFO - at scala.collection.mutable.ArrayBuffer.foreach(ArrayBuffer.scala:49)
[2025-05-04T10:48:06.288+0000] {spark_submit.py:644} INFO - at org.apache.spark.scheduler.DAGScheduler.abortStage(DAGScheduler.scala:2607)
[2025-05-04T10:48:06.288+0000] {spark_submit.py:644} INFO - at org.apache.spark.scheduler.DAGScheduler.$anonfun$handleTaskSetFailed$1(DAGScheduler.scala:1182)
[2025-05-04T10:48:06.288+0000] {spark_submit.py:644} INFO - at org.apache.spark.scheduler.DAGScheduler.$anonfun$handleTaskSetFailed$1$adapted(DAGScheduler.scala:1182)
[2025-05-04T10:48:06.288+0000] {spark_submit.py:644} INFO - at scala.Option.foreach(Option.scala:407)
[2025-05-04T10:48:06.288+0000] {spark_submit.py:644} INFO - at org.apache.spark.scheduler.DAGScheduler.handleTaskSetFailed(DAGScheduler.scala:1182)
[2025-05-04T10:48:06.288+0000] {spark_submit.py:644} INFO - at org.apache.spark.scheduler.DAGSchedulerEventProcessLoop.doOnReceive(DAGScheduler.scala:2860)
[2025-05-04T10:48:06.288+0000] {spark_submit.py:644} INFO - at org.apache.spark.scheduler.DAGSchedulerEventProcessLoop.onReceive(DAGScheduler.scala:2802)
[2025-05-04T10:48:06.288+0000] {spark_submit.py:644} INFO - at org.apache.spark.scheduler.DAGSchedulerEventProcessLoop.onReceive(DAGScheduler.scala:2791)
[2025-05-04T10:48:06.288+0000] {spark_submit.py:644} INFO - at org.apache.spark.util.EventLoop$$anon$1.run(EventLoop.scala:49)
[2025-05-04T10:48:06.288+0000] {spark_submit.py:644} INFO - at org.apache.spark.scheduler.DAGScheduler.runJob(DAGScheduler.scala:952)
[2025-05-04T10:48:06.288+0000] {spark_submit.py:644} INFO - at org.apache.spark.SparkContext.runJob(SparkContext.scala:2228)
[2025-05-04T10:48:06.289+0000] {spark_submit.py:644} INFO - at org.apache.spark.sql.execution.datasources.FileFormatWriter$.write(FileFormatWriter.scala:245)
[2025-05-04T10:48:06.289+0000] {spark_submit.py:644} INFO - at org.apache.spark.sql.execution.datasources.InsertIntoHadoopFsRelationCommand.run(InsertIntoHadoopFsRelationCommand.scala:186)
[2025-05-04T10:48:06.289+0000] {spark_submit.py:644} INFO - at org.apache.spark.sql.execution.command.DataWritingCommandExec.sideEffectResult$lzycompute(commands.scala:113)
[2025-05-04T10:48:06.289+0000] {spark_submit.py:644} INFO - at org.apache.spark.sql.execution.command.DataWritingCommandExec.sideEffectResult(commands.scala:111)
[2025-05-04T10:48:06.289+0000] {spark_submit.py:644} INFO - at org.apache.spark.sql.execution.command.DataWritingCommandExec.executeCollect(commands.scala:125)
[2025-05-04T10:48:06.289+0000] {spark_submit.py:644} INFO - at org.apache.spark.sql.execution.QueryExecution$$anonfun$eagerlyExecuteCommands$1.$anonfun$applyOrElse$1(QueryExecution.scala:98)
[2025-05-04T10:48:06.289+0000] {spark_submit.py:644} INFO - at org.apache.spark.sql.execution.SQLExecution$.$anonfun$withNewExecutionId$6(SQLExecution.scala:109)
[2025-05-04T10:48:06.289+0000] {spark_submit.py:644} INFO - at org.apache.spark.sql.execution.SQLExecution$.withSQLConfPropagated(SQLExecution.scala:169)
[2025-05-04T10:48:06.289+0000] {spark_submit.py:644} INFO - at org.apache.spark.sql.execution.SQLExecution$.$anonfun$withNewExecutionId$1(SQLExecution.scala:95)
[2025-05-04T10:48:06.289+0000] {spark_submit.py:644} INFO - at org.apache.spark.sql.SparkSession.withActive(SparkSession.scala:779)
[2025-05-04T10:48:06.289+0000] {spark_submit.py:644} INFO - at org.apache.spark.sql.execution.SQLExecution$.withNewExecutionId(SQLExecution.scala:64)
[2025-05-04T10:48:06.289+0000] {spark_submit.py:644} INFO - at org.apache.spark.sql.execution.QueryExecution$$anonfun$eagerlyExecuteCommands$1.applyOrElse(QueryExecution.scala:98)
[2025-05-04T10:48:06.289+0000] {spark_submit.py:644} INFO - at org.apache.spark.sql.execution.QueryExecution$$anonfun$eagerlyExecuteCommands$1.applyOrElse(QueryExecution.scala:94)
[2025-05-04T10:48:06.289+0000] {spark_submit.py:644} INFO - at org.apache.spark.sql.catalyst.trees.TreeNode.$anonfun$transformDownWithPruning$1(TreeNode.scala:584)
[2025-05-04T10:48:06.290+0000] {spark_submit.py:644} INFO - at org.apache.spark.sql.catalyst.trees.CurrentOrigin$.withOrigin(TreeNode.scala:176)
[2025-05-04T10:48:06.290+0000] {spark_submit.py:644} INFO - at org.apache.spark.sql.catalyst.trees.TreeNode.transformDownWithPruning(TreeNode.scala:584)
[2025-05-04T10:48:06.290+0000] {spark_submit.py:644} INFO - at org.apache.spark.sql.catalyst.plans.logical.LogicalPlan.org$apache$spark$sql$catalyst$plans$logical$AnalysisHelper$$super$transformDownWithPruning(LogicalPlan.scala:30)
[2025-05-04T10:48:06.290+0000] {spark_submit.py:644} INFO - at org.apache.spark.sql.catalyst.plans.logical.AnalysisHelper.transformDownWithPruning(AnalysisHelper.scala:267)
[2025-05-04T10:48:06.290+0000] {spark_submit.py:644} INFO - at org.apache.spark.sql.catalyst.plans.logical.AnalysisHelper.transformDownWithPruning$(AnalysisHelper.scala:263)
[2025-05-04T10:48:06.290+0000] {spark_submit.py:644} INFO - at org.apache.spark.sql.catalyst.plans.logical.LogicalPlan.transformDownWithPruning(LogicalPlan.scala:30)
[2025-05-04T10:48:06.290+0000] {spark_submit.py:644} INFO - at org.apache.spark.sql.catalyst.plans.logical.LogicalPlan.transformDownWithPruning(LogicalPlan.scala:30)
[2025-05-04T10:48:06.290+0000] {spark_submit.py:644} INFO - at org.apache.spark.sql.catalyst.trees.TreeNode.transformDown(TreeNode.scala:560)
[2025-05-04T10:48:06.290+0000] {spark_submit.py:644} INFO - at org.apache.spark.sql.execution.QueryExecution.eagerlyExecuteCommands(QueryExecution.scala:94)
[2025-05-04T10:48:06.290+0000] {spark_submit.py:644} INFO - at org.apache.spark.sql.execution.QueryExecution.commandExecuted$lzycompute(QueryExecution.scala:81)
[2025-05-04T10:48:06.290+0000] {spark_submit.py:644} INFO - at org.apache.spark.sql.execution.QueryExecution.commandExecuted(QueryExecution.scala:79)
[2025-05-04T10:48:06.290+0000] {spark_submit.py:644} INFO - at org.apache.spark.sql.execution.QueryExecution.assertCommandExecuted(QueryExecution.scala:116)
[2025-05-04T10:48:06.290+0000] {spark_submit.py:644} INFO - at org.apache.spark.sql.DataFrameWriter.runCommand(DataFrameWriter.scala:860)
[2025-05-04T10:48:06.290+0000] {spark_submit.py:644} INFO - at org.apache.spark.sql.DataFrameWriter.saveToV1Source(DataFrameWriter.scala:390)
[2025-05-04T10:48:06.291+0000] {spark_submit.py:644} INFO - at org.apache.spark.sql.DataFrameWriter.saveInternal(DataFrameWriter.scala:363)
[2025-05-04T10:48:06.291+0000] {spark_submit.py:644} INFO - at org.apache.spark.sql.DataFrameWriter.save(DataFrameWriter.scala:239)
[2025-05-04T10:48:06.291+0000] {spark_submit.py:644} INFO - at org.apache.spark.sql.DataFrameWriter.parquet(DataFrameWriter.scala:793)
[2025-05-04T10:48:06.291+0000] {spark_submit.py:644} INFO - at java.base/jdk.internal.reflect.NativeMethodAccessorImpl.invoke0(Native Method)
[2025-05-04T10:48:06.291+0000] {spark_submit.py:644} INFO - at java.base/jdk.internal.reflect.NativeMethodAccessorImpl.invoke(NativeMethodAccessorImpl.java:77)
[2025-05-04T10:48:06.291+0000] {spark_submit.py:644} INFO - at java.base/jdk.internal.reflect.DelegatingMethodAccessorImpl.invoke(DelegatingMethodAccessorImpl.java:43)
[2025-05-04T10:48:06.291+0000] {spark_submit.py:644} INFO - at java.base/java.lang.reflect.Method.invoke(Method.java:569)
[2025-05-04T10:48:06.291+0000] {spark_submit.py:644} INFO - at py4j.reflection.MethodInvoker.invoke(MethodInvoker.java:244)
[2025-05-04T10:48:06.291+0000] {spark_submit.py:644} INFO - at py4j.reflection.ReflectionEngine.invoke(ReflectionEngine.java:357)
[2025-05-04T10:48:06.291+0000] {spark_submit.py:644} INFO - at py4j.Gateway.invoke(Gateway.java:282)
[2025-05-04T10:48:06.291+0000] {spark_submit.py:644} INFO - at py4j.commands.AbstractCommand.invokeMethod(AbstractCommand.java:132)
[2025-05-04T10:48:06.292+0000] {spark_submit.py:644} INFO - at py4j.commands.CallCommand.execute(CallCommand.java:79)
[2025-05-04T10:48:06.292+0000] {spark_submit.py:644} INFO - at py4j.ClientServerConnection.waitForCommands(ClientServerConnection.java:182)
[2025-05-04T10:48:06.292+0000] {spark_submit.py:644} INFO - at py4j.ClientServerConnection.run(ClientServerConnection.java:106)
[2025-05-04T10:48:06.292+0000] {spark_submit.py:644} INFO - at java.base/java.lang.Thread.run(Thread.java:840)
[2025-05-04T10:48:06.292+0000] {spark_submit.py:644} INFO - Caused by: java.io.IOException: Cannot run program "/usr/local/bin/python3": error=2, No such file or directory
[2025-05-04T10:48:06.292+0000] {spark_submit.py:644} INFO - at java.lang.ProcessBuilder.start(ProcessBuilder.java:1048)
[2025-05-04T10:48:06.292+0000] {spark_submit.py:644} INFO - at org.apache.spark.api.python.PythonWorkerFactory.startDaemon(PythonWorkerFactory.scala:216)
[2025-05-04T10:48:06.292+0000] {spark_submit.py:644} INFO - at org.apache.spark.api.python.PythonWorkerFactory.createThroughDaemon(PythonWorkerFactory.scala:134)
[2025-05-04T10:48:06.292+0000] {spark_submit.py:644} INFO - at org.apache.spark.api.python.PythonWorkerFactory.create(PythonWorkerFactory.scala:107)
[2025-05-04T10:48:06.293+0000] {spark_submit.py:644} INFO - at org.apache.spark.SparkEnv.createPythonWorker(SparkEnv.scala:124)
[2025-05-04T10:48:06.293+0000] {spark_submit.py:644} INFO - at org.apache.spark.api.python.BasePythonRunner.compute(PythonRunner.scala:164)
[2025-05-04T10:48:06.293+0000] {spark_submit.py:644} INFO - at org.apache.spark.sql.execution.python.BatchEvalPythonExec.evaluate(BatchEvalPythonExec.scala:81)
[2025-05-04T10:48:06.293+0000] {spark_submit.py:644} INFO - at org.apache.spark.sql.execution.python.EvalPythonExec.$anonfun$doExecute$2(EvalPythonExec.scala:130)
[2025-05-04T10:48:06.293+0000] {spark_submit.py:644} INFO - at org.apache.spark.rdd.RDD.$anonfun$mapPartitions$2(RDD.scala:855)
[2025-05-04T10:48:06.293+0000] {spark_submit.py:644} INFO - at org.apache.spark.rdd.RDD.$anonfun$mapPartitions$2$adapted(RDD.scala:855)
[2025-05-04T10:48:06.293+0000] {spark_submit.py:644} INFO - at org.apache.spark.rdd.MapPartitionsRDD.compute(MapPartitionsRDD.scala:52)
[2025-05-04T10:48:06.294+0000] {spark_submit.py:644} INFO - at org.apache.spark.rdd.RDD.computeOrReadCheckpoint(RDD.scala:365)
[2025-05-04T10:48:06.294+0000] {spark_submit.py:644} INFO - at org.apache.spark.rdd.RDD.iterator(RDD.scala:329)
[2025-05-04T10:48:06.294+0000] {spark_submit.py:644} INFO - at org.apache.spark.rdd.MapPartitionsRDD.compute(MapPartitionsRDD.scala:52)
[2025-05-04T10:48:06.294+0000] {spark_submit.py:644} INFO - at org.apache.spark.rdd.RDD.computeOrReadCheckpoint(RDD.scala:365)
[2025-05-04T10:48:06.294+0000] {spark_submit.py:644} INFO - at org.apache.spark.rdd.RDD.iterator(RDD.scala:329)
[2025-05-04T10:48:06.294+0000] {spark_submit.py:644} INFO - at org.apache.spark.scheduler.ResultTask.runTask(ResultTask.scala:90)
[2025-05-04T10:48:06.294+0000] {spark_submit.py:644} INFO - at org.apache.spark.scheduler.Task.run(Task.scala:136)
[2025-05-04T10:48:06.294+0000] {spark_submit.py:644} INFO - at org.apache.spark.executor.Executor$TaskRunner.$anonfun$run$3(Executor.scala:548)
[2025-05-04T10:48:06.294+0000] {spark_submit.py:644} INFO - at org.apache.spark.util.Utils$.tryWithSafeFinally(Utils.scala:1504)
[2025-05-04T10:48:06.295+0000] {spark_submit.py:644} INFO - at org.apache.spark.executor.Executor$TaskRunner.run(Executor.scala:551)
[2025-05-04T10:48:06.295+0000] {spark_submit.py:644} INFO - at java.util.concurrent.ThreadPoolExecutor.runWorker(ThreadPoolExecutor.java:1149)
[2025-05-04T10:48:06.295+0000] {spark_submit.py:644} INFO - at java.util.concurrent.ThreadPoolExecutor$Worker.run(ThreadPoolExecutor.java:624)
[2025-05-04T10:48:06.295+0000] {spark_submit.py:644} INFO - at java.lang.Thread.run(Thread.java:748)
[2025-05-04T10:48:06.295+0000] {spark_submit.py:644} INFO - Caused by: java.io.IOException: error=2, No such file or directory
[2025-05-04T10:48:06.295+0000] {spark_submit.py:644} INFO - at java.lang.UNIXProcess.forkAndExec(Native Method)
[2025-05-04T10:48:06.295+0000] {spark_submit.py:644} INFO - at java.lang.UNIXProcess.<init>(UNIXProcess.java:247)
[2025-05-04T10:48:06.295+0000] {spark_submit.py:644} INFO - at java.lang.ProcessImpl.start(ProcessImpl.java:134)
[2025-05-04T10:48:06.296+0000] {spark_submit.py:644} INFO - at java.lang.ProcessBuilder.start(ProcessBuilder.java:1029)
[2025-05-04T10:48:06.296+0000] {spark_submit.py:644} INFO - ... 23 more
[2025-05-04T10:48:06.296+0000] {spark_submit.py:644} INFO - 25/05/04 10:48:06 INFO TaskSetManager: Lost task 0.3 in stage 1.0 (TID 8) on 172.19.0.6, executor 0: java.io.IOException (Cannot run program "/usr/local/bin/python3": error=2, No such file or directory) [duplicate 7]
[2025-05-04T10:48:06.296+0000] {spark_submit.py:644} INFO - 25/05/04 10:48:06 INFO TaskSchedulerImpl: Removed TaskSet 1.0, whose tasks have all completed, from pool
[2025-05-04T10:48:06.463+0000] {spark_submit.py:644} INFO - Traceback (most recent call last):
[2025-05-04T10:48:06.464+0000] {spark_submit.py:644} INFO - File "/opt/airflow/dags/bronze_to_silver.py", line 43, in <module>
[2025-05-04T10:48:06.464+0000] {spark_submit.py:644} INFO - process_table(table)
[2025-05-04T10:48:06.464+0000] {spark_submit.py:644} INFO - File "/opt/airflow/dags/bronze_to_silver.py", line 31, in process_table
[2025-05-04T10:48:06.464+0000] {spark_submit.py:644} INFO - df_cleaned.write.mode("overwrite").parquet(silver_path)
[2025-05-04T10:48:06.464+0000] {spark_submit.py:644} INFO - File "/opt/spark/python/lib/pyspark.zip/pyspark/sql/readwriter.py", line 1140, in parquet
[2025-05-04T10:48:06.464+0000] {spark_submit.py:644} INFO - File "/opt/spark/python/lib/py4j-0.10.9.5-src.zip/py4j/java_gateway.py", line 1321, in __call__
[2025-05-04T10:48:06.464+0000] {spark_submit.py:644} INFO - File "/opt/spark/python/lib/pyspark.zip/pyspark/sql/utils.py", line 190, in deco
[2025-05-04T10:48:06.464+0000] {spark_submit.py:644} INFO - File "/opt/spark/python/lib/py4j-0.10.9.5-src.zip/py4j/protocol.py", line 326, in get_return_value
[2025-05-04T10:48:06.515+0000] {spark_submit.py:644} INFO - py4j.protocol.Py4JJavaError: An error occurred while calling o217.parquet.
[2025-05-04T10:48:06.515+0000] {spark_submit.py:644} INFO - : org.apache.spark.SparkException: Job aborted.
[2025-05-04T10:48:06.516+0000] {spark_submit.py:644} INFO - at org.apache.spark.sql.errors.QueryExecutionErrors$.jobAbortedError(QueryExecutionErrors.scala:638)
[2025-05-04T10:48:06.516+0000] {spark_submit.py:644} INFO - at org.apache.spark.sql.execution.datasources.FileFormatWriter$.write(FileFormatWriter.scala:278)
[2025-05-04T10:48:06.516+0000] {spark_submit.py:644} INFO - at org.apache.spark.sql.execution.datasources.InsertIntoHadoopFsRelationCommand.run(InsertIntoHadoopFsRelationCommand.scala:186)
[2025-05-04T10:48:06.516+0000] {spark_submit.py:644} INFO - at org.apache.spark.sql.execution.command.DataWritingCommandExec.sideEffectResult$lzycompute(commands.scala:113)
[2025-05-04T10:48:06.516+0000] {spark_submit.py:644} INFO - at org.apache.spark.sql.execution.command.DataWritingCommandExec.sideEffectResult(commands.scala:111)
[2025-05-04T10:48:06.516+0000] {spark_submit.py:644} INFO - at org.apache.spark.sql.execution.command.DataWritingCommandExec.executeCollect(commands.scala:125)
[2025-05-04T10:48:06.516+0000] {spark_submit.py:644} INFO - at org.apache.spark.sql.execution.QueryExecution$$anonfun$eagerlyExecuteCommands$1.$anonfun$applyOrElse$1(QueryExecution.scala:98)
[2025-05-04T10:48:06.516+0000] {spark_submit.py:644} INFO - at org.apache.spark.sql.execution.SQLExecution$.$anonfun$withNewExecutionId$6(SQLExecution.scala:109)
[2025-05-04T10:48:06.516+0000] {spark_submit.py:644} INFO - at org.apache.spark.sql.execution.SQLExecution$.withSQLConfPropagated(SQLExecution.scala:169)
[2025-05-04T10:48:06.517+0000] {spark_submit.py:644} INFO - at org.apache.spark.sql.execution.SQLExecution$.$anonfun$withNewExecutionId$1(SQLExecution.scala:95)
[2025-05-04T10:48:06.517+0000] {spark_submit.py:644} INFO - at org.apache.spark.sql.SparkSession.withActive(SparkSession.scala:779)
[2025-05-04T10:48:06.517+0000] {spark_submit.py:644} INFO - at org.apache.spark.sql.execution.SQLExecution$.withNewExecutionId(SQLExecution.scala:64)
[2025-05-04T10:48:06.517+0000] {spark_submit.py:644} INFO - at org.apache.spark.sql.execution.QueryExecution$$anonfun$eagerlyExecuteCommands$1.applyOrElse(QueryExecution.scala:98)
[2025-05-04T10:48:06.517+0000] {spark_submit.py:644} INFO - at org.apache.spark.sql.execution.QueryExecution$$anonfun$eagerlyExecuteCommands$1.applyOrElse(QueryExecution.scala:94)
[2025-05-04T10:48:06.517+0000] {spark_submit.py:644} INFO - at org.apache.spark.sql.catalyst.trees.TreeNode.$anonfun$transformDownWithPruning$1(TreeNode.scala:584)
[2025-05-04T10:48:06.517+0000] {spark_submit.py:644} INFO - at org.apache.spark.sql.catalyst.trees.CurrentOrigin$.withOrigin(TreeNode.scala:176)
[2025-05-04T10:48:06.517+0000] {spark_submit.py:644} INFO - at org.apache.spark.sql.catalyst.trees.TreeNode.transformDownWithPruning(TreeNode.scala:584)
[2025-05-04T10:48:06.517+0000] {spark_submit.py:644} INFO - at org.apache.spark.sql.catalyst.plans.logical.LogicalPlan.org$apache$spark$sql$catalyst$plans$logical$AnalysisHelper$$super$transformDownWithPruning(LogicalPlan.scala:30)
[2025-05-04T10:48:06.517+0000] {spark_submit.py:644} INFO - at org.apache.spark.sql.catalyst.plans.logical.AnalysisHelper.transformDownWithPruning(AnalysisHelper.scala:267)
[2025-05-04T10:48:06.517+0000] {spark_submit.py:644} INFO - at org.apache.spark.sql.catalyst.plans.logical.AnalysisHelper.transformDownWithPruning$(AnalysisHelper.scala:263)
[2025-05-04T10:48:06.517+0000] {spark_submit.py:644} INFO - at org.apache.spark.sql.catalyst.plans.logical.LogicalPlan.transformDownWithPruning(LogicalPlan.scala:30)
[2025-05-04T10:48:06.518+0000] {spark_submit.py:644} INFO - at org.apache.spark.sql.catalyst.plans.logical.LogicalPlan.transformDownWithPruning(LogicalPlan.scala:30)
[2025-05-04T10:48:06.518+0000] {spark_submit.py:644} INFO - at org.apache.spark.sql.catalyst.trees.TreeNode.transformDown(TreeNode.scala:560)
[2025-05-04T10:48:06.518+0000] {spark_submit.py:644} INFO - at org.apache.spark.sql.execution.QueryExecution.eagerlyExecuteCommands(QueryExecution.scala:94)
[2025-05-04T10:48:06.518+0000] {spark_submit.py:644} INFO - at org.apache.spark.sql.execution.QueryExecution.commandExecuted$lzycompute(QueryExecution.scala:81)
[2025-05-04T10:48:06.518+0000] {spark_submit.py:644} INFO - at org.apache.spark.sql.execution.QueryExecution.commandExecuted(QueryExecution.scala:79)
[2025-05-04T10:48:06.518+0000] {spark_submit.py:644} INFO - at org.apache.spark.sql.execution.QueryExecution.assertCommandExecuted(QueryExecution.scala:116)
[2025-05-04T10:48:06.518+0000] {spark_submit.py:644} INFO - at org.apache.spark.sql.DataFrameWriter.runCommand(DataFrameWriter.scala:860)
[2025-05-04T10:48:06.518+0000] {spark_submit.py:644} INFO - at org.apache.spark.sql.DataFrameWriter.saveToV1Source(DataFrameWriter.scala:390)
[2025-05-04T10:48:06.518+0000] {spark_submit.py:644} INFO - at org.apache.spark.sql.DataFrameWriter.saveInternal(DataFrameWriter.scala:363)
[2025-05-04T10:48:06.519+0000] {spark_submit.py:644} INFO - at org.apache.spark.sql.DataFrameWriter.save(DataFrameWriter.scala:239)
[2025-05-04T10:48:06.519+0000] {spark_submit.py:644} INFO - at org.apache.spark.sql.DataFrameWriter.parquet(DataFrameWriter.scala:793)
[2025-05-04T10:48:06.519+0000] {spark_submit.py:644} INFO - at java.base/jdk.internal.reflect.NativeMethodAccessorImpl.invoke0(Native Method)
[2025-05-04T10:48:06.519+0000] {spark_submit.py:644} INFO - at java.base/jdk.internal.reflect.NativeMethodAccessorImpl.invoke(NativeMethodAccessorImpl.java:77)
[2025-05-04T10:48:06.519+0000] {spark_submit.py:644} INFO - at java.base/jdk.internal.reflect.DelegatingMethodAccessorImpl.invoke(DelegatingMethodAccessorImpl.java:43)
[2025-05-04T10:48:06.519+0000] {spark_submit.py:644} INFO - at java.base/java.lang.reflect.Method.invoke(Method.java:569)
[2025-05-04T10:48:06.519+0000] {spark_submit.py:644} INFO - at py4j.reflection.MethodInvoker.invoke(MethodInvoker.java:244)
[2025-05-04T10:48:06.519+0000] {spark_submit.py:644} INFO - at py4j.reflection.ReflectionEngine.invoke(ReflectionEngine.java:357)
[2025-05-04T10:48:06.519+0000] {spark_submit.py:644} INFO - at py4j.Gateway.invoke(Gateway.java:282)
[2025-05-04T10:48:06.519+0000] {spark_submit.py:644} INFO - at py4j.commands.AbstractCommand.invokeMethod(AbstractCommand.java:132)
[2025-05-04T10:48:06.519+0000] {spark_submit.py:644} INFO - at py4j.commands.CallCommand.execute(CallCommand.java:79)
[2025-05-04T10:48:06.519+0000] {spark_submit.py:644} INFO - at py4j.ClientServerConnection.waitForCommands(ClientServerConnection.java:182)
[2025-05-04T10:48:06.519+0000] {spark_submit.py:644} INFO - at py4j.ClientServerConnection.run(ClientServerConnection.java:106)
[2025-05-04T10:48:06.519+0000] {spark_submit.py:644} INFO - at java.base/java.lang.Thread.run(Thread.java:840)
[2025-05-04T10:48:06.520+0000] {spark_submit.py:644} INFO - Caused by: org.apache.spark.SparkException: Job aborted due to stage failure: Task 1 in stage 1.0 failed 4 times, most recent failure: Lost task 1.3 in stage 1.0 (TID 7) (172.19.0.6 executor 0): java.io.IOException: Cannot run program "/usr/local/bin/python3": error=2, No such file or directory
[2025-05-04T10:48:06.520+0000] {spark_submit.py:644} INFO - at java.lang.ProcessBuilder.start(ProcessBuilder.java:1048)
[2025-05-04T10:48:06.520+0000] {spark_submit.py:644} INFO - at org.apache.spark.api.python.PythonWorkerFactory.startDaemon(PythonWorkerFactory.scala:216)
[2025-05-04T10:48:06.520+0000] {spark_submit.py:644} INFO - at org.apache.spark.api.python.PythonWorkerFactory.createThroughDaemon(PythonWorkerFactory.scala:134)
[2025-05-04T10:48:06.520+0000] {spark_submit.py:644} INFO - at org.apache.spark.api.python.PythonWorkerFactory.create(PythonWorkerFactory.scala:107)
[2025-05-04T10:48:06.520+0000] {spark_submit.py:644} INFO - at org.apache.spark.SparkEnv.createPythonWorker(SparkEnv.scala:124)
[2025-05-04T10:48:06.520+0000] {spark_submit.py:644} INFO - at org.apache.spark.api.python.BasePythonRunner.compute(PythonRunner.scala:164)
[2025-05-04T10:48:06.520+0000] {spark_submit.py:644} INFO - at org.apache.spark.sql.execution.python.BatchEvalPythonExec.evaluate(BatchEvalPythonExec.scala:81)
[2025-05-04T10:48:06.520+0000] {spark_submit.py:644} INFO - at org.apache.spark.sql.execution.python.EvalPythonExec.$anonfun$doExecute$2(EvalPythonExec.scala:130)
[2025-05-04T10:48:06.520+0000] {spark_submit.py:644} INFO - at org.apache.spark.rdd.RDD.$anonfun$mapPartitions$2(RDD.scala:855)
[2025-05-04T10:48:06.520+0000] {spark_submit.py:644} INFO - at org.apache.spark.rdd.RDD.$anonfun$mapPartitions$2$adapted(RDD.scala:855)
[2025-05-04T10:48:06.520+0000] {spark_submit.py:644} INFO - at org.apache.spark.rdd.MapPartitionsRDD.compute(MapPartitionsRDD.scala:52)
[2025-05-04T10:48:06.520+0000] {spark_submit.py:644} INFO - at org.apache.spark.rdd.RDD.computeOrReadCheckpoint(RDD.scala:365)
[2025-05-04T10:48:06.520+0000] {spark_submit.py:644} INFO - at org.apache.spark.rdd.RDD.iterator(RDD.scala:329)
[2025-05-04T10:48:06.521+0000] {spark_submit.py:644} INFO - at org.apache.spark.rdd.MapPartitionsRDD.compute(MapPartitionsRDD.scala:52)
[2025-05-04T10:48:06.521+0000] {spark_submit.py:644} INFO - at org.apache.spark.rdd.RDD.computeOrReadCheckpoint(RDD.scala:365)
[2025-05-04T10:48:06.521+0000] {spark_submit.py:644} INFO - at org.apache.spark.rdd.RDD.iterator(RDD.scala:329)
[2025-05-04T10:48:06.521+0000] {spark_submit.py:644} INFO - at org.apache.spark.scheduler.ResultTask.runTask(ResultTask.scala:90)
[2025-05-04T10:48:06.521+0000] {spark_submit.py:644} INFO - at org.apache.spark.scheduler.Task.run(Task.scala:136)
[2025-05-04T10:48:06.521+0000] {spark_submit.py:644} INFO - at org.apache.spark.executor.Executor$TaskRunner.$anonfun$run$3(Executor.scala:548)
[2025-05-04T10:48:06.521+0000] {spark_submit.py:644} INFO - at org.apache.spark.util.Utils$.tryWithSafeFinally(Utils.scala:1504)
[2025-05-04T10:48:06.521+0000] {spark_submit.py:644} INFO - at org.apache.spark.executor.Executor$TaskRunner.run(Executor.scala:551)
[2025-05-04T10:48:06.521+0000] {spark_submit.py:644} INFO - at java.util.concurrent.ThreadPoolExecutor.runWorker(ThreadPoolExecutor.java:1149)
[2025-05-04T10:48:06.521+0000] {spark_submit.py:644} INFO - at java.util.concurrent.ThreadPoolExecutor$Worker.run(ThreadPoolExecutor.java:624)
[2025-05-04T10:48:06.521+0000] {spark_submit.py:644} INFO - at java.lang.Thread.run(Thread.java:748)
[2025-05-04T10:48:06.521+0000] {spark_submit.py:644} INFO - Caused by: java.io.IOException: error=2, No such file or directory
[2025-05-04T10:48:06.521+0000] {spark_submit.py:644} INFO - at java.lang.UNIXProcess.forkAndExec(Native Method)
[2025-05-04T10:48:06.521+0000] {spark_submit.py:644} INFO - at java.lang.UNIXProcess.<init>(UNIXProcess.java:247)
[2025-05-04T10:48:06.522+0000] {spark_submit.py:644} INFO - at java.lang.ProcessImpl.start(ProcessImpl.java:134)
[2025-05-04T10:48:06.522+0000] {spark_submit.py:644} INFO - at java.lang.ProcessBuilder.start(ProcessBuilder.java:1029)
[2025-05-04T10:48:06.522+0000] {spark_submit.py:644} INFO - ... 23 more
[2025-05-04T10:48:06.522+0000] {spark_submit.py:644} INFO - 
[2025-05-04T10:48:06.522+0000] {spark_submit.py:644} INFO - Driver stacktrace:
[2025-05-04T10:48:06.522+0000] {spark_submit.py:644} INFO - at org.apache.spark.scheduler.DAGScheduler.failJobAndIndependentStages(DAGScheduler.scala:2672)
[2025-05-04T10:48:06.522+0000] {spark_submit.py:644} INFO - at org.apache.spark.scheduler.DAGScheduler.$anonfun$abortStage$2(DAGScheduler.scala:2608)
[2025-05-04T10:48:06.522+0000] {spark_submit.py:644} INFO - at org.apache.spark.scheduler.DAGScheduler.$anonfun$abortStage$2$adapted(DAGScheduler.scala:2607)
[2025-05-04T10:48:06.522+0000] {spark_submit.py:644} INFO - at scala.collection.mutable.ResizableArray.foreach(ResizableArray.scala:62)
[2025-05-04T10:48:06.522+0000] {spark_submit.py:644} INFO - at scala.collection.mutable.ResizableArray.foreach$(ResizableArray.scala:55)
[2025-05-04T10:48:06.523+0000] {spark_submit.py:644} INFO - at scala.collection.mutable.ArrayBuffer.foreach(ArrayBuffer.scala:49)
[2025-05-04T10:48:06.523+0000] {spark_submit.py:644} INFO - at org.apache.spark.scheduler.DAGScheduler.abortStage(DAGScheduler.scala:2607)
[2025-05-04T10:48:06.523+0000] {spark_submit.py:644} INFO - at org.apache.spark.scheduler.DAGScheduler.$anonfun$handleTaskSetFailed$1(DAGScheduler.scala:1182)
[2025-05-04T10:48:06.523+0000] {spark_submit.py:644} INFO - at org.apache.spark.scheduler.DAGScheduler.$anonfun$handleTaskSetFailed$1$adapted(DAGScheduler.scala:1182)
[2025-05-04T10:48:06.523+0000] {spark_submit.py:644} INFO - at scala.Option.foreach(Option.scala:407)
[2025-05-04T10:48:06.523+0000] {spark_submit.py:644} INFO - at org.apache.spark.scheduler.DAGScheduler.handleTaskSetFailed(DAGScheduler.scala:1182)
[2025-05-04T10:48:06.523+0000] {spark_submit.py:644} INFO - at org.apache.spark.scheduler.DAGSchedulerEventProcessLoop.doOnReceive(DAGScheduler.scala:2860)
[2025-05-04T10:48:06.524+0000] {spark_submit.py:644} INFO - at org.apache.spark.scheduler.DAGSchedulerEventProcessLoop.onReceive(DAGScheduler.scala:2802)
[2025-05-04T10:48:06.524+0000] {spark_submit.py:644} INFO - at org.apache.spark.scheduler.DAGSchedulerEventProcessLoop.onReceive(DAGScheduler.scala:2791)
[2025-05-04T10:48:06.524+0000] {spark_submit.py:644} INFO - at org.apache.spark.util.EventLoop$$anon$1.run(EventLoop.scala:49)
[2025-05-04T10:48:06.524+0000] {spark_submit.py:644} INFO - at org.apache.spark.scheduler.DAGScheduler.runJob(DAGScheduler.scala:952)
[2025-05-04T10:48:06.524+0000] {spark_submit.py:644} INFO - at org.apache.spark.SparkContext.runJob(SparkContext.scala:2228)
[2025-05-04T10:48:06.524+0000] {spark_submit.py:644} INFO - at org.apache.spark.sql.execution.datasources.FileFormatWriter$.write(FileFormatWriter.scala:245)
[2025-05-04T10:48:06.524+0000] {spark_submit.py:644} INFO - ... 42 more
[2025-05-04T10:48:06.524+0000] {spark_submit.py:644} INFO - Caused by: java.io.IOException: Cannot run program "/usr/local/bin/python3": error=2, No such file or directory
[2025-05-04T10:48:06.524+0000] {spark_submit.py:644} INFO - at java.lang.ProcessBuilder.start(ProcessBuilder.java:1048)
[2025-05-04T10:48:06.525+0000] {spark_submit.py:644} INFO - at org.apache.spark.api.python.PythonWorkerFactory.startDaemon(PythonWorkerFactory.scala:216)
[2025-05-04T10:48:06.525+0000] {spark_submit.py:644} INFO - at org.apache.spark.api.python.PythonWorkerFactory.createThroughDaemon(PythonWorkerFactory.scala:134)
[2025-05-04T10:48:06.525+0000] {spark_submit.py:644} INFO - at org.apache.spark.api.python.PythonWorkerFactory.create(PythonWorkerFactory.scala:107)
[2025-05-04T10:48:06.525+0000] {spark_submit.py:644} INFO - at org.apache.spark.SparkEnv.createPythonWorker(SparkEnv.scala:124)
[2025-05-04T10:48:06.525+0000] {spark_submit.py:644} INFO - at org.apache.spark.api.python.BasePythonRunner.compute(PythonRunner.scala:164)
[2025-05-04T10:48:06.525+0000] {spark_submit.py:644} INFO - at org.apache.spark.sql.execution.python.BatchEvalPythonExec.evaluate(BatchEvalPythonExec.scala:81)
[2025-05-04T10:48:06.525+0000] {spark_submit.py:644} INFO - at org.apache.spark.sql.execution.python.EvalPythonExec.$anonfun$doExecute$2(EvalPythonExec.scala:130)
[2025-05-04T10:48:06.525+0000] {spark_submit.py:644} INFO - at org.apache.spark.rdd.RDD.$anonfun$mapPartitions$2(RDD.scala:855)
[2025-05-04T10:48:06.525+0000] {spark_submit.py:644} INFO - at org.apache.spark.rdd.RDD.$anonfun$mapPartitions$2$adapted(RDD.scala:855)
[2025-05-04T10:48:06.525+0000] {spark_submit.py:644} INFO - at org.apache.spark.rdd.MapPartitionsRDD.compute(MapPartitionsRDD.scala:52)
[2025-05-04T10:48:06.525+0000] {spark_submit.py:644} INFO - at org.apache.spark.rdd.RDD.computeOrReadCheckpoint(RDD.scala:365)
[2025-05-04T10:48:06.526+0000] {spark_submit.py:644} INFO - at org.apache.spark.rdd.RDD.iterator(RDD.scala:329)
[2025-05-04T10:48:06.526+0000] {spark_submit.py:644} INFO - at org.apache.spark.rdd.MapPartitionsRDD.compute(MapPartitionsRDD.scala:52)
[2025-05-04T10:48:06.526+0000] {spark_submit.py:644} INFO - at org.apache.spark.rdd.RDD.computeOrReadCheckpoint(RDD.scala:365)
[2025-05-04T10:48:06.526+0000] {spark_submit.py:644} INFO - at org.apache.spark.rdd.RDD.iterator(RDD.scala:329)
[2025-05-04T10:48:06.526+0000] {spark_submit.py:644} INFO - at org.apache.spark.scheduler.ResultTask.runTask(ResultTask.scala:90)
[2025-05-04T10:48:06.526+0000] {spark_submit.py:644} INFO - at org.apache.spark.scheduler.Task.run(Task.scala:136)
[2025-05-04T10:48:06.526+0000] {spark_submit.py:644} INFO - at org.apache.spark.executor.Executor$TaskRunner.$anonfun$run$3(Executor.scala:548)
[2025-05-04T10:48:06.526+0000] {spark_submit.py:644} INFO - at org.apache.spark.util.Utils$.tryWithSafeFinally(Utils.scala:1504)
[2025-05-04T10:48:06.526+0000] {spark_submit.py:644} INFO - at org.apache.spark.executor.Executor$TaskRunner.run(Executor.scala:551)
[2025-05-04T10:48:06.526+0000] {spark_submit.py:644} INFO - at java.util.concurrent.ThreadPoolExecutor.runWorker(ThreadPoolExecutor.java:1149)
[2025-05-04T10:48:06.526+0000] {spark_submit.py:644} INFO - at java.util.concurrent.ThreadPoolExecutor$Worker.run(ThreadPoolExecutor.java:624)
[2025-05-04T10:48:06.526+0000] {spark_submit.py:644} INFO - at java.lang.Thread.run(Thread.java:748)
[2025-05-04T10:48:06.526+0000] {spark_submit.py:644} INFO - Caused by: java.io.IOException: error=2, No such file or directory
[2025-05-04T10:48:06.526+0000] {spark_submit.py:644} INFO - at java.lang.UNIXProcess.forkAndExec(Native Method)
[2025-05-04T10:48:06.527+0000] {spark_submit.py:644} INFO - at java.lang.UNIXProcess.<init>(UNIXProcess.java:247)
[2025-05-04T10:48:06.527+0000] {spark_submit.py:644} INFO - at java.lang.ProcessImpl.start(ProcessImpl.java:134)
[2025-05-04T10:48:06.527+0000] {spark_submit.py:644} INFO - at java.lang.ProcessBuilder.start(ProcessBuilder.java:1029)
[2025-05-04T10:48:06.527+0000] {spark_submit.py:644} INFO - ... 23 more
[2025-05-04T10:48:06.527+0000] {spark_submit.py:644} INFO - 
[2025-05-04T10:48:06.547+0000] {spark_submit.py:644} INFO - 25/05/04 10:48:06 INFO SparkContext: Invoking stop() from shutdown hook
[2025-05-04T10:48:06.556+0000] {spark_submit.py:644} INFO - 25/05/04 10:48:06 INFO SparkUI: Stopped Spark web UI at http://6a258ea3dbe5:4040
[2025-05-04T10:48:06.559+0000] {spark_submit.py:644} INFO - 25/05/04 10:48:06 INFO StandaloneSchedulerBackend: Shutting down all executors
[2025-05-04T10:48:06.560+0000] {spark_submit.py:644} INFO - 25/05/04 10:48:06 INFO CoarseGrainedSchedulerBackend$DriverEndpoint: Asking each executor to shut down
[2025-05-04T10:48:06.588+0000] {spark_submit.py:644} INFO - 25/05/04 10:48:06 INFO MapOutputTrackerMasterEndpoint: MapOutputTrackerMasterEndpoint stopped!
[2025-05-04T10:48:06.621+0000] {spark_submit.py:644} INFO - 25/05/04 10:48:06 INFO MemoryStore: MemoryStore cleared
[2025-05-04T10:48:06.622+0000] {spark_submit.py:644} INFO - 25/05/04 10:48:06 INFO BlockManager: BlockManager stopped
[2025-05-04T10:48:06.626+0000] {spark_submit.py:644} INFO - 25/05/04 10:48:06 INFO BlockManagerMaster: BlockManagerMaster stopped
[2025-05-04T10:48:06.628+0000] {spark_submit.py:644} INFO - 25/05/04 10:48:06 INFO OutputCommitCoordinator$OutputCommitCoordinatorEndpoint: OutputCommitCoordinator stopped!
[2025-05-04T10:48:06.646+0000] {spark_submit.py:644} INFO - 25/05/04 10:48:06 INFO SparkContext: Successfully stopped SparkContext
[2025-05-04T10:48:06.646+0000] {spark_submit.py:644} INFO - 25/05/04 10:48:06 INFO ShutdownHookManager: Shutdown hook called
[2025-05-04T10:48:06.647+0000] {spark_submit.py:644} INFO - 25/05/04 10:48:06 INFO ShutdownHookManager: Deleting directory /tmp/spark-05ba8f4a-753c-4778-b96d-1fb5afb525dd
[2025-05-04T10:48:06.651+0000] {spark_submit.py:644} INFO - 25/05/04 10:48:06 INFO ShutdownHookManager: Deleting directory /tmp/spark-1d08a73b-de1d-47e5-8c2e-a0e5500d8162
[2025-05-04T10:48:06.655+0000] {spark_submit.py:644} INFO - 25/05/04 10:48:06 INFO ShutdownHookManager: Deleting directory /tmp/spark-05ba8f4a-753c-4778-b96d-1fb5afb525dd/pyspark-54bff156-a571-4c6c-8516-a8f5df35c03e
[2025-05-04T10:48:06.720+0000] {taskinstance.py:441} INFO - ::group::Post task execution logs
[2025-05-04T10:48:06.779+0000] {taskinstance.py:2905} ERROR - Task failed with exception
Traceback (most recent call last):
  File "/home/airflow/.local/lib/python3.10/site-packages/airflow/models/taskinstance.py", line 465, in _execute_task
    result = _execute_callable(context=context, **execute_callable_kwargs)
  File "/home/airflow/.local/lib/python3.10/site-packages/airflow/models/taskinstance.py", line 432, in _execute_callable
    return execute_callable(context=context, **execute_callable_kwargs)
  File "/home/airflow/.local/lib/python3.10/site-packages/airflow/models/baseoperator.py", line 400, in wrapper
    return func(self, *args, **kwargs)
  File "/home/airflow/.local/lib/python3.10/site-packages/airflow/providers/apache/spark/operators/spark_submit.py", line 197, in execute
    self._hook.submit(self.application)
  File "/home/airflow/.local/lib/python3.10/site-packages/airflow/providers/apache/spark/hooks/spark_submit.py", line 566, in submit
    raise AirflowException(
airflow.exceptions.AirflowException: Cannot execute: spark-submit --master spark://spark-master:7077 --conf spark.master=spark://spark-master:7077 --conf spark.pyspark.python=/usr/local/bin/python3 --name BronzeToSilver --verbose --queue root.default --deploy-mode client /opt/airflow/dags/bronze_to_silver.py. Error code is: 1.
[2025-05-04T10:48:06.830+0000] {taskinstance.py:1206} INFO - Marking task as FAILED. dag_id=final_project_BBDL, task_id=BronzeToSilver, run_id=manual__2025-05-04T10:47:13.878387+00:00, execution_date=20250504T104713, start_date=20250504T104753, end_date=20250504T104806
[2025-05-04T10:48:06.870+0000] {standard_task_runner.py:110} ERROR - Failed to execute job 90 for task BronzeToSilver (Cannot execute: spark-submit --master spark://spark-master:7077 --conf spark.master=spark://spark-master:7077 --conf spark.pyspark.python=/usr/local/bin/python3 --name BronzeToSilver --verbose --queue root.default --deploy-mode client /opt/airflow/dags/bronze_to_silver.py. Error code is: 1.; 3966)
[2025-05-04T10:48:06.894+0000] {local_task_job_runner.py:240} INFO - Task exited with return code 1
[2025-05-04T10:48:06.938+0000] {taskinstance.py:3498} INFO - 0 downstream tasks scheduled from follow-on schedule check
[2025-05-04T10:48:07.003+0000] {local_task_job_runner.py:222} INFO - ::endgroup::
