[2025-05-03T16:18:49.263+0000] {local_task_job_runner.py:120} INFO - ::group::Pre task execution logs
[2025-05-03T16:18:49.326+0000] {taskinstance.py:2076} INFO - Dependencies all met for dep_context=non-requeueable deps ti=<TaskInstance: final_project_BBDL.BronzeToSilver manual__2025-05-03T16:18:24.993710+00:00 [queued]>
[2025-05-03T16:18:49.336+0000] {taskinstance.py:2076} INFO - Dependencies all met for dep_context=requeueable deps ti=<TaskInstance: final_project_BBDL.BronzeToSilver manual__2025-05-03T16:18:24.993710+00:00 [queued]>
[2025-05-03T16:18:49.337+0000] {taskinstance.py:2306} INFO - Starting attempt 1 of 1
[2025-05-03T16:18:49.373+0000] {taskinstance.py:2330} INFO - Executing <Task(SparkSubmitOperator): BronzeToSilver> on 2025-05-03 16:18:24.993710+00:00
[2025-05-03T16:18:49.378+0000] {standard_task_runner.py:63} INFO - Started process 3773 to run task
[2025-05-03T16:18:49.381+0000] {standard_task_runner.py:90} INFO - Running: ['airflow', 'tasks', 'run', 'final_project_BBDL', 'BronzeToSilver', 'manual__2025-05-03T16:18:24.993710+00:00', '--job-id', '51', '--raw', '--subdir', 'DAGS_FOLDER/project_solution.py', '--cfg-path', '/tmp/tmpkfgivli4']
[2025-05-03T16:18:49.383+0000] {standard_task_runner.py:91} INFO - Job 51: Subtask BronzeToSilver
[2025-05-03T16:18:49.449+0000] {logging_mixin.py:188} WARNING - /home/airflow/.local/lib/python3.10/site-packages/airflow/settings.py:195 DeprecationWarning: The sql_alchemy_conn option in [core] has been moved to the sql_alchemy_conn option in [database] - the old setting has been used, but please update your config.
[2025-05-03T16:18:49.544+0000] {task_command.py:426} INFO - Running <TaskInstance: final_project_BBDL.BronzeToSilver manual__2025-05-03T16:18:24.993710+00:00 [running]> on host fc9aa3bec43b
[2025-05-03T16:18:49.784+0000] {taskinstance.py:2648} INFO - Exporting env vars: AIRFLOW_CTX_DAG_OWNER='airflow' AIRFLOW_CTX_DAG_ID='final_project_BBDL' AIRFLOW_CTX_TASK_ID='BronzeToSilver' AIRFLOW_CTX_EXECUTION_DATE='2025-05-03T16:18:24.993710+00:00' AIRFLOW_CTX_TRY_NUMBER='1' AIRFLOW_CTX_DAG_RUN_ID='manual__2025-05-03T16:18:24.993710+00:00'
[2025-05-03T16:18:49.785+0000] {taskinstance.py:430} INFO - ::endgroup::
[2025-05-03T16:18:49.835+0000] {base.py:84} INFO - Using connection ID 'spark_default' for task execution.
[2025-05-03T16:18:49.836+0000] {spark_submit.py:328} ERROR - Failed to decode base64 keytab: Invalid base64-encoded string: number of data characters (5) cannot be 1 more than a multiple of 4
[2025-05-03T16:18:49.837+0000] {spark_submit.py:305} INFO - Could not load connection string spark_default, defaulting to spark://spark-master:7077
[2025-05-03T16:18:49.837+0000] {spark_submit.py:474} INFO - Spark-Submit cmd: spark-submit --master spark://spark-master:7077 --conf spark.master=spark://spark-master:7077 --name BronzeToSilver --verbose --queue root.default --deploy-mode client /opt/airflow/dags/bronze_to_silver.py
[2025-05-03T16:18:51.120+0000] {spark_submit.py:644} INFO - Using properties file: null
[2025-05-03T16:18:51.233+0000] {spark_submit.py:644} INFO - Parsed arguments:
[2025-05-03T16:18:51.234+0000] {spark_submit.py:644} INFO - master                  spark://spark-master:7077
[2025-05-03T16:18:51.234+0000] {spark_submit.py:644} INFO - deployMode              client
[2025-05-03T16:18:51.234+0000] {spark_submit.py:644} INFO - executorMemory          null
[2025-05-03T16:18:51.234+0000] {spark_submit.py:644} INFO - executorCores           null
[2025-05-03T16:18:51.234+0000] {spark_submit.py:644} INFO - totalExecutorCores      null
[2025-05-03T16:18:51.234+0000] {spark_submit.py:644} INFO - propertiesFile          null
[2025-05-03T16:18:51.235+0000] {spark_submit.py:644} INFO - driverMemory            null
[2025-05-03T16:18:51.236+0000] {spark_submit.py:644} INFO - driverCores             null
[2025-05-03T16:18:51.236+0000] {spark_submit.py:644} INFO - driverExtraClassPath    null
[2025-05-03T16:18:51.237+0000] {spark_submit.py:644} INFO - driverExtraLibraryPath  null
[2025-05-03T16:18:51.237+0000] {spark_submit.py:644} INFO - driverExtraJavaOptions  null
[2025-05-03T16:18:51.237+0000] {spark_submit.py:644} INFO - supervise               false
[2025-05-03T16:18:51.237+0000] {spark_submit.py:644} INFO - queue                   root.default
[2025-05-03T16:18:51.237+0000] {spark_submit.py:644} INFO - numExecutors            null
[2025-05-03T16:18:51.237+0000] {spark_submit.py:644} INFO - files                   null
[2025-05-03T16:18:51.238+0000] {spark_submit.py:644} INFO - pyFiles                 null
[2025-05-03T16:18:51.238+0000] {spark_submit.py:644} INFO - archives                null
[2025-05-03T16:18:51.238+0000] {spark_submit.py:644} INFO - mainClass               null
[2025-05-03T16:18:51.238+0000] {spark_submit.py:644} INFO - primaryResource         file:/opt/airflow/dags/bronze_to_silver.py
[2025-05-03T16:18:51.238+0000] {spark_submit.py:644} INFO - name                    BronzeToSilver
[2025-05-03T16:18:51.238+0000] {spark_submit.py:644} INFO - childArgs               []
[2025-05-03T16:18:51.238+0000] {spark_submit.py:644} INFO - jars                    null
[2025-05-03T16:18:51.239+0000] {spark_submit.py:644} INFO - packages                null
[2025-05-03T16:18:51.239+0000] {spark_submit.py:644} INFO - packagesExclusions      null
[2025-05-03T16:18:51.239+0000] {spark_submit.py:644} INFO - repositories            null
[2025-05-03T16:18:51.239+0000] {spark_submit.py:644} INFO - verbose                 true
[2025-05-03T16:18:51.240+0000] {spark_submit.py:644} INFO - 
[2025-05-03T16:18:51.240+0000] {spark_submit.py:644} INFO - Spark properties used, including those specified through
[2025-05-03T16:18:51.240+0000] {spark_submit.py:644} INFO - --conf and those from the properties file null:
[2025-05-03T16:18:51.240+0000] {spark_submit.py:644} INFO - (spark.master,spark://spark-master:7077)
[2025-05-03T16:18:51.240+0000] {spark_submit.py:644} INFO - 
[2025-05-03T16:18:51.241+0000] {spark_submit.py:644} INFO - 
[2025-05-03T16:18:51.547+0000] {spark_submit.py:644} INFO - Main class:
[2025-05-03T16:18:51.547+0000] {spark_submit.py:644} INFO - org.apache.spark.deploy.PythonRunner
[2025-05-03T16:18:51.548+0000] {spark_submit.py:644} INFO - Arguments:
[2025-05-03T16:18:51.548+0000] {spark_submit.py:644} INFO - file:/opt/airflow/dags/bronze_to_silver.py
[2025-05-03T16:18:51.548+0000] {spark_submit.py:644} INFO - null
[2025-05-03T16:18:51.551+0000] {spark_submit.py:644} INFO - Spark config:
[2025-05-03T16:18:51.551+0000] {spark_submit.py:644} INFO - (spark.app.name,BronzeToSilver)
[2025-05-03T16:18:51.551+0000] {spark_submit.py:644} INFO - (spark.app.submitTime,1746289131526)
[2025-05-03T16:18:51.552+0000] {spark_submit.py:644} INFO - (spark.master,spark://spark-master:7077)
[2025-05-03T16:18:51.552+0000] {spark_submit.py:644} INFO - (spark.submit.deployMode,client)
[2025-05-03T16:18:51.552+0000] {spark_submit.py:644} INFO - (spark.submit.pyFiles,)
[2025-05-03T16:18:51.552+0000] {spark_submit.py:644} INFO - Classpath elements:
[2025-05-03T16:18:51.552+0000] {spark_submit.py:644} INFO - 
[2025-05-03T16:18:51.552+0000] {spark_submit.py:644} INFO - 
[2025-05-03T16:18:51.552+0000] {spark_submit.py:644} INFO - 
[2025-05-03T16:18:52.146+0000] {spark_submit.py:644} INFO - 25/05/03 16:18:52 INFO SparkContext: Running Spark version 3.3.0
[2025-05-03T16:18:52.195+0000] {spark_submit.py:644} INFO - 25/05/03 16:18:52 WARN NativeCodeLoader: Unable to load native-hadoop library for your platform... using builtin-java classes where applicable
[2025-05-03T16:18:52.275+0000] {spark_submit.py:644} INFO - 25/05/03 16:18:52 INFO ResourceUtils: ==============================================================
[2025-05-03T16:18:52.275+0000] {spark_submit.py:644} INFO - 25/05/03 16:18:52 INFO ResourceUtils: No custom resources configured for spark.driver.
[2025-05-03T16:18:52.276+0000] {spark_submit.py:644} INFO - 25/05/03 16:18:52 INFO ResourceUtils: ==============================================================
[2025-05-03T16:18:52.276+0000] {spark_submit.py:644} INFO - 25/05/03 16:18:52 INFO SparkContext: Submitted application: BronzeToSilver
[2025-05-03T16:18:52.294+0000] {spark_submit.py:644} INFO - 25/05/03 16:18:52 INFO ResourceProfile: Default ResourceProfile created, executor resources: Map(cores -> name: cores, amount: 1, script: , vendor: , memory -> name: memory, amount: 1024, script: , vendor: , offHeap -> name: offHeap, amount: 0, script: , vendor: ), task resources: Map(cpus -> name: cpus, amount: 1.0)
[2025-05-03T16:18:52.301+0000] {spark_submit.py:644} INFO - 25/05/03 16:18:52 INFO ResourceProfile: Limiting resource is cpu
[2025-05-03T16:18:52.302+0000] {spark_submit.py:644} INFO - 25/05/03 16:18:52 INFO ResourceProfileManager: Added ResourceProfile id: 0
[2025-05-03T16:18:52.341+0000] {spark_submit.py:644} INFO - 25/05/03 16:18:52 INFO SecurityManager: Changing view acls to: root
[2025-05-03T16:18:52.341+0000] {spark_submit.py:644} INFO - 25/05/03 16:18:52 INFO SecurityManager: Changing modify acls to: root
[2025-05-03T16:18:52.342+0000] {spark_submit.py:644} INFO - 25/05/03 16:18:52 INFO SecurityManager: Changing view acls groups to:
[2025-05-03T16:18:52.342+0000] {spark_submit.py:644} INFO - 25/05/03 16:18:52 INFO SecurityManager: Changing modify acls groups to:
[2025-05-03T16:18:52.343+0000] {spark_submit.py:644} INFO - 25/05/03 16:18:52 INFO SecurityManager: SecurityManager: authentication disabled; ui acls disabled; users  with view permissions: Set(root); groups with view permissions: Set(); users  with modify permissions: Set(root); groups with modify permissions: Set()
[2025-05-03T16:18:52.548+0000] {spark_submit.py:644} INFO - 25/05/03 16:18:52 INFO Utils: Successfully started service 'sparkDriver' on port 36331.
[2025-05-03T16:18:52.580+0000] {spark_submit.py:644} INFO - 25/05/03 16:18:52 INFO SparkEnv: Registering MapOutputTracker
[2025-05-03T16:18:52.613+0000] {spark_submit.py:644} INFO - 25/05/03 16:18:52 INFO SparkEnv: Registering BlockManagerMaster
[2025-05-03T16:18:52.630+0000] {spark_submit.py:644} INFO - 25/05/03 16:18:52 INFO BlockManagerMasterEndpoint: Using org.apache.spark.storage.DefaultTopologyMapper for getting topology information
[2025-05-03T16:18:52.630+0000] {spark_submit.py:644} INFO - 25/05/03 16:18:52 INFO BlockManagerMasterEndpoint: BlockManagerMasterEndpoint up
[2025-05-03T16:18:52.636+0000] {spark_submit.py:644} INFO - 25/05/03 16:18:52 INFO SparkEnv: Registering BlockManagerMasterHeartbeat
[2025-05-03T16:18:52.743+0000] {spark_submit.py:644} INFO - 25/05/03 16:18:52 INFO DiskBlockManager: Created local directory at /tmp/blockmgr-bb4598cf-7ae9-47de-b4be-c9e6ebc93991
[2025-05-03T16:18:52.761+0000] {spark_submit.py:644} INFO - 25/05/03 16:18:52 INFO MemoryStore: MemoryStore started with capacity 434.4 MiB
[2025-05-03T16:18:52.774+0000] {spark_submit.py:644} INFO - 25/05/03 16:18:52 INFO SparkEnv: Registering OutputCommitCoordinator
[2025-05-03T16:18:52.952+0000] {spark_submit.py:644} INFO - 25/05/03 16:18:52 INFO Utils: Successfully started service 'SparkUI' on port 4040.
[2025-05-03T16:18:53.070+0000] {spark_submit.py:644} INFO - 25/05/03 16:18:53 INFO StandaloneAppClient$ClientEndpoint: Connecting to master spark://spark-master:7077...
[2025-05-03T16:18:53.104+0000] {spark_submit.py:644} INFO - 25/05/03 16:18:53 INFO TransportClientFactory: Successfully created connection to spark-master/172.19.0.2:7077 after 19 ms (0 ms spent in bootstraps)
[2025-05-03T16:18:53.177+0000] {spark_submit.py:644} INFO - 25/05/03 16:18:53 INFO StandaloneSchedulerBackend: Connected to Spark cluster with app ID app-20250503161853-0007
[2025-05-03T16:18:53.179+0000] {spark_submit.py:644} INFO - 25/05/03 16:18:53 INFO StandaloneAppClient$ClientEndpoint: Executor added: app-20250503161853-0007/0 on worker-20250503145210-172.19.0.5-44931 (172.19.0.5:44931) with 2 core(s)
[2025-05-03T16:18:53.183+0000] {spark_submit.py:644} INFO - 25/05/03 16:18:53 INFO StandaloneSchedulerBackend: Granted executor ID app-20250503161853-0007/0 on hostPort 172.19.0.5:44931 with 2 core(s), 1024.0 MiB RAM
[2025-05-03T16:18:53.186+0000] {spark_submit.py:644} INFO - 25/05/03 16:18:53 INFO Utils: Successfully started service 'org.apache.spark.network.netty.NettyBlockTransferService' on port 34239.
[2025-05-03T16:18:53.186+0000] {spark_submit.py:644} INFO - 25/05/03 16:18:53 INFO NettyBlockTransferService: Server created on fc9aa3bec43b:34239
[2025-05-03T16:18:53.191+0000] {spark_submit.py:644} INFO - 25/05/03 16:18:53 INFO BlockManager: Using org.apache.spark.storage.RandomBlockReplicationPolicy for block replication policy
[2025-05-03T16:18:53.196+0000] {spark_submit.py:644} INFO - 25/05/03 16:18:53 INFO BlockManagerMaster: Registering BlockManager BlockManagerId(driver, fc9aa3bec43b, 34239, None)
[2025-05-03T16:18:53.202+0000] {spark_submit.py:644} INFO - 25/05/03 16:18:53 INFO BlockManagerMasterEndpoint: Registering block manager fc9aa3bec43b:34239 with 434.4 MiB RAM, BlockManagerId(driver, fc9aa3bec43b, 34239, None)
[2025-05-03T16:18:53.204+0000] {spark_submit.py:644} INFO - 25/05/03 16:18:53 INFO BlockManagerMaster: Registered BlockManager BlockManagerId(driver, fc9aa3bec43b, 34239, None)
[2025-05-03T16:18:53.206+0000] {spark_submit.py:644} INFO - 25/05/03 16:18:53 INFO BlockManager: Initialized BlockManager: BlockManagerId(driver, fc9aa3bec43b, 34239, None)
[2025-05-03T16:18:53.225+0000] {spark_submit.py:644} INFO - 25/05/03 16:18:53 INFO StandaloneAppClient$ClientEndpoint: Executor updated: app-20250503161853-0007/0 is now RUNNING
[2025-05-03T16:18:53.371+0000] {spark_submit.py:644} INFO - 25/05/03 16:18:53 INFO StandaloneSchedulerBackend: SchedulerBackend is ready for scheduling beginning after reached minRegisteredResourcesRatio: 0.0
[2025-05-03T16:18:53.577+0000] {spark_submit.py:644} INFO - 25/05/03 16:18:53 INFO SharedState: Setting hive.metastore.warehouse.dir ('null') to the value of spark.sql.warehouse.dir.
[2025-05-03T16:18:53.583+0000] {spark_submit.py:644} INFO - 25/05/03 16:18:53 INFO SharedState: Warehouse path is 'file:/opt/airflow/spark-warehouse'.
[2025-05-03T16:18:54.243+0000] {spark_submit.py:644} INFO - Traceback (most recent call last):
[2025-05-03T16:18:54.244+0000] {spark_submit.py:644} INFO - File "/opt/airflow/dags/bronze_to_silver.py", line 72, in <module>
[2025-05-03T16:18:54.244+0000] {spark_submit.py:644} INFO - main()
[2025-05-03T16:18:54.244+0000] {spark_submit.py:644} INFO - File "/opt/airflow/dags/bronze_to_silver.py", line 65, in main
[2025-05-03T16:18:54.244+0000] {spark_submit.py:644} INFO - process_table(table)
[2025-05-03T16:18:54.245+0000] {spark_submit.py:644} INFO - File "/opt/airflow/dags/bronze_to_silver.py", line 39, in process_table
[2025-05-03T16:18:54.245+0000] {spark_submit.py:644} INFO - df = spark.read.format("parquet").load(bronze_path)
[2025-05-03T16:18:54.245+0000] {spark_submit.py:644} INFO - File "/home/airflow/.local/lib/python3.10/site-packages/pyspark/python/lib/pyspark.zip/pyspark/sql/readwriter.py", line 177, in load
[2025-05-03T16:18:54.245+0000] {spark_submit.py:644} INFO - File "/home/airflow/.local/lib/python3.10/site-packages/pyspark/python/lib/py4j-0.10.9.5-src.zip/py4j/java_gateway.py", line 1321, in __call__
[2025-05-03T16:18:54.245+0000] {spark_submit.py:644} INFO - File "/home/airflow/.local/lib/python3.10/site-packages/pyspark/python/lib/pyspark.zip/pyspark/sql/utils.py", line 196, in deco
[2025-05-03T16:18:54.252+0000] {spark_submit.py:644} INFO - pyspark.sql.utils.AnalysisException: Path does not exist: file:/opt/airflow/bronze/athlete_bio
[2025-05-03T16:18:54.296+0000] {spark_submit.py:644} INFO - 25/05/03 16:18:54 INFO SparkContext: Invoking stop() from shutdown hook
[2025-05-03T16:18:54.308+0000] {spark_submit.py:644} INFO - 25/05/03 16:18:54 INFO SparkUI: Stopped Spark web UI at http://fc9aa3bec43b:4040
[2025-05-03T16:18:54.311+0000] {spark_submit.py:644} INFO - 25/05/03 16:18:54 INFO StandaloneSchedulerBackend: Shutting down all executors
[2025-05-03T16:18:54.314+0000] {spark_submit.py:644} INFO - 25/05/03 16:18:54 INFO CoarseGrainedSchedulerBackend$DriverEndpoint: Asking each executor to shut down
[2025-05-03T16:18:54.333+0000] {spark_submit.py:644} INFO - 25/05/03 16:18:54 INFO MapOutputTrackerMasterEndpoint: MapOutputTrackerMasterEndpoint stopped!
[2025-05-03T16:18:54.348+0000] {spark_submit.py:644} INFO - 25/05/03 16:18:54 INFO MemoryStore: MemoryStore cleared
[2025-05-03T16:18:54.349+0000] {spark_submit.py:644} INFO - 25/05/03 16:18:54 INFO BlockManager: BlockManager stopped
[2025-05-03T16:18:54.357+0000] {spark_submit.py:644} INFO - 25/05/03 16:18:54 INFO BlockManagerMaster: BlockManagerMaster stopped
[2025-05-03T16:18:54.359+0000] {spark_submit.py:644} INFO - 25/05/03 16:18:54 INFO OutputCommitCoordinator$OutputCommitCoordinatorEndpoint: OutputCommitCoordinator stopped!
[2025-05-03T16:18:54.372+0000] {spark_submit.py:644} INFO - 25/05/03 16:18:54 INFO SparkContext: Successfully stopped SparkContext
[2025-05-03T16:18:54.372+0000] {spark_submit.py:644} INFO - 25/05/03 16:18:54 INFO ShutdownHookManager: Shutdown hook called
[2025-05-03T16:18:54.373+0000] {spark_submit.py:644} INFO - 25/05/03 16:18:54 INFO ShutdownHookManager: Deleting directory /tmp/spark-a3b4baaf-f388-4573-b86e-2530f12401dd
[2025-05-03T16:18:54.376+0000] {spark_submit.py:644} INFO - 25/05/03 16:18:54 INFO ShutdownHookManager: Deleting directory /tmp/spark-c6afe342-5b54-4fb2-bb06-ffec8a5fc206/pyspark-cea8bfde-27b4-4173-a0fa-1aef0732b634
[2025-05-03T16:18:54.380+0000] {spark_submit.py:644} INFO - 25/05/03 16:18:54 INFO ShutdownHookManager: Deleting directory /tmp/spark-c6afe342-5b54-4fb2-bb06-ffec8a5fc206
[2025-05-03T16:18:54.406+0000] {taskinstance.py:441} INFO - ::group::Post task execution logs
[2025-05-03T16:18:54.439+0000] {taskinstance.py:2905} ERROR - Task failed with exception
Traceback (most recent call last):
  File "/home/airflow/.local/lib/python3.10/site-packages/airflow/models/taskinstance.py", line 465, in _execute_task
    result = _execute_callable(context=context, **execute_callable_kwargs)
  File "/home/airflow/.local/lib/python3.10/site-packages/airflow/models/taskinstance.py", line 432, in _execute_callable
    return execute_callable(context=context, **execute_callable_kwargs)
  File "/home/airflow/.local/lib/python3.10/site-packages/airflow/models/baseoperator.py", line 400, in wrapper
    return func(self, *args, **kwargs)
  File "/home/airflow/.local/lib/python3.10/site-packages/airflow/providers/apache/spark/operators/spark_submit.py", line 197, in execute
    self._hook.submit(self.application)
  File "/home/airflow/.local/lib/python3.10/site-packages/airflow/providers/apache/spark/hooks/spark_submit.py", line 566, in submit
    raise AirflowException(
airflow.exceptions.AirflowException: Cannot execute: spark-submit --master spark://spark-master:7077 --conf spark.master=spark://spark-master:7077 --name BronzeToSilver --verbose --queue root.default --deploy-mode client /opt/airflow/dags/bronze_to_silver.py. Error code is: 1.
[2025-05-03T16:18:54.449+0000] {taskinstance.py:1206} INFO - Marking task as FAILED. dag_id=final_project_BBDL, task_id=BronzeToSilver, run_id=manual__2025-05-03T16:18:24.993710+00:00, execution_date=20250503T161824, start_date=20250503T161849, end_date=20250503T161854
[2025-05-03T16:18:54.484+0000] {standard_task_runner.py:110} ERROR - Failed to execute job 51 for task BronzeToSilver (Cannot execute: spark-submit --master spark://spark-master:7077 --conf spark.master=spark://spark-master:7077 --name BronzeToSilver --verbose --queue root.default --deploy-mode client /opt/airflow/dags/bronze_to_silver.py. Error code is: 1.; 3773)
[2025-05-03T16:18:54.495+0000] {local_task_job_runner.py:240} INFO - Task exited with return code 1
[2025-05-03T16:18:54.539+0000] {taskinstance.py:3498} INFO - 0 downstream tasks scheduled from follow-on schedule check
[2025-05-03T16:18:54.561+0000] {local_task_job_runner.py:222} INFO - ::endgroup::
