[2025-05-04T15:30:29.718+0000] {local_task_job_runner.py:120} INFO - ::group::Pre task execution logs
[2025-05-04T15:30:29.770+0000] {taskinstance.py:2076} INFO - Dependencies all met for dep_context=non-requeueable deps ti=<TaskInstance: final_project_BBDL.BronzeToSilver manual__2025-05-04T15:30:06.411644+00:00 [queued]>
[2025-05-04T15:30:29.778+0000] {taskinstance.py:2076} INFO - Dependencies all met for dep_context=requeueable deps ti=<TaskInstance: final_project_BBDL.BronzeToSilver manual__2025-05-04T15:30:06.411644+00:00 [queued]>
[2025-05-04T15:30:29.779+0000] {taskinstance.py:2306} INFO - Starting attempt 1 of 1
[2025-05-04T15:30:29.819+0000] {taskinstance.py:2330} INFO - Executing <Task(SparkSubmitOperator): BronzeToSilver> on 2025-05-04 15:30:06.411644+00:00
[2025-05-04T15:30:29.823+0000] {standard_task_runner.py:63} INFO - Started process 577 to run task
[2025-05-04T15:30:29.827+0000] {standard_task_runner.py:90} INFO - Running: ['airflow', 'tasks', 'run', 'final_project_BBDL', 'BronzeToSilver', 'manual__2025-05-04T15:30:06.411644+00:00', '--job-id', '9', '--raw', '--subdir', 'DAGS_FOLDER/project_solution.py', '--cfg-path', '/tmp/tmpbb_njedw']
[2025-05-04T15:30:29.829+0000] {standard_task_runner.py:91} INFO - Job 9: Subtask BronzeToSilver
[2025-05-04T15:30:29.895+0000] {logging_mixin.py:188} WARNING - /home/airflow/.local/lib/python3.10/site-packages/airflow/settings.py:195 DeprecationWarning: The sql_alchemy_conn option in [core] has been moved to the sql_alchemy_conn option in [database] - the old setting has been used, but please update your config.
[2025-05-04T15:30:29.978+0000] {task_command.py:426} INFO - Running <TaskInstance: final_project_BBDL.BronzeToSilver manual__2025-05-04T15:30:06.411644+00:00 [running]> on host a35c91e75803
[2025-05-04T15:30:30.207+0000] {taskinstance.py:2648} INFO - Exporting env vars: AIRFLOW_CTX_DAG_OWNER='airflow' AIRFLOW_CTX_DAG_ID='final_project_BBDL' AIRFLOW_CTX_TASK_ID='BronzeToSilver' AIRFLOW_CTX_EXECUTION_DATE='2025-05-04T15:30:06.411644+00:00' AIRFLOW_CTX_TRY_NUMBER='1' AIRFLOW_CTX_DAG_RUN_ID='manual__2025-05-04T15:30:06.411644+00:00'
[2025-05-04T15:30:30.208+0000] {taskinstance.py:430} INFO - ::endgroup::
[2025-05-04T15:30:30.260+0000] {base.py:84} INFO - Using connection ID 'spark_default' for task execution.
[2025-05-04T15:30:30.261+0000] {spark_submit.py:474} INFO - Spark-Submit cmd: spark-submit --master spark://spark-master:7077 --conf spark.master=spark://spark-master:7077 --conf spark.pyspark.python=/usr/local/bin/python3 --conf spark.executorEnv.PYSPARK_PYTHON=/usr/local/bin/python3 --name BronzeToSilver --verbose --queue root.default --deploy-mode client /opt/airflow/dags/bronze_to_silver.py
[2025-05-04T15:30:31.512+0000] {spark_submit.py:644} INFO - Using properties file: null
[2025-05-04T15:30:31.633+0000] {spark_submit.py:644} INFO - Parsed arguments:
[2025-05-04T15:30:31.634+0000] {spark_submit.py:644} INFO - master                  spark://spark-master:7077
[2025-05-04T15:30:31.634+0000] {spark_submit.py:644} INFO - deployMode              client
[2025-05-04T15:30:31.634+0000] {spark_submit.py:644} INFO - executorMemory          null
[2025-05-04T15:30:31.634+0000] {spark_submit.py:644} INFO - executorCores           null
[2025-05-04T15:30:31.635+0000] {spark_submit.py:644} INFO - totalExecutorCores      null
[2025-05-04T15:30:31.635+0000] {spark_submit.py:644} INFO - propertiesFile          null
[2025-05-04T15:30:31.635+0000] {spark_submit.py:644} INFO - driverMemory            null
[2025-05-04T15:30:31.635+0000] {spark_submit.py:644} INFO - driverCores             null
[2025-05-04T15:30:31.635+0000] {spark_submit.py:644} INFO - driverExtraClassPath    null
[2025-05-04T15:30:31.635+0000] {spark_submit.py:644} INFO - driverExtraLibraryPath  null
[2025-05-04T15:30:31.636+0000] {spark_submit.py:644} INFO - driverExtraJavaOptions  null
[2025-05-04T15:30:31.636+0000] {spark_submit.py:644} INFO - supervise               false
[2025-05-04T15:30:31.636+0000] {spark_submit.py:644} INFO - queue                   root.default
[2025-05-04T15:30:31.636+0000] {spark_submit.py:644} INFO - numExecutors            null
[2025-05-04T15:30:31.636+0000] {spark_submit.py:644} INFO - files                   null
[2025-05-04T15:30:31.636+0000] {spark_submit.py:644} INFO - pyFiles                 null
[2025-05-04T15:30:31.637+0000] {spark_submit.py:644} INFO - archives                null
[2025-05-04T15:30:31.637+0000] {spark_submit.py:644} INFO - mainClass               null
[2025-05-04T15:30:31.637+0000] {spark_submit.py:644} INFO - primaryResource         file:/opt/airflow/dags/bronze_to_silver.py
[2025-05-04T15:30:31.637+0000] {spark_submit.py:644} INFO - name                    BronzeToSilver
[2025-05-04T15:30:31.637+0000] {spark_submit.py:644} INFO - childArgs               []
[2025-05-04T15:30:31.637+0000] {spark_submit.py:644} INFO - jars                    null
[2025-05-04T15:30:31.637+0000] {spark_submit.py:644} INFO - packages                null
[2025-05-04T15:30:31.638+0000] {spark_submit.py:644} INFO - packagesExclusions      null
[2025-05-04T15:30:31.638+0000] {spark_submit.py:644} INFO - repositories            null
[2025-05-04T15:30:31.638+0000] {spark_submit.py:644} INFO - verbose                 true
[2025-05-04T15:30:31.638+0000] {spark_submit.py:644} INFO - 
[2025-05-04T15:30:31.638+0000] {spark_submit.py:644} INFO - Spark properties used, including those specified through
[2025-05-04T15:30:31.638+0000] {spark_submit.py:644} INFO - --conf and those from the properties file null:
[2025-05-04T15:30:31.639+0000] {spark_submit.py:644} INFO - (spark.executorEnv.PYSPARK_PYTHON,/usr/local/bin/python3)
[2025-05-04T15:30:31.639+0000] {spark_submit.py:644} INFO - (spark.master,spark://spark-master:7077)
[2025-05-04T15:30:31.639+0000] {spark_submit.py:644} INFO - (spark.pyspark.python,/usr/local/bin/python3)
[2025-05-04T15:30:31.639+0000] {spark_submit.py:644} INFO - 
[2025-05-04T15:30:31.639+0000] {spark_submit.py:644} INFO - 
[2025-05-04T15:30:31.901+0000] {spark_submit.py:644} INFO - Main class:
[2025-05-04T15:30:31.901+0000] {spark_submit.py:644} INFO - org.apache.spark.deploy.PythonRunner
[2025-05-04T15:30:31.901+0000] {spark_submit.py:644} INFO - Arguments:
[2025-05-04T15:30:31.902+0000] {spark_submit.py:644} INFO - file:/opt/airflow/dags/bronze_to_silver.py
[2025-05-04T15:30:31.902+0000] {spark_submit.py:644} INFO - null
[2025-05-04T15:30:31.904+0000] {spark_submit.py:644} INFO - Spark config:
[2025-05-04T15:30:31.904+0000] {spark_submit.py:644} INFO - (spark.app.name,BronzeToSilver)
[2025-05-04T15:30:31.904+0000] {spark_submit.py:644} INFO - (spark.app.submitTime,1746372631882)
[2025-05-04T15:30:31.904+0000] {spark_submit.py:644} INFO - (spark.executorEnv.PYSPARK_PYTHON,/usr/local/bin/python3)
[2025-05-04T15:30:31.905+0000] {spark_submit.py:644} INFO - (spark.master,spark://spark-master:7077)
[2025-05-04T15:30:31.905+0000] {spark_submit.py:644} INFO - (spark.pyspark.python,/usr/local/bin/python3)
[2025-05-04T15:30:31.905+0000] {spark_submit.py:644} INFO - (spark.submit.deployMode,client)
[2025-05-04T15:30:31.905+0000] {spark_submit.py:644} INFO - (spark.submit.pyFiles,)
[2025-05-04T15:30:31.905+0000] {spark_submit.py:644} INFO - Classpath elements:
[2025-05-04T15:30:31.905+0000] {spark_submit.py:644} INFO - 
[2025-05-04T15:30:31.905+0000] {spark_submit.py:644} INFO - 
[2025-05-04T15:30:31.905+0000] {spark_submit.py:644} INFO - 
[2025-05-04T15:30:32.536+0000] {spark_submit.py:644} INFO - 25/05/04 15:30:32 INFO SparkContext: Running Spark version 3.3.0
[2025-05-04T15:30:32.593+0000] {spark_submit.py:644} INFO - 25/05/04 15:30:32 WARN NativeCodeLoader: Unable to load native-hadoop library for your platform... using builtin-java classes where applicable
[2025-05-04T15:30:32.690+0000] {spark_submit.py:644} INFO - 25/05/04 15:30:32 INFO ResourceUtils: ==============================================================
[2025-05-04T15:30:32.690+0000] {spark_submit.py:644} INFO - 25/05/04 15:30:32 INFO ResourceUtils: No custom resources configured for spark.driver.
[2025-05-04T15:30:32.690+0000] {spark_submit.py:644} INFO - 25/05/04 15:30:32 INFO ResourceUtils: ==============================================================
[2025-05-04T15:30:32.691+0000] {spark_submit.py:644} INFO - 25/05/04 15:30:32 INFO SparkContext: Submitted application: Bronze to Silver ETL
[2025-05-04T15:30:32.710+0000] {spark_submit.py:644} INFO - 25/05/04 15:30:32 INFO ResourceProfile: Default ResourceProfile created, executor resources: Map(cores -> name: cores, amount: 1, script: , vendor: , memory -> name: memory, amount: 1024, script: , vendor: , offHeap -> name: offHeap, amount: 0, script: , vendor: ), task resources: Map(cpus -> name: cpus, amount: 1.0)
[2025-05-04T15:30:32.717+0000] {spark_submit.py:644} INFO - 25/05/04 15:30:32 INFO ResourceProfile: Limiting resource is cpu
[2025-05-04T15:30:32.718+0000] {spark_submit.py:644} INFO - 25/05/04 15:30:32 INFO ResourceProfileManager: Added ResourceProfile id: 0
[2025-05-04T15:30:32.771+0000] {spark_submit.py:644} INFO - 25/05/04 15:30:32 INFO SecurityManager: Changing view acls to: root
[2025-05-04T15:30:32.772+0000] {spark_submit.py:644} INFO - 25/05/04 15:30:32 INFO SecurityManager: Changing modify acls to: root
[2025-05-04T15:30:32.773+0000] {spark_submit.py:644} INFO - 25/05/04 15:30:32 INFO SecurityManager: Changing view acls groups to:
[2025-05-04T15:30:32.773+0000] {spark_submit.py:644} INFO - 25/05/04 15:30:32 INFO SecurityManager: Changing modify acls groups to:
[2025-05-04T15:30:32.774+0000] {spark_submit.py:644} INFO - 25/05/04 15:30:32 INFO SecurityManager: SecurityManager: authentication disabled; ui acls disabled; users  with view permissions: Set(root); groups with view permissions: Set(); users  with modify permissions: Set(root); groups with modify permissions: Set()
[2025-05-04T15:30:32.999+0000] {spark_submit.py:644} INFO - 25/05/04 15:30:32 INFO Utils: Successfully started service 'sparkDriver' on port 36203.
[2025-05-04T15:30:33.025+0000] {spark_submit.py:644} INFO - 25/05/04 15:30:33 INFO SparkEnv: Registering MapOutputTracker
[2025-05-04T15:30:33.057+0000] {spark_submit.py:644} INFO - 25/05/04 15:30:33 INFO SparkEnv: Registering BlockManagerMaster
[2025-05-04T15:30:33.077+0000] {spark_submit.py:644} INFO - 25/05/04 15:30:33 INFO BlockManagerMasterEndpoint: Using org.apache.spark.storage.DefaultTopologyMapper for getting topology information
[2025-05-04T15:30:33.078+0000] {spark_submit.py:644} INFO - 25/05/04 15:30:33 INFO BlockManagerMasterEndpoint: BlockManagerMasterEndpoint up
[2025-05-04T15:30:33.084+0000] {spark_submit.py:644} INFO - 25/05/04 15:30:33 INFO SparkEnv: Registering BlockManagerMasterHeartbeat
[2025-05-04T15:30:33.102+0000] {spark_submit.py:644} INFO - 25/05/04 15:30:33 INFO DiskBlockManager: Created local directory at /tmp/blockmgr-5ecc605c-9272-463e-bb98-9f5f487eab71
[2025-05-04T15:30:33.121+0000] {spark_submit.py:644} INFO - 25/05/04 15:30:33 INFO MemoryStore: MemoryStore started with capacity 434.4 MiB
[2025-05-04T15:30:33.169+0000] {spark_submit.py:644} INFO - 25/05/04 15:30:33 INFO SparkEnv: Registering OutputCommitCoordinator
[2025-05-04T15:30:33.341+0000] {spark_submit.py:644} INFO - 25/05/04 15:30:33 INFO Utils: Successfully started service 'SparkUI' on port 4040.
[2025-05-04T15:30:33.455+0000] {spark_submit.py:644} INFO - 25/05/04 15:30:33 INFO StandaloneAppClient$ClientEndpoint: Connecting to master spark://spark-master:7077...
[2025-05-04T15:30:33.498+0000] {spark_submit.py:644} INFO - 25/05/04 15:30:33 INFO TransportClientFactory: Successfully created connection to spark-master/172.18.0.4:7077 after 19 ms (0 ms spent in bootstraps)
[2025-05-04T15:30:33.570+0000] {spark_submit.py:644} INFO - 25/05/04 15:30:33 INFO StandaloneSchedulerBackend: Connected to Spark cluster with app ID app-20250504153033-0001
[2025-05-04T15:30:33.571+0000] {spark_submit.py:644} INFO - 25/05/04 15:30:33 INFO StandaloneAppClient$ClientEndpoint: Executor added: app-20250504153033-0001/0 on worker-20250504152240-172.18.0.7-36031 (172.18.0.7:36031) with 2 core(s)
[2025-05-04T15:30:33.574+0000] {spark_submit.py:644} INFO - 25/05/04 15:30:33 INFO StandaloneSchedulerBackend: Granted executor ID app-20250504153033-0001/0 on hostPort 172.18.0.7:36031 with 2 core(s), 1024.0 MiB RAM
[2025-05-04T15:30:33.577+0000] {spark_submit.py:644} INFO - 25/05/04 15:30:33 INFO Utils: Successfully started service 'org.apache.spark.network.netty.NettyBlockTransferService' on port 37565.
[2025-05-04T15:30:33.577+0000] {spark_submit.py:644} INFO - 25/05/04 15:30:33 INFO NettyBlockTransferService: Server created on a35c91e75803:37565
[2025-05-04T15:30:33.579+0000] {spark_submit.py:644} INFO - 25/05/04 15:30:33 INFO BlockManager: Using org.apache.spark.storage.RandomBlockReplicationPolicy for block replication policy
[2025-05-04T15:30:33.586+0000] {spark_submit.py:644} INFO - 25/05/04 15:30:33 INFO BlockManagerMaster: Registering BlockManager BlockManagerId(driver, a35c91e75803, 37565, None)
[2025-05-04T15:30:33.589+0000] {spark_submit.py:644} INFO - 25/05/04 15:30:33 INFO BlockManagerMasterEndpoint: Registering block manager a35c91e75803:37565 with 434.4 MiB RAM, BlockManagerId(driver, a35c91e75803, 37565, None)
[2025-05-04T15:30:33.591+0000] {spark_submit.py:644} INFO - 25/05/04 15:30:33 INFO BlockManagerMaster: Registered BlockManager BlockManagerId(driver, a35c91e75803, 37565, None)
[2025-05-04T15:30:33.593+0000] {spark_submit.py:644} INFO - 25/05/04 15:30:33 INFO BlockManager: Initialized BlockManager: BlockManagerId(driver, a35c91e75803, 37565, None)
[2025-05-04T15:30:33.623+0000] {spark_submit.py:644} INFO - 25/05/04 15:30:33 INFO StandaloneAppClient$ClientEndpoint: Executor updated: app-20250504153033-0001/0 is now RUNNING
[2025-05-04T15:30:33.787+0000] {spark_submit.py:644} INFO - 25/05/04 15:30:33 INFO StandaloneSchedulerBackend: SchedulerBackend is ready for scheduling beginning after reached minRegisteredResourcesRatio: 0.0
[2025-05-04T15:30:33.941+0000] {spark_submit.py:644} INFO - 🔍 Читання з: /tmp/spark_data/bronze/athlete_event_results/20250504_*
[2025-05-04T15:30:33.992+0000] {spark_submit.py:644} INFO - 25/05/04 15:30:33 INFO SharedState: Setting hive.metastore.warehouse.dir ('null') to the value of spark.sql.warehouse.dir.
[2025-05-04T15:30:33.999+0000] {spark_submit.py:644} INFO - 25/05/04 15:30:33 INFO SharedState: Warehouse path is 'file:/opt/airflow/spark-warehouse'.
[2025-05-04T15:30:34.717+0000] {spark_submit.py:644} INFO - 25/05/04 15:30:34 INFO InMemoryFileIndex: It took 52 ms to list leaf files for 5 paths.
[2025-05-04T15:30:35.201+0000] {spark_submit.py:644} INFO - 25/05/04 15:30:35 INFO SparkContext: Starting job: load at NativeMethodAccessorImpl.java:0
[2025-05-04T15:30:35.217+0000] {spark_submit.py:644} INFO - 25/05/04 15:30:35 INFO DAGScheduler: Got job 0 (load at NativeMethodAccessorImpl.java:0) with 1 output partitions
[2025-05-04T15:30:35.218+0000] {spark_submit.py:644} INFO - 25/05/04 15:30:35 INFO DAGScheduler: Final stage: ResultStage 0 (load at NativeMethodAccessorImpl.java:0)
[2025-05-04T15:30:35.218+0000] {spark_submit.py:644} INFO - 25/05/04 15:30:35 INFO DAGScheduler: Parents of final stage: List()
[2025-05-04T15:30:35.220+0000] {spark_submit.py:644} INFO - 25/05/04 15:30:35 INFO DAGScheduler: Missing parents: List()
[2025-05-04T15:30:35.223+0000] {spark_submit.py:644} INFO - 25/05/04 15:30:35 INFO DAGScheduler: Submitting ResultStage 0 (MapPartitionsRDD[1] at load at NativeMethodAccessorImpl.java:0), which has no missing parents
[2025-05-04T15:30:35.278+0000] {spark_submit.py:644} INFO - 25/05/04 15:30:35 INFO MemoryStore: Block broadcast_0 stored as values in memory (estimated size 102.8 KiB, free 434.3 MiB)
[2025-05-04T15:30:35.323+0000] {spark_submit.py:644} INFO - 25/05/04 15:30:35 INFO MemoryStore: Block broadcast_0_piece0 stored as bytes in memory (estimated size 36.9 KiB, free 434.3 MiB)
[2025-05-04T15:30:35.325+0000] {spark_submit.py:644} INFO - 25/05/04 15:30:35 INFO BlockManagerInfo: Added broadcast_0_piece0 in memory on a35c91e75803:37565 (size: 36.9 KiB, free: 434.4 MiB)
[2025-05-04T15:30:35.330+0000] {spark_submit.py:644} INFO - 25/05/04 15:30:35 INFO SparkContext: Created broadcast 0 from broadcast at DAGScheduler.scala:1513
[2025-05-04T15:30:35.347+0000] {spark_submit.py:644} INFO - 25/05/04 15:30:35 INFO DAGScheduler: Submitting 1 missing tasks from ResultStage 0 (MapPartitionsRDD[1] at load at NativeMethodAccessorImpl.java:0) (first 15 tasks are for partitions Vector(0))
[2025-05-04T15:30:35.348+0000] {spark_submit.py:644} INFO - 25/05/04 15:30:35 INFO TaskSchedulerImpl: Adding task set 0.0 with 1 tasks resource profile 0
[2025-05-04T15:30:36.351+0000] {spark_submit.py:644} INFO - 25/05/04 15:30:36 INFO CoarseGrainedSchedulerBackend$DriverEndpoint: Registered executor NettyRpcEndpointRef(spark-client://Executor) (172.18.0.7:46810) with ID 0,  ResourceProfileId 0
[2025-05-04T15:30:36.438+0000] {spark_submit.py:644} INFO - 25/05/04 15:30:36 INFO BlockManagerMasterEndpoint: Registering block manager 172.18.0.7:45419 with 366.3 MiB RAM, BlockManagerId(0, 172.18.0.7, 45419, None)
[2025-05-04T15:30:36.500+0000] {spark_submit.py:644} INFO - 25/05/04 15:30:36 INFO TaskSetManager: Starting task 0.0 in stage 0.0 (TID 0) (172.18.0.7, executor 0, partition 0, PROCESS_LOCAL, 4685 bytes) taskResourceAssignments Map()
[2025-05-04T15:30:36.822+0000] {spark_submit.py:644} INFO - 25/05/04 15:30:36 INFO BlockManagerInfo: Added broadcast_0_piece0 in memory on 172.18.0.7:45419 (size: 36.9 KiB, free: 366.3 MiB)
[2025-05-04T15:30:38.017+0000] {spark_submit.py:644} INFO - 25/05/04 15:30:38 INFO TaskSetManager: Finished task 0.0 in stage 0.0 (TID 0) in 1528 ms on 172.18.0.7 (executor 0) (1/1)
[2025-05-04T15:30:38.019+0000] {spark_submit.py:644} INFO - 25/05/04 15:30:38 INFO TaskSchedulerImpl: Removed TaskSet 0.0, whose tasks have all completed, from pool
[2025-05-04T15:30:38.023+0000] {spark_submit.py:644} INFO - 25/05/04 15:30:38 INFO DAGScheduler: ResultStage 0 (load at NativeMethodAccessorImpl.java:0) finished in 2.780 s
[2025-05-04T15:30:38.026+0000] {spark_submit.py:644} INFO - 25/05/04 15:30:38 INFO DAGScheduler: Job 0 is finished. Cancelling potential speculative or zombie tasks for this job
[2025-05-04T15:30:38.027+0000] {spark_submit.py:644} INFO - 25/05/04 15:30:38 INFO TaskSchedulerImpl: Killing all running tasks in stage 0: Stage finished
[2025-05-04T15:30:38.029+0000] {spark_submit.py:644} INFO - 25/05/04 15:30:38 INFO DAGScheduler: Job 0 finished: load at NativeMethodAccessorImpl.java:0, took 2.827504 s
[2025-05-04T15:30:38.389+0000] {spark_submit.py:644} INFO - 25/05/04 15:30:38 INFO BlockManagerInfo: Removed broadcast_0_piece0 on a35c91e75803:37565 in memory (size: 36.9 KiB, free: 434.4 MiB)
[2025-05-04T15:30:38.398+0000] {spark_submit.py:644} INFO - 25/05/04 15:30:38 INFO BlockManagerInfo: Removed broadcast_0_piece0 on 172.18.0.7:45419 in memory (size: 36.9 KiB, free: 366.3 MiB)
[2025-05-04T15:30:39.334+0000] {spark_submit.py:644} INFO - 🧼 Чищення датафрейму...
[2025-05-04T15:30:39.779+0000] {spark_submit.py:644} INFO - 💾 Збереження до Silver рівня: /tmp/spark_data/silver/athlete_event_results/20250504
[2025-05-04T15:30:40.070+0000] {spark_submit.py:644} INFO - 25/05/04 15:30:40 INFO FileSourceStrategy: Pushed Filters:
[2025-05-04T15:30:40.072+0000] {spark_submit.py:644} INFO - 25/05/04 15:30:40 INFO FileSourceStrategy: Post-Scan Filters:
[2025-05-04T15:30:40.074+0000] {spark_submit.py:644} INFO - 25/05/04 15:30:40 INFO FileSourceStrategy: Output Data Schema: struct<edition: string, edition_id: string, country_noc: string, sport: string, event: string ... 9 more fields>
[2025-05-04T15:30:40.169+0000] {spark_submit.py:644} INFO - 25/05/04 15:30:40 INFO ParquetFileFormat: Using default output committer for Parquet: org.apache.parquet.hadoop.ParquetOutputCommitter
[2025-05-04T15:30:40.179+0000] {spark_submit.py:644} INFO - 25/05/04 15:30:40 INFO FileOutputCommitter: File Output Committer Algorithm version is 1
[2025-05-04T15:30:40.180+0000] {spark_submit.py:644} INFO - 25/05/04 15:30:40 INFO FileOutputCommitter: FileOutputCommitter skip cleanup _temporary folders under output directory:false, ignore cleanup failures: false
[2025-05-04T15:30:40.181+0000] {spark_submit.py:644} INFO - 25/05/04 15:30:40 INFO SQLHadoopMapReduceCommitProtocol: Using user defined output committer class org.apache.parquet.hadoop.ParquetOutputCommitter
[2025-05-04T15:30:40.181+0000] {spark_submit.py:644} INFO - 25/05/04 15:30:40 INFO FileOutputCommitter: File Output Committer Algorithm version is 1
[2025-05-04T15:30:40.181+0000] {spark_submit.py:644} INFO - 25/05/04 15:30:40 INFO FileOutputCommitter: FileOutputCommitter skip cleanup _temporary folders under output directory:false, ignore cleanup failures: false
[2025-05-04T15:30:40.181+0000] {spark_submit.py:644} INFO - 25/05/04 15:30:40 INFO SQLHadoopMapReduceCommitProtocol: Using output committer class org.apache.parquet.hadoop.ParquetOutputCommitter
[2025-05-04T15:30:40.352+0000] {spark_submit.py:644} INFO - 25/05/04 15:30:40 INFO CodeGenerator: Code generated in 100.090067 ms
[2025-05-04T15:30:40.392+0000] {spark_submit.py:644} INFO - 25/05/04 15:30:40 INFO CodeGenerator: Code generated in 31.539918 ms
[2025-05-04T15:30:40.410+0000] {spark_submit.py:644} INFO - 25/05/04 15:30:40 INFO MemoryStore: Block broadcast_1 stored as values in memory (estimated size 202.0 KiB, free 434.2 MiB)
[2025-05-04T15:30:40.427+0000] {spark_submit.py:644} INFO - 25/05/04 15:30:40 INFO MemoryStore: Block broadcast_1_piece0 stored as bytes in memory (estimated size 34.8 KiB, free 434.2 MiB)
[2025-05-04T15:30:40.428+0000] {spark_submit.py:644} INFO - 25/05/04 15:30:40 INFO BlockManagerInfo: Added broadcast_1_piece0 in memory on a35c91e75803:37565 (size: 34.8 KiB, free: 434.4 MiB)
[2025-05-04T15:30:40.430+0000] {spark_submit.py:644} INFO - 25/05/04 15:30:40 INFO SparkContext: Created broadcast 1 from parquet at NativeMethodAccessorImpl.java:0
[2025-05-04T15:30:40.438+0000] {spark_submit.py:644} INFO - 25/05/04 15:30:40 INFO FileSourceScanExec: Planning scan with bin packing, max size: 33975010 bytes, open cost is considered as scanning 4194304 bytes.
[2025-05-04T15:30:40.528+0000] {spark_submit.py:644} INFO - 25/05/04 15:30:40 INFO SparkContext: Starting job: parquet at NativeMethodAccessorImpl.java:0
[2025-05-04T15:30:40.530+0000] {spark_submit.py:644} INFO - 25/05/04 15:30:40 INFO DAGScheduler: Got job 1 (parquet at NativeMethodAccessorImpl.java:0) with 2 output partitions
[2025-05-04T15:30:40.530+0000] {spark_submit.py:644} INFO - 25/05/04 15:30:40 INFO DAGScheduler: Final stage: ResultStage 1 (parquet at NativeMethodAccessorImpl.java:0)
[2025-05-04T15:30:40.530+0000] {spark_submit.py:644} INFO - 25/05/04 15:30:40 INFO DAGScheduler: Parents of final stage: List()
[2025-05-04T15:30:40.530+0000] {spark_submit.py:644} INFO - 25/05/04 15:30:40 INFO DAGScheduler: Missing parents: List()
[2025-05-04T15:30:40.531+0000] {spark_submit.py:644} INFO - 25/05/04 15:30:40 INFO DAGScheduler: Submitting ResultStage 1 (MapPartitionsRDD[7] at parquet at NativeMethodAccessorImpl.java:0), which has no missing parents
[2025-05-04T15:30:40.553+0000] {spark_submit.py:644} INFO - 25/05/04 15:30:40 INFO MemoryStore: Block broadcast_2 stored as values in memory (estimated size 248.5 KiB, free 433.9 MiB)
[2025-05-04T15:30:40.564+0000] {spark_submit.py:644} INFO - 25/05/04 15:30:40 INFO MemoryStore: Block broadcast_2_piece0 stored as bytes in memory (estimated size 85.9 KiB, free 433.8 MiB)
[2025-05-04T15:30:40.566+0000] {spark_submit.py:644} INFO - 25/05/04 15:30:40 INFO BlockManagerInfo: Added broadcast_2_piece0 in memory on a35c91e75803:37565 (size: 85.9 KiB, free: 434.3 MiB)
[2025-05-04T15:30:40.566+0000] {spark_submit.py:644} INFO - 25/05/04 15:30:40 INFO SparkContext: Created broadcast 2 from broadcast at DAGScheduler.scala:1513
[2025-05-04T15:30:40.567+0000] {spark_submit.py:644} INFO - 25/05/04 15:30:40 INFO DAGScheduler: Submitting 2 missing tasks from ResultStage 1 (MapPartitionsRDD[7] at parquet at NativeMethodAccessorImpl.java:0) (first 15 tasks are for partitions Vector(0, 1))
[2025-05-04T15:30:40.567+0000] {spark_submit.py:644} INFO - 25/05/04 15:30:40 INFO TaskSchedulerImpl: Adding task set 1.0 with 2 tasks resource profile 0
[2025-05-04T15:30:40.571+0000] {spark_submit.py:644} INFO - 25/05/04 15:30:40 INFO TaskSetManager: Starting task 0.0 in stage 1.0 (TID 1) (172.18.0.7, executor 0, partition 0, PROCESS_LOCAL, 5734 bytes) taskResourceAssignments Map()
[2025-05-04T15:30:40.572+0000] {spark_submit.py:644} INFO - 25/05/04 15:30:40 INFO TaskSetManager: Starting task 1.0 in stage 1.0 (TID 2) (172.18.0.7, executor 0, partition 1, PROCESS_LOCAL, 5734 bytes) taskResourceAssignments Map()
[2025-05-04T15:30:40.618+0000] {spark_submit.py:644} INFO - 25/05/04 15:30:40 INFO BlockManagerInfo: Added broadcast_2_piece0 in memory on 172.18.0.7:45419 (size: 85.9 KiB, free: 366.2 MiB)
[2025-05-04T15:30:41.603+0000] {spark_submit.py:644} INFO - 25/05/04 15:30:41 WARN TaskSetManager: Lost task 0.0 in stage 1.0 (TID 1) (172.18.0.7 executor 0): java.io.IOException: Cannot run program "/usr/local/bin/python3": error=2, No such file or directory
[2025-05-04T15:30:41.603+0000] {spark_submit.py:644} INFO - at java.lang.ProcessBuilder.start(ProcessBuilder.java:1048)
[2025-05-04T15:30:41.604+0000] {spark_submit.py:644} INFO - at org.apache.spark.api.python.PythonWorkerFactory.startDaemon(PythonWorkerFactory.scala:216)
[2025-05-04T15:30:41.604+0000] {spark_submit.py:644} INFO - at org.apache.spark.api.python.PythonWorkerFactory.createThroughDaemon(PythonWorkerFactory.scala:134)
[2025-05-04T15:30:41.604+0000] {spark_submit.py:644} INFO - at org.apache.spark.api.python.PythonWorkerFactory.create(PythonWorkerFactory.scala:107)
[2025-05-04T15:30:41.604+0000] {spark_submit.py:644} INFO - at org.apache.spark.SparkEnv.createPythonWorker(SparkEnv.scala:124)
[2025-05-04T15:30:41.604+0000] {spark_submit.py:644} INFO - at org.apache.spark.api.python.BasePythonRunner.compute(PythonRunner.scala:164)
[2025-05-04T15:30:41.604+0000] {spark_submit.py:644} INFO - at org.apache.spark.sql.execution.python.BatchEvalPythonExec.evaluate(BatchEvalPythonExec.scala:81)
[2025-05-04T15:30:41.605+0000] {spark_submit.py:644} INFO - at org.apache.spark.sql.execution.python.EvalPythonExec.$anonfun$doExecute$2(EvalPythonExec.scala:130)
[2025-05-04T15:30:41.605+0000] {spark_submit.py:644} INFO - at org.apache.spark.rdd.RDD.$anonfun$mapPartitions$2(RDD.scala:855)
[2025-05-04T15:30:41.605+0000] {spark_submit.py:644} INFO - at org.apache.spark.rdd.RDD.$anonfun$mapPartitions$2$adapted(RDD.scala:855)
[2025-05-04T15:30:41.605+0000] {spark_submit.py:644} INFO - at org.apache.spark.rdd.MapPartitionsRDD.compute(MapPartitionsRDD.scala:52)
[2025-05-04T15:30:41.605+0000] {spark_submit.py:644} INFO - at org.apache.spark.rdd.RDD.computeOrReadCheckpoint(RDD.scala:365)
[2025-05-04T15:30:41.606+0000] {spark_submit.py:644} INFO - at org.apache.spark.rdd.RDD.iterator(RDD.scala:329)
[2025-05-04T15:30:41.606+0000] {spark_submit.py:644} INFO - at org.apache.spark.rdd.MapPartitionsRDD.compute(MapPartitionsRDD.scala:52)
[2025-05-04T15:30:41.606+0000] {spark_submit.py:644} INFO - at org.apache.spark.rdd.RDD.computeOrReadCheckpoint(RDD.scala:365)
[2025-05-04T15:30:41.606+0000] {spark_submit.py:644} INFO - at org.apache.spark.rdd.RDD.iterator(RDD.scala:329)
[2025-05-04T15:30:41.606+0000] {spark_submit.py:644} INFO - at org.apache.spark.scheduler.ResultTask.runTask(ResultTask.scala:90)
[2025-05-04T15:30:41.606+0000] {spark_submit.py:644} INFO - at org.apache.spark.scheduler.Task.run(Task.scala:136)
[2025-05-04T15:30:41.606+0000] {spark_submit.py:644} INFO - at org.apache.spark.executor.Executor$TaskRunner.$anonfun$run$3(Executor.scala:548)
[2025-05-04T15:30:41.607+0000] {spark_submit.py:644} INFO - at org.apache.spark.util.Utils$.tryWithSafeFinally(Utils.scala:1504)
[2025-05-04T15:30:41.607+0000] {spark_submit.py:644} INFO - at org.apache.spark.executor.Executor$TaskRunner.run(Executor.scala:551)
[2025-05-04T15:30:41.607+0000] {spark_submit.py:644} INFO - at java.util.concurrent.ThreadPoolExecutor.runWorker(ThreadPoolExecutor.java:1149)
[2025-05-04T15:30:41.607+0000] {spark_submit.py:644} INFO - at java.util.concurrent.ThreadPoolExecutor$Worker.run(ThreadPoolExecutor.java:624)
[2025-05-04T15:30:41.607+0000] {spark_submit.py:644} INFO - at java.lang.Thread.run(Thread.java:748)
[2025-05-04T15:30:41.607+0000] {spark_submit.py:644} INFO - Caused by: java.io.IOException: error=2, No such file or directory
[2025-05-04T15:30:41.607+0000] {spark_submit.py:644} INFO - at java.lang.UNIXProcess.forkAndExec(Native Method)
[2025-05-04T15:30:41.608+0000] {spark_submit.py:644} INFO - at java.lang.UNIXProcess.<init>(UNIXProcess.java:247)
[2025-05-04T15:30:41.608+0000] {spark_submit.py:644} INFO - at java.lang.ProcessImpl.start(ProcessImpl.java:134)
[2025-05-04T15:30:41.608+0000] {spark_submit.py:644} INFO - at java.lang.ProcessBuilder.start(ProcessBuilder.java:1029)
[2025-05-04T15:30:41.608+0000] {spark_submit.py:644} INFO - ... 23 more
[2025-05-04T15:30:41.608+0000] {spark_submit.py:644} INFO - 
[2025-05-04T15:30:41.608+0000] {spark_submit.py:644} INFO - 25/05/04 15:30:41 INFO TaskSetManager: Starting task 0.1 in stage 1.0 (TID 3) (172.18.0.7, executor 0, partition 0, PROCESS_LOCAL, 5734 bytes) taskResourceAssignments Map()
[2025-05-04T15:30:41.608+0000] {spark_submit.py:644} INFO - 25/05/04 15:30:41 INFO TaskSetManager: Lost task 1.0 in stage 1.0 (TID 2) on 172.18.0.7, executor 0: java.io.IOException (Cannot run program "/usr/local/bin/python3": error=2, No such file or directory) [duplicate 1]
[2025-05-04T15:30:41.609+0000] {spark_submit.py:644} INFO - 25/05/04 15:30:41 INFO TaskSetManager: Starting task 1.1 in stage 1.0 (TID 4) (172.18.0.7, executor 0, partition 1, PROCESS_LOCAL, 5734 bytes) taskResourceAssignments Map()
[2025-05-04T15:30:41.652+0000] {spark_submit.py:644} INFO - 25/05/04 15:30:41 INFO TaskSetManager: Lost task 0.1 in stage 1.0 (TID 3) on 172.18.0.7, executor 0: java.io.IOException (Cannot run program "/usr/local/bin/python3": error=2, No such file or directory) [duplicate 2]
[2025-05-04T15:30:41.653+0000] {spark_submit.py:644} INFO - 25/05/04 15:30:41 INFO TaskSetManager: Lost task 1.1 in stage 1.0 (TID 4) on 172.18.0.7, executor 0: java.io.IOException (Cannot run program "/usr/local/bin/python3": error=2, No such file or directory) [duplicate 3]
[2025-05-04T15:30:41.654+0000] {spark_submit.py:644} INFO - 25/05/04 15:30:41 INFO TaskSetManager: Starting task 1.2 in stage 1.0 (TID 5) (172.18.0.7, executor 0, partition 1, PROCESS_LOCAL, 5734 bytes) taskResourceAssignments Map()
[2025-05-04T15:30:41.654+0000] {spark_submit.py:644} INFO - 25/05/04 15:30:41 INFO TaskSetManager: Starting task 0.2 in stage 1.0 (TID 6) (172.18.0.7, executor 0, partition 0, PROCESS_LOCAL, 5734 bytes) taskResourceAssignments Map()
[2025-05-04T15:30:41.699+0000] {spark_submit.py:644} INFO - 25/05/04 15:30:41 INFO TaskSetManager: Lost task 1.2 in stage 1.0 (TID 5) on 172.18.0.7, executor 0: java.io.IOException (Cannot run program "/usr/local/bin/python3": error=2, No such file or directory) [duplicate 4]
[2025-05-04T15:30:41.700+0000] {spark_submit.py:644} INFO - 25/05/04 15:30:41 INFO TaskSetManager: Starting task 1.3 in stage 1.0 (TID 7) (172.18.0.7, executor 0, partition 1, PROCESS_LOCAL, 5734 bytes) taskResourceAssignments Map()
[2025-05-04T15:30:41.701+0000] {spark_submit.py:644} INFO - 25/05/04 15:30:41 INFO TaskSetManager: Lost task 0.2 in stage 1.0 (TID 6) on 172.18.0.7, executor 0: java.io.IOException (Cannot run program "/usr/local/bin/python3": error=2, No such file or directory) [duplicate 5]
[2025-05-04T15:30:41.702+0000] {spark_submit.py:644} INFO - 25/05/04 15:30:41 INFO TaskSetManager: Starting task 0.3 in stage 1.0 (TID 8) (172.18.0.7, executor 0, partition 0, PROCESS_LOCAL, 5734 bytes) taskResourceAssignments Map()
[2025-05-04T15:30:41.743+0000] {spark_submit.py:644} INFO - 25/05/04 15:30:41 INFO TaskSetManager: Lost task 0.3 in stage 1.0 (TID 8) on 172.18.0.7, executor 0: java.io.IOException (Cannot run program "/usr/local/bin/python3": error=2, No such file or directory) [duplicate 6]
[2025-05-04T15:30:41.744+0000] {spark_submit.py:644} INFO - 25/05/04 15:30:41 ERROR TaskSetManager: Task 0 in stage 1.0 failed 4 times; aborting job
[2025-05-04T15:30:41.747+0000] {spark_submit.py:644} INFO - 25/05/04 15:30:41 INFO TaskSchedulerImpl: Cancelling stage 1
[2025-05-04T15:30:41.747+0000] {spark_submit.py:644} INFO - 25/05/04 15:30:41 INFO TaskSchedulerImpl: Killing all running tasks in stage 1: Stage cancelled
[2025-05-04T15:30:41.748+0000] {spark_submit.py:644} INFO - 25/05/04 15:30:41 INFO TaskSchedulerImpl: Removed TaskSet 1.0, whose tasks have all completed, from pool
[2025-05-04T15:30:41.749+0000] {spark_submit.py:644} INFO - 25/05/04 15:30:41 INFO TaskSchedulerImpl: Stage 1 was cancelled
[2025-05-04T15:30:41.749+0000] {spark_submit.py:644} INFO - 25/05/04 15:30:41 INFO TaskSetManager: Lost task 1.3 in stage 1.0 (TID 7) on 172.18.0.7, executor 0: java.io.IOException (Cannot run program "/usr/local/bin/python3": error=2, No such file or directory) [duplicate 7]
[2025-05-04T15:30:41.750+0000] {spark_submit.py:644} INFO - 25/05/04 15:30:41 INFO TaskSchedulerImpl: Removed TaskSet 1.0, whose tasks have all completed, from pool
[2025-05-04T15:30:41.750+0000] {spark_submit.py:644} INFO - 25/05/04 15:30:41 INFO DAGScheduler: ResultStage 1 (parquet at NativeMethodAccessorImpl.java:0) failed in 1.214 s due to Job aborted due to stage failure: Task 0 in stage 1.0 failed 4 times, most recent failure: Lost task 0.3 in stage 1.0 (TID 8) (172.18.0.7 executor 0): java.io.IOException: Cannot run program "/usr/local/bin/python3": error=2, No such file or directory
[2025-05-04T15:30:41.750+0000] {spark_submit.py:644} INFO - at java.lang.ProcessBuilder.start(ProcessBuilder.java:1048)
[2025-05-04T15:30:41.750+0000] {spark_submit.py:644} INFO - at org.apache.spark.api.python.PythonWorkerFactory.startDaemon(PythonWorkerFactory.scala:216)
[2025-05-04T15:30:41.750+0000] {spark_submit.py:644} INFO - at org.apache.spark.api.python.PythonWorkerFactory.createThroughDaemon(PythonWorkerFactory.scala:134)
[2025-05-04T15:30:41.751+0000] {spark_submit.py:644} INFO - at org.apache.spark.api.python.PythonWorkerFactory.create(PythonWorkerFactory.scala:107)
[2025-05-04T15:30:41.751+0000] {spark_submit.py:644} INFO - at org.apache.spark.SparkEnv.createPythonWorker(SparkEnv.scala:124)
[2025-05-04T15:30:41.751+0000] {spark_submit.py:644} INFO - at org.apache.spark.api.python.BasePythonRunner.compute(PythonRunner.scala:164)
[2025-05-04T15:30:41.751+0000] {spark_submit.py:644} INFO - at org.apache.spark.sql.execution.python.BatchEvalPythonExec.evaluate(BatchEvalPythonExec.scala:81)
[2025-05-04T15:30:41.751+0000] {spark_submit.py:644} INFO - at org.apache.spark.sql.execution.python.EvalPythonExec.$anonfun$doExecute$2(EvalPythonExec.scala:130)
[2025-05-04T15:30:41.751+0000] {spark_submit.py:644} INFO - at org.apache.spark.rdd.RDD.$anonfun$mapPartitions$2(RDD.scala:855)
[2025-05-04T15:30:41.751+0000] {spark_submit.py:644} INFO - at org.apache.spark.rdd.RDD.$anonfun$mapPartitions$2$adapted(RDD.scala:855)
[2025-05-04T15:30:41.751+0000] {spark_submit.py:644} INFO - at org.apache.spark.rdd.MapPartitionsRDD.compute(MapPartitionsRDD.scala:52)
[2025-05-04T15:30:41.751+0000] {spark_submit.py:644} INFO - at org.apache.spark.rdd.RDD.computeOrReadCheckpoint(RDD.scala:365)
[2025-05-04T15:30:41.751+0000] {spark_submit.py:644} INFO - at org.apache.spark.rdd.RDD.iterator(RDD.scala:329)
[2025-05-04T15:30:41.752+0000] {spark_submit.py:644} INFO - at org.apache.spark.rdd.MapPartitionsRDD.compute(MapPartitionsRDD.scala:52)
[2025-05-04T15:30:41.752+0000] {spark_submit.py:644} INFO - at org.apache.spark.rdd.RDD.computeOrReadCheckpoint(RDD.scala:365)
[2025-05-04T15:30:41.752+0000] {spark_submit.py:644} INFO - at org.apache.spark.rdd.RDD.iterator(RDD.scala:329)
[2025-05-04T15:30:41.752+0000] {spark_submit.py:644} INFO - at org.apache.spark.scheduler.ResultTask.runTask(ResultTask.scala:90)
[2025-05-04T15:30:41.752+0000] {spark_submit.py:644} INFO - at org.apache.spark.scheduler.Task.run(Task.scala:136)
[2025-05-04T15:30:41.752+0000] {spark_submit.py:644} INFO - at org.apache.spark.executor.Executor$TaskRunner.$anonfun$run$3(Executor.scala:548)
[2025-05-04T15:30:41.752+0000] {spark_submit.py:644} INFO - at org.apache.spark.util.Utils$.tryWithSafeFinally(Utils.scala:1504)
[2025-05-04T15:30:41.752+0000] {spark_submit.py:644} INFO - at org.apache.spark.executor.Executor$TaskRunner.run(Executor.scala:551)
[2025-05-04T15:30:41.752+0000] {spark_submit.py:644} INFO - at java.util.concurrent.ThreadPoolExecutor.runWorker(ThreadPoolExecutor.java:1149)
[2025-05-04T15:30:41.752+0000] {spark_submit.py:644} INFO - at java.util.concurrent.ThreadPoolExecutor$Worker.run(ThreadPoolExecutor.java:624)
[2025-05-04T15:30:41.752+0000] {spark_submit.py:644} INFO - at java.lang.Thread.run(Thread.java:748)
[2025-05-04T15:30:41.753+0000] {spark_submit.py:644} INFO - Caused by: java.io.IOException: error=2, No such file or directory
[2025-05-04T15:30:41.753+0000] {spark_submit.py:644} INFO - at java.lang.UNIXProcess.forkAndExec(Native Method)
[2025-05-04T15:30:41.753+0000] {spark_submit.py:644} INFO - at java.lang.UNIXProcess.<init>(UNIXProcess.java:247)
[2025-05-04T15:30:41.753+0000] {spark_submit.py:644} INFO - at java.lang.ProcessImpl.start(ProcessImpl.java:134)
[2025-05-04T15:30:41.753+0000] {spark_submit.py:644} INFO - at java.lang.ProcessBuilder.start(ProcessBuilder.java:1029)
[2025-05-04T15:30:41.753+0000] {spark_submit.py:644} INFO - ... 23 more
[2025-05-04T15:30:41.753+0000] {spark_submit.py:644} INFO - 
[2025-05-04T15:30:41.753+0000] {spark_submit.py:644} INFO - Driver stacktrace:
[2025-05-04T15:30:41.753+0000] {spark_submit.py:644} INFO - 25/05/04 15:30:41 INFO DAGScheduler: Job 1 failed: parquet at NativeMethodAccessorImpl.java:0, took 1.222877 s
[2025-05-04T15:30:41.753+0000] {spark_submit.py:644} INFO - 25/05/04 15:30:41 ERROR FileFormatWriter: Aborting job 0955fbb6-a546-4f59-8a19-8be948f78fda.
[2025-05-04T15:30:41.753+0000] {spark_submit.py:644} INFO - org.apache.spark.SparkException: Job aborted due to stage failure: Task 0 in stage 1.0 failed 4 times, most recent failure: Lost task 0.3 in stage 1.0 (TID 8) (172.18.0.7 executor 0): java.io.IOException: Cannot run program "/usr/local/bin/python3": error=2, No such file or directory
[2025-05-04T15:30:41.753+0000] {spark_submit.py:644} INFO - at java.lang.ProcessBuilder.start(ProcessBuilder.java:1048)
[2025-05-04T15:30:41.754+0000] {spark_submit.py:644} INFO - at org.apache.spark.api.python.PythonWorkerFactory.startDaemon(PythonWorkerFactory.scala:216)
[2025-05-04T15:30:41.754+0000] {spark_submit.py:644} INFO - at org.apache.spark.api.python.PythonWorkerFactory.createThroughDaemon(PythonWorkerFactory.scala:134)
[2025-05-04T15:30:41.754+0000] {spark_submit.py:644} INFO - at org.apache.spark.api.python.PythonWorkerFactory.create(PythonWorkerFactory.scala:107)
[2025-05-04T15:30:41.754+0000] {spark_submit.py:644} INFO - at org.apache.spark.SparkEnv.createPythonWorker(SparkEnv.scala:124)
[2025-05-04T15:30:41.754+0000] {spark_submit.py:644} INFO - at org.apache.spark.api.python.BasePythonRunner.compute(PythonRunner.scala:164)
[2025-05-04T15:30:41.754+0000] {spark_submit.py:644} INFO - at org.apache.spark.sql.execution.python.BatchEvalPythonExec.evaluate(BatchEvalPythonExec.scala:81)
[2025-05-04T15:30:41.754+0000] {spark_submit.py:644} INFO - at org.apache.spark.sql.execution.python.EvalPythonExec.$anonfun$doExecute$2(EvalPythonExec.scala:130)
[2025-05-04T15:30:41.754+0000] {spark_submit.py:644} INFO - at org.apache.spark.rdd.RDD.$anonfun$mapPartitions$2(RDD.scala:855)
[2025-05-04T15:30:41.754+0000] {spark_submit.py:644} INFO - at org.apache.spark.rdd.RDD.$anonfun$mapPartitions$2$adapted(RDD.scala:855)
[2025-05-04T15:30:41.754+0000] {spark_submit.py:644} INFO - at org.apache.spark.rdd.MapPartitionsRDD.compute(MapPartitionsRDD.scala:52)
[2025-05-04T15:30:41.754+0000] {spark_submit.py:644} INFO - at org.apache.spark.rdd.RDD.computeOrReadCheckpoint(RDD.scala:365)
[2025-05-04T15:30:41.754+0000] {spark_submit.py:644} INFO - at org.apache.spark.rdd.RDD.iterator(RDD.scala:329)
[2025-05-04T15:30:41.755+0000] {spark_submit.py:644} INFO - at org.apache.spark.rdd.MapPartitionsRDD.compute(MapPartitionsRDD.scala:52)
[2025-05-04T15:30:41.755+0000] {spark_submit.py:644} INFO - at org.apache.spark.rdd.RDD.computeOrReadCheckpoint(RDD.scala:365)
[2025-05-04T15:30:41.755+0000] {spark_submit.py:644} INFO - at org.apache.spark.rdd.RDD.iterator(RDD.scala:329)
[2025-05-04T15:30:41.755+0000] {spark_submit.py:644} INFO - at org.apache.spark.scheduler.ResultTask.runTask(ResultTask.scala:90)
[2025-05-04T15:30:41.755+0000] {spark_submit.py:644} INFO - at org.apache.spark.scheduler.Task.run(Task.scala:136)
[2025-05-04T15:30:41.755+0000] {spark_submit.py:644} INFO - at org.apache.spark.executor.Executor$TaskRunner.$anonfun$run$3(Executor.scala:548)
[2025-05-04T15:30:41.755+0000] {spark_submit.py:644} INFO - at org.apache.spark.util.Utils$.tryWithSafeFinally(Utils.scala:1504)
[2025-05-04T15:30:41.755+0000] {spark_submit.py:644} INFO - at org.apache.spark.executor.Executor$TaskRunner.run(Executor.scala:551)
[2025-05-04T15:30:41.755+0000] {spark_submit.py:644} INFO - at java.util.concurrent.ThreadPoolExecutor.runWorker(ThreadPoolExecutor.java:1149)
[2025-05-04T15:30:41.755+0000] {spark_submit.py:644} INFO - at java.util.concurrent.ThreadPoolExecutor$Worker.run(ThreadPoolExecutor.java:624)
[2025-05-04T15:30:41.755+0000] {spark_submit.py:644} INFO - at java.lang.Thread.run(Thread.java:748)
[2025-05-04T15:30:41.756+0000] {spark_submit.py:644} INFO - Caused by: java.io.IOException: error=2, No such file or directory
[2025-05-04T15:30:41.756+0000] {spark_submit.py:644} INFO - at java.lang.UNIXProcess.forkAndExec(Native Method)
[2025-05-04T15:30:41.756+0000] {spark_submit.py:644} INFO - at java.lang.UNIXProcess.<init>(UNIXProcess.java:247)
[2025-05-04T15:30:41.756+0000] {spark_submit.py:644} INFO - at java.lang.ProcessImpl.start(ProcessImpl.java:134)
[2025-05-04T15:30:41.756+0000] {spark_submit.py:644} INFO - at java.lang.ProcessBuilder.start(ProcessBuilder.java:1029)
[2025-05-04T15:30:41.756+0000] {spark_submit.py:644} INFO - ... 23 more
[2025-05-04T15:30:41.756+0000] {spark_submit.py:644} INFO - 
[2025-05-04T15:30:41.756+0000] {spark_submit.py:644} INFO - Driver stacktrace:
[2025-05-04T15:30:41.756+0000] {spark_submit.py:644} INFO - at org.apache.spark.scheduler.DAGScheduler.failJobAndIndependentStages(DAGScheduler.scala:2672)
[2025-05-04T15:30:41.756+0000] {spark_submit.py:644} INFO - at org.apache.spark.scheduler.DAGScheduler.$anonfun$abortStage$2(DAGScheduler.scala:2608)
[2025-05-04T15:30:41.756+0000] {spark_submit.py:644} INFO - at org.apache.spark.scheduler.DAGScheduler.$anonfun$abortStage$2$adapted(DAGScheduler.scala:2607)
[2025-05-04T15:30:41.757+0000] {spark_submit.py:644} INFO - at scala.collection.mutable.ResizableArray.foreach(ResizableArray.scala:62)
[2025-05-04T15:30:41.757+0000] {spark_submit.py:644} INFO - at scala.collection.mutable.ResizableArray.foreach$(ResizableArray.scala:55)
[2025-05-04T15:30:41.757+0000] {spark_submit.py:644} INFO - at scala.collection.mutable.ArrayBuffer.foreach(ArrayBuffer.scala:49)
[2025-05-04T15:30:41.757+0000] {spark_submit.py:644} INFO - at org.apache.spark.scheduler.DAGScheduler.abortStage(DAGScheduler.scala:2607)
[2025-05-04T15:30:41.757+0000] {spark_submit.py:644} INFO - at org.apache.spark.scheduler.DAGScheduler.$anonfun$handleTaskSetFailed$1(DAGScheduler.scala:1182)
[2025-05-04T15:30:41.757+0000] {spark_submit.py:644} INFO - at org.apache.spark.scheduler.DAGScheduler.$anonfun$handleTaskSetFailed$1$adapted(DAGScheduler.scala:1182)
[2025-05-04T15:30:41.757+0000] {spark_submit.py:644} INFO - at scala.Option.foreach(Option.scala:407)
[2025-05-04T15:30:41.757+0000] {spark_submit.py:644} INFO - at org.apache.spark.scheduler.DAGScheduler.handleTaskSetFailed(DAGScheduler.scala:1182)
[2025-05-04T15:30:41.757+0000] {spark_submit.py:644} INFO - at org.apache.spark.scheduler.DAGSchedulerEventProcessLoop.doOnReceive(DAGScheduler.scala:2860)
[2025-05-04T15:30:41.757+0000] {spark_submit.py:644} INFO - at org.apache.spark.scheduler.DAGSchedulerEventProcessLoop.onReceive(DAGScheduler.scala:2802)
[2025-05-04T15:30:41.757+0000] {spark_submit.py:644} INFO - at org.apache.spark.scheduler.DAGSchedulerEventProcessLoop.onReceive(DAGScheduler.scala:2791)
[2025-05-04T15:30:41.757+0000] {spark_submit.py:644} INFO - at org.apache.spark.util.EventLoop$$anon$1.run(EventLoop.scala:49)
[2025-05-04T15:30:41.757+0000] {spark_submit.py:644} INFO - at org.apache.spark.scheduler.DAGScheduler.runJob(DAGScheduler.scala:952)
[2025-05-04T15:30:41.757+0000] {spark_submit.py:644} INFO - at org.apache.spark.SparkContext.runJob(SparkContext.scala:2228)
[2025-05-04T15:30:41.757+0000] {spark_submit.py:644} INFO - at org.apache.spark.sql.execution.datasources.FileFormatWriter$.write(FileFormatWriter.scala:245)
[2025-05-04T15:30:41.758+0000] {spark_submit.py:644} INFO - at org.apache.spark.sql.execution.datasources.InsertIntoHadoopFsRelationCommand.run(InsertIntoHadoopFsRelationCommand.scala:186)
[2025-05-04T15:30:41.758+0000] {spark_submit.py:644} INFO - at org.apache.spark.sql.execution.command.DataWritingCommandExec.sideEffectResult$lzycompute(commands.scala:113)
[2025-05-04T15:30:41.758+0000] {spark_submit.py:644} INFO - at org.apache.spark.sql.execution.command.DataWritingCommandExec.sideEffectResult(commands.scala:111)
[2025-05-04T15:30:41.758+0000] {spark_submit.py:644} INFO - at org.apache.spark.sql.execution.command.DataWritingCommandExec.executeCollect(commands.scala:125)
[2025-05-04T15:30:41.758+0000] {spark_submit.py:644} INFO - at org.apache.spark.sql.execution.QueryExecution$$anonfun$eagerlyExecuteCommands$1.$anonfun$applyOrElse$1(QueryExecution.scala:98)
[2025-05-04T15:30:41.758+0000] {spark_submit.py:644} INFO - at org.apache.spark.sql.execution.SQLExecution$.$anonfun$withNewExecutionId$6(SQLExecution.scala:109)
[2025-05-04T15:30:41.758+0000] {spark_submit.py:644} INFO - at org.apache.spark.sql.execution.SQLExecution$.withSQLConfPropagated(SQLExecution.scala:169)
[2025-05-04T15:30:41.758+0000] {spark_submit.py:644} INFO - at org.apache.spark.sql.execution.SQLExecution$.$anonfun$withNewExecutionId$1(SQLExecution.scala:95)
[2025-05-04T15:30:41.758+0000] {spark_submit.py:644} INFO - at org.apache.spark.sql.SparkSession.withActive(SparkSession.scala:779)
[2025-05-04T15:30:41.758+0000] {spark_submit.py:644} INFO - at org.apache.spark.sql.execution.SQLExecution$.withNewExecutionId(SQLExecution.scala:64)
[2025-05-04T15:30:41.759+0000] {spark_submit.py:644} INFO - at org.apache.spark.sql.execution.QueryExecution$$anonfun$eagerlyExecuteCommands$1.applyOrElse(QueryExecution.scala:98)
[2025-05-04T15:30:41.759+0000] {spark_submit.py:644} INFO - at org.apache.spark.sql.execution.QueryExecution$$anonfun$eagerlyExecuteCommands$1.applyOrElse(QueryExecution.scala:94)
[2025-05-04T15:30:41.759+0000] {spark_submit.py:644} INFO - at org.apache.spark.sql.catalyst.trees.TreeNode.$anonfun$transformDownWithPruning$1(TreeNode.scala:584)
[2025-05-04T15:30:41.759+0000] {spark_submit.py:644} INFO - at org.apache.spark.sql.catalyst.trees.CurrentOrigin$.withOrigin(TreeNode.scala:176)
[2025-05-04T15:30:41.759+0000] {spark_submit.py:644} INFO - at org.apache.spark.sql.catalyst.trees.TreeNode.transformDownWithPruning(TreeNode.scala:584)
[2025-05-04T15:30:41.759+0000] {spark_submit.py:644} INFO - at org.apache.spark.sql.catalyst.plans.logical.LogicalPlan.org$apache$spark$sql$catalyst$plans$logical$AnalysisHelper$$super$transformDownWithPruning(LogicalPlan.scala:30)
[2025-05-04T15:30:41.760+0000] {spark_submit.py:644} INFO - at org.apache.spark.sql.catalyst.plans.logical.AnalysisHelper.transformDownWithPruning(AnalysisHelper.scala:267)
[2025-05-04T15:30:41.760+0000] {spark_submit.py:644} INFO - at org.apache.spark.sql.catalyst.plans.logical.AnalysisHelper.transformDownWithPruning$(AnalysisHelper.scala:263)
[2025-05-04T15:30:41.760+0000] {spark_submit.py:644} INFO - at org.apache.spark.sql.catalyst.plans.logical.LogicalPlan.transformDownWithPruning(LogicalPlan.scala:30)
[2025-05-04T15:30:41.760+0000] {spark_submit.py:644} INFO - at org.apache.spark.sql.catalyst.plans.logical.LogicalPlan.transformDownWithPruning(LogicalPlan.scala:30)
[2025-05-04T15:30:41.760+0000] {spark_submit.py:644} INFO - at org.apache.spark.sql.catalyst.trees.TreeNode.transformDown(TreeNode.scala:560)
[2025-05-04T15:30:41.760+0000] {spark_submit.py:644} INFO - at org.apache.spark.sql.execution.QueryExecution.eagerlyExecuteCommands(QueryExecution.scala:94)
[2025-05-04T15:30:41.760+0000] {spark_submit.py:644} INFO - at org.apache.spark.sql.execution.QueryExecution.commandExecuted$lzycompute(QueryExecution.scala:81)
[2025-05-04T15:30:41.760+0000] {spark_submit.py:644} INFO - at org.apache.spark.sql.execution.QueryExecution.commandExecuted(QueryExecution.scala:79)
[2025-05-04T15:30:41.760+0000] {spark_submit.py:644} INFO - at org.apache.spark.sql.execution.QueryExecution.assertCommandExecuted(QueryExecution.scala:116)
[2025-05-04T15:30:41.760+0000] {spark_submit.py:644} INFO - at org.apache.spark.sql.DataFrameWriter.runCommand(DataFrameWriter.scala:860)
[2025-05-04T15:30:41.760+0000] {spark_submit.py:644} INFO - at org.apache.spark.sql.DataFrameWriter.saveToV1Source(DataFrameWriter.scala:390)
[2025-05-04T15:30:41.760+0000] {spark_submit.py:644} INFO - at org.apache.spark.sql.DataFrameWriter.saveInternal(DataFrameWriter.scala:363)
[2025-05-04T15:30:41.760+0000] {spark_submit.py:644} INFO - at org.apache.spark.sql.DataFrameWriter.save(DataFrameWriter.scala:239)
[2025-05-04T15:30:41.761+0000] {spark_submit.py:644} INFO - at org.apache.spark.sql.DataFrameWriter.parquet(DataFrameWriter.scala:793)
[2025-05-04T15:30:41.761+0000] {spark_submit.py:644} INFO - at java.base/jdk.internal.reflect.NativeMethodAccessorImpl.invoke0(Native Method)
[2025-05-04T15:30:41.761+0000] {spark_submit.py:644} INFO - at java.base/jdk.internal.reflect.NativeMethodAccessorImpl.invoke(NativeMethodAccessorImpl.java:77)
[2025-05-04T15:30:41.761+0000] {spark_submit.py:644} INFO - at java.base/jdk.internal.reflect.DelegatingMethodAccessorImpl.invoke(DelegatingMethodAccessorImpl.java:43)
[2025-05-04T15:30:41.761+0000] {spark_submit.py:644} INFO - at java.base/java.lang.reflect.Method.invoke(Method.java:569)
[2025-05-04T15:30:41.761+0000] {spark_submit.py:644} INFO - at py4j.reflection.MethodInvoker.invoke(MethodInvoker.java:244)
[2025-05-04T15:30:41.761+0000] {spark_submit.py:644} INFO - at py4j.reflection.ReflectionEngine.invoke(ReflectionEngine.java:357)
[2025-05-04T15:30:41.761+0000] {spark_submit.py:644} INFO - at py4j.Gateway.invoke(Gateway.java:282)
[2025-05-04T15:30:41.762+0000] {spark_submit.py:644} INFO - at py4j.commands.AbstractCommand.invokeMethod(AbstractCommand.java:132)
[2025-05-04T15:30:41.762+0000] {spark_submit.py:644} INFO - at py4j.commands.CallCommand.execute(CallCommand.java:79)
[2025-05-04T15:30:41.762+0000] {spark_submit.py:644} INFO - at py4j.ClientServerConnection.waitForCommands(ClientServerConnection.java:182)
[2025-05-04T15:30:41.762+0000] {spark_submit.py:644} INFO - at py4j.ClientServerConnection.run(ClientServerConnection.java:106)
[2025-05-04T15:30:41.762+0000] {spark_submit.py:644} INFO - at java.base/java.lang.Thread.run(Thread.java:840)
[2025-05-04T15:30:41.762+0000] {spark_submit.py:644} INFO - Caused by: java.io.IOException: Cannot run program "/usr/local/bin/python3": error=2, No such file or directory
[2025-05-04T15:30:41.763+0000] {spark_submit.py:644} INFO - at java.lang.ProcessBuilder.start(ProcessBuilder.java:1048)
[2025-05-04T15:30:41.763+0000] {spark_submit.py:644} INFO - at org.apache.spark.api.python.PythonWorkerFactory.startDaemon(PythonWorkerFactory.scala:216)
[2025-05-04T15:30:41.763+0000] {spark_submit.py:644} INFO - at org.apache.spark.api.python.PythonWorkerFactory.createThroughDaemon(PythonWorkerFactory.scala:134)
[2025-05-04T15:30:41.763+0000] {spark_submit.py:644} INFO - at org.apache.spark.api.python.PythonWorkerFactory.create(PythonWorkerFactory.scala:107)
[2025-05-04T15:30:41.763+0000] {spark_submit.py:644} INFO - at org.apache.spark.SparkEnv.createPythonWorker(SparkEnv.scala:124)
[2025-05-04T15:30:41.763+0000] {spark_submit.py:644} INFO - at org.apache.spark.api.python.BasePythonRunner.compute(PythonRunner.scala:164)
[2025-05-04T15:30:41.763+0000] {spark_submit.py:644} INFO - at org.apache.spark.sql.execution.python.BatchEvalPythonExec.evaluate(BatchEvalPythonExec.scala:81)
[2025-05-04T15:30:41.764+0000] {spark_submit.py:644} INFO - at org.apache.spark.sql.execution.python.EvalPythonExec.$anonfun$doExecute$2(EvalPythonExec.scala:130)
[2025-05-04T15:30:41.764+0000] {spark_submit.py:644} INFO - at org.apache.spark.rdd.RDD.$anonfun$mapPartitions$2(RDD.scala:855)
[2025-05-04T15:30:41.764+0000] {spark_submit.py:644} INFO - at org.apache.spark.rdd.RDD.$anonfun$mapPartitions$2$adapted(RDD.scala:855)
[2025-05-04T15:30:41.764+0000] {spark_submit.py:644} INFO - at org.apache.spark.rdd.MapPartitionsRDD.compute(MapPartitionsRDD.scala:52)
[2025-05-04T15:30:41.764+0000] {spark_submit.py:644} INFO - at org.apache.spark.rdd.RDD.computeOrReadCheckpoint(RDD.scala:365)
[2025-05-04T15:30:41.764+0000] {spark_submit.py:644} INFO - at org.apache.spark.rdd.RDD.iterator(RDD.scala:329)
[2025-05-04T15:30:41.764+0000] {spark_submit.py:644} INFO - at org.apache.spark.rdd.MapPartitionsRDD.compute(MapPartitionsRDD.scala:52)
[2025-05-04T15:30:41.765+0000] {spark_submit.py:644} INFO - at org.apache.spark.rdd.RDD.computeOrReadCheckpoint(RDD.scala:365)
[2025-05-04T15:30:41.765+0000] {spark_submit.py:644} INFO - at org.apache.spark.rdd.RDD.iterator(RDD.scala:329)
[2025-05-04T15:30:41.765+0000] {spark_submit.py:644} INFO - at org.apache.spark.scheduler.ResultTask.runTask(ResultTask.scala:90)
[2025-05-04T15:30:41.765+0000] {spark_submit.py:644} INFO - at org.apache.spark.scheduler.Task.run(Task.scala:136)
[2025-05-04T15:30:41.765+0000] {spark_submit.py:644} INFO - at org.apache.spark.executor.Executor$TaskRunner.$anonfun$run$3(Executor.scala:548)
[2025-05-04T15:30:41.765+0000] {spark_submit.py:644} INFO - at org.apache.spark.util.Utils$.tryWithSafeFinally(Utils.scala:1504)
[2025-05-04T15:30:41.765+0000] {spark_submit.py:644} INFO - at org.apache.spark.executor.Executor$TaskRunner.run(Executor.scala:551)
[2025-05-04T15:30:41.766+0000] {spark_submit.py:644} INFO - at java.util.concurrent.ThreadPoolExecutor.runWorker(ThreadPoolExecutor.java:1149)
[2025-05-04T15:30:41.766+0000] {spark_submit.py:644} INFO - at java.util.concurrent.ThreadPoolExecutor$Worker.run(ThreadPoolExecutor.java:624)
[2025-05-04T15:30:41.766+0000] {spark_submit.py:644} INFO - at java.lang.Thread.run(Thread.java:748)
[2025-05-04T15:30:41.766+0000] {spark_submit.py:644} INFO - Caused by: java.io.IOException: error=2, No such file or directory
[2025-05-04T15:30:41.766+0000] {spark_submit.py:644} INFO - at java.lang.UNIXProcess.forkAndExec(Native Method)
[2025-05-04T15:30:41.766+0000] {spark_submit.py:644} INFO - at java.lang.UNIXProcess.<init>(UNIXProcess.java:247)
[2025-05-04T15:30:41.766+0000] {spark_submit.py:644} INFO - at java.lang.ProcessImpl.start(ProcessImpl.java:134)
[2025-05-04T15:30:41.767+0000] {spark_submit.py:644} INFO - at java.lang.ProcessBuilder.start(ProcessBuilder.java:1029)
[2025-05-04T15:30:41.767+0000] {spark_submit.py:644} INFO - ... 23 more
[2025-05-04T15:30:41.915+0000] {spark_submit.py:644} INFO - Traceback (most recent call last):
[2025-05-04T15:30:41.915+0000] {spark_submit.py:644} INFO - File "/opt/airflow/dags/bronze_to_silver.py", line 43, in <module>
[2025-05-04T15:30:41.915+0000] {spark_submit.py:644} INFO - process_table(spark, table)
[2025-05-04T15:30:41.916+0000] {spark_submit.py:644} INFO - File "/opt/airflow/dags/bronze_to_silver.py", line 31, in process_table
[2025-05-04T15:30:41.916+0000] {spark_submit.py:644} INFO - df_cleaned.write.mode("overwrite").parquet(silver_path)
[2025-05-04T15:30:41.916+0000] {spark_submit.py:644} INFO - File "/opt/spark/python/lib/pyspark.zip/pyspark/sql/readwriter.py", line 1140, in parquet
[2025-05-04T15:30:41.916+0000] {spark_submit.py:644} INFO - File "/opt/spark/python/lib/py4j-0.10.9.5-src.zip/py4j/java_gateway.py", line 1321, in __call__
[2025-05-04T15:30:41.916+0000] {spark_submit.py:644} INFO - File "/opt/spark/python/lib/pyspark.zip/pyspark/sql/utils.py", line 190, in deco
[2025-05-04T15:30:41.916+0000] {spark_submit.py:644} INFO - File "/opt/spark/python/lib/py4j-0.10.9.5-src.zip/py4j/protocol.py", line 326, in get_return_value
[2025-05-04T15:30:41.970+0000] {spark_submit.py:644} INFO - py4j.protocol.Py4JJavaError: An error occurred while calling o218.parquet.
[2025-05-04T15:30:41.970+0000] {spark_submit.py:644} INFO - : org.apache.spark.SparkException: Job aborted.
[2025-05-04T15:30:41.970+0000] {spark_submit.py:644} INFO - at org.apache.spark.sql.errors.QueryExecutionErrors$.jobAbortedError(QueryExecutionErrors.scala:638)
[2025-05-04T15:30:41.970+0000] {spark_submit.py:644} INFO - at org.apache.spark.sql.execution.datasources.FileFormatWriter$.write(FileFormatWriter.scala:278)
[2025-05-04T15:30:41.970+0000] {spark_submit.py:644} INFO - at org.apache.spark.sql.execution.datasources.InsertIntoHadoopFsRelationCommand.run(InsertIntoHadoopFsRelationCommand.scala:186)
[2025-05-04T15:30:41.970+0000] {spark_submit.py:644} INFO - at org.apache.spark.sql.execution.command.DataWritingCommandExec.sideEffectResult$lzycompute(commands.scala:113)
[2025-05-04T15:30:41.971+0000] {spark_submit.py:644} INFO - at org.apache.spark.sql.execution.command.DataWritingCommandExec.sideEffectResult(commands.scala:111)
[2025-05-04T15:30:41.971+0000] {spark_submit.py:644} INFO - at org.apache.spark.sql.execution.command.DataWritingCommandExec.executeCollect(commands.scala:125)
[2025-05-04T15:30:41.971+0000] {spark_submit.py:644} INFO - at org.apache.spark.sql.execution.QueryExecution$$anonfun$eagerlyExecuteCommands$1.$anonfun$applyOrElse$1(QueryExecution.scala:98)
[2025-05-04T15:30:41.971+0000] {spark_submit.py:644} INFO - at org.apache.spark.sql.execution.SQLExecution$.$anonfun$withNewExecutionId$6(SQLExecution.scala:109)
[2025-05-04T15:30:41.971+0000] {spark_submit.py:644} INFO - at org.apache.spark.sql.execution.SQLExecution$.withSQLConfPropagated(SQLExecution.scala:169)
[2025-05-04T15:30:41.971+0000] {spark_submit.py:644} INFO - at org.apache.spark.sql.execution.SQLExecution$.$anonfun$withNewExecutionId$1(SQLExecution.scala:95)
[2025-05-04T15:30:41.971+0000] {spark_submit.py:644} INFO - at org.apache.spark.sql.SparkSession.withActive(SparkSession.scala:779)
[2025-05-04T15:30:41.971+0000] {spark_submit.py:644} INFO - at org.apache.spark.sql.execution.SQLExecution$.withNewExecutionId(SQLExecution.scala:64)
[2025-05-04T15:30:41.971+0000] {spark_submit.py:644} INFO - at org.apache.spark.sql.execution.QueryExecution$$anonfun$eagerlyExecuteCommands$1.applyOrElse(QueryExecution.scala:98)
[2025-05-04T15:30:41.971+0000] {spark_submit.py:644} INFO - at org.apache.spark.sql.execution.QueryExecution$$anonfun$eagerlyExecuteCommands$1.applyOrElse(QueryExecution.scala:94)
[2025-05-04T15:30:41.971+0000] {spark_submit.py:644} INFO - at org.apache.spark.sql.catalyst.trees.TreeNode.$anonfun$transformDownWithPruning$1(TreeNode.scala:584)
[2025-05-04T15:30:41.972+0000] {spark_submit.py:644} INFO - at org.apache.spark.sql.catalyst.trees.CurrentOrigin$.withOrigin(TreeNode.scala:176)
[2025-05-04T15:30:41.972+0000] {spark_submit.py:644} INFO - at org.apache.spark.sql.catalyst.trees.TreeNode.transformDownWithPruning(TreeNode.scala:584)
[2025-05-04T15:30:41.972+0000] {spark_submit.py:644} INFO - at org.apache.spark.sql.catalyst.plans.logical.LogicalPlan.org$apache$spark$sql$catalyst$plans$logical$AnalysisHelper$$super$transformDownWithPruning(LogicalPlan.scala:30)
[2025-05-04T15:30:41.972+0000] {spark_submit.py:644} INFO - at org.apache.spark.sql.catalyst.plans.logical.AnalysisHelper.transformDownWithPruning(AnalysisHelper.scala:267)
[2025-05-04T15:30:41.972+0000] {spark_submit.py:644} INFO - at org.apache.spark.sql.catalyst.plans.logical.AnalysisHelper.transformDownWithPruning$(AnalysisHelper.scala:263)
[2025-05-04T15:30:41.972+0000] {spark_submit.py:644} INFO - at org.apache.spark.sql.catalyst.plans.logical.LogicalPlan.transformDownWithPruning(LogicalPlan.scala:30)
[2025-05-04T15:30:41.972+0000] {spark_submit.py:644} INFO - at org.apache.spark.sql.catalyst.plans.logical.LogicalPlan.transformDownWithPruning(LogicalPlan.scala:30)
[2025-05-04T15:30:41.972+0000] {spark_submit.py:644} INFO - at org.apache.spark.sql.catalyst.trees.TreeNode.transformDown(TreeNode.scala:560)
[2025-05-04T15:30:41.972+0000] {spark_submit.py:644} INFO - at org.apache.spark.sql.execution.QueryExecution.eagerlyExecuteCommands(QueryExecution.scala:94)
[2025-05-04T15:30:41.973+0000] {spark_submit.py:644} INFO - at org.apache.spark.sql.execution.QueryExecution.commandExecuted$lzycompute(QueryExecution.scala:81)
[2025-05-04T15:30:41.973+0000] {spark_submit.py:644} INFO - at org.apache.spark.sql.execution.QueryExecution.commandExecuted(QueryExecution.scala:79)
[2025-05-04T15:30:41.973+0000] {spark_submit.py:644} INFO - at org.apache.spark.sql.execution.QueryExecution.assertCommandExecuted(QueryExecution.scala:116)
[2025-05-04T15:30:41.973+0000] {spark_submit.py:644} INFO - at org.apache.spark.sql.DataFrameWriter.runCommand(DataFrameWriter.scala:860)
[2025-05-04T15:30:41.973+0000] {spark_submit.py:644} INFO - at org.apache.spark.sql.DataFrameWriter.saveToV1Source(DataFrameWriter.scala:390)
[2025-05-04T15:30:41.973+0000] {spark_submit.py:644} INFO - at org.apache.spark.sql.DataFrameWriter.saveInternal(DataFrameWriter.scala:363)
[2025-05-04T15:30:41.973+0000] {spark_submit.py:644} INFO - at org.apache.spark.sql.DataFrameWriter.save(DataFrameWriter.scala:239)
[2025-05-04T15:30:41.973+0000] {spark_submit.py:644} INFO - at org.apache.spark.sql.DataFrameWriter.parquet(DataFrameWriter.scala:793)
[2025-05-04T15:30:41.973+0000] {spark_submit.py:644} INFO - at java.base/jdk.internal.reflect.NativeMethodAccessorImpl.invoke0(Native Method)
[2025-05-04T15:30:41.973+0000] {spark_submit.py:644} INFO - at java.base/jdk.internal.reflect.NativeMethodAccessorImpl.invoke(NativeMethodAccessorImpl.java:77)
[2025-05-04T15:30:41.974+0000] {spark_submit.py:644} INFO - at java.base/jdk.internal.reflect.DelegatingMethodAccessorImpl.invoke(DelegatingMethodAccessorImpl.java:43)
[2025-05-04T15:30:41.974+0000] {spark_submit.py:644} INFO - at java.base/java.lang.reflect.Method.invoke(Method.java:569)
[2025-05-04T15:30:41.974+0000] {spark_submit.py:644} INFO - at py4j.reflection.MethodInvoker.invoke(MethodInvoker.java:244)
[2025-05-04T15:30:41.974+0000] {spark_submit.py:644} INFO - at py4j.reflection.ReflectionEngine.invoke(ReflectionEngine.java:357)
[2025-05-04T15:30:41.974+0000] {spark_submit.py:644} INFO - at py4j.Gateway.invoke(Gateway.java:282)
[2025-05-04T15:30:41.974+0000] {spark_submit.py:644} INFO - at py4j.commands.AbstractCommand.invokeMethod(AbstractCommand.java:132)
[2025-05-04T15:30:41.974+0000] {spark_submit.py:644} INFO - at py4j.commands.CallCommand.execute(CallCommand.java:79)
[2025-05-04T15:30:41.974+0000] {spark_submit.py:644} INFO - at py4j.ClientServerConnection.waitForCommands(ClientServerConnection.java:182)
[2025-05-04T15:30:41.974+0000] {spark_submit.py:644} INFO - at py4j.ClientServerConnection.run(ClientServerConnection.java:106)
[2025-05-04T15:30:41.974+0000] {spark_submit.py:644} INFO - at java.base/java.lang.Thread.run(Thread.java:840)
[2025-05-04T15:30:41.974+0000] {spark_submit.py:644} INFO - Caused by: org.apache.spark.SparkException: Job aborted due to stage failure: Task 0 in stage 1.0 failed 4 times, most recent failure: Lost task 0.3 in stage 1.0 (TID 8) (172.18.0.7 executor 0): java.io.IOException: Cannot run program "/usr/local/bin/python3": error=2, No such file or directory
[2025-05-04T15:30:41.974+0000] {spark_submit.py:644} INFO - at java.lang.ProcessBuilder.start(ProcessBuilder.java:1048)
[2025-05-04T15:30:41.974+0000] {spark_submit.py:644} INFO - at org.apache.spark.api.python.PythonWorkerFactory.startDaemon(PythonWorkerFactory.scala:216)
[2025-05-04T15:30:41.975+0000] {spark_submit.py:644} INFO - at org.apache.spark.api.python.PythonWorkerFactory.createThroughDaemon(PythonWorkerFactory.scala:134)
[2025-05-04T15:30:41.975+0000] {spark_submit.py:644} INFO - at org.apache.spark.api.python.PythonWorkerFactory.create(PythonWorkerFactory.scala:107)
[2025-05-04T15:30:41.975+0000] {spark_submit.py:644} INFO - at org.apache.spark.SparkEnv.createPythonWorker(SparkEnv.scala:124)
[2025-05-04T15:30:41.975+0000] {spark_submit.py:644} INFO - at org.apache.spark.api.python.BasePythonRunner.compute(PythonRunner.scala:164)
[2025-05-04T15:30:41.975+0000] {spark_submit.py:644} INFO - at org.apache.spark.sql.execution.python.BatchEvalPythonExec.evaluate(BatchEvalPythonExec.scala:81)
[2025-05-04T15:30:41.975+0000] {spark_submit.py:644} INFO - at org.apache.spark.sql.execution.python.EvalPythonExec.$anonfun$doExecute$2(EvalPythonExec.scala:130)
[2025-05-04T15:30:41.975+0000] {spark_submit.py:644} INFO - at org.apache.spark.rdd.RDD.$anonfun$mapPartitions$2(RDD.scala:855)
[2025-05-04T15:30:41.975+0000] {spark_submit.py:644} INFO - at org.apache.spark.rdd.RDD.$anonfun$mapPartitions$2$adapted(RDD.scala:855)
[2025-05-04T15:30:41.975+0000] {spark_submit.py:644} INFO - at org.apache.spark.rdd.MapPartitionsRDD.compute(MapPartitionsRDD.scala:52)
[2025-05-04T15:30:41.975+0000] {spark_submit.py:644} INFO - at org.apache.spark.rdd.RDD.computeOrReadCheckpoint(RDD.scala:365)
[2025-05-04T15:30:41.975+0000] {spark_submit.py:644} INFO - at org.apache.spark.rdd.RDD.iterator(RDD.scala:329)
[2025-05-04T15:30:41.975+0000] {spark_submit.py:644} INFO - at org.apache.spark.rdd.MapPartitionsRDD.compute(MapPartitionsRDD.scala:52)
[2025-05-04T15:30:41.975+0000] {spark_submit.py:644} INFO - at org.apache.spark.rdd.RDD.computeOrReadCheckpoint(RDD.scala:365)
[2025-05-04T15:30:41.976+0000] {spark_submit.py:644} INFO - at org.apache.spark.rdd.RDD.iterator(RDD.scala:329)
[2025-05-04T15:30:41.976+0000] {spark_submit.py:644} INFO - at org.apache.spark.scheduler.ResultTask.runTask(ResultTask.scala:90)
[2025-05-04T15:30:41.976+0000] {spark_submit.py:644} INFO - at org.apache.spark.scheduler.Task.run(Task.scala:136)
[2025-05-04T15:30:41.976+0000] {spark_submit.py:644} INFO - at org.apache.spark.executor.Executor$TaskRunner.$anonfun$run$3(Executor.scala:548)
[2025-05-04T15:30:41.976+0000] {spark_submit.py:644} INFO - at org.apache.spark.util.Utils$.tryWithSafeFinally(Utils.scala:1504)
[2025-05-04T15:30:41.976+0000] {spark_submit.py:644} INFO - at org.apache.spark.executor.Executor$TaskRunner.run(Executor.scala:551)
[2025-05-04T15:30:41.976+0000] {spark_submit.py:644} INFO - at java.util.concurrent.ThreadPoolExecutor.runWorker(ThreadPoolExecutor.java:1149)
[2025-05-04T15:30:41.976+0000] {spark_submit.py:644} INFO - at java.util.concurrent.ThreadPoolExecutor$Worker.run(ThreadPoolExecutor.java:624)
[2025-05-04T15:30:41.976+0000] {spark_submit.py:644} INFO - at java.lang.Thread.run(Thread.java:748)
[2025-05-04T15:30:41.976+0000] {spark_submit.py:644} INFO - Caused by: java.io.IOException: error=2, No such file or directory
[2025-05-04T15:30:41.976+0000] {spark_submit.py:644} INFO - at java.lang.UNIXProcess.forkAndExec(Native Method)
[2025-05-04T15:30:41.976+0000] {spark_submit.py:644} INFO - at java.lang.UNIXProcess.<init>(UNIXProcess.java:247)
[2025-05-04T15:30:41.976+0000] {spark_submit.py:644} INFO - at java.lang.ProcessImpl.start(ProcessImpl.java:134)
[2025-05-04T15:30:41.976+0000] {spark_submit.py:644} INFO - at java.lang.ProcessBuilder.start(ProcessBuilder.java:1029)
[2025-05-04T15:30:41.976+0000] {spark_submit.py:644} INFO - ... 23 more
[2025-05-04T15:30:41.977+0000] {spark_submit.py:644} INFO - 
[2025-05-04T15:30:41.977+0000] {spark_submit.py:644} INFO - Driver stacktrace:
[2025-05-04T15:30:41.977+0000] {spark_submit.py:644} INFO - at org.apache.spark.scheduler.DAGScheduler.failJobAndIndependentStages(DAGScheduler.scala:2672)
[2025-05-04T15:30:41.977+0000] {spark_submit.py:644} INFO - at org.apache.spark.scheduler.DAGScheduler.$anonfun$abortStage$2(DAGScheduler.scala:2608)
[2025-05-04T15:30:41.977+0000] {spark_submit.py:644} INFO - at org.apache.spark.scheduler.DAGScheduler.$anonfun$abortStage$2$adapted(DAGScheduler.scala:2607)
[2025-05-04T15:30:41.977+0000] {spark_submit.py:644} INFO - at scala.collection.mutable.ResizableArray.foreach(ResizableArray.scala:62)
[2025-05-04T15:30:41.977+0000] {spark_submit.py:644} INFO - at scala.collection.mutable.ResizableArray.foreach$(ResizableArray.scala:55)
[2025-05-04T15:30:41.977+0000] {spark_submit.py:644} INFO - at scala.collection.mutable.ArrayBuffer.foreach(ArrayBuffer.scala:49)
[2025-05-04T15:30:41.977+0000] {spark_submit.py:644} INFO - at org.apache.spark.scheduler.DAGScheduler.abortStage(DAGScheduler.scala:2607)
[2025-05-04T15:30:41.977+0000] {spark_submit.py:644} INFO - at org.apache.spark.scheduler.DAGScheduler.$anonfun$handleTaskSetFailed$1(DAGScheduler.scala:1182)
[2025-05-04T15:30:41.977+0000] {spark_submit.py:644} INFO - at org.apache.spark.scheduler.DAGScheduler.$anonfun$handleTaskSetFailed$1$adapted(DAGScheduler.scala:1182)
[2025-05-04T15:30:41.978+0000] {spark_submit.py:644} INFO - at scala.Option.foreach(Option.scala:407)
[2025-05-04T15:30:41.978+0000] {spark_submit.py:644} INFO - at org.apache.spark.scheduler.DAGScheduler.handleTaskSetFailed(DAGScheduler.scala:1182)
[2025-05-04T15:30:41.978+0000] {spark_submit.py:644} INFO - at org.apache.spark.scheduler.DAGSchedulerEventProcessLoop.doOnReceive(DAGScheduler.scala:2860)
[2025-05-04T15:30:41.978+0000] {spark_submit.py:644} INFO - at org.apache.spark.scheduler.DAGSchedulerEventProcessLoop.onReceive(DAGScheduler.scala:2802)
[2025-05-04T15:30:41.978+0000] {spark_submit.py:644} INFO - at org.apache.spark.scheduler.DAGSchedulerEventProcessLoop.onReceive(DAGScheduler.scala:2791)
[2025-05-04T15:30:41.978+0000] {spark_submit.py:644} INFO - at org.apache.spark.util.EventLoop$$anon$1.run(EventLoop.scala:49)
[2025-05-04T15:30:41.978+0000] {spark_submit.py:644} INFO - at org.apache.spark.scheduler.DAGScheduler.runJob(DAGScheduler.scala:952)
[2025-05-04T15:30:41.978+0000] {spark_submit.py:644} INFO - at org.apache.spark.SparkContext.runJob(SparkContext.scala:2228)
[2025-05-04T15:30:41.978+0000] {spark_submit.py:644} INFO - at org.apache.spark.sql.execution.datasources.FileFormatWriter$.write(FileFormatWriter.scala:245)
[2025-05-04T15:30:41.978+0000] {spark_submit.py:644} INFO - ... 42 more
[2025-05-04T15:30:41.978+0000] {spark_submit.py:644} INFO - Caused by: java.io.IOException: Cannot run program "/usr/local/bin/python3": error=2, No such file or directory
[2025-05-04T15:30:41.978+0000] {spark_submit.py:644} INFO - at java.lang.ProcessBuilder.start(ProcessBuilder.java:1048)
[2025-05-04T15:30:41.978+0000] {spark_submit.py:644} INFO - at org.apache.spark.api.python.PythonWorkerFactory.startDaemon(PythonWorkerFactory.scala:216)
[2025-05-04T15:30:41.979+0000] {spark_submit.py:644} INFO - at org.apache.spark.api.python.PythonWorkerFactory.createThroughDaemon(PythonWorkerFactory.scala:134)
[2025-05-04T15:30:41.979+0000] {spark_submit.py:644} INFO - at org.apache.spark.api.python.PythonWorkerFactory.create(PythonWorkerFactory.scala:107)
[2025-05-04T15:30:41.979+0000] {spark_submit.py:644} INFO - at org.apache.spark.SparkEnv.createPythonWorker(SparkEnv.scala:124)
[2025-05-04T15:30:41.979+0000] {spark_submit.py:644} INFO - at org.apache.spark.api.python.BasePythonRunner.compute(PythonRunner.scala:164)
[2025-05-04T15:30:41.979+0000] {spark_submit.py:644} INFO - at org.apache.spark.sql.execution.python.BatchEvalPythonExec.evaluate(BatchEvalPythonExec.scala:81)
[2025-05-04T15:30:41.979+0000] {spark_submit.py:644} INFO - at org.apache.spark.sql.execution.python.EvalPythonExec.$anonfun$doExecute$2(EvalPythonExec.scala:130)
[2025-05-04T15:30:41.979+0000] {spark_submit.py:644} INFO - at org.apache.spark.rdd.RDD.$anonfun$mapPartitions$2(RDD.scala:855)
[2025-05-04T15:30:41.979+0000] {spark_submit.py:644} INFO - at org.apache.spark.rdd.RDD.$anonfun$mapPartitions$2$adapted(RDD.scala:855)
[2025-05-04T15:30:41.979+0000] {spark_submit.py:644} INFO - at org.apache.spark.rdd.MapPartitionsRDD.compute(MapPartitionsRDD.scala:52)
[2025-05-04T15:30:41.979+0000] {spark_submit.py:644} INFO - at org.apache.spark.rdd.RDD.computeOrReadCheckpoint(RDD.scala:365)
[2025-05-04T15:30:41.979+0000] {spark_submit.py:644} INFO - at org.apache.spark.rdd.RDD.iterator(RDD.scala:329)
[2025-05-04T15:30:41.980+0000] {spark_submit.py:644} INFO - at org.apache.spark.rdd.MapPartitionsRDD.compute(MapPartitionsRDD.scala:52)
[2025-05-04T15:30:41.980+0000] {spark_submit.py:644} INFO - at org.apache.spark.rdd.RDD.computeOrReadCheckpoint(RDD.scala:365)
[2025-05-04T15:30:41.980+0000] {spark_submit.py:644} INFO - at org.apache.spark.rdd.RDD.iterator(RDD.scala:329)
[2025-05-04T15:30:41.980+0000] {spark_submit.py:644} INFO - at org.apache.spark.scheduler.ResultTask.runTask(ResultTask.scala:90)
[2025-05-04T15:30:41.980+0000] {spark_submit.py:644} INFO - at org.apache.spark.scheduler.Task.run(Task.scala:136)
[2025-05-04T15:30:41.980+0000] {spark_submit.py:644} INFO - at org.apache.spark.executor.Executor$TaskRunner.$anonfun$run$3(Executor.scala:548)
[2025-05-04T15:30:41.980+0000] {spark_submit.py:644} INFO - at org.apache.spark.util.Utils$.tryWithSafeFinally(Utils.scala:1504)
[2025-05-04T15:30:41.980+0000] {spark_submit.py:644} INFO - at org.apache.spark.executor.Executor$TaskRunner.run(Executor.scala:551)
[2025-05-04T15:30:41.980+0000] {spark_submit.py:644} INFO - at java.util.concurrent.ThreadPoolExecutor.runWorker(ThreadPoolExecutor.java:1149)
[2025-05-04T15:30:41.980+0000] {spark_submit.py:644} INFO - at java.util.concurrent.ThreadPoolExecutor$Worker.run(ThreadPoolExecutor.java:624)
[2025-05-04T15:30:41.980+0000] {spark_submit.py:644} INFO - at java.lang.Thread.run(Thread.java:748)
[2025-05-04T15:30:41.980+0000] {spark_submit.py:644} INFO - Caused by: java.io.IOException: error=2, No such file or directory
[2025-05-04T15:30:41.980+0000] {spark_submit.py:644} INFO - at java.lang.UNIXProcess.forkAndExec(Native Method)
[2025-05-04T15:30:41.981+0000] {spark_submit.py:644} INFO - at java.lang.UNIXProcess.<init>(UNIXProcess.java:247)
[2025-05-04T15:30:41.981+0000] {spark_submit.py:644} INFO - at java.lang.ProcessImpl.start(ProcessImpl.java:134)
[2025-05-04T15:30:41.981+0000] {spark_submit.py:644} INFO - at java.lang.ProcessBuilder.start(ProcessBuilder.java:1029)
[2025-05-04T15:30:41.981+0000] {spark_submit.py:644} INFO - ... 23 more
[2025-05-04T15:30:41.981+0000] {spark_submit.py:644} INFO - 
[2025-05-04T15:30:42.000+0000] {spark_submit.py:644} INFO - 25/05/04 15:30:42 INFO SparkContext: Invoking stop() from shutdown hook
[2025-05-04T15:30:42.008+0000] {spark_submit.py:644} INFO - 25/05/04 15:30:42 INFO SparkUI: Stopped Spark web UI at http://a35c91e75803:4040
[2025-05-04T15:30:42.011+0000] {spark_submit.py:644} INFO - 25/05/04 15:30:42 INFO StandaloneSchedulerBackend: Shutting down all executors
[2025-05-04T15:30:42.011+0000] {spark_submit.py:644} INFO - 25/05/04 15:30:42 INFO CoarseGrainedSchedulerBackend$DriverEndpoint: Asking each executor to shut down
[2025-05-04T15:30:42.028+0000] {spark_submit.py:644} INFO - 25/05/04 15:30:42 INFO MapOutputTrackerMasterEndpoint: MapOutputTrackerMasterEndpoint stopped!
[2025-05-04T15:30:42.048+0000] {spark_submit.py:644} INFO - 25/05/04 15:30:42 INFO MemoryStore: MemoryStore cleared
[2025-05-04T15:30:42.049+0000] {spark_submit.py:644} INFO - 25/05/04 15:30:42 INFO BlockManager: BlockManager stopped
[2025-05-04T15:30:42.053+0000] {spark_submit.py:644} INFO - 25/05/04 15:30:42 INFO BlockManagerMaster: BlockManagerMaster stopped
[2025-05-04T15:30:42.055+0000] {spark_submit.py:644} INFO - 25/05/04 15:30:42 INFO OutputCommitCoordinator$OutputCommitCoordinatorEndpoint: OutputCommitCoordinator stopped!
[2025-05-04T15:30:42.068+0000] {spark_submit.py:644} INFO - 25/05/04 15:30:42 INFO SparkContext: Successfully stopped SparkContext
[2025-05-04T15:30:42.068+0000] {spark_submit.py:644} INFO - 25/05/04 15:30:42 INFO ShutdownHookManager: Shutdown hook called
[2025-05-04T15:30:42.072+0000] {spark_submit.py:644} INFO - 25/05/04 15:30:42 INFO ShutdownHookManager: Deleting directory /tmp/spark-9148aaa2-bf1e-402e-ad19-ec1048b2a416
[2025-05-04T15:30:42.077+0000] {spark_submit.py:644} INFO - 25/05/04 15:30:42 INFO ShutdownHookManager: Deleting directory /tmp/spark-1b49b0af-33a6-4482-bfd5-542e04821937
[2025-05-04T15:30:42.081+0000] {spark_submit.py:644} INFO - 25/05/04 15:30:42 INFO ShutdownHookManager: Deleting directory /tmp/spark-1b49b0af-33a6-4482-bfd5-542e04821937/pyspark-c2760821-85bd-4ae6-8517-65decb40a8f3
[2025-05-04T15:30:42.115+0000] {taskinstance.py:441} INFO - ::group::Post task execution logs
[2025-05-04T15:30:42.148+0000] {taskinstance.py:2905} ERROR - Task failed with exception
Traceback (most recent call last):
  File "/home/airflow/.local/lib/python3.10/site-packages/airflow/models/taskinstance.py", line 465, in _execute_task
    result = _execute_callable(context=context, **execute_callable_kwargs)
  File "/home/airflow/.local/lib/python3.10/site-packages/airflow/models/taskinstance.py", line 432, in _execute_callable
    return execute_callable(context=context, **execute_callable_kwargs)
  File "/home/airflow/.local/lib/python3.10/site-packages/airflow/models/baseoperator.py", line 400, in wrapper
    return func(self, *args, **kwargs)
  File "/home/airflow/.local/lib/python3.10/site-packages/airflow/providers/apache/spark/operators/spark_submit.py", line 197, in execute
    self._hook.submit(self.application)
  File "/home/airflow/.local/lib/python3.10/site-packages/airflow/providers/apache/spark/hooks/spark_submit.py", line 566, in submit
    raise AirflowException(
airflow.exceptions.AirflowException: Cannot execute: spark-submit --master spark://spark-master:7077 --conf spark.master=spark://spark-master:7077 --conf spark.pyspark.python=/usr/local/bin/python3 --conf spark.executorEnv.PYSPARK_PYTHON=/usr/local/bin/python3 --name BronzeToSilver --verbose --queue root.default --deploy-mode client /opt/airflow/dags/bronze_to_silver.py. Error code is: 1.
[2025-05-04T15:30:42.152+0000] {taskinstance.py:1206} INFO - Marking task as FAILED. dag_id=final_project_BBDL, task_id=BronzeToSilver, run_id=manual__2025-05-04T15:30:06.411644+00:00, execution_date=20250504T153006, start_date=20250504T153029, end_date=20250504T153042
[2025-05-04T15:30:42.186+0000] {standard_task_runner.py:110} ERROR - Failed to execute job 9 for task BronzeToSilver (Cannot execute: spark-submit --master spark://spark-master:7077 --conf spark.master=spark://spark-master:7077 --conf spark.pyspark.python=/usr/local/bin/python3 --conf spark.executorEnv.PYSPARK_PYTHON=/usr/local/bin/python3 --name BronzeToSilver --verbose --queue root.default --deploy-mode client /opt/airflow/dags/bronze_to_silver.py. Error code is: 1.; 577)
[2025-05-04T15:30:42.235+0000] {local_task_job_runner.py:240} INFO - Task exited with return code 1
[2025-05-04T15:30:42.281+0000] {taskinstance.py:3498} INFO - 0 downstream tasks scheduled from follow-on schedule check
[2025-05-04T15:30:42.308+0000] {local_task_job_runner.py:222} INFO - ::endgroup::
