[2025-05-03T15:35:31.238+0000] {local_task_job_runner.py:120} INFO - ::group::Pre task execution logs
[2025-05-03T15:35:31.290+0000] {taskinstance.py:2076} INFO - Dependencies all met for dep_context=non-requeueable deps ti=<TaskInstance: final_project_BBDL.BronzeToSilver manual__2025-05-03T15:35:07.372720+00:00 [queued]>
[2025-05-03T15:35:31.299+0000] {taskinstance.py:2076} INFO - Dependencies all met for dep_context=requeueable deps ti=<TaskInstance: final_project_BBDL.BronzeToSilver manual__2025-05-03T15:35:07.372720+00:00 [queued]>
[2025-05-03T15:35:31.299+0000] {taskinstance.py:2306} INFO - Starting attempt 1 of 1
[2025-05-03T15:35:31.343+0000] {taskinstance.py:2330} INFO - Executing <Task(SparkSubmitOperator): BronzeToSilver> on 2025-05-03 15:35:07.372720+00:00
[2025-05-03T15:35:31.347+0000] {standard_task_runner.py:63} INFO - Started process 2277 to run task
[2025-05-03T15:35:31.350+0000] {standard_task_runner.py:90} INFO - Running: ['airflow', 'tasks', 'run', 'final_project_BBDL', 'BronzeToSilver', 'manual__2025-05-03T15:35:07.372720+00:00', '--job-id', '49', '--raw', '--subdir', 'DAGS_FOLDER/project_solution.py', '--cfg-path', '/tmp/tmp082enb5v']
[2025-05-03T15:35:31.352+0000] {standard_task_runner.py:91} INFO - Job 49: Subtask BronzeToSilver
[2025-05-03T15:35:31.422+0000] {logging_mixin.py:188} WARNING - /home/airflow/.local/lib/python3.10/site-packages/airflow/settings.py:195 DeprecationWarning: The sql_alchemy_conn option in [core] has been moved to the sql_alchemy_conn option in [database] - the old setting has been used, but please update your config.
[2025-05-03T15:35:31.516+0000] {task_command.py:426} INFO - Running <TaskInstance: final_project_BBDL.BronzeToSilver manual__2025-05-03T15:35:07.372720+00:00 [running]> on host fc9aa3bec43b
[2025-05-03T15:35:31.745+0000] {taskinstance.py:2648} INFO - Exporting env vars: AIRFLOW_CTX_DAG_OWNER='airflow' AIRFLOW_CTX_DAG_ID='final_project_BBDL' AIRFLOW_CTX_TASK_ID='BronzeToSilver' AIRFLOW_CTX_EXECUTION_DATE='2025-05-03T15:35:07.372720+00:00' AIRFLOW_CTX_TRY_NUMBER='1' AIRFLOW_CTX_DAG_RUN_ID='manual__2025-05-03T15:35:07.372720+00:00'
[2025-05-03T15:35:31.746+0000] {taskinstance.py:430} INFO - ::endgroup::
[2025-05-03T15:35:31.796+0000] {base.py:84} INFO - Using connection ID 'spark_default' for task execution.
[2025-05-03T15:35:31.797+0000] {spark_submit.py:328} ERROR - Failed to decode base64 keytab: Invalid base64-encoded string: number of data characters (5) cannot be 1 more than a multiple of 4
[2025-05-03T15:35:31.797+0000] {spark_submit.py:305} INFO - Could not load connection string spark_default, defaulting to spark://spark-master:7077
[2025-05-03T15:35:31.798+0000] {spark_submit.py:474} INFO - Spark-Submit cmd: spark-submit --master spark://spark-master:7077 --conf spark.master=spark://spark-master:7077 --name BronzeToSilver --verbose --queue root.default --deploy-mode client /opt/airflow/dags/bronze_to_silver.py
[2025-05-03T15:35:32.933+0000] {spark_submit.py:644} INFO - Using properties file: null
[2025-05-03T15:35:33.027+0000] {spark_submit.py:644} INFO - Parsed arguments:
[2025-05-03T15:35:33.027+0000] {spark_submit.py:644} INFO - master                  spark://spark-master:7077
[2025-05-03T15:35:33.027+0000] {spark_submit.py:644} INFO - deployMode              client
[2025-05-03T15:35:33.027+0000] {spark_submit.py:644} INFO - executorMemory          null
[2025-05-03T15:35:33.027+0000] {spark_submit.py:644} INFO - executorCores           null
[2025-05-03T15:35:33.027+0000] {spark_submit.py:644} INFO - totalExecutorCores      null
[2025-05-03T15:35:33.028+0000] {spark_submit.py:644} INFO - propertiesFile          null
[2025-05-03T15:35:33.028+0000] {spark_submit.py:644} INFO - driverMemory            null
[2025-05-03T15:35:33.028+0000] {spark_submit.py:644} INFO - driverCores             null
[2025-05-03T15:35:33.028+0000] {spark_submit.py:644} INFO - driverExtraClassPath    null
[2025-05-03T15:35:33.028+0000] {spark_submit.py:644} INFO - driverExtraLibraryPath  null
[2025-05-03T15:35:33.028+0000] {spark_submit.py:644} INFO - driverExtraJavaOptions  null
[2025-05-03T15:35:33.028+0000] {spark_submit.py:644} INFO - supervise               false
[2025-05-03T15:35:33.028+0000] {spark_submit.py:644} INFO - queue                   root.default
[2025-05-03T15:35:33.028+0000] {spark_submit.py:644} INFO - numExecutors            null
[2025-05-03T15:35:33.028+0000] {spark_submit.py:644} INFO - files                   null
[2025-05-03T15:35:33.028+0000] {spark_submit.py:644} INFO - pyFiles                 null
[2025-05-03T15:35:33.029+0000] {spark_submit.py:644} INFO - archives                null
[2025-05-03T15:35:33.029+0000] {spark_submit.py:644} INFO - mainClass               null
[2025-05-03T15:35:33.029+0000] {spark_submit.py:644} INFO - primaryResource         file:/opt/airflow/dags/bronze_to_silver.py
[2025-05-03T15:35:33.029+0000] {spark_submit.py:644} INFO - name                    BronzeToSilver
[2025-05-03T15:35:33.029+0000] {spark_submit.py:644} INFO - childArgs               []
[2025-05-03T15:35:33.029+0000] {spark_submit.py:644} INFO - jars                    null
[2025-05-03T15:35:33.029+0000] {spark_submit.py:644} INFO - packages                null
[2025-05-03T15:35:33.029+0000] {spark_submit.py:644} INFO - packagesExclusions      null
[2025-05-03T15:35:33.029+0000] {spark_submit.py:644} INFO - repositories            null
[2025-05-03T15:35:33.029+0000] {spark_submit.py:644} INFO - verbose                 true
[2025-05-03T15:35:33.029+0000] {spark_submit.py:644} INFO - 
[2025-05-03T15:35:33.030+0000] {spark_submit.py:644} INFO - Spark properties used, including those specified through
[2025-05-03T15:35:33.030+0000] {spark_submit.py:644} INFO - --conf and those from the properties file null:
[2025-05-03T15:35:33.030+0000] {spark_submit.py:644} INFO - (spark.master,spark://spark-master:7077)
[2025-05-03T15:35:33.030+0000] {spark_submit.py:644} INFO - 
[2025-05-03T15:35:33.030+0000] {spark_submit.py:644} INFO - 
[2025-05-03T15:35:33.360+0000] {spark_submit.py:644} INFO - Main class:
[2025-05-03T15:35:33.360+0000] {spark_submit.py:644} INFO - org.apache.spark.deploy.PythonRunner
[2025-05-03T15:35:33.361+0000] {spark_submit.py:644} INFO - Arguments:
[2025-05-03T15:35:33.361+0000] {spark_submit.py:644} INFO - file:/opt/airflow/dags/bronze_to_silver.py
[2025-05-03T15:35:33.361+0000] {spark_submit.py:644} INFO - null
[2025-05-03T15:35:33.365+0000] {spark_submit.py:644} INFO - Spark config:
[2025-05-03T15:35:33.365+0000] {spark_submit.py:644} INFO - (spark.app.name,BronzeToSilver)
[2025-05-03T15:35:33.365+0000] {spark_submit.py:644} INFO - (spark.app.submitTime,1746286533343)
[2025-05-03T15:35:33.365+0000] {spark_submit.py:644} INFO - (spark.master,spark://spark-master:7077)
[2025-05-03T15:35:33.366+0000] {spark_submit.py:644} INFO - (spark.submit.deployMode,client)
[2025-05-03T15:35:33.366+0000] {spark_submit.py:644} INFO - (spark.submit.pyFiles,)
[2025-05-03T15:35:33.366+0000] {spark_submit.py:644} INFO - Classpath elements:
[2025-05-03T15:35:33.366+0000] {spark_submit.py:644} INFO - 
[2025-05-03T15:35:33.366+0000] {spark_submit.py:644} INFO - 
[2025-05-03T15:35:33.367+0000] {spark_submit.py:644} INFO - 
[2025-05-03T15:35:34.003+0000] {spark_submit.py:644} INFO - 25/05/03 15:35:34 INFO SparkContext: Running Spark version 3.3.0
[2025-05-03T15:35:34.061+0000] {spark_submit.py:644} INFO - 25/05/03 15:35:34 WARN NativeCodeLoader: Unable to load native-hadoop library for your platform... using builtin-java classes where applicable
[2025-05-03T15:35:34.164+0000] {spark_submit.py:644} INFO - 25/05/03 15:35:34 INFO ResourceUtils: ==============================================================
[2025-05-03T15:35:34.165+0000] {spark_submit.py:644} INFO - 25/05/03 15:35:34 INFO ResourceUtils: No custom resources configured for spark.driver.
[2025-05-03T15:35:34.165+0000] {spark_submit.py:644} INFO - 25/05/03 15:35:34 INFO ResourceUtils: ==============================================================
[2025-05-03T15:35:34.166+0000] {spark_submit.py:644} INFO - 25/05/03 15:35:34 INFO SparkContext: Submitted application: BronzeToSilver
[2025-05-03T15:35:34.191+0000] {spark_submit.py:644} INFO - 25/05/03 15:35:34 INFO ResourceProfile: Default ResourceProfile created, executor resources: Map(cores -> name: cores, amount: 1, script: , vendor: , memory -> name: memory, amount: 1024, script: , vendor: , offHeap -> name: offHeap, amount: 0, script: , vendor: ), task resources: Map(cpus -> name: cpus, amount: 1.0)
[2025-05-03T15:35:34.200+0000] {spark_submit.py:644} INFO - 25/05/03 15:35:34 INFO ResourceProfile: Limiting resource is cpu
[2025-05-03T15:35:34.202+0000] {spark_submit.py:644} INFO - 25/05/03 15:35:34 INFO ResourceProfileManager: Added ResourceProfile id: 0
[2025-05-03T15:35:34.252+0000] {spark_submit.py:644} INFO - 25/05/03 15:35:34 INFO SecurityManager: Changing view acls to: root
[2025-05-03T15:35:34.253+0000] {spark_submit.py:644} INFO - 25/05/03 15:35:34 INFO SecurityManager: Changing modify acls to: root
[2025-05-03T15:35:34.253+0000] {spark_submit.py:644} INFO - 25/05/03 15:35:34 INFO SecurityManager: Changing view acls groups to:
[2025-05-03T15:35:34.254+0000] {spark_submit.py:644} INFO - 25/05/03 15:35:34 INFO SecurityManager: Changing modify acls groups to:
[2025-05-03T15:35:34.254+0000] {spark_submit.py:644} INFO - 25/05/03 15:35:34 INFO SecurityManager: SecurityManager: authentication disabled; ui acls disabled; users  with view permissions: Set(root); groups with view permissions: Set(); users  with modify permissions: Set(root); groups with modify permissions: Set()
[2025-05-03T15:35:34.478+0000] {spark_submit.py:644} INFO - 25/05/03 15:35:34 INFO Utils: Successfully started service 'sparkDriver' on port 44111.
[2025-05-03T15:35:34.511+0000] {spark_submit.py:644} INFO - 25/05/03 15:35:34 INFO SparkEnv: Registering MapOutputTracker
[2025-05-03T15:35:34.542+0000] {spark_submit.py:644} INFO - 25/05/03 15:35:34 INFO SparkEnv: Registering BlockManagerMaster
[2025-05-03T15:35:34.560+0000] {spark_submit.py:644} INFO - 25/05/03 15:35:34 INFO BlockManagerMasterEndpoint: Using org.apache.spark.storage.DefaultTopologyMapper for getting topology information
[2025-05-03T15:35:34.561+0000] {spark_submit.py:644} INFO - 25/05/03 15:35:34 INFO BlockManagerMasterEndpoint: BlockManagerMasterEndpoint up
[2025-05-03T15:35:34.566+0000] {spark_submit.py:644} INFO - 25/05/03 15:35:34 INFO SparkEnv: Registering BlockManagerMasterHeartbeat
[2025-05-03T15:35:34.587+0000] {spark_submit.py:644} INFO - 25/05/03 15:35:34 INFO DiskBlockManager: Created local directory at /tmp/blockmgr-27938af7-0e73-4e4d-99cb-6a3c08ee0061
[2025-05-03T15:35:34.606+0000] {spark_submit.py:644} INFO - 25/05/03 15:35:34 INFO MemoryStore: MemoryStore started with capacity 434.4 MiB
[2025-05-03T15:35:34.620+0000] {spark_submit.py:644} INFO - 25/05/03 15:35:34 INFO SparkEnv: Registering OutputCommitCoordinator
[2025-05-03T15:35:34.795+0000] {spark_submit.py:644} INFO - 25/05/03 15:35:34 INFO Utils: Successfully started service 'SparkUI' on port 4040.
[2025-05-03T15:35:34.932+0000] {spark_submit.py:644} INFO - 25/05/03 15:35:34 INFO StandaloneAppClient$ClientEndpoint: Connecting to master spark://spark-master:7077...
[2025-05-03T15:35:34.979+0000] {spark_submit.py:644} INFO - 25/05/03 15:35:34 INFO TransportClientFactory: Successfully created connection to spark-master/172.19.0.2:7077 after 25 ms (0 ms spent in bootstraps)
[2025-05-03T15:35:35.062+0000] {spark_submit.py:644} INFO - 25/05/03 15:35:35 INFO StandaloneSchedulerBackend: Connected to Spark cluster with app ID app-20250503153535-0005
[2025-05-03T15:35:35.069+0000] {spark_submit.py:644} INFO - 25/05/03 15:35:35 INFO StandaloneAppClient$ClientEndpoint: Executor added: app-20250503153535-0005/0 on worker-20250503145210-172.19.0.5-44931 (172.19.0.5:44931) with 2 core(s)
[2025-05-03T15:35:35.071+0000] {spark_submit.py:644} INFO - 25/05/03 15:35:35 INFO StandaloneSchedulerBackend: Granted executor ID app-20250503153535-0005/0 on hostPort 172.19.0.5:44931 with 2 core(s), 1024.0 MiB RAM
[2025-05-03T15:35:35.073+0000] {spark_submit.py:644} INFO - 25/05/03 15:35:35 INFO Utils: Successfully started service 'org.apache.spark.network.netty.NettyBlockTransferService' on port 41481.
[2025-05-03T15:35:35.074+0000] {spark_submit.py:644} INFO - 25/05/03 15:35:35 INFO NettyBlockTransferService: Server created on fc9aa3bec43b:41481
[2025-05-03T15:35:35.076+0000] {spark_submit.py:644} INFO - 25/05/03 15:35:35 INFO BlockManager: Using org.apache.spark.storage.RandomBlockReplicationPolicy for block replication policy
[2025-05-03T15:35:35.084+0000] {spark_submit.py:644} INFO - 25/05/03 15:35:35 INFO BlockManagerMaster: Registering BlockManager BlockManagerId(driver, fc9aa3bec43b, 41481, None)
[2025-05-03T15:35:35.088+0000] {spark_submit.py:644} INFO - 25/05/03 15:35:35 INFO BlockManagerMasterEndpoint: Registering block manager fc9aa3bec43b:41481 with 434.4 MiB RAM, BlockManagerId(driver, fc9aa3bec43b, 41481, None)
[2025-05-03T15:35:35.090+0000] {spark_submit.py:644} INFO - 25/05/03 15:35:35 INFO BlockManagerMaster: Registered BlockManager BlockManagerId(driver, fc9aa3bec43b, 41481, None)
[2025-05-03T15:35:35.092+0000] {spark_submit.py:644} INFO - 25/05/03 15:35:35 INFO BlockManager: Initialized BlockManager: BlockManagerId(driver, fc9aa3bec43b, 41481, None)
[2025-05-03T15:35:35.119+0000] {spark_submit.py:644} INFO - 25/05/03 15:35:35 INFO StandaloneAppClient$ClientEndpoint: Executor updated: app-20250503153535-0005/0 is now RUNNING
[2025-05-03T15:35:35.318+0000] {spark_submit.py:644} INFO - 25/05/03 15:35:35 INFO StandaloneSchedulerBackend: SchedulerBackend is ready for scheduling beginning after reached minRegisteredResourcesRatio: 0.0
[2025-05-03T15:35:35.535+0000] {spark_submit.py:644} INFO - 2025-05-03 15:35:35,534 [INFO] 📂 Обрано останню піддиректорію: /tmp/spark_data/bronze/athlete_bio/_temporary
[2025-05-03T15:35:35.592+0000] {spark_submit.py:644} INFO - 25/05/03 15:35:35 INFO SharedState: Setting hive.metastore.warehouse.dir ('null') to the value of spark.sql.warehouse.dir.
[2025-05-03T15:35:35.599+0000] {spark_submit.py:644} INFO - 25/05/03 15:35:35 INFO SharedState: Warehouse path is 'file:/opt/airflow/spark-warehouse'.
[2025-05-03T15:35:36.256+0000] {spark_submit.py:644} INFO - 25/05/03 15:35:36 WARN DataSource: All paths were ignored:
[2025-05-03T15:35:36.256+0000] {spark_submit.py:644} INFO - file:/tmp/spark_data/bronze/athlete_bio/_temporary
[2025-05-03T15:35:36.314+0000] {spark_submit.py:644} INFO - 25/05/03 15:35:36 INFO InMemoryFileIndex: It took 47 ms to list leaf files for 1 paths.
[2025-05-03T15:35:36.801+0000] {spark_submit.py:644} INFO - 25/05/03 15:35:36 INFO SparkContext: Starting job: load at NativeMethodAccessorImpl.java:0
[2025-05-03T15:35:36.820+0000] {spark_submit.py:644} INFO - 25/05/03 15:35:36 INFO DAGScheduler: Got job 0 (load at NativeMethodAccessorImpl.java:0) with 1 output partitions
[2025-05-03T15:35:36.821+0000] {spark_submit.py:644} INFO - 25/05/03 15:35:36 INFO DAGScheduler: Final stage: ResultStage 0 (load at NativeMethodAccessorImpl.java:0)
[2025-05-03T15:35:36.821+0000] {spark_submit.py:644} INFO - 25/05/03 15:35:36 INFO DAGScheduler: Parents of final stage: List()
[2025-05-03T15:35:36.823+0000] {spark_submit.py:644} INFO - 25/05/03 15:35:36 INFO DAGScheduler: Missing parents: List()
[2025-05-03T15:35:36.827+0000] {spark_submit.py:644} INFO - 25/05/03 15:35:36 INFO DAGScheduler: Submitting ResultStage 0 (MapPartitionsRDD[1] at load at NativeMethodAccessorImpl.java:0), which has no missing parents
[2025-05-03T15:35:36.880+0000] {spark_submit.py:644} INFO - 25/05/03 15:35:36 INFO MemoryStore: Block broadcast_0 stored as values in memory (estimated size 102.6 KiB, free 434.3 MiB)
[2025-05-03T15:35:36.909+0000] {spark_submit.py:644} INFO - 25/05/03 15:35:36 INFO MemoryStore: Block broadcast_0_piece0 stored as bytes in memory (estimated size 36.8 KiB, free 434.3 MiB)
[2025-05-03T15:35:36.913+0000] {spark_submit.py:644} INFO - 25/05/03 15:35:36 INFO BlockManagerInfo: Added broadcast_0_piece0 in memory on fc9aa3bec43b:41481 (size: 36.8 KiB, free: 434.4 MiB)
[2025-05-03T15:35:36.919+0000] {spark_submit.py:644} INFO - 25/05/03 15:35:36 INFO SparkContext: Created broadcast 0 from broadcast at DAGScheduler.scala:1513
[2025-05-03T15:35:36.947+0000] {spark_submit.py:644} INFO - 25/05/03 15:35:36 INFO DAGScheduler: Submitting 1 missing tasks from ResultStage 0 (MapPartitionsRDD[1] at load at NativeMethodAccessorImpl.java:0) (first 15 tasks are for partitions Vector(0))
[2025-05-03T15:35:36.948+0000] {spark_submit.py:644} INFO - 25/05/03 15:35:36 INFO TaskSchedulerImpl: Adding task set 0.0 with 1 tasks resource profile 0
[2025-05-03T15:35:38.249+0000] {spark_submit.py:644} INFO - 25/05/03 15:35:38 INFO CoarseGrainedSchedulerBackend$DriverEndpoint: Registered executor NettyRpcEndpointRef(spark-client://Executor) (172.19.0.5:33712) with ID 0,  ResourceProfileId 0
[2025-05-03T15:35:38.334+0000] {spark_submit.py:644} INFO - 25/05/03 15:35:38 INFO BlockManagerMasterEndpoint: Registering block manager 172.19.0.5:42375 with 366.3 MiB RAM, BlockManagerId(0, 172.19.0.5, 42375, None)
[2025-05-03T15:35:38.393+0000] {spark_submit.py:644} INFO - 25/05/03 15:35:38 INFO TaskSetManager: Starting task 0.0 in stage 0.0 (TID 0) (172.19.0.5, executor 0, partition 0, PROCESS_LOCAL, 4449 bytes) taskResourceAssignments Map()
[2025-05-03T15:35:38.628+0000] {spark_submit.py:644} INFO - 25/05/03 15:35:38 INFO BlockManagerInfo: Added broadcast_0_piece0 in memory on 172.19.0.5:42375 (size: 36.8 KiB, free: 366.3 MiB)
[2025-05-03T15:35:39.206+0000] {spark_submit.py:644} INFO - 25/05/03 15:35:39 INFO TaskSetManager: Finished task 0.0 in stage 0.0 (TID 0) in 823 ms on 172.19.0.5 (executor 0) (1/1)
[2025-05-03T15:35:39.207+0000] {spark_submit.py:644} INFO - 25/05/03 15:35:39 INFO TaskSchedulerImpl: Removed TaskSet 0.0, whose tasks have all completed, from pool
[2025-05-03T15:35:39.212+0000] {spark_submit.py:644} INFO - 25/05/03 15:35:39 INFO DAGScheduler: ResultStage 0 (load at NativeMethodAccessorImpl.java:0) finished in 2.371 s
[2025-05-03T15:35:39.215+0000] {spark_submit.py:644} INFO - 25/05/03 15:35:39 INFO DAGScheduler: Job 0 is finished. Cancelling potential speculative or zombie tasks for this job
[2025-05-03T15:35:39.216+0000] {spark_submit.py:644} INFO - 25/05/03 15:35:39 INFO TaskSchedulerImpl: Killing all running tasks in stage 0: Stage finished
[2025-05-03T15:35:39.218+0000] {spark_submit.py:644} INFO - 25/05/03 15:35:39 INFO DAGScheduler: Job 0 finished: load at NativeMethodAccessorImpl.java:0, took 2.416110 s
[2025-05-03T15:35:39.239+0000] {spark_submit.py:644} INFO - Traceback (most recent call last):
[2025-05-03T15:35:39.239+0000] {spark_submit.py:644} INFO - File "/opt/airflow/dags/bronze_to_silver.py", line 52, in <module>
[2025-05-03T15:35:39.239+0000] {spark_submit.py:644} INFO - main()
[2025-05-03T15:35:39.239+0000] {spark_submit.py:644} INFO - File "/opt/airflow/dags/bronze_to_silver.py", line 47, in main
[2025-05-03T15:35:39.239+0000] {spark_submit.py:644} INFO - process_table(spark, bronze_path, silver_path, table)
[2025-05-03T15:35:39.239+0000] {spark_submit.py:644} INFO - File "/opt/airflow/dags/bronze_to_silver.py", line 28, in process_table
[2025-05-03T15:35:39.239+0000] {spark_submit.py:644} INFO - df = spark.read.format("parquet").load(str(latest_bronze_dir))
[2025-05-03T15:35:39.239+0000] {spark_submit.py:644} INFO - File "/home/airflow/.local/lib/python3.10/site-packages/pyspark/python/lib/pyspark.zip/pyspark/sql/readwriter.py", line 177, in load
[2025-05-03T15:35:39.240+0000] {spark_submit.py:644} INFO - File "/home/airflow/.local/lib/python3.10/site-packages/pyspark/python/lib/py4j-0.10.9.5-src.zip/py4j/java_gateway.py", line 1321, in __call__
[2025-05-03T15:35:39.240+0000] {spark_submit.py:644} INFO - File "/home/airflow/.local/lib/python3.10/site-packages/pyspark/python/lib/pyspark.zip/pyspark/sql/utils.py", line 196, in deco
[2025-05-03T15:35:39.244+0000] {spark_submit.py:644} INFO - pyspark.sql.utils.AnalysisException: Unable to infer schema for Parquet. It must be specified manually.
[2025-05-03T15:35:39.244+0000] {spark_submit.py:644} INFO - 2025-05-03 15:35:39,244 [INFO] Closing down clientserver connection
[2025-05-03T15:35:39.280+0000] {spark_submit.py:644} INFO - 25/05/03 15:35:39 INFO SparkContext: Invoking stop() from shutdown hook
[2025-05-03T15:35:39.288+0000] {spark_submit.py:644} INFO - 25/05/03 15:35:39 INFO SparkUI: Stopped Spark web UI at http://fc9aa3bec43b:4040
[2025-05-03T15:35:39.291+0000] {spark_submit.py:644} INFO - 25/05/03 15:35:39 INFO StandaloneSchedulerBackend: Shutting down all executors
[2025-05-03T15:35:39.292+0000] {spark_submit.py:644} INFO - 25/05/03 15:35:39 INFO CoarseGrainedSchedulerBackend$DriverEndpoint: Asking each executor to shut down
[2025-05-03T15:35:39.308+0000] {spark_submit.py:644} INFO - 25/05/03 15:35:39 INFO MapOutputTrackerMasterEndpoint: MapOutputTrackerMasterEndpoint stopped!
[2025-05-03T15:35:39.323+0000] {spark_submit.py:644} INFO - 25/05/03 15:35:39 INFO MemoryStore: MemoryStore cleared
[2025-05-03T15:35:39.324+0000] {spark_submit.py:644} INFO - 25/05/03 15:35:39 INFO BlockManager: BlockManager stopped
[2025-05-03T15:35:39.329+0000] {spark_submit.py:644} INFO - 25/05/03 15:35:39 INFO BlockManagerMaster: BlockManagerMaster stopped
[2025-05-03T15:35:39.330+0000] {spark_submit.py:644} INFO - 25/05/03 15:35:39 INFO OutputCommitCoordinator$OutputCommitCoordinatorEndpoint: OutputCommitCoordinator stopped!
[2025-05-03T15:35:39.342+0000] {spark_submit.py:644} INFO - 25/05/03 15:35:39 INFO SparkContext: Successfully stopped SparkContext
[2025-05-03T15:35:39.342+0000] {spark_submit.py:644} INFO - 25/05/03 15:35:39 INFO ShutdownHookManager: Shutdown hook called
[2025-05-03T15:35:39.343+0000] {spark_submit.py:644} INFO - 25/05/03 15:35:39 INFO ShutdownHookManager: Deleting directory /tmp/spark-54ebfb9c-699f-4ced-aa5d-d784ffe74d85/pyspark-babcbe28-66c0-4650-9444-77ca560f8556
[2025-05-03T15:35:39.346+0000] {spark_submit.py:644} INFO - 25/05/03 15:35:39 INFO ShutdownHookManager: Deleting directory /tmp/spark-9550d1ad-1526-4090-8543-95cd1d00e200
[2025-05-03T15:35:39.350+0000] {spark_submit.py:644} INFO - 25/05/03 15:35:39 INFO ShutdownHookManager: Deleting directory /tmp/spark-54ebfb9c-699f-4ced-aa5d-d784ffe74d85
[2025-05-03T15:35:39.396+0000] {taskinstance.py:441} INFO - ::group::Post task execution logs
[2025-05-03T15:35:39.432+0000] {taskinstance.py:2905} ERROR - Task failed with exception
Traceback (most recent call last):
  File "/home/airflow/.local/lib/python3.10/site-packages/airflow/models/taskinstance.py", line 465, in _execute_task
    result = _execute_callable(context=context, **execute_callable_kwargs)
  File "/home/airflow/.local/lib/python3.10/site-packages/airflow/models/taskinstance.py", line 432, in _execute_callable
    return execute_callable(context=context, **execute_callable_kwargs)
  File "/home/airflow/.local/lib/python3.10/site-packages/airflow/models/baseoperator.py", line 400, in wrapper
    return func(self, *args, **kwargs)
  File "/home/airflow/.local/lib/python3.10/site-packages/airflow/providers/apache/spark/operators/spark_submit.py", line 197, in execute
    self._hook.submit(self.application)
  File "/home/airflow/.local/lib/python3.10/site-packages/airflow/providers/apache/spark/hooks/spark_submit.py", line 566, in submit
    raise AirflowException(
airflow.exceptions.AirflowException: Cannot execute: spark-submit --master spark://spark-master:7077 --conf spark.master=spark://spark-master:7077 --name BronzeToSilver --verbose --queue root.default --deploy-mode client /opt/airflow/dags/bronze_to_silver.py. Error code is: 1.
[2025-05-03T15:35:39.438+0000] {taskinstance.py:1206} INFO - Marking task as FAILED. dag_id=final_project_BBDL, task_id=BronzeToSilver, run_id=manual__2025-05-03T15:35:07.372720+00:00, execution_date=20250503T153507, start_date=20250503T153531, end_date=20250503T153539
[2025-05-03T15:35:39.479+0000] {standard_task_runner.py:110} ERROR - Failed to execute job 49 for task BronzeToSilver (Cannot execute: spark-submit --master spark://spark-master:7077 --conf spark.master=spark://spark-master:7077 --name BronzeToSilver --verbose --queue root.default --deploy-mode client /opt/airflow/dags/bronze_to_silver.py. Error code is: 1.; 2277)
[2025-05-03T15:35:39.505+0000] {local_task_job_runner.py:240} INFO - Task exited with return code 1
[2025-05-03T15:35:39.551+0000] {taskinstance.py:3498} INFO - 0 downstream tasks scheduled from follow-on schedule check
[2025-05-03T15:35:39.615+0000] {local_task_job_runner.py:222} INFO - ::endgroup::
