[2025-05-05T20:36:30.665+0000] {taskinstance.py:1103} INFO - Dependencies all met for dep_context=non-requeueable deps ti=<TaskInstance: final_project_BBDL.SilverToGold manual__2025-05-05T20:34:32.336916+00:00 [queued]>
[2025-05-05T20:36:30.674+0000] {taskinstance.py:1103} INFO - Dependencies all met for dep_context=requeueable deps ti=<TaskInstance: final_project_BBDL.SilverToGold manual__2025-05-05T20:34:32.336916+00:00 [queued]>
[2025-05-05T20:36:30.674+0000] {taskinstance.py:1308} INFO - Starting attempt 1 of 1
[2025-05-05T20:36:30.711+0000] {taskinstance.py:1327} INFO - Executing <Task(SparkSubmitOperator): SilverToGold> on 2025-05-05 20:34:32.336916+00:00
[2025-05-05T20:36:30.714+0000] {standard_task_runner.py:57} INFO - Started process 1638 to run task
[2025-05-05T20:36:30.717+0000] {standard_task_runner.py:84} INFO - Running: ['airflow', 'tasks', 'run', 'final_project_BBDL', 'SilverToGold', 'manual__2025-05-05T20:34:32.336916+00:00', '--job-id', '8', '--raw', '--subdir', 'DAGS_FOLDER/project_solution.py', '--cfg-path', '/tmp/tmp3xa9jh2h']
[2025-05-05T20:36:30.718+0000] {standard_task_runner.py:85} INFO - Job 8: Subtask SilverToGold
[2025-05-05T20:36:30.766+0000] {logging_mixin.py:150} WARNING - /home/airflow/.local/lib/python3.7/site-packages/airflow/settings.py:195 DeprecationWarning: The sql_alchemy_conn option in [core] has been moved to the sql_alchemy_conn option in [database] - the old setting has been used, but please update your config.
[2025-05-05T20:36:30.801+0000] {task_command.py:410} INFO - Running <TaskInstance: final_project_BBDL.SilverToGold manual__2025-05-05T20:34:32.336916+00:00 [running]> on host b431f09a1fa6
[2025-05-05T20:36:30.976+0000] {taskinstance.py:1547} INFO - Exporting env vars: AIRFLOW_CTX_DAG_OWNER='airflow' AIRFLOW_CTX_DAG_ID='final_project_BBDL' AIRFLOW_CTX_TASK_ID='SilverToGold' AIRFLOW_CTX_EXECUTION_DATE='2025-05-05T20:34:32.336916+00:00' AIRFLOW_CTX_TRY_NUMBER='1' AIRFLOW_CTX_DAG_RUN_ID='manual__2025-05-05T20:34:32.336916+00:00'
[2025-05-05T20:36:30.987+0000] {base.py:73} INFO - Using connection ID 'spark_default' for task execution.
[2025-05-05T20:36:30.988+0000] {spark_submit.py:339} INFO - Spark-Submit cmd: spark-submit --master spark://spark-master:7077 --conf spark.master=spark://spark-master:7077 --name SilverToGold --verbose --queue root.default /opt/airflow/dags/silver_to_gold.py
[2025-05-05T20:36:32.300+0000] {spark_submit.py:490} INFO - Using properties file: null
[2025-05-05T20:36:32.394+0000] {spark_submit.py:490} INFO - Parsed arguments:
[2025-05-05T20:36:32.394+0000] {spark_submit.py:490} INFO - master                  spark://spark-master:7077
[2025-05-05T20:36:32.395+0000] {spark_submit.py:490} INFO - deployMode              null
[2025-05-05T20:36:32.395+0000] {spark_submit.py:490} INFO - executorMemory          null
[2025-05-05T20:36:32.395+0000] {spark_submit.py:490} INFO - executorCores           null
[2025-05-05T20:36:32.395+0000] {spark_submit.py:490} INFO - totalExecutorCores      null
[2025-05-05T20:36:32.395+0000] {spark_submit.py:490} INFO - propertiesFile          null
[2025-05-05T20:36:32.395+0000] {spark_submit.py:490} INFO - driverMemory            null
[2025-05-05T20:36:32.395+0000] {spark_submit.py:490} INFO - driverCores             null
[2025-05-05T20:36:32.395+0000] {spark_submit.py:490} INFO - driverExtraClassPath    null
[2025-05-05T20:36:32.395+0000] {spark_submit.py:490} INFO - driverExtraLibraryPath  null
[2025-05-05T20:36:32.395+0000] {spark_submit.py:490} INFO - driverExtraJavaOptions  null
[2025-05-05T20:36:32.395+0000] {spark_submit.py:490} INFO - supervise               false
[2025-05-05T20:36:32.395+0000] {spark_submit.py:490} INFO - queue                   root.default
[2025-05-05T20:36:32.395+0000] {spark_submit.py:490} INFO - numExecutors            null
[2025-05-05T20:36:32.395+0000] {spark_submit.py:490} INFO - files                   null
[2025-05-05T20:36:32.395+0000] {spark_submit.py:490} INFO - pyFiles                 null
[2025-05-05T20:36:32.396+0000] {spark_submit.py:490} INFO - archives                null
[2025-05-05T20:36:32.396+0000] {spark_submit.py:490} INFO - mainClass               null
[2025-05-05T20:36:32.396+0000] {spark_submit.py:490} INFO - primaryResource         file:/opt/airflow/dags/silver_to_gold.py
[2025-05-05T20:36:32.396+0000] {spark_submit.py:490} INFO - name                    SilverToGold
[2025-05-05T20:36:32.396+0000] {spark_submit.py:490} INFO - childArgs               []
[2025-05-05T20:36:32.396+0000] {spark_submit.py:490} INFO - jars                    null
[2025-05-05T20:36:32.396+0000] {spark_submit.py:490} INFO - packages                null
[2025-05-05T20:36:32.396+0000] {spark_submit.py:490} INFO - packagesExclusions      null
[2025-05-05T20:36:32.396+0000] {spark_submit.py:490} INFO - repositories            null
[2025-05-05T20:36:32.396+0000] {spark_submit.py:490} INFO - verbose                 true
[2025-05-05T20:36:32.396+0000] {spark_submit.py:490} INFO - 
[2025-05-05T20:36:32.396+0000] {spark_submit.py:490} INFO - Spark properties used, including those specified through
[2025-05-05T20:36:32.396+0000] {spark_submit.py:490} INFO - --conf and those from the properties file null:
[2025-05-05T20:36:32.396+0000] {spark_submit.py:490} INFO - (spark.master,spark://spark-master:7077)
[2025-05-05T20:36:32.396+0000] {spark_submit.py:490} INFO - 
[2025-05-05T20:36:32.396+0000] {spark_submit.py:490} INFO - 
[2025-05-05T20:36:32.651+0000] {spark_submit.py:490} INFO - Main class:
[2025-05-05T20:36:32.651+0000] {spark_submit.py:490} INFO - org.apache.spark.deploy.PythonRunner
[2025-05-05T20:36:32.651+0000] {spark_submit.py:490} INFO - Arguments:
[2025-05-05T20:36:32.651+0000] {spark_submit.py:490} INFO - file:/opt/airflow/dags/silver_to_gold.py
[2025-05-05T20:36:32.652+0000] {spark_submit.py:490} INFO - null
[2025-05-05T20:36:32.656+0000] {spark_submit.py:490} INFO - Spark config:
[2025-05-05T20:36:32.656+0000] {spark_submit.py:490} INFO - (spark.app.name,SilverToGold)
[2025-05-05T20:36:32.656+0000] {spark_submit.py:490} INFO - (spark.app.submitTime,1746477392633)
[2025-05-05T20:36:32.656+0000] {spark_submit.py:490} INFO - (spark.master,spark://spark-master:7077)
[2025-05-05T20:36:32.656+0000] {spark_submit.py:490} INFO - (spark.submit.deployMode,client)
[2025-05-05T20:36:32.656+0000] {spark_submit.py:490} INFO - (spark.submit.pyFiles,)
[2025-05-05T20:36:32.656+0000] {spark_submit.py:490} INFO - Classpath elements:
[2025-05-05T20:36:32.656+0000] {spark_submit.py:490} INFO - 
[2025-05-05T20:36:32.656+0000] {spark_submit.py:490} INFO - 
[2025-05-05T20:36:32.656+0000] {spark_submit.py:490} INFO - 
[2025-05-05T20:36:33.155+0000] {spark_submit.py:490} INFO - 25/05/05 20:36:33 INFO SparkContext: Running Spark version 3.3.0
[2025-05-05T20:36:33.226+0000] {spark_submit.py:490} INFO - 25/05/05 20:36:33 WARN NativeCodeLoader: Unable to load native-hadoop library for your platform... using builtin-java classes where applicable
[2025-05-05T20:36:33.316+0000] {spark_submit.py:490} INFO - 25/05/05 20:36:33 INFO ResourceUtils: ==============================================================
[2025-05-05T20:36:33.316+0000] {spark_submit.py:490} INFO - 25/05/05 20:36:33 INFO ResourceUtils: No custom resources configured for spark.driver.
[2025-05-05T20:36:33.317+0000] {spark_submit.py:490} INFO - 25/05/05 20:36:33 INFO ResourceUtils: ==============================================================
[2025-05-05T20:36:33.317+0000] {spark_submit.py:490} INFO - 25/05/05 20:36:33 INFO SparkContext: Submitted application: SilverToGold
[2025-05-05T20:36:33.337+0000] {spark_submit.py:490} INFO - 25/05/05 20:36:33 INFO ResourceProfile: Default ResourceProfile created, executor resources: Map(cores -> name: cores, amount: 1, script: , vendor: , memory -> name: memory, amount: 1024, script: , vendor: , offHeap -> name: offHeap, amount: 0, script: , vendor: ), task resources: Map(cpus -> name: cpus, amount: 1.0)
[2025-05-05T20:36:33.350+0000] {spark_submit.py:490} INFO - 25/05/05 20:36:33 INFO ResourceProfile: Limiting resource is cpu
[2025-05-05T20:36:33.351+0000] {spark_submit.py:490} INFO - 25/05/05 20:36:33 INFO ResourceProfileManager: Added ResourceProfile id: 0
[2025-05-05T20:36:33.407+0000] {spark_submit.py:490} INFO - 25/05/05 20:36:33 INFO SecurityManager: Changing view acls to: root
[2025-05-05T20:36:33.407+0000] {spark_submit.py:490} INFO - 25/05/05 20:36:33 INFO SecurityManager: Changing modify acls to: root
[2025-05-05T20:36:33.408+0000] {spark_submit.py:490} INFO - 25/05/05 20:36:33 INFO SecurityManager: Changing view acls groups to:
[2025-05-05T20:36:33.409+0000] {spark_submit.py:490} INFO - 25/05/05 20:36:33 INFO SecurityManager: Changing modify acls groups to:
[2025-05-05T20:36:33.410+0000] {spark_submit.py:490} INFO - 25/05/05 20:36:33 INFO SecurityManager: SecurityManager: authentication disabled; ui acls disabled; users  with view permissions: Set(root); groups with view permissions: Set(); users  with modify permissions: Set(root); groups with modify permissions: Set()
[2025-05-05T20:36:33.657+0000] {spark_submit.py:490} INFO - 25/05/05 20:36:33 INFO Utils: Successfully started service 'sparkDriver' on port 43365.
[2025-05-05T20:36:33.679+0000] {spark_submit.py:490} INFO - 25/05/05 20:36:33 INFO SparkEnv: Registering MapOutputTracker
[2025-05-05T20:36:33.707+0000] {spark_submit.py:490} INFO - 25/05/05 20:36:33 INFO SparkEnv: Registering BlockManagerMaster
[2025-05-05T20:36:33.725+0000] {spark_submit.py:490} INFO - 25/05/05 20:36:33 INFO BlockManagerMasterEndpoint: Using org.apache.spark.storage.DefaultTopologyMapper for getting topology information
[2025-05-05T20:36:33.726+0000] {spark_submit.py:490} INFO - 25/05/05 20:36:33 INFO BlockManagerMasterEndpoint: BlockManagerMasterEndpoint up
[2025-05-05T20:36:33.732+0000] {spark_submit.py:490} INFO - 25/05/05 20:36:33 INFO SparkEnv: Registering BlockManagerMasterHeartbeat
[2025-05-05T20:36:33.754+0000] {spark_submit.py:490} INFO - 25/05/05 20:36:33 INFO DiskBlockManager: Created local directory at /tmp/blockmgr-fae0f23a-ca54-49a3-b604-8f325d2773ca
[2025-05-05T20:36:33.777+0000] {spark_submit.py:490} INFO - 25/05/05 20:36:33 INFO MemoryStore: MemoryStore started with capacity 434.4 MiB
[2025-05-05T20:36:33.797+0000] {spark_submit.py:490} INFO - 25/05/05 20:36:33 INFO SparkEnv: Registering OutputCommitCoordinator
[2025-05-05T20:36:33.998+0000] {spark_submit.py:490} INFO - 25/05/05 20:36:33 INFO Utils: Successfully started service 'SparkUI' on port 4040.
[2025-05-05T20:36:34.117+0000] {spark_submit.py:490} INFO - 25/05/05 20:36:34 INFO StandaloneAppClient$ClientEndpoint: Connecting to master spark://spark-master:7077...
[2025-05-05T20:36:34.158+0000] {spark_submit.py:490} INFO - 25/05/05 20:36:34 INFO TransportClientFactory: Successfully created connection to spark-master/172.18.0.3:7077 after 24 ms (0 ms spent in bootstraps)
[2025-05-05T20:36:34.236+0000] {spark_submit.py:490} INFO - 25/05/05 20:36:34 INFO StandaloneSchedulerBackend: Connected to Spark cluster with app ID app-20250505203634-0005
[2025-05-05T20:36:34.238+0000] {spark_submit.py:490} INFO - 25/05/05 20:36:34 INFO StandaloneAppClient$ClientEndpoint: Executor added: app-20250505203634-0005/0 on worker-20250505201940-172.18.0.6-38439 (172.18.0.6:38439) with 2 core(s)
[2025-05-05T20:36:34.241+0000] {spark_submit.py:490} INFO - 25/05/05 20:36:34 INFO StandaloneSchedulerBackend: Granted executor ID app-20250505203634-0005/0 on hostPort 172.18.0.6:38439 with 2 core(s), 1024.0 MiB RAM
[2025-05-05T20:36:34.245+0000] {spark_submit.py:490} INFO - 25/05/05 20:36:34 INFO Utils: Successfully started service 'org.apache.spark.network.netty.NettyBlockTransferService' on port 32955.
[2025-05-05T20:36:34.245+0000] {spark_submit.py:490} INFO - 25/05/05 20:36:34 INFO NettyBlockTransferService: Server created on b431f09a1fa6:32955
[2025-05-05T20:36:34.246+0000] {spark_submit.py:490} INFO - 25/05/05 20:36:34 INFO BlockManager: Using org.apache.spark.storage.RandomBlockReplicationPolicy for block replication policy
[2025-05-05T20:36:34.258+0000] {spark_submit.py:490} INFO - 25/05/05 20:36:34 INFO BlockManagerMaster: Registering BlockManager BlockManagerId(driver, b431f09a1fa6, 32955, None)
[2025-05-05T20:36:34.261+0000] {spark_submit.py:490} INFO - 25/05/05 20:36:34 INFO BlockManagerMasterEndpoint: Registering block manager b431f09a1fa6:32955 with 434.4 MiB RAM, BlockManagerId(driver, b431f09a1fa6, 32955, None)
[2025-05-05T20:36:34.264+0000] {spark_submit.py:490} INFO - 25/05/05 20:36:34 INFO BlockManagerMaster: Registered BlockManager BlockManagerId(driver, b431f09a1fa6, 32955, None)
[2025-05-05T20:36:34.266+0000] {spark_submit.py:490} INFO - 25/05/05 20:36:34 INFO BlockManager: Initialized BlockManager: BlockManagerId(driver, b431f09a1fa6, 32955, None)
[2025-05-05T20:36:34.289+0000] {spark_submit.py:490} INFO - 25/05/05 20:36:34 INFO StandaloneAppClient$ClientEndpoint: Executor updated: app-20250505203634-0005/0 is now RUNNING
[2025-05-05T20:36:34.455+0000] {spark_submit.py:490} INFO - 25/05/05 20:36:34 INFO StandaloneSchedulerBackend: SchedulerBackend is ready for scheduling beginning after reached minRegisteredResourcesRatio: 0.0
[2025-05-05T20:36:34.619+0000] {spark_submit.py:490} INFO - 2025-05-05 20:36:34,619 [INFO] 📁 Директорія гарантовано існує: /tmp/spark_data/gold
[2025-05-05T20:36:34.620+0000] {spark_submit.py:490} INFO - 2025-05-05 20:36:34,619 [INFO] 🔍 Зчитування silver-даних з:
[2025-05-05T20:36:34.620+0000] {spark_submit.py:490} INFO - • /tmp/spark_data/silver/athlete_bio/20250505
[2025-05-05T20:36:34.620+0000] {spark_submit.py:490} INFO - • /tmp/spark_data/silver/athlete_event_results/20250505
[2025-05-05T20:36:34.676+0000] {spark_submit.py:490} INFO - 25/05/05 20:36:34 INFO SharedState: Setting hive.metastore.warehouse.dir ('null') to the value of spark.sql.warehouse.dir.
[2025-05-05T20:36:34.684+0000] {spark_submit.py:490} INFO - 25/05/05 20:36:34 INFO SharedState: Warehouse path is 'file:/opt/airflow/spark-warehouse'.
[2025-05-05T20:36:35.518+0000] {spark_submit.py:490} INFO - Traceback (most recent call last):
[2025-05-05T20:36:35.518+0000] {spark_submit.py:490} INFO - File "/opt/airflow/dags/silver_to_gold.py", line 65, in <module>
[2025-05-05T20:36:35.519+0000] {spark_submit.py:490} INFO - main()
[2025-05-05T20:36:35.519+0000] {spark_submit.py:490} INFO - File "/opt/airflow/dags/silver_to_gold.py", line 60, in main
[2025-05-05T20:36:35.519+0000] {spark_submit.py:490} INFO - process_to_gold(spark, silver_dir, gold_dir)
[2025-05-05T20:36:35.519+0000] {spark_submit.py:490} INFO - File "/opt/airflow/dags/silver_to_gold.py", line 30, in process_to_gold
[2025-05-05T20:36:35.520+0000] {spark_submit.py:490} INFO - df_bio = spark.read.parquet(silver_bio_path)
[2025-05-05T20:36:35.520+0000] {spark_submit.py:490} INFO - File "/opt/spark/python/lib/pyspark.zip/pyspark/sql/readwriter.py", line 364, in parquet
[2025-05-05T20:36:35.520+0000] {spark_submit.py:490} INFO - File "/opt/spark/python/lib/py4j-0.10.9.5-src.zip/py4j/java_gateway.py", line 1322, in __call__
[2025-05-05T20:36:35.520+0000] {spark_submit.py:490} INFO - File "/opt/spark/python/lib/pyspark.zip/pyspark/sql/utils.py", line 196, in deco
[2025-05-05T20:36:35.530+0000] {spark_submit.py:490} INFO - pyspark.sql.utils.AnalysisException: Path does not exist: file:/tmp/spark_data/silver/athlete_bio/20250505
[2025-05-05T20:36:35.581+0000] {spark_submit.py:490} INFO - 25/05/05 20:36:35 INFO SparkContext: Invoking stop() from shutdown hook
[2025-05-05T20:36:35.608+0000] {spark_submit.py:490} INFO - 25/05/05 20:36:35 INFO SparkUI: Stopped Spark web UI at http://b431f09a1fa6:4040
[2025-05-05T20:36:35.616+0000] {spark_submit.py:490} INFO - 25/05/05 20:36:35 INFO StandaloneSchedulerBackend: Shutting down all executors
[2025-05-05T20:36:35.622+0000] {spark_submit.py:490} INFO - 25/05/05 20:36:35 INFO CoarseGrainedSchedulerBackend$DriverEndpoint: Asking each executor to shut down
[2025-05-05T20:36:35.665+0000] {spark_submit.py:490} INFO - 25/05/05 20:36:35 INFO MapOutputTrackerMasterEndpoint: MapOutputTrackerMasterEndpoint stopped!
[2025-05-05T20:36:35.697+0000] {spark_submit.py:490} INFO - 25/05/05 20:36:35 INFO MemoryStore: MemoryStore cleared
[2025-05-05T20:36:35.698+0000] {spark_submit.py:490} INFO - 25/05/05 20:36:35 INFO BlockManager: BlockManager stopped
[2025-05-05T20:36:35.706+0000] {spark_submit.py:490} INFO - 25/05/05 20:36:35 INFO BlockManagerMaster: BlockManagerMaster stopped
[2025-05-05T20:36:35.709+0000] {spark_submit.py:490} INFO - 25/05/05 20:36:35 INFO OutputCommitCoordinator$OutputCommitCoordinatorEndpoint: OutputCommitCoordinator stopped!
[2025-05-05T20:36:35.729+0000] {spark_submit.py:490} INFO - 25/05/05 20:36:35 INFO SparkContext: Successfully stopped SparkContext
[2025-05-05T20:36:35.730+0000] {spark_submit.py:490} INFO - 25/05/05 20:36:35 INFO ShutdownHookManager: Shutdown hook called
[2025-05-05T20:36:35.731+0000] {spark_submit.py:490} INFO - 25/05/05 20:36:35 INFO ShutdownHookManager: Deleting directory /tmp/spark-775d5988-9271-4278-80f4-877e67cdacac
[2025-05-05T20:36:35.735+0000] {spark_submit.py:490} INFO - 25/05/05 20:36:35 INFO ShutdownHookManager: Deleting directory /tmp/spark-43a8a020-8aa5-4732-822c-3191f5a18805/pyspark-69a773b8-8ff8-4da2-9ec3-8ecc2b0e1def
[2025-05-05T20:36:35.740+0000] {spark_submit.py:490} INFO - 25/05/05 20:36:35 INFO ShutdownHookManager: Deleting directory /tmp/spark-43a8a020-8aa5-4732-822c-3191f5a18805
[2025-05-05T20:36:35.820+0000] {taskinstance.py:1824} ERROR - Task failed with exception
Traceback (most recent call last):
  File "/home/airflow/.local/lib/python3.7/site-packages/airflow/providers/apache/spark/operators/spark_submit.py", line 157, in execute
    self._hook.submit(self._application)
  File "/home/airflow/.local/lib/python3.7/site-packages/airflow/providers/apache/spark/hooks/spark_submit.py", line 422, in submit
    f"Cannot execute: {self._mask_cmd(spark_submit_cmd)}. Error code is: {returncode}."
airflow.exceptions.AirflowException: Cannot execute: spark-submit --master spark://spark-master:7077 --conf spark.master=spark://spark-master:7077 --name SilverToGold --verbose --queue root.default /opt/airflow/dags/silver_to_gold.py. Error code is: 1.
[2025-05-05T20:36:35.826+0000] {taskinstance.py:1350} INFO - Marking task as FAILED. dag_id=final_project_BBDL, task_id=SilverToGold, execution_date=20250505T203432, start_date=20250505T203630, end_date=20250505T203635
[2025-05-05T20:36:35.882+0000] {standard_task_runner.py:109} ERROR - Failed to execute job 8 for task SilverToGold (Cannot execute: spark-submit --master spark://spark-master:7077 --conf spark.master=spark://spark-master:7077 --name SilverToGold --verbose --queue root.default /opt/airflow/dags/silver_to_gold.py. Error code is: 1.; 1638)
[2025-05-05T20:36:35.903+0000] {local_task_job_runner.py:225} INFO - Task exited with return code 1
[2025-05-05T20:36:35.925+0000] {taskinstance.py:2653} INFO - 0 downstream tasks scheduled from follow-on schedule check
