[2025-05-01T19:24:25.396+0000] {local_task_job_runner.py:120} INFO - ::group::Pre task execution logs
[2025-05-01T19:24:25.458+0000] {taskinstance.py:2076} INFO - Dependencies all met for dep_context=non-requeueable deps ti=<TaskInstance: final_project_BBDL.LandingToBronze manual__2025-05-01T19:24:23.126304+00:00 [queued]>
[2025-05-01T19:24:25.465+0000] {taskinstance.py:2076} INFO - Dependencies all met for dep_context=requeueable deps ti=<TaskInstance: final_project_BBDL.LandingToBronze manual__2025-05-01T19:24:23.126304+00:00 [queued]>
[2025-05-01T19:24:25.466+0000] {taskinstance.py:2306} INFO - Starting attempt 1 of 1
[2025-05-01T19:24:25.500+0000] {taskinstance.py:2330} INFO - Executing <Task(SparkSubmitOperator): LandingToBronze> on 2025-05-01 19:24:23.126304+00:00
[2025-05-01T19:24:25.504+0000] {standard_task_runner.py:63} INFO - Started process 1414 to run task
[2025-05-01T19:24:25.510+0000] {standard_task_runner.py:90} INFO - Running: ['airflow', 'tasks', 'run', 'final_project_BBDL', 'LandingToBronze', 'manual__2025-05-01T19:24:23.126304+00:00', '--job-id', '5', '--raw', '--subdir', 'DAGS_FOLDER/project_solution.py', '--cfg-path', '/tmp/tmp2q2w831f']
[2025-05-01T19:24:25.512+0000] {standard_task_runner.py:91} INFO - Job 5: Subtask LandingToBronze
[2025-05-01T19:24:25.581+0000] {logging_mixin.py:188} WARNING - /home/airflow/.local/lib/python3.10/site-packages/airflow/settings.py:195 DeprecationWarning: The sql_alchemy_conn option in [core] has been moved to the sql_alchemy_conn option in [database] - the old setting has been used, but please update your config.
[2025-05-01T19:24:25.669+0000] {task_command.py:426} INFO - Running <TaskInstance: final_project_BBDL.LandingToBronze manual__2025-05-01T19:24:23.126304+00:00 [running]> on host fff465340a38
[2025-05-01T19:24:25.915+0000] {taskinstance.py:2648} INFO - Exporting env vars: AIRFLOW_CTX_DAG_OWNER='airflow' AIRFLOW_CTX_DAG_ID='final_project_BBDL' AIRFLOW_CTX_TASK_ID='LandingToBronze' AIRFLOW_CTX_EXECUTION_DATE='2025-05-01T19:24:23.126304+00:00' AIRFLOW_CTX_TRY_NUMBER='1' AIRFLOW_CTX_DAG_RUN_ID='manual__2025-05-01T19:24:23.126304+00:00'
[2025-05-01T19:24:25.916+0000] {taskinstance.py:430} INFO - ::endgroup::
[2025-05-01T19:24:26.040+0000] {base.py:84} INFO - Using connection ID 'spark_default' for task execution.
[2025-05-01T19:24:26.041+0000] {spark_submit.py:328} ERROR - Failed to decode base64 keytab: Invalid base64-encoded string: number of data characters (5) cannot be 1 more than a multiple of 4
[2025-05-01T19:24:26.041+0000] {spark_submit.py:305} INFO - Could not load connection string spark_default, defaulting to spark://spark-master:7077
[2025-05-01T19:24:26.042+0000] {spark_submit.py:474} INFO - Spark-Submit cmd: spark-submit --master spark://spark-master:7077 --conf spark.master=spark://spark-master:7077 --name LandingToBronze --verbose --queue root.default --deploy-mode client /opt/airflow/dags/landing_to_bronze.py
[2025-05-01T19:24:28.505+0000] {spark_submit.py:644} INFO - Using properties file: null
[2025-05-01T19:24:28.633+0000] {spark_submit.py:644} INFO - Parsed arguments:
[2025-05-01T19:24:28.633+0000] {spark_submit.py:644} INFO - master                  spark://spark-master:7077
[2025-05-01T19:24:28.633+0000] {spark_submit.py:644} INFO - deployMode              client
[2025-05-01T19:24:28.633+0000] {spark_submit.py:644} INFO - executorMemory          null
[2025-05-01T19:24:28.634+0000] {spark_submit.py:644} INFO - executorCores           null
[2025-05-01T19:24:28.634+0000] {spark_submit.py:644} INFO - totalExecutorCores      null
[2025-05-01T19:24:28.634+0000] {spark_submit.py:644} INFO - propertiesFile          null
[2025-05-01T19:24:28.634+0000] {spark_submit.py:644} INFO - driverMemory            null
[2025-05-01T19:24:28.634+0000] {spark_submit.py:644} INFO - driverCores             null
[2025-05-01T19:24:28.634+0000] {spark_submit.py:644} INFO - driverExtraClassPath    null
[2025-05-01T19:24:28.634+0000] {spark_submit.py:644} INFO - driverExtraLibraryPath  null
[2025-05-01T19:24:28.634+0000] {spark_submit.py:644} INFO - driverExtraJavaOptions  null
[2025-05-01T19:24:28.634+0000] {spark_submit.py:644} INFO - supervise               false
[2025-05-01T19:24:28.634+0000] {spark_submit.py:644} INFO - queue                   root.default
[2025-05-01T19:24:28.634+0000] {spark_submit.py:644} INFO - numExecutors            null
[2025-05-01T19:24:28.635+0000] {spark_submit.py:644} INFO - files                   null
[2025-05-01T19:24:28.635+0000] {spark_submit.py:644} INFO - pyFiles                 null
[2025-05-01T19:24:28.635+0000] {spark_submit.py:644} INFO - archives                null
[2025-05-01T19:24:28.635+0000] {spark_submit.py:644} INFO - mainClass               null
[2025-05-01T19:24:28.635+0000] {spark_submit.py:644} INFO - primaryResource         file:/opt/airflow/dags/landing_to_bronze.py
[2025-05-01T19:24:28.635+0000] {spark_submit.py:644} INFO - name                    LandingToBronze
[2025-05-01T19:24:28.635+0000] {spark_submit.py:644} INFO - childArgs               []
[2025-05-01T19:24:28.636+0000] {spark_submit.py:644} INFO - jars                    null
[2025-05-01T19:24:28.636+0000] {spark_submit.py:644} INFO - packages                null
[2025-05-01T19:24:28.636+0000] {spark_submit.py:644} INFO - packagesExclusions      null
[2025-05-01T19:24:28.636+0000] {spark_submit.py:644} INFO - repositories            null
[2025-05-01T19:24:28.636+0000] {spark_submit.py:644} INFO - verbose                 true
[2025-05-01T19:24:28.636+0000] {spark_submit.py:644} INFO - 
[2025-05-01T19:24:28.636+0000] {spark_submit.py:644} INFO - Spark properties used, including those specified through
[2025-05-01T19:24:28.636+0000] {spark_submit.py:644} INFO - --conf and those from the properties file null:
[2025-05-01T19:24:28.636+0000] {spark_submit.py:644} INFO - (spark.master,spark://spark-master:7077)
[2025-05-01T19:24:28.636+0000] {spark_submit.py:644} INFO - 
[2025-05-01T19:24:28.636+0000] {spark_submit.py:644} INFO - 
[2025-05-01T19:24:29.162+0000] {spark_submit.py:644} INFO - Main class:
[2025-05-01T19:24:29.162+0000] {spark_submit.py:644} INFO - org.apache.spark.deploy.PythonRunner
[2025-05-01T19:24:29.163+0000] {spark_submit.py:644} INFO - Arguments:
[2025-05-01T19:24:29.163+0000] {spark_submit.py:644} INFO - file:/opt/airflow/dags/landing_to_bronze.py
[2025-05-01T19:24:29.163+0000] {spark_submit.py:644} INFO - null
[2025-05-01T19:24:29.166+0000] {spark_submit.py:644} INFO - Spark config:
[2025-05-01T19:24:29.166+0000] {spark_submit.py:644} INFO - (spark.app.name,LandingToBronze)
[2025-05-01T19:24:29.166+0000] {spark_submit.py:644} INFO - (spark.app.submitTime,1746127469147)
[2025-05-01T19:24:29.166+0000] {spark_submit.py:644} INFO - (spark.master,spark://spark-master:7077)
[2025-05-01T19:24:29.166+0000] {spark_submit.py:644} INFO - (spark.submit.deployMode,client)
[2025-05-01T19:24:29.167+0000] {spark_submit.py:644} INFO - (spark.submit.pyFiles,)
[2025-05-01T19:24:29.167+0000] {spark_submit.py:644} INFO - Classpath elements:
[2025-05-01T19:24:29.167+0000] {spark_submit.py:644} INFO - 
[2025-05-01T19:24:29.167+0000] {spark_submit.py:644} INFO - 
[2025-05-01T19:24:29.167+0000] {spark_submit.py:644} INFO - 
[2025-05-01T19:24:30.464+0000] {spark_submit.py:644} INFO - 25/05/01 19:24:30 INFO SparkContext: Running Spark version 3.3.0
[2025-05-01T19:24:30.541+0000] {spark_submit.py:644} INFO - 25/05/01 19:24:30 WARN NativeCodeLoader: Unable to load native-hadoop library for your platform... using builtin-java classes where applicable
[2025-05-01T19:24:30.680+0000] {spark_submit.py:644} INFO - 25/05/01 19:24:30 INFO ResourceUtils: ==============================================================
[2025-05-01T19:24:30.681+0000] {spark_submit.py:644} INFO - 25/05/01 19:24:30 INFO ResourceUtils: No custom resources configured for spark.driver.
[2025-05-01T19:24:30.681+0000] {spark_submit.py:644} INFO - 25/05/01 19:24:30 INFO ResourceUtils: ==============================================================
[2025-05-01T19:24:30.682+0000] {spark_submit.py:644} INFO - 25/05/01 19:24:30 INFO SparkContext: Submitted application: LandingToBronze
[2025-05-01T19:24:30.707+0000] {spark_submit.py:644} INFO - 25/05/01 19:24:30 INFO ResourceProfile: Default ResourceProfile created, executor resources: Map(cores -> name: cores, amount: 1, script: , vendor: , memory -> name: memory, amount: 1024, script: , vendor: , offHeap -> name: offHeap, amount: 0, script: , vendor: ), task resources: Map(cpus -> name: cpus, amount: 1.0)
[2025-05-01T19:24:30.715+0000] {spark_submit.py:644} INFO - 25/05/01 19:24:30 INFO ResourceProfile: Limiting resource is cpu
[2025-05-01T19:24:30.716+0000] {spark_submit.py:644} INFO - 25/05/01 19:24:30 INFO ResourceProfileManager: Added ResourceProfile id: 0
[2025-05-01T19:24:30.795+0000] {spark_submit.py:644} INFO - 25/05/01 19:24:30 INFO SecurityManager: Changing view acls to: airflow
[2025-05-01T19:24:30.796+0000] {spark_submit.py:644} INFO - 25/05/01 19:24:30 INFO SecurityManager: Changing modify acls to: airflow
[2025-05-01T19:24:30.797+0000] {spark_submit.py:644} INFO - 25/05/01 19:24:30 INFO SecurityManager: Changing view acls groups to:
[2025-05-01T19:24:30.798+0000] {spark_submit.py:644} INFO - 25/05/01 19:24:30 INFO SecurityManager: Changing modify acls groups to:
[2025-05-01T19:24:30.799+0000] {spark_submit.py:644} INFO - 25/05/01 19:24:30 INFO SecurityManager: SecurityManager: authentication disabled; ui acls disabled; users  with view permissions: Set(airflow); groups with view permissions: Set(); users  with modify permissions: Set(airflow); groups with modify permissions: Set()
[2025-05-01T19:24:31.110+0000] {spark_submit.py:644} INFO - 25/05/01 19:24:31 INFO Utils: Successfully started service 'sparkDriver' on port 40339.
[2025-05-01T19:24:31.167+0000] {spark_submit.py:644} INFO - 25/05/01 19:24:31 INFO SparkEnv: Registering MapOutputTracker
[2025-05-01T19:24:31.218+0000] {spark_submit.py:644} INFO - 25/05/01 19:24:31 INFO SparkEnv: Registering BlockManagerMaster
[2025-05-01T19:24:31.243+0000] {spark_submit.py:644} INFO - 25/05/01 19:24:31 INFO BlockManagerMasterEndpoint: Using org.apache.spark.storage.DefaultTopologyMapper for getting topology information
[2025-05-01T19:24:31.243+0000] {spark_submit.py:644} INFO - 25/05/01 19:24:31 INFO BlockManagerMasterEndpoint: BlockManagerMasterEndpoint up
[2025-05-01T19:24:31.248+0000] {spark_submit.py:644} INFO - 25/05/01 19:24:31 INFO SparkEnv: Registering BlockManagerMasterHeartbeat
[2025-05-01T19:24:31.295+0000] {spark_submit.py:644} INFO - 25/05/01 19:24:31 INFO DiskBlockManager: Created local directory at /tmp/blockmgr-d3907f13-54e2-4811-acb5-ea76ea323007
[2025-05-01T19:24:31.314+0000] {spark_submit.py:644} INFO - 25/05/01 19:24:31 INFO MemoryStore: MemoryStore started with capacity 434.4 MiB
[2025-05-01T19:24:31.330+0000] {spark_submit.py:644} INFO - 25/05/01 19:24:31 INFO SparkEnv: Registering OutputCommitCoordinator
[2025-05-01T19:24:31.579+0000] {spark_submit.py:644} INFO - 25/05/01 19:24:31 INFO Utils: Successfully started service 'SparkUI' on port 4040.
[2025-05-01T19:24:31.760+0000] {spark_submit.py:644} INFO - 25/05/01 19:24:31 INFO StandaloneAppClient$ClientEndpoint: Connecting to master spark://spark-master:7077...
[2025-05-01T19:24:31.802+0000] {spark_submit.py:644} INFO - 25/05/01 19:24:31 INFO TransportClientFactory: Successfully created connection to spark-master/172.19.0.4:7077 after 23 ms (0 ms spent in bootstraps)
[2025-05-01T19:24:31.888+0000] {spark_submit.py:644} INFO - 25/05/01 19:24:31 INFO StandaloneSchedulerBackend: Connected to Spark cluster with app ID app-20250501192431-0002
[2025-05-01T19:24:31.890+0000] {spark_submit.py:644} INFO - 25/05/01 19:24:31 INFO StandaloneAppClient$ClientEndpoint: Executor added: app-20250501192431-0002/0 on worker-20250501184144-172.19.0.7-43967 (172.19.0.7:43967) with 2 core(s)
[2025-05-01T19:24:31.892+0000] {spark_submit.py:644} INFO - 25/05/01 19:24:31 INFO StandaloneSchedulerBackend: Granted executor ID app-20250501192431-0002/0 on hostPort 172.19.0.7:43967 with 2 core(s), 1024.0 MiB RAM
[2025-05-01T19:24:31.899+0000] {spark_submit.py:644} INFO - 25/05/01 19:24:31 INFO Utils: Successfully started service 'org.apache.spark.network.netty.NettyBlockTransferService' on port 40465.
[2025-05-01T19:24:31.899+0000] {spark_submit.py:644} INFO - 25/05/01 19:24:31 INFO NettyBlockTransferService: Server created on fff465340a38:40465
[2025-05-01T19:24:31.902+0000] {spark_submit.py:644} INFO - 25/05/01 19:24:31 INFO BlockManager: Using org.apache.spark.storage.RandomBlockReplicationPolicy for block replication policy
[2025-05-01T19:24:31.909+0000] {spark_submit.py:644} INFO - 25/05/01 19:24:31 INFO BlockManagerMaster: Registering BlockManager BlockManagerId(driver, fff465340a38, 40465, None)
[2025-05-01T19:24:31.913+0000] {spark_submit.py:644} INFO - 25/05/01 19:24:31 INFO BlockManagerMasterEndpoint: Registering block manager fff465340a38:40465 with 434.4 MiB RAM, BlockManagerId(driver, fff465340a38, 40465, None)
[2025-05-01T19:24:31.915+0000] {spark_submit.py:644} INFO - 25/05/01 19:24:31 INFO BlockManagerMaster: Registered BlockManager BlockManagerId(driver, fff465340a38, 40465, None)
[2025-05-01T19:24:31.917+0000] {spark_submit.py:644} INFO - 25/05/01 19:24:31 INFO BlockManager: Initialized BlockManager: BlockManagerId(driver, fff465340a38, 40465, None)
[2025-05-01T19:24:31.934+0000] {spark_submit.py:644} INFO - 25/05/01 19:24:31 INFO StandaloneAppClient$ClientEndpoint: Executor updated: app-20250501192431-0002/0 is now RUNNING
[2025-05-01T19:24:32.106+0000] {spark_submit.py:644} INFO - 25/05/01 19:24:32 INFO StandaloneSchedulerBackend: SchedulerBackend is ready for scheduling beginning after reached minRegisteredResourcesRatio: 0.0
[2025-05-01T19:24:32.307+0000] {spark_submit.py:644} INFO - Traceback (most recent call last):
[2025-05-01T19:24:32.307+0000] {spark_submit.py:644} INFO - File "/opt/airflow/dags/landing_to_bronze.py", line 55, in <module>
[2025-05-01T19:24:32.307+0000] {spark_submit.py:644} INFO - main()
[2025-05-01T19:24:32.308+0000] {spark_submit.py:644} INFO - File "/opt/airflow/dags/landing_to_bronze.py", line 30, in main
[2025-05-01T19:24:32.308+0000] {spark_submit.py:644} INFO - os.makedirs(landing_dir, exist_ok=True)
[2025-05-01T19:24:32.308+0000] {spark_submit.py:644} INFO - File "/usr/local/lib/python3.10/os.py", line 215, in makedirs
[2025-05-01T19:24:32.308+0000] {spark_submit.py:644} INFO - makedirs(head, exist_ok=exist_ok)
[2025-05-01T19:24:32.308+0000] {spark_submit.py:644} INFO - File "/usr/local/lib/python3.10/os.py", line 225, in makedirs
[2025-05-01T19:24:32.308+0000] {spark_submit.py:644} INFO - mkdir(name, mode)
[2025-05-01T19:24:32.309+0000] {spark_submit.py:644} INFO - PermissionError: [Errno 13] Permission denied: '/opt/spark_data'
[2025-05-01T19:24:32.350+0000] {spark_submit.py:644} INFO - 25/05/01 19:24:32 INFO SparkContext: Invoking stop() from shutdown hook
[2025-05-01T19:24:32.362+0000] {spark_submit.py:644} INFO - 25/05/01 19:24:32 INFO SparkUI: Stopped Spark web UI at http://fff465340a38:4040
[2025-05-01T19:24:32.364+0000] {spark_submit.py:644} INFO - 25/05/01 19:24:32 INFO StandaloneSchedulerBackend: Shutting down all executors
[2025-05-01T19:24:32.367+0000] {spark_submit.py:644} INFO - 25/05/01 19:24:32 INFO CoarseGrainedSchedulerBackend$DriverEndpoint: Asking each executor to shut down
[2025-05-01T19:24:32.381+0000] {spark_submit.py:644} INFO - 25/05/01 19:24:32 INFO MapOutputTrackerMasterEndpoint: MapOutputTrackerMasterEndpoint stopped!
[2025-05-01T19:24:32.402+0000] {spark_submit.py:644} INFO - 25/05/01 19:24:32 INFO MemoryStore: MemoryStore cleared
[2025-05-01T19:24:32.403+0000] {spark_submit.py:644} INFO - 25/05/01 19:24:32 INFO BlockManager: BlockManager stopped
[2025-05-01T19:24:32.408+0000] {spark_submit.py:644} INFO - 25/05/01 19:24:32 INFO BlockManagerMaster: BlockManagerMaster stopped
[2025-05-01T19:24:32.410+0000] {spark_submit.py:644} INFO - 25/05/01 19:24:32 INFO OutputCommitCoordinator$OutputCommitCoordinatorEndpoint: OutputCommitCoordinator stopped!
[2025-05-01T19:24:32.421+0000] {spark_submit.py:644} INFO - 25/05/01 19:24:32 INFO SparkContext: Successfully stopped SparkContext
[2025-05-01T19:24:32.421+0000] {spark_submit.py:644} INFO - 25/05/01 19:24:32 INFO ShutdownHookManager: Shutdown hook called
[2025-05-01T19:24:32.422+0000] {spark_submit.py:644} INFO - 25/05/01 19:24:32 INFO ShutdownHookManager: Deleting directory /tmp/spark-9c3cc0dc-0ac4-4de9-a46e-a6a2dab833d7
[2025-05-01T19:24:32.426+0000] {spark_submit.py:644} INFO - 25/05/01 19:24:32 INFO ShutdownHookManager: Deleting directory /tmp/spark-ecf577b3-2373-474e-931a-e365f538fdf4/pyspark-76f7c5a0-9cb7-494a-905f-48ca4e1b5ba8
[2025-05-01T19:24:32.429+0000] {spark_submit.py:644} INFO - 25/05/01 19:24:32 INFO ShutdownHookManager: Deleting directory /tmp/spark-ecf577b3-2373-474e-931a-e365f538fdf4
[2025-05-01T19:24:32.552+0000] {taskinstance.py:441} INFO - ::group::Post task execution logs
[2025-05-01T19:24:32.614+0000] {taskinstance.py:2905} ERROR - Task failed with exception
Traceback (most recent call last):
  File "/home/airflow/.local/lib/python3.10/site-packages/airflow/models/taskinstance.py", line 465, in _execute_task
    result = _execute_callable(context=context, **execute_callable_kwargs)
  File "/home/airflow/.local/lib/python3.10/site-packages/airflow/models/taskinstance.py", line 432, in _execute_callable
    return execute_callable(context=context, **execute_callable_kwargs)
  File "/home/airflow/.local/lib/python3.10/site-packages/airflow/models/baseoperator.py", line 400, in wrapper
    return func(self, *args, **kwargs)
  File "/home/airflow/.local/lib/python3.10/site-packages/airflow/providers/apache/spark/operators/spark_submit.py", line 197, in execute
    self._hook.submit(self.application)
  File "/home/airflow/.local/lib/python3.10/site-packages/airflow/providers/apache/spark/hooks/spark_submit.py", line 566, in submit
    raise AirflowException(
airflow.exceptions.AirflowException: Cannot execute: spark-submit --master spark://spark-master:7077 --conf spark.master=spark://spark-master:7077 --name LandingToBronze --verbose --queue root.default --deploy-mode client /opt/airflow/dags/landing_to_bronze.py. Error code is: 1.
[2025-05-01T19:24:32.622+0000] {taskinstance.py:1206} INFO - Marking task as FAILED. dag_id=final_project_BBDL, task_id=LandingToBronze, run_id=manual__2025-05-01T19:24:23.126304+00:00, execution_date=20250501T192423, start_date=20250501T192425, end_date=20250501T192432
[2025-05-01T19:24:32.669+0000] {standard_task_runner.py:110} ERROR - Failed to execute job 5 for task LandingToBronze (Cannot execute: spark-submit --master spark://spark-master:7077 --conf spark.master=spark://spark-master:7077 --name LandingToBronze --verbose --queue root.default --deploy-mode client /opt/airflow/dags/landing_to_bronze.py. Error code is: 1.; 1414)
[2025-05-01T19:24:32.735+0000] {local_task_job_runner.py:240} INFO - Task exited with return code 1
[2025-05-01T19:24:32.780+0000] {taskinstance.py:3498} INFO - 0 downstream tasks scheduled from follow-on schedule check
[2025-05-01T19:24:32.807+0000] {local_task_job_runner.py:222} INFO - ::endgroup::
