[2025-05-02T20:15:15.448+0000] {local_task_job_runner.py:120} INFO - ::group::Pre task execution logs
[2025-05-02T20:15:15.501+0000] {taskinstance.py:2076} INFO - Dependencies all met for dep_context=non-requeueable deps ti=<TaskInstance: final_project_BBDL.LandingToBronze manual__2025-05-02T20:15:13.232349+00:00 [queued]>
[2025-05-02T20:15:15.510+0000] {taskinstance.py:2076} INFO - Dependencies all met for dep_context=requeueable deps ti=<TaskInstance: final_project_BBDL.LandingToBronze manual__2025-05-02T20:15:13.232349+00:00 [queued]>
[2025-05-02T20:15:15.510+0000] {taskinstance.py:2306} INFO - Starting attempt 1 of 1
[2025-05-02T20:15:15.547+0000] {taskinstance.py:2330} INFO - Executing <Task(SparkSubmitOperator): LandingToBronze> on 2025-05-02 20:15:13.232349+00:00
[2025-05-02T20:15:15.551+0000] {standard_task_runner.py:63} INFO - Started process 213 to run task
[2025-05-02T20:15:15.554+0000] {standard_task_runner.py:90} INFO - Running: ['airflow', 'tasks', 'run', 'final_project_BBDL', 'LandingToBronze', 'manual__2025-05-02T20:15:13.232349+00:00', '--job-id', '23', '--raw', '--subdir', 'DAGS_FOLDER/project_solution.py', '--cfg-path', '/tmp/tmpn6r4gsg3']
[2025-05-02T20:15:15.557+0000] {standard_task_runner.py:91} INFO - Job 23: Subtask LandingToBronze
[2025-05-02T20:15:15.623+0000] {logging_mixin.py:188} WARNING - /home/airflow/.local/lib/python3.10/site-packages/airflow/settings.py:195 DeprecationWarning: The sql_alchemy_conn option in [core] has been moved to the sql_alchemy_conn option in [database] - the old setting has been used, but please update your config.
[2025-05-02T20:15:15.709+0000] {task_command.py:426} INFO - Running <TaskInstance: final_project_BBDL.LandingToBronze manual__2025-05-02T20:15:13.232349+00:00 [running]> on host 6ca5a7f6558e
[2025-05-02T20:15:15.941+0000] {taskinstance.py:2648} INFO - Exporting env vars: AIRFLOW_CTX_DAG_OWNER='airflow' AIRFLOW_CTX_DAG_ID='final_project_BBDL' AIRFLOW_CTX_TASK_ID='LandingToBronze' AIRFLOW_CTX_EXECUTION_DATE='2025-05-02T20:15:13.232349+00:00' AIRFLOW_CTX_TRY_NUMBER='1' AIRFLOW_CTX_DAG_RUN_ID='manual__2025-05-02T20:15:13.232349+00:00'
[2025-05-02T20:15:15.942+0000] {taskinstance.py:430} INFO - ::endgroup::
[2025-05-02T20:15:16.018+0000] {base.py:84} INFO - Using connection ID 'spark_default' for task execution.
[2025-05-02T20:15:16.019+0000] {spark_submit.py:328} ERROR - Failed to decode base64 keytab: Invalid base64-encoded string: number of data characters (5) cannot be 1 more than a multiple of 4
[2025-05-02T20:15:16.019+0000] {spark_submit.py:305} INFO - Could not load connection string spark_default, defaulting to spark://spark-master:7077
[2025-05-02T20:15:16.020+0000] {spark_submit.py:474} INFO - Spark-Submit cmd: spark-submit --master spark://spark-master:7077 --conf spark.master=spark://spark-master:7077 --name LandingToBronze --verbose --queue root.default --deploy-mode client /opt/airflow/dags/landing_to_bronze.py
[2025-05-02T20:15:17.491+0000] {spark_submit.py:644} INFO - Using properties file: null
[2025-05-02T20:15:17.585+0000] {spark_submit.py:644} INFO - Parsed arguments:
[2025-05-02T20:15:17.585+0000] {spark_submit.py:644} INFO - master                  spark://spark-master:7077
[2025-05-02T20:15:17.585+0000] {spark_submit.py:644} INFO - deployMode              client
[2025-05-02T20:15:17.585+0000] {spark_submit.py:644} INFO - executorMemory          null
[2025-05-02T20:15:17.585+0000] {spark_submit.py:644} INFO - executorCores           null
[2025-05-02T20:15:17.585+0000] {spark_submit.py:644} INFO - totalExecutorCores      null
[2025-05-02T20:15:17.586+0000] {spark_submit.py:644} INFO - propertiesFile          null
[2025-05-02T20:15:17.586+0000] {spark_submit.py:644} INFO - driverMemory            null
[2025-05-02T20:15:17.586+0000] {spark_submit.py:644} INFO - driverCores             null
[2025-05-02T20:15:17.586+0000] {spark_submit.py:644} INFO - driverExtraClassPath    null
[2025-05-02T20:15:17.586+0000] {spark_submit.py:644} INFO - driverExtraLibraryPath  null
[2025-05-02T20:15:17.586+0000] {spark_submit.py:644} INFO - driverExtraJavaOptions  null
[2025-05-02T20:15:17.586+0000] {spark_submit.py:644} INFO - supervise               false
[2025-05-02T20:15:17.586+0000] {spark_submit.py:644} INFO - queue                   root.default
[2025-05-02T20:15:17.586+0000] {spark_submit.py:644} INFO - numExecutors            null
[2025-05-02T20:15:17.586+0000] {spark_submit.py:644} INFO - files                   null
[2025-05-02T20:15:17.587+0000] {spark_submit.py:644} INFO - pyFiles                 null
[2025-05-02T20:15:17.587+0000] {spark_submit.py:644} INFO - archives                null
[2025-05-02T20:15:17.587+0000] {spark_submit.py:644} INFO - mainClass               null
[2025-05-02T20:15:17.587+0000] {spark_submit.py:644} INFO - primaryResource         file:/opt/airflow/dags/landing_to_bronze.py
[2025-05-02T20:15:17.587+0000] {spark_submit.py:644} INFO - name                    LandingToBronze
[2025-05-02T20:15:17.587+0000] {spark_submit.py:644} INFO - childArgs               []
[2025-05-02T20:15:17.587+0000] {spark_submit.py:644} INFO - jars                    null
[2025-05-02T20:15:17.587+0000] {spark_submit.py:644} INFO - packages                null
[2025-05-02T20:15:17.587+0000] {spark_submit.py:644} INFO - packagesExclusions      null
[2025-05-02T20:15:17.587+0000] {spark_submit.py:644} INFO - repositories            null
[2025-05-02T20:15:17.588+0000] {spark_submit.py:644} INFO - verbose                 true
[2025-05-02T20:15:17.588+0000] {spark_submit.py:644} INFO - 
[2025-05-02T20:15:17.588+0000] {spark_submit.py:644} INFO - Spark properties used, including those specified through
[2025-05-02T20:15:17.588+0000] {spark_submit.py:644} INFO - --conf and those from the properties file null:
[2025-05-02T20:15:17.588+0000] {spark_submit.py:644} INFO - (spark.master,spark://spark-master:7077)
[2025-05-02T20:15:17.588+0000] {spark_submit.py:644} INFO - 
[2025-05-02T20:15:17.588+0000] {spark_submit.py:644} INFO - 
[2025-05-02T20:15:17.932+0000] {spark_submit.py:644} INFO - Main class:
[2025-05-02T20:15:17.933+0000] {spark_submit.py:644} INFO - org.apache.spark.deploy.PythonRunner
[2025-05-02T20:15:17.933+0000] {spark_submit.py:644} INFO - Arguments:
[2025-05-02T20:15:17.933+0000] {spark_submit.py:644} INFO - file:/opt/airflow/dags/landing_to_bronze.py
[2025-05-02T20:15:17.934+0000] {spark_submit.py:644} INFO - null
[2025-05-02T20:15:17.936+0000] {spark_submit.py:644} INFO - Spark config:
[2025-05-02T20:15:17.936+0000] {spark_submit.py:644} INFO - (spark.app.name,LandingToBronze)
[2025-05-02T20:15:17.936+0000] {spark_submit.py:644} INFO - (spark.app.submitTime,1746216917911)
[2025-05-02T20:15:17.936+0000] {spark_submit.py:644} INFO - (spark.master,spark://spark-master:7077)
[2025-05-02T20:15:17.936+0000] {spark_submit.py:644} INFO - (spark.submit.deployMode,client)
[2025-05-02T20:15:17.936+0000] {spark_submit.py:644} INFO - (spark.submit.pyFiles,)
[2025-05-02T20:15:17.936+0000] {spark_submit.py:644} INFO - Classpath elements:
[2025-05-02T20:15:17.937+0000] {spark_submit.py:644} INFO - 
[2025-05-02T20:15:17.937+0000] {spark_submit.py:644} INFO - 
[2025-05-02T20:15:17.937+0000] {spark_submit.py:644} INFO - 
[2025-05-02T20:15:19.038+0000] {spark_submit.py:644} INFO - 25/05/02 20:15:19 INFO SparkContext: Running Spark version 3.3.0
[2025-05-02T20:15:19.117+0000] {spark_submit.py:644} INFO - 25/05/02 20:15:19 WARN NativeCodeLoader: Unable to load native-hadoop library for your platform... using builtin-java classes where applicable
[2025-05-02T20:15:19.235+0000] {spark_submit.py:644} INFO - 25/05/02 20:15:19 INFO ResourceUtils: ==============================================================
[2025-05-02T20:15:19.235+0000] {spark_submit.py:644} INFO - 25/05/02 20:15:19 INFO ResourceUtils: No custom resources configured for spark.driver.
[2025-05-02T20:15:19.236+0000] {spark_submit.py:644} INFO - 25/05/02 20:15:19 INFO ResourceUtils: ==============================================================
[2025-05-02T20:15:19.237+0000] {spark_submit.py:644} INFO - 25/05/02 20:15:19 INFO SparkContext: Submitted application: LandingToBronze
[2025-05-02T20:15:19.257+0000] {spark_submit.py:644} INFO - 25/05/02 20:15:19 INFO ResourceProfile: Default ResourceProfile created, executor resources: Map(cores -> name: cores, amount: 1, script: , vendor: , memory -> name: memory, amount: 1024, script: , vendor: , offHeap -> name: offHeap, amount: 0, script: , vendor: ), task resources: Map(cpus -> name: cpus, amount: 1.0)
[2025-05-02T20:15:19.265+0000] {spark_submit.py:644} INFO - 25/05/02 20:15:19 INFO ResourceProfile: Limiting resource is cpu
[2025-05-02T20:15:19.266+0000] {spark_submit.py:644} INFO - 25/05/02 20:15:19 INFO ResourceProfileManager: Added ResourceProfile id: 0
[2025-05-02T20:15:19.304+0000] {spark_submit.py:644} INFO - 25/05/02 20:15:19 INFO SecurityManager: Changing view acls to: airflow
[2025-05-02T20:15:19.304+0000] {spark_submit.py:644} INFO - 25/05/02 20:15:19 INFO SecurityManager: Changing modify acls to: airflow
[2025-05-02T20:15:19.305+0000] {spark_submit.py:644} INFO - 25/05/02 20:15:19 INFO SecurityManager: Changing view acls groups to:
[2025-05-02T20:15:19.305+0000] {spark_submit.py:644} INFO - 25/05/02 20:15:19 INFO SecurityManager: Changing modify acls groups to:
[2025-05-02T20:15:19.306+0000] {spark_submit.py:644} INFO - 25/05/02 20:15:19 INFO SecurityManager: SecurityManager: authentication disabled; ui acls disabled; users  with view permissions: Set(airflow); groups with view permissions: Set(); users  with modify permissions: Set(airflow); groups with modify permissions: Set()
[2025-05-02T20:15:19.513+0000] {spark_submit.py:644} INFO - 25/05/02 20:15:19 INFO Utils: Successfully started service 'sparkDriver' on port 38529.
[2025-05-02T20:15:19.546+0000] {spark_submit.py:644} INFO - 25/05/02 20:15:19 INFO SparkEnv: Registering MapOutputTracker
[2025-05-02T20:15:19.586+0000] {spark_submit.py:644} INFO - 25/05/02 20:15:19 INFO SparkEnv: Registering BlockManagerMaster
[2025-05-02T20:15:19.603+0000] {spark_submit.py:644} INFO - 25/05/02 20:15:19 INFO BlockManagerMasterEndpoint: Using org.apache.spark.storage.DefaultTopologyMapper for getting topology information
[2025-05-02T20:15:19.604+0000] {spark_submit.py:644} INFO - 25/05/02 20:15:19 INFO BlockManagerMasterEndpoint: BlockManagerMasterEndpoint up
[2025-05-02T20:15:19.610+0000] {spark_submit.py:644} INFO - 25/05/02 20:15:19 INFO SparkEnv: Registering BlockManagerMasterHeartbeat
[2025-05-02T20:15:19.630+0000] {spark_submit.py:644} INFO - 25/05/02 20:15:19 INFO DiskBlockManager: Created local directory at /tmp/blockmgr-d1de75f7-9af3-479b-b5cd-33a5485211c2
[2025-05-02T20:15:19.650+0000] {spark_submit.py:644} INFO - 25/05/02 20:15:19 INFO MemoryStore: MemoryStore started with capacity 434.4 MiB
[2025-05-02T20:15:19.662+0000] {spark_submit.py:644} INFO - 25/05/02 20:15:19 INFO SparkEnv: Registering OutputCommitCoordinator
[2025-05-02T20:15:19.828+0000] {spark_submit.py:644} INFO - 25/05/02 20:15:19 INFO Utils: Successfully started service 'SparkUI' on port 4040.
[2025-05-02T20:15:19.951+0000] {spark_submit.py:644} INFO - 25/05/02 20:15:19 INFO StandaloneAppClient$ClientEndpoint: Connecting to master spark://spark-master:7077...
[2025-05-02T20:15:19.992+0000] {spark_submit.py:644} INFO - 25/05/02 20:15:19 INFO TransportClientFactory: Successfully created connection to spark-master/172.19.0.2:7077 after 21 ms (0 ms spent in bootstraps)
[2025-05-02T20:15:20.119+0000] {spark_submit.py:644} INFO - 25/05/02 20:15:20 INFO StandaloneSchedulerBackend: Connected to Spark cluster with app ID app-20250502201520-0000
[2025-05-02T20:15:20.128+0000] {spark_submit.py:644} INFO - 25/05/02 20:15:20 INFO Utils: Successfully started service 'org.apache.spark.network.netty.NettyBlockTransferService' on port 35647.
[2025-05-02T20:15:20.129+0000] {spark_submit.py:644} INFO - 25/05/02 20:15:20 INFO NettyBlockTransferService: Server created on 6ca5a7f6558e:35647
[2025-05-02T20:15:20.131+0000] {spark_submit.py:644} INFO - 25/05/02 20:15:20 INFO BlockManager: Using org.apache.spark.storage.RandomBlockReplicationPolicy for block replication policy
[2025-05-02T20:15:20.138+0000] {spark_submit.py:644} INFO - 25/05/02 20:15:20 INFO BlockManagerMaster: Registering BlockManager BlockManagerId(driver, 6ca5a7f6558e, 35647, None)
[2025-05-02T20:15:20.142+0000] {spark_submit.py:644} INFO - 25/05/02 20:15:20 INFO BlockManagerMasterEndpoint: Registering block manager 6ca5a7f6558e:35647 with 434.4 MiB RAM, BlockManagerId(driver, 6ca5a7f6558e, 35647, None)
[2025-05-02T20:15:20.144+0000] {spark_submit.py:644} INFO - 25/05/02 20:15:20 INFO BlockManagerMaster: Registered BlockManager BlockManagerId(driver, 6ca5a7f6558e, 35647, None)
[2025-05-02T20:15:20.145+0000] {spark_submit.py:644} INFO - 25/05/02 20:15:20 INFO BlockManager: Initialized BlockManager: BlockManagerId(driver, 6ca5a7f6558e, 35647, None)
[2025-05-02T20:15:20.155+0000] {spark_submit.py:644} INFO - 25/05/02 20:15:20 INFO StandaloneAppClient$ClientEndpoint: Executor added: app-20250502201520-0000/0 on worker-20250502201254-172.19.0.5-36485 (172.19.0.5:36485) with 2 core(s)
[2025-05-02T20:15:20.157+0000] {spark_submit.py:644} INFO - 25/05/02 20:15:20 INFO StandaloneSchedulerBackend: Granted executor ID app-20250502201520-0000/0 on hostPort 172.19.0.5:36485 with 2 core(s), 1024.0 MiB RAM
[2025-05-02T20:15:20.361+0000] {spark_submit.py:644} INFO - 25/05/02 20:15:20 INFO StandaloneAppClient$ClientEndpoint: Executor updated: app-20250502201520-0000/0 is now RUNNING
[2025-05-02T20:15:20.365+0000] {spark_submit.py:644} INFO - 25/05/02 20:15:20 INFO StandaloneSchedulerBackend: SchedulerBackend is ready for scheduling beginning after reached minRegisteredResourcesRatio: 0.0
[2025-05-02T20:15:20.526+0000] {spark_submit.py:644} INFO - 📥 Завантаження: https://ftp.goit.study/neoversity/athlete_bio.csv
[2025-05-02T20:15:23.166+0000] {spark_submit.py:644} INFO - Traceback (most recent call last):
[2025-05-02T20:15:23.167+0000] {spark_submit.py:644} INFO - File "/opt/airflow/dags/landing_to_bronze.py", line 59, in <module>
[2025-05-02T20:15:23.167+0000] {spark_submit.py:644} INFO - main()
[2025-05-02T20:15:23.167+0000] {spark_submit.py:644} INFO - File "/opt/airflow/dags/landing_to_bronze.py", line 41, in main
[2025-05-02T20:15:23.168+0000] {spark_submit.py:644} INFO - download_data(table, landing_dir)
[2025-05-02T20:15:23.168+0000] {spark_submit.py:644} INFO - File "/opt/airflow/dags/landing_to_bronze.py", line 13, in download_data
[2025-05-02T20:15:23.168+0000] {spark_submit.py:644} INFO - with open(local_path, "wb") as f:
[2025-05-02T20:15:23.168+0000] {spark_submit.py:644} INFO - PermissionError: [Errno 13] Permission denied: '/tmp/spark_data/landing/athlete_bio.csv'
[2025-05-02T20:15:23.227+0000] {spark_submit.py:644} INFO - 25/05/02 20:15:23 INFO SparkContext: Invoking stop() from shutdown hook
[2025-05-02T20:15:23.238+0000] {spark_submit.py:644} INFO - 25/05/02 20:15:23 INFO SparkUI: Stopped Spark web UI at http://6ca5a7f6558e:4040
[2025-05-02T20:15:23.241+0000] {spark_submit.py:644} INFO - 25/05/02 20:15:23 INFO StandaloneSchedulerBackend: Shutting down all executors
[2025-05-02T20:15:23.244+0000] {spark_submit.py:644} INFO - 25/05/02 20:15:23 INFO CoarseGrainedSchedulerBackend$DriverEndpoint: Asking each executor to shut down
[2025-05-02T20:15:23.261+0000] {spark_submit.py:644} INFO - 25/05/02 20:15:23 INFO MapOutputTrackerMasterEndpoint: MapOutputTrackerMasterEndpoint stopped!
[2025-05-02T20:15:23.296+0000] {spark_submit.py:644} INFO - 25/05/02 20:15:23 INFO MemoryStore: MemoryStore cleared
[2025-05-02T20:15:23.296+0000] {spark_submit.py:644} INFO - 25/05/02 20:15:23 INFO BlockManager: BlockManager stopped
[2025-05-02T20:15:23.301+0000] {spark_submit.py:644} INFO - 25/05/02 20:15:23 INFO BlockManagerMaster: BlockManagerMaster stopped
[2025-05-02T20:15:23.303+0000] {spark_submit.py:644} INFO - 25/05/02 20:15:23 INFO OutputCommitCoordinator$OutputCommitCoordinatorEndpoint: OutputCommitCoordinator stopped!
[2025-05-02T20:15:23.319+0000] {spark_submit.py:644} INFO - 25/05/02 20:15:23 INFO SparkContext: Successfully stopped SparkContext
[2025-05-02T20:15:23.319+0000] {spark_submit.py:644} INFO - 25/05/02 20:15:23 INFO ShutdownHookManager: Shutdown hook called
[2025-05-02T20:15:23.322+0000] {spark_submit.py:644} INFO - 25/05/02 20:15:23 INFO ShutdownHookManager: Deleting directory /tmp/spark-aeb19169-f541-4f8c-a05e-1ff1d49ca8cc
[2025-05-02T20:15:23.330+0000] {spark_submit.py:644} INFO - 25/05/02 20:15:23 INFO ShutdownHookManager: Deleting directory /tmp/spark-3a961c6e-bd52-4021-819f-4db98a755dbb
[2025-05-02T20:15:23.337+0000] {spark_submit.py:644} INFO - 25/05/02 20:15:23 INFO ShutdownHookManager: Deleting directory /tmp/spark-aeb19169-f541-4f8c-a05e-1ff1d49ca8cc/pyspark-e65c5547-e38a-4e68-be26-f4f0b5a0b11e
[2025-05-02T20:15:23.403+0000] {taskinstance.py:441} INFO - ::group::Post task execution logs
[2025-05-02T20:15:23.480+0000] {taskinstance.py:2905} ERROR - Task failed with exception
Traceback (most recent call last):
  File "/home/airflow/.local/lib/python3.10/site-packages/airflow/models/taskinstance.py", line 465, in _execute_task
    result = _execute_callable(context=context, **execute_callable_kwargs)
  File "/home/airflow/.local/lib/python3.10/site-packages/airflow/models/taskinstance.py", line 432, in _execute_callable
    return execute_callable(context=context, **execute_callable_kwargs)
  File "/home/airflow/.local/lib/python3.10/site-packages/airflow/models/baseoperator.py", line 400, in wrapper
    return func(self, *args, **kwargs)
  File "/home/airflow/.local/lib/python3.10/site-packages/airflow/providers/apache/spark/operators/spark_submit.py", line 197, in execute
    self._hook.submit(self.application)
  File "/home/airflow/.local/lib/python3.10/site-packages/airflow/providers/apache/spark/hooks/spark_submit.py", line 566, in submit
    raise AirflowException(
airflow.exceptions.AirflowException: Cannot execute: spark-submit --master spark://spark-master:7077 --conf spark.master=spark://spark-master:7077 --name LandingToBronze --verbose --queue root.default --deploy-mode client /opt/airflow/dags/landing_to_bronze.py. Error code is: 1.
[2025-05-02T20:15:23.487+0000] {taskinstance.py:1206} INFO - Marking task as FAILED. dag_id=final_project_BBDL, task_id=LandingToBronze, run_id=manual__2025-05-02T20:15:13.232349+00:00, execution_date=20250502T201513, start_date=20250502T201515, end_date=20250502T201523
[2025-05-02T20:15:23.528+0000] {standard_task_runner.py:110} ERROR - Failed to execute job 23 for task LandingToBronze (Cannot execute: spark-submit --master spark://spark-master:7077 --conf spark.master=spark://spark-master:7077 --name LandingToBronze --verbose --queue root.default --deploy-mode client /opt/airflow/dags/landing_to_bronze.py. Error code is: 1.; 213)
[2025-05-02T20:15:23.548+0000] {local_task_job_runner.py:240} INFO - Task exited with return code 1
[2025-05-02T20:15:23.593+0000] {taskinstance.py:3498} INFO - 0 downstream tasks scheduled from follow-on schedule check
[2025-05-02T20:15:23.619+0000] {local_task_job_runner.py:222} INFO - ::endgroup::
