[2025-05-05T22:15:03.643+0000] {taskinstance.py:1103} INFO - Dependencies all met for dep_context=non-requeueable deps ti=<TaskInstance: final_project_BBDL.SilverToGold manual__2025-05-05T22:13:32.459169+00:00 [queued]>
[2025-05-05T22:15:03.652+0000] {taskinstance.py:1103} INFO - Dependencies all met for dep_context=requeueable deps ti=<TaskInstance: final_project_BBDL.SilverToGold manual__2025-05-05T22:13:32.459169+00:00 [queued]>
[2025-05-05T22:15:03.653+0000] {taskinstance.py:1308} INFO - Starting attempt 1 of 1
[2025-05-05T22:15:03.689+0000] {taskinstance.py:1327} INFO - Executing <Task(SparkSubmitOperator): SilverToGold> on 2025-05-05 22:13:32.459169+00:00
[2025-05-05T22:15:03.693+0000] {standard_task_runner.py:57} INFO - Started process 8584 to run task
[2025-05-05T22:15:03.695+0000] {standard_task_runner.py:84} INFO - Running: ['airflow', 'tasks', 'run', 'final_project_BBDL', 'SilverToGold', 'manual__2025-05-05T22:13:32.459169+00:00', '--job-id', '29', '--raw', '--subdir', 'DAGS_FOLDER/project_solution.py', '--cfg-path', '/tmp/tmph33pp8mg']
[2025-05-05T22:15:03.697+0000] {standard_task_runner.py:85} INFO - Job 29: Subtask SilverToGold
[2025-05-05T22:15:03.732+0000] {logging_mixin.py:150} WARNING - /home/airflow/.local/lib/python3.7/site-packages/airflow/settings.py:195 DeprecationWarning: The sql_alchemy_conn option in [core] has been moved to the sql_alchemy_conn option in [database] - the old setting has been used, but please update your config.
[2025-05-05T22:15:03.774+0000] {task_command.py:410} INFO - Running <TaskInstance: final_project_BBDL.SilverToGold manual__2025-05-05T22:13:32.459169+00:00 [running]> on host b431f09a1fa6
[2025-05-05T22:15:03.911+0000] {taskinstance.py:1547} INFO - Exporting env vars: AIRFLOW_CTX_DAG_OWNER='airflow' AIRFLOW_CTX_DAG_ID='final_project_BBDL' AIRFLOW_CTX_TASK_ID='SilverToGold' AIRFLOW_CTX_EXECUTION_DATE='2025-05-05T22:13:32.459169+00:00' AIRFLOW_CTX_TRY_NUMBER='1' AIRFLOW_CTX_DAG_RUN_ID='manual__2025-05-05T22:13:32.459169+00:00'
[2025-05-05T22:15:03.922+0000] {base.py:73} INFO - Using connection ID 'spark_default' for task execution.
[2025-05-05T22:15:03.924+0000] {spark_submit.py:339} INFO - Spark-Submit cmd: spark-submit --master spark://spark-master:7077 --conf spark.master=spark://spark-master:7077 --name SilverToGold --verbose --queue root.default /opt/airflow/dags/silver_to_gold.py
[2025-05-05T22:15:05.580+0000] {spark_submit.py:490} INFO - Using properties file: null
[2025-05-05T22:15:05.674+0000] {spark_submit.py:490} INFO - Parsed arguments:
[2025-05-05T22:15:05.674+0000] {spark_submit.py:490} INFO - master                  spark://spark-master:7077
[2025-05-05T22:15:05.674+0000] {spark_submit.py:490} INFO - deployMode              null
[2025-05-05T22:15:05.674+0000] {spark_submit.py:490} INFO - executorMemory          null
[2025-05-05T22:15:05.674+0000] {spark_submit.py:490} INFO - executorCores           null
[2025-05-05T22:15:05.674+0000] {spark_submit.py:490} INFO - totalExecutorCores      null
[2025-05-05T22:15:05.674+0000] {spark_submit.py:490} INFO - propertiesFile          null
[2025-05-05T22:15:05.674+0000] {spark_submit.py:490} INFO - driverMemory            null
[2025-05-05T22:15:05.674+0000] {spark_submit.py:490} INFO - driverCores             null
[2025-05-05T22:15:05.675+0000] {spark_submit.py:490} INFO - driverExtraClassPath    null
[2025-05-05T22:15:05.675+0000] {spark_submit.py:490} INFO - driverExtraLibraryPath  null
[2025-05-05T22:15:05.675+0000] {spark_submit.py:490} INFO - driverExtraJavaOptions  null
[2025-05-05T22:15:05.675+0000] {spark_submit.py:490} INFO - supervise               false
[2025-05-05T22:15:05.675+0000] {spark_submit.py:490} INFO - queue                   root.default
[2025-05-05T22:15:05.675+0000] {spark_submit.py:490} INFO - numExecutors            null
[2025-05-05T22:15:05.675+0000] {spark_submit.py:490} INFO - files                   null
[2025-05-05T22:15:05.675+0000] {spark_submit.py:490} INFO - pyFiles                 null
[2025-05-05T22:15:05.675+0000] {spark_submit.py:490} INFO - archives                null
[2025-05-05T22:15:05.675+0000] {spark_submit.py:490} INFO - mainClass               null
[2025-05-05T22:15:05.675+0000] {spark_submit.py:490} INFO - primaryResource         file:/opt/airflow/dags/silver_to_gold.py
[2025-05-05T22:15:05.675+0000] {spark_submit.py:490} INFO - name                    SilverToGold
[2025-05-05T22:15:05.675+0000] {spark_submit.py:490} INFO - childArgs               []
[2025-05-05T22:15:05.675+0000] {spark_submit.py:490} INFO - jars                    null
[2025-05-05T22:15:05.675+0000] {spark_submit.py:490} INFO - packages                null
[2025-05-05T22:15:05.675+0000] {spark_submit.py:490} INFO - packagesExclusions      null
[2025-05-05T22:15:05.675+0000] {spark_submit.py:490} INFO - repositories            null
[2025-05-05T22:15:05.675+0000] {spark_submit.py:490} INFO - verbose                 true
[2025-05-05T22:15:05.676+0000] {spark_submit.py:490} INFO - 
[2025-05-05T22:15:05.676+0000] {spark_submit.py:490} INFO - Spark properties used, including those specified through
[2025-05-05T22:15:05.676+0000] {spark_submit.py:490} INFO - --conf and those from the properties file null:
[2025-05-05T22:15:05.676+0000] {spark_submit.py:490} INFO - (spark.master,spark://spark-master:7077)
[2025-05-05T22:15:05.676+0000] {spark_submit.py:490} INFO - 
[2025-05-05T22:15:05.676+0000] {spark_submit.py:490} INFO - 
[2025-05-05T22:15:05.932+0000] {spark_submit.py:490} INFO - Main class:
[2025-05-05T22:15:05.933+0000] {spark_submit.py:490} INFO - org.apache.spark.deploy.PythonRunner
[2025-05-05T22:15:05.933+0000] {spark_submit.py:490} INFO - Arguments:
[2025-05-05T22:15:05.933+0000] {spark_submit.py:490} INFO - file:/opt/airflow/dags/silver_to_gold.py
[2025-05-05T22:15:05.933+0000] {spark_submit.py:490} INFO - null
[2025-05-05T22:15:05.935+0000] {spark_submit.py:490} INFO - Spark config:
[2025-05-05T22:15:05.935+0000] {spark_submit.py:490} INFO - (spark.app.name,SilverToGold)
[2025-05-05T22:15:05.936+0000] {spark_submit.py:490} INFO - (spark.app.submitTime,1746483305919)
[2025-05-05T22:15:05.936+0000] {spark_submit.py:490} INFO - (spark.master,spark://spark-master:7077)
[2025-05-05T22:15:05.936+0000] {spark_submit.py:490} INFO - (spark.submit.deployMode,client)
[2025-05-05T22:15:05.936+0000] {spark_submit.py:490} INFO - (spark.submit.pyFiles,)
[2025-05-05T22:15:05.936+0000] {spark_submit.py:490} INFO - Classpath elements:
[2025-05-05T22:15:05.936+0000] {spark_submit.py:490} INFO - 
[2025-05-05T22:15:05.936+0000] {spark_submit.py:490} INFO - 
[2025-05-05T22:15:05.936+0000] {spark_submit.py:490} INFO - 
[2025-05-05T22:15:06.436+0000] {spark_submit.py:490} INFO - 25/05/05 22:15:06 INFO SparkContext: Running Spark version 3.3.0
[2025-05-05T22:15:06.500+0000] {spark_submit.py:490} INFO - 25/05/05 22:15:06 WARN NativeCodeLoader: Unable to load native-hadoop library for your platform... using builtin-java classes where applicable
[2025-05-05T22:15:06.583+0000] {spark_submit.py:490} INFO - 25/05/05 22:15:06 INFO ResourceUtils: ==============================================================
[2025-05-05T22:15:06.583+0000] {spark_submit.py:490} INFO - 25/05/05 22:15:06 INFO ResourceUtils: No custom resources configured for spark.driver.
[2025-05-05T22:15:06.584+0000] {spark_submit.py:490} INFO - 25/05/05 22:15:06 INFO ResourceUtils: ==============================================================
[2025-05-05T22:15:06.584+0000] {spark_submit.py:490} INFO - 25/05/05 22:15:06 INFO SparkContext: Submitted application: SilverToGold
[2025-05-05T22:15:06.604+0000] {spark_submit.py:490} INFO - 25/05/05 22:15:06 INFO ResourceProfile: Default ResourceProfile created, executor resources: Map(cores -> name: cores, amount: 1, script: , vendor: , memory -> name: memory, amount: 1024, script: , vendor: , offHeap -> name: offHeap, amount: 0, script: , vendor: ), task resources: Map(cpus -> name: cpus, amount: 1.0)
[2025-05-05T22:15:06.614+0000] {spark_submit.py:490} INFO - 25/05/05 22:15:06 INFO ResourceProfile: Limiting resource is cpu
[2025-05-05T22:15:06.615+0000] {spark_submit.py:490} INFO - 25/05/05 22:15:06 INFO ResourceProfileManager: Added ResourceProfile id: 0
[2025-05-05T22:15:06.659+0000] {spark_submit.py:490} INFO - 25/05/05 22:15:06 INFO SecurityManager: Changing view acls to: root
[2025-05-05T22:15:06.659+0000] {spark_submit.py:490} INFO - 25/05/05 22:15:06 INFO SecurityManager: Changing modify acls to: root
[2025-05-05T22:15:06.660+0000] {spark_submit.py:490} INFO - 25/05/05 22:15:06 INFO SecurityManager: Changing view acls groups to:
[2025-05-05T22:15:06.660+0000] {spark_submit.py:490} INFO - 25/05/05 22:15:06 INFO SecurityManager: Changing modify acls groups to:
[2025-05-05T22:15:06.661+0000] {spark_submit.py:490} INFO - 25/05/05 22:15:06 INFO SecurityManager: SecurityManager: authentication disabled; ui acls disabled; users  with view permissions: Set(root); groups with view permissions: Set(); users  with modify permissions: Set(root); groups with modify permissions: Set()
[2025-05-05T22:15:06.931+0000] {spark_submit.py:490} INFO - 25/05/05 22:15:06 INFO Utils: Successfully started service 'sparkDriver' on port 41089.
[2025-05-05T22:15:06.956+0000] {spark_submit.py:490} INFO - 25/05/05 22:15:06 INFO SparkEnv: Registering MapOutputTracker
[2025-05-05T22:15:06.989+0000] {spark_submit.py:490} INFO - 25/05/05 22:15:06 INFO SparkEnv: Registering BlockManagerMaster
[2025-05-05T22:15:07.008+0000] {spark_submit.py:490} INFO - 25/05/05 22:15:07 INFO BlockManagerMasterEndpoint: Using org.apache.spark.storage.DefaultTopologyMapper for getting topology information
[2025-05-05T22:15:07.009+0000] {spark_submit.py:490} INFO - 25/05/05 22:15:07 INFO BlockManagerMasterEndpoint: BlockManagerMasterEndpoint up
[2025-05-05T22:15:07.013+0000] {spark_submit.py:490} INFO - 25/05/05 22:15:07 INFO SparkEnv: Registering BlockManagerMasterHeartbeat
[2025-05-05T22:15:07.032+0000] {spark_submit.py:490} INFO - 25/05/05 22:15:07 INFO DiskBlockManager: Created local directory at /tmp/blockmgr-33d2b55f-3a84-4715-9a2a-96a01638e4cb
[2025-05-05T22:15:07.049+0000] {spark_submit.py:490} INFO - 25/05/05 22:15:07 INFO MemoryStore: MemoryStore started with capacity 434.4 MiB
[2025-05-05T22:15:07.065+0000] {spark_submit.py:490} INFO - 25/05/05 22:15:07 INFO SparkEnv: Registering OutputCommitCoordinator
[2025-05-05T22:15:07.254+0000] {spark_submit.py:490} INFO - 25/05/05 22:15:07 INFO Utils: Successfully started service 'SparkUI' on port 4040.
[2025-05-05T22:15:07.355+0000] {spark_submit.py:490} INFO - 25/05/05 22:15:07 INFO StandaloneAppClient$ClientEndpoint: Connecting to master spark://spark-master:7077...
[2025-05-05T22:15:07.397+0000] {spark_submit.py:490} INFO - 25/05/05 22:15:07 INFO TransportClientFactory: Successfully created connection to spark-master/172.18.0.3:7077 after 25 ms (0 ms spent in bootstraps)
[2025-05-05T22:15:07.471+0000] {spark_submit.py:490} INFO - 25/05/05 22:15:07 INFO StandaloneSchedulerBackend: Connected to Spark cluster with app ID app-20250505221507-0026
[2025-05-05T22:15:07.473+0000] {spark_submit.py:490} INFO - 25/05/05 22:15:07 INFO StandaloneAppClient$ClientEndpoint: Executor added: app-20250505221507-0026/0 on worker-20250505201940-172.18.0.6-38439 (172.18.0.6:38439) with 2 core(s)
[2025-05-05T22:15:07.481+0000] {spark_submit.py:490} INFO - 25/05/05 22:15:07 INFO StandaloneSchedulerBackend: Granted executor ID app-20250505221507-0026/0 on hostPort 172.18.0.6:38439 with 2 core(s), 1024.0 MiB RAM
[2025-05-05T22:15:07.481+0000] {spark_submit.py:490} INFO - 25/05/05 22:15:07 INFO Utils: Successfully started service 'org.apache.spark.network.netty.NettyBlockTransferService' on port 44357.
[2025-05-05T22:15:07.481+0000] {spark_submit.py:490} INFO - 25/05/05 22:15:07 INFO NettyBlockTransferService: Server created on b431f09a1fa6:44357
[2025-05-05T22:15:07.483+0000] {spark_submit.py:490} INFO - 25/05/05 22:15:07 INFO BlockManager: Using org.apache.spark.storage.RandomBlockReplicationPolicy for block replication policy
[2025-05-05T22:15:07.491+0000] {spark_submit.py:490} INFO - 25/05/05 22:15:07 INFO BlockManagerMaster: Registering BlockManager BlockManagerId(driver, b431f09a1fa6, 44357, None)
[2025-05-05T22:15:07.495+0000] {spark_submit.py:490} INFO - 25/05/05 22:15:07 INFO BlockManagerMasterEndpoint: Registering block manager b431f09a1fa6:44357 with 434.4 MiB RAM, BlockManagerId(driver, b431f09a1fa6, 44357, None)
[2025-05-05T22:15:07.498+0000] {spark_submit.py:490} INFO - 25/05/05 22:15:07 INFO BlockManagerMaster: Registered BlockManager BlockManagerId(driver, b431f09a1fa6, 44357, None)
[2025-05-05T22:15:07.499+0000] {spark_submit.py:490} INFO - 25/05/05 22:15:07 INFO BlockManager: Initialized BlockManager: BlockManagerId(driver, b431f09a1fa6, 44357, None)
[2025-05-05T22:15:07.507+0000] {spark_submit.py:490} INFO - 25/05/05 22:15:07 INFO StandaloneAppClient$ClientEndpoint: Executor updated: app-20250505221507-0026/0 is now RUNNING
[2025-05-05T22:15:07.698+0000] {spark_submit.py:490} INFO - 25/05/05 22:15:07 INFO StandaloneSchedulerBackend: SchedulerBackend is ready for scheduling beginning after reached minRegisteredResourcesRatio: 0.0
[2025-05-05T22:15:07.851+0000] {spark_submit.py:490} INFO - 2025-05-05 22:15:07,851 [INFO] 📁 Очікувані шляхи:
[2025-05-05T22:15:07.852+0000] {spark_submit.py:490} INFO - - /tmp/spark_data/silver/athlete_bio/20250505
[2025-05-05T22:15:07.852+0000] {spark_submit.py:490} INFO - - /tmp/spark_data/silver/athlete_event_results/20250505
[2025-05-05T22:15:07.852+0000] {spark_submit.py:490} INFO - 2025-05-05 22:15:07,851 [ERROR] ❌ Не знайдено необхідних даних у silver директориях!
[2025-05-05T22:15:07.864+0000] {spark_submit.py:490} INFO - 25/05/05 22:15:07 INFO SparkUI: Stopped Spark web UI at http://b431f09a1fa6:4040
[2025-05-05T22:15:07.868+0000] {spark_submit.py:490} INFO - 25/05/05 22:15:07 INFO StandaloneSchedulerBackend: Shutting down all executors
[2025-05-05T22:15:07.871+0000] {spark_submit.py:490} INFO - 25/05/05 22:15:07 INFO CoarseGrainedSchedulerBackend$DriverEndpoint: Asking each executor to shut down
[2025-05-05T22:15:07.895+0000] {spark_submit.py:490} INFO - 25/05/05 22:15:07 INFO MapOutputTrackerMasterEndpoint: MapOutputTrackerMasterEndpoint stopped!
[2025-05-05T22:15:07.911+0000] {spark_submit.py:490} INFO - 25/05/05 22:15:07 INFO MemoryStore: MemoryStore cleared
[2025-05-05T22:15:07.912+0000] {spark_submit.py:490} INFO - 25/05/05 22:15:07 INFO BlockManager: BlockManager stopped
[2025-05-05T22:15:07.918+0000] {spark_submit.py:490} INFO - 25/05/05 22:15:07 INFO BlockManagerMaster: BlockManagerMaster stopped
[2025-05-05T22:15:07.920+0000] {spark_submit.py:490} INFO - 25/05/05 22:15:07 INFO OutputCommitCoordinator$OutputCommitCoordinatorEndpoint: OutputCommitCoordinator stopped!
[2025-05-05T22:15:07.931+0000] {spark_submit.py:490} INFO - 25/05/05 22:15:07 INFO SparkContext: Successfully stopped SparkContext
[2025-05-05T22:15:08.254+0000] {spark_submit.py:490} INFO - 25/05/05 22:15:08 INFO ShutdownHookManager: Shutdown hook called
[2025-05-05T22:15:08.254+0000] {spark_submit.py:490} INFO - 25/05/05 22:15:08 INFO ShutdownHookManager: Deleting directory /tmp/spark-47c57bf4-a230-44a5-8ba0-3a5f52ba4d60
[2025-05-05T22:15:08.258+0000] {spark_submit.py:490} INFO - 25/05/05 22:15:08 INFO ShutdownHookManager: Deleting directory /tmp/spark-47c57bf4-a230-44a5-8ba0-3a5f52ba4d60/pyspark-d6fae0c0-f866-48c2-8fe3-ebf8322b07b0
[2025-05-05T22:15:08.261+0000] {spark_submit.py:490} INFO - 25/05/05 22:15:08 INFO ShutdownHookManager: Deleting directory /tmp/spark-c5249103-ff1a-4595-9d41-a55baca08556
[2025-05-05T22:15:08.295+0000] {taskinstance.py:1350} INFO - Marking task as SUCCESS. dag_id=final_project_BBDL, task_id=SilverToGold, execution_date=20250505T221332, start_date=20250505T221503, end_date=20250505T221508
[2025-05-05T22:15:08.339+0000] {local_task_job_runner.py:225} INFO - Task exited with return code 0
[2025-05-05T22:15:08.357+0000] {taskinstance.py:2653} INFO - 0 downstream tasks scheduled from follow-on schedule check
