[2025-05-06T08:58:02.138+0000] {taskinstance.py:1103} INFO - Dependencies all met for dep_context=non-requeueable deps ti=<TaskInstance: final_project_BBDL.SilverToGold manual__2025-05-06T08:57:11.178365+00:00 [queued]>
[2025-05-06T08:58:02.148+0000] {taskinstance.py:1103} INFO - Dependencies all met for dep_context=requeueable deps ti=<TaskInstance: final_project_BBDL.SilverToGold manual__2025-05-06T08:57:11.178365+00:00 [queued]>
[2025-05-06T08:58:02.148+0000] {taskinstance.py:1308} INFO - Starting attempt 1 of 1
[2025-05-06T08:58:02.189+0000] {taskinstance.py:1327} INFO - Executing <Task(SparkSubmitOperator): SilverToGold> on 2025-05-06 08:57:11.178365+00:00
[2025-05-06T08:58:02.192+0000] {standard_task_runner.py:57} INFO - Started process 15475 to run task
[2025-05-06T08:58:02.195+0000] {standard_task_runner.py:84} INFO - Running: ['airflow', 'tasks', 'run', 'final_project_BBDL', 'SilverToGold', 'manual__2025-05-06T08:57:11.178365+00:00', '--job-id', '38', '--raw', '--subdir', 'DAGS_FOLDER/project_solution.py', '--cfg-path', '/tmp/tmpsc6izlew']
[2025-05-06T08:58:02.196+0000] {standard_task_runner.py:85} INFO - Job 38: Subtask SilverToGold
[2025-05-06T08:58:02.230+0000] {logging_mixin.py:150} WARNING - /home/airflow/.local/lib/python3.7/site-packages/airflow/settings.py:195 DeprecationWarning: The sql_alchemy_conn option in [core] has been moved to the sql_alchemy_conn option in [database] - the old setting has been used, but please update your config.
[2025-05-06T08:58:02.263+0000] {task_command.py:410} INFO - Running <TaskInstance: final_project_BBDL.SilverToGold manual__2025-05-06T08:57:11.178365+00:00 [running]> on host b431f09a1fa6
[2025-05-06T08:58:02.393+0000] {taskinstance.py:1547} INFO - Exporting env vars: AIRFLOW_CTX_DAG_OWNER='airflow' AIRFLOW_CTX_DAG_ID='final_project_BBDL' AIRFLOW_CTX_TASK_ID='SilverToGold' AIRFLOW_CTX_EXECUTION_DATE='2025-05-06T08:57:11.178365+00:00' AIRFLOW_CTX_TRY_NUMBER='1' AIRFLOW_CTX_DAG_RUN_ID='manual__2025-05-06T08:57:11.178365+00:00'
[2025-05-06T08:58:02.404+0000] {base.py:73} INFO - Using connection ID 'spark_default' for task execution.
[2025-05-06T08:58:02.406+0000] {spark_submit.py:339} INFO - Spark-Submit cmd: spark-submit --master spark://spark-master:7077 --conf spark.master=spark://spark-master:7077 --name SilverToGold --verbose --queue root.default /opt/airflow/dags/silver_to_gold.py
[2025-05-06T08:58:03.934+0000] {spark_submit.py:490} INFO - Using properties file: null
[2025-05-06T08:58:04.041+0000] {spark_submit.py:490} INFO - Parsed arguments:
[2025-05-06T08:58:04.041+0000] {spark_submit.py:490} INFO - master                  spark://spark-master:7077
[2025-05-06T08:58:04.041+0000] {spark_submit.py:490} INFO - deployMode              null
[2025-05-06T08:58:04.042+0000] {spark_submit.py:490} INFO - executorMemory          null
[2025-05-06T08:58:04.042+0000] {spark_submit.py:490} INFO - executorCores           null
[2025-05-06T08:58:04.042+0000] {spark_submit.py:490} INFO - totalExecutorCores      null
[2025-05-06T08:58:04.042+0000] {spark_submit.py:490} INFO - propertiesFile          null
[2025-05-06T08:58:04.042+0000] {spark_submit.py:490} INFO - driverMemory            null
[2025-05-06T08:58:04.042+0000] {spark_submit.py:490} INFO - driverCores             null
[2025-05-06T08:58:04.042+0000] {spark_submit.py:490} INFO - driverExtraClassPath    null
[2025-05-06T08:58:04.042+0000] {spark_submit.py:490} INFO - driverExtraLibraryPath  null
[2025-05-06T08:58:04.042+0000] {spark_submit.py:490} INFO - driverExtraJavaOptions  null
[2025-05-06T08:58:04.042+0000] {spark_submit.py:490} INFO - supervise               false
[2025-05-06T08:58:04.042+0000] {spark_submit.py:490} INFO - queue                   root.default
[2025-05-06T08:58:04.042+0000] {spark_submit.py:490} INFO - numExecutors            null
[2025-05-06T08:58:04.042+0000] {spark_submit.py:490} INFO - files                   null
[2025-05-06T08:58:04.042+0000] {spark_submit.py:490} INFO - pyFiles                 null
[2025-05-06T08:58:04.042+0000] {spark_submit.py:490} INFO - archives                null
[2025-05-06T08:58:04.042+0000] {spark_submit.py:490} INFO - mainClass               null
[2025-05-06T08:58:04.042+0000] {spark_submit.py:490} INFO - primaryResource         file:/opt/airflow/dags/silver_to_gold.py
[2025-05-06T08:58:04.042+0000] {spark_submit.py:490} INFO - name                    SilverToGold
[2025-05-06T08:58:04.042+0000] {spark_submit.py:490} INFO - childArgs               []
[2025-05-06T08:58:04.043+0000] {spark_submit.py:490} INFO - jars                    null
[2025-05-06T08:58:04.043+0000] {spark_submit.py:490} INFO - packages                null
[2025-05-06T08:58:04.043+0000] {spark_submit.py:490} INFO - packagesExclusions      null
[2025-05-06T08:58:04.043+0000] {spark_submit.py:490} INFO - repositories            null
[2025-05-06T08:58:04.043+0000] {spark_submit.py:490} INFO - verbose                 true
[2025-05-06T08:58:04.043+0000] {spark_submit.py:490} INFO - 
[2025-05-06T08:58:04.043+0000] {spark_submit.py:490} INFO - Spark properties used, including those specified through
[2025-05-06T08:58:04.043+0000] {spark_submit.py:490} INFO - --conf and those from the properties file null:
[2025-05-06T08:58:04.043+0000] {spark_submit.py:490} INFO - (spark.master,spark://spark-master:7077)
[2025-05-06T08:58:04.043+0000] {spark_submit.py:490} INFO - 
[2025-05-06T08:58:04.043+0000] {spark_submit.py:490} INFO - 
[2025-05-06T08:58:04.296+0000] {spark_submit.py:490} INFO - Main class:
[2025-05-06T08:58:04.296+0000] {spark_submit.py:490} INFO - org.apache.spark.deploy.PythonRunner
[2025-05-06T08:58:04.297+0000] {spark_submit.py:490} INFO - Arguments:
[2025-05-06T08:58:04.297+0000] {spark_submit.py:490} INFO - file:/opt/airflow/dags/silver_to_gold.py
[2025-05-06T08:58:04.297+0000] {spark_submit.py:490} INFO - null
[2025-05-06T08:58:04.300+0000] {spark_submit.py:490} INFO - Spark config:
[2025-05-06T08:58:04.301+0000] {spark_submit.py:490} INFO - (spark.app.name,SilverToGold)
[2025-05-06T08:58:04.301+0000] {spark_submit.py:490} INFO - (spark.app.submitTime,1746521884282)
[2025-05-06T08:58:04.301+0000] {spark_submit.py:490} INFO - (spark.master,spark://spark-master:7077)
[2025-05-06T08:58:04.301+0000] {spark_submit.py:490} INFO - (spark.submit.deployMode,client)
[2025-05-06T08:58:04.301+0000] {spark_submit.py:490} INFO - (spark.submit.pyFiles,)
[2025-05-06T08:58:04.301+0000] {spark_submit.py:490} INFO - Classpath elements:
[2025-05-06T08:58:04.301+0000] {spark_submit.py:490} INFO - 
[2025-05-06T08:58:04.301+0000] {spark_submit.py:490} INFO - 
[2025-05-06T08:58:04.301+0000] {spark_submit.py:490} INFO - 
[2025-05-06T08:58:04.809+0000] {spark_submit.py:490} INFO - 25/05/06 08:58:04 INFO SparkContext: Running Spark version 3.3.0
[2025-05-06T08:58:04.893+0000] {spark_submit.py:490} INFO - 25/05/06 08:58:04 WARN NativeCodeLoader: Unable to load native-hadoop library for your platform... using builtin-java classes where applicable
[2025-05-06T08:58:05.002+0000] {spark_submit.py:490} INFO - 25/05/06 08:58:05 INFO ResourceUtils: ==============================================================
[2025-05-06T08:58:05.002+0000] {spark_submit.py:490} INFO - 25/05/06 08:58:05 INFO ResourceUtils: No custom resources configured for spark.driver.
[2025-05-06T08:58:05.003+0000] {spark_submit.py:490} INFO - 25/05/06 08:58:05 INFO ResourceUtils: ==============================================================
[2025-05-06T08:58:05.003+0000] {spark_submit.py:490} INFO - 25/05/06 08:58:05 INFO SparkContext: Submitted application: SilverToGold
[2025-05-06T08:58:05.030+0000] {spark_submit.py:490} INFO - 25/05/06 08:58:05 INFO ResourceProfile: Default ResourceProfile created, executor resources: Map(cores -> name: cores, amount: 1, script: , vendor: , memory -> name: memory, amount: 1024, script: , vendor: , offHeap -> name: offHeap, amount: 0, script: , vendor: ), task resources: Map(cpus -> name: cpus, amount: 1.0)
[2025-05-06T08:58:05.041+0000] {spark_submit.py:490} INFO - 25/05/06 08:58:05 INFO ResourceProfile: Limiting resource is cpu
[2025-05-06T08:58:05.042+0000] {spark_submit.py:490} INFO - 25/05/06 08:58:05 INFO ResourceProfileManager: Added ResourceProfile id: 0
[2025-05-06T08:58:05.093+0000] {spark_submit.py:490} INFO - 25/05/06 08:58:05 INFO SecurityManager: Changing view acls to: root
[2025-05-06T08:58:05.094+0000] {spark_submit.py:490} INFO - 25/05/06 08:58:05 INFO SecurityManager: Changing modify acls to: root
[2025-05-06T08:58:05.094+0000] {spark_submit.py:490} INFO - 25/05/06 08:58:05 INFO SecurityManager: Changing view acls groups to:
[2025-05-06T08:58:05.095+0000] {spark_submit.py:490} INFO - 25/05/06 08:58:05 INFO SecurityManager: Changing modify acls groups to:
[2025-05-06T08:58:05.096+0000] {spark_submit.py:490} INFO - 25/05/06 08:58:05 INFO SecurityManager: SecurityManager: authentication disabled; ui acls disabled; users  with view permissions: Set(root); groups with view permissions: Set(); users  with modify permissions: Set(root); groups with modify permissions: Set()
[2025-05-06T08:58:05.346+0000] {spark_submit.py:490} INFO - 25/05/06 08:58:05 INFO Utils: Successfully started service 'sparkDriver' on port 41389.
[2025-05-06T08:58:05.371+0000] {spark_submit.py:490} INFO - 25/05/06 08:58:05 INFO SparkEnv: Registering MapOutputTracker
[2025-05-06T08:58:05.401+0000] {spark_submit.py:490} INFO - 25/05/06 08:58:05 INFO SparkEnv: Registering BlockManagerMaster
[2025-05-06T08:58:05.419+0000] {spark_submit.py:490} INFO - 25/05/06 08:58:05 INFO BlockManagerMasterEndpoint: Using org.apache.spark.storage.DefaultTopologyMapper for getting topology information
[2025-05-06T08:58:05.420+0000] {spark_submit.py:490} INFO - 25/05/06 08:58:05 INFO BlockManagerMasterEndpoint: BlockManagerMasterEndpoint up
[2025-05-06T08:58:05.424+0000] {spark_submit.py:490} INFO - 25/05/06 08:58:05 INFO SparkEnv: Registering BlockManagerMasterHeartbeat
[2025-05-06T08:58:05.444+0000] {spark_submit.py:490} INFO - 25/05/06 08:58:05 INFO DiskBlockManager: Created local directory at /tmp/blockmgr-f3c0eb5e-b74f-4f4a-852e-f033291c122d
[2025-05-06T08:58:05.461+0000] {spark_submit.py:490} INFO - 25/05/06 08:58:05 INFO MemoryStore: MemoryStore started with capacity 434.4 MiB
[2025-05-06T08:58:05.477+0000] {spark_submit.py:490} INFO - 25/05/06 08:58:05 INFO SparkEnv: Registering OutputCommitCoordinator
[2025-05-06T08:58:05.677+0000] {spark_submit.py:490} INFO - 25/05/06 08:58:05 INFO Utils: Successfully started service 'SparkUI' on port 4040.
[2025-05-06T08:58:05.840+0000] {spark_submit.py:490} INFO - 25/05/06 08:58:05 INFO StandaloneAppClient$ClientEndpoint: Connecting to master spark://spark-master:7077...
[2025-05-06T08:58:05.885+0000] {spark_submit.py:490} INFO - 25/05/06 08:58:05 INFO TransportClientFactory: Successfully created connection to spark-master/172.18.0.3:7077 after 27 ms (0 ms spent in bootstraps)
[2025-05-06T08:58:05.962+0000] {spark_submit.py:490} INFO - 25/05/06 08:58:05 INFO StandaloneSchedulerBackend: Connected to Spark cluster with app ID app-20250506085805-0034
[2025-05-06T08:58:05.963+0000] {spark_submit.py:490} INFO - 25/05/06 08:58:05 INFO StandaloneAppClient$ClientEndpoint: Executor added: app-20250506085805-0034/0 on worker-20250505201940-172.18.0.6-38439 (172.18.0.6:38439) with 2 core(s)
[2025-05-06T08:58:05.966+0000] {spark_submit.py:490} INFO - 25/05/06 08:58:05 INFO StandaloneSchedulerBackend: Granted executor ID app-20250506085805-0034/0 on hostPort 172.18.0.6:38439 with 2 core(s), 1024.0 MiB RAM
[2025-05-06T08:58:05.977+0000] {spark_submit.py:490} INFO - 25/05/06 08:58:05 INFO Utils: Successfully started service 'org.apache.spark.network.netty.NettyBlockTransferService' on port 43423.
[2025-05-06T08:58:05.977+0000] {spark_submit.py:490} INFO - 25/05/06 08:58:05 INFO NettyBlockTransferService: Server created on b431f09a1fa6:43423
[2025-05-06T08:58:05.979+0000] {spark_submit.py:490} INFO - 25/05/06 08:58:05 INFO BlockManager: Using org.apache.spark.storage.RandomBlockReplicationPolicy for block replication policy
[2025-05-06T08:58:05.988+0000] {spark_submit.py:490} INFO - 25/05/06 08:58:05 INFO BlockManagerMaster: Registering BlockManager BlockManagerId(driver, b431f09a1fa6, 43423, None)
[2025-05-06T08:58:05.993+0000] {spark_submit.py:490} INFO - 25/05/06 08:58:05 INFO BlockManagerMasterEndpoint: Registering block manager b431f09a1fa6:43423 with 434.4 MiB RAM, BlockManagerId(driver, b431f09a1fa6, 43423, None)
[2025-05-06T08:58:05.996+0000] {spark_submit.py:490} INFO - 25/05/06 08:58:05 INFO BlockManagerMaster: Registered BlockManager BlockManagerId(driver, b431f09a1fa6, 43423, None)
[2025-05-06T08:58:05.997+0000] {spark_submit.py:490} INFO - 25/05/06 08:58:05 INFO BlockManager: Initialized BlockManager: BlockManagerId(driver, b431f09a1fa6, 43423, None)
[2025-05-06T08:58:06.005+0000] {spark_submit.py:490} INFO - 25/05/06 08:58:06 INFO StandaloneAppClient$ClientEndpoint: Executor updated: app-20250506085805-0034/0 is now RUNNING
[2025-05-06T08:58:06.186+0000] {spark_submit.py:490} INFO - 25/05/06 08:58:06 INFO StandaloneSchedulerBackend: SchedulerBackend is ready for scheduling beginning after reached minRegisteredResourcesRatio: 0.0
[2025-05-06T08:58:06.337+0000] {spark_submit.py:490} INFO - 2025-05-06 08:58:06,337 [INFO] 📁 Очікуваний шлях до silver athlete_event_results: /tmp/spark_data/silver/athlete_event_results/20250506
[2025-05-06T08:58:06.338+0000] {spark_submit.py:490} INFO - 2025-05-06 08:58:06,338 [INFO] 📥 Зчитування даних з Silver
[2025-05-06T08:58:06.397+0000] {spark_submit.py:490} INFO - 25/05/06 08:58:06 INFO SharedState: Setting hive.metastore.warehouse.dir ('null') to the value of spark.sql.warehouse.dir.
[2025-05-06T08:58:06.405+0000] {spark_submit.py:490} INFO - 25/05/06 08:58:06 INFO SharedState: Warehouse path is 'file:/opt/airflow/spark-warehouse'.
[2025-05-06T08:58:07.359+0000] {spark_submit.py:490} INFO - 25/05/06 08:58:07 INFO InMemoryFileIndex: It took 76 ms to list leaf files for 1 paths.
[2025-05-06T08:58:07.820+0000] {spark_submit.py:490} INFO - 25/05/06 08:58:07 INFO SparkContext: Starting job: parquet at NativeMethodAccessorImpl.java:0
[2025-05-06T08:58:07.837+0000] {spark_submit.py:490} INFO - 25/05/06 08:58:07 INFO DAGScheduler: Got job 0 (parquet at NativeMethodAccessorImpl.java:0) with 1 output partitions
[2025-05-06T08:58:07.838+0000] {spark_submit.py:490} INFO - 25/05/06 08:58:07 INFO DAGScheduler: Final stage: ResultStage 0 (parquet at NativeMethodAccessorImpl.java:0)
[2025-05-06T08:58:07.838+0000] {spark_submit.py:490} INFO - 25/05/06 08:58:07 INFO DAGScheduler: Parents of final stage: List()
[2025-05-06T08:58:07.840+0000] {spark_submit.py:490} INFO - 25/05/06 08:58:07 INFO DAGScheduler: Missing parents: List()
[2025-05-06T08:58:07.844+0000] {spark_submit.py:490} INFO - 25/05/06 08:58:07 INFO DAGScheduler: Submitting ResultStage 0 (MapPartitionsRDD[1] at parquet at NativeMethodAccessorImpl.java:0), which has no missing parents
[2025-05-06T08:58:07.905+0000] {spark_submit.py:490} INFO - 25/05/06 08:58:07 INFO MemoryStore: Block broadcast_0 stored as values in memory (estimated size 102.6 KiB, free 434.3 MiB)
[2025-05-06T08:58:07.945+0000] {spark_submit.py:490} INFO - 25/05/06 08:58:07 INFO MemoryStore: Block broadcast_0_piece0 stored as bytes in memory (estimated size 36.8 KiB, free 434.3 MiB)
[2025-05-06T08:58:07.951+0000] {spark_submit.py:490} INFO - 25/05/06 08:58:07 INFO BlockManagerInfo: Added broadcast_0_piece0 in memory on b431f09a1fa6:43423 (size: 36.8 KiB, free: 434.4 MiB)
[2025-05-06T08:58:07.954+0000] {spark_submit.py:490} INFO - 25/05/06 08:58:07 INFO SparkContext: Created broadcast 0 from broadcast at DAGScheduler.scala:1513
[2025-05-06T08:58:07.981+0000] {spark_submit.py:490} INFO - 25/05/06 08:58:07 INFO DAGScheduler: Submitting 1 missing tasks from ResultStage 0 (MapPartitionsRDD[1] at parquet at NativeMethodAccessorImpl.java:0) (first 15 tasks are for partitions Vector(0))
[2025-05-06T08:58:07.982+0000] {spark_submit.py:490} INFO - 25/05/06 08:58:07 INFO TaskSchedulerImpl: Adding task set 0.0 with 1 tasks resource profile 0
[2025-05-06T08:58:08.777+0000] {spark_submit.py:490} INFO - 25/05/06 08:58:08 INFO CoarseGrainedSchedulerBackend$DriverEndpoint: Registered executor NettyRpcEndpointRef(spark-client://Executor) (172.18.0.6:36180) with ID 0,  ResourceProfileId 0
[2025-05-06T08:58:08.841+0000] {spark_submit.py:490} INFO - 25/05/06 08:58:08 INFO BlockManagerMasterEndpoint: Registering block manager 172.18.0.6:34663 with 366.3 MiB RAM, BlockManagerId(0, 172.18.0.6, 34663, None)
[2025-05-06T08:58:08.892+0000] {spark_submit.py:490} INFO - 25/05/06 08:58:08 INFO TaskSetManager: Starting task 0.0 in stage 0.0 (TID 0) (172.18.0.6, executor 0, partition 0, PROCESS_LOCAL, 4678 bytes) taskResourceAssignments Map()
[2025-05-06T08:58:09.126+0000] {spark_submit.py:490} INFO - 25/05/06 08:58:09 INFO BlockManagerInfo: Added broadcast_0_piece0 in memory on 172.18.0.6:34663 (size: 36.8 KiB, free: 366.3 MiB)
[2025-05-06T08:58:09.943+0000] {spark_submit.py:490} INFO - 25/05/06 08:58:09 INFO TaskSetManager: Finished task 0.0 in stage 0.0 (TID 0) in 1062 ms on 172.18.0.6 (executor 0) (1/1)
[2025-05-06T08:58:09.945+0000] {spark_submit.py:490} INFO - 25/05/06 08:58:09 INFO TaskSchedulerImpl: Removed TaskSet 0.0, whose tasks have all completed, from pool
[2025-05-06T08:58:09.949+0000] {spark_submit.py:490} INFO - 25/05/06 08:58:09 INFO DAGScheduler: ResultStage 0 (parquet at NativeMethodAccessorImpl.java:0) finished in 2.092 s
[2025-05-06T08:58:09.953+0000] {spark_submit.py:490} INFO - 25/05/06 08:58:09 INFO DAGScheduler: Job 0 is finished. Cancelling potential speculative or zombie tasks for this job
[2025-05-06T08:58:09.953+0000] {spark_submit.py:490} INFO - 25/05/06 08:58:09 INFO TaskSchedulerImpl: Killing all running tasks in stage 0: Stage finished
[2025-05-06T08:58:09.955+0000] {spark_submit.py:490} INFO - 25/05/06 08:58:09 INFO DAGScheduler: Job 0 finished: parquet at NativeMethodAccessorImpl.java:0, took 2.134649 s
[2025-05-06T08:58:10.263+0000] {spark_submit.py:490} INFO - 25/05/06 08:58:10 INFO BlockManagerInfo: Removed broadcast_0_piece0 on b431f09a1fa6:43423 in memory (size: 36.8 KiB, free: 434.4 MiB)
[2025-05-06T08:58:10.275+0000] {spark_submit.py:490} INFO - 25/05/06 08:58:10 INFO BlockManagerInfo: Removed broadcast_0_piece0 on 172.18.0.6:34663 in memory (size: 36.8 KiB, free: 366.3 MiB)
[2025-05-06T08:58:11.252+0000] {spark_submit.py:490} INFO - 2025-05-06 08:58:11,251 [INFO] 📑 Схема athlete_event_results:
[2025-05-06T08:58:11.269+0000] {spark_submit.py:490} INFO - root
[2025-05-06T08:58:11.269+0000] {spark_submit.py:490} INFO - |-- edition: string (nullable = true)
[2025-05-06T08:58:11.269+0000] {spark_submit.py:490} INFO - |-- edition_id: string (nullable = true)
[2025-05-06T08:58:11.269+0000] {spark_submit.py:490} INFO - |-- country_noc: string (nullable = true)
[2025-05-06T08:58:11.269+0000] {spark_submit.py:490} INFO - |-- sport: string (nullable = true)
[2025-05-06T08:58:11.269+0000] {spark_submit.py:490} INFO - |-- event: string (nullable = true)
[2025-05-06T08:58:11.270+0000] {spark_submit.py:490} INFO - |-- result_id: string (nullable = true)
[2025-05-06T08:58:11.270+0000] {spark_submit.py:490} INFO - |-- athlete: string (nullable = true)
[2025-05-06T08:58:11.270+0000] {spark_submit.py:490} INFO - |-- athlete_id: string (nullable = true)
[2025-05-06T08:58:11.270+0000] {spark_submit.py:490} INFO - |-- pos: string (nullable = true)
[2025-05-06T08:58:11.270+0000] {spark_submit.py:490} INFO - |-- medal: string (nullable = true)
[2025-05-06T08:58:11.270+0000] {spark_submit.py:490} INFO - |-- isTeamSport: string (nullable = true)
[2025-05-06T08:58:11.270+0000] {spark_submit.py:490} INFO - 
[2025-05-06T08:58:11.270+0000] {spark_submit.py:490} INFO - 2025-05-06 08:58:11,268 [INFO] 🔎 Перші 5 рядків:
[2025-05-06T08:58:11.596+0000] {spark_submit.py:490} INFO - 25/05/06 08:58:11 INFO FileSourceStrategy: Pushed Filters:
[2025-05-06T08:58:11.597+0000] {spark_submit.py:490} INFO - 25/05/06 08:58:11 INFO FileSourceStrategy: Post-Scan Filters:
[2025-05-06T08:58:11.599+0000] {spark_submit.py:490} INFO - 25/05/06 08:58:11 INFO FileSourceStrategy: Output Data Schema: struct<edition: string, edition_id: string, country_noc: string, sport: string, event: string ... 9 more fields>
[2025-05-06T08:58:11.966+0000] {spark_submit.py:490} INFO - 25/05/06 08:58:11 INFO CodeGenerator: Code generated in 223.906339 ms
[2025-05-06T08:58:11.998+0000] {spark_submit.py:490} INFO - 25/05/06 08:58:11 INFO MemoryStore: Block broadcast_1 stored as values in memory (estimated size 201.7 KiB, free 434.2 MiB)
[2025-05-06T08:58:12.008+0000] {spark_submit.py:490} INFO - 25/05/06 08:58:12 INFO MemoryStore: Block broadcast_1_piece0 stored as bytes in memory (estimated size 34.7 KiB, free 434.2 MiB)
[2025-05-06T08:58:12.009+0000] {spark_submit.py:490} INFO - 25/05/06 08:58:12 INFO BlockManagerInfo: Added broadcast_1_piece0 in memory on b431f09a1fa6:43423 (size: 34.7 KiB, free: 434.4 MiB)
[2025-05-06T08:58:12.010+0000] {spark_submit.py:490} INFO - 25/05/06 08:58:12 INFO SparkContext: Created broadcast 1 from showString at NativeMethodAccessorImpl.java:0
[2025-05-06T08:58:12.019+0000] {spark_submit.py:490} INFO - 25/05/06 08:58:12 INFO FileSourceScanExec: Planning scan with bin packing, max size: 8978673 bytes, open cost is considered as scanning 4194304 bytes.
[2025-05-06T08:58:12.059+0000] {spark_submit.py:490} INFO - 25/05/06 08:58:12 INFO SparkContext: Starting job: showString at NativeMethodAccessorImpl.java:0
[2025-05-06T08:58:12.060+0000] {spark_submit.py:490} INFO - 25/05/06 08:58:12 INFO DAGScheduler: Got job 1 (showString at NativeMethodAccessorImpl.java:0) with 1 output partitions
[2025-05-06T08:58:12.061+0000] {spark_submit.py:490} INFO - 25/05/06 08:58:12 INFO DAGScheduler: Final stage: ResultStage 1 (showString at NativeMethodAccessorImpl.java:0)
[2025-05-06T08:58:12.061+0000] {spark_submit.py:490} INFO - 25/05/06 08:58:12 INFO DAGScheduler: Parents of final stage: List()
[2025-05-06T08:58:12.061+0000] {spark_submit.py:490} INFO - 25/05/06 08:58:12 INFO DAGScheduler: Missing parents: List()
[2025-05-06T08:58:12.063+0000] {spark_submit.py:490} INFO - 25/05/06 08:58:12 INFO DAGScheduler: Submitting ResultStage 1 (MapPartitionsRDD[5] at showString at NativeMethodAccessorImpl.java:0), which has no missing parents
[2025-05-06T08:58:12.093+0000] {spark_submit.py:490} INFO - 25/05/06 08:58:12 INFO MemoryStore: Block broadcast_2 stored as values in memory (estimated size 18.4 KiB, free 434.2 MiB)
[2025-05-06T08:58:12.097+0000] {spark_submit.py:490} INFO - 25/05/06 08:58:12 INFO MemoryStore: Block broadcast_2_piece0 stored as bytes in memory (estimated size 6.5 KiB, free 434.1 MiB)
[2025-05-06T08:58:12.099+0000] {spark_submit.py:490} INFO - 25/05/06 08:58:12 INFO BlockManagerInfo: Added broadcast_2_piece0 in memory on b431f09a1fa6:43423 (size: 6.5 KiB, free: 434.4 MiB)
[2025-05-06T08:58:12.100+0000] {spark_submit.py:490} INFO - 25/05/06 08:58:12 INFO SparkContext: Created broadcast 2 from broadcast at DAGScheduler.scala:1513
[2025-05-06T08:58:12.100+0000] {spark_submit.py:490} INFO - 25/05/06 08:58:12 INFO DAGScheduler: Submitting 1 missing tasks from ResultStage 1 (MapPartitionsRDD[5] at showString at NativeMethodAccessorImpl.java:0) (first 15 tasks are for partitions Vector(0))
[2025-05-06T08:58:12.101+0000] {spark_submit.py:490} INFO - 25/05/06 08:58:12 INFO TaskSchedulerImpl: Adding task set 1.0 with 1 tasks resource profile 0
[2025-05-06T08:58:12.106+0000] {spark_submit.py:490} INFO - 25/05/06 08:58:12 INFO TaskSetManager: Starting task 0.0 in stage 1.0 (TID 1) (172.18.0.6, executor 0, partition 0, PROCESS_LOCAL, 5003 bytes) taskResourceAssignments Map()
[2025-05-06T08:58:12.147+0000] {spark_submit.py:490} INFO - 25/05/06 08:58:12 INFO BlockManagerInfo: Added broadcast_2_piece0 in memory on 172.18.0.6:34663 (size: 6.5 KiB, free: 366.3 MiB)
[2025-05-06T08:58:12.742+0000] {spark_submit.py:490} INFO - 25/05/06 08:58:12 INFO BlockManagerInfo: Added broadcast_1_piece0 in memory on 172.18.0.6:34663 (size: 34.7 KiB, free: 366.3 MiB)
[2025-05-06T08:58:13.158+0000] {spark_submit.py:490} INFO - 25/05/06 08:58:13 INFO TaskSetManager: Finished task 0.0 in stage 1.0 (TID 1) in 1055 ms on 172.18.0.6 (executor 0) (1/1)
[2025-05-06T08:58:13.158+0000] {spark_submit.py:490} INFO - 25/05/06 08:58:13 INFO TaskSchedulerImpl: Removed TaskSet 1.0, whose tasks have all completed, from pool
[2025-05-06T08:58:13.159+0000] {spark_submit.py:490} INFO - 25/05/06 08:58:13 INFO DAGScheduler: ResultStage 1 (showString at NativeMethodAccessorImpl.java:0) finished in 1.093 s
[2025-05-06T08:58:13.159+0000] {spark_submit.py:490} INFO - 25/05/06 08:58:13 INFO DAGScheduler: Job 1 is finished. Cancelling potential speculative or zombie tasks for this job
[2025-05-06T08:58:13.160+0000] {spark_submit.py:490} INFO - 25/05/06 08:58:13 INFO TaskSchedulerImpl: Killing all running tasks in stage 1: Stage finished
[2025-05-06T08:58:13.160+0000] {spark_submit.py:490} INFO - 25/05/06 08:58:13 INFO DAGScheduler: Job 1 finished: showString at NativeMethodAccessorImpl.java:0, took 1.100488 s
[2025-05-06T08:58:13.209+0000] {spark_submit.py:490} INFO - 25/05/06 08:58:13 INFO CodeGenerator: Code generated in 25.268351 ms
[2025-05-06T08:58:13.221+0000] {spark_submit.py:490} INFO - +--------------------+----------+-----------+---------+--------------+---------+---------------+----------+--------+-----+-----------+
[2025-05-06T08:58:13.221+0000] {spark_submit.py:490} INFO - |edition             |edition_id|country_noc|sport    |event         |result_id|athlete        |athlete_id|pos     |medal|isTeamSport|
[2025-05-06T08:58:13.221+0000] {spark_submit.py:490} INFO - +--------------------+----------+-----------+---------+--------------+---------+---------------+----------+--------+-----+-----------+
[2025-05-06T08:58:13.221+0000] {spark_submit.py:490} INFO - |1908 summer olympics|5         |anz        |athletics|100 metres men|56265    |ernest hutcheon|64710     |dns     |     |false      |
[2025-05-06T08:58:13.221+0000] {spark_submit.py:490} INFO - |1908 summer olympics|5         |anz        |athletics|400 metres men|56313    |henry murray   |64756     |dns     |     |false      |
[2025-05-06T08:58:13.221+0000] {spark_submit.py:490} INFO - |1908 summer olympics|5         |anz        |athletics|800 metres men|56338    |harvey sutton  |64808     |3 h8 r12|     |false      |
[2025-05-06T08:58:13.222+0000] {spark_submit.py:490} INFO - |1908 summer olympics|5         |anz        |athletics|800 metres men|56338    |guy haskins    |922519    |dns     |     |false      |
[2025-05-06T08:58:13.222+0000] {spark_submit.py:490} INFO - |1908 summer olympics|5         |anz        |athletics|800 metres men|56338    |joseph lynch   |64735     |dns     |     |false      |
[2025-05-06T08:58:13.222+0000] {spark_submit.py:490} INFO - +--------------------+----------+-----------+---------+--------------+---------+---------------+----------+--------+-----+-----------+
[2025-05-06T08:58:13.222+0000] {spark_submit.py:490} INFO - only showing top 5 rows
[2025-05-06T08:58:13.222+0000] {spark_submit.py:490} INFO - 
[2025-05-06T08:58:13.222+0000] {spark_submit.py:490} INFO - 2025-05-06 08:58:13,221 [INFO] 📊 Агрувація кількості медалей за sport, sex, country_noc, medal
[2025-05-06T08:58:13.373+0000] {spark_submit.py:490} INFO - Traceback (most recent call last):
[2025-05-06T08:58:13.373+0000] {spark_submit.py:490} INFO - File "/opt/airflow/dags/silver_to_gold.py", line 81, in <module>
[2025-05-06T08:58:13.373+0000] {spark_submit.py:490} INFO - main()
[2025-05-06T08:58:13.373+0000] {spark_submit.py:490} INFO - File "/opt/airflow/dags/silver_to_gold.py", line 76, in main
[2025-05-06T08:58:13.373+0000] {spark_submit.py:490} INFO - process_to_gold(spark, silver_dir, gold_dir)
[2025-05-06T08:58:13.373+0000] {spark_submit.py:490} INFO - File "/opt/airflow/dags/silver_to_gold.py", line 51, in process_to_gold
[2025-05-06T08:58:13.373+0000] {spark_submit.py:490} INFO - .agg(count("*").alias("medal_count")) \
[2025-05-06T08:58:13.373+0000] {spark_submit.py:490} INFO - File "/opt/spark/python/lib/pyspark.zip/pyspark/sql/group.py", line 137, in agg
[2025-05-06T08:58:13.373+0000] {spark_submit.py:490} INFO - File "/opt/spark/python/lib/py4j-0.10.9.5-src.zip/py4j/java_gateway.py", line 1322, in __call__
[2025-05-06T08:58:13.373+0000] {spark_submit.py:490} INFO - File "/opt/spark/python/lib/pyspark.zip/pyspark/sql/utils.py", line 196, in deco
[2025-05-06T08:58:13.378+0000] {spark_submit.py:490} INFO - pyspark.sql.utils.AnalysisException: Column 'sex' does not exist. Did you mean one of the following? [pos, event, medal, sport, athlete, edition, result_id, athlete_id, isTeamSport, edition_id, country_noc];
[2025-05-06T08:58:13.378+0000] {spark_submit.py:490} INFO - 'Aggregate [sport#3, 'sex, country_noc#2, medal#9], [sport#3, 'sex, country_noc#2, medal#9, count(1) AS medal_count#80L]
[2025-05-06T08:58:13.378+0000] {spark_submit.py:490} INFO - +- Relation [edition#0,edition_id#1,country_noc#2,sport#3,event#4,result_id#5,athlete#6,athlete_id#7,pos#8,medal#9,isTeamSport#10] parquet
[2025-05-06T08:58:13.378+0000] {spark_submit.py:490} INFO - 
[2025-05-06T08:58:13.409+0000] {spark_submit.py:490} INFO - 25/05/06 08:58:13 INFO SparkContext: Invoking stop() from shutdown hook
[2025-05-06T08:58:13.419+0000] {spark_submit.py:490} INFO - 25/05/06 08:58:13 INFO SparkUI: Stopped Spark web UI at http://b431f09a1fa6:4040
[2025-05-06T08:58:13.424+0000] {spark_submit.py:490} INFO - 25/05/06 08:58:13 INFO StandaloneSchedulerBackend: Shutting down all executors
[2025-05-06T08:58:13.424+0000] {spark_submit.py:490} INFO - 25/05/06 08:58:13 INFO CoarseGrainedSchedulerBackend$DriverEndpoint: Asking each executor to shut down
[2025-05-06T08:58:13.447+0000] {spark_submit.py:490} INFO - 25/05/06 08:58:13 INFO MapOutputTrackerMasterEndpoint: MapOutputTrackerMasterEndpoint stopped!
[2025-05-06T08:58:13.460+0000] {spark_submit.py:490} INFO - 25/05/06 08:58:13 INFO MemoryStore: MemoryStore cleared
[2025-05-06T08:58:13.460+0000] {spark_submit.py:490} INFO - 25/05/06 08:58:13 INFO BlockManager: BlockManager stopped
[2025-05-06T08:58:13.463+0000] {spark_submit.py:490} INFO - 25/05/06 08:58:13 INFO BlockManagerMaster: BlockManagerMaster stopped
[2025-05-06T08:58:13.465+0000] {spark_submit.py:490} INFO - 25/05/06 08:58:13 INFO OutputCommitCoordinator$OutputCommitCoordinatorEndpoint: OutputCommitCoordinator stopped!
[2025-05-06T08:58:13.477+0000] {spark_submit.py:490} INFO - 25/05/06 08:58:13 INFO SparkContext: Successfully stopped SparkContext
[2025-05-06T08:58:13.477+0000] {spark_submit.py:490} INFO - 25/05/06 08:58:13 INFO ShutdownHookManager: Shutdown hook called
[2025-05-06T08:58:13.478+0000] {spark_submit.py:490} INFO - 25/05/06 08:58:13 INFO ShutdownHookManager: Deleting directory /tmp/spark-ebe85bff-15f7-4ac1-8655-e174eb1be182
[2025-05-06T08:58:13.481+0000] {spark_submit.py:490} INFO - 25/05/06 08:58:13 INFO ShutdownHookManager: Deleting directory /tmp/spark-189afac9-0843-4257-a7a5-211302dcbede
[2025-05-06T08:58:13.485+0000] {spark_submit.py:490} INFO - 25/05/06 08:58:13 INFO ShutdownHookManager: Deleting directory /tmp/spark-ebe85bff-15f7-4ac1-8655-e174eb1be182/pyspark-9ae53091-0bf4-47b5-90b7-517b8c7641d3
[2025-05-06T08:58:13.527+0000] {taskinstance.py:1824} ERROR - Task failed with exception
Traceback (most recent call last):
  File "/home/airflow/.local/lib/python3.7/site-packages/airflow/providers/apache/spark/operators/spark_submit.py", line 157, in execute
    self._hook.submit(self._application)
  File "/home/airflow/.local/lib/python3.7/site-packages/airflow/providers/apache/spark/hooks/spark_submit.py", line 422, in submit
    f"Cannot execute: {self._mask_cmd(spark_submit_cmd)}. Error code is: {returncode}."
airflow.exceptions.AirflowException: Cannot execute: spark-submit --master spark://spark-master:7077 --conf spark.master=spark://spark-master:7077 --name SilverToGold --verbose --queue root.default /opt/airflow/dags/silver_to_gold.py. Error code is: 1.
[2025-05-06T08:58:13.532+0000] {taskinstance.py:1350} INFO - Marking task as FAILED. dag_id=final_project_BBDL, task_id=SilverToGold, execution_date=20250506T085711, start_date=20250506T085802, end_date=20250506T085813
[2025-05-06T08:58:13.576+0000] {standard_task_runner.py:109} ERROR - Failed to execute job 38 for task SilverToGold (Cannot execute: spark-submit --master spark://spark-master:7077 --conf spark.master=spark://spark-master:7077 --name SilverToGold --verbose --queue root.default /opt/airflow/dags/silver_to_gold.py. Error code is: 1.; 15475)
[2025-05-06T08:58:13.611+0000] {local_task_job_runner.py:225} INFO - Task exited with return code 1
[2025-05-06T08:58:13.627+0000] {taskinstance.py:2653} INFO - 0 downstream tasks scheduled from follow-on schedule check
