[2025-05-02T20:58:59.295+0000] {local_task_job_runner.py:120} INFO - ::group::Pre task execution logs
[2025-05-02T20:58:59.348+0000] {taskinstance.py:2076} INFO - Dependencies all met for dep_context=non-requeueable deps ti=<TaskInstance: final_project_BBDL.LandingToBronze manual__2025-05-02T20:58:57.819329+00:00 [queued]>
[2025-05-02T20:58:59.356+0000] {taskinstance.py:2076} INFO - Dependencies all met for dep_context=requeueable deps ti=<TaskInstance: final_project_BBDL.LandingToBronze manual__2025-05-02T20:58:57.819329+00:00 [queued]>
[2025-05-02T20:58:59.356+0000] {taskinstance.py:2306} INFO - Starting attempt 1 of 1
[2025-05-02T20:58:59.387+0000] {taskinstance.py:2330} INFO - Executing <Task(SparkSubmitOperator): LandingToBronze> on 2025-05-02 20:58:57.819329+00:00
[2025-05-02T20:58:59.391+0000] {standard_task_runner.py:63} INFO - Started process 2182 to run task
[2025-05-02T20:58:59.394+0000] {standard_task_runner.py:90} INFO - Running: ['airflow', 'tasks', 'run', 'final_project_BBDL', 'LandingToBronze', 'manual__2025-05-02T20:58:57.819329+00:00', '--job-id', '28', '--raw', '--subdir', 'DAGS_FOLDER/project_solution.py', '--cfg-path', '/tmp/tmp_eflu0ec']
[2025-05-02T20:58:59.396+0000] {standard_task_runner.py:91} INFO - Job 28: Subtask LandingToBronze
[2025-05-02T20:58:59.464+0000] {logging_mixin.py:188} WARNING - /home/airflow/.local/lib/python3.10/site-packages/airflow/settings.py:195 DeprecationWarning: The sql_alchemy_conn option in [core] has been moved to the sql_alchemy_conn option in [database] - the old setting has been used, but please update your config.
[2025-05-02T20:58:59.552+0000] {task_command.py:426} INFO - Running <TaskInstance: final_project_BBDL.LandingToBronze manual__2025-05-02T20:58:57.819329+00:00 [running]> on host 6ca5a7f6558e
[2025-05-02T20:58:59.796+0000] {taskinstance.py:2648} INFO - Exporting env vars: AIRFLOW_CTX_DAG_OWNER='airflow' AIRFLOW_CTX_DAG_ID='final_project_BBDL' AIRFLOW_CTX_TASK_ID='LandingToBronze' AIRFLOW_CTX_EXECUTION_DATE='2025-05-02T20:58:57.819329+00:00' AIRFLOW_CTX_TRY_NUMBER='1' AIRFLOW_CTX_DAG_RUN_ID='manual__2025-05-02T20:58:57.819329+00:00'
[2025-05-02T20:58:59.797+0000] {taskinstance.py:430} INFO - ::endgroup::
[2025-05-02T20:58:59.847+0000] {base.py:84} INFO - Using connection ID 'spark_default' for task execution.
[2025-05-02T20:58:59.848+0000] {spark_submit.py:328} ERROR - Failed to decode base64 keytab: Invalid base64-encoded string: number of data characters (5) cannot be 1 more than a multiple of 4
[2025-05-02T20:58:59.848+0000] {spark_submit.py:305} INFO - Could not load connection string spark_default, defaulting to spark://spark-master:7077
[2025-05-02T20:58:59.849+0000] {spark_submit.py:474} INFO - Spark-Submit cmd: spark-submit --master spark://spark-master:7077 --conf spark.master=spark://spark-master:7077 --name LandingToBronze --verbose --queue root.default --deploy-mode client /opt/airflow/dags/landing_to_bronze.py
[2025-05-02T20:59:00.997+0000] {spark_submit.py:644} INFO - Using properties file: null
[2025-05-02T20:59:01.094+0000] {spark_submit.py:644} INFO - Parsed arguments:
[2025-05-02T20:59:01.095+0000] {spark_submit.py:644} INFO - master                  spark://spark-master:7077
[2025-05-02T20:59:01.095+0000] {spark_submit.py:644} INFO - deployMode              client
[2025-05-02T20:59:01.095+0000] {spark_submit.py:644} INFO - executorMemory          null
[2025-05-02T20:59:01.095+0000] {spark_submit.py:644} INFO - executorCores           null
[2025-05-02T20:59:01.095+0000] {spark_submit.py:644} INFO - totalExecutorCores      null
[2025-05-02T20:59:01.095+0000] {spark_submit.py:644} INFO - propertiesFile          null
[2025-05-02T20:59:01.095+0000] {spark_submit.py:644} INFO - driverMemory            null
[2025-05-02T20:59:01.095+0000] {spark_submit.py:644} INFO - driverCores             null
[2025-05-02T20:59:01.095+0000] {spark_submit.py:644} INFO - driverExtraClassPath    null
[2025-05-02T20:59:01.096+0000] {spark_submit.py:644} INFO - driverExtraLibraryPath  null
[2025-05-02T20:59:01.096+0000] {spark_submit.py:644} INFO - driverExtraJavaOptions  null
[2025-05-02T20:59:01.096+0000] {spark_submit.py:644} INFO - supervise               false
[2025-05-02T20:59:01.096+0000] {spark_submit.py:644} INFO - queue                   root.default
[2025-05-02T20:59:01.096+0000] {spark_submit.py:644} INFO - numExecutors            null
[2025-05-02T20:59:01.096+0000] {spark_submit.py:644} INFO - files                   null
[2025-05-02T20:59:01.096+0000] {spark_submit.py:644} INFO - pyFiles                 null
[2025-05-02T20:59:01.096+0000] {spark_submit.py:644} INFO - archives                null
[2025-05-02T20:59:01.096+0000] {spark_submit.py:644} INFO - mainClass               null
[2025-05-02T20:59:01.097+0000] {spark_submit.py:644} INFO - primaryResource         file:/opt/airflow/dags/landing_to_bronze.py
[2025-05-02T20:59:01.097+0000] {spark_submit.py:644} INFO - name                    LandingToBronze
[2025-05-02T20:59:01.097+0000] {spark_submit.py:644} INFO - childArgs               []
[2025-05-02T20:59:01.097+0000] {spark_submit.py:644} INFO - jars                    null
[2025-05-02T20:59:01.097+0000] {spark_submit.py:644} INFO - packages                null
[2025-05-02T20:59:01.097+0000] {spark_submit.py:644} INFO - packagesExclusions      null
[2025-05-02T20:59:01.097+0000] {spark_submit.py:644} INFO - repositories            null
[2025-05-02T20:59:01.097+0000] {spark_submit.py:644} INFO - verbose                 true
[2025-05-02T20:59:01.097+0000] {spark_submit.py:644} INFO - 
[2025-05-02T20:59:01.097+0000] {spark_submit.py:644} INFO - Spark properties used, including those specified through
[2025-05-02T20:59:01.097+0000] {spark_submit.py:644} INFO - --conf and those from the properties file null:
[2025-05-02T20:59:01.097+0000] {spark_submit.py:644} INFO - (spark.master,spark://spark-master:7077)
[2025-05-02T20:59:01.097+0000] {spark_submit.py:644} INFO - 
[2025-05-02T20:59:01.098+0000] {spark_submit.py:644} INFO - 
[2025-05-02T20:59:01.383+0000] {spark_submit.py:644} INFO - Main class:
[2025-05-02T20:59:01.383+0000] {spark_submit.py:644} INFO - org.apache.spark.deploy.PythonRunner
[2025-05-02T20:59:01.384+0000] {spark_submit.py:644} INFO - Arguments:
[2025-05-02T20:59:01.384+0000] {spark_submit.py:644} INFO - file:/opt/airflow/dags/landing_to_bronze.py
[2025-05-02T20:59:01.384+0000] {spark_submit.py:644} INFO - null
[2025-05-02T20:59:01.386+0000] {spark_submit.py:644} INFO - Spark config:
[2025-05-02T20:59:01.386+0000] {spark_submit.py:644} INFO - (spark.app.name,LandingToBronze)
[2025-05-02T20:59:01.386+0000] {spark_submit.py:644} INFO - (spark.app.submitTime,1746219541367)
[2025-05-02T20:59:01.387+0000] {spark_submit.py:644} INFO - (spark.master,spark://spark-master:7077)
[2025-05-02T20:59:01.387+0000] {spark_submit.py:644} INFO - (spark.submit.deployMode,client)
[2025-05-02T20:59:01.387+0000] {spark_submit.py:644} INFO - (spark.submit.pyFiles,)
[2025-05-02T20:59:01.387+0000] {spark_submit.py:644} INFO - Classpath elements:
[2025-05-02T20:59:01.387+0000] {spark_submit.py:644} INFO - 
[2025-05-02T20:59:01.387+0000] {spark_submit.py:644} INFO - 
[2025-05-02T20:59:01.387+0000] {spark_submit.py:644} INFO - 
[2025-05-02T20:59:02.344+0000] {spark_submit.py:644} INFO - 25/05/02 20:59:02 INFO SparkContext: Running Spark version 3.3.0
[2025-05-02T20:59:02.387+0000] {spark_submit.py:644} INFO - 25/05/02 20:59:02 WARN NativeCodeLoader: Unable to load native-hadoop library for your platform... using builtin-java classes where applicable
[2025-05-02T20:59:02.457+0000] {spark_submit.py:644} INFO - 25/05/02 20:59:02 INFO ResourceUtils: ==============================================================
[2025-05-02T20:59:02.457+0000] {spark_submit.py:644} INFO - 25/05/02 20:59:02 INFO ResourceUtils: No custom resources configured for spark.driver.
[2025-05-02T20:59:02.458+0000] {spark_submit.py:644} INFO - 25/05/02 20:59:02 INFO ResourceUtils: ==============================================================
[2025-05-02T20:59:02.458+0000] {spark_submit.py:644} INFO - 25/05/02 20:59:02 INFO SparkContext: Submitted application: LandingToBronze
[2025-05-02T20:59:02.476+0000] {spark_submit.py:644} INFO - 25/05/02 20:59:02 INFO ResourceProfile: Default ResourceProfile created, executor resources: Map(cores -> name: cores, amount: 1, script: , vendor: , memory -> name: memory, amount: 1024, script: , vendor: , offHeap -> name: offHeap, amount: 0, script: , vendor: ), task resources: Map(cpus -> name: cpus, amount: 1.0)
[2025-05-02T20:59:02.483+0000] {spark_submit.py:644} INFO - 25/05/02 20:59:02 INFO ResourceProfile: Limiting resource is cpu
[2025-05-02T20:59:02.484+0000] {spark_submit.py:644} INFO - 25/05/02 20:59:02 INFO ResourceProfileManager: Added ResourceProfile id: 0
[2025-05-02T20:59:02.520+0000] {spark_submit.py:644} INFO - 25/05/02 20:59:02 INFO SecurityManager: Changing view acls to: airflow
[2025-05-02T20:59:02.521+0000] {spark_submit.py:644} INFO - 25/05/02 20:59:02 INFO SecurityManager: Changing modify acls to: airflow
[2025-05-02T20:59:02.521+0000] {spark_submit.py:644} INFO - 25/05/02 20:59:02 INFO SecurityManager: Changing view acls groups to:
[2025-05-02T20:59:02.521+0000] {spark_submit.py:644} INFO - 25/05/02 20:59:02 INFO SecurityManager: Changing modify acls groups to:
[2025-05-02T20:59:02.522+0000] {spark_submit.py:644} INFO - 25/05/02 20:59:02 INFO SecurityManager: SecurityManager: authentication disabled; ui acls disabled; users  with view permissions: Set(airflow); groups with view permissions: Set(); users  with modify permissions: Set(airflow); groups with modify permissions: Set()
[2025-05-02T20:59:02.721+0000] {spark_submit.py:644} INFO - 25/05/02 20:59:02 INFO Utils: Successfully started service 'sparkDriver' on port 37669.
[2025-05-02T20:59:02.749+0000] {spark_submit.py:644} INFO - 25/05/02 20:59:02 INFO SparkEnv: Registering MapOutputTracker
[2025-05-02T20:59:02.778+0000] {spark_submit.py:644} INFO - 25/05/02 20:59:02 INFO SparkEnv: Registering BlockManagerMaster
[2025-05-02T20:59:02.792+0000] {spark_submit.py:644} INFO - 25/05/02 20:59:02 INFO BlockManagerMasterEndpoint: Using org.apache.spark.storage.DefaultTopologyMapper for getting topology information
[2025-05-02T20:59:02.792+0000] {spark_submit.py:644} INFO - 25/05/02 20:59:02 INFO BlockManagerMasterEndpoint: BlockManagerMasterEndpoint up
[2025-05-02T20:59:02.796+0000] {spark_submit.py:644} INFO - 25/05/02 20:59:02 INFO SparkEnv: Registering BlockManagerMasterHeartbeat
[2025-05-02T20:59:02.813+0000] {spark_submit.py:644} INFO - 25/05/02 20:59:02 INFO DiskBlockManager: Created local directory at /tmp/blockmgr-7c6884dd-dffe-4261-8155-cf63fcb9d633
[2025-05-02T20:59:02.827+0000] {spark_submit.py:644} INFO - 25/05/02 20:59:02 INFO MemoryStore: MemoryStore started with capacity 434.4 MiB
[2025-05-02T20:59:02.840+0000] {spark_submit.py:644} INFO - 25/05/02 20:59:02 INFO SparkEnv: Registering OutputCommitCoordinator
[2025-05-02T20:59:03.009+0000] {spark_submit.py:644} INFO - 25/05/02 20:59:03 INFO Utils: Successfully started service 'SparkUI' on port 4040.
[2025-05-02T20:59:03.140+0000] {spark_submit.py:644} INFO - 25/05/02 20:59:03 INFO StandaloneAppClient$ClientEndpoint: Connecting to master spark://spark-master:7077...
[2025-05-02T20:59:03.177+0000] {spark_submit.py:644} INFO - 25/05/02 20:59:03 INFO TransportClientFactory: Successfully created connection to spark-master/172.19.0.2:7077 after 20 ms (0 ms spent in bootstraps)
[2025-05-02T20:59:03.255+0000] {spark_submit.py:644} INFO - 25/05/02 20:59:03 INFO StandaloneSchedulerBackend: Connected to Spark cluster with app ID app-20250502205903-0005
[2025-05-02T20:59:03.258+0000] {spark_submit.py:644} INFO - 25/05/02 20:59:03 INFO StandaloneAppClient$ClientEndpoint: Executor added: app-20250502205903-0005/0 on worker-20250502201254-172.19.0.5-36485 (172.19.0.5:36485) with 2 core(s)
[2025-05-02T20:59:03.261+0000] {spark_submit.py:644} INFO - 25/05/02 20:59:03 INFO StandaloneSchedulerBackend: Granted executor ID app-20250502205903-0005/0 on hostPort 172.19.0.5:36485 with 2 core(s), 1024.0 MiB RAM
[2025-05-02T20:59:03.268+0000] {spark_submit.py:644} INFO - 25/05/02 20:59:03 INFO Utils: Successfully started service 'org.apache.spark.network.netty.NettyBlockTransferService' on port 42769.
[2025-05-02T20:59:03.268+0000] {spark_submit.py:644} INFO - 25/05/02 20:59:03 INFO NettyBlockTransferService: Server created on 6ca5a7f6558e:42769
[2025-05-02T20:59:03.270+0000] {spark_submit.py:644} INFO - 25/05/02 20:59:03 INFO BlockManager: Using org.apache.spark.storage.RandomBlockReplicationPolicy for block replication policy
[2025-05-02T20:59:03.278+0000] {spark_submit.py:644} INFO - 25/05/02 20:59:03 INFO BlockManagerMaster: Registering BlockManager BlockManagerId(driver, 6ca5a7f6558e, 42769, None)
[2025-05-02T20:59:03.283+0000] {spark_submit.py:644} INFO - 25/05/02 20:59:03 INFO BlockManagerMasterEndpoint: Registering block manager 6ca5a7f6558e:42769 with 434.4 MiB RAM, BlockManagerId(driver, 6ca5a7f6558e, 42769, None)
[2025-05-02T20:59:03.286+0000] {spark_submit.py:644} INFO - 25/05/02 20:59:03 INFO BlockManagerMaster: Registered BlockManager BlockManagerId(driver, 6ca5a7f6558e, 42769, None)
[2025-05-02T20:59:03.287+0000] {spark_submit.py:644} INFO - 25/05/02 20:59:03 INFO BlockManager: Initialized BlockManager: BlockManagerId(driver, 6ca5a7f6558e, 42769, None)
[2025-05-02T20:59:03.295+0000] {spark_submit.py:644} INFO - 25/05/02 20:59:03 INFO StandaloneAppClient$ClientEndpoint: Executor updated: app-20250502205903-0005/0 is now RUNNING
[2025-05-02T20:59:03.450+0000] {spark_submit.py:644} INFO - 25/05/02 20:59:03 INFO StandaloneSchedulerBackend: SchedulerBackend is ready for scheduling beginning after reached minRegisteredResourcesRatio: 0.0
[2025-05-02T20:59:03.608+0000] {spark_submit.py:644} INFO - 📥 Завантаження: https://ftp.goit.study/neoversity/athlete_bio.csv
[2025-05-02T20:59:06.397+0000] {spark_submit.py:644} INFO - ✅ CSV збережено: /tmp/spark_data/landing/athlete_bio.csv
[2025-05-02T20:59:06.399+0000] {spark_submit.py:644} INFO - 📊 Обробка файлу /tmp/spark_data/landing/athlete_bio.csv
[2025-05-02T20:59:06.457+0000] {spark_submit.py:644} INFO - 25/05/02 20:59:06 INFO SharedState: Setting hive.metastore.warehouse.dir ('null') to the value of spark.sql.warehouse.dir.
[2025-05-02T20:59:06.463+0000] {spark_submit.py:644} INFO - 25/05/02 20:59:06 INFO SharedState: Warehouse path is 'file:/opt/airflow/spark-warehouse'.
[2025-05-02T20:59:07.110+0000] {spark_submit.py:644} INFO - 25/05/02 20:59:07 INFO InMemoryFileIndex: It took 29 ms to list leaf files for 1 paths.
[2025-05-02T20:59:07.180+0000] {spark_submit.py:644} INFO - 25/05/02 20:59:07 INFO InMemoryFileIndex: It took 4 ms to list leaf files for 1 paths.
[2025-05-02T20:59:07.210+0000] {spark_submit.py:644} INFO - 25/05/02 20:59:07 INFO CoarseGrainedSchedulerBackend$DriverEndpoint: Registered executor NettyRpcEndpointRef(spark-client://Executor) (172.19.0.5:55064) with ID 0,  ResourceProfileId 0
[2025-05-02T20:59:07.312+0000] {spark_submit.py:644} INFO - 25/05/02 20:59:07 INFO BlockManagerMasterEndpoint: Registering block manager 172.19.0.5:38185 with 366.3 MiB RAM, BlockManagerId(0, 172.19.0.5, 38185, None)
[2025-05-02T20:59:08.978+0000] {spark_submit.py:644} INFO - 25/05/02 20:59:08 INFO FileSourceStrategy: Pushed Filters:
[2025-05-02T20:59:08.980+0000] {spark_submit.py:644} INFO - 25/05/02 20:59:08 INFO FileSourceStrategy: Post-Scan Filters: (length(trim(value#0, None)) > 0)
[2025-05-02T20:59:08.982+0000] {spark_submit.py:644} INFO - 25/05/02 20:59:08 INFO FileSourceStrategy: Output Data Schema: struct<value: string>
[2025-05-02T20:59:09.321+0000] {spark_submit.py:644} INFO - 25/05/02 20:59:09 INFO CodeGenerator: Code generated in 95.772553 ms
[2025-05-02T20:59:09.363+0000] {spark_submit.py:644} INFO - 25/05/02 20:59:09 INFO MemoryStore: Block broadcast_0 stored as values in memory (estimated size 199.2 KiB, free 434.2 MiB)
[2025-05-02T20:59:09.405+0000] {spark_submit.py:644} INFO - 25/05/02 20:59:09 INFO MemoryStore: Block broadcast_0_piece0 stored as bytes in memory (estimated size 33.9 KiB, free 434.2 MiB)
[2025-05-02T20:59:09.408+0000] {spark_submit.py:644} INFO - 25/05/02 20:59:09 INFO BlockManagerInfo: Added broadcast_0_piece0 in memory on 6ca5a7f6558e:42769 (size: 33.9 KiB, free: 434.4 MiB)
[2025-05-02T20:59:09.411+0000] {spark_submit.py:644} INFO - 25/05/02 20:59:09 INFO SparkContext: Created broadcast 0 from csv at NativeMethodAccessorImpl.java:0
[2025-05-02T20:59:09.419+0000] {spark_submit.py:644} INFO - 25/05/02 20:59:09 INFO FileSourceScanExec: Planning scan with bin packing, max size: 29844437 bytes, open cost is considered as scanning 4194304 bytes.
[2025-05-02T20:59:09.497+0000] {spark_submit.py:644} INFO - 25/05/02 20:59:09 INFO SparkContext: Starting job: csv at NativeMethodAccessorImpl.java:0
[2025-05-02T20:59:09.507+0000] {spark_submit.py:644} INFO - 25/05/02 20:59:09 INFO DAGScheduler: Got job 0 (csv at NativeMethodAccessorImpl.java:0) with 1 output partitions
[2025-05-02T20:59:09.508+0000] {spark_submit.py:644} INFO - 25/05/02 20:59:09 INFO DAGScheduler: Final stage: ResultStage 0 (csv at NativeMethodAccessorImpl.java:0)
[2025-05-02T20:59:09.508+0000] {spark_submit.py:644} INFO - 25/05/02 20:59:09 INFO DAGScheduler: Parents of final stage: List()
[2025-05-02T20:59:09.510+0000] {spark_submit.py:644} INFO - 25/05/02 20:59:09 INFO DAGScheduler: Missing parents: List()
[2025-05-02T20:59:09.513+0000] {spark_submit.py:644} INFO - 25/05/02 20:59:09 INFO DAGScheduler: Submitting ResultStage 0 (MapPartitionsRDD[3] at csv at NativeMethodAccessorImpl.java:0), which has no missing parents
[2025-05-02T20:59:09.562+0000] {spark_submit.py:644} INFO - 25/05/02 20:59:09 INFO MemoryStore: Block broadcast_1 stored as values in memory (estimated size 11.8 KiB, free 434.2 MiB)
[2025-05-02T20:59:09.564+0000] {spark_submit.py:644} INFO - 25/05/02 20:59:09 INFO MemoryStore: Block broadcast_1_piece0 stored as bytes in memory (estimated size 5.9 KiB, free 434.2 MiB)
[2025-05-02T20:59:09.565+0000] {spark_submit.py:644} INFO - 25/05/02 20:59:09 INFO BlockManagerInfo: Added broadcast_1_piece0 in memory on 6ca5a7f6558e:42769 (size: 5.9 KiB, free: 434.4 MiB)
[2025-05-02T20:59:09.566+0000] {spark_submit.py:644} INFO - 25/05/02 20:59:09 INFO SparkContext: Created broadcast 1 from broadcast at DAGScheduler.scala:1513
[2025-05-02T20:59:09.578+0000] {spark_submit.py:644} INFO - 25/05/02 20:59:09 INFO DAGScheduler: Submitting 1 missing tasks from ResultStage 0 (MapPartitionsRDD[3] at csv at NativeMethodAccessorImpl.java:0) (first 15 tasks are for partitions Vector(0))
[2025-05-02T20:59:09.579+0000] {spark_submit.py:644} INFO - 25/05/02 20:59:09 INFO TaskSchedulerImpl: Adding task set 0.0 with 1 tasks resource profile 0
[2025-05-02T20:59:09.608+0000] {spark_submit.py:644} INFO - 25/05/02 20:59:09 INFO TaskSetManager: Starting task 0.0 in stage 0.0 (TID 0) (172.19.0.5, executor 0, partition 0, PROCESS_LOCAL, 4921 bytes) taskResourceAssignments Map()
[2025-05-02T20:59:09.843+0000] {spark_submit.py:644} INFO - 25/05/02 20:59:09 INFO BlockManagerInfo: Added broadcast_1_piece0 in memory on 172.19.0.5:38185 (size: 5.9 KiB, free: 366.3 MiB)
[2025-05-02T20:59:10.931+0000] {spark_submit.py:644} INFO - 25/05/02 20:59:10 INFO BlockManagerInfo: Added broadcast_0_piece0 in memory on 172.19.0.5:38185 (size: 33.9 KiB, free: 366.3 MiB)
[2025-05-02T20:59:11.125+0000] {spark_submit.py:644} INFO - 25/05/02 20:59:11 INFO TaskSetManager: Finished task 0.0 in stage 0.0 (TID 0) in 1525 ms on 172.19.0.5 (executor 0) (1/1)
[2025-05-02T20:59:11.127+0000] {spark_submit.py:644} INFO - 25/05/02 20:59:11 INFO TaskSchedulerImpl: Removed TaskSet 0.0, whose tasks have all completed, from pool
[2025-05-02T20:59:11.132+0000] {spark_submit.py:644} INFO - 25/05/02 20:59:11 INFO DAGScheduler: ResultStage 0 (csv at NativeMethodAccessorImpl.java:0) finished in 1.601 s
[2025-05-02T20:59:11.135+0000] {spark_submit.py:644} INFO - 25/05/02 20:59:11 INFO DAGScheduler: Job 0 is finished. Cancelling potential speculative or zombie tasks for this job
[2025-05-02T20:59:11.136+0000] {spark_submit.py:644} INFO - 25/05/02 20:59:11 INFO TaskSchedulerImpl: Killing all running tasks in stage 0: Stage finished
[2025-05-02T20:59:11.137+0000] {spark_submit.py:644} INFO - 25/05/02 20:59:11 INFO DAGScheduler: Job 0 finished: csv at NativeMethodAccessorImpl.java:0, took 1.639584 s
[2025-05-02T20:59:11.158+0000] {spark_submit.py:644} INFO - 25/05/02 20:59:11 INFO CodeGenerator: Code generated in 9.343684 ms
[2025-05-02T20:59:11.199+0000] {spark_submit.py:644} INFO - 25/05/02 20:59:11 INFO FileSourceStrategy: Pushed Filters:
[2025-05-02T20:59:11.199+0000] {spark_submit.py:644} INFO - 25/05/02 20:59:11 INFO FileSourceStrategy: Post-Scan Filters:
[2025-05-02T20:59:11.200+0000] {spark_submit.py:644} INFO - 25/05/02 20:59:11 INFO FileSourceStrategy: Output Data Schema: struct<value: string>
[2025-05-02T20:59:11.205+0000] {spark_submit.py:644} INFO - 25/05/02 20:59:11 INFO MemoryStore: Block broadcast_2 stored as values in memory (estimated size 199.2 KiB, free 434.0 MiB)
[2025-05-02T20:59:11.213+0000] {spark_submit.py:644} INFO - 25/05/02 20:59:11 INFO MemoryStore: Block broadcast_2_piece0 stored as bytes in memory (estimated size 33.9 KiB, free 433.9 MiB)
[2025-05-02T20:59:11.214+0000] {spark_submit.py:644} INFO - 25/05/02 20:59:11 INFO BlockManagerInfo: Added broadcast_2_piece0 in memory on 6ca5a7f6558e:42769 (size: 33.9 KiB, free: 434.3 MiB)
[2025-05-02T20:59:11.215+0000] {spark_submit.py:644} INFO - 25/05/02 20:59:11 INFO SparkContext: Created broadcast 2 from csv at NativeMethodAccessorImpl.java:0
[2025-05-02T20:59:11.216+0000] {spark_submit.py:644} INFO - 25/05/02 20:59:11 INFO FileSourceScanExec: Planning scan with bin packing, max size: 29844437 bytes, open cost is considered as scanning 4194304 bytes.
[2025-05-02T20:59:11.260+0000] {spark_submit.py:644} INFO - 🗑️ Видалення старого каталогу: /tmp/spark_data/bronze/athlete_bio
[2025-05-02T20:59:11.299+0000] {spark_submit.py:644} INFO - 25/05/02 20:59:11 INFO FileSourceStrategy: Pushed Filters:
[2025-05-02T20:59:11.299+0000] {spark_submit.py:644} INFO - 25/05/02 20:59:11 INFO FileSourceStrategy: Post-Scan Filters:
[2025-05-02T20:59:11.299+0000] {spark_submit.py:644} INFO - 25/05/02 20:59:11 INFO FileSourceStrategy: Output Data Schema: struct<athlete_id: string, name: string, sex: string, born: string, height: string ... 8 more fields>
[2025-05-02T20:59:11.329+0000] {spark_submit.py:644} INFO - 25/05/02 20:59:11 INFO ParquetFileFormat: Using default output committer for Parquet: org.apache.parquet.hadoop.ParquetOutputCommitter
[2025-05-02T20:59:11.350+0000] {spark_submit.py:644} INFO - 25/05/02 20:59:11 INFO FileOutputCommitter: File Output Committer Algorithm version is 1
[2025-05-02T20:59:11.351+0000] {spark_submit.py:644} INFO - 25/05/02 20:59:11 INFO FileOutputCommitter: FileOutputCommitter skip cleanup _temporary folders under output directory:false, ignore cleanup failures: false
[2025-05-02T20:59:11.352+0000] {spark_submit.py:644} INFO - 25/05/02 20:59:11 INFO SQLHadoopMapReduceCommitProtocol: Using user defined output committer class org.apache.parquet.hadoop.ParquetOutputCommitter
[2025-05-02T20:59:11.352+0000] {spark_submit.py:644} INFO - 25/05/02 20:59:11 INFO FileOutputCommitter: File Output Committer Algorithm version is 1
[2025-05-02T20:59:11.352+0000] {spark_submit.py:644} INFO - 25/05/02 20:59:11 INFO FileOutputCommitter: FileOutputCommitter skip cleanup _temporary folders under output directory:false, ignore cleanup failures: false
[2025-05-02T20:59:11.353+0000] {spark_submit.py:644} INFO - 25/05/02 20:59:11 INFO SQLHadoopMapReduceCommitProtocol: Using output committer class org.apache.parquet.hadoop.ParquetOutputCommitter
[2025-05-02T20:59:11.374+0000] {spark_submit.py:644} INFO - 25/05/02 20:59:11 INFO MemoryStore: Block broadcast_3 stored as values in memory (estimated size 199.1 KiB, free 433.7 MiB)
[2025-05-02T20:59:11.383+0000] {spark_submit.py:644} INFO - 25/05/02 20:59:11 INFO MemoryStore: Block broadcast_3_piece0 stored as bytes in memory (estimated size 33.9 KiB, free 433.7 MiB)
[2025-05-02T20:59:11.384+0000] {spark_submit.py:644} INFO - 25/05/02 20:59:11 INFO BlockManagerInfo: Added broadcast_3_piece0 in memory on 6ca5a7f6558e:42769 (size: 33.9 KiB, free: 434.3 MiB)
[2025-05-02T20:59:11.385+0000] {spark_submit.py:644} INFO - 25/05/02 20:59:11 INFO SparkContext: Created broadcast 3 from parquet at NativeMethodAccessorImpl.java:0
[2025-05-02T20:59:11.389+0000] {spark_submit.py:644} INFO - 25/05/02 20:59:11 INFO FileSourceScanExec: Planning scan with bin packing, max size: 29844437 bytes, open cost is considered as scanning 4194304 bytes.
[2025-05-02T20:59:11.424+0000] {spark_submit.py:644} INFO - 25/05/02 20:59:11 INFO SparkContext: Starting job: parquet at NativeMethodAccessorImpl.java:0
[2025-05-02T20:59:11.425+0000] {spark_submit.py:644} INFO - 25/05/02 20:59:11 INFO DAGScheduler: Got job 1 (parquet at NativeMethodAccessorImpl.java:0) with 2 output partitions
[2025-05-02T20:59:11.426+0000] {spark_submit.py:644} INFO - 25/05/02 20:59:11 INFO DAGScheduler: Final stage: ResultStage 1 (parquet at NativeMethodAccessorImpl.java:0)
[2025-05-02T20:59:11.426+0000] {spark_submit.py:644} INFO - 25/05/02 20:59:11 INFO DAGScheduler: Parents of final stage: List()
[2025-05-02T20:59:11.426+0000] {spark_submit.py:644} INFO - 25/05/02 20:59:11 INFO DAGScheduler: Missing parents: List()
[2025-05-02T20:59:11.427+0000] {spark_submit.py:644} INFO - 25/05/02 20:59:11 INFO DAGScheduler: Submitting ResultStage 1 (MapPartitionsRDD[11] at parquet at NativeMethodAccessorImpl.java:0), which has no missing parents
[2025-05-02T20:59:11.464+0000] {spark_submit.py:644} INFO - 25/05/02 20:59:11 INFO MemoryStore: Block broadcast_4 stored as values in memory (estimated size 211.6 KiB, free 433.5 MiB)
[2025-05-02T20:59:11.478+0000] {spark_submit.py:644} INFO - 25/05/02 20:59:11 INFO MemoryStore: Block broadcast_4_piece0 stored as bytes in memory (estimated size 76.2 KiB, free 433.4 MiB)
[2025-05-02T20:59:11.480+0000] {spark_submit.py:644} INFO - 25/05/02 20:59:11 INFO BlockManagerInfo: Added broadcast_4_piece0 in memory on 6ca5a7f6558e:42769 (size: 76.2 KiB, free: 434.2 MiB)
[2025-05-02T20:59:11.480+0000] {spark_submit.py:644} INFO - 25/05/02 20:59:11 INFO SparkContext: Created broadcast 4 from broadcast at DAGScheduler.scala:1513
[2025-05-02T20:59:11.481+0000] {spark_submit.py:644} INFO - 25/05/02 20:59:11 INFO DAGScheduler: Submitting 2 missing tasks from ResultStage 1 (MapPartitionsRDD[11] at parquet at NativeMethodAccessorImpl.java:0) (first 15 tasks are for partitions Vector(0, 1))
[2025-05-02T20:59:11.482+0000] {spark_submit.py:644} INFO - 25/05/02 20:59:11 INFO TaskSchedulerImpl: Adding task set 1.0 with 2 tasks resource profile 0
[2025-05-02T20:59:11.484+0000] {spark_submit.py:644} INFO - 25/05/02 20:59:11 INFO TaskSetManager: Starting task 0.0 in stage 1.0 (TID 1) (172.19.0.5, executor 0, partition 0, PROCESS_LOCAL, 4921 bytes) taskResourceAssignments Map()
[2025-05-02T20:59:11.485+0000] {spark_submit.py:644} INFO - 25/05/02 20:59:11 INFO TaskSetManager: Starting task 1.0 in stage 1.0 (TID 2) (172.19.0.5, executor 0, partition 1, PROCESS_LOCAL, 4921 bytes) taskResourceAssignments Map()
[2025-05-02T20:59:11.505+0000] {spark_submit.py:644} INFO - 25/05/02 20:59:11 INFO BlockManagerInfo: Removed broadcast_0_piece0 on 6ca5a7f6558e:42769 in memory (size: 33.9 KiB, free: 434.3 MiB)
[2025-05-02T20:59:11.514+0000] {spark_submit.py:644} INFO - 25/05/02 20:59:11 INFO BlockManagerInfo: Removed broadcast_0_piece0 on 172.19.0.5:38185 in memory (size: 33.9 KiB, free: 366.3 MiB)
[2025-05-02T20:59:11.527+0000] {spark_submit.py:644} INFO - 25/05/02 20:59:11 INFO BlockManagerInfo: Added broadcast_4_piece0 in memory on 172.19.0.5:38185 (size: 76.2 KiB, free: 366.2 MiB)
[2025-05-02T20:59:11.530+0000] {spark_submit.py:644} INFO - 25/05/02 20:59:11 INFO BlockManagerInfo: Removed broadcast_1_piece0 on 6ca5a7f6558e:42769 in memory (size: 5.9 KiB, free: 434.3 MiB)
[2025-05-02T20:59:11.536+0000] {spark_submit.py:644} INFO - 25/05/02 20:59:11 INFO BlockManagerInfo: Removed broadcast_1_piece0 on 172.19.0.5:38185 in memory (size: 5.9 KiB, free: 366.2 MiB)
[2025-05-02T20:59:11.545+0000] {spark_submit.py:644} INFO - 25/05/02 20:59:11 INFO BlockManagerInfo: Removed broadcast_2_piece0 on 6ca5a7f6558e:42769 in memory (size: 33.9 KiB, free: 434.3 MiB)
[2025-05-02T20:59:11.870+0000] {spark_submit.py:644} INFO - 25/05/02 20:59:11 INFO BlockManagerInfo: Added broadcast_3_piece0 in memory on 172.19.0.5:38185 (size: 33.9 KiB, free: 366.2 MiB)
[2025-05-02T20:59:13.714+0000] {spark_submit.py:644} INFO - 25/05/02 20:59:13 INFO TaskSetManager: Finished task 0.0 in stage 1.0 (TID 1) in 2230 ms on 172.19.0.5 (executor 0) (1/2)
[2025-05-02T20:59:13.714+0000] {spark_submit.py:644} INFO - 25/05/02 20:59:13 INFO TaskSetManager: Finished task 1.0 in stage 1.0 (TID 2) in 2230 ms on 172.19.0.5 (executor 0) (2/2)
[2025-05-02T20:59:13.714+0000] {spark_submit.py:644} INFO - 25/05/02 20:59:13 INFO TaskSchedulerImpl: Removed TaskSet 1.0, whose tasks have all completed, from pool
[2025-05-02T20:59:13.717+0000] {spark_submit.py:644} INFO - 25/05/02 20:59:13 INFO DAGScheduler: ResultStage 1 (parquet at NativeMethodAccessorImpl.java:0) finished in 2.288 s
[2025-05-02T20:59:13.717+0000] {spark_submit.py:644} INFO - 25/05/02 20:59:13 INFO DAGScheduler: Job 1 is finished. Cancelling potential speculative or zombie tasks for this job
[2025-05-02T20:59:13.718+0000] {spark_submit.py:644} INFO - 25/05/02 20:59:13 INFO TaskSchedulerImpl: Killing all running tasks in stage 1: Stage finished
[2025-05-02T20:59:13.718+0000] {spark_submit.py:644} INFO - 25/05/02 20:59:13 INFO DAGScheduler: Job 1 finished: parquet at NativeMethodAccessorImpl.java:0, took 2.294153 s
[2025-05-02T20:59:13.720+0000] {spark_submit.py:644} INFO - 25/05/02 20:59:13 INFO FileFormatWriter: Start to commit write Job fa7be9b1-2b4f-411e-9ef4-a69a34da50a9.
[2025-05-02T20:59:13.749+0000] {spark_submit.py:644} INFO - 25/05/02 20:59:13 ERROR FileFormatWriter: Aborting job fa7be9b1-2b4f-411e-9ef4-a69a34da50a9.
[2025-05-02T20:59:13.749+0000] {spark_submit.py:644} INFO - java.io.IOException: Failed to rename DeprecatedRawLocalFileStatus{path=file:/tmp/spark_data/bronze/athlete_bio/_temporary/0/task_202505022059119108658715754200138_0001_m_000001/part-00001-0485dcf4-add6-4f0e-aa6e-1deba787b076-c000.snappy.parquet; isDirectory=false; length=12669132; replication=1; blocksize=33554432; modification_time=1746219553669; access_time=1746219551978; owner=; group=; permission=rw-rw-rw-; isSymlink=false; hasAcl=false; isEncrypted=false; isErasureCoded=false} to file:/tmp/spark_data/bronze/athlete_bio/part-00001-0485dcf4-add6-4f0e-aa6e-1deba787b076-c000.snappy.parquet
[2025-05-02T20:59:13.749+0000] {spark_submit.py:644} INFO - at org.apache.hadoop.mapreduce.lib.output.FileOutputCommitter.mergePaths(FileOutputCommitter.java:477)
[2025-05-02T20:59:13.750+0000] {spark_submit.py:644} INFO - at org.apache.hadoop.mapreduce.lib.output.FileOutputCommitter.mergePaths(FileOutputCommitter.java:490)
[2025-05-02T20:59:13.750+0000] {spark_submit.py:644} INFO - at org.apache.hadoop.mapreduce.lib.output.FileOutputCommitter.commitJobInternal(FileOutputCommitter.java:405)
[2025-05-02T20:59:13.750+0000] {spark_submit.py:644} INFO - at org.apache.hadoop.mapreduce.lib.output.FileOutputCommitter.commitJob(FileOutputCommitter.java:377)
[2025-05-02T20:59:13.750+0000] {spark_submit.py:644} INFO - at org.apache.parquet.hadoop.ParquetOutputCommitter.commitJob(ParquetOutputCommitter.java:48)
[2025-05-02T20:59:13.750+0000] {spark_submit.py:644} INFO - at org.apache.spark.internal.io.HadoopMapReduceCommitProtocol.commitJob(HadoopMapReduceCommitProtocol.scala:192)
[2025-05-02T20:59:13.750+0000] {spark_submit.py:644} INFO - at org.apache.spark.sql.execution.datasources.FileFormatWriter$.$anonfun$write$25(FileFormatWriter.scala:267)
[2025-05-02T20:59:13.750+0000] {spark_submit.py:644} INFO - at scala.runtime.java8.JFunction0$mcV$sp.apply(JFunction0$mcV$sp.java:23)
[2025-05-02T20:59:13.750+0000] {spark_submit.py:644} INFO - at org.apache.spark.util.Utils$.timeTakenMs(Utils.scala:642)
[2025-05-02T20:59:13.750+0000] {spark_submit.py:644} INFO - at org.apache.spark.sql.execution.datasources.FileFormatWriter$.write(FileFormatWriter.scala:267)
[2025-05-02T20:59:13.750+0000] {spark_submit.py:644} INFO - at org.apache.spark.sql.execution.datasources.InsertIntoHadoopFsRelationCommand.run(InsertIntoHadoopFsRelationCommand.scala:186)
[2025-05-02T20:59:13.751+0000] {spark_submit.py:644} INFO - at org.apache.spark.sql.execution.command.DataWritingCommandExec.sideEffectResult$lzycompute(commands.scala:113)
[2025-05-02T20:59:13.751+0000] {spark_submit.py:644} INFO - at org.apache.spark.sql.execution.command.DataWritingCommandExec.sideEffectResult(commands.scala:111)
[2025-05-02T20:59:13.751+0000] {spark_submit.py:644} INFO - at org.apache.spark.sql.execution.command.DataWritingCommandExec.executeCollect(commands.scala:125)
[2025-05-02T20:59:13.751+0000] {spark_submit.py:644} INFO - at org.apache.spark.sql.execution.QueryExecution$$anonfun$eagerlyExecuteCommands$1.$anonfun$applyOrElse$1(QueryExecution.scala:98)
[2025-05-02T20:59:13.751+0000] {spark_submit.py:644} INFO - at org.apache.spark.sql.execution.SQLExecution$.$anonfun$withNewExecutionId$6(SQLExecution.scala:109)
[2025-05-02T20:59:13.751+0000] {spark_submit.py:644} INFO - at org.apache.spark.sql.execution.SQLExecution$.withSQLConfPropagated(SQLExecution.scala:169)
[2025-05-02T20:59:13.751+0000] {spark_submit.py:644} INFO - at org.apache.spark.sql.execution.SQLExecution$.$anonfun$withNewExecutionId$1(SQLExecution.scala:95)
[2025-05-02T20:59:13.752+0000] {spark_submit.py:644} INFO - at org.apache.spark.sql.SparkSession.withActive(SparkSession.scala:779)
[2025-05-02T20:59:13.752+0000] {spark_submit.py:644} INFO - at org.apache.spark.sql.execution.SQLExecution$.withNewExecutionId(SQLExecution.scala:64)
[2025-05-02T20:59:13.752+0000] {spark_submit.py:644} INFO - at org.apache.spark.sql.execution.QueryExecution$$anonfun$eagerlyExecuteCommands$1.applyOrElse(QueryExecution.scala:98)
[2025-05-02T20:59:13.752+0000] {spark_submit.py:644} INFO - at org.apache.spark.sql.execution.QueryExecution$$anonfun$eagerlyExecuteCommands$1.applyOrElse(QueryExecution.scala:94)
[2025-05-02T20:59:13.752+0000] {spark_submit.py:644} INFO - at org.apache.spark.sql.catalyst.trees.TreeNode.$anonfun$transformDownWithPruning$1(TreeNode.scala:584)
[2025-05-02T20:59:13.753+0000] {spark_submit.py:644} INFO - at org.apache.spark.sql.catalyst.trees.CurrentOrigin$.withOrigin(TreeNode.scala:176)
[2025-05-02T20:59:13.753+0000] {spark_submit.py:644} INFO - at org.apache.spark.sql.catalyst.trees.TreeNode.transformDownWithPruning(TreeNode.scala:584)
[2025-05-02T20:59:13.753+0000] {spark_submit.py:644} INFO - at org.apache.spark.sql.catalyst.plans.logical.LogicalPlan.org$apache$spark$sql$catalyst$plans$logical$AnalysisHelper$$super$transformDownWithPruning(LogicalPlan.scala:30)
[2025-05-02T20:59:13.753+0000] {spark_submit.py:644} INFO - at org.apache.spark.sql.catalyst.plans.logical.AnalysisHelper.transformDownWithPruning(AnalysisHelper.scala:267)
[2025-05-02T20:59:13.753+0000] {spark_submit.py:644} INFO - at org.apache.spark.sql.catalyst.plans.logical.AnalysisHelper.transformDownWithPruning$(AnalysisHelper.scala:263)
[2025-05-02T20:59:13.753+0000] {spark_submit.py:644} INFO - at org.apache.spark.sql.catalyst.plans.logical.LogicalPlan.transformDownWithPruning(LogicalPlan.scala:30)
[2025-05-02T20:59:13.754+0000] {spark_submit.py:644} INFO - at org.apache.spark.sql.catalyst.plans.logical.LogicalPlan.transformDownWithPruning(LogicalPlan.scala:30)
[2025-05-02T20:59:13.754+0000] {spark_submit.py:644} INFO - at org.apache.spark.sql.catalyst.trees.TreeNode.transformDown(TreeNode.scala:560)
[2025-05-02T20:59:13.754+0000] {spark_submit.py:644} INFO - at org.apache.spark.sql.execution.QueryExecution.eagerlyExecuteCommands(QueryExecution.scala:94)
[2025-05-02T20:59:13.754+0000] {spark_submit.py:644} INFO - at org.apache.spark.sql.execution.QueryExecution.commandExecuted$lzycompute(QueryExecution.scala:81)
[2025-05-02T20:59:13.754+0000] {spark_submit.py:644} INFO - at org.apache.spark.sql.execution.QueryExecution.commandExecuted(QueryExecution.scala:79)
[2025-05-02T20:59:13.754+0000] {spark_submit.py:644} INFO - at org.apache.spark.sql.execution.QueryExecution.assertCommandExecuted(QueryExecution.scala:116)
[2025-05-02T20:59:13.754+0000] {spark_submit.py:644} INFO - at org.apache.spark.sql.DataFrameWriter.runCommand(DataFrameWriter.scala:860)
[2025-05-02T20:59:13.754+0000] {spark_submit.py:644} INFO - at org.apache.spark.sql.DataFrameWriter.saveToV1Source(DataFrameWriter.scala:390)
[2025-05-02T20:59:13.754+0000] {spark_submit.py:644} INFO - at org.apache.spark.sql.DataFrameWriter.saveInternal(DataFrameWriter.scala:363)
[2025-05-02T20:59:13.754+0000] {spark_submit.py:644} INFO - at org.apache.spark.sql.DataFrameWriter.save(DataFrameWriter.scala:239)
[2025-05-02T20:59:13.754+0000] {spark_submit.py:644} INFO - at org.apache.spark.sql.DataFrameWriter.parquet(DataFrameWriter.scala:793)
[2025-05-02T20:59:13.755+0000] {spark_submit.py:644} INFO - at java.base/jdk.internal.reflect.NativeMethodAccessorImpl.invoke0(Native Method)
[2025-05-02T20:59:13.755+0000] {spark_submit.py:644} INFO - at java.base/jdk.internal.reflect.NativeMethodAccessorImpl.invoke(NativeMethodAccessorImpl.java:77)
[2025-05-02T20:59:13.755+0000] {spark_submit.py:644} INFO - at java.base/jdk.internal.reflect.DelegatingMethodAccessorImpl.invoke(DelegatingMethodAccessorImpl.java:43)
[2025-05-02T20:59:13.755+0000] {spark_submit.py:644} INFO - at java.base/java.lang.reflect.Method.invoke(Method.java:569)
[2025-05-02T20:59:13.755+0000] {spark_submit.py:644} INFO - at py4j.reflection.MethodInvoker.invoke(MethodInvoker.java:244)
[2025-05-02T20:59:13.755+0000] {spark_submit.py:644} INFO - at py4j.reflection.ReflectionEngine.invoke(ReflectionEngine.java:357)
[2025-05-02T20:59:13.755+0000] {spark_submit.py:644} INFO - at py4j.Gateway.invoke(Gateway.java:282)
[2025-05-02T20:59:13.755+0000] {spark_submit.py:644} INFO - at py4j.commands.AbstractCommand.invokeMethod(AbstractCommand.java:132)
[2025-05-02T20:59:13.755+0000] {spark_submit.py:644} INFO - at py4j.commands.CallCommand.execute(CallCommand.java:79)
[2025-05-02T20:59:13.755+0000] {spark_submit.py:644} INFO - at py4j.ClientServerConnection.waitForCommands(ClientServerConnection.java:182)
[2025-05-02T20:59:13.755+0000] {spark_submit.py:644} INFO - at py4j.ClientServerConnection.run(ClientServerConnection.java:106)
[2025-05-02T20:59:13.755+0000] {spark_submit.py:644} INFO - at java.base/java.lang.Thread.run(Thread.java:840)
[2025-05-02T20:59:13.755+0000] {spark_submit.py:644} INFO - 25/05/02 20:59:13 WARN FileUtil: Failed to delete file or dir [/tmp/spark_data/bronze/athlete_bio/_temporary/0/task_202505022059119108658715754200138_0001_m_000001/part-00001-0485dcf4-add6-4f0e-aa6e-1deba787b076-c000.snappy.parquet]: it still exists.
[2025-05-02T20:59:13.756+0000] {spark_submit.py:644} INFO - 25/05/02 20:59:13 WARN FileUtil: Failed to delete file or dir [/tmp/spark_data/bronze/athlete_bio/_temporary/0/task_202505022059119108658715754200138_0001_m_000001/.part-00001-0485dcf4-add6-4f0e-aa6e-1deba787b076-c000.snappy.parquet.crc]: it still exists.
[2025-05-02T20:59:13.756+0000] {spark_submit.py:644} INFO - 25/05/02 20:59:13 WARN FileUtil: Failed to delete file or dir [/tmp/spark_data/bronze/athlete_bio/_temporary/0/task_202505022059113217654172565459330_0001_m_000000/part-00000-0485dcf4-add6-4f0e-aa6e-1deba787b076-c000.snappy.parquet]: it still exists.
[2025-05-02T20:59:13.756+0000] {spark_submit.py:644} INFO - 25/05/02 20:59:13 WARN FileUtil: Failed to delete file or dir [/tmp/spark_data/bronze/athlete_bio/_temporary/0/task_202505022059113217654172565459330_0001_m_000000/.part-00000-0485dcf4-add6-4f0e-aa6e-1deba787b076-c000.snappy.parquet.crc]: it still exists.
[2025-05-02T20:59:13.778+0000] {spark_submit.py:644} INFO - Traceback (most recent call last):
[2025-05-02T20:59:13.779+0000] {spark_submit.py:644} INFO - File "/opt/airflow/dags/landing_to_bronze.py", line 66, in <module>
[2025-05-02T20:59:13.779+0000] {spark_submit.py:644} INFO - main()
[2025-05-02T20:59:13.779+0000] {spark_submit.py:644} INFO - File "/opt/airflow/dags/landing_to_bronze.py", line 57, in main
[2025-05-02T20:59:13.779+0000] {spark_submit.py:644} INFO - df.write.mode("overwrite").parquet(bronze_path)
[2025-05-02T20:59:13.779+0000] {spark_submit.py:644} INFO - File "/home/airflow/.local/lib/python3.10/site-packages/pyspark/python/lib/pyspark.zip/pyspark/sql/readwriter.py", line 1140, in parquet
[2025-05-02T20:59:13.780+0000] {spark_submit.py:644} INFO - File "/home/airflow/.local/lib/python3.10/site-packages/pyspark/python/lib/py4j-0.10.9.5-src.zip/py4j/java_gateway.py", line 1321, in __call__
[2025-05-02T20:59:13.780+0000] {spark_submit.py:644} INFO - File "/home/airflow/.local/lib/python3.10/site-packages/pyspark/python/lib/pyspark.zip/pyspark/sql/utils.py", line 190, in deco
[2025-05-02T20:59:13.780+0000] {spark_submit.py:644} INFO - File "/home/airflow/.local/lib/python3.10/site-packages/pyspark/python/lib/py4j-0.10.9.5-src.zip/py4j/protocol.py", line 326, in get_return_value
[2025-05-02T20:59:13.780+0000] {spark_submit.py:644} INFO - py4j.protocol.Py4JJavaError: An error occurred while calling o30.parquet.
[2025-05-02T20:59:13.780+0000] {spark_submit.py:644} INFO - : org.apache.spark.SparkException: Job aborted.
[2025-05-02T20:59:13.780+0000] {spark_submit.py:644} INFO - at org.apache.spark.sql.errors.QueryExecutionErrors$.jobAbortedError(QueryExecutionErrors.scala:638)
[2025-05-02T20:59:13.780+0000] {spark_submit.py:644} INFO - at org.apache.spark.sql.execution.datasources.FileFormatWriter$.write(FileFormatWriter.scala:278)
[2025-05-02T20:59:13.780+0000] {spark_submit.py:644} INFO - at org.apache.spark.sql.execution.datasources.InsertIntoHadoopFsRelationCommand.run(InsertIntoHadoopFsRelationCommand.scala:186)
[2025-05-02T20:59:13.780+0000] {spark_submit.py:644} INFO - at org.apache.spark.sql.execution.command.DataWritingCommandExec.sideEffectResult$lzycompute(commands.scala:113)
[2025-05-02T20:59:13.780+0000] {spark_submit.py:644} INFO - at org.apache.spark.sql.execution.command.DataWritingCommandExec.sideEffectResult(commands.scala:111)
[2025-05-02T20:59:13.781+0000] {spark_submit.py:644} INFO - at org.apache.spark.sql.execution.command.DataWritingCommandExec.executeCollect(commands.scala:125)
[2025-05-02T20:59:13.781+0000] {spark_submit.py:644} INFO - at org.apache.spark.sql.execution.QueryExecution$$anonfun$eagerlyExecuteCommands$1.$anonfun$applyOrElse$1(QueryExecution.scala:98)
[2025-05-02T20:59:13.781+0000] {spark_submit.py:644} INFO - at org.apache.spark.sql.execution.SQLExecution$.$anonfun$withNewExecutionId$6(SQLExecution.scala:109)
[2025-05-02T20:59:13.781+0000] {spark_submit.py:644} INFO - at org.apache.spark.sql.execution.SQLExecution$.withSQLConfPropagated(SQLExecution.scala:169)
[2025-05-02T20:59:13.781+0000] {spark_submit.py:644} INFO - at org.apache.spark.sql.execution.SQLExecution$.$anonfun$withNewExecutionId$1(SQLExecution.scala:95)
[2025-05-02T20:59:13.781+0000] {spark_submit.py:644} INFO - at org.apache.spark.sql.SparkSession.withActive(SparkSession.scala:779)
[2025-05-02T20:59:13.781+0000] {spark_submit.py:644} INFO - at org.apache.spark.sql.execution.SQLExecution$.withNewExecutionId(SQLExecution.scala:64)
[2025-05-02T20:59:13.781+0000] {spark_submit.py:644} INFO - at org.apache.spark.sql.execution.QueryExecution$$anonfun$eagerlyExecuteCommands$1.applyOrElse(QueryExecution.scala:98)
[2025-05-02T20:59:13.781+0000] {spark_submit.py:644} INFO - at org.apache.spark.sql.execution.QueryExecution$$anonfun$eagerlyExecuteCommands$1.applyOrElse(QueryExecution.scala:94)
[2025-05-02T20:59:13.781+0000] {spark_submit.py:644} INFO - at org.apache.spark.sql.catalyst.trees.TreeNode.$anonfun$transformDownWithPruning$1(TreeNode.scala:584)
[2025-05-02T20:59:13.781+0000] {spark_submit.py:644} INFO - at org.apache.spark.sql.catalyst.trees.CurrentOrigin$.withOrigin(TreeNode.scala:176)
[2025-05-02T20:59:13.781+0000] {spark_submit.py:644} INFO - at org.apache.spark.sql.catalyst.trees.TreeNode.transformDownWithPruning(TreeNode.scala:584)
[2025-05-02T20:59:13.781+0000] {spark_submit.py:644} INFO - at org.apache.spark.sql.catalyst.plans.logical.LogicalPlan.org$apache$spark$sql$catalyst$plans$logical$AnalysisHelper$$super$transformDownWithPruning(LogicalPlan.scala:30)
[2025-05-02T20:59:13.782+0000] {spark_submit.py:644} INFO - at org.apache.spark.sql.catalyst.plans.logical.AnalysisHelper.transformDownWithPruning(AnalysisHelper.scala:267)
[2025-05-02T20:59:13.782+0000] {spark_submit.py:644} INFO - at org.apache.spark.sql.catalyst.plans.logical.AnalysisHelper.transformDownWithPruning$(AnalysisHelper.scala:263)
[2025-05-02T20:59:13.782+0000] {spark_submit.py:644} INFO - at org.apache.spark.sql.catalyst.plans.logical.LogicalPlan.transformDownWithPruning(LogicalPlan.scala:30)
[2025-05-02T20:59:13.782+0000] {spark_submit.py:644} INFO - at org.apache.spark.sql.catalyst.plans.logical.LogicalPlan.transformDownWithPruning(LogicalPlan.scala:30)
[2025-05-02T20:59:13.782+0000] {spark_submit.py:644} INFO - at org.apache.spark.sql.catalyst.trees.TreeNode.transformDown(TreeNode.scala:560)
[2025-05-02T20:59:13.782+0000] {spark_submit.py:644} INFO - at org.apache.spark.sql.execution.QueryExecution.eagerlyExecuteCommands(QueryExecution.scala:94)
[2025-05-02T20:59:13.782+0000] {spark_submit.py:644} INFO - at org.apache.spark.sql.execution.QueryExecution.commandExecuted$lzycompute(QueryExecution.scala:81)
[2025-05-02T20:59:13.782+0000] {spark_submit.py:644} INFO - at org.apache.spark.sql.execution.QueryExecution.commandExecuted(QueryExecution.scala:79)
[2025-05-02T20:59:13.782+0000] {spark_submit.py:644} INFO - at org.apache.spark.sql.execution.QueryExecution.assertCommandExecuted(QueryExecution.scala:116)
[2025-05-02T20:59:13.783+0000] {spark_submit.py:644} INFO - at org.apache.spark.sql.DataFrameWriter.runCommand(DataFrameWriter.scala:860)
[2025-05-02T20:59:13.783+0000] {spark_submit.py:644} INFO - at org.apache.spark.sql.DataFrameWriter.saveToV1Source(DataFrameWriter.scala:390)
[2025-05-02T20:59:13.783+0000] {spark_submit.py:644} INFO - at org.apache.spark.sql.DataFrameWriter.saveInternal(DataFrameWriter.scala:363)
[2025-05-02T20:59:13.783+0000] {spark_submit.py:644} INFO - at org.apache.spark.sql.DataFrameWriter.save(DataFrameWriter.scala:239)
[2025-05-02T20:59:13.783+0000] {spark_submit.py:644} INFO - at org.apache.spark.sql.DataFrameWriter.parquet(DataFrameWriter.scala:793)
[2025-05-02T20:59:13.783+0000] {spark_submit.py:644} INFO - at java.base/jdk.internal.reflect.NativeMethodAccessorImpl.invoke0(Native Method)
[2025-05-02T20:59:13.783+0000] {spark_submit.py:644} INFO - at java.base/jdk.internal.reflect.NativeMethodAccessorImpl.invoke(NativeMethodAccessorImpl.java:77)
[2025-05-02T20:59:13.783+0000] {spark_submit.py:644} INFO - at java.base/jdk.internal.reflect.DelegatingMethodAccessorImpl.invoke(DelegatingMethodAccessorImpl.java:43)
[2025-05-02T20:59:13.783+0000] {spark_submit.py:644} INFO - at java.base/java.lang.reflect.Method.invoke(Method.java:569)
[2025-05-02T20:59:13.783+0000] {spark_submit.py:644} INFO - at py4j.reflection.MethodInvoker.invoke(MethodInvoker.java:244)
[2025-05-02T20:59:13.783+0000] {spark_submit.py:644} INFO - at py4j.reflection.ReflectionEngine.invoke(ReflectionEngine.java:357)
[2025-05-02T20:59:13.783+0000] {spark_submit.py:644} INFO - at py4j.Gateway.invoke(Gateway.java:282)
[2025-05-02T20:59:13.784+0000] {spark_submit.py:644} INFO - at py4j.commands.AbstractCommand.invokeMethod(AbstractCommand.java:132)
[2025-05-02T20:59:13.784+0000] {spark_submit.py:644} INFO - at py4j.commands.CallCommand.execute(CallCommand.java:79)
[2025-05-02T20:59:13.784+0000] {spark_submit.py:644} INFO - at py4j.ClientServerConnection.waitForCommands(ClientServerConnection.java:182)
[2025-05-02T20:59:13.784+0000] {spark_submit.py:644} INFO - at py4j.ClientServerConnection.run(ClientServerConnection.java:106)
[2025-05-02T20:59:13.784+0000] {spark_submit.py:644} INFO - at java.base/java.lang.Thread.run(Thread.java:840)
[2025-05-02T20:59:13.784+0000] {spark_submit.py:644} INFO - Caused by: java.io.IOException: Failed to rename DeprecatedRawLocalFileStatus{path=file:/tmp/spark_data/bronze/athlete_bio/_temporary/0/task_202505022059119108658715754200138_0001_m_000001/part-00001-0485dcf4-add6-4f0e-aa6e-1deba787b076-c000.snappy.parquet; isDirectory=false; length=12669132; replication=1; blocksize=33554432; modification_time=1746219553669; access_time=1746219551978; owner=; group=; permission=rw-rw-rw-; isSymlink=false; hasAcl=false; isEncrypted=false; isErasureCoded=false} to file:/tmp/spark_data/bronze/athlete_bio/part-00001-0485dcf4-add6-4f0e-aa6e-1deba787b076-c000.snappy.parquet
[2025-05-02T20:59:13.784+0000] {spark_submit.py:644} INFO - at org.apache.hadoop.mapreduce.lib.output.FileOutputCommitter.mergePaths(FileOutputCommitter.java:477)
[2025-05-02T20:59:13.784+0000] {spark_submit.py:644} INFO - at org.apache.hadoop.mapreduce.lib.output.FileOutputCommitter.mergePaths(FileOutputCommitter.java:490)
[2025-05-02T20:59:13.784+0000] {spark_submit.py:644} INFO - at org.apache.hadoop.mapreduce.lib.output.FileOutputCommitter.commitJobInternal(FileOutputCommitter.java:405)
[2025-05-02T20:59:13.784+0000] {spark_submit.py:644} INFO - at org.apache.hadoop.mapreduce.lib.output.FileOutputCommitter.commitJob(FileOutputCommitter.java:377)
[2025-05-02T20:59:13.784+0000] {spark_submit.py:644} INFO - at org.apache.parquet.hadoop.ParquetOutputCommitter.commitJob(ParquetOutputCommitter.java:48)
[2025-05-02T20:59:13.784+0000] {spark_submit.py:644} INFO - at org.apache.spark.internal.io.HadoopMapReduceCommitProtocol.commitJob(HadoopMapReduceCommitProtocol.scala:192)
[2025-05-02T20:59:13.785+0000] {spark_submit.py:644} INFO - at org.apache.spark.sql.execution.datasources.FileFormatWriter$.$anonfun$write$25(FileFormatWriter.scala:267)
[2025-05-02T20:59:13.785+0000] {spark_submit.py:644} INFO - at scala.runtime.java8.JFunction0$mcV$sp.apply(JFunction0$mcV$sp.java:23)
[2025-05-02T20:59:13.785+0000] {spark_submit.py:644} INFO - at org.apache.spark.util.Utils$.timeTakenMs(Utils.scala:642)
[2025-05-02T20:59:13.785+0000] {spark_submit.py:644} INFO - at org.apache.spark.sql.execution.datasources.FileFormatWriter$.write(FileFormatWriter.scala:267)
[2025-05-02T20:59:13.785+0000] {spark_submit.py:644} INFO - ... 42 more
[2025-05-02T20:59:13.785+0000] {spark_submit.py:644} INFO - 
[2025-05-02T20:59:13.820+0000] {spark_submit.py:644} INFO - 25/05/02 20:59:13 INFO SparkContext: Invoking stop() from shutdown hook
[2025-05-02T20:59:13.829+0000] {spark_submit.py:644} INFO - 25/05/02 20:59:13 INFO SparkUI: Stopped Spark web UI at http://6ca5a7f6558e:4040
[2025-05-02T20:59:13.832+0000] {spark_submit.py:644} INFO - 25/05/02 20:59:13 INFO StandaloneSchedulerBackend: Shutting down all executors
[2025-05-02T20:59:13.832+0000] {spark_submit.py:644} INFO - 25/05/02 20:59:13 INFO CoarseGrainedSchedulerBackend$DriverEndpoint: Asking each executor to shut down
[2025-05-02T20:59:13.847+0000] {spark_submit.py:644} INFO - 25/05/02 20:59:13 INFO MapOutputTrackerMasterEndpoint: MapOutputTrackerMasterEndpoint stopped!
[2025-05-02T20:59:13.863+0000] {spark_submit.py:644} INFO - 25/05/02 20:59:13 INFO MemoryStore: MemoryStore cleared
[2025-05-02T20:59:13.863+0000] {spark_submit.py:644} INFO - 25/05/02 20:59:13 INFO BlockManager: BlockManager stopped
[2025-05-02T20:59:13.867+0000] {spark_submit.py:644} INFO - 25/05/02 20:59:13 INFO BlockManagerMaster: BlockManagerMaster stopped
[2025-05-02T20:59:13.869+0000] {spark_submit.py:644} INFO - 25/05/02 20:59:13 INFO OutputCommitCoordinator$OutputCommitCoordinatorEndpoint: OutputCommitCoordinator stopped!
[2025-05-02T20:59:13.881+0000] {spark_submit.py:644} INFO - 25/05/02 20:59:13 INFO SparkContext: Successfully stopped SparkContext
[2025-05-02T20:59:13.881+0000] {spark_submit.py:644} INFO - 25/05/02 20:59:13 INFO ShutdownHookManager: Shutdown hook called
[2025-05-02T20:59:13.881+0000] {spark_submit.py:644} INFO - 25/05/02 20:59:13 INFO ShutdownHookManager: Deleting directory /tmp/spark-06dfa6af-3b6c-4374-9054-9fdbdd1b9bb4
[2025-05-02T20:59:13.885+0000] {spark_submit.py:644} INFO - 25/05/02 20:59:13 INFO ShutdownHookManager: Deleting directory /tmp/spark-84352c09-374c-4a75-9d80-b09238c31d84
[2025-05-02T20:59:13.888+0000] {spark_submit.py:644} INFO - 25/05/02 20:59:13 INFO ShutdownHookManager: Deleting directory /tmp/spark-06dfa6af-3b6c-4374-9054-9fdbdd1b9bb4/pyspark-41476abb-2b78-4f65-b250-c3e05f051d4c
[2025-05-02T20:59:13.915+0000] {taskinstance.py:441} INFO - ::group::Post task execution logs
[2025-05-02T20:59:13.949+0000] {taskinstance.py:2905} ERROR - Task failed with exception
Traceback (most recent call last):
  File "/home/airflow/.local/lib/python3.10/site-packages/airflow/models/taskinstance.py", line 465, in _execute_task
    result = _execute_callable(context=context, **execute_callable_kwargs)
  File "/home/airflow/.local/lib/python3.10/site-packages/airflow/models/taskinstance.py", line 432, in _execute_callable
    return execute_callable(context=context, **execute_callable_kwargs)
  File "/home/airflow/.local/lib/python3.10/site-packages/airflow/models/baseoperator.py", line 400, in wrapper
    return func(self, *args, **kwargs)
  File "/home/airflow/.local/lib/python3.10/site-packages/airflow/providers/apache/spark/operators/spark_submit.py", line 197, in execute
    self._hook.submit(self.application)
  File "/home/airflow/.local/lib/python3.10/site-packages/airflow/providers/apache/spark/hooks/spark_submit.py", line 566, in submit
    raise AirflowException(
airflow.exceptions.AirflowException: Cannot execute: spark-submit --master spark://spark-master:7077 --conf spark.master=spark://spark-master:7077 --name LandingToBronze --verbose --queue root.default --deploy-mode client /opt/airflow/dags/landing_to_bronze.py. Error code is: 1.
[2025-05-02T20:59:13.952+0000] {taskinstance.py:1206} INFO - Marking task as FAILED. dag_id=final_project_BBDL, task_id=LandingToBronze, run_id=manual__2025-05-02T20:58:57.819329+00:00, execution_date=20250502T205857, start_date=20250502T205859, end_date=20250502T205913
[2025-05-02T20:59:13.991+0000] {standard_task_runner.py:110} ERROR - Failed to execute job 28 for task LandingToBronze (Cannot execute: spark-submit --master spark://spark-master:7077 --conf spark.master=spark://spark-master:7077 --name LandingToBronze --verbose --queue root.default --deploy-mode client /opt/airflow/dags/landing_to_bronze.py. Error code is: 1.; 2182)
[2025-05-02T20:59:14.021+0000] {local_task_job_runner.py:240} INFO - Task exited with return code 1
[2025-05-02T20:59:14.065+0000] {taskinstance.py:3498} INFO - 0 downstream tasks scheduled from follow-on schedule check
[2025-05-02T20:59:14.091+0000] {local_task_job_runner.py:222} INFO - ::endgroup::
