[2025-05-02T09:09:54.201+0000] {local_task_job_runner.py:120} INFO - ::group::Pre task execution logs
[2025-05-02T09:09:54.344+0000] {taskinstance.py:2076} INFO - Dependencies all met for dep_context=non-requeueable deps ti=<TaskInstance: final_project_BBDL.LandingToBronze manual__2025-05-02T09:09:52.752296+00:00 [queued]>
[2025-05-02T09:09:54.352+0000] {taskinstance.py:2076} INFO - Dependencies all met for dep_context=requeueable deps ti=<TaskInstance: final_project_BBDL.LandingToBronze manual__2025-05-02T09:09:52.752296+00:00 [queued]>
[2025-05-02T09:09:54.352+0000] {taskinstance.py:2306} INFO - Starting attempt 1 of 1
[2025-05-02T09:09:54.391+0000] {taskinstance.py:2330} INFO - Executing <Task(SparkSubmitOperator): LandingToBronze> on 2025-05-02 09:09:52.752296+00:00
[2025-05-02T09:09:54.395+0000] {standard_task_runner.py:63} INFO - Started process 5073 to run task
[2025-05-02T09:09:54.398+0000] {standard_task_runner.py:90} INFO - Running: ['airflow', 'tasks', 'run', 'final_project_BBDL', 'LandingToBronze', 'manual__2025-05-02T09:09:52.752296+00:00', '--job-id', '14', '--raw', '--subdir', 'DAGS_FOLDER/project_solution.py', '--cfg-path', '/tmp/tmp3dvbz29s']
[2025-05-02T09:09:54.401+0000] {standard_task_runner.py:91} INFO - Job 14: Subtask LandingToBronze
[2025-05-02T09:09:54.467+0000] {logging_mixin.py:188} WARNING - /home/airflow/.local/lib/python3.10/site-packages/airflow/settings.py:195 DeprecationWarning: The sql_alchemy_conn option in [core] has been moved to the sql_alchemy_conn option in [database] - the old setting has been used, but please update your config.
[2025-05-02T09:09:54.563+0000] {task_command.py:426} INFO - Running <TaskInstance: final_project_BBDL.LandingToBronze manual__2025-05-02T09:09:52.752296+00:00 [running]> on host 93c1c9db0ad8
[2025-05-02T09:09:54.797+0000] {taskinstance.py:2648} INFO - Exporting env vars: AIRFLOW_CTX_DAG_OWNER='airflow' AIRFLOW_CTX_DAG_ID='final_project_BBDL' AIRFLOW_CTX_TASK_ID='LandingToBronze' AIRFLOW_CTX_EXECUTION_DATE='2025-05-02T09:09:52.752296+00:00' AIRFLOW_CTX_TRY_NUMBER='1' AIRFLOW_CTX_DAG_RUN_ID='manual__2025-05-02T09:09:52.752296+00:00'
[2025-05-02T09:09:54.798+0000] {taskinstance.py:430} INFO - ::endgroup::
[2025-05-02T09:09:54.925+0000] {base.py:84} INFO - Using connection ID 'spark_default' for task execution.
[2025-05-02T09:09:54.926+0000] {spark_submit.py:328} ERROR - Failed to decode base64 keytab: Invalid base64-encoded string: number of data characters (5) cannot be 1 more than a multiple of 4
[2025-05-02T09:09:54.926+0000] {spark_submit.py:305} INFO - Could not load connection string spark_default, defaulting to spark://spark-master:7077
[2025-05-02T09:09:54.927+0000] {spark_submit.py:474} INFO - Spark-Submit cmd: spark-submit --master spark://spark-master:7077 --conf spark.master=spark://spark-master:7077 --name LandingToBronze --verbose --queue root.default --deploy-mode client /opt/airflow/dags/landing_to_bronze.py
[2025-05-02T09:10:02.966+0000] {spark_submit.py:644} INFO - Using properties file: null
[2025-05-02T09:10:03.161+0000] {spark_submit.py:644} INFO - Parsed arguments:
[2025-05-02T09:10:03.161+0000] {spark_submit.py:644} INFO - master                  spark://spark-master:7077
[2025-05-02T09:10:03.161+0000] {spark_submit.py:644} INFO - deployMode              client
[2025-05-02T09:10:03.161+0000] {spark_submit.py:644} INFO - executorMemory          null
[2025-05-02T09:10:03.162+0000] {spark_submit.py:644} INFO - executorCores           null
[2025-05-02T09:10:03.162+0000] {spark_submit.py:644} INFO - totalExecutorCores      null
[2025-05-02T09:10:03.162+0000] {spark_submit.py:644} INFO - propertiesFile          null
[2025-05-02T09:10:03.162+0000] {spark_submit.py:644} INFO - driverMemory            null
[2025-05-02T09:10:03.162+0000] {spark_submit.py:644} INFO - driverCores             null
[2025-05-02T09:10:03.163+0000] {spark_submit.py:644} INFO - driverExtraClassPath    null
[2025-05-02T09:10:03.163+0000] {spark_submit.py:644} INFO - driverExtraLibraryPath  null
[2025-05-02T09:10:03.163+0000] {spark_submit.py:644} INFO - driverExtraJavaOptions  null
[2025-05-02T09:10:03.163+0000] {spark_submit.py:644} INFO - supervise               false
[2025-05-02T09:10:03.163+0000] {spark_submit.py:644} INFO - queue                   root.default
[2025-05-02T09:10:03.163+0000] {spark_submit.py:644} INFO - numExecutors            null
[2025-05-02T09:10:03.164+0000] {spark_submit.py:644} INFO - files                   null
[2025-05-02T09:10:03.164+0000] {spark_submit.py:644} INFO - pyFiles                 null
[2025-05-02T09:10:03.164+0000] {spark_submit.py:644} INFO - archives                null
[2025-05-02T09:10:03.164+0000] {spark_submit.py:644} INFO - mainClass               null
[2025-05-02T09:10:03.165+0000] {spark_submit.py:644} INFO - primaryResource         file:/opt/airflow/dags/landing_to_bronze.py
[2025-05-02T09:10:03.165+0000] {spark_submit.py:644} INFO - name                    LandingToBronze
[2025-05-02T09:10:03.165+0000] {spark_submit.py:644} INFO - childArgs               []
[2025-05-02T09:10:03.166+0000] {spark_submit.py:644} INFO - jars                    null
[2025-05-02T09:10:03.166+0000] {spark_submit.py:644} INFO - packages                null
[2025-05-02T09:10:03.166+0000] {spark_submit.py:644} INFO - packagesExclusions      null
[2025-05-02T09:10:03.166+0000] {spark_submit.py:644} INFO - repositories            null
[2025-05-02T09:10:03.166+0000] {spark_submit.py:644} INFO - verbose                 true
[2025-05-02T09:10:03.166+0000] {spark_submit.py:644} INFO - 
[2025-05-02T09:10:03.167+0000] {spark_submit.py:644} INFO - Spark properties used, including those specified through
[2025-05-02T09:10:03.167+0000] {spark_submit.py:644} INFO - --conf and those from the properties file null:
[2025-05-02T09:10:03.167+0000] {spark_submit.py:644} INFO - (spark.master,spark://spark-master:7077)
[2025-05-02T09:10:03.167+0000] {spark_submit.py:644} INFO - 
[2025-05-02T09:10:03.167+0000] {spark_submit.py:644} INFO - 
[2025-05-02T09:10:03.932+0000] {spark_submit.py:644} INFO - Main class:
[2025-05-02T09:10:03.933+0000] {spark_submit.py:644} INFO - org.apache.spark.deploy.PythonRunner
[2025-05-02T09:10:03.933+0000] {spark_submit.py:644} INFO - Arguments:
[2025-05-02T09:10:03.934+0000] {spark_submit.py:644} INFO - file:/opt/airflow/dags/landing_to_bronze.py
[2025-05-02T09:10:03.934+0000] {spark_submit.py:644} INFO - null
[2025-05-02T09:10:03.936+0000] {spark_submit.py:644} INFO - Spark config:
[2025-05-02T09:10:03.936+0000] {spark_submit.py:644} INFO - (spark.app.name,LandingToBronze)
[2025-05-02T09:10:03.937+0000] {spark_submit.py:644} INFO - (spark.app.submitTime,1746177003916)
[2025-05-02T09:10:03.937+0000] {spark_submit.py:644} INFO - (spark.master,spark://spark-master:7077)
[2025-05-02T09:10:03.937+0000] {spark_submit.py:644} INFO - (spark.submit.deployMode,client)
[2025-05-02T09:10:03.937+0000] {spark_submit.py:644} INFO - (spark.submit.pyFiles,)
[2025-05-02T09:10:03.937+0000] {spark_submit.py:644} INFO - Classpath elements:
[2025-05-02T09:10:03.937+0000] {spark_submit.py:644} INFO - 
[2025-05-02T09:10:03.937+0000] {spark_submit.py:644} INFO - 
[2025-05-02T09:10:03.937+0000] {spark_submit.py:644} INFO - 
[2025-05-02T09:10:06.569+0000] {spark_submit.py:644} INFO - 25/05/02 09:10:06 INFO SparkContext: Running Spark version 3.3.0
[2025-05-02T09:10:06.758+0000] {spark_submit.py:644} INFO - 25/05/02 09:10:06 WARN NativeCodeLoader: Unable to load native-hadoop library for your platform... using builtin-java classes where applicable
[2025-05-02T09:10:07.025+0000] {spark_submit.py:644} INFO - 25/05/02 09:10:07 INFO ResourceUtils: ==============================================================
[2025-05-02T09:10:07.026+0000] {spark_submit.py:644} INFO - 25/05/02 09:10:07 INFO ResourceUtils: No custom resources configured for spark.driver.
[2025-05-02T09:10:07.026+0000] {spark_submit.py:644} INFO - 25/05/02 09:10:07 INFO ResourceUtils: ==============================================================
[2025-05-02T09:10:07.027+0000] {spark_submit.py:644} INFO - 25/05/02 09:10:07 INFO SparkContext: Submitted application: LandingToBronze
[2025-05-02T09:10:07.060+0000] {spark_submit.py:644} INFO - 25/05/02 09:10:07 INFO ResourceProfile: Default ResourceProfile created, executor resources: Map(cores -> name: cores, amount: 1, script: , vendor: , memory -> name: memory, amount: 1024, script: , vendor: , offHeap -> name: offHeap, amount: 0, script: , vendor: ), task resources: Map(cpus -> name: cpus, amount: 1.0)
[2025-05-02T09:10:07.067+0000] {spark_submit.py:644} INFO - 25/05/02 09:10:07 INFO ResourceProfile: Limiting resource is cpu
[2025-05-02T09:10:07.068+0000] {spark_submit.py:644} INFO - 25/05/02 09:10:07 INFO ResourceProfileManager: Added ResourceProfile id: 0
[2025-05-02T09:10:07.205+0000] {spark_submit.py:644} INFO - 25/05/02 09:10:07 INFO SecurityManager: Changing view acls to: airflow
[2025-05-02T09:10:07.206+0000] {spark_submit.py:644} INFO - 25/05/02 09:10:07 INFO SecurityManager: Changing modify acls to: airflow
[2025-05-02T09:10:07.206+0000] {spark_submit.py:644} INFO - 25/05/02 09:10:07 INFO SecurityManager: Changing view acls groups to:
[2025-05-02T09:10:07.207+0000] {spark_submit.py:644} INFO - 25/05/02 09:10:07 INFO SecurityManager: Changing modify acls groups to:
[2025-05-02T09:10:07.207+0000] {spark_submit.py:644} INFO - 25/05/02 09:10:07 INFO SecurityManager: SecurityManager: authentication disabled; ui acls disabled; users  with view permissions: Set(airflow); groups with view permissions: Set(); users  with modify permissions: Set(airflow); groups with modify permissions: Set()
[2025-05-02T09:10:07.630+0000] {spark_submit.py:644} INFO - 25/05/02 09:10:07 INFO Utils: Successfully started service 'sparkDriver' on port 42297.
[2025-05-02T09:10:07.731+0000] {spark_submit.py:644} INFO - 25/05/02 09:10:07 INFO SparkEnv: Registering MapOutputTracker
[2025-05-02T09:10:07.796+0000] {spark_submit.py:644} INFO - 25/05/02 09:10:07 INFO SparkEnv: Registering BlockManagerMaster
[2025-05-02T09:10:07.837+0000] {spark_submit.py:644} INFO - 25/05/02 09:10:07 INFO BlockManagerMasterEndpoint: Using org.apache.spark.storage.DefaultTopologyMapper for getting topology information
[2025-05-02T09:10:07.838+0000] {spark_submit.py:644} INFO - 25/05/02 09:10:07 INFO BlockManagerMasterEndpoint: BlockManagerMasterEndpoint up
[2025-05-02T09:10:07.846+0000] {spark_submit.py:644} INFO - 25/05/02 09:10:07 INFO SparkEnv: Registering BlockManagerMasterHeartbeat
[2025-05-02T09:10:07.926+0000] {spark_submit.py:644} INFO - 25/05/02 09:10:07 INFO DiskBlockManager: Created local directory at /tmp/blockmgr-61409bc4-8d2c-4e90-9d1b-545222f5c127
[2025-05-02T09:10:07.954+0000] {spark_submit.py:644} INFO - 25/05/02 09:10:07 INFO MemoryStore: MemoryStore started with capacity 434.4 MiB
[2025-05-02T09:10:07.973+0000] {spark_submit.py:644} INFO - 25/05/02 09:10:07 INFO SparkEnv: Registering OutputCommitCoordinator
[2025-05-02T09:10:08.381+0000] {spark_submit.py:644} INFO - 25/05/02 09:10:08 INFO Utils: Successfully started service 'SparkUI' on port 4040.
[2025-05-02T09:10:08.556+0000] {spark_submit.py:644} INFO - 25/05/02 09:10:08 INFO StandaloneAppClient$ClientEndpoint: Connecting to master spark://spark-master:7077...
[2025-05-02T09:10:08.613+0000] {spark_submit.py:644} INFO - 25/05/02 09:10:08 INFO TransportClientFactory: Successfully created connection to spark-master/172.19.0.4:7077 after 28 ms (0 ms spent in bootstraps)
[2025-05-02T09:10:08.749+0000] {spark_submit.py:644} INFO - 25/05/02 09:10:08 INFO StandaloneSchedulerBackend: Connected to Spark cluster with app ID app-20250502091008-0002
[2025-05-02T09:10:08.751+0000] {spark_submit.py:644} INFO - 25/05/02 09:10:08 INFO StandaloneAppClient$ClientEndpoint: Executor added: app-20250502091008-0002/0 on worker-20250501204227-172.19.0.7-39795 (172.19.0.7:39795) with 2 core(s)
[2025-05-02T09:10:08.753+0000] {spark_submit.py:644} INFO - 25/05/02 09:10:08 INFO StandaloneSchedulerBackend: Granted executor ID app-20250502091008-0002/0 on hostPort 172.19.0.7:39795 with 2 core(s), 1024.0 MiB RAM
[2025-05-02T09:10:08.767+0000] {spark_submit.py:644} INFO - 25/05/02 09:10:08 INFO Utils: Successfully started service 'org.apache.spark.network.netty.NettyBlockTransferService' on port 46487.
[2025-05-02T09:10:08.768+0000] {spark_submit.py:644} INFO - 25/05/02 09:10:08 INFO NettyBlockTransferService: Server created on 93c1c9db0ad8:46487
[2025-05-02T09:10:08.773+0000] {spark_submit.py:644} INFO - 25/05/02 09:10:08 INFO BlockManager: Using org.apache.spark.storage.RandomBlockReplicationPolicy for block replication policy
[2025-05-02T09:10:08.789+0000] {spark_submit.py:644} INFO - 25/05/02 09:10:08 INFO BlockManagerMaster: Registering BlockManager BlockManagerId(driver, 93c1c9db0ad8, 46487, None)
[2025-05-02T09:10:08.792+0000] {spark_submit.py:644} INFO - 25/05/02 09:10:08 INFO BlockManagerMasterEndpoint: Registering block manager 93c1c9db0ad8:46487 with 434.4 MiB RAM, BlockManagerId(driver, 93c1c9db0ad8, 46487, None)
[2025-05-02T09:10:08.794+0000] {spark_submit.py:644} INFO - 25/05/02 09:10:08 INFO BlockManagerMaster: Registered BlockManager BlockManagerId(driver, 93c1c9db0ad8, 46487, None)
[2025-05-02T09:10:08.795+0000] {spark_submit.py:644} INFO - 25/05/02 09:10:08 INFO BlockManager: Initialized BlockManager: BlockManagerId(driver, 93c1c9db0ad8, 46487, None)
[2025-05-02T09:10:08.836+0000] {spark_submit.py:644} INFO - 25/05/02 09:10:08 INFO StandaloneAppClient$ClientEndpoint: Executor updated: app-20250502091008-0002/0 is now RUNNING
[2025-05-02T09:10:09.078+0000] {spark_submit.py:644} INFO - 25/05/02 09:10:09 INFO StandaloneSchedulerBackend: SchedulerBackend is ready for scheduling beginning after reached minRegisteredResourcesRatio: 0.0
[2025-05-02T09:10:09.563+0000] {spark_submit.py:644} INFO - Traceback (most recent call last):
[2025-05-02T09:10:09.563+0000] {spark_submit.py:644} INFO - File "/opt/airflow/dags/landing_to_bronze.py", line 59, in <module>
[2025-05-02T09:10:09.563+0000] {spark_submit.py:644} INFO - main()
[2025-05-02T09:10:09.563+0000] {spark_submit.py:644} INFO - File "/opt/airflow/dags/landing_to_bronze.py", line 32, in main
[2025-05-02T09:10:09.563+0000] {spark_submit.py:644} INFO - os.makedirs(landing_dir)
[2025-05-02T09:10:09.564+0000] {spark_submit.py:644} INFO - File "/usr/local/lib/python3.10/os.py", line 215, in makedirs
[2025-05-02T09:10:09.564+0000] {spark_submit.py:644} INFO - makedirs(head, exist_ok=exist_ok)
[2025-05-02T09:10:09.564+0000] {spark_submit.py:644} INFO - File "/usr/local/lib/python3.10/os.py", line 225, in makedirs
[2025-05-02T09:10:09.564+0000] {spark_submit.py:644} INFO - mkdir(name, mode)
[2025-05-02T09:10:09.564+0000] {spark_submit.py:644} INFO - PermissionError: [Errno 13] Permission denied: '/opt/spark_data'
[2025-05-02T09:10:09.651+0000] {spark_submit.py:644} INFO - 25/05/02 09:10:09 INFO SparkContext: Invoking stop() from shutdown hook
[2025-05-02T09:10:09.664+0000] {spark_submit.py:644} INFO - 25/05/02 09:10:09 INFO SparkUI: Stopped Spark web UI at http://93c1c9db0ad8:4040
[2025-05-02T09:10:09.667+0000] {spark_submit.py:644} INFO - 25/05/02 09:10:09 INFO StandaloneSchedulerBackend: Shutting down all executors
[2025-05-02T09:10:09.671+0000] {spark_submit.py:644} INFO - 25/05/02 09:10:09 INFO CoarseGrainedSchedulerBackend$DriverEndpoint: Asking each executor to shut down
[2025-05-02T09:10:09.688+0000] {spark_submit.py:644} INFO - 25/05/02 09:10:09 INFO MapOutputTrackerMasterEndpoint: MapOutputTrackerMasterEndpoint stopped!
[2025-05-02T09:10:09.713+0000] {spark_submit.py:644} INFO - 25/05/02 09:10:09 INFO MemoryStore: MemoryStore cleared
[2025-05-02T09:10:09.713+0000] {spark_submit.py:644} INFO - 25/05/02 09:10:09 INFO BlockManager: BlockManager stopped
[2025-05-02T09:10:09.722+0000] {spark_submit.py:644} INFO - 25/05/02 09:10:09 INFO BlockManagerMaster: BlockManagerMaster stopped
[2025-05-02T09:10:09.724+0000] {spark_submit.py:644} INFO - 25/05/02 09:10:09 INFO OutputCommitCoordinator$OutputCommitCoordinatorEndpoint: OutputCommitCoordinator stopped!
[2025-05-02T09:10:09.737+0000] {spark_submit.py:644} INFO - 25/05/02 09:10:09 INFO SparkContext: Successfully stopped SparkContext
[2025-05-02T09:10:09.737+0000] {spark_submit.py:644} INFO - 25/05/02 09:10:09 INFO ShutdownHookManager: Shutdown hook called
[2025-05-02T09:10:09.738+0000] {spark_submit.py:644} INFO - 25/05/02 09:10:09 INFO ShutdownHookManager: Deleting directory /tmp/spark-b41f066f-170c-40d3-a40e-34bbe923895f/pyspark-bf28bffe-956d-4aa1-bd5b-f9f1bc57f3db
[2025-05-02T09:10:09.742+0000] {spark_submit.py:644} INFO - 25/05/02 09:10:09 INFO ShutdownHookManager: Deleting directory /tmp/spark-b41f066f-170c-40d3-a40e-34bbe923895f
[2025-05-02T09:10:09.746+0000] {spark_submit.py:644} INFO - 25/05/02 09:10:09 INFO ShutdownHookManager: Deleting directory /tmp/spark-da069402-7d93-4cc5-b53e-da7b13f3af42
[2025-05-02T09:10:09.781+0000] {taskinstance.py:441} INFO - ::group::Post task execution logs
[2025-05-02T09:10:09.814+0000] {taskinstance.py:2905} ERROR - Task failed with exception
Traceback (most recent call last):
  File "/home/airflow/.local/lib/python3.10/site-packages/airflow/models/taskinstance.py", line 465, in _execute_task
    result = _execute_callable(context=context, **execute_callable_kwargs)
  File "/home/airflow/.local/lib/python3.10/site-packages/airflow/models/taskinstance.py", line 432, in _execute_callable
    return execute_callable(context=context, **execute_callable_kwargs)
  File "/home/airflow/.local/lib/python3.10/site-packages/airflow/models/baseoperator.py", line 400, in wrapper
    return func(self, *args, **kwargs)
  File "/home/airflow/.local/lib/python3.10/site-packages/airflow/providers/apache/spark/operators/spark_submit.py", line 197, in execute
    self._hook.submit(self.application)
  File "/home/airflow/.local/lib/python3.10/site-packages/airflow/providers/apache/spark/hooks/spark_submit.py", line 566, in submit
    raise AirflowException(
airflow.exceptions.AirflowException: Cannot execute: spark-submit --master spark://spark-master:7077 --conf spark.master=spark://spark-master:7077 --name LandingToBronze --verbose --queue root.default --deploy-mode client /opt/airflow/dags/landing_to_bronze.py. Error code is: 1.
[2025-05-02T09:10:09.838+0000] {taskinstance.py:1206} INFO - Marking task as FAILED. dag_id=final_project_BBDL, task_id=LandingToBronze, run_id=manual__2025-05-02T09:09:52.752296+00:00, execution_date=20250502T090952, start_date=20250502T090954, end_date=20250502T091009
[2025-05-02T09:10:09.872+0000] {standard_task_runner.py:110} ERROR - Failed to execute job 14 for task LandingToBronze (Cannot execute: spark-submit --master spark://spark-master:7077 --conf spark.master=spark://spark-master:7077 --name LandingToBronze --verbose --queue root.default --deploy-mode client /opt/airflow/dags/landing_to_bronze.py. Error code is: 1.; 5073)
[2025-05-02T09:10:09.902+0000] {local_task_job_runner.py:240} INFO - Task exited with return code 1
[2025-05-02T09:10:09.947+0000] {taskinstance.py:3498} INFO - 0 downstream tasks scheduled from follow-on schedule check
[2025-05-02T09:10:09.971+0000] {local_task_job_runner.py:222} INFO - ::endgroup::
