[2025-05-05T21:33:01.912+0000] {taskinstance.py:1103} INFO - Dependencies all met for dep_context=non-requeueable deps ti=<TaskInstance: final_project_BBDL.BronzeToSilver manual__2025-05-05T21:32:40.359719+00:00 [queued]>
[2025-05-05T21:33:01.921+0000] {taskinstance.py:1103} INFO - Dependencies all met for dep_context=requeueable deps ti=<TaskInstance: final_project_BBDL.BronzeToSilver manual__2025-05-05T21:32:40.359719+00:00 [queued]>
[2025-05-05T21:33:01.922+0000] {taskinstance.py:1308} INFO - Starting attempt 1 of 1
[2025-05-05T21:33:01.956+0000] {taskinstance.py:1327} INFO - Executing <Task(SparkSubmitOperator): BronzeToSilver> on 2025-05-05 21:32:40.359719+00:00
[2025-05-05T21:33:01.959+0000] {standard_task_runner.py:57} INFO - Started process 5376 to run task
[2025-05-05T21:33:01.962+0000] {standard_task_runner.py:84} INFO - Running: ['airflow', 'tasks', 'run', 'final_project_BBDL', 'BronzeToSilver', 'manual__2025-05-05T21:32:40.359719+00:00', '--job-id', '19', '--raw', '--subdir', 'DAGS_FOLDER/project_solution.py', '--cfg-path', '/tmp/tmpxtqjpdzl']
[2025-05-05T21:33:01.963+0000] {standard_task_runner.py:85} INFO - Job 19: Subtask BronzeToSilver
[2025-05-05T21:33:01.996+0000] {logging_mixin.py:150} WARNING - /home/airflow/.local/lib/python3.7/site-packages/airflow/settings.py:195 DeprecationWarning: The sql_alchemy_conn option in [core] has been moved to the sql_alchemy_conn option in [database] - the old setting has been used, but please update your config.
[2025-05-05T21:33:02.028+0000] {task_command.py:410} INFO - Running <TaskInstance: final_project_BBDL.BronzeToSilver manual__2025-05-05T21:32:40.359719+00:00 [running]> on host b431f09a1fa6
[2025-05-05T21:33:02.163+0000] {taskinstance.py:1547} INFO - Exporting env vars: AIRFLOW_CTX_DAG_OWNER='airflow' AIRFLOW_CTX_DAG_ID='final_project_BBDL' AIRFLOW_CTX_TASK_ID='BronzeToSilver' AIRFLOW_CTX_EXECUTION_DATE='2025-05-05T21:32:40.359719+00:00' AIRFLOW_CTX_TRY_NUMBER='1' AIRFLOW_CTX_DAG_RUN_ID='manual__2025-05-05T21:32:40.359719+00:00'
[2025-05-05T21:33:02.174+0000] {base.py:73} INFO - Using connection ID 'spark_default' for task execution.
[2025-05-05T21:33:02.176+0000] {spark_submit.py:339} INFO - Spark-Submit cmd: spark-submit --master spark://spark-master:7077 --conf spark.master=spark://spark-master:7077 --conf spark.submit.deployMode=client --conf spark.pyspark.python=/usr/bin/python3 --conf spark.executorEnv.PYSPARK_PYTHON=/usr/bin/python3 --name BronzeToSilver --verbose --queue root.default /opt/airflow/dags/bronze_to_silver.py
[2025-05-05T21:33:03.705+0000] {spark_submit.py:490} INFO - Using properties file: null
[2025-05-05T21:33:03.811+0000] {spark_submit.py:490} INFO - Parsed arguments:
[2025-05-05T21:33:03.812+0000] {spark_submit.py:490} INFO - master                  spark://spark-master:7077
[2025-05-05T21:33:03.812+0000] {spark_submit.py:490} INFO - deployMode              client
[2025-05-05T21:33:03.812+0000] {spark_submit.py:490} INFO - executorMemory          null
[2025-05-05T21:33:03.812+0000] {spark_submit.py:490} INFO - executorCores           null
[2025-05-05T21:33:03.812+0000] {spark_submit.py:490} INFO - totalExecutorCores      null
[2025-05-05T21:33:03.812+0000] {spark_submit.py:490} INFO - propertiesFile          null
[2025-05-05T21:33:03.812+0000] {spark_submit.py:490} INFO - driverMemory            null
[2025-05-05T21:33:03.812+0000] {spark_submit.py:490} INFO - driverCores             null
[2025-05-05T21:33:03.812+0000] {spark_submit.py:490} INFO - driverExtraClassPath    null
[2025-05-05T21:33:03.813+0000] {spark_submit.py:490} INFO - driverExtraLibraryPath  null
[2025-05-05T21:33:03.813+0000] {spark_submit.py:490} INFO - driverExtraJavaOptions  null
[2025-05-05T21:33:03.813+0000] {spark_submit.py:490} INFO - supervise               false
[2025-05-05T21:33:03.813+0000] {spark_submit.py:490} INFO - queue                   root.default
[2025-05-05T21:33:03.813+0000] {spark_submit.py:490} INFO - numExecutors            null
[2025-05-05T21:33:03.813+0000] {spark_submit.py:490} INFO - files                   null
[2025-05-05T21:33:03.813+0000] {spark_submit.py:490} INFO - pyFiles                 null
[2025-05-05T21:33:03.813+0000] {spark_submit.py:490} INFO - archives                null
[2025-05-05T21:33:03.813+0000] {spark_submit.py:490} INFO - mainClass               null
[2025-05-05T21:33:03.813+0000] {spark_submit.py:490} INFO - primaryResource         file:/opt/airflow/dags/bronze_to_silver.py
[2025-05-05T21:33:03.813+0000] {spark_submit.py:490} INFO - name                    BronzeToSilver
[2025-05-05T21:33:03.814+0000] {spark_submit.py:490} INFO - childArgs               []
[2025-05-05T21:33:03.814+0000] {spark_submit.py:490} INFO - jars                    null
[2025-05-05T21:33:03.814+0000] {spark_submit.py:490} INFO - packages                null
[2025-05-05T21:33:03.814+0000] {spark_submit.py:490} INFO - packagesExclusions      null
[2025-05-05T21:33:03.814+0000] {spark_submit.py:490} INFO - repositories            null
[2025-05-05T21:33:03.814+0000] {spark_submit.py:490} INFO - verbose                 true
[2025-05-05T21:33:03.814+0000] {spark_submit.py:490} INFO - 
[2025-05-05T21:33:03.814+0000] {spark_submit.py:490} INFO - Spark properties used, including those specified through
[2025-05-05T21:33:03.815+0000] {spark_submit.py:490} INFO - --conf and those from the properties file null:
[2025-05-05T21:33:03.815+0000] {spark_submit.py:490} INFO - (spark.executorEnv.PYSPARK_PYTHON,/usr/bin/python3)
[2025-05-05T21:33:03.815+0000] {spark_submit.py:490} INFO - (spark.master,spark://spark-master:7077)
[2025-05-05T21:33:03.815+0000] {spark_submit.py:490} INFO - (spark.pyspark.python,/usr/bin/python3)
[2025-05-05T21:33:03.815+0000] {spark_submit.py:490} INFO - (spark.submit.deployMode,client)
[2025-05-05T21:33:03.815+0000] {spark_submit.py:490} INFO - 
[2025-05-05T21:33:03.815+0000] {spark_submit.py:490} INFO - 
[2025-05-05T21:33:04.078+0000] {spark_submit.py:490} INFO - Main class:
[2025-05-05T21:33:04.078+0000] {spark_submit.py:490} INFO - org.apache.spark.deploy.PythonRunner
[2025-05-05T21:33:04.079+0000] {spark_submit.py:490} INFO - Arguments:
[2025-05-05T21:33:04.079+0000] {spark_submit.py:490} INFO - file:/opt/airflow/dags/bronze_to_silver.py
[2025-05-05T21:33:04.079+0000] {spark_submit.py:490} INFO - null
[2025-05-05T21:33:04.081+0000] {spark_submit.py:490} INFO - Spark config:
[2025-05-05T21:33:04.082+0000] {spark_submit.py:490} INFO - (spark.app.name,BronzeToSilver)
[2025-05-05T21:33:04.082+0000] {spark_submit.py:490} INFO - (spark.app.submitTime,1746480784063)
[2025-05-05T21:33:04.082+0000] {spark_submit.py:490} INFO - (spark.executorEnv.PYSPARK_PYTHON,/usr/bin/python3)
[2025-05-05T21:33:04.082+0000] {spark_submit.py:490} INFO - (spark.master,spark://spark-master:7077)
[2025-05-05T21:33:04.082+0000] {spark_submit.py:490} INFO - (spark.pyspark.python,/usr/bin/python3)
[2025-05-05T21:33:04.082+0000] {spark_submit.py:490} INFO - (spark.submit.deployMode,client)
[2025-05-05T21:33:04.082+0000] {spark_submit.py:490} INFO - (spark.submit.pyFiles,)
[2025-05-05T21:33:04.082+0000] {spark_submit.py:490} INFO - Classpath elements:
[2025-05-05T21:33:04.082+0000] {spark_submit.py:490} INFO - 
[2025-05-05T21:33:04.082+0000] {spark_submit.py:490} INFO - 
[2025-05-05T21:33:04.083+0000] {spark_submit.py:490} INFO - 
[2025-05-05T21:33:04.561+0000] {spark_submit.py:490} INFO - 25/05/05 21:33:04 INFO SparkContext: Running Spark version 3.3.0
[2025-05-05T21:33:04.633+0000] {spark_submit.py:490} INFO - 25/05/05 21:33:04 WARN NativeCodeLoader: Unable to load native-hadoop library for your platform... using builtin-java classes where applicable
[2025-05-05T21:33:04.713+0000] {spark_submit.py:490} INFO - 25/05/05 21:33:04 INFO ResourceUtils: ==============================================================
[2025-05-05T21:33:04.713+0000] {spark_submit.py:490} INFO - 25/05/05 21:33:04 INFO ResourceUtils: No custom resources configured for spark.driver.
[2025-05-05T21:33:04.713+0000] {spark_submit.py:490} INFO - 25/05/05 21:33:04 INFO ResourceUtils: ==============================================================
[2025-05-05T21:33:04.714+0000] {spark_submit.py:490} INFO - 25/05/05 21:33:04 INFO SparkContext: Submitted application: Bronze to Silver ETL
[2025-05-05T21:33:04.731+0000] {spark_submit.py:490} INFO - 25/05/05 21:33:04 INFO ResourceProfile: Default ResourceProfile created, executor resources: Map(cores -> name: cores, amount: 1, script: , vendor: , memory -> name: memory, amount: 1024, script: , vendor: , offHeap -> name: offHeap, amount: 0, script: , vendor: ), task resources: Map(cpus -> name: cpus, amount: 1.0)
[2025-05-05T21:33:04.740+0000] {spark_submit.py:490} INFO - 25/05/05 21:33:04 INFO ResourceProfile: Limiting resource is cpu
[2025-05-05T21:33:04.741+0000] {spark_submit.py:490} INFO - 25/05/05 21:33:04 INFO ResourceProfileManager: Added ResourceProfile id: 0
[2025-05-05T21:33:04.785+0000] {spark_submit.py:490} INFO - 25/05/05 21:33:04 INFO SecurityManager: Changing view acls to: root
[2025-05-05T21:33:04.786+0000] {spark_submit.py:490} INFO - 25/05/05 21:33:04 INFO SecurityManager: Changing modify acls to: root
[2025-05-05T21:33:04.786+0000] {spark_submit.py:490} INFO - 25/05/05 21:33:04 INFO SecurityManager: Changing view acls groups to:
[2025-05-05T21:33:04.787+0000] {spark_submit.py:490} INFO - 25/05/05 21:33:04 INFO SecurityManager: Changing modify acls groups to:
[2025-05-05T21:33:04.787+0000] {spark_submit.py:490} INFO - 25/05/05 21:33:04 INFO SecurityManager: SecurityManager: authentication disabled; ui acls disabled; users  with view permissions: Set(root); groups with view permissions: Set(); users  with modify permissions: Set(root); groups with modify permissions: Set()
[2025-05-05T21:33:05.035+0000] {spark_submit.py:490} INFO - 25/05/05 21:33:05 INFO Utils: Successfully started service 'sparkDriver' on port 46271.
[2025-05-05T21:33:05.063+0000] {spark_submit.py:490} INFO - 25/05/05 21:33:05 INFO SparkEnv: Registering MapOutputTracker
[2025-05-05T21:33:05.094+0000] {spark_submit.py:490} INFO - 25/05/05 21:33:05 INFO SparkEnv: Registering BlockManagerMaster
[2025-05-05T21:33:05.119+0000] {spark_submit.py:490} INFO - 25/05/05 21:33:05 INFO BlockManagerMasterEndpoint: Using org.apache.spark.storage.DefaultTopologyMapper for getting topology information
[2025-05-05T21:33:05.120+0000] {spark_submit.py:490} INFO - 25/05/05 21:33:05 INFO BlockManagerMasterEndpoint: BlockManagerMasterEndpoint up
[2025-05-05T21:33:05.125+0000] {spark_submit.py:490} INFO - 25/05/05 21:33:05 INFO SparkEnv: Registering BlockManagerMasterHeartbeat
[2025-05-05T21:33:05.145+0000] {spark_submit.py:490} INFO - 25/05/05 21:33:05 INFO DiskBlockManager: Created local directory at /tmp/blockmgr-3a9feb44-6a5f-40dc-823f-fe846c369f32
[2025-05-05T21:33:05.164+0000] {spark_submit.py:490} INFO - 25/05/05 21:33:05 INFO MemoryStore: MemoryStore started with capacity 434.4 MiB
[2025-05-05T21:33:05.184+0000] {spark_submit.py:490} INFO - 25/05/05 21:33:05 INFO SparkEnv: Registering OutputCommitCoordinator
[2025-05-05T21:33:05.372+0000] {spark_submit.py:490} INFO - 25/05/05 21:33:05 INFO Utils: Successfully started service 'SparkUI' on port 4040.
[2025-05-05T21:33:05.473+0000] {spark_submit.py:490} INFO - 25/05/05 21:33:05 INFO StandaloneAppClient$ClientEndpoint: Connecting to master spark://spark-master:7077...
[2025-05-05T21:33:05.514+0000] {spark_submit.py:490} INFO - 25/05/05 21:33:05 INFO TransportClientFactory: Successfully created connection to spark-master/172.18.0.3:7077 after 24 ms (0 ms spent in bootstraps)
[2025-05-05T21:33:05.588+0000] {spark_submit.py:490} INFO - 25/05/05 21:33:05 INFO StandaloneSchedulerBackend: Connected to Spark cluster with app ID app-20250505213305-0016
[2025-05-05T21:33:05.589+0000] {spark_submit.py:490} INFO - 25/05/05 21:33:05 INFO StandaloneAppClient$ClientEndpoint: Executor added: app-20250505213305-0016/0 on worker-20250505201940-172.18.0.6-38439 (172.18.0.6:38439) with 2 core(s)
[2025-05-05T21:33:05.592+0000] {spark_submit.py:490} INFO - 25/05/05 21:33:05 INFO StandaloneSchedulerBackend: Granted executor ID app-20250505213305-0016/0 on hostPort 172.18.0.6:38439 with 2 core(s), 1024.0 MiB RAM
[2025-05-05T21:33:05.600+0000] {spark_submit.py:490} INFO - 25/05/05 21:33:05 INFO Utils: Successfully started service 'org.apache.spark.network.netty.NettyBlockTransferService' on port 36189.
[2025-05-05T21:33:05.600+0000] {spark_submit.py:490} INFO - 25/05/05 21:33:05 INFO NettyBlockTransferService: Server created on b431f09a1fa6:36189
[2025-05-05T21:33:05.602+0000] {spark_submit.py:490} INFO - 25/05/05 21:33:05 INFO BlockManager: Using org.apache.spark.storage.RandomBlockReplicationPolicy for block replication policy
[2025-05-05T21:33:05.610+0000] {spark_submit.py:490} INFO - 25/05/05 21:33:05 INFO BlockManagerMaster: Registering BlockManager BlockManagerId(driver, b431f09a1fa6, 36189, None)
[2025-05-05T21:33:05.615+0000] {spark_submit.py:490} INFO - 25/05/05 21:33:05 INFO BlockManagerMasterEndpoint: Registering block manager b431f09a1fa6:36189 with 434.4 MiB RAM, BlockManagerId(driver, b431f09a1fa6, 36189, None)
[2025-05-05T21:33:05.618+0000] {spark_submit.py:490} INFO - 25/05/05 21:33:05 INFO BlockManagerMaster: Registered BlockManager BlockManagerId(driver, b431f09a1fa6, 36189, None)
[2025-05-05T21:33:05.620+0000] {spark_submit.py:490} INFO - 25/05/05 21:33:05 INFO BlockManager: Initialized BlockManager: BlockManagerId(driver, b431f09a1fa6, 36189, None)
[2025-05-05T21:33:05.635+0000] {spark_submit.py:490} INFO - 25/05/05 21:33:05 INFO StandaloneAppClient$ClientEndpoint: Executor updated: app-20250505213305-0016/0 is now RUNNING
[2025-05-05T21:33:05.829+0000] {spark_submit.py:490} INFO - 25/05/05 21:33:05 INFO StandaloneSchedulerBackend: SchedulerBackend is ready for scheduling beginning after reached minRegisteredResourcesRatio: 0.0
[2025-05-05T21:33:06.042+0000] {spark_submit.py:490} INFO - 25/05/05 21:33:06 INFO SharedState: Setting hive.metastore.warehouse.dir ('null') to the value of spark.sql.warehouse.dir.
[2025-05-05T21:33:06.050+0000] {spark_submit.py:490} INFO - 25/05/05 21:33:06 INFO SharedState: Warehouse path is 'file:/opt/airflow/spark-warehouse'.
[2025-05-05T21:33:06.995+0000] {spark_submit.py:490} INFO - 25/05/05 21:33:06 INFO InMemoryFileIndex: It took 61 ms to list leaf files for 7 paths.
[2025-05-05T21:33:07.429+0000] {spark_submit.py:490} INFO - 25/05/05 21:33:07 INFO SparkContext: Starting job: load at NativeMethodAccessorImpl.java:0
[2025-05-05T21:33:07.445+0000] {spark_submit.py:490} INFO - 25/05/05 21:33:07 INFO DAGScheduler: Got job 0 (load at NativeMethodAccessorImpl.java:0) with 1 output partitions
[2025-05-05T21:33:07.446+0000] {spark_submit.py:490} INFO - 25/05/05 21:33:07 INFO DAGScheduler: Final stage: ResultStage 0 (load at NativeMethodAccessorImpl.java:0)
[2025-05-05T21:33:07.447+0000] {spark_submit.py:490} INFO - 25/05/05 21:33:07 INFO DAGScheduler: Parents of final stage: List()
[2025-05-05T21:33:07.448+0000] {spark_submit.py:490} INFO - 25/05/05 21:33:07 INFO DAGScheduler: Missing parents: List()
[2025-05-05T21:33:07.467+0000] {spark_submit.py:490} INFO - 25/05/05 21:33:07 INFO DAGScheduler: Submitting ResultStage 0 (MapPartitionsRDD[1] at load at NativeMethodAccessorImpl.java:0), which has no missing parents
[2025-05-05T21:33:07.517+0000] {spark_submit.py:490} INFO - 25/05/05 21:33:07 INFO MemoryStore: Block broadcast_0 stored as values in memory (estimated size 102.8 KiB, free 434.3 MiB)
[2025-05-05T21:33:07.557+0000] {spark_submit.py:490} INFO - 25/05/05 21:33:07 INFO MemoryStore: Block broadcast_0_piece0 stored as bytes in memory (estimated size 36.9 KiB, free 434.3 MiB)
[2025-05-05T21:33:07.562+0000] {spark_submit.py:490} INFO - 25/05/05 21:33:07 INFO BlockManagerInfo: Added broadcast_0_piece0 in memory on b431f09a1fa6:36189 (size: 36.9 KiB, free: 434.4 MiB)
[2025-05-05T21:33:07.567+0000] {spark_submit.py:490} INFO - 25/05/05 21:33:07 INFO SparkContext: Created broadcast 0 from broadcast at DAGScheduler.scala:1513
[2025-05-05T21:33:07.588+0000] {spark_submit.py:490} INFO - 25/05/05 21:33:07 INFO DAGScheduler: Submitting 1 missing tasks from ResultStage 0 (MapPartitionsRDD[1] at load at NativeMethodAccessorImpl.java:0) (first 15 tasks are for partitions Vector(0))
[2025-05-05T21:33:07.589+0000] {spark_submit.py:490} INFO - 25/05/05 21:33:07 INFO TaskSchedulerImpl: Adding task set 0.0 with 1 tasks resource profile 0
[2025-05-05T21:33:08.403+0000] {spark_submit.py:490} INFO - 25/05/05 21:33:08 INFO CoarseGrainedSchedulerBackend$DriverEndpoint: Registered executor NettyRpcEndpointRef(spark-client://Executor) (172.18.0.6:48348) with ID 0,  ResourceProfileId 0
[2025-05-05T21:33:08.467+0000] {spark_submit.py:490} INFO - 25/05/05 21:33:08 INFO BlockManagerMasterEndpoint: Registering block manager 172.18.0.6:37487 with 366.3 MiB RAM, BlockManagerId(0, 172.18.0.6, 37487, None)
[2025-05-05T21:33:08.516+0000] {spark_submit.py:490} INFO - 25/05/05 21:33:08 INFO TaskSetManager: Starting task 0.0 in stage 0.0 (TID 0) (172.18.0.6, executor 0, partition 0, PROCESS_LOCAL, 4685 bytes) taskResourceAssignments Map()
[2025-05-05T21:33:08.741+0000] {spark_submit.py:490} INFO - 25/05/05 21:33:08 INFO BlockManagerInfo: Added broadcast_0_piece0 in memory on 172.18.0.6:37487 (size: 36.9 KiB, free: 366.3 MiB)
[2025-05-05T21:33:09.632+0000] {spark_submit.py:490} INFO - 25/05/05 21:33:09 INFO TaskSetManager: Finished task 0.0 in stage 0.0 (TID 0) in 1125 ms on 172.18.0.6 (executor 0) (1/1)
[2025-05-05T21:33:09.633+0000] {spark_submit.py:490} INFO - 25/05/05 21:33:09 INFO TaskSchedulerImpl: Removed TaskSet 0.0, whose tasks have all completed, from pool
[2025-05-05T21:33:09.638+0000] {spark_submit.py:490} INFO - 25/05/05 21:33:09 INFO DAGScheduler: ResultStage 0 (load at NativeMethodAccessorImpl.java:0) finished in 2.157 s
[2025-05-05T21:33:09.642+0000] {spark_submit.py:490} INFO - 25/05/05 21:33:09 INFO DAGScheduler: Job 0 is finished. Cancelling potential speculative or zombie tasks for this job
[2025-05-05T21:33:09.642+0000] {spark_submit.py:490} INFO - 25/05/05 21:33:09 INFO TaskSchedulerImpl: Killing all running tasks in stage 0: Stage finished
[2025-05-05T21:33:09.644+0000] {spark_submit.py:490} INFO - 25/05/05 21:33:09 INFO DAGScheduler: Job 0 finished: load at NativeMethodAccessorImpl.java:0, took 2.213857 s
[2025-05-05T21:33:10.035+0000] {spark_submit.py:490} INFO - 25/05/05 21:33:10 INFO BlockManagerInfo: Removed broadcast_0_piece0 on b431f09a1fa6:36189 in memory (size: 36.9 KiB, free: 434.4 MiB)
[2025-05-05T21:33:10.042+0000] {spark_submit.py:490} INFO - 25/05/05 21:33:10 INFO BlockManagerInfo: Removed broadcast_0_piece0 on 172.18.0.6:37487 in memory (size: 36.9 KiB, free: 366.3 MiB)
[2025-05-05T21:33:11.749+0000] {spark_submit.py:490} INFO - 25/05/05 21:33:11 INFO FileSourceStrategy: Pushed Filters:
[2025-05-05T21:33:11.750+0000] {spark_submit.py:490} INFO - 25/05/05 21:33:11 INFO FileSourceStrategy: Post-Scan Filters:
[2025-05-05T21:33:11.752+0000] {spark_submit.py:490} INFO - 25/05/05 21:33:11 INFO FileSourceStrategy: Output Data Schema: struct<edition: string, edition_id: string, country_noc: string, sport: string, event: string ... 9 more fields>
[2025-05-05T21:33:12.042+0000] {spark_submit.py:490} INFO - 25/05/05 21:33:12 INFO CodeGenerator: Code generated in 158.211887 ms
[2025-05-05T21:33:12.085+0000] {spark_submit.py:490} INFO - 25/05/05 21:33:12 INFO CodeGenerator: Code generated in 32.908168 ms
[2025-05-05T21:33:12.106+0000] {spark_submit.py:490} INFO - 25/05/05 21:33:12 INFO MemoryStore: Block broadcast_1 stored as values in memory (estimated size 202.0 KiB, free 434.2 MiB)
[2025-05-05T21:33:12.120+0000] {spark_submit.py:490} INFO - 25/05/05 21:33:12 INFO MemoryStore: Block broadcast_1_piece0 stored as bytes in memory (estimated size 34.8 KiB, free 434.2 MiB)
[2025-05-05T21:33:12.121+0000] {spark_submit.py:490} INFO - 25/05/05 21:33:12 INFO BlockManagerInfo: Added broadcast_1_piece0 in memory on b431f09a1fa6:36189 (size: 34.8 KiB, free: 434.4 MiB)
[2025-05-05T21:33:12.122+0000] {spark_submit.py:490} INFO - 25/05/05 21:33:12 INFO SparkContext: Created broadcast 1 from take at /opt/airflow/dags/bronze_to_silver.py:34
[2025-05-05T21:33:12.135+0000] {spark_submit.py:490} INFO - 25/05/05 21:33:12 INFO FileSourceScanExec: Planning scan with bin packing, max size: 47565014 bytes, open cost is considered as scanning 4194304 bytes.
[2025-05-05T21:33:12.229+0000] {spark_submit.py:490} INFO - 25/05/05 21:33:12 INFO SparkContext: Starting job: take at /opt/airflow/dags/bronze_to_silver.py:34
[2025-05-05T21:33:12.230+0000] {spark_submit.py:490} INFO - 25/05/05 21:33:12 INFO DAGScheduler: Got job 1 (take at /opt/airflow/dags/bronze_to_silver.py:34) with 1 output partitions
[2025-05-05T21:33:12.231+0000] {spark_submit.py:490} INFO - 25/05/05 21:33:12 INFO DAGScheduler: Final stage: ResultStage 1 (take at /opt/airflow/dags/bronze_to_silver.py:34)
[2025-05-05T21:33:12.231+0000] {spark_submit.py:490} INFO - 25/05/05 21:33:12 INFO DAGScheduler: Parents of final stage: List()
[2025-05-05T21:33:12.231+0000] {spark_submit.py:490} INFO - 25/05/05 21:33:12 INFO DAGScheduler: Missing parents: List()
[2025-05-05T21:33:12.232+0000] {spark_submit.py:490} INFO - 25/05/05 21:33:12 INFO DAGScheduler: Submitting ResultStage 1 (MapPartitionsRDD[8] at take at /opt/airflow/dags/bronze_to_silver.py:34), which has no missing parents
[2025-05-05T21:33:12.246+0000] {spark_submit.py:490} INFO - 25/05/05 21:33:12 INFO MemoryStore: Block broadcast_2 stored as values in memory (estimated size 48.1 KiB, free 434.1 MiB)
[2025-05-05T21:33:12.250+0000] {spark_submit.py:490} INFO - 25/05/05 21:33:12 INFO MemoryStore: Block broadcast_2_piece0 stored as bytes in memory (estimated size 16.0 KiB, free 434.1 MiB)
[2025-05-05T21:33:12.251+0000] {spark_submit.py:490} INFO - 25/05/05 21:33:12 INFO BlockManagerInfo: Added broadcast_2_piece0 in memory on b431f09a1fa6:36189 (size: 16.0 KiB, free: 434.4 MiB)
[2025-05-05T21:33:12.252+0000] {spark_submit.py:490} INFO - 25/05/05 21:33:12 INFO SparkContext: Created broadcast 2 from broadcast at DAGScheduler.scala:1513
[2025-05-05T21:33:12.253+0000] {spark_submit.py:490} INFO - 25/05/05 21:33:12 INFO DAGScheduler: Submitting 1 missing tasks from ResultStage 1 (MapPartitionsRDD[8] at take at /opt/airflow/dags/bronze_to_silver.py:34) (first 15 tasks are for partitions Vector(0))
[2025-05-05T21:33:12.253+0000] {spark_submit.py:490} INFO - 25/05/05 21:33:12 INFO TaskSchedulerImpl: Adding task set 1.0 with 1 tasks resource profile 0
[2025-05-05T21:33:12.257+0000] {spark_submit.py:490} INFO - 25/05/05 21:33:12 INFO TaskSetManager: Starting task 0.0 in stage 1.0 (TID 1) (172.18.0.6, executor 0, partition 0, PROCESS_LOCAL, 6096 bytes) taskResourceAssignments Map()
[2025-05-05T21:33:12.292+0000] {spark_submit.py:490} INFO - 25/05/05 21:33:12 INFO BlockManagerInfo: Added broadcast_2_piece0 in memory on 172.18.0.6:37487 (size: 16.0 KiB, free: 366.3 MiB)
[2025-05-05T21:33:13.485+0000] {spark_submit.py:490} INFO - 25/05/05 21:33:13 INFO BlockManagerInfo: Added broadcast_1_piece0 in memory on 172.18.0.6:37487 (size: 34.8 KiB, free: 366.3 MiB)
[2025-05-05T21:33:14.002+0000] {spark_submit.py:490} INFO - 25/05/05 21:33:14 INFO TaskSetManager: Finished task 0.0 in stage 1.0 (TID 1) in 1747 ms on 172.18.0.6 (executor 0) (1/1)
[2025-05-05T21:33:14.003+0000] {spark_submit.py:490} INFO - 25/05/05 21:33:14 INFO TaskSchedulerImpl: Removed TaskSet 1.0, whose tasks have all completed, from pool
[2025-05-05T21:33:14.006+0000] {spark_submit.py:490} INFO - 25/05/05 21:33:14 INFO PythonAccumulatorV2: Connected to AccumulatorServer at host: 127.0.0.1 port: 38713
[2025-05-05T21:33:14.008+0000] {spark_submit.py:490} INFO - 25/05/05 21:33:14 INFO DAGScheduler: ResultStage 1 (take at /opt/airflow/dags/bronze_to_silver.py:34) finished in 1.772 s
[2025-05-05T21:33:14.009+0000] {spark_submit.py:490} INFO - 25/05/05 21:33:14 INFO DAGScheduler: Job 1 is finished. Cancelling potential speculative or zombie tasks for this job
[2025-05-05T21:33:14.009+0000] {spark_submit.py:490} INFO - 25/05/05 21:33:14 INFO TaskSchedulerImpl: Killing all running tasks in stage 1: Stage finished
[2025-05-05T21:33:14.010+0000] {spark_submit.py:490} INFO - 25/05/05 21:33:14 INFO DAGScheduler: Job 1 finished: take at /opt/airflow/dags/bronze_to_silver.py:34, took 1.780978 s
[2025-05-05T21:33:14.082+0000] {spark_submit.py:490} INFO - 25/05/05 21:33:14 INFO FileSourceStrategy: Pushed Filters:
[2025-05-05T21:33:14.082+0000] {spark_submit.py:490} INFO - 25/05/05 21:33:14 INFO FileSourceStrategy: Post-Scan Filters:
[2025-05-05T21:33:14.083+0000] {spark_submit.py:490} INFO - 25/05/05 21:33:14 INFO FileSourceStrategy: Output Data Schema: struct<edition: string, edition_id: string, country_noc: string, sport: string, event: string ... 9 more fields>
[2025-05-05T21:33:14.118+0000] {spark_submit.py:490} INFO - 25/05/05 21:33:14 INFO ParquetFileFormat: Using default output committer for Parquet: org.apache.parquet.hadoop.ParquetOutputCommitter
[2025-05-05T21:33:14.130+0000] {spark_submit.py:490} INFO - 25/05/05 21:33:14 INFO FileOutputCommitter: File Output Committer Algorithm version is 1
[2025-05-05T21:33:14.130+0000] {spark_submit.py:490} INFO - 25/05/05 21:33:14 INFO FileOutputCommitter: FileOutputCommitter skip cleanup _temporary folders under output directory:false, ignore cleanup failures: false
[2025-05-05T21:33:14.131+0000] {spark_submit.py:490} INFO - 25/05/05 21:33:14 INFO SQLHadoopMapReduceCommitProtocol: Using user defined output committer class org.apache.parquet.hadoop.ParquetOutputCommitter
[2025-05-05T21:33:14.131+0000] {spark_submit.py:490} INFO - 25/05/05 21:33:14 INFO FileOutputCommitter: File Output Committer Algorithm version is 1
[2025-05-05T21:33:14.131+0000] {spark_submit.py:490} INFO - 25/05/05 21:33:14 INFO FileOutputCommitter: FileOutputCommitter skip cleanup _temporary folders under output directory:false, ignore cleanup failures: false
[2025-05-05T21:33:14.132+0000] {spark_submit.py:490} INFO - 25/05/05 21:33:14 INFO SQLHadoopMapReduceCommitProtocol: Using output committer class org.apache.parquet.hadoop.ParquetOutputCommitter
[2025-05-05T21:33:14.163+0000] {spark_submit.py:490} INFO - 25/05/05 21:33:14 INFO MemoryStore: Block broadcast_3 stored as values in memory (estimated size 202.0 KiB, free 433.9 MiB)
[2025-05-05T21:33:14.171+0000] {spark_submit.py:490} INFO - 25/05/05 21:33:14 INFO MemoryStore: Block broadcast_3_piece0 stored as bytes in memory (estimated size 34.8 KiB, free 433.9 MiB)
[2025-05-05T21:33:14.172+0000] {spark_submit.py:490} INFO - 25/05/05 21:33:14 INFO BlockManagerInfo: Added broadcast_3_piece0 in memory on b431f09a1fa6:36189 (size: 34.8 KiB, free: 434.3 MiB)
[2025-05-05T21:33:14.173+0000] {spark_submit.py:490} INFO - 25/05/05 21:33:14 INFO SparkContext: Created broadcast 3 from parquet at NativeMethodAccessorImpl.java:0
[2025-05-05T21:33:14.174+0000] {spark_submit.py:490} INFO - 25/05/05 21:33:14 INFO FileSourceScanExec: Planning scan with bin packing, max size: 47565014 bytes, open cost is considered as scanning 4194304 bytes.
[2025-05-05T21:33:14.218+0000] {spark_submit.py:490} INFO - 25/05/05 21:33:14 INFO SparkContext: Starting job: parquet at NativeMethodAccessorImpl.java:0
[2025-05-05T21:33:14.219+0000] {spark_submit.py:490} INFO - 25/05/05 21:33:14 INFO DAGScheduler: Got job 2 (parquet at NativeMethodAccessorImpl.java:0) with 2 output partitions
[2025-05-05T21:33:14.220+0000] {spark_submit.py:490} INFO - 25/05/05 21:33:14 INFO DAGScheduler: Final stage: ResultStage 2 (parquet at NativeMethodAccessorImpl.java:0)
[2025-05-05T21:33:14.220+0000] {spark_submit.py:490} INFO - 25/05/05 21:33:14 INFO DAGScheduler: Parents of final stage: List()
[2025-05-05T21:33:14.220+0000] {spark_submit.py:490} INFO - 25/05/05 21:33:14 INFO DAGScheduler: Missing parents: List()
[2025-05-05T21:33:14.221+0000] {spark_submit.py:490} INFO - 25/05/05 21:33:14 INFO DAGScheduler: Submitting ResultStage 2 (MapPartitionsRDD[14] at parquet at NativeMethodAccessorImpl.java:0), which has no missing parents
[2025-05-05T21:33:14.238+0000] {spark_submit.py:490} INFO - 25/05/05 21:33:14 INFO MemoryStore: Block broadcast_4 stored as values in memory (estimated size 248.7 KiB, free 433.6 MiB)
[2025-05-05T21:33:14.242+0000] {spark_submit.py:490} INFO - 25/05/05 21:33:14 INFO MemoryStore: Block broadcast_4_piece0 stored as bytes in memory (estimated size 85.9 KiB, free 433.5 MiB)
[2025-05-05T21:33:14.243+0000] {spark_submit.py:490} INFO - 25/05/05 21:33:14 INFO BlockManagerInfo: Added broadcast_4_piece0 in memory on b431f09a1fa6:36189 (size: 85.9 KiB, free: 434.2 MiB)
[2025-05-05T21:33:14.244+0000] {spark_submit.py:490} INFO - 25/05/05 21:33:14 INFO SparkContext: Created broadcast 4 from broadcast at DAGScheduler.scala:1513
[2025-05-05T21:33:14.245+0000] {spark_submit.py:490} INFO - 25/05/05 21:33:14 INFO DAGScheduler: Submitting 2 missing tasks from ResultStage 2 (MapPartitionsRDD[14] at parquet at NativeMethodAccessorImpl.java:0) (first 15 tasks are for partitions Vector(0, 1))
[2025-05-05T21:33:14.245+0000] {spark_submit.py:490} INFO - 25/05/05 21:33:14 INFO TaskSchedulerImpl: Adding task set 2.0 with 2 tasks resource profile 0
[2025-05-05T21:33:14.246+0000] {spark_submit.py:490} INFO - 25/05/05 21:33:14 INFO TaskSetManager: Starting task 0.0 in stage 2.0 (TID 2) (172.18.0.6, executor 0, partition 0, PROCESS_LOCAL, 6096 bytes) taskResourceAssignments Map()
[2025-05-05T21:33:14.247+0000] {spark_submit.py:490} INFO - 25/05/05 21:33:14 INFO TaskSetManager: Starting task 1.0 in stage 2.0 (TID 3) (172.18.0.6, executor 0, partition 1, PROCESS_LOCAL, 6096 bytes) taskResourceAssignments Map()
[2025-05-05T21:33:14.268+0000] {spark_submit.py:490} INFO - 25/05/05 21:33:14 INFO BlockManagerInfo: Added broadcast_4_piece0 in memory on 172.18.0.6:37487 (size: 85.9 KiB, free: 366.2 MiB)
[2025-05-05T21:33:14.398+0000] {spark_submit.py:490} INFO - 25/05/05 21:33:14 INFO BlockManagerInfo: Added broadcast_3_piece0 in memory on 172.18.0.6:37487 (size: 34.8 KiB, free: 366.1 MiB)
[2025-05-05T21:33:43.239+0000] {spark_submit.py:490} INFO - 25/05/05 21:33:43 INFO TaskSetManager: Finished task 1.0 in stage 2.0 (TID 3) in 28992 ms on 172.18.0.6 (executor 0) (1/2)
[2025-05-05T21:33:50.476+0000] {spark_submit.py:490} INFO - 25/05/05 21:33:50 INFO TaskSetManager: Finished task 0.0 in stage 2.0 (TID 2) in 36230 ms on 172.18.0.6 (executor 0) (2/2)
[2025-05-05T21:33:50.476+0000] {spark_submit.py:490} INFO - 25/05/05 21:33:50 INFO TaskSchedulerImpl: Removed TaskSet 2.0, whose tasks have all completed, from pool
[2025-05-05T21:33:50.478+0000] {spark_submit.py:490} INFO - 25/05/05 21:33:50 INFO DAGScheduler: ResultStage 2 (parquet at NativeMethodAccessorImpl.java:0) finished in 36.255 s
[2025-05-05T21:33:50.479+0000] {spark_submit.py:490} INFO - 25/05/05 21:33:50 INFO DAGScheduler: Job 2 is finished. Cancelling potential speculative or zombie tasks for this job
[2025-05-05T21:33:50.479+0000] {spark_submit.py:490} INFO - 25/05/05 21:33:50 INFO TaskSchedulerImpl: Killing all running tasks in stage 2: Stage finished
[2025-05-05T21:33:50.479+0000] {spark_submit.py:490} INFO - 25/05/05 21:33:50 INFO DAGScheduler: Job 2 finished: parquet at NativeMethodAccessorImpl.java:0, took 36.272907 s
[2025-05-05T21:33:50.481+0000] {spark_submit.py:490} INFO - 25/05/05 21:33:50 INFO FileFormatWriter: Start to commit write Job 1104006b-2003-479f-bb07-aea657f15c07.
[2025-05-05T21:33:50.506+0000] {spark_submit.py:490} INFO - 25/05/05 21:33:50 INFO FileFormatWriter: Write Job 1104006b-2003-479f-bb07-aea657f15c07 committed. Elapsed time: 23 ms.
[2025-05-05T21:33:50.509+0000] {spark_submit.py:490} INFO - 25/05/05 21:33:50 INFO FileFormatWriter: Finished processing stats for write job 1104006b-2003-479f-bb07-aea657f15c07.
[2025-05-05T21:33:50.521+0000] {spark_submit.py:490} INFO - 25/05/05 21:33:50 INFO SparkUI: Stopped Spark web UI at http://b431f09a1fa6:4040
[2025-05-05T21:33:50.525+0000] {spark_submit.py:490} INFO - 25/05/05 21:33:50 INFO StandaloneSchedulerBackend: Shutting down all executors
[2025-05-05T21:33:50.525+0000] {spark_submit.py:490} INFO - 25/05/05 21:33:50 INFO CoarseGrainedSchedulerBackend$DriverEndpoint: Asking each executor to shut down
[2025-05-05T21:33:50.551+0000] {spark_submit.py:490} INFO - 25/05/05 21:33:50 INFO MapOutputTrackerMasterEndpoint: MapOutputTrackerMasterEndpoint stopped!
[2025-05-05T21:33:50.565+0000] {spark_submit.py:490} INFO - 25/05/05 21:33:50 INFO MemoryStore: MemoryStore cleared
[2025-05-05T21:33:50.565+0000] {spark_submit.py:490} INFO - 25/05/05 21:33:50 INFO BlockManager: BlockManager stopped
[2025-05-05T21:33:50.567+0000] {spark_submit.py:490} INFO - 25/05/05 21:33:50 INFO BlockManagerMaster: BlockManagerMaster stopped
[2025-05-05T21:33:50.570+0000] {spark_submit.py:490} INFO - 25/05/05 21:33:50 INFO OutputCommitCoordinator$OutputCommitCoordinatorEndpoint: OutputCommitCoordinator stopped!
[2025-05-05T21:33:50.580+0000] {spark_submit.py:490} INFO - 25/05/05 21:33:50 INFO SparkContext: Successfully stopped SparkContext
[2025-05-05T21:33:51.506+0000] {spark_submit.py:490} INFO - 25/05/05 21:33:51 INFO ShutdownHookManager: Shutdown hook called
[2025-05-05T21:33:51.507+0000] {spark_submit.py:490} INFO - 25/05/05 21:33:51 INFO ShutdownHookManager: Deleting directory /tmp/spark-40bcae84-a4cd-4ecc-b1cf-064dffa3d64b
[2025-05-05T21:33:51.510+0000] {spark_submit.py:490} INFO - 25/05/05 21:33:51 INFO ShutdownHookManager: Deleting directory /tmp/spark-697d550d-e411-4976-aeed-3fce04a022ac
[2025-05-05T21:33:51.513+0000] {spark_submit.py:490} INFO - 25/05/05 21:33:51 INFO ShutdownHookManager: Deleting directory /tmp/spark-40bcae84-a4cd-4ecc-b1cf-064dffa3d64b/pyspark-74945e33-0553-4592-ad91-0b307307d7c7
[2025-05-05T21:33:51.553+0000] {taskinstance.py:1350} INFO - Marking task as SUCCESS. dag_id=final_project_BBDL, task_id=BronzeToSilver, execution_date=20250505T213240, start_date=20250505T213301, end_date=20250505T213351
[2025-05-05T21:33:51.595+0000] {local_task_job_runner.py:225} INFO - Task exited with return code 0
[2025-05-05T21:33:51.615+0000] {taskinstance.py:2653} INFO - 1 downstream tasks scheduled from follow-on schedule check
