[2025-05-06T10:14:03.702+0000] {taskinstance.py:1103} INFO - Dependencies all met for dep_context=non-requeueable deps ti=<TaskInstance: final_project_BBDL.BronzeToSilver manual__2025-05-06T10:13:38.816892+00:00 [queued]>
[2025-05-06T10:14:03.712+0000] {taskinstance.py:1103} INFO - Dependencies all met for dep_context=requeueable deps ti=<TaskInstance: final_project_BBDL.BronzeToSilver manual__2025-05-06T10:13:38.816892+00:00 [queued]>
[2025-05-06T10:14:03.712+0000] {taskinstance.py:1308} INFO - Starting attempt 1 of 1
[2025-05-06T10:14:03.750+0000] {taskinstance.py:1327} INFO - Executing <Task(SparkSubmitOperator): BronzeToSilver> on 2025-05-06 10:13:38.816892+00:00
[2025-05-06T10:14:03.753+0000] {standard_task_runner.py:57} INFO - Started process 20146 to run task
[2025-05-06T10:14:03.756+0000] {standard_task_runner.py:84} INFO - Running: ['airflow', 'tasks', 'run', 'final_project_BBDL', 'BronzeToSilver', 'manual__2025-05-06T10:13:38.816892+00:00', '--job-id', '52', '--raw', '--subdir', 'DAGS_FOLDER/project_solution.py', '--cfg-path', '/tmp/tmp97nitszb']
[2025-05-06T10:14:03.757+0000] {standard_task_runner.py:85} INFO - Job 52: Subtask BronzeToSilver
[2025-05-06T10:14:03.791+0000] {logging_mixin.py:150} WARNING - /home/airflow/.local/lib/python3.7/site-packages/airflow/settings.py:195 DeprecationWarning: The sql_alchemy_conn option in [core] has been moved to the sql_alchemy_conn option in [database] - the old setting has been used, but please update your config.
[2025-05-06T10:14:03.825+0000] {task_command.py:410} INFO - Running <TaskInstance: final_project_BBDL.BronzeToSilver manual__2025-05-06T10:13:38.816892+00:00 [running]> on host b431f09a1fa6
[2025-05-06T10:14:03.980+0000] {taskinstance.py:1547} INFO - Exporting env vars: AIRFLOW_CTX_DAG_OWNER='airflow' AIRFLOW_CTX_DAG_ID='final_project_BBDL' AIRFLOW_CTX_TASK_ID='BronzeToSilver' AIRFLOW_CTX_EXECUTION_DATE='2025-05-06T10:13:38.816892+00:00' AIRFLOW_CTX_TRY_NUMBER='1' AIRFLOW_CTX_DAG_RUN_ID='manual__2025-05-06T10:13:38.816892+00:00'
[2025-05-06T10:14:03.992+0000] {base.py:73} INFO - Using connection ID 'spark_default' for task execution.
[2025-05-06T10:14:03.997+0000] {spark_submit.py:339} INFO - Spark-Submit cmd: spark-submit --master spark://spark-master:7077 --conf spark.master=spark://spark-master:7077 --conf spark.submit.deployMode=client --conf spark.pyspark.python=/usr/bin/python3 --conf spark.executorEnv.PYSPARK_PYTHON=/usr/bin/python3 --name BronzeToSilver --verbose --queue root.default /opt/airflow/dags/bronze_to_silver.py
[2025-05-06T10:14:05.393+0000] {spark_submit.py:490} INFO - Using properties file: null
[2025-05-06T10:14:05.488+0000] {spark_submit.py:490} INFO - Parsed arguments:
[2025-05-06T10:14:05.489+0000] {spark_submit.py:490} INFO - master                  spark://spark-master:7077
[2025-05-06T10:14:05.489+0000] {spark_submit.py:490} INFO - deployMode              client
[2025-05-06T10:14:05.489+0000] {spark_submit.py:490} INFO - executorMemory          null
[2025-05-06T10:14:05.489+0000] {spark_submit.py:490} INFO - executorCores           null
[2025-05-06T10:14:05.489+0000] {spark_submit.py:490} INFO - totalExecutorCores      null
[2025-05-06T10:14:05.489+0000] {spark_submit.py:490} INFO - propertiesFile          null
[2025-05-06T10:14:05.489+0000] {spark_submit.py:490} INFO - driverMemory            null
[2025-05-06T10:14:05.489+0000] {spark_submit.py:490} INFO - driverCores             null
[2025-05-06T10:14:05.489+0000] {spark_submit.py:490} INFO - driverExtraClassPath    null
[2025-05-06T10:14:05.489+0000] {spark_submit.py:490} INFO - driverExtraLibraryPath  null
[2025-05-06T10:14:05.489+0000] {spark_submit.py:490} INFO - driverExtraJavaOptions  null
[2025-05-06T10:14:05.489+0000] {spark_submit.py:490} INFO - supervise               false
[2025-05-06T10:14:05.489+0000] {spark_submit.py:490} INFO - queue                   root.default
[2025-05-06T10:14:05.489+0000] {spark_submit.py:490} INFO - numExecutors            null
[2025-05-06T10:14:05.489+0000] {spark_submit.py:490} INFO - files                   null
[2025-05-06T10:14:05.490+0000] {spark_submit.py:490} INFO - pyFiles                 null
[2025-05-06T10:14:05.490+0000] {spark_submit.py:490} INFO - archives                null
[2025-05-06T10:14:05.490+0000] {spark_submit.py:490} INFO - mainClass               null
[2025-05-06T10:14:05.490+0000] {spark_submit.py:490} INFO - primaryResource         file:/opt/airflow/dags/bronze_to_silver.py
[2025-05-06T10:14:05.490+0000] {spark_submit.py:490} INFO - name                    BronzeToSilver
[2025-05-06T10:14:05.490+0000] {spark_submit.py:490} INFO - childArgs               []
[2025-05-06T10:14:05.490+0000] {spark_submit.py:490} INFO - jars                    null
[2025-05-06T10:14:05.490+0000] {spark_submit.py:490} INFO - packages                null
[2025-05-06T10:14:05.490+0000] {spark_submit.py:490} INFO - packagesExclusions      null
[2025-05-06T10:14:05.490+0000] {spark_submit.py:490} INFO - repositories            null
[2025-05-06T10:14:05.490+0000] {spark_submit.py:490} INFO - verbose                 true
[2025-05-06T10:14:05.490+0000] {spark_submit.py:490} INFO - 
[2025-05-06T10:14:05.490+0000] {spark_submit.py:490} INFO - Spark properties used, including those specified through
[2025-05-06T10:14:05.490+0000] {spark_submit.py:490} INFO - --conf and those from the properties file null:
[2025-05-06T10:14:05.490+0000] {spark_submit.py:490} INFO - (spark.executorEnv.PYSPARK_PYTHON,/usr/bin/python3)
[2025-05-06T10:14:05.490+0000] {spark_submit.py:490} INFO - (spark.master,spark://spark-master:7077)
[2025-05-06T10:14:05.490+0000] {spark_submit.py:490} INFO - (spark.pyspark.python,/usr/bin/python3)
[2025-05-06T10:14:05.491+0000] {spark_submit.py:490} INFO - (spark.submit.deployMode,client)
[2025-05-06T10:14:05.491+0000] {spark_submit.py:490} INFO - 
[2025-05-06T10:14:05.491+0000] {spark_submit.py:490} INFO - 
[2025-05-06T10:14:05.724+0000] {spark_submit.py:490} INFO - Main class:
[2025-05-06T10:14:05.725+0000] {spark_submit.py:490} INFO - org.apache.spark.deploy.PythonRunner
[2025-05-06T10:14:05.725+0000] {spark_submit.py:490} INFO - Arguments:
[2025-05-06T10:14:05.725+0000] {spark_submit.py:490} INFO - file:/opt/airflow/dags/bronze_to_silver.py
[2025-05-06T10:14:05.725+0000] {spark_submit.py:490} INFO - null
[2025-05-06T10:14:05.726+0000] {spark_submit.py:490} INFO - Spark config:
[2025-05-06T10:14:05.727+0000] {spark_submit.py:490} INFO - (spark.app.name,BronzeToSilver)
[2025-05-06T10:14:05.727+0000] {spark_submit.py:490} INFO - (spark.app.submitTime,1746526445711)
[2025-05-06T10:14:05.727+0000] {spark_submit.py:490} INFO - (spark.executorEnv.PYSPARK_PYTHON,/usr/bin/python3)
[2025-05-06T10:14:05.727+0000] {spark_submit.py:490} INFO - (spark.master,spark://spark-master:7077)
[2025-05-06T10:14:05.727+0000] {spark_submit.py:490} INFO - (spark.pyspark.python,/usr/bin/python3)
[2025-05-06T10:14:05.727+0000] {spark_submit.py:490} INFO - (spark.submit.deployMode,client)
[2025-05-06T10:14:05.727+0000] {spark_submit.py:490} INFO - (spark.submit.pyFiles,)
[2025-05-06T10:14:05.727+0000] {spark_submit.py:490} INFO - Classpath elements:
[2025-05-06T10:14:05.727+0000] {spark_submit.py:490} INFO - 
[2025-05-06T10:14:05.728+0000] {spark_submit.py:490} INFO - 
[2025-05-06T10:14:05.728+0000] {spark_submit.py:490} INFO - 
[2025-05-06T10:14:06.255+0000] {spark_submit.py:490} INFO - 25/05/06 10:14:06 INFO SparkContext: Running Spark version 3.3.0
[2025-05-06T10:14:06.317+0000] {spark_submit.py:490} INFO - 25/05/06 10:14:06 WARN NativeCodeLoader: Unable to load native-hadoop library for your platform... using builtin-java classes where applicable
[2025-05-06T10:14:06.391+0000] {spark_submit.py:490} INFO - 25/05/06 10:14:06 INFO ResourceUtils: ==============================================================
[2025-05-06T10:14:06.391+0000] {spark_submit.py:490} INFO - 25/05/06 10:14:06 INFO ResourceUtils: No custom resources configured for spark.driver.
[2025-05-06T10:14:06.391+0000] {spark_submit.py:490} INFO - 25/05/06 10:14:06 INFO ResourceUtils: ==============================================================
[2025-05-06T10:14:06.392+0000] {spark_submit.py:490} INFO - 25/05/06 10:14:06 INFO SparkContext: Submitted application: Bronze to Silver ETL
[2025-05-06T10:14:06.412+0000] {spark_submit.py:490} INFO - 25/05/06 10:14:06 INFO ResourceProfile: Default ResourceProfile created, executor resources: Map(cores -> name: cores, amount: 1, script: , vendor: , memory -> name: memory, amount: 1024, script: , vendor: , offHeap -> name: offHeap, amount: 0, script: , vendor: ), task resources: Map(cpus -> name: cpus, amount: 1.0)
[2025-05-06T10:14:06.422+0000] {spark_submit.py:490} INFO - 25/05/06 10:14:06 INFO ResourceProfile: Limiting resource is cpu
[2025-05-06T10:14:06.423+0000] {spark_submit.py:490} INFO - 25/05/06 10:14:06 INFO ResourceProfileManager: Added ResourceProfile id: 0
[2025-05-06T10:14:06.468+0000] {spark_submit.py:490} INFO - 25/05/06 10:14:06 INFO SecurityManager: Changing view acls to: root
[2025-05-06T10:14:06.468+0000] {spark_submit.py:490} INFO - 25/05/06 10:14:06 INFO SecurityManager: Changing modify acls to: root
[2025-05-06T10:14:06.468+0000] {spark_submit.py:490} INFO - 25/05/06 10:14:06 INFO SecurityManager: Changing view acls groups to:
[2025-05-06T10:14:06.469+0000] {spark_submit.py:490} INFO - 25/05/06 10:14:06 INFO SecurityManager: Changing modify acls groups to:
[2025-05-06T10:14:06.469+0000] {spark_submit.py:490} INFO - 25/05/06 10:14:06 INFO SecurityManager: SecurityManager: authentication disabled; ui acls disabled; users  with view permissions: Set(root); groups with view permissions: Set(); users  with modify permissions: Set(root); groups with modify permissions: Set()
[2025-05-06T10:14:06.729+0000] {spark_submit.py:490} INFO - 25/05/06 10:14:06 INFO Utils: Successfully started service 'sparkDriver' on port 33639.
[2025-05-06T10:14:06.758+0000] {spark_submit.py:490} INFO - 25/05/06 10:14:06 INFO SparkEnv: Registering MapOutputTracker
[2025-05-06T10:14:06.788+0000] {spark_submit.py:490} INFO - 25/05/06 10:14:06 INFO SparkEnv: Registering BlockManagerMaster
[2025-05-06T10:14:06.807+0000] {spark_submit.py:490} INFO - 25/05/06 10:14:06 INFO BlockManagerMasterEndpoint: Using org.apache.spark.storage.DefaultTopologyMapper for getting topology information
[2025-05-06T10:14:06.807+0000] {spark_submit.py:490} INFO - 25/05/06 10:14:06 INFO BlockManagerMasterEndpoint: BlockManagerMasterEndpoint up
[2025-05-06T10:14:06.811+0000] {spark_submit.py:490} INFO - 25/05/06 10:14:06 INFO SparkEnv: Registering BlockManagerMasterHeartbeat
[2025-05-06T10:14:06.834+0000] {spark_submit.py:490} INFO - 25/05/06 10:14:06 INFO DiskBlockManager: Created local directory at /tmp/blockmgr-768c9b19-3ee1-4efb-a9d2-39523fe309d4
[2025-05-06T10:14:06.857+0000] {spark_submit.py:490} INFO - 25/05/06 10:14:06 INFO MemoryStore: MemoryStore started with capacity 434.4 MiB
[2025-05-06T10:14:06.875+0000] {spark_submit.py:490} INFO - 25/05/06 10:14:06 INFO SparkEnv: Registering OutputCommitCoordinator
[2025-05-06T10:14:07.065+0000] {spark_submit.py:490} INFO - 25/05/06 10:14:07 INFO Utils: Successfully started service 'SparkUI' on port 4040.
[2025-05-06T10:14:07.191+0000] {spark_submit.py:490} INFO - 25/05/06 10:14:07 INFO StandaloneAppClient$ClientEndpoint: Connecting to master spark://spark-master:7077...
[2025-05-06T10:14:07.233+0000] {spark_submit.py:490} INFO - 25/05/06 10:14:07 INFO TransportClientFactory: Successfully created connection to spark-master/172.18.0.3:7077 after 25 ms (0 ms spent in bootstraps)
[2025-05-06T10:14:07.310+0000] {spark_submit.py:490} INFO - 25/05/06 10:14:07 INFO StandaloneSchedulerBackend: Connected to Spark cluster with app ID app-20250506101407-0045
[2025-05-06T10:14:07.311+0000] {spark_submit.py:490} INFO - 25/05/06 10:14:07 INFO StandaloneAppClient$ClientEndpoint: Executor added: app-20250506101407-0045/0 on worker-20250505201940-172.18.0.6-38439 (172.18.0.6:38439) with 2 core(s)
[2025-05-06T10:14:07.313+0000] {spark_submit.py:490} INFO - 25/05/06 10:14:07 INFO StandaloneSchedulerBackend: Granted executor ID app-20250506101407-0045/0 on hostPort 172.18.0.6:38439 with 2 core(s), 1024.0 MiB RAM
[2025-05-06T10:14:07.319+0000] {spark_submit.py:490} INFO - 25/05/06 10:14:07 INFO Utils: Successfully started service 'org.apache.spark.network.netty.NettyBlockTransferService' on port 34223.
[2025-05-06T10:14:07.319+0000] {spark_submit.py:490} INFO - 25/05/06 10:14:07 INFO NettyBlockTransferService: Server created on b431f09a1fa6:34223
[2025-05-06T10:14:07.321+0000] {spark_submit.py:490} INFO - 25/05/06 10:14:07 INFO BlockManager: Using org.apache.spark.storage.RandomBlockReplicationPolicy for block replication policy
[2025-05-06T10:14:07.330+0000] {spark_submit.py:490} INFO - 25/05/06 10:14:07 INFO BlockManagerMaster: Registering BlockManager BlockManagerId(driver, b431f09a1fa6, 34223, None)
[2025-05-06T10:14:07.334+0000] {spark_submit.py:490} INFO - 25/05/06 10:14:07 INFO BlockManagerMasterEndpoint: Registering block manager b431f09a1fa6:34223 with 434.4 MiB RAM, BlockManagerId(driver, b431f09a1fa6, 34223, None)
[2025-05-06T10:14:07.336+0000] {spark_submit.py:490} INFO - 25/05/06 10:14:07 INFO BlockManagerMaster: Registered BlockManager BlockManagerId(driver, b431f09a1fa6, 34223, None)
[2025-05-06T10:14:07.337+0000] {spark_submit.py:490} INFO - 25/05/06 10:14:07 INFO BlockManager: Initialized BlockManager: BlockManagerId(driver, b431f09a1fa6, 34223, None)
[2025-05-06T10:14:07.346+0000] {spark_submit.py:490} INFO - 25/05/06 10:14:07 INFO StandaloneAppClient$ClientEndpoint: Executor updated: app-20250506101407-0045/0 is now RUNNING
[2025-05-06T10:14:07.535+0000] {spark_submit.py:490} INFO - 25/05/06 10:14:07 INFO StandaloneSchedulerBackend: SchedulerBackend is ready for scheduling beginning after reached minRegisteredResourcesRatio: 0.0
[2025-05-06T10:14:07.684+0000] {spark_submit.py:490} INFO - 🔍 Читання з: /tmp/spark_data/bronze/athlete_event_results/20250506_*
[2025-05-06T10:14:07.742+0000] {spark_submit.py:490} INFO - 25/05/06 10:14:07 INFO SharedState: Setting hive.metastore.warehouse.dir ('null') to the value of spark.sql.warehouse.dir.
[2025-05-06T10:14:07.749+0000] {spark_submit.py:490} INFO - 25/05/06 10:14:07 INFO SharedState: Warehouse path is 'file:/opt/airflow/spark-warehouse'.
[2025-05-06T10:14:08.688+0000] {spark_submit.py:490} INFO - 25/05/06 10:14:08 INFO InMemoryFileIndex: It took 70 ms to list leaf files for 7 paths.
[2025-05-06T10:14:09.130+0000] {spark_submit.py:490} INFO - 25/05/06 10:14:09 INFO SparkContext: Starting job: load at NativeMethodAccessorImpl.java:0
[2025-05-06T10:14:09.157+0000] {spark_submit.py:490} INFO - 25/05/06 10:14:09 INFO DAGScheduler: Got job 0 (load at NativeMethodAccessorImpl.java:0) with 1 output partitions
[2025-05-06T10:14:09.157+0000] {spark_submit.py:490} INFO - 25/05/06 10:14:09 INFO DAGScheduler: Final stage: ResultStage 0 (load at NativeMethodAccessorImpl.java:0)
[2025-05-06T10:14:09.158+0000] {spark_submit.py:490} INFO - 25/05/06 10:14:09 INFO DAGScheduler: Parents of final stage: List()
[2025-05-06T10:14:09.160+0000] {spark_submit.py:490} INFO - 25/05/06 10:14:09 INFO DAGScheduler: Missing parents: List()
[2025-05-06T10:14:09.169+0000] {spark_submit.py:490} INFO - 25/05/06 10:14:09 INFO DAGScheduler: Submitting ResultStage 0 (MapPartitionsRDD[1] at load at NativeMethodAccessorImpl.java:0), which has no missing parents
[2025-05-06T10:14:09.246+0000] {spark_submit.py:490} INFO - 25/05/06 10:14:09 INFO MemoryStore: Block broadcast_0 stored as values in memory (estimated size 102.8 KiB, free 434.3 MiB)
[2025-05-06T10:14:09.292+0000] {spark_submit.py:490} INFO - 25/05/06 10:14:09 INFO MemoryStore: Block broadcast_0_piece0 stored as bytes in memory (estimated size 36.9 KiB, free 434.3 MiB)
[2025-05-06T10:14:09.296+0000] {spark_submit.py:490} INFO - 25/05/06 10:14:09 INFO BlockManagerInfo: Added broadcast_0_piece0 in memory on b431f09a1fa6:34223 (size: 36.9 KiB, free: 434.4 MiB)
[2025-05-06T10:14:09.301+0000] {spark_submit.py:490} INFO - 25/05/06 10:14:09 INFO SparkContext: Created broadcast 0 from broadcast at DAGScheduler.scala:1513
[2025-05-06T10:14:09.319+0000] {spark_submit.py:490} INFO - 25/05/06 10:14:09 INFO DAGScheduler: Submitting 1 missing tasks from ResultStage 0 (MapPartitionsRDD[1] at load at NativeMethodAccessorImpl.java:0) (first 15 tasks are for partitions Vector(0))
[2025-05-06T10:14:09.320+0000] {spark_submit.py:490} INFO - 25/05/06 10:14:09 INFO TaskSchedulerImpl: Adding task set 0.0 with 1 tasks resource profile 0
[2025-05-06T10:14:10.237+0000] {spark_submit.py:490} INFO - 25/05/06 10:14:10 INFO CoarseGrainedSchedulerBackend$DriverEndpoint: Registered executor NettyRpcEndpointRef(spark-client://Executor) (172.18.0.6:42828) with ID 0,  ResourceProfileId 0
[2025-05-06T10:14:10.315+0000] {spark_submit.py:490} INFO - 25/05/06 10:14:10 INFO BlockManagerMasterEndpoint: Registering block manager 172.18.0.6:33553 with 366.3 MiB RAM, BlockManagerId(0, 172.18.0.6, 33553, None)
[2025-05-06T10:14:10.397+0000] {spark_submit.py:490} INFO - 25/05/06 10:14:10 INFO TaskSetManager: Starting task 0.0 in stage 0.0 (TID 0) (172.18.0.6, executor 0, partition 0, PROCESS_LOCAL, 4685 bytes) taskResourceAssignments Map()
[2025-05-06T10:14:10.666+0000] {spark_submit.py:490} INFO - 25/05/06 10:14:10 INFO BlockManagerInfo: Added broadcast_0_piece0 in memory on 172.18.0.6:33553 (size: 36.9 KiB, free: 366.3 MiB)
[2025-05-06T10:14:11.636+0000] {spark_submit.py:490} INFO - 25/05/06 10:14:11 INFO TaskSetManager: Finished task 0.0 in stage 0.0 (TID 0) in 1256 ms on 172.18.0.6 (executor 0) (1/1)
[2025-05-06T10:14:11.637+0000] {spark_submit.py:490} INFO - 25/05/06 10:14:11 INFO TaskSchedulerImpl: Removed TaskSet 0.0, whose tasks have all completed, from pool
[2025-05-06T10:14:11.642+0000] {spark_submit.py:490} INFO - 25/05/06 10:14:11 INFO DAGScheduler: ResultStage 0 (load at NativeMethodAccessorImpl.java:0) finished in 2.452 s
[2025-05-06T10:14:11.645+0000] {spark_submit.py:490} INFO - 25/05/06 10:14:11 INFO DAGScheduler: Job 0 is finished. Cancelling potential speculative or zombie tasks for this job
[2025-05-06T10:14:11.645+0000] {spark_submit.py:490} INFO - 25/05/06 10:14:11 INFO TaskSchedulerImpl: Killing all running tasks in stage 0: Stage finished
[2025-05-06T10:14:11.647+0000] {spark_submit.py:490} INFO - 25/05/06 10:14:11 INFO DAGScheduler: Job 0 finished: load at NativeMethodAccessorImpl.java:0, took 2.515842 s
[2025-05-06T10:14:12.040+0000] {spark_submit.py:490} INFO - 25/05/06 10:14:12 INFO BlockManagerInfo: Removed broadcast_0_piece0 on b431f09a1fa6:34223 in memory (size: 36.9 KiB, free: 434.4 MiB)
[2025-05-06T10:14:12.046+0000] {spark_submit.py:490} INFO - 25/05/06 10:14:12 INFO BlockManagerInfo: Removed broadcast_0_piece0 on 172.18.0.6:33553 in memory (size: 36.9 KiB, free: 366.3 MiB)
[2025-05-06T10:14:12.894+0000] {spark_submit.py:490} INFO - 📑 Схема початкового датафрейму:
[2025-05-06T10:14:12.912+0000] {spark_submit.py:490} INFO - root
[2025-05-06T10:14:12.913+0000] {spark_submit.py:490} INFO - |-- edition: string (nullable = true)
[2025-05-06T10:14:12.913+0000] {spark_submit.py:490} INFO - |-- edition_id: string (nullable = true)
[2025-05-06T10:14:12.913+0000] {spark_submit.py:490} INFO - |-- country_noc: string (nullable = true)
[2025-05-06T10:14:12.913+0000] {spark_submit.py:490} INFO - |-- sport: string (nullable = true)
[2025-05-06T10:14:12.913+0000] {spark_submit.py:490} INFO - |-- event: string (nullable = true)
[2025-05-06T10:14:12.913+0000] {spark_submit.py:490} INFO - |-- result_id: string (nullable = true)
[2025-05-06T10:14:12.913+0000] {spark_submit.py:490} INFO - |-- athlete: string (nullable = true)
[2025-05-06T10:14:12.913+0000] {spark_submit.py:490} INFO - |-- athlete_id: string (nullable = true)
[2025-05-06T10:14:12.913+0000] {spark_submit.py:490} INFO - |-- pos: string (nullable = true)
[2025-05-06T10:14:12.914+0000] {spark_submit.py:490} INFO - |-- medal: string (nullable = true)
[2025-05-06T10:14:12.914+0000] {spark_submit.py:490} INFO - |-- isTeamSport: string (nullable = true)
[2025-05-06T10:14:12.914+0000] {spark_submit.py:490} INFO - 
[2025-05-06T10:14:12.914+0000] {spark_submit.py:490} INFO - 🔎 Перші 5 рядків з Bronze:
[2025-05-06T10:14:13.266+0000] {spark_submit.py:490} INFO - 25/05/06 10:14:13 INFO FileSourceStrategy: Pushed Filters:
[2025-05-06T10:14:13.267+0000] {spark_submit.py:490} INFO - 25/05/06 10:14:13 INFO FileSourceStrategy: Post-Scan Filters:
[2025-05-06T10:14:13.269+0000] {spark_submit.py:490} INFO - 25/05/06 10:14:13 INFO FileSourceStrategy: Output Data Schema: struct<edition: string, edition_id: string, country_noc: string, sport: string, event: string ... 9 more fields>
[2025-05-06T10:14:13.609+0000] {spark_submit.py:490} INFO - 25/05/06 10:14:13 INFO CodeGenerator: Code generated in 200.996822 ms
[2025-05-06T10:14:13.638+0000] {spark_submit.py:490} INFO - 25/05/06 10:14:13 INFO MemoryStore: Block broadcast_1 stored as values in memory (estimated size 202.0 KiB, free 434.2 MiB)
[2025-05-06T10:14:13.649+0000] {spark_submit.py:490} INFO - 25/05/06 10:14:13 INFO MemoryStore: Block broadcast_1_piece0 stored as bytes in memory (estimated size 34.8 KiB, free 434.2 MiB)
[2025-05-06T10:14:13.650+0000] {spark_submit.py:490} INFO - 25/05/06 10:14:13 INFO BlockManagerInfo: Added broadcast_1_piece0 in memory on b431f09a1fa6:34223 (size: 34.8 KiB, free: 434.4 MiB)
[2025-05-06T10:14:13.651+0000] {spark_submit.py:490} INFO - 25/05/06 10:14:13 INFO SparkContext: Created broadcast 1 from showString at NativeMethodAccessorImpl.java:0
[2025-05-06T10:14:13.660+0000] {spark_submit.py:490} INFO - 25/05/06 10:14:13 INFO FileSourceScanExec: Planning scan with bin packing, max size: 47565014 bytes, open cost is considered as scanning 4194304 bytes.
[2025-05-06T10:14:13.704+0000] {spark_submit.py:490} INFO - 25/05/06 10:14:13 INFO SparkContext: Starting job: showString at NativeMethodAccessorImpl.java:0
[2025-05-06T10:14:13.705+0000] {spark_submit.py:490} INFO - 25/05/06 10:14:13 INFO DAGScheduler: Got job 1 (showString at NativeMethodAccessorImpl.java:0) with 1 output partitions
[2025-05-06T10:14:13.706+0000] {spark_submit.py:490} INFO - 25/05/06 10:14:13 INFO DAGScheduler: Final stage: ResultStage 1 (showString at NativeMethodAccessorImpl.java:0)
[2025-05-06T10:14:13.706+0000] {spark_submit.py:490} INFO - 25/05/06 10:14:13 INFO DAGScheduler: Parents of final stage: List()
[2025-05-06T10:14:13.706+0000] {spark_submit.py:490} INFO - 25/05/06 10:14:13 INFO DAGScheduler: Missing parents: List()
[2025-05-06T10:14:13.708+0000] {spark_submit.py:490} INFO - 25/05/06 10:14:13 INFO DAGScheduler: Submitting ResultStage 1 (MapPartitionsRDD[5] at showString at NativeMethodAccessorImpl.java:0), which has no missing parents
[2025-05-06T10:14:13.739+0000] {spark_submit.py:490} INFO - 25/05/06 10:14:13 INFO MemoryStore: Block broadcast_2 stored as values in memory (estimated size 18.4 KiB, free 434.2 MiB)
[2025-05-06T10:14:13.744+0000] {spark_submit.py:490} INFO - 25/05/06 10:14:13 INFO MemoryStore: Block broadcast_2_piece0 stored as bytes in memory (estimated size 6.5 KiB, free 434.1 MiB)
[2025-05-06T10:14:13.745+0000] {spark_submit.py:490} INFO - 25/05/06 10:14:13 INFO BlockManagerInfo: Added broadcast_2_piece0 in memory on b431f09a1fa6:34223 (size: 6.5 KiB, free: 434.4 MiB)
[2025-05-06T10:14:13.746+0000] {spark_submit.py:490} INFO - 25/05/06 10:14:13 INFO SparkContext: Created broadcast 2 from broadcast at DAGScheduler.scala:1513
[2025-05-06T10:14:13.747+0000] {spark_submit.py:490} INFO - 25/05/06 10:14:13 INFO DAGScheduler: Submitting 1 missing tasks from ResultStage 1 (MapPartitionsRDD[5] at showString at NativeMethodAccessorImpl.java:0) (first 15 tasks are for partitions Vector(0))
[2025-05-06T10:14:13.747+0000] {spark_submit.py:490} INFO - 25/05/06 10:14:13 INFO TaskSchedulerImpl: Adding task set 1.0 with 1 tasks resource profile 0
[2025-05-06T10:14:13.751+0000] {spark_submit.py:490} INFO - 25/05/06 10:14:13 INFO TaskSetManager: Starting task 0.0 in stage 1.0 (TID 1) (172.18.0.6, executor 0, partition 0, PROCESS_LOCAL, 6096 bytes) taskResourceAssignments Map()
[2025-05-06T10:14:13.796+0000] {spark_submit.py:490} INFO - 25/05/06 10:14:13 INFO BlockManagerInfo: Added broadcast_2_piece0 in memory on 172.18.0.6:33553 (size: 6.5 KiB, free: 366.3 MiB)
[2025-05-06T10:14:14.466+0000] {spark_submit.py:490} INFO - 25/05/06 10:14:14 INFO BlockManagerInfo: Added broadcast_1_piece0 in memory on 172.18.0.6:33553 (size: 34.8 KiB, free: 366.3 MiB)
[2025-05-06T10:14:14.894+0000] {spark_submit.py:490} INFO - 25/05/06 10:14:14 INFO TaskSetManager: Finished task 0.0 in stage 1.0 (TID 1) in 1146 ms on 172.18.0.6 (executor 0) (1/1)
[2025-05-06T10:14:14.895+0000] {spark_submit.py:490} INFO - 25/05/06 10:14:14 INFO TaskSchedulerImpl: Removed TaskSet 1.0, whose tasks have all completed, from pool
[2025-05-06T10:14:14.896+0000] {spark_submit.py:490} INFO - 25/05/06 10:14:14 INFO DAGScheduler: ResultStage 1 (showString at NativeMethodAccessorImpl.java:0) finished in 1.183 s
[2025-05-06T10:14:14.896+0000] {spark_submit.py:490} INFO - 25/05/06 10:14:14 INFO DAGScheduler: Job 1 is finished. Cancelling potential speculative or zombie tasks for this job
[2025-05-06T10:14:14.897+0000] {spark_submit.py:490} INFO - 25/05/06 10:14:14 INFO TaskSchedulerImpl: Killing all running tasks in stage 1: Stage finished
[2025-05-06T10:14:14.897+0000] {spark_submit.py:490} INFO - 25/05/06 10:14:14 INFO DAGScheduler: Job 1 finished: showString at NativeMethodAccessorImpl.java:0, took 1.192907 s
[2025-05-06T10:14:14.939+0000] {spark_submit.py:490} INFO - 25/05/06 10:14:14 INFO CodeGenerator: Code generated in 19.341626 ms
[2025-05-06T10:14:14.950+0000] {spark_submit.py:490} INFO - +--------------------+----------+-----------+---------+---------------+---------+---------------+----------+---------+-----+-----------+
[2025-05-06T10:14:14.951+0000] {spark_submit.py:490} INFO - |edition             |edition_id|country_noc|sport    |event          |result_id|athlete        |athlete_id|pos      |medal|isTeamSport|
[2025-05-06T10:14:14.951+0000] {spark_submit.py:490} INFO - +--------------------+----------+-----------+---------+---------------+---------+---------------+----------+---------+-----+-----------+
[2025-05-06T10:14:14.951+0000] {spark_submit.py:490} INFO - |1908 Summer Olympics|5         |ANZ        |Athletics|100 metres, Men|56265    |Ernest Hutcheon|64710     |DNS      |null |False      |
[2025-05-06T10:14:14.951+0000] {spark_submit.py:490} INFO - |1908 Summer Olympics|5         |ANZ        |Athletics|400 metres, Men|56313    |Henry Murray   |64756     |DNS      |null |False      |
[2025-05-06T10:14:14.951+0000] {spark_submit.py:490} INFO - |1908 Summer Olympics|5         |ANZ        |Athletics|800 metres, Men|56338    |Harvey Sutton  |64808     |3 h8 r1/2|null |False      |
[2025-05-06T10:14:14.951+0000] {spark_submit.py:490} INFO - |1908 Summer Olympics|5         |ANZ        |Athletics|800 metres, Men|56338    |Guy Haskins    |922519    |DNS      |null |False      |
[2025-05-06T10:14:14.951+0000] {spark_submit.py:490} INFO - |1908 Summer Olympics|5         |ANZ        |Athletics|800 metres, Men|56338    |Joseph Lynch   |64735     |DNS      |null |False      |
[2025-05-06T10:14:14.951+0000] {spark_submit.py:490} INFO - +--------------------+----------+-----------+---------+---------------+---------+---------------+----------+---------+-----+-----------+
[2025-05-06T10:14:14.952+0000] {spark_submit.py:490} INFO - only showing top 5 rows
[2025-05-06T10:14:14.952+0000] {spark_submit.py:490} INFO - 
[2025-05-06T10:14:14.952+0000] {spark_submit.py:490} INFO - 🧼 Чищення датафрейму...
[2025-05-06T10:14:15.255+0000] {spark_submit.py:490} INFO - 📑 Схема очищеного датафрейму:
[2025-05-06T10:14:15.256+0000] {spark_submit.py:490} INFO - root
[2025-05-06T10:14:15.256+0000] {spark_submit.py:490} INFO - |-- edition: string (nullable = true)
[2025-05-06T10:14:15.256+0000] {spark_submit.py:490} INFO - |-- edition_id: string (nullable = true)
[2025-05-06T10:14:15.256+0000] {spark_submit.py:490} INFO - |-- country_noc: string (nullable = true)
[2025-05-06T10:14:15.256+0000] {spark_submit.py:490} INFO - |-- sport: string (nullable = true)
[2025-05-06T10:14:15.256+0000] {spark_submit.py:490} INFO - |-- event: string (nullable = true)
[2025-05-06T10:14:15.257+0000] {spark_submit.py:490} INFO - |-- result_id: string (nullable = true)
[2025-05-06T10:14:15.257+0000] {spark_submit.py:490} INFO - |-- athlete: string (nullable = true)
[2025-05-06T10:14:15.257+0000] {spark_submit.py:490} INFO - |-- athlete_id: string (nullable = true)
[2025-05-06T10:14:15.257+0000] {spark_submit.py:490} INFO - |-- pos: string (nullable = true)
[2025-05-06T10:14:15.257+0000] {spark_submit.py:490} INFO - |-- medal: string (nullable = true)
[2025-05-06T10:14:15.257+0000] {spark_submit.py:490} INFO - |-- isTeamSport: string (nullable = true)
[2025-05-06T10:14:15.257+0000] {spark_submit.py:490} INFO - 
[2025-05-06T10:14:15.257+0000] {spark_submit.py:490} INFO - 🔎 Перші 10 рядків після очищення:
[2025-05-06T10:14:15.345+0000] {spark_submit.py:490} INFO - 25/05/06 10:14:15 INFO FileSourceStrategy: Pushed Filters:
[2025-05-06T10:14:15.345+0000] {spark_submit.py:490} INFO - 25/05/06 10:14:15 INFO FileSourceStrategy: Post-Scan Filters:
[2025-05-06T10:14:15.346+0000] {spark_submit.py:490} INFO - 25/05/06 10:14:15 INFO FileSourceStrategy: Output Data Schema: struct<edition: string, edition_id: string, country_noc: string, sport: string, event: string ... 9 more fields>
[2025-05-06T10:14:15.401+0000] {spark_submit.py:490} INFO - 25/05/06 10:14:15 INFO CodeGenerator: Code generated in 15.293603 ms
[2025-05-06T10:14:15.409+0000] {spark_submit.py:490} INFO - 25/05/06 10:14:15 INFO MemoryStore: Block broadcast_3 stored as values in memory (estimated size 202.0 KiB, free 433.9 MiB)
[2025-05-06T10:14:15.418+0000] {spark_submit.py:490} INFO - 25/05/06 10:14:15 INFO MemoryStore: Block broadcast_3_piece0 stored as bytes in memory (estimated size 34.8 KiB, free 433.9 MiB)
[2025-05-06T10:14:15.419+0000] {spark_submit.py:490} INFO - 25/05/06 10:14:15 INFO BlockManagerInfo: Added broadcast_3_piece0 in memory on b431f09a1fa6:34223 (size: 34.8 KiB, free: 434.3 MiB)
[2025-05-06T10:14:15.420+0000] {spark_submit.py:490} INFO - 25/05/06 10:14:15 INFO SparkContext: Created broadcast 3 from showString at NativeMethodAccessorImpl.java:0
[2025-05-06T10:14:15.422+0000] {spark_submit.py:490} INFO - 25/05/06 10:14:15 INFO FileSourceScanExec: Planning scan with bin packing, max size: 47565014 bytes, open cost is considered as scanning 4194304 bytes.
[2025-05-06T10:14:15.481+0000] {spark_submit.py:490} INFO - 25/05/06 10:14:15 INFO SparkContext: Starting job: showString at NativeMethodAccessorImpl.java:0
[2025-05-06T10:14:15.482+0000] {spark_submit.py:490} INFO - 25/05/06 10:14:15 INFO DAGScheduler: Got job 2 (showString at NativeMethodAccessorImpl.java:0) with 1 output partitions
[2025-05-06T10:14:15.482+0000] {spark_submit.py:490} INFO - 25/05/06 10:14:15 INFO DAGScheduler: Final stage: ResultStage 2 (showString at NativeMethodAccessorImpl.java:0)
[2025-05-06T10:14:15.482+0000] {spark_submit.py:490} INFO - 25/05/06 10:14:15 INFO DAGScheduler: Parents of final stage: List()
[2025-05-06T10:14:15.483+0000] {spark_submit.py:490} INFO - 25/05/06 10:14:15 INFO DAGScheduler: Missing parents: List()
[2025-05-06T10:14:15.484+0000] {spark_submit.py:490} INFO - 25/05/06 10:14:15 INFO DAGScheduler: Submitting ResultStage 2 (MapPartitionsRDD[12] at showString at NativeMethodAccessorImpl.java:0), which has no missing parents
[2025-05-06T10:14:15.494+0000] {spark_submit.py:490} INFO - 25/05/06 10:14:15 INFO MemoryStore: Block broadcast_4 stored as values in memory (estimated size 48.1 KiB, free 433.9 MiB)
[2025-05-06T10:14:15.498+0000] {spark_submit.py:490} INFO - 25/05/06 10:14:15 INFO MemoryStore: Block broadcast_4_piece0 stored as bytes in memory (estimated size 16.0 KiB, free 433.9 MiB)
[2025-05-06T10:14:15.500+0000] {spark_submit.py:490} INFO - 25/05/06 10:14:15 INFO BlockManagerInfo: Added broadcast_4_piece0 in memory on b431f09a1fa6:34223 (size: 16.0 KiB, free: 434.3 MiB)
[2025-05-06T10:14:15.501+0000] {spark_submit.py:490} INFO - 25/05/06 10:14:15 INFO SparkContext: Created broadcast 4 from broadcast at DAGScheduler.scala:1513
[2025-05-06T10:14:15.502+0000] {spark_submit.py:490} INFO - 25/05/06 10:14:15 INFO DAGScheduler: Submitting 1 missing tasks from ResultStage 2 (MapPartitionsRDD[12] at showString at NativeMethodAccessorImpl.java:0) (first 15 tasks are for partitions Vector(0))
[2025-05-06T10:14:15.502+0000] {spark_submit.py:490} INFO - 25/05/06 10:14:15 INFO TaskSchedulerImpl: Adding task set 2.0 with 1 tasks resource profile 0
[2025-05-06T10:14:15.504+0000] {spark_submit.py:490} INFO - 25/05/06 10:14:15 INFO TaskSetManager: Starting task 0.0 in stage 2.0 (TID 2) (172.18.0.6, executor 0, partition 0, PROCESS_LOCAL, 6096 bytes) taskResourceAssignments Map()
[2025-05-06T10:14:15.525+0000] {spark_submit.py:490} INFO - 25/05/06 10:14:15 INFO BlockManagerInfo: Added broadcast_4_piece0 in memory on 172.18.0.6:33553 (size: 16.0 KiB, free: 366.2 MiB)
[2025-05-06T10:14:16.331+0000] {spark_submit.py:490} INFO - 25/05/06 10:14:16 INFO BlockManagerInfo: Added broadcast_3_piece0 in memory on 172.18.0.6:33553 (size: 34.8 KiB, free: 366.2 MiB)
[2025-05-06T10:14:16.464+0000] {spark_submit.py:490} INFO - 25/05/06 10:14:16 INFO TaskSetManager: Finished task 0.0 in stage 2.0 (TID 2) in 960 ms on 172.18.0.6 (executor 0) (1/1)
[2025-05-06T10:14:16.464+0000] {spark_submit.py:490} INFO - 25/05/06 10:14:16 INFO TaskSchedulerImpl: Removed TaskSet 2.0, whose tasks have all completed, from pool
[2025-05-06T10:14:16.469+0000] {spark_submit.py:490} INFO - 25/05/06 10:14:16 INFO PythonAccumulatorV2: Connected to AccumulatorServer at host: 127.0.0.1 port: 52695
[2025-05-06T10:14:16.470+0000] {spark_submit.py:490} INFO - 25/05/06 10:14:16 INFO DAGScheduler: ResultStage 2 (showString at NativeMethodAccessorImpl.java:0) finished in 0.985 s
[2025-05-06T10:14:16.471+0000] {spark_submit.py:490} INFO - 25/05/06 10:14:16 INFO DAGScheduler: Job 2 is finished. Cancelling potential speculative or zombie tasks for this job
[2025-05-06T10:14:16.475+0000] {spark_submit.py:490} INFO - 25/05/06 10:14:16 INFO TaskSchedulerImpl: Killing all running tasks in stage 2: Stage finished
[2025-05-06T10:14:16.476+0000] {spark_submit.py:490} INFO - 25/05/06 10:14:16 INFO DAGScheduler: Job 2 finished: showString at NativeMethodAccessorImpl.java:0, took 0.994450 s
[2025-05-06T10:14:16.487+0000] {spark_submit.py:490} INFO - +--------------------+----------+-----------+---------+---------------+---------+---------------+----------+---------+-----+-----------+
[2025-05-06T10:14:16.487+0000] {spark_submit.py:490} INFO - |edition             |edition_id|country_noc|sport    |event          |result_id|athlete        |athlete_id|pos      |medal|isTeamSport|
[2025-05-06T10:14:16.487+0000] {spark_submit.py:490} INFO - +--------------------+----------+-----------+---------+---------------+---------+---------------+----------+---------+-----+-----------+
[2025-05-06T10:14:16.487+0000] {spark_submit.py:490} INFO - |1908 summer olympics|5         |anz        |athletics|100 metres men |56265    |ernest hutcheon|64710     |dns      |     |false      |
[2025-05-06T10:14:16.487+0000] {spark_submit.py:490} INFO - |1908 summer olympics|5         |anz        |athletics|400 metres men |56313    |henry murray   |64756     |dns      |     |false      |
[2025-05-06T10:14:16.487+0000] {spark_submit.py:490} INFO - |1908 summer olympics|5         |anz        |athletics|800 metres men |56338    |harvey sutton  |64808     |3 h8 r12 |     |false      |
[2025-05-06T10:14:16.488+0000] {spark_submit.py:490} INFO - |1908 summer olympics|5         |anz        |athletics|800 metres men |56338    |guy haskins    |922519    |dns      |     |false      |
[2025-05-06T10:14:16.488+0000] {spark_submit.py:490} INFO - |1908 summer olympics|5         |anz        |athletics|800 metres men |56338    |joseph lynch   |64735     |dns      |     |false      |
[2025-05-06T10:14:16.488+0000] {spark_submit.py:490} INFO - |1908 summer olympics|5         |anz        |athletics|800 metres men |56338    |henry murray   |64756     |dns      |     |false      |
[2025-05-06T10:14:16.488+0000] {spark_submit.py:490} INFO - |1908 summer olympics|5         |anz        |athletics|1500 metres men|56349    |joseph lynch   |64735     |5 h2 r12 |     |false      |
[2025-05-06T10:14:16.488+0000] {spark_submit.py:490} INFO - |1908 summer olympics|5         |anz        |athletics|1500 metres men|56349    |charles swain  |79576     |ac h3 r12|     |false      |
[2025-05-06T10:14:16.488+0000] {spark_submit.py:490} INFO - |1908 summer olympics|5         |anz        |athletics|1500 metres men|56349    |guy haskins    |922519    |dns      |     |false      |
[2025-05-06T10:14:16.488+0000] {spark_submit.py:490} INFO - |1908 summer olympics|5         |anz        |athletics|1500 metres men|56349    |george blake   |64619     |dns      |     |false      |
[2025-05-06T10:14:16.488+0000] {spark_submit.py:490} INFO - +--------------------+----------+-----------+---------+---------------+---------+---------------+----------+---------+-----+-----------+
[2025-05-06T10:14:16.488+0000] {spark_submit.py:490} INFO - only showing top 10 rows
[2025-05-06T10:14:16.488+0000] {spark_submit.py:490} INFO - 
[2025-05-06T10:14:16.488+0000] {spark_submit.py:490} INFO - 💾 Збереження до Silver рівня: /tmp/spark_data/silver/athlete_event_results/20250506
[2025-05-06T10:14:16.541+0000] {spark_submit.py:490} INFO - 25/05/06 10:14:16 INFO FileSourceStrategy: Pushed Filters:
[2025-05-06T10:14:16.541+0000] {spark_submit.py:490} INFO - 25/05/06 10:14:16 INFO FileSourceStrategy: Post-Scan Filters:
[2025-05-06T10:14:16.541+0000] {spark_submit.py:490} INFO - 25/05/06 10:14:16 INFO FileSourceStrategy: Output Data Schema: struct<edition: string, edition_id: string, country_noc: string, sport: string, event: string ... 9 more fields>
[2025-05-06T10:14:16.587+0000] {spark_submit.py:490} INFO - 25/05/06 10:14:16 INFO ParquetFileFormat: Using default output committer for Parquet: org.apache.parquet.hadoop.ParquetOutputCommitter
[2025-05-06T10:14:16.599+0000] {spark_submit.py:490} INFO - 25/05/06 10:14:16 INFO FileOutputCommitter: File Output Committer Algorithm version is 1
[2025-05-06T10:14:16.599+0000] {spark_submit.py:490} INFO - 25/05/06 10:14:16 INFO FileOutputCommitter: FileOutputCommitter skip cleanup _temporary folders under output directory:false, ignore cleanup failures: false
[2025-05-06T10:14:16.600+0000] {spark_submit.py:490} INFO - 25/05/06 10:14:16 INFO SQLHadoopMapReduceCommitProtocol: Using user defined output committer class org.apache.parquet.hadoop.ParquetOutputCommitter
[2025-05-06T10:14:16.600+0000] {spark_submit.py:490} INFO - 25/05/06 10:14:16 INFO FileOutputCommitter: File Output Committer Algorithm version is 1
[2025-05-06T10:14:16.600+0000] {spark_submit.py:490} INFO - 25/05/06 10:14:16 INFO FileOutputCommitter: FileOutputCommitter skip cleanup _temporary folders under output directory:false, ignore cleanup failures: false
[2025-05-06T10:14:16.601+0000] {spark_submit.py:490} INFO - 25/05/06 10:14:16 INFO SQLHadoopMapReduceCommitProtocol: Using output committer class org.apache.parquet.hadoop.ParquetOutputCommitter
[2025-05-06T10:14:16.629+0000] {spark_submit.py:490} INFO - 25/05/06 10:14:16 INFO MemoryStore: Block broadcast_5 stored as values in memory (estimated size 202.0 KiB, free 433.7 MiB)
[2025-05-06T10:14:16.656+0000] {spark_submit.py:490} INFO - 25/05/06 10:14:16 INFO BlockManagerInfo: Removed broadcast_1_piece0 on b431f09a1fa6:34223 in memory (size: 34.8 KiB, free: 434.3 MiB)
[2025-05-06T10:14:16.657+0000] {spark_submit.py:490} INFO - 25/05/06 10:14:16 INFO MemoryStore: Block broadcast_5_piece0 stored as bytes in memory (estimated size 34.8 KiB, free 433.9 MiB)
[2025-05-06T10:14:16.658+0000] {spark_submit.py:490} INFO - 25/05/06 10:14:16 INFO BlockManagerInfo: Removed broadcast_1_piece0 on 172.18.0.6:33553 in memory (size: 34.8 KiB, free: 366.2 MiB)
[2025-05-06T10:14:16.667+0000] {spark_submit.py:490} INFO - 25/05/06 10:14:16 INFO BlockManagerInfo: Added broadcast_5_piece0 in memory on b431f09a1fa6:34223 (size: 34.8 KiB, free: 434.3 MiB)
[2025-05-06T10:14:16.667+0000] {spark_submit.py:490} INFO - 25/05/06 10:14:16 INFO BlockManagerInfo: Removed broadcast_2_piece0 on b431f09a1fa6:34223 in memory (size: 6.5 KiB, free: 434.3 MiB)
[2025-05-06T10:14:16.668+0000] {spark_submit.py:490} INFO - 25/05/06 10:14:16 INFO SparkContext: Created broadcast 5 from parquet at NativeMethodAccessorImpl.java:0
[2025-05-06T10:14:16.668+0000] {spark_submit.py:490} INFO - 25/05/06 10:14:16 INFO BlockManagerInfo: Removed broadcast_2_piece0 on 172.18.0.6:33553 in memory (size: 6.5 KiB, free: 366.3 MiB)
[2025-05-06T10:14:16.675+0000] {spark_submit.py:490} INFO - 25/05/06 10:14:16 INFO FileSourceScanExec: Planning scan with bin packing, max size: 47565014 bytes, open cost is considered as scanning 4194304 bytes.
[2025-05-06T10:14:16.688+0000] {spark_submit.py:490} INFO - 25/05/06 10:14:16 INFO BlockManagerInfo: Removed broadcast_3_piece0 on b431f09a1fa6:34223 in memory (size: 34.8 KiB, free: 434.4 MiB)
[2025-05-06T10:14:16.690+0000] {spark_submit.py:490} INFO - 25/05/06 10:14:16 INFO BlockManagerInfo: Removed broadcast_3_piece0 on 172.18.0.6:33553 in memory (size: 34.8 KiB, free: 366.3 MiB)
[2025-05-06T10:14:16.709+0000] {spark_submit.py:490} INFO - 25/05/06 10:14:16 INFO BlockManagerInfo: Removed broadcast_4_piece0 on 172.18.0.6:33553 in memory (size: 16.0 KiB, free: 366.3 MiB)
[2025-05-06T10:14:16.715+0000] {spark_submit.py:490} INFO - 25/05/06 10:14:16 INFO BlockManagerInfo: Removed broadcast_4_piece0 on b431f09a1fa6:34223 in memory (size: 16.0 KiB, free: 434.4 MiB)
[2025-05-06T10:14:16.733+0000] {spark_submit.py:490} INFO - 25/05/06 10:14:16 INFO SparkContext: Starting job: parquet at NativeMethodAccessorImpl.java:0
[2025-05-06T10:14:16.734+0000] {spark_submit.py:490} INFO - 25/05/06 10:14:16 INFO DAGScheduler: Got job 3 (parquet at NativeMethodAccessorImpl.java:0) with 2 output partitions
[2025-05-06T10:14:16.734+0000] {spark_submit.py:490} INFO - 25/05/06 10:14:16 INFO DAGScheduler: Final stage: ResultStage 3 (parquet at NativeMethodAccessorImpl.java:0)
[2025-05-06T10:14:16.734+0000] {spark_submit.py:490} INFO - 25/05/06 10:14:16 INFO DAGScheduler: Parents of final stage: List()
[2025-05-06T10:14:16.734+0000] {spark_submit.py:490} INFO - 25/05/06 10:14:16 INFO DAGScheduler: Missing parents: List()
[2025-05-06T10:14:16.735+0000] {spark_submit.py:490} INFO - 25/05/06 10:14:16 INFO DAGScheduler: Submitting ResultStage 3 (MapPartitionsRDD[18] at parquet at NativeMethodAccessorImpl.java:0), which has no missing parents
[2025-05-06T10:14:16.755+0000] {spark_submit.py:490} INFO - 25/05/06 10:14:16 INFO MemoryStore: Block broadcast_6 stored as values in memory (estimated size 248.7 KiB, free 433.9 MiB)
[2025-05-06T10:14:16.929+0000] {spark_submit.py:490} INFO - 25/05/06 10:14:16 INFO MemoryStore: Block broadcast_6_piece0 stored as bytes in memory (estimated size 85.9 KiB, free 433.8 MiB)
[2025-05-06T10:14:17.027+0000] {spark_submit.py:490} INFO - 25/05/06 10:14:17 INFO BlockManagerInfo: Added broadcast_6_piece0 in memory on b431f09a1fa6:34223 (size: 85.9 KiB, free: 434.3 MiB)
[2025-05-06T10:14:17.028+0000] {spark_submit.py:490} INFO - 25/05/06 10:14:17 INFO SparkContext: Created broadcast 6 from broadcast at DAGScheduler.scala:1513
[2025-05-06T10:14:17.029+0000] {spark_submit.py:490} INFO - 25/05/06 10:14:17 INFO DAGScheduler: Submitting 2 missing tasks from ResultStage 3 (MapPartitionsRDD[18] at parquet at NativeMethodAccessorImpl.java:0) (first 15 tasks are for partitions Vector(0, 1))
[2025-05-06T10:14:17.029+0000] {spark_submit.py:490} INFO - 25/05/06 10:14:17 INFO TaskSchedulerImpl: Adding task set 3.0 with 2 tasks resource profile 0
[2025-05-06T10:14:17.031+0000] {spark_submit.py:490} INFO - 25/05/06 10:14:17 INFO TaskSetManager: Starting task 0.0 in stage 3.0 (TID 3) (172.18.0.6, executor 0, partition 0, PROCESS_LOCAL, 6096 bytes) taskResourceAssignments Map()
[2025-05-06T10:14:17.032+0000] {spark_submit.py:490} INFO - 25/05/06 10:14:17 INFO TaskSetManager: Starting task 1.0 in stage 3.0 (TID 4) (172.18.0.6, executor 0, partition 1, PROCESS_LOCAL, 6096 bytes) taskResourceAssignments Map()
[2025-05-06T10:14:17.094+0000] {spark_submit.py:490} INFO - 25/05/06 10:14:17 INFO BlockManagerInfo: Added broadcast_6_piece0 in memory on 172.18.0.6:33553 (size: 85.9 KiB, free: 366.2 MiB)
[2025-05-06T10:14:17.204+0000] {spark_submit.py:490} INFO - 25/05/06 10:14:17 INFO BlockManagerInfo: Added broadcast_5_piece0 in memory on 172.18.0.6:33553 (size: 34.8 KiB, free: 366.2 MiB)
[2025-05-06T10:14:45.796+0000] {spark_submit.py:490} INFO - 25/05/06 10:14:45 INFO TaskSetManager: Finished task 1.0 in stage 3.0 (TID 4) in 28764 ms on 172.18.0.6 (executor 0) (1/2)
[2025-05-06T10:14:53.001+0000] {spark_submit.py:490} INFO - 25/05/06 10:14:53 INFO TaskSetManager: Finished task 0.0 in stage 3.0 (TID 3) in 35970 ms on 172.18.0.6 (executor 0) (2/2)
[2025-05-06T10:14:53.002+0000] {spark_submit.py:490} INFO - 25/05/06 10:14:53 INFO TaskSchedulerImpl: Removed TaskSet 3.0, whose tasks have all completed, from pool
[2025-05-06T10:14:53.003+0000] {spark_submit.py:490} INFO - 25/05/06 10:14:53 INFO DAGScheduler: ResultStage 3 (parquet at NativeMethodAccessorImpl.java:0) finished in 36.266 s
[2025-05-06T10:14:53.004+0000] {spark_submit.py:490} INFO - 25/05/06 10:14:53 INFO DAGScheduler: Job 3 is finished. Cancelling potential speculative or zombie tasks for this job
[2025-05-06T10:14:53.004+0000] {spark_submit.py:490} INFO - 25/05/06 10:14:53 INFO TaskSchedulerImpl: Killing all running tasks in stage 3: Stage finished
[2025-05-06T10:14:53.004+0000] {spark_submit.py:490} INFO - 25/05/06 10:14:53 INFO DAGScheduler: Job 3 finished: parquet at NativeMethodAccessorImpl.java:0, took 36.290044 s
[2025-05-06T10:14:53.006+0000] {spark_submit.py:490} INFO - 25/05/06 10:14:53 INFO FileFormatWriter: Start to commit write Job 641fe8bd-c5f3-4276-a0be-cbf3529b1924.
[2025-05-06T10:14:53.031+0000] {spark_submit.py:490} INFO - 25/05/06 10:14:53 INFO FileFormatWriter: Write Job 641fe8bd-c5f3-4276-a0be-cbf3529b1924 committed. Elapsed time: 23 ms.
[2025-05-06T10:14:53.034+0000] {spark_submit.py:490} INFO - 25/05/06 10:14:53 INFO FileFormatWriter: Finished processing stats for write job 641fe8bd-c5f3-4276-a0be-cbf3529b1924.
[2025-05-06T10:14:53.037+0000] {spark_submit.py:490} INFO - ✅ Збережено до Silver: /tmp/spark_data/silver/athlete_event_results/20250506
[2025-05-06T10:14:53.037+0000] {spark_submit.py:490} INFO - 📁 Шлях збереження Silver: /tmp/spark_data/silver/athlete_event_results/20250506
[2025-05-06T10:14:53.037+0000] {spark_submit.py:490} INFO - 📂 Вміст директорії:
[2025-05-06T10:14:53.037+0000] {spark_submit.py:490} INFO - ['part-00000-4aa98d0e-5e6e-412f-b82c-5fa6fb04c1f3-c000.snappy.parquet', '.part-00000-4aa98d0e-5e6e-412f-b82c-5fa6fb04c1f3-c000.snappy.parquet.crc', 'part-00001-4aa98d0e-5e6e-412f-b82c-5fa6fb04c1f3-c000.snappy.parquet', '_SUCCESS', '._SUCCESS.crc', '.part-00001-4aa98d0e-5e6e-412f-b82c-5fa6fb04c1f3-c000.snappy.parquet.crc']
[2025-05-06T10:14:53.047+0000] {spark_submit.py:490} INFO - 25/05/06 10:14:53 INFO SparkUI: Stopped Spark web UI at http://b431f09a1fa6:4040
[2025-05-06T10:14:53.051+0000] {spark_submit.py:490} INFO - 25/05/06 10:14:53 INFO StandaloneSchedulerBackend: Shutting down all executors
[2025-05-06T10:14:53.051+0000] {spark_submit.py:490} INFO - 25/05/06 10:14:53 INFO CoarseGrainedSchedulerBackend$DriverEndpoint: Asking each executor to shut down
[2025-05-06T10:14:53.081+0000] {spark_submit.py:490} INFO - 25/05/06 10:14:53 INFO MapOutputTrackerMasterEndpoint: MapOutputTrackerMasterEndpoint stopped!
[2025-05-06T10:14:53.097+0000] {spark_submit.py:490} INFO - 25/05/06 10:14:53 INFO MemoryStore: MemoryStore cleared
[2025-05-06T10:14:53.098+0000] {spark_submit.py:490} INFO - 25/05/06 10:14:53 INFO BlockManager: BlockManager stopped
[2025-05-06T10:14:53.101+0000] {spark_submit.py:490} INFO - 25/05/06 10:14:53 INFO BlockManagerMaster: BlockManagerMaster stopped
[2025-05-06T10:14:53.103+0000] {spark_submit.py:490} INFO - 25/05/06 10:14:53 INFO OutputCommitCoordinator$OutputCommitCoordinatorEndpoint: OutputCommitCoordinator stopped!
[2025-05-06T10:14:53.116+0000] {spark_submit.py:490} INFO - 25/05/06 10:14:53 INFO SparkContext: Successfully stopped SparkContext
[2025-05-06T10:14:54.037+0000] {spark_submit.py:490} INFO - 25/05/06 10:14:54 INFO ShutdownHookManager: Shutdown hook called
[2025-05-06T10:14:54.037+0000] {spark_submit.py:490} INFO - 25/05/06 10:14:54 INFO ShutdownHookManager: Deleting directory /tmp/spark-6a1b8277-7776-4cb7-8f31-40834cc632c4/pyspark-dee30fa5-2cfb-4081-8608-d64caa0b1a7c
[2025-05-06T10:14:54.041+0000] {spark_submit.py:490} INFO - 25/05/06 10:14:54 INFO ShutdownHookManager: Deleting directory /tmp/spark-6ca3325b-29a0-4c93-afbf-719f60e94228
[2025-05-06T10:14:54.044+0000] {spark_submit.py:490} INFO - 25/05/06 10:14:54 INFO ShutdownHookManager: Deleting directory /tmp/spark-6a1b8277-7776-4cb7-8f31-40834cc632c4
[2025-05-06T10:14:54.086+0000] {taskinstance.py:1350} INFO - Marking task as SUCCESS. dag_id=final_project_BBDL, task_id=BronzeToSilver, execution_date=20250506T101338, start_date=20250506T101403, end_date=20250506T101454
[2025-05-06T10:14:54.171+0000] {local_task_job_runner.py:225} INFO - Task exited with return code 0
[2025-05-06T10:14:54.192+0000] {taskinstance.py:2653} INFO - 1 downstream tasks scheduled from follow-on schedule check
