[2025-05-06T10:14:54.963+0000] {taskinstance.py:1103} INFO - Dependencies all met for dep_context=non-requeueable deps ti=<TaskInstance: final_project_BBDL.SilverToGold manual__2025-05-06T10:13:38.816892+00:00 [queued]>
[2025-05-06T10:14:54.972+0000] {taskinstance.py:1103} INFO - Dependencies all met for dep_context=requeueable deps ti=<TaskInstance: final_project_BBDL.SilverToGold manual__2025-05-06T10:13:38.816892+00:00 [queued]>
[2025-05-06T10:14:54.973+0000] {taskinstance.py:1308} INFO - Starting attempt 1 of 1
[2025-05-06T10:14:55.007+0000] {taskinstance.py:1327} INFO - Executing <Task(SparkSubmitOperator): SilverToGold> on 2025-05-06 10:13:38.816892+00:00
[2025-05-06T10:14:55.011+0000] {standard_task_runner.py:57} INFO - Started process 20386 to run task
[2025-05-06T10:14:55.013+0000] {standard_task_runner.py:84} INFO - Running: ['airflow', 'tasks', 'run', 'final_project_BBDL', 'SilverToGold', 'manual__2025-05-06T10:13:38.816892+00:00', '--job-id', '53', '--raw', '--subdir', 'DAGS_FOLDER/project_solution.py', '--cfg-path', '/tmp/tmp_dip7glv']
[2025-05-06T10:14:55.014+0000] {standard_task_runner.py:85} INFO - Job 53: Subtask SilverToGold
[2025-05-06T10:14:55.051+0000] {logging_mixin.py:150} WARNING - /home/airflow/.local/lib/python3.7/site-packages/airflow/settings.py:195 DeprecationWarning: The sql_alchemy_conn option in [core] has been moved to the sql_alchemy_conn option in [database] - the old setting has been used, but please update your config.
[2025-05-06T10:14:55.084+0000] {task_command.py:410} INFO - Running <TaskInstance: final_project_BBDL.SilverToGold manual__2025-05-06T10:13:38.816892+00:00 [running]> on host b431f09a1fa6
[2025-05-06T10:14:55.241+0000] {taskinstance.py:1547} INFO - Exporting env vars: AIRFLOW_CTX_DAG_OWNER='airflow' AIRFLOW_CTX_DAG_ID='final_project_BBDL' AIRFLOW_CTX_TASK_ID='SilverToGold' AIRFLOW_CTX_EXECUTION_DATE='2025-05-06T10:13:38.816892+00:00' AIRFLOW_CTX_TRY_NUMBER='1' AIRFLOW_CTX_DAG_RUN_ID='manual__2025-05-06T10:13:38.816892+00:00'
[2025-05-06T10:14:55.252+0000] {base.py:73} INFO - Using connection ID 'spark_default' for task execution.
[2025-05-06T10:14:55.254+0000] {spark_submit.py:339} INFO - Spark-Submit cmd: spark-submit --master spark://spark-master:7077 --conf spark.master=spark://spark-master:7077 --name SilverToGold --verbose --queue root.default /opt/airflow/dags/silver_to_gold.py
[2025-05-06T10:14:56.749+0000] {spark_submit.py:490} INFO - Using properties file: null
[2025-05-06T10:14:56.842+0000] {spark_submit.py:490} INFO - Parsed arguments:
[2025-05-06T10:14:56.842+0000] {spark_submit.py:490} INFO - master                  spark://spark-master:7077
[2025-05-06T10:14:56.842+0000] {spark_submit.py:490} INFO - deployMode              null
[2025-05-06T10:14:56.842+0000] {spark_submit.py:490} INFO - executorMemory          null
[2025-05-06T10:14:56.842+0000] {spark_submit.py:490} INFO - executorCores           null
[2025-05-06T10:14:56.842+0000] {spark_submit.py:490} INFO - totalExecutorCores      null
[2025-05-06T10:14:56.842+0000] {spark_submit.py:490} INFO - propertiesFile          null
[2025-05-06T10:14:56.843+0000] {spark_submit.py:490} INFO - driverMemory            null
[2025-05-06T10:14:56.843+0000] {spark_submit.py:490} INFO - driverCores             null
[2025-05-06T10:14:56.843+0000] {spark_submit.py:490} INFO - driverExtraClassPath    null
[2025-05-06T10:14:56.843+0000] {spark_submit.py:490} INFO - driverExtraLibraryPath  null
[2025-05-06T10:14:56.843+0000] {spark_submit.py:490} INFO - driverExtraJavaOptions  null
[2025-05-06T10:14:56.843+0000] {spark_submit.py:490} INFO - supervise               false
[2025-05-06T10:14:56.843+0000] {spark_submit.py:490} INFO - queue                   root.default
[2025-05-06T10:14:56.843+0000] {spark_submit.py:490} INFO - numExecutors            null
[2025-05-06T10:14:56.843+0000] {spark_submit.py:490} INFO - files                   null
[2025-05-06T10:14:56.843+0000] {spark_submit.py:490} INFO - pyFiles                 null
[2025-05-06T10:14:56.843+0000] {spark_submit.py:490} INFO - archives                null
[2025-05-06T10:14:56.843+0000] {spark_submit.py:490} INFO - mainClass               null
[2025-05-06T10:14:56.843+0000] {spark_submit.py:490} INFO - primaryResource         file:/opt/airflow/dags/silver_to_gold.py
[2025-05-06T10:14:56.843+0000] {spark_submit.py:490} INFO - name                    SilverToGold
[2025-05-06T10:14:56.843+0000] {spark_submit.py:490} INFO - childArgs               []
[2025-05-06T10:14:56.843+0000] {spark_submit.py:490} INFO - jars                    null
[2025-05-06T10:14:56.843+0000] {spark_submit.py:490} INFO - packages                null
[2025-05-06T10:14:56.844+0000] {spark_submit.py:490} INFO - packagesExclusions      null
[2025-05-06T10:14:56.844+0000] {spark_submit.py:490} INFO - repositories            null
[2025-05-06T10:14:56.844+0000] {spark_submit.py:490} INFO - verbose                 true
[2025-05-06T10:14:56.844+0000] {spark_submit.py:490} INFO - 
[2025-05-06T10:14:56.844+0000] {spark_submit.py:490} INFO - Spark properties used, including those specified through
[2025-05-06T10:14:56.844+0000] {spark_submit.py:490} INFO - --conf and those from the properties file null:
[2025-05-06T10:14:56.844+0000] {spark_submit.py:490} INFO - (spark.master,spark://spark-master:7077)
[2025-05-06T10:14:56.844+0000] {spark_submit.py:490} INFO - 
[2025-05-06T10:14:56.844+0000] {spark_submit.py:490} INFO - 
[2025-05-06T10:14:57.083+0000] {spark_submit.py:490} INFO - Main class:
[2025-05-06T10:14:57.083+0000] {spark_submit.py:490} INFO - org.apache.spark.deploy.PythonRunner
[2025-05-06T10:14:57.083+0000] {spark_submit.py:490} INFO - Arguments:
[2025-05-06T10:14:57.083+0000] {spark_submit.py:490} INFO - file:/opt/airflow/dags/silver_to_gold.py
[2025-05-06T10:14:57.084+0000] {spark_submit.py:490} INFO - null
[2025-05-06T10:14:57.087+0000] {spark_submit.py:490} INFO - Spark config:
[2025-05-06T10:14:57.087+0000] {spark_submit.py:490} INFO - (spark.app.name,SilverToGold)
[2025-05-06T10:14:57.087+0000] {spark_submit.py:490} INFO - (spark.app.submitTime,1746526497067)
[2025-05-06T10:14:57.087+0000] {spark_submit.py:490} INFO - (spark.master,spark://spark-master:7077)
[2025-05-06T10:14:57.087+0000] {spark_submit.py:490} INFO - (spark.submit.deployMode,client)
[2025-05-06T10:14:57.087+0000] {spark_submit.py:490} INFO - (spark.submit.pyFiles,)
[2025-05-06T10:14:57.087+0000] {spark_submit.py:490} INFO - Classpath elements:
[2025-05-06T10:14:57.088+0000] {spark_submit.py:490} INFO - 
[2025-05-06T10:14:57.088+0000] {spark_submit.py:490} INFO - 
[2025-05-06T10:14:57.088+0000] {spark_submit.py:490} INFO - 
[2025-05-06T10:14:57.488+0000] {spark_submit.py:490} INFO - Traceback (most recent call last):
[2025-05-06T10:14:57.488+0000] {spark_submit.py:490} INFO - File "/opt/airflow/dags/silver_to_gold.py", line 69, in <module>
[2025-05-06T10:14:57.488+0000] {spark_submit.py:490} INFO - main()
[2025-05-06T10:14:57.488+0000] {spark_submit.py:490} INFO - NameError: name 'main' is not defined
[2025-05-06T10:14:57.537+0000] {spark_submit.py:490} INFO - 25/05/06 10:14:57 INFO ShutdownHookManager: Shutdown hook called
[2025-05-06T10:14:57.540+0000] {spark_submit.py:490} INFO - 25/05/06 10:14:57 INFO ShutdownHookManager: Deleting directory /tmp/spark-73d421be-abdf-4099-9e13-45f3c9767a1e
[2025-05-06T10:14:57.584+0000] {taskinstance.py:1824} ERROR - Task failed with exception
Traceback (most recent call last):
  File "/home/airflow/.local/lib/python3.7/site-packages/airflow/providers/apache/spark/operators/spark_submit.py", line 157, in execute
    self._hook.submit(self._application)
  File "/home/airflow/.local/lib/python3.7/site-packages/airflow/providers/apache/spark/hooks/spark_submit.py", line 422, in submit
    f"Cannot execute: {self._mask_cmd(spark_submit_cmd)}. Error code is: {returncode}."
airflow.exceptions.AirflowException: Cannot execute: spark-submit --master spark://spark-master:7077 --conf spark.master=spark://spark-master:7077 --name SilverToGold --verbose --queue root.default /opt/airflow/dags/silver_to_gold.py. Error code is: 1.
[2025-05-06T10:14:57.590+0000] {taskinstance.py:1350} INFO - Marking task as FAILED. dag_id=final_project_BBDL, task_id=SilverToGold, execution_date=20250506T101338, start_date=20250506T101454, end_date=20250506T101457
[2025-05-06T10:14:57.633+0000] {standard_task_runner.py:109} ERROR - Failed to execute job 53 for task SilverToGold (Cannot execute: spark-submit --master spark://spark-master:7077 --conf spark.master=spark://spark-master:7077 --name SilverToGold --verbose --queue root.default /opt/airflow/dags/silver_to_gold.py. Error code is: 1.; 20386)
[2025-05-06T10:14:57.643+0000] {local_task_job_runner.py:225} INFO - Task exited with return code 1
[2025-05-06T10:14:57.660+0000] {taskinstance.py:2653} INFO - 0 downstream tasks scheduled from follow-on schedule check
