[2025-04-30T13:44:27.611+0000] {local_task_job_runner.py:120} INFO - ::group::Pre task execution logs
[2025-04-30T13:44:27.673+0000] {taskinstance.py:2076} INFO - Dependencies all met for dep_context=non-requeueable deps ti=<TaskInstance: final_project_BBDL.LandingToBronze manual__2025-04-30T13:44:26.105690+00:00 [queued]>
[2025-04-30T13:44:27.682+0000] {taskinstance.py:2076} INFO - Dependencies all met for dep_context=requeueable deps ti=<TaskInstance: final_project_BBDL.LandingToBronze manual__2025-04-30T13:44:26.105690+00:00 [queued]>
[2025-04-30T13:44:27.682+0000] {taskinstance.py:2306} INFO - Starting attempt 1 of 1
[2025-04-30T13:44:27.715+0000] {taskinstance.py:2330} INFO - Executing <Task(SparkSubmitOperator): LandingToBronze> on 2025-04-30 13:44:26.105690+00:00
[2025-04-30T13:44:27.720+0000] {standard_task_runner.py:63} INFO - Started process 185 to run task
[2025-04-30T13:44:27.725+0000] {standard_task_runner.py:90} INFO - Running: ['airflow', 'tasks', 'run', 'final_project_BBDL', 'LandingToBronze', 'manual__2025-04-30T13:44:26.105690+00:00', '--job-id', '19', '--raw', '--subdir', 'DAGS_FOLDER/project_solution.py', '--cfg-path', '/tmp/tmpzfib3prb']
[2025-04-30T13:44:27.728+0000] {standard_task_runner.py:91} INFO - Job 19: Subtask LandingToBronze
[2025-04-30T13:44:27.804+0000] {logging_mixin.py:188} WARNING - /home/airflow/.local/lib/python3.10/site-packages/airflow/settings.py:195 DeprecationWarning: The sql_alchemy_conn option in [core] has been moved to the sql_alchemy_conn option in [database] - the old setting has been used, but please update your config.
[2025-04-30T13:44:27.903+0000] {task_command.py:426} INFO - Running <TaskInstance: final_project_BBDL.LandingToBronze manual__2025-04-30T13:44:26.105690+00:00 [running]> on host 22933ff3ba35
[2025-04-30T13:44:28.152+0000] {taskinstance.py:2648} INFO - Exporting env vars: AIRFLOW_CTX_DAG_OWNER='airflow' AIRFLOW_CTX_DAG_ID='final_project_BBDL' AIRFLOW_CTX_TASK_ID='LandingToBronze' AIRFLOW_CTX_EXECUTION_DATE='2025-04-30T13:44:26.105690+00:00' AIRFLOW_CTX_TRY_NUMBER='1' AIRFLOW_CTX_DAG_RUN_ID='manual__2025-04-30T13:44:26.105690+00:00'
[2025-04-30T13:44:28.153+0000] {taskinstance.py:430} INFO - ::endgroup::
[2025-04-30T13:44:28.263+0000] {base.py:84} INFO - Using connection ID 'spark_default' for task execution.
[2025-04-30T13:44:28.264+0000] {spark_submit.py:328} ERROR - Failed to decode base64 keytab: Invalid base64-encoded string: number of data characters (5) cannot be 1 more than a multiple of 4
[2025-04-30T13:44:28.265+0000] {spark_submit.py:305} INFO - Could not load connection string spark_default, defaulting to 
[2025-04-30T13:44:28.266+0000] {spark_submit.py:474} INFO - Spark-Submit cmd: spark-submit --master  --conf spark.master=spark://spark-master:7077 --name LandingToBronze --verbose --queue root.default --deploy-mode client /opt/airflow/dags/landing_to_bronze.py
[2025-04-30T13:44:29.677+0000] {spark_submit.py:644} INFO - Using properties file: null
[2025-04-30T13:44:29.780+0000] {spark_submit.py:644} INFO - Parsed arguments:
[2025-04-30T13:44:29.780+0000] {spark_submit.py:644} INFO - master
[2025-04-30T13:44:29.781+0000] {spark_submit.py:644} INFO - remote                  null
[2025-04-30T13:44:29.781+0000] {spark_submit.py:644} INFO - deployMode              client
[2025-04-30T13:44:29.781+0000] {spark_submit.py:644} INFO - executorMemory          null
[2025-04-30T13:44:29.781+0000] {spark_submit.py:644} INFO - executorCores           null
[2025-04-30T13:44:29.781+0000] {spark_submit.py:644} INFO - totalExecutorCores      null
[2025-04-30T13:44:29.781+0000] {spark_submit.py:644} INFO - propertiesFile          null
[2025-04-30T13:44:29.781+0000] {spark_submit.py:644} INFO - driverMemory            null
[2025-04-30T13:44:29.781+0000] {spark_submit.py:644} INFO - driverCores             null
[2025-04-30T13:44:29.781+0000] {spark_submit.py:644} INFO - driverExtraClassPath    null
[2025-04-30T13:44:29.781+0000] {spark_submit.py:644} INFO - driverExtraLibraryPath  null
[2025-04-30T13:44:29.781+0000] {spark_submit.py:644} INFO - driverExtraJavaOptions  null
[2025-04-30T13:44:29.782+0000] {spark_submit.py:644} INFO - supervise               false
[2025-04-30T13:44:29.782+0000] {spark_submit.py:644} INFO - queue                   root.default
[2025-04-30T13:44:29.782+0000] {spark_submit.py:644} INFO - numExecutors            null
[2025-04-30T13:44:29.782+0000] {spark_submit.py:644} INFO - files                   null
[2025-04-30T13:44:29.782+0000] {spark_submit.py:644} INFO - pyFiles                 null
[2025-04-30T13:44:29.782+0000] {spark_submit.py:644} INFO - archives                null
[2025-04-30T13:44:29.782+0000] {spark_submit.py:644} INFO - mainClass               null
[2025-04-30T13:44:29.782+0000] {spark_submit.py:644} INFO - primaryResource         file:/opt/airflow/dags/landing_to_bronze.py
[2025-04-30T13:44:29.782+0000] {spark_submit.py:644} INFO - name                    LandingToBronze
[2025-04-30T13:44:29.782+0000] {spark_submit.py:644} INFO - childArgs               []
[2025-04-30T13:44:29.782+0000] {spark_submit.py:644} INFO - jars                    null
[2025-04-30T13:44:29.782+0000] {spark_submit.py:644} INFO - packages                null
[2025-04-30T13:44:29.782+0000] {spark_submit.py:644} INFO - packagesExclusions      null
[2025-04-30T13:44:29.783+0000] {spark_submit.py:644} INFO - repositories            null
[2025-04-30T13:44:29.783+0000] {spark_submit.py:644} INFO - verbose                 true
[2025-04-30T13:44:29.783+0000] {spark_submit.py:644} INFO - 
[2025-04-30T13:44:29.783+0000] {spark_submit.py:644} INFO - Spark properties used, including those specified through
[2025-04-30T13:44:29.783+0000] {spark_submit.py:644} INFO - --conf and those from the properties file null:
[2025-04-30T13:44:29.783+0000] {spark_submit.py:644} INFO - (spark.master,spark://spark-master:7077)
[2025-04-30T13:44:29.783+0000] {spark_submit.py:644} INFO - 
[2025-04-30T13:44:29.783+0000] {spark_submit.py:644} INFO - 
[2025-04-30T13:44:29.829+0000] {spark_submit.py:644} INFO - Exception in thread "main" org.apache.spark.SparkException: Master must either be yarn or start with spark, mesos, k8s, or local
[2025-04-30T13:44:29.829+0000] {spark_submit.py:644} INFO - at org.apache.spark.deploy.SparkSubmit.error(SparkSubmit.scala:1052)
[2025-04-30T13:44:29.830+0000] {spark_submit.py:644} INFO - at org.apache.spark.deploy.SparkSubmit.prepareSubmitEnvironment(SparkSubmit.scala:261)
[2025-04-30T13:44:29.830+0000] {spark_submit.py:644} INFO - at org.apache.spark.deploy.SparkSubmit.org$apache$spark$deploy$SparkSubmit$$runMain(SparkSubmit.scala:969)
[2025-04-30T13:44:29.830+0000] {spark_submit.py:644} INFO - at org.apache.spark.deploy.SparkSubmit.doRunMain$1(SparkSubmit.scala:199)
[2025-04-30T13:44:29.830+0000] {spark_submit.py:644} INFO - at org.apache.spark.deploy.SparkSubmit.submit(SparkSubmit.scala:222)
[2025-04-30T13:44:29.830+0000] {spark_submit.py:644} INFO - at org.apache.spark.deploy.SparkSubmit.doSubmit(SparkSubmit.scala:91)
[2025-04-30T13:44:29.830+0000] {spark_submit.py:644} INFO - at org.apache.spark.deploy.SparkSubmit$$anon$2.doSubmit(SparkSubmit.scala:1125)
[2025-04-30T13:44:29.830+0000] {spark_submit.py:644} INFO - at org.apache.spark.deploy.SparkSubmit$.main(SparkSubmit.scala:1134)
[2025-04-30T13:44:29.830+0000] {spark_submit.py:644} INFO - at org.apache.spark.deploy.SparkSubmit.main(SparkSubmit.scala)
[2025-04-30T13:44:29.837+0000] {taskinstance.py:441} INFO - ::group::Post task execution logs
[2025-04-30T13:44:29.885+0000] {taskinstance.py:2905} ERROR - Task failed with exception
Traceback (most recent call last):
  File "/home/airflow/.local/lib/python3.10/site-packages/airflow/models/taskinstance.py", line 465, in _execute_task
    result = _execute_callable(context=context, **execute_callable_kwargs)
  File "/home/airflow/.local/lib/python3.10/site-packages/airflow/models/taskinstance.py", line 432, in _execute_callable
    return execute_callable(context=context, **execute_callable_kwargs)
  File "/home/airflow/.local/lib/python3.10/site-packages/airflow/models/baseoperator.py", line 400, in wrapper
    return func(self, *args, **kwargs)
  File "/home/airflow/.local/lib/python3.10/site-packages/airflow/providers/apache/spark/operators/spark_submit.py", line 197, in execute
    self._hook.submit(self.application)
  File "/home/airflow/.local/lib/python3.10/site-packages/airflow/providers/apache/spark/hooks/spark_submit.py", line 566, in submit
    raise AirflowException(
airflow.exceptions.AirflowException: Cannot execute: spark-submit --master  --conf spark.master=spark://spark-master:7077 --name LandingToBronze --verbose --queue root.default --deploy-mode client /opt/airflow/dags/landing_to_bronze.py. Error code is: 1.
[2025-04-30T13:44:29.889+0000] {taskinstance.py:1206} INFO - Marking task as FAILED. dag_id=final_project_BBDL, task_id=LandingToBronze, run_id=manual__2025-04-30T13:44:26.105690+00:00, execution_date=20250430T134426, start_date=20250430T134427, end_date=20250430T134429
[2025-04-30T13:44:29.920+0000] {standard_task_runner.py:110} ERROR - Failed to execute job 19 for task LandingToBronze (Cannot execute: spark-submit --master  --conf spark.master=spark://spark-master:7077 --name LandingToBronze --verbose --queue root.default --deploy-mode client /opt/airflow/dags/landing_to_bronze.py. Error code is: 1.; 185)
[2025-04-30T13:44:29.957+0000] {local_task_job_runner.py:240} INFO - Task exited with return code 1
[2025-04-30T13:44:30.011+0000] {taskinstance.py:3498} INFO - 0 downstream tasks scheduled from follow-on schedule check
[2025-04-30T13:44:30.034+0000] {local_task_job_runner.py:222} INFO - ::endgroup::
