[2025-05-01T18:57:12.384+0000] {local_task_job_runner.py:120} INFO - ::group::Pre task execution logs
[2025-05-01T18:57:12.447+0000] {taskinstance.py:2076} INFO - Dependencies all met for dep_context=non-requeueable deps ti=<TaskInstance: final_project_BBDL.LandingToBronze manual__2025-05-01T18:57:10.734608+00:00 [queued]>
[2025-05-01T18:57:12.455+0000] {taskinstance.py:2076} INFO - Dependencies all met for dep_context=requeueable deps ti=<TaskInstance: final_project_BBDL.LandingToBronze manual__2025-05-01T18:57:10.734608+00:00 [queued]>
[2025-05-01T18:57:12.455+0000] {taskinstance.py:2306} INFO - Starting attempt 1 of 1
[2025-05-01T18:57:12.488+0000] {taskinstance.py:2330} INFO - Executing <Task(SparkSubmitOperator): LandingToBronze> on 2025-05-01 18:57:10.734608+00:00
[2025-05-01T18:57:12.492+0000] {standard_task_runner.py:63} INFO - Started process 434 to run task
[2025-05-01T18:57:12.495+0000] {standard_task_runner.py:90} INFO - Running: ['airflow', 'tasks', 'run', 'final_project_BBDL', 'LandingToBronze', 'manual__2025-05-01T18:57:10.734608+00:00', '--job-id', '3', '--raw', '--subdir', 'DAGS_FOLDER/project_solution.py', '--cfg-path', '/tmp/tmplhl4k9sc']
[2025-05-01T18:57:12.497+0000] {standard_task_runner.py:91} INFO - Job 3: Subtask LandingToBronze
[2025-05-01T18:57:12.562+0000] {logging_mixin.py:188} WARNING - /home/airflow/.local/lib/python3.10/site-packages/airflow/settings.py:195 DeprecationWarning: The sql_alchemy_conn option in [core] has been moved to the sql_alchemy_conn option in [database] - the old setting has been used, but please update your config.
[2025-05-01T18:57:12.643+0000] {task_command.py:426} INFO - Running <TaskInstance: final_project_BBDL.LandingToBronze manual__2025-05-01T18:57:10.734608+00:00 [running]> on host fff465340a38
[2025-05-01T18:57:12.870+0000] {taskinstance.py:2648} INFO - Exporting env vars: AIRFLOW_CTX_DAG_OWNER='airflow' AIRFLOW_CTX_DAG_ID='final_project_BBDL' AIRFLOW_CTX_TASK_ID='LandingToBronze' AIRFLOW_CTX_EXECUTION_DATE='2025-05-01T18:57:10.734608+00:00' AIRFLOW_CTX_TRY_NUMBER='1' AIRFLOW_CTX_DAG_RUN_ID='manual__2025-05-01T18:57:10.734608+00:00'
[2025-05-01T18:57:12.871+0000] {taskinstance.py:430} INFO - ::endgroup::
[2025-05-01T18:57:12.922+0000] {base.py:84} INFO - Using connection ID 'spark_default' for task execution.
[2025-05-01T18:57:12.923+0000] {spark_submit.py:328} ERROR - Failed to decode base64 keytab: Invalid base64-encoded string: number of data characters (5) cannot be 1 more than a multiple of 4
[2025-05-01T18:57:12.924+0000] {spark_submit.py:305} INFO - Could not load connection string spark_default, defaulting to spark://spark-master:7077
[2025-05-01T18:57:12.924+0000] {spark_submit.py:474} INFO - Spark-Submit cmd: spark-submit --master spark://spark-master:7077 --conf spark.master=spark://spark-master:7077 --name LandingToBronze --verbose --queue root.default --deploy-mode client /opt/airflow/dags/landing_to_bronze.py
[2025-05-01T18:57:15.254+0000] {spark_submit.py:644} INFO - Using properties file: null
[2025-05-01T18:57:15.427+0000] {spark_submit.py:644} INFO - Parsed arguments:
[2025-05-01T18:57:15.428+0000] {spark_submit.py:644} INFO - master                  spark://spark-master:7077
[2025-05-01T18:57:15.428+0000] {spark_submit.py:644} INFO - deployMode              client
[2025-05-01T18:57:15.430+0000] {spark_submit.py:644} INFO - executorMemory          null
[2025-05-01T18:57:15.430+0000] {spark_submit.py:644} INFO - executorCores           null
[2025-05-01T18:57:15.431+0000] {spark_submit.py:644} INFO - totalExecutorCores      null
[2025-05-01T18:57:15.431+0000] {spark_submit.py:644} INFO - propertiesFile          null
[2025-05-01T18:57:15.431+0000] {spark_submit.py:644} INFO - driverMemory            null
[2025-05-01T18:57:15.432+0000] {spark_submit.py:644} INFO - driverCores             null
[2025-05-01T18:57:15.432+0000] {spark_submit.py:644} INFO - driverExtraClassPath    null
[2025-05-01T18:57:15.432+0000] {spark_submit.py:644} INFO - driverExtraLibraryPath  null
[2025-05-01T18:57:15.432+0000] {spark_submit.py:644} INFO - driverExtraJavaOptions  null
[2025-05-01T18:57:15.432+0000] {spark_submit.py:644} INFO - supervise               false
[2025-05-01T18:57:15.433+0000] {spark_submit.py:644} INFO - queue                   root.default
[2025-05-01T18:57:15.433+0000] {spark_submit.py:644} INFO - numExecutors            null
[2025-05-01T18:57:15.433+0000] {spark_submit.py:644} INFO - files                   null
[2025-05-01T18:57:15.433+0000] {spark_submit.py:644} INFO - pyFiles                 null
[2025-05-01T18:57:15.433+0000] {spark_submit.py:644} INFO - archives                null
[2025-05-01T18:57:15.433+0000] {spark_submit.py:644} INFO - mainClass               null
[2025-05-01T18:57:15.434+0000] {spark_submit.py:644} INFO - primaryResource         file:/opt/airflow/dags/landing_to_bronze.py
[2025-05-01T18:57:15.434+0000] {spark_submit.py:644} INFO - name                    LandingToBronze
[2025-05-01T18:57:15.434+0000] {spark_submit.py:644} INFO - childArgs               []
[2025-05-01T18:57:15.434+0000] {spark_submit.py:644} INFO - jars                    null
[2025-05-01T18:57:15.434+0000] {spark_submit.py:644} INFO - packages                null
[2025-05-01T18:57:15.435+0000] {spark_submit.py:644} INFO - packagesExclusions      null
[2025-05-01T18:57:15.435+0000] {spark_submit.py:644} INFO - repositories            null
[2025-05-01T18:57:15.435+0000] {spark_submit.py:644} INFO - verbose                 true
[2025-05-01T18:57:15.435+0000] {spark_submit.py:644} INFO - 
[2025-05-01T18:57:15.435+0000] {spark_submit.py:644} INFO - Spark properties used, including those specified through
[2025-05-01T18:57:15.435+0000] {spark_submit.py:644} INFO - --conf and those from the properties file null:
[2025-05-01T18:57:15.436+0000] {spark_submit.py:644} INFO - (spark.master,spark://spark-master:7077)
[2025-05-01T18:57:15.436+0000] {spark_submit.py:644} INFO - 
[2025-05-01T18:57:15.436+0000] {spark_submit.py:644} INFO - 
[2025-05-01T18:57:15.911+0000] {spark_submit.py:644} INFO - Main class:
[2025-05-01T18:57:15.912+0000] {spark_submit.py:644} INFO - org.apache.spark.deploy.PythonRunner
[2025-05-01T18:57:15.912+0000] {spark_submit.py:644} INFO - Arguments:
[2025-05-01T18:57:15.912+0000] {spark_submit.py:644} INFO - file:/opt/airflow/dags/landing_to_bronze.py
[2025-05-01T18:57:15.912+0000] {spark_submit.py:644} INFO - null
[2025-05-01T18:57:15.916+0000] {spark_submit.py:644} INFO - Spark config:
[2025-05-01T18:57:15.916+0000] {spark_submit.py:644} INFO - (spark.app.name,LandingToBronze)
[2025-05-01T18:57:15.916+0000] {spark_submit.py:644} INFO - (spark.app.submitTime,1746125835892)
[2025-05-01T18:57:15.916+0000] {spark_submit.py:644} INFO - (spark.master,spark://spark-master:7077)
[2025-05-01T18:57:15.916+0000] {spark_submit.py:644} INFO - (spark.submit.deployMode,client)
[2025-05-01T18:57:15.916+0000] {spark_submit.py:644} INFO - (spark.submit.pyFiles,)
[2025-05-01T18:57:15.916+0000] {spark_submit.py:644} INFO - Classpath elements:
[2025-05-01T18:57:15.916+0000] {spark_submit.py:644} INFO - 
[2025-05-01T18:57:15.916+0000] {spark_submit.py:644} INFO - 
[2025-05-01T18:57:15.917+0000] {spark_submit.py:644} INFO - 
[2025-05-01T18:57:17.291+0000] {spark_submit.py:644} INFO - 25/05/01 18:57:17 INFO SparkContext: Running Spark version 3.3.0
[2025-05-01T18:57:17.381+0000] {spark_submit.py:644} INFO - 25/05/01 18:57:17 WARN NativeCodeLoader: Unable to load native-hadoop library for your platform... using builtin-java classes where applicable
[2025-05-01T18:57:17.497+0000] {spark_submit.py:644} INFO - 25/05/01 18:57:17 INFO ResourceUtils: ==============================================================
[2025-05-01T18:57:17.497+0000] {spark_submit.py:644} INFO - 25/05/01 18:57:17 INFO ResourceUtils: No custom resources configured for spark.driver.
[2025-05-01T18:57:17.498+0000] {spark_submit.py:644} INFO - 25/05/01 18:57:17 INFO ResourceUtils: ==============================================================
[2025-05-01T18:57:17.498+0000] {spark_submit.py:644} INFO - 25/05/01 18:57:17 INFO SparkContext: Submitted application: LandingToBronze
[2025-05-01T18:57:17.524+0000] {spark_submit.py:644} INFO - 25/05/01 18:57:17 INFO ResourceProfile: Default ResourceProfile created, executor resources: Map(cores -> name: cores, amount: 1, script: , vendor: , memory -> name: memory, amount: 1024, script: , vendor: , offHeap -> name: offHeap, amount: 0, script: , vendor: ), task resources: Map(cpus -> name: cpus, amount: 1.0)
[2025-05-01T18:57:17.532+0000] {spark_submit.py:644} INFO - 25/05/01 18:57:17 INFO ResourceProfile: Limiting resource is cpu
[2025-05-01T18:57:17.533+0000] {spark_submit.py:644} INFO - 25/05/01 18:57:17 INFO ResourceProfileManager: Added ResourceProfile id: 0
[2025-05-01T18:57:17.675+0000] {spark_submit.py:644} INFO - 25/05/01 18:57:17 INFO SecurityManager: Changing view acls to: airflow
[2025-05-01T18:57:17.676+0000] {spark_submit.py:644} INFO - 25/05/01 18:57:17 INFO SecurityManager: Changing modify acls to: airflow
[2025-05-01T18:57:17.676+0000] {spark_submit.py:644} INFO - 25/05/01 18:57:17 INFO SecurityManager: Changing view acls groups to:
[2025-05-01T18:57:17.678+0000] {spark_submit.py:644} INFO - 25/05/01 18:57:17 INFO SecurityManager: Changing modify acls groups to:
[2025-05-01T18:57:17.679+0000] {spark_submit.py:644} INFO - 25/05/01 18:57:17 INFO SecurityManager: SecurityManager: authentication disabled; ui acls disabled; users  with view permissions: Set(airflow); groups with view permissions: Set(); users  with modify permissions: Set(airflow); groups with modify permissions: Set()
[2025-05-01T18:57:17.983+0000] {spark_submit.py:644} INFO - 25/05/01 18:57:17 INFO Utils: Successfully started service 'sparkDriver' on port 40857.
[2025-05-01T18:57:18.026+0000] {spark_submit.py:644} INFO - 25/05/01 18:57:18 INFO SparkEnv: Registering MapOutputTracker
[2025-05-01T18:57:18.067+0000] {spark_submit.py:644} INFO - 25/05/01 18:57:18 INFO SparkEnv: Registering BlockManagerMaster
[2025-05-01T18:57:18.102+0000] {spark_submit.py:644} INFO - 25/05/01 18:57:18 INFO BlockManagerMasterEndpoint: Using org.apache.spark.storage.DefaultTopologyMapper for getting topology information
[2025-05-01T18:57:18.102+0000] {spark_submit.py:644} INFO - 25/05/01 18:57:18 INFO BlockManagerMasterEndpoint: BlockManagerMasterEndpoint up
[2025-05-01T18:57:18.108+0000] {spark_submit.py:644} INFO - 25/05/01 18:57:18 INFO SparkEnv: Registering BlockManagerMasterHeartbeat
[2025-05-01T18:57:18.176+0000] {spark_submit.py:644} INFO - 25/05/01 18:57:18 INFO DiskBlockManager: Created local directory at /tmp/blockmgr-4821daba-566e-4c1f-87c4-b268375c202f
[2025-05-01T18:57:18.196+0000] {spark_submit.py:644} INFO - 25/05/01 18:57:18 INFO MemoryStore: MemoryStore started with capacity 434.4 MiB
[2025-05-01T18:57:18.211+0000] {spark_submit.py:644} INFO - 25/05/01 18:57:18 INFO SparkEnv: Registering OutputCommitCoordinator
[2025-05-01T18:57:18.443+0000] {spark_submit.py:644} INFO - 25/05/01 18:57:18 INFO Utils: Successfully started service 'SparkUI' on port 4040.
[2025-05-01T18:57:18.629+0000] {spark_submit.py:644} INFO - 25/05/01 18:57:18 INFO StandaloneAppClient$ClientEndpoint: Connecting to master spark://spark-master:7077...
[2025-05-01T18:57:18.670+0000] {spark_submit.py:644} INFO - 25/05/01 18:57:18 INFO TransportClientFactory: Successfully created connection to spark-master/172.19.0.4:7077 after 22 ms (0 ms spent in bootstraps)
[2025-05-01T18:57:18.823+0000] {spark_submit.py:644} INFO - 25/05/01 18:57:18 INFO StandaloneSchedulerBackend: Connected to Spark cluster with app ID app-20250501185718-0000
[2025-05-01T18:57:18.831+0000] {spark_submit.py:644} INFO - 25/05/01 18:57:18 INFO Utils: Successfully started service 'org.apache.spark.network.netty.NettyBlockTransferService' on port 39495.
[2025-05-01T18:57:18.831+0000] {spark_submit.py:644} INFO - 25/05/01 18:57:18 INFO NettyBlockTransferService: Server created on fff465340a38:39495
[2025-05-01T18:57:18.833+0000] {spark_submit.py:644} INFO - 25/05/01 18:57:18 INFO BlockManager: Using org.apache.spark.storage.RandomBlockReplicationPolicy for block replication policy
[2025-05-01T18:57:18.840+0000] {spark_submit.py:644} INFO - 25/05/01 18:57:18 INFO BlockManagerMaster: Registering BlockManager BlockManagerId(driver, fff465340a38, 39495, None)
[2025-05-01T18:57:18.843+0000] {spark_submit.py:644} INFO - 25/05/01 18:57:18 INFO BlockManagerMasterEndpoint: Registering block manager fff465340a38:39495 with 434.4 MiB RAM, BlockManagerId(driver, fff465340a38, 39495, None)
[2025-05-01T18:57:18.845+0000] {spark_submit.py:644} INFO - 25/05/01 18:57:18 INFO BlockManagerMaster: Registered BlockManager BlockManagerId(driver, fff465340a38, 39495, None)
[2025-05-01T18:57:18.847+0000] {spark_submit.py:644} INFO - 25/05/01 18:57:18 INFO BlockManager: Initialized BlockManager: BlockManagerId(driver, fff465340a38, 39495, None)
[2025-05-01T18:57:18.866+0000] {spark_submit.py:644} INFO - 25/05/01 18:57:18 INFO StandaloneAppClient$ClientEndpoint: Executor added: app-20250501185718-0000/0 on worker-20250501184144-172.19.0.7-43967 (172.19.0.7:43967) with 2 core(s)
[2025-05-01T18:57:18.869+0000] {spark_submit.py:644} INFO - 25/05/01 18:57:18 INFO StandaloneSchedulerBackend: Granted executor ID app-20250501185718-0000/0 on hostPort 172.19.0.7:43967 with 2 core(s), 1024.0 MiB RAM
[2025-05-01T18:57:19.065+0000] {spark_submit.py:644} INFO - 25/05/01 18:57:19 INFO StandaloneAppClient$ClientEndpoint: Executor updated: app-20250501185718-0000/0 is now RUNNING
[2025-05-01T18:57:19.074+0000] {spark_submit.py:644} INFO - 25/05/01 18:57:19 INFO StandaloneSchedulerBackend: SchedulerBackend is ready for scheduling beginning after reached minRegisteredResourcesRatio: 0.0
[2025-05-01T18:57:19.375+0000] {spark_submit.py:644} INFO - Traceback (most recent call last):
[2025-05-01T18:57:19.375+0000] {spark_submit.py:644} INFO - File "/opt/airflow/dags/landing_to_bronze.py", line 55, in <module>
[2025-05-01T18:57:19.376+0000] {spark_submit.py:644} INFO - main()
[2025-05-01T18:57:19.376+0000] {spark_submit.py:644} INFO - File "/opt/airflow/dags/landing_to_bronze.py", line 30, in main
[2025-05-01T18:57:19.376+0000] {spark_submit.py:644} INFO - os.makedirs(landing_dir, exist_ok=True)
[2025-05-01T18:57:19.376+0000] {spark_submit.py:644} INFO - File "/usr/local/lib/python3.10/os.py", line 215, in makedirs
[2025-05-01T18:57:19.376+0000] {spark_submit.py:644} INFO - makedirs(head, exist_ok=exist_ok)
[2025-05-01T18:57:19.376+0000] {spark_submit.py:644} INFO - File "/usr/local/lib/python3.10/os.py", line 215, in makedirs
[2025-05-01T18:57:19.377+0000] {spark_submit.py:644} INFO - makedirs(head, exist_ok=exist_ok)
[2025-05-01T18:57:19.377+0000] {spark_submit.py:644} INFO - File "/usr/local/lib/python3.10/os.py", line 225, in makedirs
[2025-05-01T18:57:19.377+0000] {spark_submit.py:644} INFO - mkdir(name, mode)
[2025-05-01T18:57:19.377+0000] {spark_submit.py:644} INFO - PermissionError: [Errno 13] Permission denied: '/spark'
[2025-05-01T18:57:19.427+0000] {spark_submit.py:644} INFO - 25/05/01 18:57:19 INFO SparkContext: Invoking stop() from shutdown hook
[2025-05-01T18:57:19.439+0000] {spark_submit.py:644} INFO - 25/05/01 18:57:19 INFO SparkUI: Stopped Spark web UI at http://fff465340a38:4040
[2025-05-01T18:57:19.442+0000] {spark_submit.py:644} INFO - 25/05/01 18:57:19 INFO StandaloneSchedulerBackend: Shutting down all executors
[2025-05-01T18:57:19.444+0000] {spark_submit.py:644} INFO - 25/05/01 18:57:19 INFO CoarseGrainedSchedulerBackend$DriverEndpoint: Asking each executor to shut down
[2025-05-01T18:57:19.458+0000] {spark_submit.py:644} INFO - 25/05/01 18:57:19 INFO MapOutputTrackerMasterEndpoint: MapOutputTrackerMasterEndpoint stopped!
[2025-05-01T18:57:19.476+0000] {spark_submit.py:644} INFO - 25/05/01 18:57:19 INFO MemoryStore: MemoryStore cleared
[2025-05-01T18:57:19.477+0000] {spark_submit.py:644} INFO - 25/05/01 18:57:19 INFO BlockManager: BlockManager stopped
[2025-05-01T18:57:19.483+0000] {spark_submit.py:644} INFO - 25/05/01 18:57:19 INFO BlockManagerMaster: BlockManagerMaster stopped
[2025-05-01T18:57:19.486+0000] {spark_submit.py:644} INFO - 25/05/01 18:57:19 INFO OutputCommitCoordinator$OutputCommitCoordinatorEndpoint: OutputCommitCoordinator stopped!
[2025-05-01T18:57:19.506+0000] {spark_submit.py:644} INFO - 25/05/01 18:57:19 INFO SparkContext: Successfully stopped SparkContext
[2025-05-01T18:57:19.506+0000] {spark_submit.py:644} INFO - 25/05/01 18:57:19 INFO ShutdownHookManager: Shutdown hook called
[2025-05-01T18:57:19.507+0000] {spark_submit.py:644} INFO - 25/05/01 18:57:19 INFO ShutdownHookManager: Deleting directory /tmp/spark-927a2d77-3133-43a6-8477-0f09f50dc286
[2025-05-01T18:57:19.518+0000] {spark_submit.py:644} INFO - 25/05/01 18:57:19 INFO ShutdownHookManager: Deleting directory /tmp/spark-a5a6ce97-309d-493a-a929-c1d31c980af4
[2025-05-01T18:57:19.521+0000] {spark_submit.py:644} INFO - 25/05/01 18:57:19 INFO ShutdownHookManager: Deleting directory /tmp/spark-927a2d77-3133-43a6-8477-0f09f50dc286/pyspark-192d3f05-62fe-4e62-a583-73868dbe609e
[2025-05-01T18:57:19.581+0000] {taskinstance.py:441} INFO - ::group::Post task execution logs
[2025-05-01T18:57:19.615+0000] {taskinstance.py:2905} ERROR - Task failed with exception
Traceback (most recent call last):
  File "/home/airflow/.local/lib/python3.10/site-packages/airflow/models/taskinstance.py", line 465, in _execute_task
    result = _execute_callable(context=context, **execute_callable_kwargs)
  File "/home/airflow/.local/lib/python3.10/site-packages/airflow/models/taskinstance.py", line 432, in _execute_callable
    return execute_callable(context=context, **execute_callable_kwargs)
  File "/home/airflow/.local/lib/python3.10/site-packages/airflow/models/baseoperator.py", line 400, in wrapper
    return func(self, *args, **kwargs)
  File "/home/airflow/.local/lib/python3.10/site-packages/airflow/providers/apache/spark/operators/spark_submit.py", line 197, in execute
    self._hook.submit(self.application)
  File "/home/airflow/.local/lib/python3.10/site-packages/airflow/providers/apache/spark/hooks/spark_submit.py", line 566, in submit
    raise AirflowException(
airflow.exceptions.AirflowException: Cannot execute: spark-submit --master spark://spark-master:7077 --conf spark.master=spark://spark-master:7077 --name LandingToBronze --verbose --queue root.default --deploy-mode client /opt/airflow/dags/landing_to_bronze.py. Error code is: 1.
[2025-05-01T18:57:19.620+0000] {taskinstance.py:1206} INFO - Marking task as FAILED. dag_id=final_project_BBDL, task_id=LandingToBronze, run_id=manual__2025-05-01T18:57:10.734608+00:00, execution_date=20250501T185710, start_date=20250501T185712, end_date=20250501T185719
[2025-05-01T18:57:19.655+0000] {standard_task_runner.py:110} ERROR - Failed to execute job 3 for task LandingToBronze (Cannot execute: spark-submit --master spark://spark-master:7077 --conf spark.master=spark://spark-master:7077 --name LandingToBronze --verbose --queue root.default --deploy-mode client /opt/airflow/dags/landing_to_bronze.py. Error code is: 1.; 434)
[2025-05-01T18:57:19.719+0000] {local_task_job_runner.py:240} INFO - Task exited with return code 1
[2025-05-01T18:57:19.765+0000] {taskinstance.py:3498} INFO - 0 downstream tasks scheduled from follow-on schedule check
[2025-05-01T18:57:19.793+0000] {local_task_job_runner.py:222} INFO - ::endgroup::
