[2025-05-06T18:42:47.387+0000] {taskinstance.py:1103} INFO - Dependencies all met for dep_context=non-requeueable deps ti=<TaskInstance: final_project_BBDL.BronzeToSilver manual__2025-05-06T18:42:06.104643+00:00 [queued]>
[2025-05-06T18:42:47.396+0000] {taskinstance.py:1103} INFO - Dependencies all met for dep_context=requeueable deps ti=<TaskInstance: final_project_BBDL.BronzeToSilver manual__2025-05-06T18:42:06.104643+00:00 [queued]>
[2025-05-06T18:42:47.396+0000] {taskinstance.py:1308} INFO - Starting attempt 1 of 1
[2025-05-06T18:42:47.437+0000] {taskinstance.py:1327} INFO - Executing <Task(SparkSubmitOperator): BronzeToSilver> on 2025-05-06 18:42:06.104643+00:00
[2025-05-06T18:42:47.440+0000] {standard_task_runner.py:57} INFO - Started process 34764 to run task
[2025-05-06T18:42:47.443+0000] {standard_task_runner.py:84} INFO - Running: ['airflow', 'tasks', 'run', 'final_project_BBDL', 'BronzeToSilver', 'manual__2025-05-06T18:42:06.104643+00:00', '--job-id', '64', '--raw', '--subdir', 'DAGS_FOLDER/project_solution.py', '--cfg-path', '/tmp/tmp4v8gul8t']
[2025-05-06T18:42:47.444+0000] {standard_task_runner.py:85} INFO - Job 64: Subtask BronzeToSilver
[2025-05-06T18:42:47.479+0000] {logging_mixin.py:150} WARNING - /home/airflow/.local/lib/python3.7/site-packages/airflow/settings.py:195 DeprecationWarning: The sql_alchemy_conn option in [core] has been moved to the sql_alchemy_conn option in [database] - the old setting has been used, but please update your config.
[2025-05-06T18:42:47.511+0000] {task_command.py:410} INFO - Running <TaskInstance: final_project_BBDL.BronzeToSilver manual__2025-05-06T18:42:06.104643+00:00 [running]> on host b431f09a1fa6
[2025-05-06T18:42:47.639+0000] {taskinstance.py:1547} INFO - Exporting env vars: AIRFLOW_CTX_DAG_OWNER='airflow' AIRFLOW_CTX_DAG_ID='final_project_BBDL' AIRFLOW_CTX_TASK_ID='BronzeToSilver' AIRFLOW_CTX_EXECUTION_DATE='2025-05-06T18:42:06.104643+00:00' AIRFLOW_CTX_TRY_NUMBER='1' AIRFLOW_CTX_DAG_RUN_ID='manual__2025-05-06T18:42:06.104643+00:00'
[2025-05-06T18:42:47.648+0000] {base.py:73} INFO - Using connection ID 'spark_default' for task execution.
[2025-05-06T18:42:47.650+0000] {spark_submit.py:339} INFO - Spark-Submit cmd: spark-submit --master spark://spark-master:7077 --conf spark.master=spark://spark-master:7077 --conf spark.submit.deployMode=client --conf spark.pyspark.python=/usr/bin/python3 --conf spark.executorEnv.PYSPARK_PYTHON=/usr/bin/python3 --name BronzeToSilver --verbose --queue root.default /opt/airflow/dags/bronze_to_silver.py
[2025-05-06T18:42:49.129+0000] {spark_submit.py:490} INFO - Using properties file: null
[2025-05-06T18:42:49.231+0000] {spark_submit.py:490} INFO - Parsed arguments:
[2025-05-06T18:42:49.232+0000] {spark_submit.py:490} INFO - master                  spark://spark-master:7077
[2025-05-06T18:42:49.232+0000] {spark_submit.py:490} INFO - deployMode              client
[2025-05-06T18:42:49.232+0000] {spark_submit.py:490} INFO - executorMemory          null
[2025-05-06T18:42:49.232+0000] {spark_submit.py:490} INFO - executorCores           null
[2025-05-06T18:42:49.232+0000] {spark_submit.py:490} INFO - totalExecutorCores      null
[2025-05-06T18:42:49.232+0000] {spark_submit.py:490} INFO - propertiesFile          null
[2025-05-06T18:42:49.232+0000] {spark_submit.py:490} INFO - driverMemory            null
[2025-05-06T18:42:49.232+0000] {spark_submit.py:490} INFO - driverCores             null
[2025-05-06T18:42:49.232+0000] {spark_submit.py:490} INFO - driverExtraClassPath    null
[2025-05-06T18:42:49.232+0000] {spark_submit.py:490} INFO - driverExtraLibraryPath  null
[2025-05-06T18:42:49.232+0000] {spark_submit.py:490} INFO - driverExtraJavaOptions  null
[2025-05-06T18:42:49.232+0000] {spark_submit.py:490} INFO - supervise               false
[2025-05-06T18:42:49.232+0000] {spark_submit.py:490} INFO - queue                   root.default
[2025-05-06T18:42:49.232+0000] {spark_submit.py:490} INFO - numExecutors            null
[2025-05-06T18:42:49.233+0000] {spark_submit.py:490} INFO - files                   null
[2025-05-06T18:42:49.233+0000] {spark_submit.py:490} INFO - pyFiles                 null
[2025-05-06T18:42:49.233+0000] {spark_submit.py:490} INFO - archives                null
[2025-05-06T18:42:49.233+0000] {spark_submit.py:490} INFO - mainClass               null
[2025-05-06T18:42:49.233+0000] {spark_submit.py:490} INFO - primaryResource         file:/opt/airflow/dags/bronze_to_silver.py
[2025-05-06T18:42:49.233+0000] {spark_submit.py:490} INFO - name                    BronzeToSilver
[2025-05-06T18:42:49.233+0000] {spark_submit.py:490} INFO - childArgs               []
[2025-05-06T18:42:49.233+0000] {spark_submit.py:490} INFO - jars                    null
[2025-05-06T18:42:49.233+0000] {spark_submit.py:490} INFO - packages                null
[2025-05-06T18:42:49.233+0000] {spark_submit.py:490} INFO - packagesExclusions      null
[2025-05-06T18:42:49.233+0000] {spark_submit.py:490} INFO - repositories            null
[2025-05-06T18:42:49.233+0000] {spark_submit.py:490} INFO - verbose                 true
[2025-05-06T18:42:49.233+0000] {spark_submit.py:490} INFO - 
[2025-05-06T18:42:49.233+0000] {spark_submit.py:490} INFO - Spark properties used, including those specified through
[2025-05-06T18:42:49.233+0000] {spark_submit.py:490} INFO - --conf and those from the properties file null:
[2025-05-06T18:42:49.233+0000] {spark_submit.py:490} INFO - (spark.executorEnv.PYSPARK_PYTHON,/usr/bin/python3)
[2025-05-06T18:42:49.234+0000] {spark_submit.py:490} INFO - (spark.master,spark://spark-master:7077)
[2025-05-06T18:42:49.234+0000] {spark_submit.py:490} INFO - (spark.pyspark.python,/usr/bin/python3)
[2025-05-06T18:42:49.234+0000] {spark_submit.py:490} INFO - (spark.submit.deployMode,client)
[2025-05-06T18:42:49.234+0000] {spark_submit.py:490} INFO - 
[2025-05-06T18:42:49.234+0000] {spark_submit.py:490} INFO - 
[2025-05-06T18:42:49.508+0000] {spark_submit.py:490} INFO - Main class:
[2025-05-06T18:42:49.509+0000] {spark_submit.py:490} INFO - org.apache.spark.deploy.PythonRunner
[2025-05-06T18:42:49.509+0000] {spark_submit.py:490} INFO - Arguments:
[2025-05-06T18:42:49.509+0000] {spark_submit.py:490} INFO - file:/opt/airflow/dags/bronze_to_silver.py
[2025-05-06T18:42:49.509+0000] {spark_submit.py:490} INFO - null
[2025-05-06T18:42:49.510+0000] {spark_submit.py:490} INFO - Spark config:
[2025-05-06T18:42:49.511+0000] {spark_submit.py:490} INFO - (spark.app.name,BronzeToSilver)
[2025-05-06T18:42:49.511+0000] {spark_submit.py:490} INFO - (spark.app.submitTime,1746556969492)
[2025-05-06T18:42:49.511+0000] {spark_submit.py:490} INFO - (spark.executorEnv.PYSPARK_PYTHON,/usr/bin/python3)
[2025-05-06T18:42:49.511+0000] {spark_submit.py:490} INFO - (spark.master,spark://spark-master:7077)
[2025-05-06T18:42:49.511+0000] {spark_submit.py:490} INFO - (spark.pyspark.python,/usr/bin/python3)
[2025-05-06T18:42:49.511+0000] {spark_submit.py:490} INFO - (spark.submit.deployMode,client)
[2025-05-06T18:42:49.511+0000] {spark_submit.py:490} INFO - (spark.submit.pyFiles,)
[2025-05-06T18:42:49.512+0000] {spark_submit.py:490} INFO - Classpath elements:
[2025-05-06T18:42:49.512+0000] {spark_submit.py:490} INFO - 
[2025-05-06T18:42:49.512+0000] {spark_submit.py:490} INFO - 
[2025-05-06T18:42:49.512+0000] {spark_submit.py:490} INFO - 
[2025-05-06T18:42:50.628+0000] {spark_submit.py:490} INFO - 25/05/06 18:42:50 INFO SparkContext: Running Spark version 3.3.0
[2025-05-06T18:42:50.703+0000] {spark_submit.py:490} INFO - 25/05/06 18:42:50 WARN NativeCodeLoader: Unable to load native-hadoop library for your platform... using builtin-java classes where applicable
[2025-05-06T18:42:50.804+0000] {spark_submit.py:490} INFO - 25/05/06 18:42:50 INFO ResourceUtils: ==============================================================
[2025-05-06T18:42:50.804+0000] {spark_submit.py:490} INFO - 25/05/06 18:42:50 INFO ResourceUtils: No custom resources configured for spark.driver.
[2025-05-06T18:42:50.805+0000] {spark_submit.py:490} INFO - 25/05/06 18:42:50 INFO ResourceUtils: ==============================================================
[2025-05-06T18:42:50.805+0000] {spark_submit.py:490} INFO - 25/05/06 18:42:50 INFO SparkContext: Submitted application: Bronze to Silver ETL
[2025-05-06T18:42:50.830+0000] {spark_submit.py:490} INFO - 25/05/06 18:42:50 INFO ResourceProfile: Default ResourceProfile created, executor resources: Map(cores -> name: cores, amount: 1, script: , vendor: , memory -> name: memory, amount: 1024, script: , vendor: , offHeap -> name: offHeap, amount: 0, script: , vendor: ), task resources: Map(cpus -> name: cpus, amount: 1.0)
[2025-05-06T18:42:50.844+0000] {spark_submit.py:490} INFO - 25/05/06 18:42:50 INFO ResourceProfile: Limiting resource is cpu
[2025-05-06T18:42:50.845+0000] {spark_submit.py:490} INFO - 25/05/06 18:42:50 INFO ResourceProfileManager: Added ResourceProfile id: 0
[2025-05-06T18:42:50.892+0000] {spark_submit.py:490} INFO - 25/05/06 18:42:50 INFO SecurityManager: Changing view acls to: root
[2025-05-06T18:42:50.893+0000] {spark_submit.py:490} INFO - 25/05/06 18:42:50 INFO SecurityManager: Changing modify acls to: root
[2025-05-06T18:42:50.894+0000] {spark_submit.py:490} INFO - 25/05/06 18:42:50 INFO SecurityManager: Changing view acls groups to:
[2025-05-06T18:42:50.894+0000] {spark_submit.py:490} INFO - 25/05/06 18:42:50 INFO SecurityManager: Changing modify acls groups to:
[2025-05-06T18:42:50.895+0000] {spark_submit.py:490} INFO - 25/05/06 18:42:50 INFO SecurityManager: SecurityManager: authentication disabled; ui acls disabled; users  with view permissions: Set(root); groups with view permissions: Set(); users  with modify permissions: Set(root); groups with modify permissions: Set()
[2025-05-06T18:42:51.131+0000] {spark_submit.py:490} INFO - 25/05/06 18:42:51 INFO Utils: Successfully started service 'sparkDriver' on port 37769.
[2025-05-06T18:42:51.157+0000] {spark_submit.py:490} INFO - 25/05/06 18:42:51 INFO SparkEnv: Registering MapOutputTracker
[2025-05-06T18:42:51.184+0000] {spark_submit.py:490} INFO - 25/05/06 18:42:51 INFO SparkEnv: Registering BlockManagerMaster
[2025-05-06T18:42:51.199+0000] {spark_submit.py:490} INFO - 25/05/06 18:42:51 INFO BlockManagerMasterEndpoint: Using org.apache.spark.storage.DefaultTopologyMapper for getting topology information
[2025-05-06T18:42:51.200+0000] {spark_submit.py:490} INFO - 25/05/06 18:42:51 INFO BlockManagerMasterEndpoint: BlockManagerMasterEndpoint up
[2025-05-06T18:42:51.204+0000] {spark_submit.py:490} INFO - 25/05/06 18:42:51 INFO SparkEnv: Registering BlockManagerMasterHeartbeat
[2025-05-06T18:42:51.220+0000] {spark_submit.py:490} INFO - 25/05/06 18:42:51 INFO DiskBlockManager: Created local directory at /tmp/blockmgr-dee0865d-c0b1-4681-b478-c71e606a1159
[2025-05-06T18:42:51.234+0000] {spark_submit.py:490} INFO - 25/05/06 18:42:51 INFO MemoryStore: MemoryStore started with capacity 434.4 MiB
[2025-05-06T18:42:51.248+0000] {spark_submit.py:490} INFO - 25/05/06 18:42:51 INFO SparkEnv: Registering OutputCommitCoordinator
[2025-05-06T18:42:51.417+0000] {spark_submit.py:490} INFO - 25/05/06 18:42:51 INFO Utils: Successfully started service 'SparkUI' on port 4040.
[2025-05-06T18:42:51.509+0000] {spark_submit.py:490} INFO - 25/05/06 18:42:51 INFO StandaloneAppClient$ClientEndpoint: Connecting to master spark://spark-master:7077...
[2025-05-06T18:42:51.549+0000] {spark_submit.py:490} INFO - 25/05/06 18:42:51 INFO TransportClientFactory: Successfully created connection to spark-master/172.18.0.3:7077 after 23 ms (0 ms spent in bootstraps)
[2025-05-06T18:42:51.619+0000] {spark_submit.py:490} INFO - 25/05/06 18:42:51 INFO StandaloneSchedulerBackend: Connected to Spark cluster with app ID app-20250506184251-0056
[2025-05-06T18:42:51.620+0000] {spark_submit.py:490} INFO - 25/05/06 18:42:51 INFO StandaloneAppClient$ClientEndpoint: Executor added: app-20250506184251-0056/0 on worker-20250505201940-172.18.0.6-38439 (172.18.0.6:38439) with 2 core(s)
[2025-05-06T18:42:51.622+0000] {spark_submit.py:490} INFO - 25/05/06 18:42:51 INFO StandaloneSchedulerBackend: Granted executor ID app-20250506184251-0056/0 on hostPort 172.18.0.6:38439 with 2 core(s), 1024.0 MiB RAM
[2025-05-06T18:42:51.626+0000] {spark_submit.py:490} INFO - 25/05/06 18:42:51 INFO Utils: Successfully started service 'org.apache.spark.network.netty.NettyBlockTransferService' on port 38587.
[2025-05-06T18:42:51.626+0000] {spark_submit.py:490} INFO - 25/05/06 18:42:51 INFO NettyBlockTransferService: Server created on b431f09a1fa6:38587
[2025-05-06T18:42:51.627+0000] {spark_submit.py:490} INFO - 25/05/06 18:42:51 INFO BlockManager: Using org.apache.spark.storage.RandomBlockReplicationPolicy for block replication policy
[2025-05-06T18:42:51.633+0000] {spark_submit.py:490} INFO - 25/05/06 18:42:51 INFO BlockManagerMaster: Registering BlockManager BlockManagerId(driver, b431f09a1fa6, 38587, None)
[2025-05-06T18:42:51.636+0000] {spark_submit.py:490} INFO - 25/05/06 18:42:51 INFO BlockManagerMasterEndpoint: Registering block manager b431f09a1fa6:38587 with 434.4 MiB RAM, BlockManagerId(driver, b431f09a1fa6, 38587, None)
[2025-05-06T18:42:51.638+0000] {spark_submit.py:490} INFO - 25/05/06 18:42:51 INFO BlockManagerMaster: Registered BlockManager BlockManagerId(driver, b431f09a1fa6, 38587, None)
[2025-05-06T18:42:51.639+0000] {spark_submit.py:490} INFO - 25/05/06 18:42:51 INFO BlockManager: Initialized BlockManager: BlockManagerId(driver, b431f09a1fa6, 38587, None)
[2025-05-06T18:42:51.657+0000] {spark_submit.py:490} INFO - 25/05/06 18:42:51 INFO StandaloneAppClient$ClientEndpoint: Executor updated: app-20250506184251-0056/0 is now RUNNING
[2025-05-06T18:42:51.822+0000] {spark_submit.py:490} INFO - 25/05/06 18:42:51 INFO StandaloneSchedulerBackend: SchedulerBackend is ready for scheduling beginning after reached minRegisteredResourcesRatio: 0.0
[2025-05-06T18:42:51.973+0000] {spark_submit.py:490} INFO - 🔍 Читання з: /tmp/spark_data/bronze/athlete_event_results/20250506_*
[2025-05-06T18:42:52.028+0000] {spark_submit.py:490} INFO - 25/05/06 18:42:52 INFO SharedState: Setting hive.metastore.warehouse.dir ('null') to the value of spark.sql.warehouse.dir.
[2025-05-06T18:42:52.035+0000] {spark_submit.py:490} INFO - 25/05/06 18:42:52 INFO SharedState: Warehouse path is 'file:/opt/airflow/spark-warehouse'.
[2025-05-06T18:42:53.012+0000] {spark_submit.py:490} INFO - 25/05/06 18:42:53 INFO InMemoryFileIndex: It took 125 ms to list leaf files for 11 paths.
[2025-05-06T18:42:53.472+0000] {spark_submit.py:490} INFO - 25/05/06 18:42:53 INFO SparkContext: Starting job: load at NativeMethodAccessorImpl.java:0
[2025-05-06T18:42:53.490+0000] {spark_submit.py:490} INFO - 25/05/06 18:42:53 INFO DAGScheduler: Got job 0 (load at NativeMethodAccessorImpl.java:0) with 1 output partitions
[2025-05-06T18:42:53.491+0000] {spark_submit.py:490} INFO - 25/05/06 18:42:53 INFO DAGScheduler: Final stage: ResultStage 0 (load at NativeMethodAccessorImpl.java:0)
[2025-05-06T18:42:53.493+0000] {spark_submit.py:490} INFO - 25/05/06 18:42:53 INFO DAGScheduler: Parents of final stage: List()
[2025-05-06T18:42:53.495+0000] {spark_submit.py:490} INFO - 25/05/06 18:42:53 INFO DAGScheduler: Missing parents: List()
[2025-05-06T18:42:53.516+0000] {spark_submit.py:490} INFO - 25/05/06 18:42:53 INFO DAGScheduler: Submitting ResultStage 0 (MapPartitionsRDD[1] at load at NativeMethodAccessorImpl.java:0), which has no missing parents
[2025-05-06T18:42:53.581+0000] {spark_submit.py:490} INFO - 25/05/06 18:42:53 INFO MemoryStore: Block broadcast_0 stored as values in memory (estimated size 102.8 KiB, free 434.3 MiB)
[2025-05-06T18:42:53.619+0000] {spark_submit.py:490} INFO - 25/05/06 18:42:53 INFO MemoryStore: Block broadcast_0_piece0 stored as bytes in memory (estimated size 36.9 KiB, free 434.3 MiB)
[2025-05-06T18:42:53.623+0000] {spark_submit.py:490} INFO - 25/05/06 18:42:53 INFO BlockManagerInfo: Added broadcast_0_piece0 in memory on b431f09a1fa6:38587 (size: 36.9 KiB, free: 434.4 MiB)
[2025-05-06T18:42:53.626+0000] {spark_submit.py:490} INFO - 25/05/06 18:42:53 INFO SparkContext: Created broadcast 0 from broadcast at DAGScheduler.scala:1513
[2025-05-06T18:42:53.642+0000] {spark_submit.py:490} INFO - 25/05/06 18:42:53 INFO DAGScheduler: Submitting 1 missing tasks from ResultStage 0 (MapPartitionsRDD[1] at load at NativeMethodAccessorImpl.java:0) (first 15 tasks are for partitions Vector(0))
[2025-05-06T18:42:53.643+0000] {spark_submit.py:490} INFO - 25/05/06 18:42:53 INFO TaskSchedulerImpl: Adding task set 0.0 with 1 tasks resource profile 0
[2025-05-06T18:42:54.337+0000] {spark_submit.py:490} INFO - 25/05/06 18:42:54 INFO CoarseGrainedSchedulerBackend$DriverEndpoint: Registered executor NettyRpcEndpointRef(spark-client://Executor) (172.18.0.6:33372) with ID 0,  ResourceProfileId 0
[2025-05-06T18:42:54.405+0000] {spark_submit.py:490} INFO - 25/05/06 18:42:54 INFO BlockManagerMasterEndpoint: Registering block manager 172.18.0.6:41179 with 366.3 MiB RAM, BlockManagerId(0, 172.18.0.6, 41179, None)
[2025-05-06T18:42:54.460+0000] {spark_submit.py:490} INFO - 25/05/06 18:42:54 INFO TaskSetManager: Starting task 0.0 in stage 0.0 (TID 0) (172.18.0.6, executor 0, partition 0, PROCESS_LOCAL, 4685 bytes) taskResourceAssignments Map()
[2025-05-06T18:42:54.682+0000] {spark_submit.py:490} INFO - 25/05/06 18:42:54 INFO BlockManagerInfo: Added broadcast_0_piece0 in memory on 172.18.0.6:41179 (size: 36.9 KiB, free: 366.3 MiB)
[2025-05-06T18:42:55.640+0000] {spark_submit.py:490} INFO - 25/05/06 18:42:55 INFO TaskSetManager: Finished task 0.0 in stage 0.0 (TID 0) in 1190 ms on 172.18.0.6 (executor 0) (1/1)
[2025-05-06T18:42:55.642+0000] {spark_submit.py:490} INFO - 25/05/06 18:42:55 INFO TaskSchedulerImpl: Removed TaskSet 0.0, whose tasks have all completed, from pool
[2025-05-06T18:42:55.646+0000] {spark_submit.py:490} INFO - 25/05/06 18:42:55 INFO DAGScheduler: ResultStage 0 (load at NativeMethodAccessorImpl.java:0) finished in 2.117 s
[2025-05-06T18:42:55.649+0000] {spark_submit.py:490} INFO - 25/05/06 18:42:55 INFO DAGScheduler: Job 0 is finished. Cancelling potential speculative or zombie tasks for this job
[2025-05-06T18:42:55.650+0000] {spark_submit.py:490} INFO - 25/05/06 18:42:55 INFO TaskSchedulerImpl: Killing all running tasks in stage 0: Stage finished
[2025-05-06T18:42:55.652+0000] {spark_submit.py:490} INFO - 25/05/06 18:42:55 INFO DAGScheduler: Job 0 finished: load at NativeMethodAccessorImpl.java:0, took 2.178681 s
[2025-05-06T18:42:55.961+0000] {spark_submit.py:490} INFO - 25/05/06 18:42:55 INFO BlockManagerInfo: Removed broadcast_0_piece0 on b431f09a1fa6:38587 in memory (size: 36.9 KiB, free: 434.4 MiB)
[2025-05-06T18:42:55.971+0000] {spark_submit.py:490} INFO - 25/05/06 18:42:55 INFO BlockManagerInfo: Removed broadcast_0_piece0 on 172.18.0.6:41179 in memory (size: 36.9 KiB, free: 366.3 MiB)
[2025-05-06T18:42:56.945+0000] {spark_submit.py:490} INFO - 📑 Схема початкового датафрейму:
[2025-05-06T18:42:56.963+0000] {spark_submit.py:490} INFO - root
[2025-05-06T18:42:56.963+0000] {spark_submit.py:490} INFO - |-- edition: string (nullable = true)
[2025-05-06T18:42:56.963+0000] {spark_submit.py:490} INFO - |-- edition_id: string (nullable = true)
[2025-05-06T18:42:56.963+0000] {spark_submit.py:490} INFO - |-- country_noc: string (nullable = true)
[2025-05-06T18:42:56.964+0000] {spark_submit.py:490} INFO - |-- sport: string (nullable = true)
[2025-05-06T18:42:56.964+0000] {spark_submit.py:490} INFO - |-- event: string (nullable = true)
[2025-05-06T18:42:56.964+0000] {spark_submit.py:490} INFO - |-- result_id: string (nullable = true)
[2025-05-06T18:42:56.964+0000] {spark_submit.py:490} INFO - |-- athlete: string (nullable = true)
[2025-05-06T18:42:56.964+0000] {spark_submit.py:490} INFO - |-- athlete_id: string (nullable = true)
[2025-05-06T18:42:56.964+0000] {spark_submit.py:490} INFO - |-- pos: string (nullable = true)
[2025-05-06T18:42:56.964+0000] {spark_submit.py:490} INFO - |-- medal: string (nullable = true)
[2025-05-06T18:42:56.964+0000] {spark_submit.py:490} INFO - |-- isTeamSport: string (nullable = true)
[2025-05-06T18:42:56.964+0000] {spark_submit.py:490} INFO - 
[2025-05-06T18:42:56.964+0000] {spark_submit.py:490} INFO - 🔎 Перші 5 рядків з Bronze:
[2025-05-06T18:42:57.313+0000] {spark_submit.py:490} INFO - 25/05/06 18:42:57 INFO FileSourceStrategy: Pushed Filters:
[2025-05-06T18:42:57.314+0000] {spark_submit.py:490} INFO - 25/05/06 18:42:57 INFO FileSourceStrategy: Post-Scan Filters:
[2025-05-06T18:42:57.316+0000] {spark_submit.py:490} INFO - 25/05/06 18:42:57 INFO FileSourceStrategy: Output Data Schema: struct<edition: string, edition_id: string, country_noc: string, sport: string, event: string ... 9 more fields>
[2025-05-06T18:42:57.632+0000] {spark_submit.py:490} INFO - 25/05/06 18:42:57 INFO CodeGenerator: Code generated in 185.523225 ms
[2025-05-06T18:42:57.668+0000] {spark_submit.py:490} INFO - 25/05/06 18:42:57 INFO MemoryStore: Block broadcast_1 stored as values in memory (estimated size 202.0 KiB, free 434.2 MiB)
[2025-05-06T18:42:57.681+0000] {spark_submit.py:490} INFO - 25/05/06 18:42:57 INFO MemoryStore: Block broadcast_1_piece0 stored as bytes in memory (estimated size 34.8 KiB, free 434.2 MiB)
[2025-05-06T18:42:57.682+0000] {spark_submit.py:490} INFO - 25/05/06 18:42:57 INFO BlockManagerInfo: Added broadcast_1_piece0 in memory on b431f09a1fa6:38587 (size: 34.8 KiB, free: 434.4 MiB)
[2025-05-06T18:42:57.683+0000] {spark_submit.py:490} INFO - 25/05/06 18:42:57 INFO SparkContext: Created broadcast 1 from showString at NativeMethodAccessorImpl.java:0
[2025-05-06T18:42:57.692+0000] {spark_submit.py:490} INFO - 25/05/06 18:42:57 INFO FileSourceScanExec: Planning scan with bin packing, max size: 74745022 bytes, open cost is considered as scanning 4194304 bytes.
[2025-05-06T18:42:57.733+0000] {spark_submit.py:490} INFO - 25/05/06 18:42:57 INFO SparkContext: Starting job: showString at NativeMethodAccessorImpl.java:0
[2025-05-06T18:42:57.734+0000] {spark_submit.py:490} INFO - 25/05/06 18:42:57 INFO DAGScheduler: Got job 1 (showString at NativeMethodAccessorImpl.java:0) with 1 output partitions
[2025-05-06T18:42:57.734+0000] {spark_submit.py:490} INFO - 25/05/06 18:42:57 INFO DAGScheduler: Final stage: ResultStage 1 (showString at NativeMethodAccessorImpl.java:0)
[2025-05-06T18:42:57.735+0000] {spark_submit.py:490} INFO - 25/05/06 18:42:57 INFO DAGScheduler: Parents of final stage: List()
[2025-05-06T18:42:57.735+0000] {spark_submit.py:490} INFO - 25/05/06 18:42:57 INFO DAGScheduler: Missing parents: List()
[2025-05-06T18:42:57.737+0000] {spark_submit.py:490} INFO - 25/05/06 18:42:57 INFO DAGScheduler: Submitting ResultStage 1 (MapPartitionsRDD[5] at showString at NativeMethodAccessorImpl.java:0), which has no missing parents
[2025-05-06T18:42:57.771+0000] {spark_submit.py:490} INFO - 25/05/06 18:42:57 INFO MemoryStore: Block broadcast_2 stored as values in memory (estimated size 18.4 KiB, free 434.2 MiB)
[2025-05-06T18:42:57.776+0000] {spark_submit.py:490} INFO - 25/05/06 18:42:57 INFO MemoryStore: Block broadcast_2_piece0 stored as bytes in memory (estimated size 6.5 KiB, free 434.1 MiB)
[2025-05-06T18:42:57.781+0000] {spark_submit.py:490} INFO - 25/05/06 18:42:57 INFO BlockManagerInfo: Added broadcast_2_piece0 in memory on b431f09a1fa6:38587 (size: 6.5 KiB, free: 434.4 MiB)
[2025-05-06T18:42:57.782+0000] {spark_submit.py:490} INFO - 25/05/06 18:42:57 INFO SparkContext: Created broadcast 2 from broadcast at DAGScheduler.scala:1513
[2025-05-06T18:42:57.783+0000] {spark_submit.py:490} INFO - 25/05/06 18:42:57 INFO DAGScheduler: Submitting 1 missing tasks from ResultStage 1 (MapPartitionsRDD[5] at showString at NativeMethodAccessorImpl.java:0) (first 15 tasks are for partitions Vector(0))
[2025-05-06T18:42:57.784+0000] {spark_submit.py:490} INFO - 25/05/06 18:42:57 INFO TaskSchedulerImpl: Adding task set 1.0 with 1 tasks resource profile 0
[2025-05-06T18:42:57.788+0000] {spark_submit.py:490} INFO - 25/05/06 18:42:57 INFO TaskSetManager: Starting task 0.0 in stage 1.0 (TID 1) (172.18.0.6, executor 0, partition 0, PROCESS_LOCAL, 6639 bytes) taskResourceAssignments Map()
[2025-05-06T18:42:57.833+0000] {spark_submit.py:490} INFO - 25/05/06 18:42:57 INFO BlockManagerInfo: Added broadcast_2_piece0 in memory on 172.18.0.6:41179 (size: 6.5 KiB, free: 366.3 MiB)
[2025-05-06T18:42:58.435+0000] {spark_submit.py:490} INFO - 25/05/06 18:42:58 INFO BlockManagerInfo: Added broadcast_1_piece0 in memory on 172.18.0.6:41179 (size: 34.8 KiB, free: 366.3 MiB)
[2025-05-06T18:42:58.925+0000] {spark_submit.py:490} INFO - 25/05/06 18:42:58 INFO TaskSetManager: Finished task 0.0 in stage 1.0 (TID 1) in 1140 ms on 172.18.0.6 (executor 0) (1/1)
[2025-05-06T18:42:58.925+0000] {spark_submit.py:490} INFO - 25/05/06 18:42:58 INFO TaskSchedulerImpl: Removed TaskSet 1.0, whose tasks have all completed, from pool
[2025-05-06T18:42:58.926+0000] {spark_submit.py:490} INFO - 25/05/06 18:42:58 INFO DAGScheduler: ResultStage 1 (showString at NativeMethodAccessorImpl.java:0) finished in 1.186 s
[2025-05-06T18:42:58.926+0000] {spark_submit.py:490} INFO - 25/05/06 18:42:58 INFO DAGScheduler: Job 1 is finished. Cancelling potential speculative or zombie tasks for this job
[2025-05-06T18:42:58.927+0000] {spark_submit.py:490} INFO - 25/05/06 18:42:58 INFO TaskSchedulerImpl: Killing all running tasks in stage 1: Stage finished
[2025-05-06T18:42:58.927+0000] {spark_submit.py:490} INFO - 25/05/06 18:42:58 INFO DAGScheduler: Job 1 finished: showString at NativeMethodAccessorImpl.java:0, took 1.194199 s
[2025-05-06T18:42:58.978+0000] {spark_submit.py:490} INFO - 25/05/06 18:42:58 INFO CodeGenerator: Code generated in 26.109707 ms
[2025-05-06T18:42:58.990+0000] {spark_submit.py:490} INFO - +--------------------+----------+-----------+---------+---------------+---------+---------------+----------+---------+-----+-----------+
[2025-05-06T18:42:58.991+0000] {spark_submit.py:490} INFO - |edition             |edition_id|country_noc|sport    |event          |result_id|athlete        |athlete_id|pos      |medal|isTeamSport|
[2025-05-06T18:42:58.991+0000] {spark_submit.py:490} INFO - +--------------------+----------+-----------+---------+---------------+---------+---------------+----------+---------+-----+-----------+
[2025-05-06T18:42:58.991+0000] {spark_submit.py:490} INFO - |1908 Summer Olympics|5         |ANZ        |Athletics|100 metres, Men|56265    |Ernest Hutcheon|64710     |DNS      |null |False      |
[2025-05-06T18:42:58.991+0000] {spark_submit.py:490} INFO - |1908 Summer Olympics|5         |ANZ        |Athletics|400 metres, Men|56313    |Henry Murray   |64756     |DNS      |null |False      |
[2025-05-06T18:42:58.991+0000] {spark_submit.py:490} INFO - |1908 Summer Olympics|5         |ANZ        |Athletics|800 metres, Men|56338    |Harvey Sutton  |64808     |3 h8 r1/2|null |False      |
[2025-05-06T18:42:58.991+0000] {spark_submit.py:490} INFO - |1908 Summer Olympics|5         |ANZ        |Athletics|800 metres, Men|56338    |Guy Haskins    |922519    |DNS      |null |False      |
[2025-05-06T18:42:58.992+0000] {spark_submit.py:490} INFO - |1908 Summer Olympics|5         |ANZ        |Athletics|800 metres, Men|56338    |Joseph Lynch   |64735     |DNS      |null |False      |
[2025-05-06T18:42:58.992+0000] {spark_submit.py:490} INFO - +--------------------+----------+-----------+---------+---------------+---------+---------------+----------+---------+-----+-----------+
[2025-05-06T18:42:58.992+0000] {spark_submit.py:490} INFO - only showing top 5 rows
[2025-05-06T18:42:58.992+0000] {spark_submit.py:490} INFO - 
[2025-05-06T18:42:58.992+0000] {spark_submit.py:490} INFO - 🧼 Чищення датафрейму...
[2025-05-06T18:42:59.321+0000] {spark_submit.py:490} INFO - 📑 Схема очищеного датафрейму:
[2025-05-06T18:42:59.322+0000] {spark_submit.py:490} INFO - root
[2025-05-06T18:42:59.322+0000] {spark_submit.py:490} INFO - |-- edition: string (nullable = true)
[2025-05-06T18:42:59.322+0000] {spark_submit.py:490} INFO - |-- edition_id: string (nullable = true)
[2025-05-06T18:42:59.322+0000] {spark_submit.py:490} INFO - |-- country_noc: string (nullable = true)
[2025-05-06T18:42:59.322+0000] {spark_submit.py:490} INFO - |-- sport: string (nullable = true)
[2025-05-06T18:42:59.322+0000] {spark_submit.py:490} INFO - |-- event: string (nullable = true)
[2025-05-06T18:42:59.322+0000] {spark_submit.py:490} INFO - |-- result_id: string (nullable = true)
[2025-05-06T18:42:59.323+0000] {spark_submit.py:490} INFO - |-- athlete: string (nullable = true)
[2025-05-06T18:42:59.323+0000] {spark_submit.py:490} INFO - |-- athlete_id: string (nullable = true)
[2025-05-06T18:42:59.323+0000] {spark_submit.py:490} INFO - |-- pos: string (nullable = true)
[2025-05-06T18:42:59.323+0000] {spark_submit.py:490} INFO - |-- medal: string (nullable = true)
[2025-05-06T18:42:59.323+0000] {spark_submit.py:490} INFO - |-- isTeamSport: string (nullable = true)
[2025-05-06T18:42:59.323+0000] {spark_submit.py:490} INFO - 
[2025-05-06T18:42:59.323+0000] {spark_submit.py:490} INFO - 🔎 Перші 10 рядків після очищення:
[2025-05-06T18:42:59.399+0000] {spark_submit.py:490} INFO - 25/05/06 18:42:59 INFO FileSourceStrategy: Pushed Filters:
[2025-05-06T18:42:59.399+0000] {spark_submit.py:490} INFO - 25/05/06 18:42:59 INFO FileSourceStrategy: Post-Scan Filters:
[2025-05-06T18:42:59.399+0000] {spark_submit.py:490} INFO - 25/05/06 18:42:59 INFO FileSourceStrategy: Output Data Schema: struct<edition: string, edition_id: string, country_noc: string, sport: string, event: string ... 9 more fields>
[2025-05-06T18:42:59.449+0000] {spark_submit.py:490} INFO - 25/05/06 18:42:59 INFO CodeGenerator: Code generated in 12.609141 ms
[2025-05-06T18:42:59.458+0000] {spark_submit.py:490} INFO - 25/05/06 18:42:59 INFO MemoryStore: Block broadcast_3 stored as values in memory (estimated size 202.0 KiB, free 433.9 MiB)
[2025-05-06T18:42:59.475+0000] {spark_submit.py:490} INFO - 25/05/06 18:42:59 INFO MemoryStore: Block broadcast_3_piece0 stored as bytes in memory (estimated size 34.8 KiB, free 433.9 MiB)
[2025-05-06T18:42:59.476+0000] {spark_submit.py:490} INFO - 25/05/06 18:42:59 INFO BlockManagerInfo: Added broadcast_3_piece0 in memory on b431f09a1fa6:38587 (size: 34.8 KiB, free: 434.3 MiB)
[2025-05-06T18:42:59.477+0000] {spark_submit.py:490} INFO - 25/05/06 18:42:59 INFO SparkContext: Created broadcast 3 from showString at NativeMethodAccessorImpl.java:0
[2025-05-06T18:42:59.478+0000] {spark_submit.py:490} INFO - 25/05/06 18:42:59 INFO FileSourceScanExec: Planning scan with bin packing, max size: 74745022 bytes, open cost is considered as scanning 4194304 bytes.
[2025-05-06T18:42:59.528+0000] {spark_submit.py:490} INFO - 25/05/06 18:42:59 INFO SparkContext: Starting job: showString at NativeMethodAccessorImpl.java:0
[2025-05-06T18:42:59.529+0000] {spark_submit.py:490} INFO - 25/05/06 18:42:59 INFO DAGScheduler: Got job 2 (showString at NativeMethodAccessorImpl.java:0) with 1 output partitions
[2025-05-06T18:42:59.529+0000] {spark_submit.py:490} INFO - 25/05/06 18:42:59 INFO DAGScheduler: Final stage: ResultStage 2 (showString at NativeMethodAccessorImpl.java:0)
[2025-05-06T18:42:59.530+0000] {spark_submit.py:490} INFO - 25/05/06 18:42:59 INFO DAGScheduler: Parents of final stage: List()
[2025-05-06T18:42:59.530+0000] {spark_submit.py:490} INFO - 25/05/06 18:42:59 INFO DAGScheduler: Missing parents: List()
[2025-05-06T18:42:59.531+0000] {spark_submit.py:490} INFO - 25/05/06 18:42:59 INFO DAGScheduler: Submitting ResultStage 2 (MapPartitionsRDD[12] at showString at NativeMethodAccessorImpl.java:0), which has no missing parents
[2025-05-06T18:42:59.538+0000] {spark_submit.py:490} INFO - 25/05/06 18:42:59 INFO MemoryStore: Block broadcast_4 stored as values in memory (estimated size 48.1 KiB, free 433.9 MiB)
[2025-05-06T18:42:59.543+0000] {spark_submit.py:490} INFO - 25/05/06 18:42:59 INFO MemoryStore: Block broadcast_4_piece0 stored as bytes in memory (estimated size 16.0 KiB, free 433.9 MiB)
[2025-05-06T18:42:59.545+0000] {spark_submit.py:490} INFO - 25/05/06 18:42:59 INFO BlockManagerInfo: Added broadcast_4_piece0 in memory on b431f09a1fa6:38587 (size: 16.0 KiB, free: 434.3 MiB)
[2025-05-06T18:42:59.545+0000] {spark_submit.py:490} INFO - 25/05/06 18:42:59 INFO SparkContext: Created broadcast 4 from broadcast at DAGScheduler.scala:1513
[2025-05-06T18:42:59.546+0000] {spark_submit.py:490} INFO - 25/05/06 18:42:59 INFO DAGScheduler: Submitting 1 missing tasks from ResultStage 2 (MapPartitionsRDD[12] at showString at NativeMethodAccessorImpl.java:0) (first 15 tasks are for partitions Vector(0))
[2025-05-06T18:42:59.546+0000] {spark_submit.py:490} INFO - 25/05/06 18:42:59 INFO TaskSchedulerImpl: Adding task set 2.0 with 1 tasks resource profile 0
[2025-05-06T18:42:59.547+0000] {spark_submit.py:490} INFO - 25/05/06 18:42:59 INFO TaskSetManager: Starting task 0.0 in stage 2.0 (TID 2) (172.18.0.6, executor 0, partition 0, PROCESS_LOCAL, 6639 bytes) taskResourceAssignments Map()
[2025-05-06T18:42:59.566+0000] {spark_submit.py:490} INFO - 25/05/06 18:42:59 INFO BlockManagerInfo: Added broadcast_4_piece0 in memory on 172.18.0.6:41179 (size: 16.0 KiB, free: 366.2 MiB)
[2025-05-06T18:43:01.498+0000] {spark_submit.py:490} INFO - 25/05/06 18:43:01 INFO BlockManagerInfo: Added broadcast_3_piece0 in memory on 172.18.0.6:41179 (size: 34.8 KiB, free: 366.2 MiB)
[2025-05-06T18:43:01.638+0000] {spark_submit.py:490} INFO - 25/05/06 18:43:01 INFO TaskSetManager: Finished task 0.0 in stage 2.0 (TID 2) in 2090 ms on 172.18.0.6 (executor 0) (1/1)
[2025-05-06T18:43:01.638+0000] {spark_submit.py:490} INFO - 25/05/06 18:43:01 INFO TaskSchedulerImpl: Removed TaskSet 2.0, whose tasks have all completed, from pool
[2025-05-06T18:43:01.651+0000] {spark_submit.py:490} INFO - 25/05/06 18:43:01 INFO PythonAccumulatorV2: Connected to AccumulatorServer at host: 127.0.0.1 port: 45207
[2025-05-06T18:43:01.653+0000] {spark_submit.py:490} INFO - 25/05/06 18:43:01 INFO DAGScheduler: ResultStage 2 (showString at NativeMethodAccessorImpl.java:0) finished in 2.121 s
[2025-05-06T18:43:01.654+0000] {spark_submit.py:490} INFO - 25/05/06 18:43:01 INFO DAGScheduler: Job 2 is finished. Cancelling potential speculative or zombie tasks for this job
[2025-05-06T18:43:01.654+0000] {spark_submit.py:490} INFO - 25/05/06 18:43:01 INFO TaskSchedulerImpl: Killing all running tasks in stage 2: Stage finished
[2025-05-06T18:43:01.656+0000] {spark_submit.py:490} INFO - 25/05/06 18:43:01 INFO DAGScheduler: Job 2 finished: showString at NativeMethodAccessorImpl.java:0, took 2.125806 s
[2025-05-06T18:43:01.667+0000] {spark_submit.py:490} INFO - +--------------------+----------+-----------+---------+---------------+---------+---------------+----------+---------+-----+-----------+
[2025-05-06T18:43:01.667+0000] {spark_submit.py:490} INFO - |edition             |edition_id|country_noc|sport    |event          |result_id|athlete        |athlete_id|pos      |medal|isTeamSport|
[2025-05-06T18:43:01.667+0000] {spark_submit.py:490} INFO - +--------------------+----------+-----------+---------+---------------+---------+---------------+----------+---------+-----+-----------+
[2025-05-06T18:43:01.667+0000] {spark_submit.py:490} INFO - |1908 summer olympics|5         |anz        |athletics|100 metres men |56265    |ernest hutcheon|64710     |dns      |     |false      |
[2025-05-06T18:43:01.668+0000] {spark_submit.py:490} INFO - |1908 summer olympics|5         |anz        |athletics|400 metres men |56313    |henry murray   |64756     |dns      |     |false      |
[2025-05-06T18:43:01.668+0000] {spark_submit.py:490} INFO - |1908 summer olympics|5         |anz        |athletics|800 metres men |56338    |harvey sutton  |64808     |3 h8 r12 |     |false      |
[2025-05-06T18:43:01.668+0000] {spark_submit.py:490} INFO - |1908 summer olympics|5         |anz        |athletics|800 metres men |56338    |guy haskins    |922519    |dns      |     |false      |
[2025-05-06T18:43:01.668+0000] {spark_submit.py:490} INFO - |1908 summer olympics|5         |anz        |athletics|800 metres men |56338    |joseph lynch   |64735     |dns      |     |false      |
[2025-05-06T18:43:01.668+0000] {spark_submit.py:490} INFO - |1908 summer olympics|5         |anz        |athletics|800 metres men |56338    |henry murray   |64756     |dns      |     |false      |
[2025-05-06T18:43:01.668+0000] {spark_submit.py:490} INFO - |1908 summer olympics|5         |anz        |athletics|1500 metres men|56349    |joseph lynch   |64735     |5 h2 r12 |     |false      |
[2025-05-06T18:43:01.668+0000] {spark_submit.py:490} INFO - |1908 summer olympics|5         |anz        |athletics|1500 metres men|56349    |charles swain  |79576     |ac h3 r12|     |false      |
[2025-05-06T18:43:01.668+0000] {spark_submit.py:490} INFO - |1908 summer olympics|5         |anz        |athletics|1500 metres men|56349    |guy haskins    |922519    |dns      |     |false      |
[2025-05-06T18:43:01.669+0000] {spark_submit.py:490} INFO - |1908 summer olympics|5         |anz        |athletics|1500 metres men|56349    |george blake   |64619     |dns      |     |false      |
[2025-05-06T18:43:01.669+0000] {spark_submit.py:490} INFO - +--------------------+----------+-----------+---------+---------------+---------+---------------+----------+---------+-----+-----------+
[2025-05-06T18:43:01.669+0000] {spark_submit.py:490} INFO - only showing top 10 rows
[2025-05-06T18:43:01.669+0000] {spark_submit.py:490} INFO - 
[2025-05-06T18:43:01.669+0000] {spark_submit.py:490} INFO - 💾 Збереження до Silver рівня: /tmp/spark_data/silver/athlete_event_results/20250506
[2025-05-06T18:43:01.730+0000] {spark_submit.py:490} INFO - 25/05/06 18:43:01 INFO FileSourceStrategy: Pushed Filters:
[2025-05-06T18:43:01.730+0000] {spark_submit.py:490} INFO - 25/05/06 18:43:01 INFO FileSourceStrategy: Post-Scan Filters:
[2025-05-06T18:43:01.730+0000] {spark_submit.py:490} INFO - 25/05/06 18:43:01 INFO FileSourceStrategy: Output Data Schema: struct<edition: string, edition_id: string, country_noc: string, sport: string, event: string ... 9 more fields>
[2025-05-06T18:43:01.795+0000] {spark_submit.py:490} INFO - 25/05/06 18:43:01 INFO ParquetFileFormat: Using default output committer for Parquet: org.apache.parquet.hadoop.ParquetOutputCommitter
[2025-05-06T18:43:01.807+0000] {spark_submit.py:490} INFO - 25/05/06 18:43:01 INFO FileOutputCommitter: File Output Committer Algorithm version is 1
[2025-05-06T18:43:01.807+0000] {spark_submit.py:490} INFO - 25/05/06 18:43:01 INFO FileOutputCommitter: FileOutputCommitter skip cleanup _temporary folders under output directory:false, ignore cleanup failures: false
[2025-05-06T18:43:01.808+0000] {spark_submit.py:490} INFO - 25/05/06 18:43:01 INFO SQLHadoopMapReduceCommitProtocol: Using user defined output committer class org.apache.parquet.hadoop.ParquetOutputCommitter
[2025-05-06T18:43:01.808+0000] {spark_submit.py:490} INFO - 25/05/06 18:43:01 INFO FileOutputCommitter: File Output Committer Algorithm version is 1
[2025-05-06T18:43:01.808+0000] {spark_submit.py:490} INFO - 25/05/06 18:43:01 INFO FileOutputCommitter: FileOutputCommitter skip cleanup _temporary folders under output directory:false, ignore cleanup failures: false
[2025-05-06T18:43:01.809+0000] {spark_submit.py:490} INFO - 25/05/06 18:43:01 INFO SQLHadoopMapReduceCommitProtocol: Using output committer class org.apache.parquet.hadoop.ParquetOutputCommitter
[2025-05-06T18:43:01.847+0000] {spark_submit.py:490} INFO - 25/05/06 18:43:01 INFO MemoryStore: Block broadcast_5 stored as values in memory (estimated size 202.0 KiB, free 433.7 MiB)
[2025-05-06T18:43:01.877+0000] {spark_submit.py:490} INFO - 25/05/06 18:43:01 INFO BlockManagerInfo: Removed broadcast_3_piece0 on b431f09a1fa6:38587 in memory (size: 34.8 KiB, free: 434.3 MiB)
[2025-05-06T18:43:01.879+0000] {spark_submit.py:490} INFO - 25/05/06 18:43:01 INFO MemoryStore: Block broadcast_5_piece0 stored as bytes in memory (estimated size 34.8 KiB, free 433.9 MiB)
[2025-05-06T18:43:01.884+0000] {spark_submit.py:490} INFO - 25/05/06 18:43:01 INFO BlockManagerInfo: Added broadcast_5_piece0 in memory on b431f09a1fa6:38587 (size: 34.8 KiB, free: 434.3 MiB)
[2025-05-06T18:43:01.885+0000] {spark_submit.py:490} INFO - 25/05/06 18:43:01 INFO SparkContext: Created broadcast 5 from parquet at NativeMethodAccessorImpl.java:0
[2025-05-06T18:43:01.885+0000] {spark_submit.py:490} INFO - 25/05/06 18:43:01 INFO BlockManagerInfo: Removed broadcast_3_piece0 on 172.18.0.6:41179 in memory (size: 34.8 KiB, free: 366.2 MiB)
[2025-05-06T18:43:01.888+0000] {spark_submit.py:490} INFO - 25/05/06 18:43:01 INFO FileSourceScanExec: Planning scan with bin packing, max size: 74745022 bytes, open cost is considered as scanning 4194304 bytes.
[2025-05-06T18:43:01.894+0000] {spark_submit.py:490} INFO - 25/05/06 18:43:01 INFO BlockManagerInfo: Removed broadcast_4_piece0 on b431f09a1fa6:38587 in memory (size: 16.0 KiB, free: 434.3 MiB)
[2025-05-06T18:43:01.896+0000] {spark_submit.py:490} INFO - 25/05/06 18:43:01 INFO BlockManagerInfo: Removed broadcast_4_piece0 on 172.18.0.6:41179 in memory (size: 16.0 KiB, free: 366.3 MiB)
[2025-05-06T18:43:01.911+0000] {spark_submit.py:490} INFO - 25/05/06 18:43:01 INFO BlockManagerInfo: Removed broadcast_2_piece0 on b431f09a1fa6:38587 in memory (size: 6.5 KiB, free: 434.3 MiB)
[2025-05-06T18:43:01.916+0000] {spark_submit.py:490} INFO - 25/05/06 18:43:01 INFO BlockManagerInfo: Removed broadcast_2_piece0 on 172.18.0.6:41179 in memory (size: 6.5 KiB, free: 366.3 MiB)
[2025-05-06T18:43:01.927+0000] {spark_submit.py:490} INFO - 25/05/06 18:43:01 INFO BlockManagerInfo: Removed broadcast_1_piece0 on b431f09a1fa6:38587 in memory (size: 34.8 KiB, free: 434.4 MiB)
[2025-05-06T18:43:01.930+0000] {spark_submit.py:490} INFO - 25/05/06 18:43:01 INFO BlockManagerInfo: Removed broadcast_1_piece0 on 172.18.0.6:41179 in memory (size: 34.8 KiB, free: 366.3 MiB)
[2025-05-06T18:43:01.939+0000] {spark_submit.py:490} INFO - 25/05/06 18:43:01 INFO SparkContext: Starting job: parquet at NativeMethodAccessorImpl.java:0
[2025-05-06T18:43:01.941+0000] {spark_submit.py:490} INFO - 25/05/06 18:43:01 INFO DAGScheduler: Got job 3 (parquet at NativeMethodAccessorImpl.java:0) with 2 output partitions
[2025-05-06T18:43:01.941+0000] {spark_submit.py:490} INFO - 25/05/06 18:43:01 INFO DAGScheduler: Final stage: ResultStage 3 (parquet at NativeMethodAccessorImpl.java:0)
[2025-05-06T18:43:01.941+0000] {spark_submit.py:490} INFO - 25/05/06 18:43:01 INFO DAGScheduler: Parents of final stage: List()
[2025-05-06T18:43:01.941+0000] {spark_submit.py:490} INFO - 25/05/06 18:43:01 INFO DAGScheduler: Missing parents: List()
[2025-05-06T18:43:01.942+0000] {spark_submit.py:490} INFO - 25/05/06 18:43:01 INFO DAGScheduler: Submitting ResultStage 3 (MapPartitionsRDD[18] at parquet at NativeMethodAccessorImpl.java:0), which has no missing parents
[2025-05-06T18:43:01.961+0000] {spark_submit.py:490} INFO - 25/05/06 18:43:01 INFO MemoryStore: Block broadcast_6 stored as values in memory (estimated size 248.7 KiB, free 433.9 MiB)
[2025-05-06T18:43:01.965+0000] {spark_submit.py:490} INFO - 25/05/06 18:43:01 INFO MemoryStore: Block broadcast_6_piece0 stored as bytes in memory (estimated size 85.9 KiB, free 433.8 MiB)
[2025-05-06T18:43:01.967+0000] {spark_submit.py:490} INFO - 25/05/06 18:43:01 INFO BlockManagerInfo: Added broadcast_6_piece0 in memory on b431f09a1fa6:38587 (size: 85.9 KiB, free: 434.3 MiB)
[2025-05-06T18:43:01.968+0000] {spark_submit.py:490} INFO - 25/05/06 18:43:01 INFO SparkContext: Created broadcast 6 from broadcast at DAGScheduler.scala:1513
[2025-05-06T18:43:01.969+0000] {spark_submit.py:490} INFO - 25/05/06 18:43:01 INFO DAGScheduler: Submitting 2 missing tasks from ResultStage 3 (MapPartitionsRDD[18] at parquet at NativeMethodAccessorImpl.java:0) (first 15 tasks are for partitions Vector(0, 1))
[2025-05-06T18:43:01.969+0000] {spark_submit.py:490} INFO - 25/05/06 18:43:01 INFO TaskSchedulerImpl: Adding task set 3.0 with 2 tasks resource profile 0
[2025-05-06T18:43:01.971+0000] {spark_submit.py:490} INFO - 25/05/06 18:43:01 INFO TaskSetManager: Starting task 0.0 in stage 3.0 (TID 3) (172.18.0.6, executor 0, partition 0, PROCESS_LOCAL, 6639 bytes) taskResourceAssignments Map()
[2025-05-06T18:43:01.972+0000] {spark_submit.py:490} INFO - 25/05/06 18:43:01 INFO TaskSetManager: Starting task 1.0 in stage 3.0 (TID 4) (172.18.0.6, executor 0, partition 1, PROCESS_LOCAL, 7001 bytes) taskResourceAssignments Map()
[2025-05-06T18:43:01.997+0000] {spark_submit.py:490} INFO - 25/05/06 18:43:01 INFO BlockManagerInfo: Added broadcast_6_piece0 in memory on 172.18.0.6:41179 (size: 85.9 KiB, free: 366.2 MiB)
[2025-05-06T18:43:02.206+0000] {spark_submit.py:490} INFO - 25/05/06 18:43:02 INFO BlockManagerInfo: Added broadcast_5_piece0 in memory on 172.18.0.6:41179 (size: 34.8 KiB, free: 366.2 MiB)
[2025-05-06T18:43:52.530+0000] {spark_submit.py:490} INFO - 25/05/06 18:43:52 INFO TaskSetManager: Finished task 1.0 in stage 3.0 (TID 4) in 50557 ms on 172.18.0.6 (executor 0) (1/2)
[2025-05-06T18:43:54.666+0000] {spark_submit.py:490} INFO - 25/05/06 18:43:54 INFO TaskSetManager: Finished task 0.0 in stage 3.0 (TID 3) in 52695 ms on 172.18.0.6 (executor 0) (2/2)
[2025-05-06T18:43:54.667+0000] {spark_submit.py:490} INFO - 25/05/06 18:43:54 INFO TaskSchedulerImpl: Removed TaskSet 3.0, whose tasks have all completed, from pool
[2025-05-06T18:43:54.668+0000] {spark_submit.py:490} INFO - 25/05/06 18:43:54 INFO DAGScheduler: ResultStage 3 (parquet at NativeMethodAccessorImpl.java:0) finished in 52.724 s
[2025-05-06T18:43:54.669+0000] {spark_submit.py:490} INFO - 25/05/06 18:43:54 INFO DAGScheduler: Job 3 is finished. Cancelling potential speculative or zombie tasks for this job
[2025-05-06T18:43:54.669+0000] {spark_submit.py:490} INFO - 25/05/06 18:43:54 INFO TaskSchedulerImpl: Killing all running tasks in stage 3: Stage finished
[2025-05-06T18:43:54.669+0000] {spark_submit.py:490} INFO - 25/05/06 18:43:54 INFO DAGScheduler: Job 3 finished: parquet at NativeMethodAccessorImpl.java:0, took 52.747141 s
[2025-05-06T18:43:54.672+0000] {spark_submit.py:490} INFO - 25/05/06 18:43:54 INFO FileFormatWriter: Start to commit write Job 123599e5-f723-4d6a-ae82-fd2176bee732.
[2025-05-06T18:43:54.694+0000] {spark_submit.py:490} INFO - 25/05/06 18:43:54 INFO FileFormatWriter: Write Job 123599e5-f723-4d6a-ae82-fd2176bee732 committed. Elapsed time: 21 ms.
[2025-05-06T18:43:54.696+0000] {spark_submit.py:490} INFO - 25/05/06 18:43:54 INFO FileFormatWriter: Finished processing stats for write job 123599e5-f723-4d6a-ae82-fd2176bee732.
[2025-05-06T18:43:54.699+0000] {spark_submit.py:490} INFO - ✅ Збережено до Silver: /tmp/spark_data/silver/athlete_event_results/20250506
[2025-05-06T18:43:54.699+0000] {spark_submit.py:490} INFO - 📁 Шлях збереження Silver: /tmp/spark_data/silver/athlete_event_results/20250506
[2025-05-06T18:43:54.699+0000] {spark_submit.py:490} INFO - 📂 Вміст директорії:
[2025-05-06T18:43:54.699+0000] {spark_submit.py:490} INFO - ['.part-00001-fab8fc4e-f910-4a06-bf44-5233bb190bb4-c000.snappy.parquet.crc', 'part-00001-fab8fc4e-f910-4a06-bf44-5233bb190bb4-c000.snappy.parquet', '.part-00000-fab8fc4e-f910-4a06-bf44-5233bb190bb4-c000.snappy.parquet.crc', 'part-00000-fab8fc4e-f910-4a06-bf44-5233bb190bb4-c000.snappy.parquet', '_SUCCESS', '._SUCCESS.crc']
[2025-05-06T18:43:54.708+0000] {spark_submit.py:490} INFO - 25/05/06 18:43:54 INFO SparkUI: Stopped Spark web UI at http://b431f09a1fa6:4040
[2025-05-06T18:43:54.712+0000] {spark_submit.py:490} INFO - 25/05/06 18:43:54 INFO StandaloneSchedulerBackend: Shutting down all executors
[2025-05-06T18:43:54.712+0000] {spark_submit.py:490} INFO - 25/05/06 18:43:54 INFO CoarseGrainedSchedulerBackend$DriverEndpoint: Asking each executor to shut down
[2025-05-06T18:43:54.735+0000] {spark_submit.py:490} INFO - 25/05/06 18:43:54 INFO MapOutputTrackerMasterEndpoint: MapOutputTrackerMasterEndpoint stopped!
[2025-05-06T18:43:54.753+0000] {spark_submit.py:490} INFO - 25/05/06 18:43:54 INFO MemoryStore: MemoryStore cleared
[2025-05-06T18:43:54.753+0000] {spark_submit.py:490} INFO - 25/05/06 18:43:54 INFO BlockManager: BlockManager stopped
[2025-05-06T18:43:54.755+0000] {spark_submit.py:490} INFO - 25/05/06 18:43:54 INFO BlockManagerMaster: BlockManagerMaster stopped
[2025-05-06T18:43:54.759+0000] {spark_submit.py:490} INFO - 25/05/06 18:43:54 INFO OutputCommitCoordinator$OutputCommitCoordinatorEndpoint: OutputCommitCoordinator stopped!
[2025-05-06T18:43:54.771+0000] {spark_submit.py:490} INFO - 25/05/06 18:43:54 INFO SparkContext: Successfully stopped SparkContext
[2025-05-06T18:43:55.700+0000] {spark_submit.py:490} INFO - 25/05/06 18:43:55 INFO ShutdownHookManager: Shutdown hook called
[2025-05-06T18:43:55.701+0000] {spark_submit.py:490} INFO - 25/05/06 18:43:55 INFO ShutdownHookManager: Deleting directory /tmp/spark-66385b00-ef0d-456f-bbed-88d510562e4f
[2025-05-06T18:43:55.704+0000] {spark_submit.py:490} INFO - 25/05/06 18:43:55 INFO ShutdownHookManager: Deleting directory /tmp/spark-66385b00-ef0d-456f-bbed-88d510562e4f/pyspark-222c6575-eb2b-4ba5-8d5c-63314a894969
[2025-05-06T18:43:55.707+0000] {spark_submit.py:490} INFO - 25/05/06 18:43:55 INFO ShutdownHookManager: Deleting directory /tmp/spark-8f1816ae-968b-4cb9-8e8c-b159a16f4bb0
[2025-05-06T18:43:55.750+0000] {taskinstance.py:1350} INFO - Marking task as SUCCESS. dag_id=final_project_BBDL, task_id=BronzeToSilver, execution_date=20250506T184206, start_date=20250506T184247, end_date=20250506T184355
[2025-05-06T18:43:55.795+0000] {local_task_job_runner.py:225} INFO - Task exited with return code 0
[2025-05-06T18:43:55.816+0000] {taskinstance.py:2653} INFO - 1 downstream tasks scheduled from follow-on schedule check
