[2025-05-04T13:13:47.797+0000] {local_task_job_runner.py:120} INFO - ::group::Pre task execution logs
[2025-05-04T13:13:47.860+0000] {taskinstance.py:2076} INFO - Dependencies all met for dep_context=non-requeueable deps ti=<TaskInstance: final_project_BBDL.LandingToBronze manual__2025-05-04T13:13:46.329699+00:00 [queued]>
[2025-05-04T13:13:47.869+0000] {taskinstance.py:2076} INFO - Dependencies all met for dep_context=requeueable deps ti=<TaskInstance: final_project_BBDL.LandingToBronze manual__2025-05-04T13:13:46.329699+00:00 [queued]>
[2025-05-04T13:13:47.869+0000] {taskinstance.py:2306} INFO - Starting attempt 1 of 1
[2025-05-04T13:13:47.903+0000] {taskinstance.py:2330} INFO - Executing <Task(SparkSubmitOperator): LandingToBronze> on 2025-05-04 13:13:46.329699+00:00
[2025-05-04T13:13:47.907+0000] {standard_task_runner.py:63} INFO - Started process 1710 to run task
[2025-05-04T13:13:47.911+0000] {standard_task_runner.py:90} INFO - Running: ['airflow', 'tasks', 'run', 'final_project_BBDL', 'LandingToBronze', 'manual__2025-05-04T13:13:46.329699+00:00', '--job-id', '6', '--raw', '--subdir', 'DAGS_FOLDER/project_solution.py', '--cfg-path', '/tmp/tmprvgw_j88']
[2025-05-04T13:13:47.913+0000] {standard_task_runner.py:91} INFO - Job 6: Subtask LandingToBronze
[2025-05-04T13:13:47.984+0000] {logging_mixin.py:188} WARNING - /home/airflow/.local/lib/python3.10/site-packages/airflow/settings.py:195 DeprecationWarning: The sql_alchemy_conn option in [core] has been moved to the sql_alchemy_conn option in [database] - the old setting has been used, but please update your config.
[2025-05-04T13:13:48.073+0000] {task_command.py:426} INFO - Running <TaskInstance: final_project_BBDL.LandingToBronze manual__2025-05-04T13:13:46.329699+00:00 [running]> on host 46ac33aab208
[2025-05-04T13:13:48.294+0000] {taskinstance.py:2648} INFO - Exporting env vars: AIRFLOW_CTX_DAG_OWNER='airflow' AIRFLOW_CTX_DAG_ID='final_project_BBDL' AIRFLOW_CTX_TASK_ID='LandingToBronze' AIRFLOW_CTX_EXECUTION_DATE='2025-05-04T13:13:46.329699+00:00' AIRFLOW_CTX_TRY_NUMBER='1' AIRFLOW_CTX_DAG_RUN_ID='manual__2025-05-04T13:13:46.329699+00:00'
[2025-05-04T13:13:48.295+0000] {taskinstance.py:430} INFO - ::endgroup::
[2025-05-04T13:13:48.351+0000] {base.py:84} INFO - Using connection ID 'spark_default' for task execution.
[2025-05-04T13:13:48.352+0000] {spark_submit.py:474} INFO - Spark-Submit cmd: spark-submit --master spark://spark-master:7077 --conf spark.master=spark://spark-master:7077 --conf spark.submit.deployMode=client --conf spark.pyspark.python=/usr/bin/python3 --conf spark.executorEnv.PYSPARK_PYTHON=/usr/bin/python3 --name LandingToBronze --verbose --queue root.default --deploy-mode client /opt/airflow/dags/landing_to_bronze.py
[2025-05-04T13:13:50.335+0000] {spark_submit.py:644} INFO - Using properties file: null
[2025-05-04T13:13:50.483+0000] {spark_submit.py:644} INFO - Parsed arguments:
[2025-05-04T13:13:50.483+0000] {spark_submit.py:644} INFO - master                  spark://spark-master:7077
[2025-05-04T13:13:50.483+0000] {spark_submit.py:644} INFO - deployMode              client
[2025-05-04T13:13:50.483+0000] {spark_submit.py:644} INFO - executorMemory          null
[2025-05-04T13:13:50.483+0000] {spark_submit.py:644} INFO - executorCores           null
[2025-05-04T13:13:50.483+0000] {spark_submit.py:644} INFO - totalExecutorCores      null
[2025-05-04T13:13:50.483+0000] {spark_submit.py:644} INFO - propertiesFile          null
[2025-05-04T13:13:50.484+0000] {spark_submit.py:644} INFO - driverMemory            null
[2025-05-04T13:13:50.484+0000] {spark_submit.py:644} INFO - driverCores             null
[2025-05-04T13:13:50.484+0000] {spark_submit.py:644} INFO - driverExtraClassPath    null
[2025-05-04T13:13:50.484+0000] {spark_submit.py:644} INFO - driverExtraLibraryPath  null
[2025-05-04T13:13:50.484+0000] {spark_submit.py:644} INFO - driverExtraJavaOptions  null
[2025-05-04T13:13:50.484+0000] {spark_submit.py:644} INFO - supervise               false
[2025-05-04T13:13:50.484+0000] {spark_submit.py:644} INFO - queue                   root.default
[2025-05-04T13:13:50.484+0000] {spark_submit.py:644} INFO - numExecutors            null
[2025-05-04T13:13:50.484+0000] {spark_submit.py:644} INFO - files                   null
[2025-05-04T13:13:50.484+0000] {spark_submit.py:644} INFO - pyFiles                 null
[2025-05-04T13:13:50.484+0000] {spark_submit.py:644} INFO - archives                null
[2025-05-04T13:13:50.484+0000] {spark_submit.py:644} INFO - mainClass               null
[2025-05-04T13:13:50.485+0000] {spark_submit.py:644} INFO - primaryResource         file:/opt/airflow/dags/landing_to_bronze.py
[2025-05-04T13:13:50.485+0000] {spark_submit.py:644} INFO - name                    LandingToBronze
[2025-05-04T13:13:50.485+0000] {spark_submit.py:644} INFO - childArgs               []
[2025-05-04T13:13:50.485+0000] {spark_submit.py:644} INFO - jars                    null
[2025-05-04T13:13:50.485+0000] {spark_submit.py:644} INFO - packages                null
[2025-05-04T13:13:50.485+0000] {spark_submit.py:644} INFO - packagesExclusions      null
[2025-05-04T13:13:50.485+0000] {spark_submit.py:644} INFO - repositories            null
[2025-05-04T13:13:50.485+0000] {spark_submit.py:644} INFO - verbose                 true
[2025-05-04T13:13:50.485+0000] {spark_submit.py:644} INFO - 
[2025-05-04T13:13:50.485+0000] {spark_submit.py:644} INFO - Spark properties used, including those specified through
[2025-05-04T13:13:50.486+0000] {spark_submit.py:644} INFO - --conf and those from the properties file null:
[2025-05-04T13:13:50.486+0000] {spark_submit.py:644} INFO - (spark.executorEnv.PYSPARK_PYTHON,/usr/bin/python3)
[2025-05-04T13:13:50.486+0000] {spark_submit.py:644} INFO - (spark.master,spark://spark-master:7077)
[2025-05-04T13:13:50.486+0000] {spark_submit.py:644} INFO - (spark.pyspark.python,/usr/bin/python3)
[2025-05-04T13:13:50.486+0000] {spark_submit.py:644} INFO - (spark.submit.deployMode,client)
[2025-05-04T13:13:50.486+0000] {spark_submit.py:644} INFO - 
[2025-05-04T13:13:50.486+0000] {spark_submit.py:644} INFO - 
[2025-05-04T13:13:50.846+0000] {spark_submit.py:644} INFO - Main class:
[2025-05-04T13:13:50.846+0000] {spark_submit.py:644} INFO - org.apache.spark.deploy.PythonRunner
[2025-05-04T13:13:50.846+0000] {spark_submit.py:644} INFO - Arguments:
[2025-05-04T13:13:50.846+0000] {spark_submit.py:644} INFO - file:/opt/airflow/dags/landing_to_bronze.py
[2025-05-04T13:13:50.846+0000] {spark_submit.py:644} INFO - null
[2025-05-04T13:13:50.848+0000] {spark_submit.py:644} INFO - Spark config:
[2025-05-04T13:13:50.849+0000] {spark_submit.py:644} INFO - (spark.app.name,LandingToBronze)
[2025-05-04T13:13:50.849+0000] {spark_submit.py:644} INFO - (spark.app.submitTime,1746364430825)
[2025-05-04T13:13:50.849+0000] {spark_submit.py:644} INFO - (spark.executorEnv.PYSPARK_PYTHON,/usr/bin/python3)
[2025-05-04T13:13:50.849+0000] {spark_submit.py:644} INFO - (spark.master,spark://spark-master:7077)
[2025-05-04T13:13:50.849+0000] {spark_submit.py:644} INFO - (spark.pyspark.python,/usr/bin/python3)
[2025-05-04T13:13:50.849+0000] {spark_submit.py:644} INFO - (spark.submit.deployMode,client)
[2025-05-04T13:13:50.850+0000] {spark_submit.py:644} INFO - (spark.submit.pyFiles,)
[2025-05-04T13:13:50.850+0000] {spark_submit.py:644} INFO - Classpath elements:
[2025-05-04T13:13:50.850+0000] {spark_submit.py:644} INFO - 
[2025-05-04T13:13:50.850+0000] {spark_submit.py:644} INFO - 
[2025-05-04T13:13:50.850+0000] {spark_submit.py:644} INFO - 
[2025-05-04T13:13:50.925+0000] {spark_submit.py:644} INFO - Exception in thread "main" java.io.IOException: Cannot run program "/usr/bin/python3": error=2, No such file or directory
[2025-05-04T13:13:50.926+0000] {spark_submit.py:644} INFO - at java.base/java.lang.ProcessBuilder.start(ProcessBuilder.java:1143)
[2025-05-04T13:13:50.926+0000] {spark_submit.py:644} INFO - at java.base/java.lang.ProcessBuilder.start(ProcessBuilder.java:1073)
[2025-05-04T13:13:50.926+0000] {spark_submit.py:644} INFO - at org.apache.spark.deploy.PythonRunner$.main(PythonRunner.scala:97)
[2025-05-04T13:13:50.926+0000] {spark_submit.py:644} INFO - at org.apache.spark.deploy.PythonRunner.main(PythonRunner.scala)
[2025-05-04T13:13:50.926+0000] {spark_submit.py:644} INFO - at java.base/jdk.internal.reflect.NativeMethodAccessorImpl.invoke0(Native Method)
[2025-05-04T13:13:50.926+0000] {spark_submit.py:644} INFO - at java.base/jdk.internal.reflect.NativeMethodAccessorImpl.invoke(NativeMethodAccessorImpl.java:77)
[2025-05-04T13:13:50.926+0000] {spark_submit.py:644} INFO - at java.base/jdk.internal.reflect.DelegatingMethodAccessorImpl.invoke(DelegatingMethodAccessorImpl.java:43)
[2025-05-04T13:13:50.926+0000] {spark_submit.py:644} INFO - at java.base/java.lang.reflect.Method.invoke(Method.java:569)
[2025-05-04T13:13:50.926+0000] {spark_submit.py:644} INFO - at org.apache.spark.deploy.JavaMainApplication.start(SparkApplication.scala:52)
[2025-05-04T13:13:50.927+0000] {spark_submit.py:644} INFO - at org.apache.spark.deploy.SparkSubmit.org$apache$spark$deploy$SparkSubmit$$runMain(SparkSubmit.scala:958)
[2025-05-04T13:13:50.927+0000] {spark_submit.py:644} INFO - at org.apache.spark.deploy.SparkSubmit.doRunMain$1(SparkSubmit.scala:180)
[2025-05-04T13:13:50.927+0000] {spark_submit.py:644} INFO - at org.apache.spark.deploy.SparkSubmit.submit(SparkSubmit.scala:203)
[2025-05-04T13:13:50.927+0000] {spark_submit.py:644} INFO - at org.apache.spark.deploy.SparkSubmit.doSubmit(SparkSubmit.scala:90)
[2025-05-04T13:13:50.927+0000] {spark_submit.py:644} INFO - at org.apache.spark.deploy.SparkSubmit$$anon$2.doSubmit(SparkSubmit.scala:1046)
[2025-05-04T13:13:50.927+0000] {spark_submit.py:644} INFO - at org.apache.spark.deploy.SparkSubmit$.main(SparkSubmit.scala:1055)
[2025-05-04T13:13:50.927+0000] {spark_submit.py:644} INFO - at org.apache.spark.deploy.SparkSubmit.main(SparkSubmit.scala)
[2025-05-04T13:13:50.927+0000] {spark_submit.py:644} INFO - Caused by: java.io.IOException: error=2, No such file or directory
[2025-05-04T13:13:50.927+0000] {spark_submit.py:644} INFO - at java.base/java.lang.ProcessImpl.forkAndExec(Native Method)
[2025-05-04T13:13:50.927+0000] {spark_submit.py:644} INFO - at java.base/java.lang.ProcessImpl.<init>(ProcessImpl.java:314)
[2025-05-04T13:13:50.927+0000] {spark_submit.py:644} INFO - at java.base/java.lang.ProcessImpl.start(ProcessImpl.java:244)
[2025-05-04T13:13:50.927+0000] {spark_submit.py:644} INFO - at java.base/java.lang.ProcessBuilder.start(ProcessBuilder.java:1110)
[2025-05-04T13:13:50.928+0000] {spark_submit.py:644} INFO - ... 15 more
[2025-05-04T13:13:50.935+0000] {spark_submit.py:644} INFO - 25/05/04 13:13:50 INFO ShutdownHookManager: Shutdown hook called
[2025-05-04T13:13:50.937+0000] {spark_submit.py:644} INFO - 25/05/04 13:13:50 INFO ShutdownHookManager: Deleting directory /tmp/spark-e9c8a7ba-993c-4e04-b8b4-d6a4e3ba65e4
[2025-05-04T13:13:50.970+0000] {taskinstance.py:441} INFO - ::group::Post task execution logs
[2025-05-04T13:13:51.004+0000] {taskinstance.py:2905} ERROR - Task failed with exception
Traceback (most recent call last):
  File "/home/airflow/.local/lib/python3.10/site-packages/airflow/models/taskinstance.py", line 465, in _execute_task
    result = _execute_callable(context=context, **execute_callable_kwargs)
  File "/home/airflow/.local/lib/python3.10/site-packages/airflow/models/taskinstance.py", line 432, in _execute_callable
    return execute_callable(context=context, **execute_callable_kwargs)
  File "/home/airflow/.local/lib/python3.10/site-packages/airflow/models/baseoperator.py", line 400, in wrapper
    return func(self, *args, **kwargs)
  File "/home/airflow/.local/lib/python3.10/site-packages/airflow/providers/apache/spark/operators/spark_submit.py", line 197, in execute
    self._hook.submit(self.application)
  File "/home/airflow/.local/lib/python3.10/site-packages/airflow/providers/apache/spark/hooks/spark_submit.py", line 566, in submit
    raise AirflowException(
airflow.exceptions.AirflowException: Cannot execute: spark-submit --master spark://spark-master:7077 --conf spark.master=spark://spark-master:7077 --conf spark.submit.deployMode=client --conf spark.pyspark.python=/usr/bin/python3 --conf spark.executorEnv.PYSPARK_PYTHON=/usr/bin/python3 --name LandingToBronze --verbose --queue root.default --deploy-mode client /opt/airflow/dags/landing_to_bronze.py. Error code is: 1.
[2025-05-04T13:13:51.010+0000] {taskinstance.py:1206} INFO - Marking task as FAILED. dag_id=final_project_BBDL, task_id=LandingToBronze, run_id=manual__2025-05-04T13:13:46.329699+00:00, execution_date=20250504T131346, start_date=20250504T131347, end_date=20250504T131351
[2025-05-04T13:13:51.038+0000] {standard_task_runner.py:110} ERROR - Failed to execute job 6 for task LandingToBronze (Cannot execute: spark-submit --master spark://spark-master:7077 --conf spark.master=spark://spark-master:7077 --conf spark.submit.deployMode=client --conf spark.pyspark.python=/usr/bin/python3 --conf spark.executorEnv.PYSPARK_PYTHON=/usr/bin/python3 --name LandingToBronze --verbose --queue root.default --deploy-mode client /opt/airflow/dags/landing_to_bronze.py. Error code is: 1.; 1710)
[2025-05-04T13:13:51.075+0000] {local_task_job_runner.py:240} INFO - Task exited with return code 1
[2025-05-04T13:13:51.122+0000] {taskinstance.py:3498} INFO - 0 downstream tasks scheduled from follow-on schedule check
[2025-05-04T13:13:51.154+0000] {local_task_job_runner.py:222} INFO - ::endgroup::
