[2025-05-05T20:23:29.953+0000] {taskinstance.py:1103} INFO - Dependencies all met for dep_context=non-requeueable deps ti=<TaskInstance: final_project_BBDL.SilverToGold manual__2025-05-05T20:22:42.043400+00:00 [queued]>
[2025-05-05T20:23:29.962+0000] {taskinstance.py:1103} INFO - Dependencies all met for dep_context=requeueable deps ti=<TaskInstance: final_project_BBDL.SilverToGold manual__2025-05-05T20:22:42.043400+00:00 [queued]>
[2025-05-05T20:23:29.963+0000] {taskinstance.py:1308} INFO - Starting attempt 1 of 1
[2025-05-05T20:23:30.033+0000] {taskinstance.py:1327} INFO - Executing <Task(SparkSubmitOperator): SilverToGold> on 2025-05-05 20:22:42.043400+00:00
[2025-05-05T20:23:30.036+0000] {standard_task_runner.py:57} INFO - Started process 696 to run task
[2025-05-05T20:23:30.039+0000] {standard_task_runner.py:84} INFO - Running: ['airflow', 'tasks', 'run', 'final_project_BBDL', 'SilverToGold', 'manual__2025-05-05T20:22:42.043400+00:00', '--job-id', '5', '--raw', '--subdir', 'DAGS_FOLDER/project_solution.py', '--cfg-path', '/tmp/tmpfcdmjgba']
[2025-05-05T20:23:30.040+0000] {standard_task_runner.py:85} INFO - Job 5: Subtask SilverToGold
[2025-05-05T20:23:30.081+0000] {logging_mixin.py:150} WARNING - /home/airflow/.local/lib/python3.7/site-packages/airflow/settings.py:195 DeprecationWarning: The sql_alchemy_conn option in [core] has been moved to the sql_alchemy_conn option in [database] - the old setting has been used, but please update your config.
[2025-05-05T20:23:30.119+0000] {task_command.py:410} INFO - Running <TaskInstance: final_project_BBDL.SilverToGold manual__2025-05-05T20:22:42.043400+00:00 [running]> on host b431f09a1fa6
[2025-05-05T20:23:30.257+0000] {taskinstance.py:1547} INFO - Exporting env vars: AIRFLOW_CTX_DAG_OWNER='airflow' AIRFLOW_CTX_DAG_ID='final_project_BBDL' AIRFLOW_CTX_TASK_ID='SilverToGold' AIRFLOW_CTX_EXECUTION_DATE='2025-05-05T20:22:42.043400+00:00' AIRFLOW_CTX_TRY_NUMBER='1' AIRFLOW_CTX_DAG_RUN_ID='manual__2025-05-05T20:22:42.043400+00:00'
[2025-05-05T20:23:30.268+0000] {base.py:73} INFO - Using connection ID 'spark_default' for task execution.
[2025-05-05T20:23:30.270+0000] {spark_submit.py:339} INFO - Spark-Submit cmd: spark-submit --master spark://spark-master:7077 --conf spark.master=spark://spark-master:7077 --name SilverToGold --verbose --queue root.default /opt/airflow/dags/silver_to_gold.py
[2025-05-05T20:23:31.883+0000] {spark_submit.py:490} INFO - Using properties file: null
[2025-05-05T20:23:31.995+0000] {spark_submit.py:490} INFO - Parsed arguments:
[2025-05-05T20:23:31.995+0000] {spark_submit.py:490} INFO - master                  spark://spark-master:7077
[2025-05-05T20:23:31.995+0000] {spark_submit.py:490} INFO - deployMode              null
[2025-05-05T20:23:31.995+0000] {spark_submit.py:490} INFO - executorMemory          null
[2025-05-05T20:23:31.995+0000] {spark_submit.py:490} INFO - executorCores           null
[2025-05-05T20:23:31.995+0000] {spark_submit.py:490} INFO - totalExecutorCores      null
[2025-05-05T20:23:31.995+0000] {spark_submit.py:490} INFO - propertiesFile          null
[2025-05-05T20:23:31.996+0000] {spark_submit.py:490} INFO - driverMemory            null
[2025-05-05T20:23:31.996+0000] {spark_submit.py:490} INFO - driverCores             null
[2025-05-05T20:23:31.996+0000] {spark_submit.py:490} INFO - driverExtraClassPath    null
[2025-05-05T20:23:31.996+0000] {spark_submit.py:490} INFO - driverExtraLibraryPath  null
[2025-05-05T20:23:31.996+0000] {spark_submit.py:490} INFO - driverExtraJavaOptions  null
[2025-05-05T20:23:31.996+0000] {spark_submit.py:490} INFO - supervise               false
[2025-05-05T20:23:31.996+0000] {spark_submit.py:490} INFO - queue                   root.default
[2025-05-05T20:23:31.996+0000] {spark_submit.py:490} INFO - numExecutors            null
[2025-05-05T20:23:31.996+0000] {spark_submit.py:490} INFO - files                   null
[2025-05-05T20:23:31.996+0000] {spark_submit.py:490} INFO - pyFiles                 null
[2025-05-05T20:23:31.996+0000] {spark_submit.py:490} INFO - archives                null
[2025-05-05T20:23:31.996+0000] {spark_submit.py:490} INFO - mainClass               null
[2025-05-05T20:23:31.996+0000] {spark_submit.py:490} INFO - primaryResource         file:/opt/airflow/dags/silver_to_gold.py
[2025-05-05T20:23:31.996+0000] {spark_submit.py:490} INFO - name                    SilverToGold
[2025-05-05T20:23:31.996+0000] {spark_submit.py:490} INFO - childArgs               []
[2025-05-05T20:23:31.996+0000] {spark_submit.py:490} INFO - jars                    null
[2025-05-05T20:23:31.996+0000] {spark_submit.py:490} INFO - packages                null
[2025-05-05T20:23:31.997+0000] {spark_submit.py:490} INFO - packagesExclusions      null
[2025-05-05T20:23:31.997+0000] {spark_submit.py:490} INFO - repositories            null
[2025-05-05T20:23:31.997+0000] {spark_submit.py:490} INFO - verbose                 true
[2025-05-05T20:23:31.997+0000] {spark_submit.py:490} INFO - 
[2025-05-05T20:23:31.997+0000] {spark_submit.py:490} INFO - Spark properties used, including those specified through
[2025-05-05T20:23:31.997+0000] {spark_submit.py:490} INFO - --conf and those from the properties file null:
[2025-05-05T20:23:31.997+0000] {spark_submit.py:490} INFO - (spark.master,spark://spark-master:7077)
[2025-05-05T20:23:31.997+0000] {spark_submit.py:490} INFO - 
[2025-05-05T20:23:31.997+0000] {spark_submit.py:490} INFO - 
[2025-05-05T20:23:32.237+0000] {spark_submit.py:490} INFO - Main class:
[2025-05-05T20:23:32.238+0000] {spark_submit.py:490} INFO - org.apache.spark.deploy.PythonRunner
[2025-05-05T20:23:32.238+0000] {spark_submit.py:490} INFO - Arguments:
[2025-05-05T20:23:32.238+0000] {spark_submit.py:490} INFO - file:/opt/airflow/dags/silver_to_gold.py
[2025-05-05T20:23:32.238+0000] {spark_submit.py:490} INFO - null
[2025-05-05T20:23:32.240+0000] {spark_submit.py:490} INFO - Spark config:
[2025-05-05T20:23:32.240+0000] {spark_submit.py:490} INFO - (spark.app.name,SilverToGold)
[2025-05-05T20:23:32.240+0000] {spark_submit.py:490} INFO - (spark.app.submitTime,1746476612221)
[2025-05-05T20:23:32.240+0000] {spark_submit.py:490} INFO - (spark.master,spark://spark-master:7077)
[2025-05-05T20:23:32.241+0000] {spark_submit.py:490} INFO - (spark.submit.deployMode,client)
[2025-05-05T20:23:32.241+0000] {spark_submit.py:490} INFO - (spark.submit.pyFiles,)
[2025-05-05T20:23:32.241+0000] {spark_submit.py:490} INFO - Classpath elements:
[2025-05-05T20:23:32.241+0000] {spark_submit.py:490} INFO - 
[2025-05-05T20:23:32.241+0000] {spark_submit.py:490} INFO - 
[2025-05-05T20:23:32.241+0000] {spark_submit.py:490} INFO - 
[2025-05-05T20:23:32.741+0000] {spark_submit.py:490} INFO - 25/05/05 20:23:32 INFO SparkContext: Running Spark version 3.3.0
[2025-05-05T20:23:32.800+0000] {spark_submit.py:490} INFO - 25/05/05 20:23:32 WARN NativeCodeLoader: Unable to load native-hadoop library for your platform... using builtin-java classes where applicable
[2025-05-05T20:23:32.880+0000] {spark_submit.py:490} INFO - 25/05/05 20:23:32 INFO ResourceUtils: ==============================================================
[2025-05-05T20:23:32.880+0000] {spark_submit.py:490} INFO - 25/05/05 20:23:32 INFO ResourceUtils: No custom resources configured for spark.driver.
[2025-05-05T20:23:32.881+0000] {spark_submit.py:490} INFO - 25/05/05 20:23:32 INFO ResourceUtils: ==============================================================
[2025-05-05T20:23:32.881+0000] {spark_submit.py:490} INFO - 25/05/05 20:23:32 INFO SparkContext: Submitted application: SilverToGold
[2025-05-05T20:23:32.900+0000] {spark_submit.py:490} INFO - 25/05/05 20:23:32 INFO ResourceProfile: Default ResourceProfile created, executor resources: Map(cores -> name: cores, amount: 1, script: , vendor: , memory -> name: memory, amount: 1024, script: , vendor: , offHeap -> name: offHeap, amount: 0, script: , vendor: ), task resources: Map(cpus -> name: cpus, amount: 1.0)
[2025-05-05T20:23:32.910+0000] {spark_submit.py:490} INFO - 25/05/05 20:23:32 INFO ResourceProfile: Limiting resource is cpu
[2025-05-05T20:23:32.911+0000] {spark_submit.py:490} INFO - 25/05/05 20:23:32 INFO ResourceProfileManager: Added ResourceProfile id: 0
[2025-05-05T20:23:32.954+0000] {spark_submit.py:490} INFO - 25/05/05 20:23:32 INFO SecurityManager: Changing view acls to: root
[2025-05-05T20:23:32.954+0000] {spark_submit.py:490} INFO - 25/05/05 20:23:32 INFO SecurityManager: Changing modify acls to: root
[2025-05-05T20:23:32.955+0000] {spark_submit.py:490} INFO - 25/05/05 20:23:32 INFO SecurityManager: Changing view acls groups to:
[2025-05-05T20:23:32.955+0000] {spark_submit.py:490} INFO - 25/05/05 20:23:32 INFO SecurityManager: Changing modify acls groups to:
[2025-05-05T20:23:32.956+0000] {spark_submit.py:490} INFO - 25/05/05 20:23:32 INFO SecurityManager: SecurityManager: authentication disabled; ui acls disabled; users  with view permissions: Set(root); groups with view permissions: Set(); users  with modify permissions: Set(root); groups with modify permissions: Set()
[2025-05-05T20:23:33.206+0000] {spark_submit.py:490} INFO - 25/05/05 20:23:33 INFO Utils: Successfully started service 'sparkDriver' on port 40095.
[2025-05-05T20:23:33.230+0000] {spark_submit.py:490} INFO - 25/05/05 20:23:33 INFO SparkEnv: Registering MapOutputTracker
[2025-05-05T20:23:33.262+0000] {spark_submit.py:490} INFO - 25/05/05 20:23:33 INFO SparkEnv: Registering BlockManagerMaster
[2025-05-05T20:23:33.282+0000] {spark_submit.py:490} INFO - 25/05/05 20:23:33 INFO BlockManagerMasterEndpoint: Using org.apache.spark.storage.DefaultTopologyMapper for getting topology information
[2025-05-05T20:23:33.283+0000] {spark_submit.py:490} INFO - 25/05/05 20:23:33 INFO BlockManagerMasterEndpoint: BlockManagerMasterEndpoint up
[2025-05-05T20:23:33.288+0000] {spark_submit.py:490} INFO - 25/05/05 20:23:33 INFO SparkEnv: Registering BlockManagerMasterHeartbeat
[2025-05-05T20:23:33.307+0000] {spark_submit.py:490} INFO - 25/05/05 20:23:33 INFO DiskBlockManager: Created local directory at /tmp/blockmgr-2d880528-152c-4bda-963f-d6f2a41a9092
[2025-05-05T20:23:33.322+0000] {spark_submit.py:490} INFO - 25/05/05 20:23:33 INFO MemoryStore: MemoryStore started with capacity 434.4 MiB
[2025-05-05T20:23:33.336+0000] {spark_submit.py:490} INFO - 25/05/05 20:23:33 INFO SparkEnv: Registering OutputCommitCoordinator
[2025-05-05T20:23:33.522+0000] {spark_submit.py:490} INFO - 25/05/05 20:23:33 INFO Utils: Successfully started service 'SparkUI' on port 4040.
[2025-05-05T20:23:33.624+0000] {spark_submit.py:490} INFO - 25/05/05 20:23:33 INFO StandaloneAppClient$ClientEndpoint: Connecting to master spark://spark-master:7077...
[2025-05-05T20:23:33.668+0000] {spark_submit.py:490} INFO - 25/05/05 20:23:33 INFO TransportClientFactory: Successfully created connection to spark-master/172.18.0.3:7077 after 25 ms (0 ms spent in bootstraps)
[2025-05-05T20:23:33.747+0000] {spark_submit.py:490} INFO - 25/05/05 20:23:33 INFO StandaloneSchedulerBackend: Connected to Spark cluster with app ID app-20250505202333-0002
[2025-05-05T20:23:33.749+0000] {spark_submit.py:490} INFO - 25/05/05 20:23:33 INFO StandaloneAppClient$ClientEndpoint: Executor added: app-20250505202333-0002/0 on worker-20250505201940-172.18.0.6-38439 (172.18.0.6:38439) with 2 core(s)
[2025-05-05T20:23:33.758+0000] {spark_submit.py:490} INFO - 25/05/05 20:23:33 INFO StandaloneSchedulerBackend: Granted executor ID app-20250505202333-0002/0 on hostPort 172.18.0.6:38439 with 2 core(s), 1024.0 MiB RAM
[2025-05-05T20:23:33.758+0000] {spark_submit.py:490} INFO - 25/05/05 20:23:33 INFO Utils: Successfully started service 'org.apache.spark.network.netty.NettyBlockTransferService' on port 38507.
[2025-05-05T20:23:33.758+0000] {spark_submit.py:490} INFO - 25/05/05 20:23:33 INFO NettyBlockTransferService: Server created on b431f09a1fa6:38507
[2025-05-05T20:23:33.760+0000] {spark_submit.py:490} INFO - 25/05/05 20:23:33 INFO BlockManager: Using org.apache.spark.storage.RandomBlockReplicationPolicy for block replication policy
[2025-05-05T20:23:33.768+0000] {spark_submit.py:490} INFO - 25/05/05 20:23:33 INFO BlockManagerMaster: Registering BlockManager BlockManagerId(driver, b431f09a1fa6, 38507, None)
[2025-05-05T20:23:33.772+0000] {spark_submit.py:490} INFO - 25/05/05 20:23:33 INFO BlockManagerMasterEndpoint: Registering block manager b431f09a1fa6:38507 with 434.4 MiB RAM, BlockManagerId(driver, b431f09a1fa6, 38507, None)
[2025-05-05T20:23:33.776+0000] {spark_submit.py:490} INFO - 25/05/05 20:23:33 INFO BlockManagerMaster: Registered BlockManager BlockManagerId(driver, b431f09a1fa6, 38507, None)
[2025-05-05T20:23:33.777+0000] {spark_submit.py:490} INFO - 25/05/05 20:23:33 INFO BlockManager: Initialized BlockManager: BlockManagerId(driver, b431f09a1fa6, 38507, None)
[2025-05-05T20:23:33.788+0000] {spark_submit.py:490} INFO - 25/05/05 20:23:33 INFO StandaloneAppClient$ClientEndpoint: Executor updated: app-20250505202333-0002/0 is now RUNNING
[2025-05-05T20:23:33.984+0000] {spark_submit.py:490} INFO - 25/05/05 20:23:33 INFO StandaloneSchedulerBackend: SchedulerBackend is ready for scheduling beginning after reached minRegisteredResourcesRatio: 0.0
[2025-05-05T20:23:34.186+0000] {spark_submit.py:490} INFO - 25/05/05 20:23:34 INFO SharedState: Setting hive.metastore.warehouse.dir ('null') to the value of spark.sql.warehouse.dir.
[2025-05-05T20:23:34.193+0000] {spark_submit.py:490} INFO - 25/05/05 20:23:34 INFO SharedState: Warehouse path is 'file:/opt/airflow/spark-warehouse'.
[2025-05-05T20:23:35.028+0000] {spark_submit.py:490} INFO - Traceback (most recent call last):
[2025-05-05T20:23:35.029+0000] {spark_submit.py:490} INFO - File "/opt/airflow/dags/silver_to_gold.py", line 56, in <module>
[2025-05-05T20:23:35.029+0000] {spark_submit.py:490} INFO - main()
[2025-05-05T20:23:35.029+0000] {spark_submit.py:490} INFO - File "/opt/airflow/dags/silver_to_gold.py", line 25, in main
[2025-05-05T20:23:35.029+0000] {spark_submit.py:490} INFO - df_bio = spark.read.parquet(silver_bio_path)
[2025-05-05T20:23:35.029+0000] {spark_submit.py:490} INFO - File "/opt/spark/python/lib/pyspark.zip/pyspark/sql/readwriter.py", line 364, in parquet
[2025-05-05T20:23:35.030+0000] {spark_submit.py:490} INFO - File "/opt/spark/python/lib/py4j-0.10.9.5-src.zip/py4j/java_gateway.py", line 1322, in __call__
[2025-05-05T20:23:35.030+0000] {spark_submit.py:490} INFO - File "/opt/spark/python/lib/pyspark.zip/pyspark/sql/utils.py", line 196, in deco
[2025-05-05T20:23:35.040+0000] {spark_submit.py:490} INFO - pyspark.sql.utils.AnalysisException: Path does not exist: file:/opt/airflow/silver/athlete_bio
[2025-05-05T20:23:35.079+0000] {spark_submit.py:490} INFO - 25/05/05 20:23:35 INFO SparkContext: Invoking stop() from shutdown hook
[2025-05-05T20:23:35.099+0000] {spark_submit.py:490} INFO - 25/05/05 20:23:35 INFO SparkUI: Stopped Spark web UI at http://b431f09a1fa6:4040
[2025-05-05T20:23:35.105+0000] {spark_submit.py:490} INFO - 25/05/05 20:23:35 INFO StandaloneSchedulerBackend: Shutting down all executors
[2025-05-05T20:23:35.109+0000] {spark_submit.py:490} INFO - 25/05/05 20:23:35 INFO CoarseGrainedSchedulerBackend$DriverEndpoint: Asking each executor to shut down
[2025-05-05T20:23:35.129+0000] {spark_submit.py:490} INFO - 25/05/05 20:23:35 INFO MapOutputTrackerMasterEndpoint: MapOutputTrackerMasterEndpoint stopped!
[2025-05-05T20:23:35.161+0000] {spark_submit.py:490} INFO - 25/05/05 20:23:35 INFO MemoryStore: MemoryStore cleared
[2025-05-05T20:23:35.161+0000] {spark_submit.py:490} INFO - 25/05/05 20:23:35 INFO BlockManager: BlockManager stopped
[2025-05-05T20:23:35.166+0000] {spark_submit.py:490} INFO - 25/05/05 20:23:35 INFO BlockManagerMaster: BlockManagerMaster stopped
[2025-05-05T20:23:35.168+0000] {spark_submit.py:490} INFO - 25/05/05 20:23:35 INFO OutputCommitCoordinator$OutputCommitCoordinatorEndpoint: OutputCommitCoordinator stopped!
[2025-05-05T20:23:35.178+0000] {spark_submit.py:490} INFO - 25/05/05 20:23:35 INFO SparkContext: Successfully stopped SparkContext
[2025-05-05T20:23:35.179+0000] {spark_submit.py:490} INFO - 25/05/05 20:23:35 INFO ShutdownHookManager: Shutdown hook called
[2025-05-05T20:23:35.179+0000] {spark_submit.py:490} INFO - 25/05/05 20:23:35 INFO ShutdownHookManager: Deleting directory /tmp/spark-6abf16d6-336a-47c2-939b-8ad6a9e13b38
[2025-05-05T20:23:35.183+0000] {spark_submit.py:490} INFO - 25/05/05 20:23:35 INFO ShutdownHookManager: Deleting directory /tmp/spark-9485210b-e6cc-4362-a705-f51573c9754c/pyspark-e621ed2b-3ef1-4bbb-818d-1fd33ecfbfb0
[2025-05-05T20:23:35.186+0000] {spark_submit.py:490} INFO - 25/05/05 20:23:35 INFO ShutdownHookManager: Deleting directory /tmp/spark-9485210b-e6cc-4362-a705-f51573c9754c
[2025-05-05T20:23:35.232+0000] {taskinstance.py:1824} ERROR - Task failed with exception
Traceback (most recent call last):
  File "/home/airflow/.local/lib/python3.7/site-packages/airflow/providers/apache/spark/operators/spark_submit.py", line 157, in execute
    self._hook.submit(self._application)
  File "/home/airflow/.local/lib/python3.7/site-packages/airflow/providers/apache/spark/hooks/spark_submit.py", line 422, in submit
    f"Cannot execute: {self._mask_cmd(spark_submit_cmd)}. Error code is: {returncode}."
airflow.exceptions.AirflowException: Cannot execute: spark-submit --master spark://spark-master:7077 --conf spark.master=spark://spark-master:7077 --name SilverToGold --verbose --queue root.default /opt/airflow/dags/silver_to_gold.py. Error code is: 1.
[2025-05-05T20:23:35.236+0000] {taskinstance.py:1350} INFO - Marking task as FAILED. dag_id=final_project_BBDL, task_id=SilverToGold, execution_date=20250505T202242, start_date=20250505T202329, end_date=20250505T202335
[2025-05-05T20:23:35.303+0000] {standard_task_runner.py:109} ERROR - Failed to execute job 5 for task SilverToGold (Cannot execute: spark-submit --master spark://spark-master:7077 --conf spark.master=spark://spark-master:7077 --name SilverToGold --verbose --queue root.default /opt/airflow/dags/silver_to_gold.py. Error code is: 1.; 696)
[2025-05-05T20:23:35.342+0000] {local_task_job_runner.py:225} INFO - Task exited with return code 1
[2025-05-05T20:23:35.357+0000] {taskinstance.py:2653} INFO - 0 downstream tasks scheduled from follow-on schedule check
