[2025-05-07 20:06:13,062] {taskinstance.py:1043} INFO - Dependencies all met for <TaskInstance: spark_kafka_pipeline_dag.send_results_to_kafka manual__2025-05-07T20:00:59.024640+00:00 [queued]>
[2025-05-07 20:06:13,070] {taskinstance.py:1043} INFO - Dependencies all met for <TaskInstance: spark_kafka_pipeline_dag.send_results_to_kafka manual__2025-05-07T20:00:59.024640+00:00 [queued]>
[2025-05-07 20:06:13,070] {taskinstance.py:1249} INFO - 
--------------------------------------------------------------------------------
[2025-05-07 20:06:13,070] {taskinstance.py:1250} INFO - Starting attempt 2 of 2
[2025-05-07 20:06:13,070] {taskinstance.py:1251} INFO - 
--------------------------------------------------------------------------------
[2025-05-07 20:06:13,093] {taskinstance.py:1270} INFO - Executing <Task(BashOperator): send_results_to_kafka> on 2025-05-07 20:00:59.024640+00:00
[2025-05-07 20:06:13,095] {standard_task_runner.py:52} INFO - Started process 1154 to run task
[2025-05-07 20:06:13,098] {standard_task_runner.py:79} INFO - Running: ['airflow', 'tasks', 'run', 'spark_kafka_pipeline_dag', 'send_results_to_kafka', 'manual__2025-05-07T20:00:59.024640+00:00', '--job-id', '6', '--raw', '--subdir', 'DAGS_FOLDER/spark_kafka_pipeline_dag.py', '--cfg-path', '/tmp/tmppms9g5xq', '--error-file', '/tmp/tmptax835zh']
[2025-05-07 20:06:13,099] {standard_task_runner.py:80} INFO - Job 6: Subtask send_results_to_kafka
[2025-05-07 20:06:13,160] {logging_mixin.py:109} INFO - Running <TaskInstance: spark_kafka_pipeline_dag.send_results_to_kafka manual__2025-05-07T20:00:59.024640+00:00 [running]> on host 8e8e9d6702f3
[2025-05-07 20:06:13,218] {taskinstance.py:1448} INFO - Exporting the following env vars:
AIRFLOW_CTX_DAG_OWNER=airflow
AIRFLOW_CTX_DAG_ID=spark_kafka_pipeline_dag
AIRFLOW_CTX_TASK_ID=send_results_to_kafka
AIRFLOW_CTX_EXECUTION_DATE=2025-05-07T20:00:59.024640+00:00
AIRFLOW_CTX_DAG_RUN_ID=manual__2025-05-07T20:00:59.024640+00:00
[2025-05-07 20:06:13,218] {subprocess.py:62} INFO - Tmp dir root location: 
 /tmp
[2025-05-07 20:06:13,219] {subprocess.py:74} INFO - Running command: ['bash', '-c', 'python /opt/airflow/scripts/pipeline.py']
[2025-05-07 20:06:13,224] {subprocess.py:85} INFO - Output:
[2025-05-07 20:06:15,000] {subprocess.py:89} INFO - :: loading settings :: url = jar:file:/root/.local/lib/python3.7/site-packages/pyspark/jars/ivy-2.5.0.jar!/org/apache/ivy/core/settings/ivysettings.xml
[2025-05-07 20:06:15,088] {subprocess.py:89} INFO - Ivy Default Cache set to: /root/.ivy2/cache
[2025-05-07 20:06:15,089] {subprocess.py:89} INFO - The jars for the packages stored in: /root/.ivy2/jars
[2025-05-07 20:06:15,093] {subprocess.py:89} INFO - org.apache.spark#spark-streaming-kafka-0-10_2.12 added as a dependency
[2025-05-07 20:06:15,093] {subprocess.py:89} INFO - org.apache.spark#spark-sql-kafka-0-10_2.12 added as a dependency
[2025-05-07 20:06:15,094] {subprocess.py:89} INFO - :: resolving dependencies :: org.apache.spark#spark-submit-parent-278a675f-71d8-4e63-8729-f0a6a4ae4246;1.0
[2025-05-07 20:06:15,094] {subprocess.py:89} INFO - 	confs: [default]
[2025-05-07 20:06:15,215] {subprocess.py:89} INFO - 	found org.apache.spark#spark-streaming-kafka-0-10_2.12;3.5.1 in central
[2025-05-07 20:06:15,266] {subprocess.py:89} INFO - 	found org.apache.spark#spark-token-provider-kafka-0-10_2.12;3.5.1 in central
[2025-05-07 20:06:15,288] {subprocess.py:89} INFO - 	found org.apache.kafka#kafka-clients;3.4.1 in central
[2025-05-07 20:06:15,308] {subprocess.py:89} INFO - 	found org.lz4#lz4-java;1.8.0 in central
[2025-05-07 20:06:15,326] {subprocess.py:89} INFO - 	found org.xerial.snappy#snappy-java;1.1.10.3 in central
[2025-05-07 20:06:15,342] {subprocess.py:89} INFO - 	found org.slf4j#slf4j-api;2.0.7 in central
[2025-05-07 20:06:15,361] {subprocess.py:89} INFO - 	found org.apache.hadoop#hadoop-client-runtime;3.3.4 in central
[2025-05-07 20:06:15,397] {subprocess.py:89} INFO - 	found org.apache.hadoop#hadoop-client-api;3.3.4 in central
[2025-05-07 20:06:15,419] {subprocess.py:89} INFO - 	found commons-logging#commons-logging;1.1.3 in central
[2025-05-07 20:06:15,431] {subprocess.py:89} INFO - 	found com.google.code.findbugs#jsr305;3.0.0 in central
[2025-05-07 20:06:15,451] {subprocess.py:89} INFO - 	found org.apache.spark#spark-sql-kafka-0-10_2.12;3.5.1 in central
[2025-05-07 20:06:15,464] {subprocess.py:89} INFO - 	found org.apache.commons#commons-pool2;2.11.1 in central
[2025-05-07 20:06:15,483] {subprocess.py:89} INFO - :: resolution report :: resolve 379ms :: artifacts dl 9ms
[2025-05-07 20:06:15,483] {subprocess.py:89} INFO - 	:: modules in use:
[2025-05-07 20:06:15,483] {subprocess.py:89} INFO - 	com.google.code.findbugs#jsr305;3.0.0 from central in [default]
[2025-05-07 20:06:15,483] {subprocess.py:89} INFO - 	commons-logging#commons-logging;1.1.3 from central in [default]
[2025-05-07 20:06:15,483] {subprocess.py:89} INFO - 	org.apache.commons#commons-pool2;2.11.1 from central in [default]
[2025-05-07 20:06:15,483] {subprocess.py:89} INFO - 	org.apache.hadoop#hadoop-client-api;3.3.4 from central in [default]
[2025-05-07 20:06:15,483] {subprocess.py:89} INFO - 	org.apache.hadoop#hadoop-client-runtime;3.3.4 from central in [default]
[2025-05-07 20:06:15,483] {subprocess.py:89} INFO - 	org.apache.kafka#kafka-clients;3.4.1 from central in [default]
[2025-05-07 20:06:15,483] {subprocess.py:89} INFO - 	org.apache.spark#spark-sql-kafka-0-10_2.12;3.5.1 from central in [default]
[2025-05-07 20:06:15,483] {subprocess.py:89} INFO - 	org.apache.spark#spark-streaming-kafka-0-10_2.12;3.5.1 from central in [default]
[2025-05-07 20:06:15,483] {subprocess.py:89} INFO - 	org.apache.spark#spark-token-provider-kafka-0-10_2.12;3.5.1 from central in [default]
[2025-05-07 20:06:15,483] {subprocess.py:89} INFO - 	org.lz4#lz4-java;1.8.0 from central in [default]
[2025-05-07 20:06:15,483] {subprocess.py:89} INFO - 	org.slf4j#slf4j-api;2.0.7 from central in [default]
[2025-05-07 20:06:15,484] {subprocess.py:89} INFO - 	org.xerial.snappy#snappy-java;1.1.10.3 from central in [default]
[2025-05-07 20:06:15,484] {subprocess.py:89} INFO - 	---------------------------------------------------------------------
[2025-05-07 20:06:15,484] {subprocess.py:89} INFO - 	|                  |            modules            ||   artifacts   |
[2025-05-07 20:06:15,484] {subprocess.py:89} INFO - 	|       conf       | number| search|dwnlded|evicted|| number|dwnlded|
[2025-05-07 20:06:15,484] {subprocess.py:89} INFO - 	---------------------------------------------------------------------
[2025-05-07 20:06:15,484] {subprocess.py:89} INFO - 	|      default     |   12  |   0   |   0   |   0   ||   12  |   0   |
[2025-05-07 20:06:15,484] {subprocess.py:89} INFO - 	---------------------------------------------------------------------
[2025-05-07 20:06:15,489] {subprocess.py:89} INFO - :: retrieving :: org.apache.spark#spark-submit-parent-278a675f-71d8-4e63-8729-f0a6a4ae4246
[2025-05-07 20:06:15,489] {subprocess.py:89} INFO - 	confs: [default]
[2025-05-07 20:06:15,497] {subprocess.py:89} INFO - 	0 artifacts copied, 12 already retrieved (0kB/8ms)
[2025-05-07 20:06:15,683] {subprocess.py:89} INFO - 25/05/07 20:06:15 WARN NativeCodeLoader: Unable to load native-hadoop library for your platform... using builtin-java classes where applicable
[2025-05-07 20:06:15,865] {subprocess.py:89} INFO - 25/05/07 20:06:15 WARN DependencyUtils: Local jar /tmp/airflowtmpapw43uss/mysql-connector-j-8.0.32.jar does not exist, skipping.
[2025-05-07 20:06:16,091] {subprocess.py:89} INFO - 25/05/07 20:06:16 INFO SparkContext: Running Spark version 3.3.0
[2025-05-07 20:06:16,114] {subprocess.py:89} INFO - 25/05/07 20:06:16 INFO ResourceUtils: ==============================================================
[2025-05-07 20:06:16,115] {subprocess.py:89} INFO - 25/05/07 20:06:16 INFO ResourceUtils: No custom resources configured for spark.driver.
[2025-05-07 20:06:16,115] {subprocess.py:89} INFO - 25/05/07 20:06:16 INFO ResourceUtils: ==============================================================
[2025-05-07 20:06:16,115] {subprocess.py:89} INFO - 25/05/07 20:06:16 INFO SparkContext: Submitted application: MyUnifiedApp
[2025-05-07 20:06:16,154] {subprocess.py:89} INFO - 25/05/07 20:06:16 INFO ResourceProfile: Default ResourceProfile created, executor resources: Map(cores -> name: cores, amount: 1, script: , vendor: , memory -> name: memory, amount: 1024, script: , vendor: , offHeap -> name: offHeap, amount: 0, script: , vendor: ), task resources: Map(cpus -> name: cpus, amount: 1.0)
[2025-05-07 20:06:16,164] {subprocess.py:89} INFO - 25/05/07 20:06:16 INFO ResourceProfile: Limiting resource is cpu
[2025-05-07 20:06:16,164] {subprocess.py:89} INFO - 25/05/07 20:06:16 INFO ResourceProfileManager: Added ResourceProfile id: 0
[2025-05-07 20:06:16,208] {subprocess.py:89} INFO - 25/05/07 20:06:16 INFO SecurityManager: Changing view acls to: root
[2025-05-07 20:06:16,209] {subprocess.py:89} INFO - 25/05/07 20:06:16 INFO SecurityManager: Changing modify acls to: root
[2025-05-07 20:06:16,209] {subprocess.py:89} INFO - 25/05/07 20:06:16 INFO SecurityManager: Changing view acls groups to:
[2025-05-07 20:06:16,210] {subprocess.py:89} INFO - 25/05/07 20:06:16 INFO SecurityManager: Changing modify acls groups to:
[2025-05-07 20:06:16,210] {subprocess.py:89} INFO - 25/05/07 20:06:16 INFO SecurityManager: SecurityManager: authentication disabled; ui acls disabled; users  with view permissions: Set(root); groups with view permissions: Set(); users  with modify permissions: Set(root); groups with modify permissions: Set()
[2025-05-07 20:06:16,478] {subprocess.py:89} INFO - 25/05/07 20:06:16 INFO Utils: Successfully started service 'sparkDriver' on port 35875.
[2025-05-07 20:06:16,505] {subprocess.py:89} INFO - 25/05/07 20:06:16 INFO SparkEnv: Registering MapOutputTracker
[2025-05-07 20:06:16,533] {subprocess.py:89} INFO - 25/05/07 20:06:16 INFO SparkEnv: Registering BlockManagerMaster
[2025-05-07 20:06:16,549] {subprocess.py:89} INFO - 25/05/07 20:06:16 INFO BlockManagerMasterEndpoint: Using org.apache.spark.storage.DefaultTopologyMapper for getting topology information
[2025-05-07 20:06:16,550] {subprocess.py:89} INFO - 25/05/07 20:06:16 INFO BlockManagerMasterEndpoint: BlockManagerMasterEndpoint up
[2025-05-07 20:06:16,554] {subprocess.py:89} INFO - 25/05/07 20:06:16 INFO SparkEnv: Registering BlockManagerMasterHeartbeat
[2025-05-07 20:06:16,571] {subprocess.py:89} INFO - 25/05/07 20:06:16 INFO DiskBlockManager: Created local directory at /tmp/blockmgr-56e763a6-4d71-4a42-a1ec-1d5aa279c35a
[2025-05-07 20:06:16,586] {subprocess.py:89} INFO - 25/05/07 20:06:16 INFO MemoryStore: MemoryStore started with capacity 434.4 MiB
[2025-05-07 20:06:16,600] {subprocess.py:89} INFO - 25/05/07 20:06:16 INFO SparkEnv: Registering OutputCommitCoordinator
[2025-05-07 20:06:16,779] {subprocess.py:89} INFO - 25/05/07 20:06:16 INFO Utils: Successfully started service 'SparkUI' on port 4040.
[2025-05-07 20:06:16,807] {subprocess.py:89} INFO - 25/05/07 20:06:16 ERROR SparkContext: Failed to add mysql-connector-j-8.0.32.jar to Spark environment
[2025-05-07 20:06:16,808] {subprocess.py:89} INFO - java.io.FileNotFoundException: Jar /tmp/airflowtmpapw43uss/mysql-connector-j-8.0.32.jar not found
[2025-05-07 20:06:16,808] {subprocess.py:89} INFO - 	at org.apache.spark.SparkContext.addLocalJarFile$1(SparkContext.scala:1949)
[2025-05-07 20:06:16,808] {subprocess.py:89} INFO - 	at org.apache.spark.SparkContext.addJar(SparkContext.scala:2004)
[2025-05-07 20:06:16,808] {subprocess.py:89} INFO - 	at org.apache.spark.SparkContext.$anonfun$new$12(SparkContext.scala:507)
[2025-05-07 20:06:16,808] {subprocess.py:89} INFO - 	at org.apache.spark.SparkContext.$anonfun$new$12$adapted(SparkContext.scala:507)
[2025-05-07 20:06:16,808] {subprocess.py:89} INFO - 	at scala.collection.mutable.ResizableArray.foreach(ResizableArray.scala:62)
[2025-05-07 20:06:16,808] {subprocess.py:89} INFO - 	at scala.collection.mutable.ResizableArray.foreach$(ResizableArray.scala:55)
[2025-05-07 20:06:16,808] {subprocess.py:89} INFO - 	at scala.collection.mutable.ArrayBuffer.foreach(ArrayBuffer.scala:49)
[2025-05-07 20:06:16,808] {subprocess.py:89} INFO - 	at org.apache.spark.SparkContext.<init>(SparkContext.scala:507)
[2025-05-07 20:06:16,808] {subprocess.py:89} INFO - 	at org.apache.spark.api.java.JavaSparkContext.<init>(JavaSparkContext.scala:58)
[2025-05-07 20:06:16,808] {subprocess.py:89} INFO - 	at java.base/jdk.internal.reflect.NativeConstructorAccessorImpl.newInstance0(Native Method)
[2025-05-07 20:06:16,808] {subprocess.py:89} INFO - 	at java.base/jdk.internal.reflect.NativeConstructorAccessorImpl.newInstance(NativeConstructorAccessorImpl.java:62)
[2025-05-07 20:06:16,808] {subprocess.py:89} INFO - 	at java.base/jdk.internal.reflect.DelegatingConstructorAccessorImpl.newInstance(DelegatingConstructorAccessorImpl.java:45)
[2025-05-07 20:06:16,808] {subprocess.py:89} INFO - 	at java.base/java.lang.reflect.Constructor.newInstance(Constructor.java:490)
[2025-05-07 20:06:16,808] {subprocess.py:89} INFO - 	at py4j.reflection.MethodInvoker.invoke(MethodInvoker.java:247)
[2025-05-07 20:06:16,809] {subprocess.py:89} INFO - 	at py4j.reflection.ReflectionEngine.invoke(ReflectionEngine.java:357)
[2025-05-07 20:06:16,809] {subprocess.py:89} INFO - 	at py4j.Gateway.invoke(Gateway.java:238)
[2025-05-07 20:06:16,809] {subprocess.py:89} INFO - 	at py4j.commands.ConstructorCommand.invokeConstructor(ConstructorCommand.java:80)
[2025-05-07 20:06:16,809] {subprocess.py:89} INFO - 	at py4j.commands.ConstructorCommand.execute(ConstructorCommand.java:69)
[2025-05-07 20:06:16,809] {subprocess.py:89} INFO - 	at py4j.ClientServerConnection.waitForCommands(ClientServerConnection.java:182)
[2025-05-07 20:06:16,809] {subprocess.py:89} INFO - 	at py4j.ClientServerConnection.run(ClientServerConnection.java:106)
[2025-05-07 20:06:16,809] {subprocess.py:89} INFO - 	at java.base/java.lang.Thread.run(Thread.java:829)
[2025-05-07 20:06:16,809] {subprocess.py:89} INFO - 25/05/07 20:06:16 INFO SparkContext: Added file file:///root/.ivy2/jars/org.apache.spark_spark-streaming-kafka-0-10_2.12-3.5.1.jar at file:///root/.ivy2/jars/org.apache.spark_spark-streaming-kafka-0-10_2.12-3.5.1.jar with timestamp 1746648376080
[2025-05-07 20:06:16,810] {subprocess.py:89} INFO - 25/05/07 20:06:16 INFO Utils: Copying /root/.ivy2/jars/org.apache.spark_spark-streaming-kafka-0-10_2.12-3.5.1.jar to /tmp/spark-bd5526ec-4bd6-40ba-a945-31117273cfec/userFiles-6340875b-678b-456e-a51d-1f81bc63bd22/org.apache.spark_spark-streaming-kafka-0-10_2.12-3.5.1.jar
[2025-05-07 20:06:16,821] {subprocess.py:89} INFO - 25/05/07 20:06:16 INFO SparkContext: Added file file:///root/.ivy2/jars/org.apache.spark_spark-sql-kafka-0-10_2.12-3.5.1.jar at file:///root/.ivy2/jars/org.apache.spark_spark-sql-kafka-0-10_2.12-3.5.1.jar with timestamp 1746648376080
[2025-05-07 20:06:16,821] {subprocess.py:89} INFO - 25/05/07 20:06:16 INFO Utils: Copying /root/.ivy2/jars/org.apache.spark_spark-sql-kafka-0-10_2.12-3.5.1.jar to /tmp/spark-bd5526ec-4bd6-40ba-a945-31117273cfec/userFiles-6340875b-678b-456e-a51d-1f81bc63bd22/org.apache.spark_spark-sql-kafka-0-10_2.12-3.5.1.jar
[2025-05-07 20:06:16,826] {subprocess.py:89} INFO - 25/05/07 20:06:16 INFO SparkContext: Added file file:///root/.ivy2/jars/org.apache.spark_spark-token-provider-kafka-0-10_2.12-3.5.1.jar at file:///root/.ivy2/jars/org.apache.spark_spark-token-provider-kafka-0-10_2.12-3.5.1.jar with timestamp 1746648376080
[2025-05-07 20:06:16,826] {subprocess.py:89} INFO - 25/05/07 20:06:16 INFO Utils: Copying /root/.ivy2/jars/org.apache.spark_spark-token-provider-kafka-0-10_2.12-3.5.1.jar to /tmp/spark-bd5526ec-4bd6-40ba-a945-31117273cfec/userFiles-6340875b-678b-456e-a51d-1f81bc63bd22/org.apache.spark_spark-token-provider-kafka-0-10_2.12-3.5.1.jar
[2025-05-07 20:06:16,830] {subprocess.py:89} INFO - 25/05/07 20:06:16 INFO SparkContext: Added file file:///root/.ivy2/jars/org.apache.kafka_kafka-clients-3.4.1.jar at file:///root/.ivy2/jars/org.apache.kafka_kafka-clients-3.4.1.jar with timestamp 1746648376080
[2025-05-07 20:06:16,830] {subprocess.py:89} INFO - 25/05/07 20:06:16 INFO Utils: Copying /root/.ivy2/jars/org.apache.kafka_kafka-clients-3.4.1.jar to /tmp/spark-bd5526ec-4bd6-40ba-a945-31117273cfec/userFiles-6340875b-678b-456e-a51d-1f81bc63bd22/org.apache.kafka_kafka-clients-3.4.1.jar
[2025-05-07 20:06:16,838] {subprocess.py:89} INFO - 25/05/07 20:06:16 INFO SparkContext: Added file file:///root/.ivy2/jars/org.apache.hadoop_hadoop-client-runtime-3.3.4.jar at file:///root/.ivy2/jars/org.apache.hadoop_hadoop-client-runtime-3.3.4.jar with timestamp 1746648376080
[2025-05-07 20:06:16,839] {subprocess.py:89} INFO - 25/05/07 20:06:16 INFO Utils: Copying /root/.ivy2/jars/org.apache.hadoop_hadoop-client-runtime-3.3.4.jar to /tmp/spark-bd5526ec-4bd6-40ba-a945-31117273cfec/userFiles-6340875b-678b-456e-a51d-1f81bc63bd22/org.apache.hadoop_hadoop-client-runtime-3.3.4.jar
[2025-05-07 20:06:16,874] {subprocess.py:89} INFO - 25/05/07 20:06:16 INFO SparkContext: Added file file:///root/.ivy2/jars/org.lz4_lz4-java-1.8.0.jar at file:///root/.ivy2/jars/org.lz4_lz4-java-1.8.0.jar with timestamp 1746648376080
[2025-05-07 20:06:16,874] {subprocess.py:89} INFO - 25/05/07 20:06:16 INFO Utils: Copying /root/.ivy2/jars/org.lz4_lz4-java-1.8.0.jar to /tmp/spark-bd5526ec-4bd6-40ba-a945-31117273cfec/userFiles-6340875b-678b-456e-a51d-1f81bc63bd22/org.lz4_lz4-java-1.8.0.jar
[2025-05-07 20:06:16,878] {subprocess.py:89} INFO - 25/05/07 20:06:16 INFO SparkContext: Added file file:///root/.ivy2/jars/org.xerial.snappy_snappy-java-1.1.10.3.jar at file:///root/.ivy2/jars/org.xerial.snappy_snappy-java-1.1.10.3.jar with timestamp 1746648376080
[2025-05-07 20:06:16,878] {subprocess.py:89} INFO - 25/05/07 20:06:16 INFO Utils: Copying /root/.ivy2/jars/org.xerial.snappy_snappy-java-1.1.10.3.jar to /tmp/spark-bd5526ec-4bd6-40ba-a945-31117273cfec/userFiles-6340875b-678b-456e-a51d-1f81bc63bd22/org.xerial.snappy_snappy-java-1.1.10.3.jar
[2025-05-07 20:06:16,885] {subprocess.py:89} INFO - 25/05/07 20:06:16 INFO SparkContext: Added file file:///root/.ivy2/jars/org.slf4j_slf4j-api-2.0.7.jar at file:///root/.ivy2/jars/org.slf4j_slf4j-api-2.0.7.jar with timestamp 1746648376080
[2025-05-07 20:06:16,885] {subprocess.py:89} INFO - 25/05/07 20:06:16 INFO Utils: Copying /root/.ivy2/jars/org.slf4j_slf4j-api-2.0.7.jar to /tmp/spark-bd5526ec-4bd6-40ba-a945-31117273cfec/userFiles-6340875b-678b-456e-a51d-1f81bc63bd22/org.slf4j_slf4j-api-2.0.7.jar
[2025-05-07 20:06:16,888] {subprocess.py:89} INFO - 25/05/07 20:06:16 INFO SparkContext: Added file file:///root/.ivy2/jars/org.apache.hadoop_hadoop-client-api-3.3.4.jar at file:///root/.ivy2/jars/org.apache.hadoop_hadoop-client-api-3.3.4.jar with timestamp 1746648376080
[2025-05-07 20:06:16,889] {subprocess.py:89} INFO - 25/05/07 20:06:16 INFO Utils: Copying /root/.ivy2/jars/org.apache.hadoop_hadoop-client-api-3.3.4.jar to /tmp/spark-bd5526ec-4bd6-40ba-a945-31117273cfec/userFiles-6340875b-678b-456e-a51d-1f81bc63bd22/org.apache.hadoop_hadoop-client-api-3.3.4.jar
[2025-05-07 20:06:16,912] {subprocess.py:89} INFO - 25/05/07 20:06:16 INFO SparkContext: Added file file:///root/.ivy2/jars/commons-logging_commons-logging-1.1.3.jar at file:///root/.ivy2/jars/commons-logging_commons-logging-1.1.3.jar with timestamp 1746648376080
[2025-05-07 20:06:16,912] {subprocess.py:89} INFO - 25/05/07 20:06:16 INFO Utils: Copying /root/.ivy2/jars/commons-logging_commons-logging-1.1.3.jar to /tmp/spark-bd5526ec-4bd6-40ba-a945-31117273cfec/userFiles-6340875b-678b-456e-a51d-1f81bc63bd22/commons-logging_commons-logging-1.1.3.jar
[2025-05-07 20:06:16,916] {subprocess.py:89} INFO - 25/05/07 20:06:16 INFO SparkContext: Added file file:///root/.ivy2/jars/com.google.code.findbugs_jsr305-3.0.0.jar at file:///root/.ivy2/jars/com.google.code.findbugs_jsr305-3.0.0.jar with timestamp 1746648376080
[2025-05-07 20:06:16,916] {subprocess.py:89} INFO - 25/05/07 20:06:16 INFO Utils: Copying /root/.ivy2/jars/com.google.code.findbugs_jsr305-3.0.0.jar to /tmp/spark-bd5526ec-4bd6-40ba-a945-31117273cfec/userFiles-6340875b-678b-456e-a51d-1f81bc63bd22/com.google.code.findbugs_jsr305-3.0.0.jar
[2025-05-07 20:06:16,919] {subprocess.py:89} INFO - 25/05/07 20:06:16 INFO SparkContext: Added file file:///root/.ivy2/jars/org.apache.commons_commons-pool2-2.11.1.jar at file:///root/.ivy2/jars/org.apache.commons_commons-pool2-2.11.1.jar with timestamp 1746648376080
[2025-05-07 20:06:16,920] {subprocess.py:89} INFO - 25/05/07 20:06:16 INFO Utils: Copying /root/.ivy2/jars/org.apache.commons_commons-pool2-2.11.1.jar to /tmp/spark-bd5526ec-4bd6-40ba-a945-31117273cfec/userFiles-6340875b-678b-456e-a51d-1f81bc63bd22/org.apache.commons_commons-pool2-2.11.1.jar
[2025-05-07 20:06:16,978] {subprocess.py:89} INFO - 25/05/07 20:06:16 INFO Executor: Starting executor ID driver on host 8e8e9d6702f3
[2025-05-07 20:06:16,983] {subprocess.py:89} INFO - 25/05/07 20:06:16 INFO Executor: Starting executor with user classpath (userClassPathFirst = false): ''
[2025-05-07 20:06:16,992] {subprocess.py:89} INFO - 25/05/07 20:06:16 INFO Executor: Fetching file:///root/.ivy2/jars/commons-logging_commons-logging-1.1.3.jar with timestamp 1746648376080
[2025-05-07 20:06:17,007] {subprocess.py:89} INFO - 25/05/07 20:06:17 INFO Utils: /root/.ivy2/jars/commons-logging_commons-logging-1.1.3.jar has been previously copied to /tmp/spark-bd5526ec-4bd6-40ba-a945-31117273cfec/userFiles-6340875b-678b-456e-a51d-1f81bc63bd22/commons-logging_commons-logging-1.1.3.jar
[2025-05-07 20:06:17,009] {subprocess.py:89} INFO - 25/05/07 20:06:17 INFO Executor: Fetching file:///root/.ivy2/jars/org.apache.spark_spark-streaming-kafka-0-10_2.12-3.5.1.jar with timestamp 1746648376080
[2025-05-07 20:06:17,011] {subprocess.py:89} INFO - 25/05/07 20:06:17 INFO Utils: /root/.ivy2/jars/org.apache.spark_spark-streaming-kafka-0-10_2.12-3.5.1.jar has been previously copied to /tmp/spark-bd5526ec-4bd6-40ba-a945-31117273cfec/userFiles-6340875b-678b-456e-a51d-1f81bc63bd22/org.apache.spark_spark-streaming-kafka-0-10_2.12-3.5.1.jar
[2025-05-07 20:06:17,015] {subprocess.py:89} INFO - 25/05/07 20:06:17 INFO Executor: Fetching file:///root/.ivy2/jars/org.apache.commons_commons-pool2-2.11.1.jar with timestamp 1746648376080
[2025-05-07 20:06:17,016] {subprocess.py:89} INFO - 25/05/07 20:06:17 INFO Utils: /root/.ivy2/jars/org.apache.commons_commons-pool2-2.11.1.jar has been previously copied to /tmp/spark-bd5526ec-4bd6-40ba-a945-31117273cfec/userFiles-6340875b-678b-456e-a51d-1f81bc63bd22/org.apache.commons_commons-pool2-2.11.1.jar
[2025-05-07 20:06:17,019] {subprocess.py:89} INFO - 25/05/07 20:06:17 INFO Executor: Fetching file:///root/.ivy2/jars/org.apache.spark_spark-token-provider-kafka-0-10_2.12-3.5.1.jar with timestamp 1746648376080
[2025-05-07 20:06:17,020] {subprocess.py:89} INFO - 25/05/07 20:06:17 INFO Utils: /root/.ivy2/jars/org.apache.spark_spark-token-provider-kafka-0-10_2.12-3.5.1.jar has been previously copied to /tmp/spark-bd5526ec-4bd6-40ba-a945-31117273cfec/userFiles-6340875b-678b-456e-a51d-1f81bc63bd22/org.apache.spark_spark-token-provider-kafka-0-10_2.12-3.5.1.jar
[2025-05-07 20:06:17,023] {subprocess.py:89} INFO - 25/05/07 20:06:17 INFO Executor: Fetching file:///root/.ivy2/jars/org.apache.spark_spark-sql-kafka-0-10_2.12-3.5.1.jar with timestamp 1746648376080
[2025-05-07 20:06:17,024] {subprocess.py:89} INFO - 25/05/07 20:06:17 INFO Utils: /root/.ivy2/jars/org.apache.spark_spark-sql-kafka-0-10_2.12-3.5.1.jar has been previously copied to /tmp/spark-bd5526ec-4bd6-40ba-a945-31117273cfec/userFiles-6340875b-678b-456e-a51d-1f81bc63bd22/org.apache.spark_spark-sql-kafka-0-10_2.12-3.5.1.jar
[2025-05-07 20:06:17,028] {subprocess.py:89} INFO - 25/05/07 20:06:17 INFO Executor: Fetching file:///root/.ivy2/jars/org.apache.hadoop_hadoop-client-api-3.3.4.jar with timestamp 1746648376080
[2025-05-07 20:06:17,039] {subprocess.py:89} INFO - 25/05/07 20:06:17 INFO Utils: /root/.ivy2/jars/org.apache.hadoop_hadoop-client-api-3.3.4.jar has been previously copied to /tmp/spark-bd5526ec-4bd6-40ba-a945-31117273cfec/userFiles-6340875b-678b-456e-a51d-1f81bc63bd22/org.apache.hadoop_hadoop-client-api-3.3.4.jar
[2025-05-07 20:06:17,043] {subprocess.py:89} INFO - 25/05/07 20:06:17 INFO Executor: Fetching file:///root/.ivy2/jars/org.lz4_lz4-java-1.8.0.jar with timestamp 1746648376080
[2025-05-07 20:06:17,044] {subprocess.py:89} INFO - 25/05/07 20:06:17 INFO Utils: /root/.ivy2/jars/org.lz4_lz4-java-1.8.0.jar has been previously copied to /tmp/spark-bd5526ec-4bd6-40ba-a945-31117273cfec/userFiles-6340875b-678b-456e-a51d-1f81bc63bd22/org.lz4_lz4-java-1.8.0.jar
[2025-05-07 20:06:17,047] {subprocess.py:89} INFO - 25/05/07 20:06:17 INFO Executor: Fetching file:///root/.ivy2/jars/org.apache.hadoop_hadoop-client-runtime-3.3.4.jar with timestamp 1746648376080
[2025-05-07 20:06:17,062] {subprocess.py:89} INFO - 25/05/07 20:06:17 INFO Utils: /root/.ivy2/jars/org.apache.hadoop_hadoop-client-runtime-3.3.4.jar has been previously copied to /tmp/spark-bd5526ec-4bd6-40ba-a945-31117273cfec/userFiles-6340875b-678b-456e-a51d-1f81bc63bd22/org.apache.hadoop_hadoop-client-runtime-3.3.4.jar
[2025-05-07 20:06:17,066] {subprocess.py:89} INFO - 25/05/07 20:06:17 INFO Executor: Fetching file:///root/.ivy2/jars/com.google.code.findbugs_jsr305-3.0.0.jar with timestamp 1746648376080
[2025-05-07 20:06:17,067] {subprocess.py:89} INFO - 25/05/07 20:06:17 INFO Utils: /root/.ivy2/jars/com.google.code.findbugs_jsr305-3.0.0.jar has been previously copied to /tmp/spark-bd5526ec-4bd6-40ba-a945-31117273cfec/userFiles-6340875b-678b-456e-a51d-1f81bc63bd22/com.google.code.findbugs_jsr305-3.0.0.jar
[2025-05-07 20:06:17,070] {subprocess.py:89} INFO - 25/05/07 20:06:17 INFO Executor: Fetching file:///root/.ivy2/jars/org.xerial.snappy_snappy-java-1.1.10.3.jar with timestamp 1746648376080
[2025-05-07 20:06:17,072] {subprocess.py:89} INFO - 25/05/07 20:06:17 INFO Utils: /root/.ivy2/jars/org.xerial.snappy_snappy-java-1.1.10.3.jar has been previously copied to /tmp/spark-bd5526ec-4bd6-40ba-a945-31117273cfec/userFiles-6340875b-678b-456e-a51d-1f81bc63bd22/org.xerial.snappy_snappy-java-1.1.10.3.jar
[2025-05-07 20:06:17,075] {subprocess.py:89} INFO - 25/05/07 20:06:17 INFO Executor: Fetching file:///root/.ivy2/jars/org.apache.kafka_kafka-clients-3.4.1.jar with timestamp 1746648376080
[2025-05-07 20:06:17,078] {subprocess.py:89} INFO - 25/05/07 20:06:17 INFO Utils: /root/.ivy2/jars/org.apache.kafka_kafka-clients-3.4.1.jar has been previously copied to /tmp/spark-bd5526ec-4bd6-40ba-a945-31117273cfec/userFiles-6340875b-678b-456e-a51d-1f81bc63bd22/org.apache.kafka_kafka-clients-3.4.1.jar
[2025-05-07 20:06:17,081] {subprocess.py:89} INFO - 25/05/07 20:06:17 INFO Executor: Fetching file:///root/.ivy2/jars/org.slf4j_slf4j-api-2.0.7.jar with timestamp 1746648376080
[2025-05-07 20:06:17,081] {subprocess.py:89} INFO - 25/05/07 20:06:17 INFO Utils: /root/.ivy2/jars/org.slf4j_slf4j-api-2.0.7.jar has been previously copied to /tmp/spark-bd5526ec-4bd6-40ba-a945-31117273cfec/userFiles-6340875b-678b-456e-a51d-1f81bc63bd22/org.slf4j_slf4j-api-2.0.7.jar
[2025-05-07 20:06:17,094] {subprocess.py:89} INFO - 25/05/07 20:06:17 INFO Utils: Successfully started service 'org.apache.spark.network.netty.NettyBlockTransferService' on port 41155.
[2025-05-07 20:06:17,095] {subprocess.py:89} INFO - 25/05/07 20:06:17 INFO NettyBlockTransferService: Server created on 8e8e9d6702f3:41155
[2025-05-07 20:06:17,096] {subprocess.py:89} INFO - 25/05/07 20:06:17 INFO BlockManager: Using org.apache.spark.storage.RandomBlockReplicationPolicy for block replication policy
[2025-05-07 20:06:17,101] {subprocess.py:89} INFO - 25/05/07 20:06:17 INFO BlockManagerMaster: Registering BlockManager BlockManagerId(driver, 8e8e9d6702f3, 41155, None)
[2025-05-07 20:06:17,104] {subprocess.py:89} INFO - 25/05/07 20:06:17 INFO BlockManagerMasterEndpoint: Registering block manager 8e8e9d6702f3:41155 with 434.4 MiB RAM, BlockManagerId(driver, 8e8e9d6702f3, 41155, None)
[2025-05-07 20:06:17,106] {subprocess.py:89} INFO - 25/05/07 20:06:17 INFO BlockManagerMaster: Registered BlockManager BlockManagerId(driver, 8e8e9d6702f3, 41155, None)
[2025-05-07 20:06:17,108] {subprocess.py:89} INFO - 25/05/07 20:06:17 INFO BlockManager: Initialized BlockManager: BlockManagerId(driver, 8e8e9d6702f3, 41155, None)
[2025-05-07 20:06:17,444] {subprocess.py:89} INFO - 25/05/07 20:06:17 INFO SharedState: Setting hive.metastore.warehouse.dir ('null') to the value of spark.sql.warehouse.dir.
[2025-05-07 20:06:17,446] {subprocess.py:89} INFO - 25/05/07 20:06:17 INFO SharedState: Warehouse path is 'file:/tmp/airflowtmpapw43uss/spark-warehouse'.
[2025-05-07 20:06:18,094] {subprocess.py:89} INFO - Traceback (most recent call last):
[2025-05-07 20:06:18,094] {subprocess.py:89} INFO -   File "/opt/airflow/scripts/pipeline.py", line 56, in <module>
[2025-05-07 20:06:18,095] {subprocess.py:89} INFO -     ***=mysql_config["***"]
[2025-05-07 20:06:18,095] {subprocess.py:89} INFO -   File "/root/.local/lib/python3.7/site-packages/pyspark/sql/readwriter.py", line 184, in load
[2025-05-07 20:06:18,095] {subprocess.py:89} INFO -     return self._df(self._jreader.load())
[2025-05-07 20:06:18,095] {subprocess.py:89} INFO -   File "/root/.local/lib/python3.7/site-packages/py4j/java_gateway.py", line 1322, in __call__
[2025-05-07 20:06:18,095] {subprocess.py:89} INFO -     answer, self.gateway_client, self.target_id, self.name)
[2025-05-07 20:06:18,095] {subprocess.py:89} INFO -   File "/root/.local/lib/python3.7/site-packages/pyspark/sql/utils.py", line 190, in deco
[2025-05-07 20:06:18,095] {subprocess.py:89} INFO -     return f(*a, **kw)
[2025-05-07 20:06:18,095] {subprocess.py:89} INFO -   File "/root/.local/lib/python3.7/site-packages/py4j/protocol.py", line 328, in get_return_value
[2025-05-07 20:06:18,096] {subprocess.py:89} INFO -     format(target_id, ".", name), value)
[2025-05-07 20:06:18,096] {subprocess.py:89} INFO - py4j.protocol.Py4JJavaError: An error occurred while calling o36.load.
[2025-05-07 20:06:18,096] {subprocess.py:89} INFO - : java.lang.NullPointerException
[2025-05-07 20:06:18,096] {subprocess.py:89} INFO - 	at java.base/java.util.concurrent.ConcurrentHashMap.putVal(ConcurrentHashMap.java:1011)
[2025-05-07 20:06:18,096] {subprocess.py:89} INFO - 	at java.base/java.util.concurrent.ConcurrentHashMap.put(ConcurrentHashMap.java:1006)
[2025-05-07 20:06:18,096] {subprocess.py:89} INFO - 	at java.base/java.util.Properties.put(Properties.java:1340)
[2025-05-07 20:06:18,096] {subprocess.py:89} INFO - 	at java.base/java.util.Properties.setProperty(Properties.java:228)
[2025-05-07 20:06:18,096] {subprocess.py:89} INFO - 	at org.apache.spark.sql.execution.datasources.jdbc.JDBCOptions.$anonfun$asProperties$1(JDBCOptions.scala:52)
[2025-05-07 20:06:18,096] {subprocess.py:89} INFO - 	at scala.collection.immutable.HashMap$HashMap1.foreach(HashMap.scala:400)
[2025-05-07 20:06:18,096] {subprocess.py:89} INFO - 	at scala.collection.immutable.HashMap$HashTrieMap.foreach(HashMap.scala:728)
[2025-05-07 20:06:18,096] {subprocess.py:89} INFO - 	at org.apache.spark.sql.execution.datasources.jdbc.JDBCOptions.<init>(JDBCOptions.scala:52)
[2025-05-07 20:06:18,096] {subprocess.py:89} INFO - 	at org.apache.spark.sql.execution.datasources.jdbc.JDBCOptions.<init>(JDBCOptions.scala:39)
[2025-05-07 20:06:18,096] {subprocess.py:89} INFO - 	at org.apache.spark.sql.execution.datasources.jdbc.JdbcRelationProvider.createRelation(JdbcRelationProvider.scala:34)
[2025-05-07 20:06:18,096] {subprocess.py:89} INFO - 	at org.apache.spark.sql.execution.datasources.DataSource.resolveRelation(DataSource.scala:350)
[2025-05-07 20:06:18,096] {subprocess.py:89} INFO - 	at org.apache.spark.sql.DataFrameReader.loadV1Source(DataFrameReader.scala:228)
[2025-05-07 20:06:18,096] {subprocess.py:89} INFO - 	at org.apache.spark.sql.DataFrameReader.$anonfun$load$2(DataFrameReader.scala:210)
[2025-05-07 20:06:18,096] {subprocess.py:89} INFO - 	at scala.Option.getOrElse(Option.scala:189)
[2025-05-07 20:06:18,096] {subprocess.py:89} INFO - 	at org.apache.spark.sql.DataFrameReader.load(DataFrameReader.scala:210)
[2025-05-07 20:06:18,096] {subprocess.py:89} INFO - 	at org.apache.spark.sql.DataFrameReader.load(DataFrameReader.scala:171)
[2025-05-07 20:06:18,096] {subprocess.py:89} INFO - 	at java.base/jdk.internal.reflect.NativeMethodAccessorImpl.invoke0(Native Method)
[2025-05-07 20:06:18,096] {subprocess.py:89} INFO - 	at java.base/jdk.internal.reflect.NativeMethodAccessorImpl.invoke(NativeMethodAccessorImpl.java:62)
[2025-05-07 20:06:18,096] {subprocess.py:89} INFO - 	at java.base/jdk.internal.reflect.DelegatingMethodAccessorImpl.invoke(DelegatingMethodAccessorImpl.java:43)
[2025-05-07 20:06:18,096] {subprocess.py:89} INFO - 	at java.base/java.lang.reflect.Method.invoke(Method.java:566)
[2025-05-07 20:06:18,097] {subprocess.py:89} INFO - 	at py4j.reflection.MethodInvoker.invoke(MethodInvoker.java:244)
[2025-05-07 20:06:18,097] {subprocess.py:89} INFO - 	at py4j.reflection.ReflectionEngine.invoke(ReflectionEngine.java:357)
[2025-05-07 20:06:18,097] {subprocess.py:89} INFO - 	at py4j.Gateway.invoke(Gateway.java:282)
[2025-05-07 20:06:18,097] {subprocess.py:89} INFO - 	at py4j.commands.AbstractCommand.invokeMethod(AbstractCommand.java:132)
[2025-05-07 20:06:18,097] {subprocess.py:89} INFO - 	at py4j.commands.CallCommand.execute(CallCommand.java:79)
[2025-05-07 20:06:18,097] {subprocess.py:89} INFO - 	at py4j.ClientServerConnection.waitForCommands(ClientServerConnection.java:182)
[2025-05-07 20:06:18,097] {subprocess.py:89} INFO - 	at py4j.ClientServerConnection.run(ClientServerConnection.java:106)
[2025-05-07 20:06:18,097] {subprocess.py:89} INFO - 	at java.base/java.lang.Thread.run(Thread.java:829)
[2025-05-07 20:06:18,097] {subprocess.py:89} INFO - 
[2025-05-07 20:06:18,127] {subprocess.py:89} INFO - 25/05/07 20:06:18 INFO SparkContext: Invoking stop() from shutdown hook
[2025-05-07 20:06:18,140] {subprocess.py:89} INFO - 25/05/07 20:06:18 INFO SparkUI: Stopped Spark web UI at http://8e8e9d6702f3:4040
[2025-05-07 20:06:18,161] {subprocess.py:89} INFO - 25/05/07 20:06:18 INFO MapOutputTrackerMasterEndpoint: MapOutputTrackerMasterEndpoint stopped!
[2025-05-07 20:06:18,178] {subprocess.py:89} INFO - 25/05/07 20:06:18 INFO MemoryStore: MemoryStore cleared
[2025-05-07 20:06:18,178] {subprocess.py:89} INFO - 25/05/07 20:06:18 INFO BlockManager: BlockManager stopped
[2025-05-07 20:06:18,185] {subprocess.py:89} INFO - 25/05/07 20:06:18 INFO BlockManagerMaster: BlockManagerMaster stopped
[2025-05-07 20:06:18,188] {subprocess.py:89} INFO - 25/05/07 20:06:18 INFO OutputCommitCoordinator$OutputCommitCoordinatorEndpoint: OutputCommitCoordinator stopped!
[2025-05-07 20:06:18,207] {subprocess.py:89} INFO - 25/05/07 20:06:18 INFO SparkContext: Successfully stopped SparkContext
[2025-05-07 20:06:18,207] {subprocess.py:89} INFO - 25/05/07 20:06:18 INFO ShutdownHookManager: Shutdown hook called
[2025-05-07 20:06:18,208] {subprocess.py:89} INFO - 25/05/07 20:06:18 INFO ShutdownHookManager: Deleting directory /tmp/spark-bd5526ec-4bd6-40ba-a945-31117273cfec
[2025-05-07 20:06:18,211] {subprocess.py:89} INFO - 25/05/07 20:06:18 INFO ShutdownHookManager: Deleting directory /tmp/spark-bd5526ec-4bd6-40ba-a945-31117273cfec/pyspark-e7d0b06c-a7be-4937-8d27-3c7b3b7bedaa
[2025-05-07 20:06:18,216] {subprocess.py:89} INFO - 25/05/07 20:06:18 INFO ShutdownHookManager: Deleting directory /tmp/spark-f5b2380f-f6e1-49bf-9cba-262bbea838c7
[2025-05-07 20:06:18,688] {subprocess.py:93} INFO - Command exited with return code 1
[2025-05-07 20:06:18,701] {taskinstance.py:1774} ERROR - Task failed with exception
Traceback (most recent call last):
  File "/home/airflow/.local/lib/python3.7/site-packages/airflow/operators/bash.py", line 188, in execute
    f'Bash command failed. The command returned a non-zero exit code {result.exit_code}.'
airflow.exceptions.AirflowException: Bash command failed. The command returned a non-zero exit code 1.
[2025-05-07 20:06:18,706] {taskinstance.py:1288} INFO - Marking task as FAILED. dag_id=spark_kafka_pipeline_dag, task_id=send_results_to_kafka, execution_date=20250507T200059, start_date=20250507T200613, end_date=20250507T200618
[2025-05-07 20:06:18,728] {standard_task_runner.py:98} ERROR - Failed to execute job 6 for task send_results_to_kafka (Bash command failed. The command returned a non-zero exit code 1.; 1154)
[2025-05-07 20:06:18,754] {local_task_job.py:154} INFO - Task exited with return code 1
[2025-05-07 20:06:18,795] {local_task_job.py:264} INFO - 0 downstream tasks scheduled from follow-on schedule check
