[2025-05-02T21:31:00.438+0000] {local_task_job_runner.py:120} INFO - ::group::Pre task execution logs
[2025-05-02T21:31:00.518+0000] {taskinstance.py:2076} INFO - Dependencies all met for dep_context=non-requeueable deps ti=<TaskInstance: final_project_BBDL.LandingToBronze manual__2025-05-02T21:30:58.748444+00:00 [queued]>
[2025-05-02T21:31:00.526+0000] {taskinstance.py:2076} INFO - Dependencies all met for dep_context=requeueable deps ti=<TaskInstance: final_project_BBDL.LandingToBronze manual__2025-05-02T21:30:58.748444+00:00 [queued]>
[2025-05-02T21:31:00.526+0000] {taskinstance.py:2306} INFO - Starting attempt 1 of 1
[2025-05-02T21:31:00.563+0000] {taskinstance.py:2330} INFO - Executing <Task(SparkSubmitOperator): LandingToBronze> on 2025-05-02 21:30:58.748444+00:00
[2025-05-02T21:31:00.568+0000] {standard_task_runner.py:63} INFO - Started process 3724 to run task
[2025-05-02T21:31:00.573+0000] {standard_task_runner.py:90} INFO - Running: ['airflow', 'tasks', 'run', 'final_project_BBDL', 'LandingToBronze', 'manual__2025-05-02T21:30:58.748444+00:00', '--job-id', '32', '--raw', '--subdir', 'DAGS_FOLDER/project_solution.py', '--cfg-path', '/tmp/tmpla8y42mh']
[2025-05-02T21:31:00.575+0000] {standard_task_runner.py:91} INFO - Job 32: Subtask LandingToBronze
[2025-05-02T21:31:00.653+0000] {logging_mixin.py:188} WARNING - /home/airflow/.local/lib/python3.10/site-packages/airflow/settings.py:195 DeprecationWarning: The sql_alchemy_conn option in [core] has been moved to the sql_alchemy_conn option in [database] - the old setting has been used, but please update your config.
[2025-05-02T21:31:00.748+0000] {task_command.py:426} INFO - Running <TaskInstance: final_project_BBDL.LandingToBronze manual__2025-05-02T21:30:58.748444+00:00 [running]> on host 6ca5a7f6558e
[2025-05-02T21:31:00.966+0000] {taskinstance.py:2648} INFO - Exporting env vars: AIRFLOW_CTX_DAG_OWNER='airflow' AIRFLOW_CTX_DAG_ID='final_project_BBDL' AIRFLOW_CTX_TASK_ID='LandingToBronze' AIRFLOW_CTX_EXECUTION_DATE='2025-05-02T21:30:58.748444+00:00' AIRFLOW_CTX_TRY_NUMBER='1' AIRFLOW_CTX_DAG_RUN_ID='manual__2025-05-02T21:30:58.748444+00:00'
[2025-05-02T21:31:00.967+0000] {taskinstance.py:430} INFO - ::endgroup::
[2025-05-02T21:31:01.033+0000] {base.py:84} INFO - Using connection ID 'spark_default' for task execution.
[2025-05-02T21:31:01.034+0000] {spark_submit.py:328} ERROR - Failed to decode base64 keytab: Invalid base64-encoded string: number of data characters (5) cannot be 1 more than a multiple of 4
[2025-05-02T21:31:01.035+0000] {spark_submit.py:305} INFO - Could not load connection string spark_default, defaulting to spark://spark-master:7077
[2025-05-02T21:31:01.036+0000] {spark_submit.py:474} INFO - Spark-Submit cmd: spark-submit --master spark://spark-master:7077 --conf spark.master=spark://spark-master:7077 --name LandingToBronze --verbose --queue root.default --deploy-mode client /opt/airflow/dags/landing_to_bronze.py
[2025-05-02T21:31:03.229+0000] {spark_submit.py:644} INFO - Using properties file: null
[2025-05-02T21:31:03.358+0000] {spark_submit.py:644} INFO - Parsed arguments:
[2025-05-02T21:31:03.358+0000] {spark_submit.py:644} INFO - master                  spark://spark-master:7077
[2025-05-02T21:31:03.359+0000] {spark_submit.py:644} INFO - deployMode              client
[2025-05-02T21:31:03.359+0000] {spark_submit.py:644} INFO - executorMemory          null
[2025-05-02T21:31:03.359+0000] {spark_submit.py:644} INFO - executorCores           null
[2025-05-02T21:31:03.359+0000] {spark_submit.py:644} INFO - totalExecutorCores      null
[2025-05-02T21:31:03.359+0000] {spark_submit.py:644} INFO - propertiesFile          null
[2025-05-02T21:31:03.359+0000] {spark_submit.py:644} INFO - driverMemory            null
[2025-05-02T21:31:03.359+0000] {spark_submit.py:644} INFO - driverCores             null
[2025-05-02T21:31:03.359+0000] {spark_submit.py:644} INFO - driverExtraClassPath    null
[2025-05-02T21:31:03.360+0000] {spark_submit.py:644} INFO - driverExtraLibraryPath  null
[2025-05-02T21:31:03.360+0000] {spark_submit.py:644} INFO - driverExtraJavaOptions  null
[2025-05-02T21:31:03.360+0000] {spark_submit.py:644} INFO - supervise               false
[2025-05-02T21:31:03.360+0000] {spark_submit.py:644} INFO - queue                   root.default
[2025-05-02T21:31:03.360+0000] {spark_submit.py:644} INFO - numExecutors            null
[2025-05-02T21:31:03.360+0000] {spark_submit.py:644} INFO - files                   null
[2025-05-02T21:31:03.360+0000] {spark_submit.py:644} INFO - pyFiles                 null
[2025-05-02T21:31:03.360+0000] {spark_submit.py:644} INFO - archives                null
[2025-05-02T21:31:03.361+0000] {spark_submit.py:644} INFO - mainClass               null
[2025-05-02T21:31:03.361+0000] {spark_submit.py:644} INFO - primaryResource         file:/opt/airflow/dags/landing_to_bronze.py
[2025-05-02T21:31:03.361+0000] {spark_submit.py:644} INFO - name                    LandingToBronze
[2025-05-02T21:31:03.361+0000] {spark_submit.py:644} INFO - childArgs               []
[2025-05-02T21:31:03.361+0000] {spark_submit.py:644} INFO - jars                    null
[2025-05-02T21:31:03.361+0000] {spark_submit.py:644} INFO - packages                null
[2025-05-02T21:31:03.361+0000] {spark_submit.py:644} INFO - packagesExclusions      null
[2025-05-02T21:31:03.362+0000] {spark_submit.py:644} INFO - repositories            null
[2025-05-02T21:31:03.362+0000] {spark_submit.py:644} INFO - verbose                 true
[2025-05-02T21:31:03.362+0000] {spark_submit.py:644} INFO - 
[2025-05-02T21:31:03.362+0000] {spark_submit.py:644} INFO - Spark properties used, including those specified through
[2025-05-02T21:31:03.362+0000] {spark_submit.py:644} INFO - --conf and those from the properties file null:
[2025-05-02T21:31:03.362+0000] {spark_submit.py:644} INFO - (spark.master,spark://spark-master:7077)
[2025-05-02T21:31:03.362+0000] {spark_submit.py:644} INFO - 
[2025-05-02T21:31:03.362+0000] {spark_submit.py:644} INFO - 
[2025-05-02T21:31:03.767+0000] {spark_submit.py:644} INFO - Main class:
[2025-05-02T21:31:03.767+0000] {spark_submit.py:644} INFO - org.apache.spark.deploy.PythonRunner
[2025-05-02T21:31:03.767+0000] {spark_submit.py:644} INFO - Arguments:
[2025-05-02T21:31:03.768+0000] {spark_submit.py:644} INFO - file:/opt/airflow/dags/landing_to_bronze.py
[2025-05-02T21:31:03.768+0000] {spark_submit.py:644} INFO - null
[2025-05-02T21:31:03.770+0000] {spark_submit.py:644} INFO - Spark config:
[2025-05-02T21:31:03.770+0000] {spark_submit.py:644} INFO - (spark.app.name,LandingToBronze)
[2025-05-02T21:31:03.770+0000] {spark_submit.py:644} INFO - (spark.app.submitTime,1746221463751)
[2025-05-02T21:31:03.770+0000] {spark_submit.py:644} INFO - (spark.master,spark://spark-master:7077)
[2025-05-02T21:31:03.770+0000] {spark_submit.py:644} INFO - (spark.submit.deployMode,client)
[2025-05-02T21:31:03.770+0000] {spark_submit.py:644} INFO - (spark.submit.pyFiles,)
[2025-05-02T21:31:03.770+0000] {spark_submit.py:644} INFO - Classpath elements:
[2025-05-02T21:31:03.770+0000] {spark_submit.py:644} INFO - 
[2025-05-02T21:31:03.770+0000] {spark_submit.py:644} INFO - 
[2025-05-02T21:31:03.771+0000] {spark_submit.py:644} INFO - 
[2025-05-02T21:31:05.138+0000] {spark_submit.py:644} INFO - 25/05/02 21:31:05 INFO SparkContext: Running Spark version 3.3.0
[2025-05-02T21:31:05.207+0000] {spark_submit.py:644} INFO - 25/05/02 21:31:05 WARN NativeCodeLoader: Unable to load native-hadoop library for your platform... using builtin-java classes where applicable
[2025-05-02T21:31:05.362+0000] {spark_submit.py:644} INFO - 25/05/02 21:31:05 INFO ResourceUtils: ==============================================================
[2025-05-02T21:31:05.363+0000] {spark_submit.py:644} INFO - 25/05/02 21:31:05 INFO ResourceUtils: No custom resources configured for spark.driver.
[2025-05-02T21:31:05.363+0000] {spark_submit.py:644} INFO - 25/05/02 21:31:05 INFO ResourceUtils: ==============================================================
[2025-05-02T21:31:05.364+0000] {spark_submit.py:644} INFO - 25/05/02 21:31:05 INFO SparkContext: Submitted application: LandingToBronze
[2025-05-02T21:31:05.390+0000] {spark_submit.py:644} INFO - 25/05/02 21:31:05 INFO ResourceProfile: Default ResourceProfile created, executor resources: Map(cores -> name: cores, amount: 1, script: , vendor: , memory -> name: memory, amount: 1024, script: , vendor: , offHeap -> name: offHeap, amount: 0, script: , vendor: ), task resources: Map(cpus -> name: cpus, amount: 1.0)
[2025-05-02T21:31:05.397+0000] {spark_submit.py:644} INFO - 25/05/02 21:31:05 INFO ResourceProfile: Limiting resource is cpu
[2025-05-02T21:31:05.398+0000] {spark_submit.py:644} INFO - 25/05/02 21:31:05 INFO ResourceProfileManager: Added ResourceProfile id: 0
[2025-05-02T21:31:05.457+0000] {spark_submit.py:644} INFO - 25/05/02 21:31:05 INFO SecurityManager: Changing view acls to: airflow
[2025-05-02T21:31:05.458+0000] {spark_submit.py:644} INFO - 25/05/02 21:31:05 INFO SecurityManager: Changing modify acls to: airflow
[2025-05-02T21:31:05.458+0000] {spark_submit.py:644} INFO - 25/05/02 21:31:05 INFO SecurityManager: Changing view acls groups to:
[2025-05-02T21:31:05.459+0000] {spark_submit.py:644} INFO - 25/05/02 21:31:05 INFO SecurityManager: Changing modify acls groups to:
[2025-05-02T21:31:05.460+0000] {spark_submit.py:644} INFO - 25/05/02 21:31:05 INFO SecurityManager: SecurityManager: authentication disabled; ui acls disabled; users  with view permissions: Set(airflow); groups with view permissions: Set(); users  with modify permissions: Set(airflow); groups with modify permissions: Set()
[2025-05-02T21:31:05.820+0000] {spark_submit.py:644} INFO - 25/05/02 21:31:05 INFO Utils: Successfully started service 'sparkDriver' on port 36547.
[2025-05-02T21:31:05.944+0000] {spark_submit.py:644} INFO - 25/05/02 21:31:05 INFO SparkEnv: Registering MapOutputTracker
[2025-05-02T21:31:06.271+0000] {spark_submit.py:644} INFO - 25/05/02 21:31:06 INFO SparkEnv: Registering BlockManagerMaster
[2025-05-02T21:31:06.292+0000] {spark_submit.py:644} INFO - 25/05/02 21:31:06 INFO BlockManagerMasterEndpoint: Using org.apache.spark.storage.DefaultTopologyMapper for getting topology information
[2025-05-02T21:31:06.293+0000] {spark_submit.py:644} INFO - 25/05/02 21:31:06 INFO BlockManagerMasterEndpoint: BlockManagerMasterEndpoint up
[2025-05-02T21:31:06.297+0000] {spark_submit.py:644} INFO - 25/05/02 21:31:06 INFO SparkEnv: Registering BlockManagerMasterHeartbeat
[2025-05-02T21:31:06.325+0000] {spark_submit.py:644} INFO - 25/05/02 21:31:06 INFO DiskBlockManager: Created local directory at /tmp/blockmgr-bb172625-3a68-41ff-88e2-0a8314fd1d33
[2025-05-02T21:31:06.341+0000] {spark_submit.py:644} INFO - 25/05/02 21:31:06 INFO MemoryStore: MemoryStore started with capacity 434.4 MiB
[2025-05-02T21:31:06.360+0000] {spark_submit.py:644} INFO - 25/05/02 21:31:06 INFO SparkEnv: Registering OutputCommitCoordinator
[2025-05-02T21:31:06.603+0000] {spark_submit.py:644} INFO - 25/05/02 21:31:06 INFO Utils: Successfully started service 'SparkUI' on port 4040.
[2025-05-02T21:31:06.751+0000] {spark_submit.py:644} INFO - 25/05/02 21:31:06 INFO StandaloneAppClient$ClientEndpoint: Connecting to master spark://spark-master:7077...
[2025-05-02T21:31:06.794+0000] {spark_submit.py:644} INFO - 25/05/02 21:31:06 INFO TransportClientFactory: Successfully created connection to spark-master/172.19.0.2:7077 after 22 ms (0 ms spent in bootstraps)
[2025-05-02T21:31:06.873+0000] {spark_submit.py:644} INFO - 25/05/02 21:31:06 INFO StandaloneSchedulerBackend: Connected to Spark cluster with app ID app-20250502213106-0009
[2025-05-02T21:31:06.877+0000] {spark_submit.py:644} INFO - 25/05/02 21:31:06 INFO StandaloneAppClient$ClientEndpoint: Executor added: app-20250502213106-0009/0 on worker-20250502201254-172.19.0.5-36485 (172.19.0.5:36485) with 2 core(s)
[2025-05-02T21:31:06.879+0000] {spark_submit.py:644} INFO - 25/05/02 21:31:06 INFO StandaloneSchedulerBackend: Granted executor ID app-20250502213106-0009/0 on hostPort 172.19.0.5:36485 with 2 core(s), 1024.0 MiB RAM
[2025-05-02T21:31:06.882+0000] {spark_submit.py:644} INFO - 25/05/02 21:31:06 INFO Utils: Successfully started service 'org.apache.spark.network.netty.NettyBlockTransferService' on port 44677.
[2025-05-02T21:31:06.882+0000] {spark_submit.py:644} INFO - 25/05/02 21:31:06 INFO NettyBlockTransferService: Server created on 6ca5a7f6558e:44677
[2025-05-02T21:31:06.885+0000] {spark_submit.py:644} INFO - 25/05/02 21:31:06 INFO BlockManager: Using org.apache.spark.storage.RandomBlockReplicationPolicy for block replication policy
[2025-05-02T21:31:06.903+0000] {spark_submit.py:644} INFO - 25/05/02 21:31:06 INFO BlockManagerMaster: Registering BlockManager BlockManagerId(driver, 6ca5a7f6558e, 44677, None)
[2025-05-02T21:31:06.908+0000] {spark_submit.py:644} INFO - 25/05/02 21:31:06 INFO BlockManagerMasterEndpoint: Registering block manager 6ca5a7f6558e:44677 with 434.4 MiB RAM, BlockManagerId(driver, 6ca5a7f6558e, 44677, None)
[2025-05-02T21:31:06.910+0000] {spark_submit.py:644} INFO - 25/05/02 21:31:06 INFO BlockManagerMaster: Registered BlockManager BlockManagerId(driver, 6ca5a7f6558e, 44677, None)
[2025-05-02T21:31:06.912+0000] {spark_submit.py:644} INFO - 25/05/02 21:31:06 INFO BlockManager: Initialized BlockManager: BlockManagerId(driver, 6ca5a7f6558e, 44677, None)
[2025-05-02T21:31:06.918+0000] {spark_submit.py:644} INFO - 25/05/02 21:31:06 INFO StandaloneAppClient$ClientEndpoint: Executor updated: app-20250502213106-0009/0 is now RUNNING
[2025-05-02T21:31:07.128+0000] {spark_submit.py:644} INFO - 25/05/02 21:31:07 INFO StandaloneSchedulerBackend: SchedulerBackend is ready for scheduling beginning after reached minRegisteredResourcesRatio: 0.0
[2025-05-02T21:31:07.328+0000] {spark_submit.py:644} INFO - 📥 Завантаження: https://ftp.goit.study/neoversity/athlete_bio.csv
[2025-05-02T21:31:09.967+0000] {spark_submit.py:644} INFO - ✅ CSV збережено: /tmp/spark_data/landing/athlete_bio.csv
[2025-05-02T21:31:09.969+0000] {spark_submit.py:644} INFO - 📊 Обробка файлу /tmp/spark_data/landing/athlete_bio.csv
[2025-05-02T21:31:10.410+0000] {spark_submit.py:644} INFO - 25/05/02 21:31:10 INFO SharedState: Setting hive.metastore.warehouse.dir ('null') to the value of spark.sql.warehouse.dir.
[2025-05-02T21:31:10.425+0000] {spark_submit.py:644} INFO - 25/05/02 21:31:10 INFO SharedState: Warehouse path is 'file:/opt/airflow/spark-warehouse'.
[2025-05-02T21:31:11.447+0000] {spark_submit.py:644} INFO - 25/05/02 21:31:11 INFO InMemoryFileIndex: It took 44 ms to list leaf files for 1 paths.
[2025-05-02T21:31:11.546+0000] {spark_submit.py:644} INFO - 25/05/02 21:31:11 INFO InMemoryFileIndex: It took 2 ms to list leaf files for 1 paths.
[2025-05-02T21:31:12.109+0000] {spark_submit.py:644} INFO - 25/05/02 21:31:12 INFO CoarseGrainedSchedulerBackend$DriverEndpoint: Registered executor NettyRpcEndpointRef(spark-client://Executor) (172.19.0.5:56710) with ID 0,  ResourceProfileId 0
[2025-05-02T21:31:12.198+0000] {spark_submit.py:644} INFO - 25/05/02 21:31:12 INFO BlockManagerMasterEndpoint: Registering block manager 172.19.0.5:38139 with 366.3 MiB RAM, BlockManagerId(0, 172.19.0.5, 38139, None)
[2025-05-02T21:31:13.587+0000] {spark_submit.py:644} INFO - 25/05/02 21:31:13 INFO FileSourceStrategy: Pushed Filters:
[2025-05-02T21:31:13.589+0000] {spark_submit.py:644} INFO - 25/05/02 21:31:13 INFO FileSourceStrategy: Post-Scan Filters: (length(trim(value#0, None)) > 0)
[2025-05-02T21:31:13.592+0000] {spark_submit.py:644} INFO - 25/05/02 21:31:13 INFO FileSourceStrategy: Output Data Schema: struct<value: string>
[2025-05-02T21:31:14.000+0000] {spark_submit.py:644} INFO - 25/05/02 21:31:13 INFO CodeGenerator: Code generated in 131.106052 ms
[2025-05-02T21:31:14.047+0000] {spark_submit.py:644} INFO - 25/05/02 21:31:14 INFO MemoryStore: Block broadcast_0 stored as values in memory (estimated size 199.2 KiB, free 434.2 MiB)
[2025-05-02T21:31:14.092+0000] {spark_submit.py:644} INFO - 25/05/02 21:31:14 INFO MemoryStore: Block broadcast_0_piece0 stored as bytes in memory (estimated size 33.9 KiB, free 434.2 MiB)
[2025-05-02T21:31:14.095+0000] {spark_submit.py:644} INFO - 25/05/02 21:31:14 INFO BlockManagerInfo: Added broadcast_0_piece0 in memory on 6ca5a7f6558e:44677 (size: 33.9 KiB, free: 434.4 MiB)
[2025-05-02T21:31:14.098+0000] {spark_submit.py:644} INFO - 25/05/02 21:31:14 INFO SparkContext: Created broadcast 0 from csv at NativeMethodAccessorImpl.java:0
[2025-05-02T21:31:14.106+0000] {spark_submit.py:644} INFO - 25/05/02 21:31:14 INFO FileSourceScanExec: Planning scan with bin packing, max size: 29844437 bytes, open cost is considered as scanning 4194304 bytes.
[2025-05-02T21:31:14.181+0000] {spark_submit.py:644} INFO - 25/05/02 21:31:14 INFO SparkContext: Starting job: csv at NativeMethodAccessorImpl.java:0
[2025-05-02T21:31:14.192+0000] {spark_submit.py:644} INFO - 25/05/02 21:31:14 INFO DAGScheduler: Got job 0 (csv at NativeMethodAccessorImpl.java:0) with 1 output partitions
[2025-05-02T21:31:14.192+0000] {spark_submit.py:644} INFO - 25/05/02 21:31:14 INFO DAGScheduler: Final stage: ResultStage 0 (csv at NativeMethodAccessorImpl.java:0)
[2025-05-02T21:31:14.192+0000] {spark_submit.py:644} INFO - 25/05/02 21:31:14 INFO DAGScheduler: Parents of final stage: List()
[2025-05-02T21:31:14.193+0000] {spark_submit.py:644} INFO - 25/05/02 21:31:14 INFO DAGScheduler: Missing parents: List()
[2025-05-02T21:31:14.197+0000] {spark_submit.py:644} INFO - 25/05/02 21:31:14 INFO DAGScheduler: Submitting ResultStage 0 (MapPartitionsRDD[3] at csv at NativeMethodAccessorImpl.java:0), which has no missing parents
[2025-05-02T21:31:14.251+0000] {spark_submit.py:644} INFO - 25/05/02 21:31:14 INFO MemoryStore: Block broadcast_1 stored as values in memory (estimated size 11.8 KiB, free 434.2 MiB)
[2025-05-02T21:31:14.253+0000] {spark_submit.py:644} INFO - 25/05/02 21:31:14 INFO MemoryStore: Block broadcast_1_piece0 stored as bytes in memory (estimated size 5.9 KiB, free 434.2 MiB)
[2025-05-02T21:31:14.255+0000] {spark_submit.py:644} INFO - 25/05/02 21:31:14 INFO BlockManagerInfo: Added broadcast_1_piece0 in memory on 6ca5a7f6558e:44677 (size: 5.9 KiB, free: 434.4 MiB)
[2025-05-02T21:31:14.256+0000] {spark_submit.py:644} INFO - 25/05/02 21:31:14 INFO SparkContext: Created broadcast 1 from broadcast at DAGScheduler.scala:1513
[2025-05-02T21:31:14.271+0000] {spark_submit.py:644} INFO - 25/05/02 21:31:14 INFO DAGScheduler: Submitting 1 missing tasks from ResultStage 0 (MapPartitionsRDD[3] at csv at NativeMethodAccessorImpl.java:0) (first 15 tasks are for partitions Vector(0))
[2025-05-02T21:31:14.272+0000] {spark_submit.py:644} INFO - 25/05/02 21:31:14 INFO TaskSchedulerImpl: Adding task set 0.0 with 1 tasks resource profile 0
[2025-05-02T21:31:14.301+0000] {spark_submit.py:644} INFO - 25/05/02 21:31:14 INFO TaskSetManager: Starting task 0.0 in stage 0.0 (TID 0) (172.19.0.5, executor 0, partition 0, PROCESS_LOCAL, 4921 bytes) taskResourceAssignments Map()
[2025-05-02T21:31:14.590+0000] {spark_submit.py:644} INFO - 25/05/02 21:31:14 INFO BlockManagerInfo: Added broadcast_1_piece0 in memory on 172.19.0.5:38139 (size: 5.9 KiB, free: 366.3 MiB)
[2025-05-02T21:31:15.855+0000] {spark_submit.py:644} INFO - 25/05/02 21:31:15 INFO BlockManagerInfo: Added broadcast_0_piece0 in memory on 172.19.0.5:38139 (size: 33.9 KiB, free: 366.3 MiB)
[2025-05-02T21:31:16.095+0000] {spark_submit.py:644} INFO - 25/05/02 21:31:16 INFO TaskSetManager: Finished task 0.0 in stage 0.0 (TID 0) in 1801 ms on 172.19.0.5 (executor 0) (1/1)
[2025-05-02T21:31:16.097+0000] {spark_submit.py:644} INFO - 25/05/02 21:31:16 INFO TaskSchedulerImpl: Removed TaskSet 0.0, whose tasks have all completed, from pool
[2025-05-02T21:31:16.103+0000] {spark_submit.py:644} INFO - 25/05/02 21:31:16 INFO DAGScheduler: ResultStage 0 (csv at NativeMethodAccessorImpl.java:0) finished in 1.894 s
[2025-05-02T21:31:16.105+0000] {spark_submit.py:644} INFO - 25/05/02 21:31:16 INFO DAGScheduler: Job 0 is finished. Cancelling potential speculative or zombie tasks for this job
[2025-05-02T21:31:16.105+0000] {spark_submit.py:644} INFO - 25/05/02 21:31:16 INFO TaskSchedulerImpl: Killing all running tasks in stage 0: Stage finished
[2025-05-02T21:31:16.107+0000] {spark_submit.py:644} INFO - 25/05/02 21:31:16 INFO DAGScheduler: Job 0 finished: csv at NativeMethodAccessorImpl.java:0, took 1.925744 s
[2025-05-02T21:31:16.127+0000] {spark_submit.py:644} INFO - 25/05/02 21:31:16 INFO CodeGenerator: Code generated in 10.422977 ms
[2025-05-02T21:31:16.168+0000] {spark_submit.py:644} INFO - 25/05/02 21:31:16 INFO FileSourceStrategy: Pushed Filters:
[2025-05-02T21:31:16.169+0000] {spark_submit.py:644} INFO - 25/05/02 21:31:16 INFO FileSourceStrategy: Post-Scan Filters:
[2025-05-02T21:31:16.169+0000] {spark_submit.py:644} INFO - 25/05/02 21:31:16 INFO FileSourceStrategy: Output Data Schema: struct<value: string>
[2025-05-02T21:31:16.176+0000] {spark_submit.py:644} INFO - 25/05/02 21:31:16 INFO MemoryStore: Block broadcast_2 stored as values in memory (estimated size 199.2 KiB, free 434.0 MiB)
[2025-05-02T21:31:16.184+0000] {spark_submit.py:644} INFO - 25/05/02 21:31:16 INFO MemoryStore: Block broadcast_2_piece0 stored as bytes in memory (estimated size 33.9 KiB, free 433.9 MiB)
[2025-05-02T21:31:16.185+0000] {spark_submit.py:644} INFO - 25/05/02 21:31:16 INFO BlockManagerInfo: Added broadcast_2_piece0 in memory on 6ca5a7f6558e:44677 (size: 33.9 KiB, free: 434.3 MiB)
[2025-05-02T21:31:16.186+0000] {spark_submit.py:644} INFO - 25/05/02 21:31:16 INFO SparkContext: Created broadcast 2 from csv at NativeMethodAccessorImpl.java:0
[2025-05-02T21:31:16.187+0000] {spark_submit.py:644} INFO - 25/05/02 21:31:16 INFO FileSourceScanExec: Planning scan with bin packing, max size: 29844437 bytes, open cost is considered as scanning 4194304 bytes.
[2025-05-02T21:31:16.230+0000] {spark_submit.py:644} INFO - 🗑️ Видалення тимчасової директорії: /tmp/spark_data/bronze/athlete_bio/_temporary
[2025-05-02T21:31:16.230+0000] {spark_submit.py:644} INFO - Traceback (most recent call last):
[2025-05-02T21:31:16.230+0000] {spark_submit.py:644} INFO - File "/opt/airflow/dags/landing_to_bronze.py", line 74, in <module>
[2025-05-02T21:31:16.230+0000] {spark_submit.py:644} INFO - main()
[2025-05-02T21:31:16.230+0000] {spark_submit.py:644} INFO - File "/opt/airflow/dags/landing_to_bronze.py", line 59, in main
[2025-05-02T21:31:16.230+0000] {spark_submit.py:644} INFO - remove_temp_directory(temp_dir)
[2025-05-02T21:31:16.230+0000] {spark_submit.py:644} INFO - File "/opt/airflow/dags/landing_to_bronze.py", line 25, in remove_temp_directory
[2025-05-02T21:31:16.230+0000] {spark_submit.py:644} INFO - shutil.rmtree(temp_dir)
[2025-05-02T21:31:16.231+0000] {spark_submit.py:644} INFO - File "/usr/local/lib/python3.10/shutil.py", line 725, in rmtree
[2025-05-02T21:31:16.231+0000] {spark_submit.py:644} INFO - _rmtree_safe_fd(fd, path, onerror)
[2025-05-02T21:31:16.231+0000] {spark_submit.py:644} INFO - File "/usr/local/lib/python3.10/shutil.py", line 658, in _rmtree_safe_fd
[2025-05-02T21:31:16.231+0000] {spark_submit.py:644} INFO - _rmtree_safe_fd(dirfd, fullname, onerror)
[2025-05-02T21:31:16.231+0000] {spark_submit.py:644} INFO - File "/usr/local/lib/python3.10/shutil.py", line 658, in _rmtree_safe_fd
[2025-05-02T21:31:16.231+0000] {spark_submit.py:644} INFO - _rmtree_safe_fd(dirfd, fullname, onerror)
[2025-05-02T21:31:16.231+0000] {spark_submit.py:644} INFO - File "/usr/local/lib/python3.10/shutil.py", line 681, in _rmtree_safe_fd
[2025-05-02T21:31:16.231+0000] {spark_submit.py:644} INFO - onerror(os.unlink, fullname, sys.exc_info())
[2025-05-02T21:31:16.231+0000] {spark_submit.py:644} INFO - File "/usr/local/lib/python3.10/shutil.py", line 679, in _rmtree_safe_fd
[2025-05-02T21:31:16.231+0000] {spark_submit.py:644} INFO - os.unlink(entry.name, dir_fd=topfd)
[2025-05-02T21:31:16.231+0000] {spark_submit.py:644} INFO - PermissionError: [Errno 13] Permission denied: '.part-00001-c59b61d3-b181-4c60-92c3-b54c992c9f57-c000.snappy.parquet.crc'
[2025-05-02T21:31:16.276+0000] {spark_submit.py:644} INFO - 25/05/02 21:31:16 INFO SparkContext: Invoking stop() from shutdown hook
[2025-05-02T21:31:16.287+0000] {spark_submit.py:644} INFO - 25/05/02 21:31:16 INFO SparkUI: Stopped Spark web UI at http://6ca5a7f6558e:4040
[2025-05-02T21:31:16.289+0000] {spark_submit.py:644} INFO - 25/05/02 21:31:16 INFO StandaloneSchedulerBackend: Shutting down all executors
[2025-05-02T21:31:16.290+0000] {spark_submit.py:644} INFO - 25/05/02 21:31:16 INFO CoarseGrainedSchedulerBackend$DriverEndpoint: Asking each executor to shut down
[2025-05-02T21:31:16.306+0000] {spark_submit.py:644} INFO - 25/05/02 21:31:16 INFO MapOutputTrackerMasterEndpoint: MapOutputTrackerMasterEndpoint stopped!
[2025-05-02T21:31:16.350+0000] {spark_submit.py:644} INFO - 25/05/02 21:31:16 INFO MemoryStore: MemoryStore cleared
[2025-05-02T21:31:16.351+0000] {spark_submit.py:644} INFO - 25/05/02 21:31:16 INFO BlockManager: BlockManager stopped
[2025-05-02T21:31:16.355+0000] {spark_submit.py:644} INFO - 25/05/02 21:31:16 INFO BlockManagerMaster: BlockManagerMaster stopped
[2025-05-02T21:31:16.357+0000] {spark_submit.py:644} INFO - 25/05/02 21:31:16 INFO OutputCommitCoordinator$OutputCommitCoordinatorEndpoint: OutputCommitCoordinator stopped!
[2025-05-02T21:31:16.370+0000] {spark_submit.py:644} INFO - 25/05/02 21:31:16 INFO SparkContext: Successfully stopped SparkContext
[2025-05-02T21:31:16.370+0000] {spark_submit.py:644} INFO - 25/05/02 21:31:16 INFO ShutdownHookManager: Shutdown hook called
[2025-05-02T21:31:16.371+0000] {spark_submit.py:644} INFO - 25/05/02 21:31:16 INFO ShutdownHookManager: Deleting directory /tmp/spark-d4ba574b-5ef2-4ff1-aeed-a8b4af428599
[2025-05-02T21:31:16.375+0000] {spark_submit.py:644} INFO - 25/05/02 21:31:16 INFO ShutdownHookManager: Deleting directory /tmp/spark-be444133-35c9-4337-aee3-ec49d959ded8/pyspark-618fb16a-6bf1-420f-9e91-1eaa4f472b7c
[2025-05-02T21:31:16.380+0000] {spark_submit.py:644} INFO - 25/05/02 21:31:16 INFO ShutdownHookManager: Deleting directory /tmp/spark-be444133-35c9-4337-aee3-ec49d959ded8
[2025-05-02T21:31:16.428+0000] {taskinstance.py:441} INFO - ::group::Post task execution logs
[2025-05-02T21:31:16.462+0000] {taskinstance.py:2905} ERROR - Task failed with exception
Traceback (most recent call last):
  File "/home/airflow/.local/lib/python3.10/site-packages/airflow/models/taskinstance.py", line 465, in _execute_task
    result = _execute_callable(context=context, **execute_callable_kwargs)
  File "/home/airflow/.local/lib/python3.10/site-packages/airflow/models/taskinstance.py", line 432, in _execute_callable
    return execute_callable(context=context, **execute_callable_kwargs)
  File "/home/airflow/.local/lib/python3.10/site-packages/airflow/models/baseoperator.py", line 400, in wrapper
    return func(self, *args, **kwargs)
  File "/home/airflow/.local/lib/python3.10/site-packages/airflow/providers/apache/spark/operators/spark_submit.py", line 197, in execute
    self._hook.submit(self.application)
  File "/home/airflow/.local/lib/python3.10/site-packages/airflow/providers/apache/spark/hooks/spark_submit.py", line 566, in submit
    raise AirflowException(
airflow.exceptions.AirflowException: Cannot execute: spark-submit --master spark://spark-master:7077 --conf spark.master=spark://spark-master:7077 --name LandingToBronze --verbose --queue root.default --deploy-mode client /opt/airflow/dags/landing_to_bronze.py. Error code is: 1.
[2025-05-02T21:31:16.466+0000] {taskinstance.py:1206} INFO - Marking task as FAILED. dag_id=final_project_BBDL, task_id=LandingToBronze, run_id=manual__2025-05-02T21:30:58.748444+00:00, execution_date=20250502T213058, start_date=20250502T213100, end_date=20250502T213116
[2025-05-02T21:31:16.507+0000] {standard_task_runner.py:110} ERROR - Failed to execute job 32 for task LandingToBronze (Cannot execute: spark-submit --master spark://spark-master:7077 --conf spark.master=spark://spark-master:7077 --name LandingToBronze --verbose --queue root.default --deploy-mode client /opt/airflow/dags/landing_to_bronze.py. Error code is: 1.; 3724)
[2025-05-02T21:31:16.521+0000] {local_task_job_runner.py:240} INFO - Task exited with return code 1
[2025-05-02T21:31:16.565+0000] {taskinstance.py:3498} INFO - 0 downstream tasks scheduled from follow-on schedule check
[2025-05-02T21:31:16.591+0000] {local_task_job_runner.py:222} INFO - ::endgroup::
