[2025-05-05T20:23:03.999+0000] {taskinstance.py:1103} INFO - Dependencies all met for dep_context=non-requeueable deps ti=<TaskInstance: final_project_BBDL.BronzeToSilver manual__2025-05-05T20:22:42.043400+00:00 [queued]>
[2025-05-05T20:23:04.007+0000] {taskinstance.py:1103} INFO - Dependencies all met for dep_context=requeueable deps ti=<TaskInstance: final_project_BBDL.BronzeToSilver manual__2025-05-05T20:22:42.043400+00:00 [queued]>
[2025-05-05T20:23:04.008+0000] {taskinstance.py:1308} INFO - Starting attempt 1 of 1
[2025-05-05T20:23:04.042+0000] {taskinstance.py:1327} INFO - Executing <Task(SparkSubmitOperator): BronzeToSilver> on 2025-05-05 20:22:42.043400+00:00
[2025-05-05T20:23:04.045+0000] {standard_task_runner.py:57} INFO - Started process 494 to run task
[2025-05-05T20:23:04.047+0000] {standard_task_runner.py:84} INFO - Running: ['airflow', 'tasks', 'run', 'final_project_BBDL', 'BronzeToSilver', 'manual__2025-05-05T20:22:42.043400+00:00', '--job-id', '4', '--raw', '--subdir', 'DAGS_FOLDER/project_solution.py', '--cfg-path', '/tmp/tmpngmmgx_v']
[2025-05-05T20:23:04.049+0000] {standard_task_runner.py:85} INFO - Job 4: Subtask BronzeToSilver
[2025-05-05T20:23:04.094+0000] {logging_mixin.py:150} WARNING - /home/airflow/.local/lib/python3.7/site-packages/airflow/settings.py:195 DeprecationWarning: The sql_alchemy_conn option in [core] has been moved to the sql_alchemy_conn option in [database] - the old setting has been used, but please update your config.
[2025-05-05T20:23:04.129+0000] {task_command.py:410} INFO - Running <TaskInstance: final_project_BBDL.BronzeToSilver manual__2025-05-05T20:22:42.043400+00:00 [running]> on host b431f09a1fa6
[2025-05-05T20:23:04.408+0000] {taskinstance.py:1547} INFO - Exporting env vars: AIRFLOW_CTX_DAG_OWNER='airflow' AIRFLOW_CTX_DAG_ID='final_project_BBDL' AIRFLOW_CTX_TASK_ID='BronzeToSilver' AIRFLOW_CTX_EXECUTION_DATE='2025-05-05T20:22:42.043400+00:00' AIRFLOW_CTX_TRY_NUMBER='1' AIRFLOW_CTX_DAG_RUN_ID='manual__2025-05-05T20:22:42.043400+00:00'
[2025-05-05T20:23:04.419+0000] {base.py:73} INFO - Using connection ID 'spark_default' for task execution.
[2025-05-05T20:23:04.421+0000] {spark_submit.py:339} INFO - Spark-Submit cmd: spark-submit --master spark://spark-master:7077 --conf spark.master=spark://spark-master:7077 --conf spark.submit.deployMode=client --conf spark.pyspark.python=/usr/bin/python3 --conf spark.executorEnv.PYSPARK_PYTHON=/usr/bin/python3 --name BronzeToSilver --verbose --queue root.default /opt/airflow/dags/bronze_to_silver.py
[2025-05-05T20:23:05.905+0000] {spark_submit.py:490} INFO - Using properties file: null
[2025-05-05T20:23:06.032+0000] {spark_submit.py:490} INFO - Parsed arguments:
[2025-05-05T20:23:06.033+0000] {spark_submit.py:490} INFO - master                  spark://spark-master:7077
[2025-05-05T20:23:06.033+0000] {spark_submit.py:490} INFO - deployMode              client
[2025-05-05T20:23:06.033+0000] {spark_submit.py:490} INFO - executorMemory          null
[2025-05-05T20:23:06.033+0000] {spark_submit.py:490} INFO - executorCores           null
[2025-05-05T20:23:06.033+0000] {spark_submit.py:490} INFO - totalExecutorCores      null
[2025-05-05T20:23:06.033+0000] {spark_submit.py:490} INFO - propertiesFile          null
[2025-05-05T20:23:06.033+0000] {spark_submit.py:490} INFO - driverMemory            null
[2025-05-05T20:23:06.033+0000] {spark_submit.py:490} INFO - driverCores             null
[2025-05-05T20:23:06.033+0000] {spark_submit.py:490} INFO - driverExtraClassPath    null
[2025-05-05T20:23:06.034+0000] {spark_submit.py:490} INFO - driverExtraLibraryPath  null
[2025-05-05T20:23:06.034+0000] {spark_submit.py:490} INFO - driverExtraJavaOptions  null
[2025-05-05T20:23:06.034+0000] {spark_submit.py:490} INFO - supervise               false
[2025-05-05T20:23:06.034+0000] {spark_submit.py:490} INFO - queue                   root.default
[2025-05-05T20:23:06.034+0000] {spark_submit.py:490} INFO - numExecutors            null
[2025-05-05T20:23:06.034+0000] {spark_submit.py:490} INFO - files                   null
[2025-05-05T20:23:06.034+0000] {spark_submit.py:490} INFO - pyFiles                 null
[2025-05-05T20:23:06.034+0000] {spark_submit.py:490} INFO - archives                null
[2025-05-05T20:23:06.034+0000] {spark_submit.py:490} INFO - mainClass               null
[2025-05-05T20:23:06.034+0000] {spark_submit.py:490} INFO - primaryResource         file:/opt/airflow/dags/bronze_to_silver.py
[2025-05-05T20:23:06.035+0000] {spark_submit.py:490} INFO - name                    BronzeToSilver
[2025-05-05T20:23:06.035+0000] {spark_submit.py:490} INFO - childArgs               []
[2025-05-05T20:23:06.035+0000] {spark_submit.py:490} INFO - jars                    null
[2025-05-05T20:23:06.035+0000] {spark_submit.py:490} INFO - packages                null
[2025-05-05T20:23:06.035+0000] {spark_submit.py:490} INFO - packagesExclusions      null
[2025-05-05T20:23:06.035+0000] {spark_submit.py:490} INFO - repositories            null
[2025-05-05T20:23:06.035+0000] {spark_submit.py:490} INFO - verbose                 true
[2025-05-05T20:23:06.035+0000] {spark_submit.py:490} INFO - 
[2025-05-05T20:23:06.035+0000] {spark_submit.py:490} INFO - Spark properties used, including those specified through
[2025-05-05T20:23:06.036+0000] {spark_submit.py:490} INFO - --conf and those from the properties file null:
[2025-05-05T20:23:06.036+0000] {spark_submit.py:490} INFO - (spark.executorEnv.PYSPARK_PYTHON,/usr/bin/python3)
[2025-05-05T20:23:06.036+0000] {spark_submit.py:490} INFO - (spark.master,spark://spark-master:7077)
[2025-05-05T20:23:06.036+0000] {spark_submit.py:490} INFO - (spark.pyspark.python,/usr/bin/python3)
[2025-05-05T20:23:06.036+0000] {spark_submit.py:490} INFO - (spark.submit.deployMode,client)
[2025-05-05T20:23:06.036+0000] {spark_submit.py:490} INFO - 
[2025-05-05T20:23:06.036+0000] {spark_submit.py:490} INFO - 
[2025-05-05T20:23:06.296+0000] {spark_submit.py:490} INFO - Main class:
[2025-05-05T20:23:06.296+0000] {spark_submit.py:490} INFO - org.apache.spark.deploy.PythonRunner
[2025-05-05T20:23:06.296+0000] {spark_submit.py:490} INFO - Arguments:
[2025-05-05T20:23:06.297+0000] {spark_submit.py:490} INFO - file:/opt/airflow/dags/bronze_to_silver.py
[2025-05-05T20:23:06.297+0000] {spark_submit.py:490} INFO - null
[2025-05-05T20:23:06.298+0000] {spark_submit.py:490} INFO - Spark config:
[2025-05-05T20:23:06.299+0000] {spark_submit.py:490} INFO - (spark.app.name,BronzeToSilver)
[2025-05-05T20:23:06.299+0000] {spark_submit.py:490} INFO - (spark.app.submitTime,1746476586281)
[2025-05-05T20:23:06.299+0000] {spark_submit.py:490} INFO - (spark.executorEnv.PYSPARK_PYTHON,/usr/bin/python3)
[2025-05-05T20:23:06.299+0000] {spark_submit.py:490} INFO - (spark.master,spark://spark-master:7077)
[2025-05-05T20:23:06.299+0000] {spark_submit.py:490} INFO - (spark.pyspark.python,/usr/bin/python3)
[2025-05-05T20:23:06.299+0000] {spark_submit.py:490} INFO - (spark.submit.deployMode,client)
[2025-05-05T20:23:06.299+0000] {spark_submit.py:490} INFO - (spark.submit.pyFiles,)
[2025-05-05T20:23:06.300+0000] {spark_submit.py:490} INFO - Classpath elements:
[2025-05-05T20:23:06.300+0000] {spark_submit.py:490} INFO - 
[2025-05-05T20:23:06.300+0000] {spark_submit.py:490} INFO - 
[2025-05-05T20:23:06.300+0000] {spark_submit.py:490} INFO - 
[2025-05-05T20:23:06.818+0000] {spark_submit.py:490} INFO - 25/05/05 20:23:06 INFO SparkContext: Running Spark version 3.3.0
[2025-05-05T20:23:06.890+0000] {spark_submit.py:490} INFO - 25/05/05 20:23:06 WARN NativeCodeLoader: Unable to load native-hadoop library for your platform... using builtin-java classes where applicable
[2025-05-05T20:23:06.982+0000] {spark_submit.py:490} INFO - 25/05/05 20:23:06 INFO ResourceUtils: ==============================================================
[2025-05-05T20:23:06.982+0000] {spark_submit.py:490} INFO - 25/05/05 20:23:06 INFO ResourceUtils: No custom resources configured for spark.driver.
[2025-05-05T20:23:06.983+0000] {spark_submit.py:490} INFO - 25/05/05 20:23:06 INFO ResourceUtils: ==============================================================
[2025-05-05T20:23:06.983+0000] {spark_submit.py:490} INFO - 25/05/05 20:23:06 INFO SparkContext: Submitted application: Bronze to Silver ETL
[2025-05-05T20:23:07.003+0000] {spark_submit.py:490} INFO - 25/05/05 20:23:07 INFO ResourceProfile: Default ResourceProfile created, executor resources: Map(cores -> name: cores, amount: 1, script: , vendor: , memory -> name: memory, amount: 1024, script: , vendor: , offHeap -> name: offHeap, amount: 0, script: , vendor: ), task resources: Map(cpus -> name: cpus, amount: 1.0)
[2025-05-05T20:23:07.013+0000] {spark_submit.py:490} INFO - 25/05/05 20:23:07 INFO ResourceProfile: Limiting resource is cpu
[2025-05-05T20:23:07.013+0000] {spark_submit.py:490} INFO - 25/05/05 20:23:07 INFO ResourceProfileManager: Added ResourceProfile id: 0
[2025-05-05T20:23:07.058+0000] {spark_submit.py:490} INFO - 25/05/05 20:23:07 INFO SecurityManager: Changing view acls to: root
[2025-05-05T20:23:07.059+0000] {spark_submit.py:490} INFO - 25/05/05 20:23:07 INFO SecurityManager: Changing modify acls to: root
[2025-05-05T20:23:07.059+0000] {spark_submit.py:490} INFO - 25/05/05 20:23:07 INFO SecurityManager: Changing view acls groups to:
[2025-05-05T20:23:07.060+0000] {spark_submit.py:490} INFO - 25/05/05 20:23:07 INFO SecurityManager: Changing modify acls groups to:
[2025-05-05T20:23:07.061+0000] {spark_submit.py:490} INFO - 25/05/05 20:23:07 INFO SecurityManager: SecurityManager: authentication disabled; ui acls disabled; users  with view permissions: Set(root); groups with view permissions: Set(); users  with modify permissions: Set(root); groups with modify permissions: Set()
[2025-05-05T20:23:07.332+0000] {spark_submit.py:490} INFO - 25/05/05 20:23:07 INFO Utils: Successfully started service 'sparkDriver' on port 39343.
[2025-05-05T20:23:07.356+0000] {spark_submit.py:490} INFO - 25/05/05 20:23:07 INFO SparkEnv: Registering MapOutputTracker
[2025-05-05T20:23:07.387+0000] {spark_submit.py:490} INFO - 25/05/05 20:23:07 INFO SparkEnv: Registering BlockManagerMaster
[2025-05-05T20:23:07.406+0000] {spark_submit.py:490} INFO - 25/05/05 20:23:07 INFO BlockManagerMasterEndpoint: Using org.apache.spark.storage.DefaultTopologyMapper for getting topology information
[2025-05-05T20:23:07.406+0000] {spark_submit.py:490} INFO - 25/05/05 20:23:07 INFO BlockManagerMasterEndpoint: BlockManagerMasterEndpoint up
[2025-05-05T20:23:07.411+0000] {spark_submit.py:490} INFO - 25/05/05 20:23:07 INFO SparkEnv: Registering BlockManagerMasterHeartbeat
[2025-05-05T20:23:07.436+0000] {spark_submit.py:490} INFO - 25/05/05 20:23:07 INFO DiskBlockManager: Created local directory at /tmp/blockmgr-6cca9dcd-fe2b-48bc-9e46-e1a6826fe3fb
[2025-05-05T20:23:07.462+0000] {spark_submit.py:490} INFO - 25/05/05 20:23:07 INFO MemoryStore: MemoryStore started with capacity 434.4 MiB
[2025-05-05T20:23:07.477+0000] {spark_submit.py:490} INFO - 25/05/05 20:23:07 INFO SparkEnv: Registering OutputCommitCoordinator
[2025-05-05T20:23:07.657+0000] {spark_submit.py:490} INFO - 25/05/05 20:23:07 INFO Utils: Successfully started service 'SparkUI' on port 4040.
[2025-05-05T20:23:07.797+0000] {spark_submit.py:490} INFO - 25/05/05 20:23:07 INFO StandaloneAppClient$ClientEndpoint: Connecting to master spark://spark-master:7077...
[2025-05-05T20:23:07.838+0000] {spark_submit.py:490} INFO - 25/05/05 20:23:07 INFO TransportClientFactory: Successfully created connection to spark-master/172.18.0.3:7077 after 24 ms (0 ms spent in bootstraps)
[2025-05-05T20:23:07.914+0000] {spark_submit.py:490} INFO - 25/05/05 20:23:07 INFO StandaloneSchedulerBackend: Connected to Spark cluster with app ID app-20250505202307-0001
[2025-05-05T20:23:07.921+0000] {spark_submit.py:490} INFO - 25/05/05 20:23:07 INFO StandaloneAppClient$ClientEndpoint: Executor added: app-20250505202307-0001/0 on worker-20250505201940-172.18.0.6-38439 (172.18.0.6:38439) with 2 core(s)
[2025-05-05T20:23:07.926+0000] {spark_submit.py:490} INFO - 25/05/05 20:23:07 INFO Utils: Successfully started service 'org.apache.spark.network.netty.NettyBlockTransferService' on port 46403.
[2025-05-05T20:23:07.926+0000] {spark_submit.py:490} INFO - 25/05/05 20:23:07 INFO NettyBlockTransferService: Server created on b431f09a1fa6:46403
[2025-05-05T20:23:07.927+0000] {spark_submit.py:490} INFO - 25/05/05 20:23:07 INFO StandaloneSchedulerBackend: Granted executor ID app-20250505202307-0001/0 on hostPort 172.18.0.6:38439 with 2 core(s), 1024.0 MiB RAM
[2025-05-05T20:23:07.928+0000] {spark_submit.py:490} INFO - 25/05/05 20:23:07 INFO BlockManager: Using org.apache.spark.storage.RandomBlockReplicationPolicy for block replication policy
[2025-05-05T20:23:07.937+0000] {spark_submit.py:490} INFO - 25/05/05 20:23:07 INFO BlockManagerMaster: Registering BlockManager BlockManagerId(driver, b431f09a1fa6, 46403, None)
[2025-05-05T20:23:07.943+0000] {spark_submit.py:490} INFO - 25/05/05 20:23:07 INFO BlockManagerMasterEndpoint: Registering block manager b431f09a1fa6:46403 with 434.4 MiB RAM, BlockManagerId(driver, b431f09a1fa6, 46403, None)
[2025-05-05T20:23:07.944+0000] {spark_submit.py:490} INFO - 25/05/05 20:23:07 INFO BlockManagerMaster: Registered BlockManager BlockManagerId(driver, b431f09a1fa6, 46403, None)
[2025-05-05T20:23:07.947+0000] {spark_submit.py:490} INFO - 25/05/05 20:23:07 INFO BlockManager: Initialized BlockManager: BlockManagerId(driver, b431f09a1fa6, 46403, None)
[2025-05-05T20:23:07.959+0000] {spark_submit.py:490} INFO - 25/05/05 20:23:07 INFO StandaloneAppClient$ClientEndpoint: Executor updated: app-20250505202307-0001/0 is now RUNNING
[2025-05-05T20:23:08.152+0000] {spark_submit.py:490} INFO - 25/05/05 20:23:08 INFO StandaloneSchedulerBackend: SchedulerBackend is ready for scheduling beginning after reached minRegisteredResourcesRatio: 0.0
[2025-05-05T20:23:08.317+0000] {spark_submit.py:490} INFO - 🔍 Читання з: /tmp/spark_data/bronze/athlete_event_results/20250505_*
[2025-05-05T20:23:08.380+0000] {spark_submit.py:490} INFO - 25/05/05 20:23:08 INFO SharedState: Setting hive.metastore.warehouse.dir ('null') to the value of spark.sql.warehouse.dir.
[2025-05-05T20:23:08.389+0000] {spark_submit.py:490} INFO - 25/05/05 20:23:08 INFO SharedState: Warehouse path is 'file:/opt/airflow/spark-warehouse'.
[2025-05-05T20:23:09.314+0000] {spark_submit.py:490} INFO - 25/05/05 20:23:09 INFO InMemoryFileIndex: It took 64 ms to list leaf files for 2 paths.
[2025-05-05T20:23:09.758+0000] {spark_submit.py:490} INFO - 25/05/05 20:23:09 INFO SparkContext: Starting job: load at NativeMethodAccessorImpl.java:0
[2025-05-05T20:23:09.776+0000] {spark_submit.py:490} INFO - 25/05/05 20:23:09 INFO DAGScheduler: Got job 0 (load at NativeMethodAccessorImpl.java:0) with 1 output partitions
[2025-05-05T20:23:09.777+0000] {spark_submit.py:490} INFO - 25/05/05 20:23:09 INFO DAGScheduler: Final stage: ResultStage 0 (load at NativeMethodAccessorImpl.java:0)
[2025-05-05T20:23:09.777+0000] {spark_submit.py:490} INFO - 25/05/05 20:23:09 INFO DAGScheduler: Parents of final stage: List()
[2025-05-05T20:23:09.779+0000] {spark_submit.py:490} INFO - 25/05/05 20:23:09 INFO DAGScheduler: Missing parents: List()
[2025-05-05T20:23:09.783+0000] {spark_submit.py:490} INFO - 25/05/05 20:23:09 INFO DAGScheduler: Submitting ResultStage 0 (MapPartitionsRDD[1] at load at NativeMethodAccessorImpl.java:0), which has no missing parents
[2025-05-05T20:23:09.847+0000] {spark_submit.py:490} INFO - 25/05/05 20:23:09 INFO MemoryStore: Block broadcast_0 stored as values in memory (estimated size 102.8 KiB, free 434.3 MiB)
[2025-05-05T20:23:09.886+0000] {spark_submit.py:490} INFO - 25/05/05 20:23:09 INFO MemoryStore: Block broadcast_0_piece0 stored as bytes in memory (estimated size 36.9 KiB, free 434.3 MiB)
[2025-05-05T20:23:09.889+0000] {spark_submit.py:490} INFO - 25/05/05 20:23:09 INFO BlockManagerInfo: Added broadcast_0_piece0 in memory on b431f09a1fa6:46403 (size: 36.9 KiB, free: 434.4 MiB)
[2025-05-05T20:23:09.898+0000] {spark_submit.py:490} INFO - 25/05/05 20:23:09 INFO SparkContext: Created broadcast 0 from broadcast at DAGScheduler.scala:1513
[2025-05-05T20:23:09.927+0000] {spark_submit.py:490} INFO - 25/05/05 20:23:09 INFO DAGScheduler: Submitting 1 missing tasks from ResultStage 0 (MapPartitionsRDD[1] at load at NativeMethodAccessorImpl.java:0) (first 15 tasks are for partitions Vector(0))
[2025-05-05T20:23:09.928+0000] {spark_submit.py:490} INFO - 25/05/05 20:23:09 INFO TaskSchedulerImpl: Adding task set 0.0 with 1 tasks resource profile 0
[2025-05-05T20:23:10.707+0000] {spark_submit.py:490} INFO - 25/05/05 20:23:10 INFO CoarseGrainedSchedulerBackend$DriverEndpoint: Registered executor NettyRpcEndpointRef(spark-client://Executor) (172.18.0.6:48882) with ID 0,  ResourceProfileId 0
[2025-05-05T20:23:10.771+0000] {spark_submit.py:490} INFO - 25/05/05 20:23:10 INFO BlockManagerMasterEndpoint: Registering block manager 172.18.0.6:39479 with 366.3 MiB RAM, BlockManagerId(0, 172.18.0.6, 39479, None)
[2025-05-05T20:23:10.827+0000] {spark_submit.py:490} INFO - 25/05/05 20:23:10 INFO TaskSetManager: Starting task 0.0 in stage 0.0 (TID 0) (172.18.0.6, executor 0, partition 0, PROCESS_LOCAL, 4685 bytes) taskResourceAssignments Map()
[2025-05-05T20:23:11.037+0000] {spark_submit.py:490} INFO - 25/05/05 20:23:11 INFO BlockManagerInfo: Added broadcast_0_piece0 in memory on 172.18.0.6:39479 (size: 36.9 KiB, free: 366.3 MiB)
[2025-05-05T20:23:11.914+0000] {spark_submit.py:490} INFO - 25/05/05 20:23:11 INFO TaskSetManager: Finished task 0.0 in stage 0.0 (TID 0) in 1098 ms on 172.18.0.6 (executor 0) (1/1)
[2025-05-05T20:23:11.916+0000] {spark_submit.py:490} INFO - 25/05/05 20:23:11 INFO TaskSchedulerImpl: Removed TaskSet 0.0, whose tasks have all completed, from pool
[2025-05-05T20:23:11.920+0000] {spark_submit.py:490} INFO - 25/05/05 20:23:11 INFO DAGScheduler: ResultStage 0 (load at NativeMethodAccessorImpl.java:0) finished in 2.124 s
[2025-05-05T20:23:11.923+0000] {spark_submit.py:490} INFO - 25/05/05 20:23:11 INFO DAGScheduler: Job 0 is finished. Cancelling potential speculative or zombie tasks for this job
[2025-05-05T20:23:11.923+0000] {spark_submit.py:490} INFO - 25/05/05 20:23:11 INFO TaskSchedulerImpl: Killing all running tasks in stage 0: Stage finished
[2025-05-05T20:23:11.925+0000] {spark_submit.py:490} INFO - 25/05/05 20:23:11 INFO DAGScheduler: Job 0 finished: load at NativeMethodAccessorImpl.java:0, took 2.181335 s
[2025-05-05T20:23:12.102+0000] {spark_submit.py:490} INFO - 25/05/05 20:23:12 INFO BlockManagerInfo: Removed broadcast_0_piece0 on b431f09a1fa6:46403 in memory (size: 36.9 KiB, free: 434.4 MiB)
[2025-05-05T20:23:12.113+0000] {spark_submit.py:490} INFO - 25/05/05 20:23:12 INFO BlockManagerInfo: Removed broadcast_0_piece0 on 172.18.0.6:39479 in memory (size: 36.9 KiB, free: 366.3 MiB)
[2025-05-05T20:23:13.221+0000] {spark_submit.py:490} INFO - 🧼 Чищення датафрейму...
[2025-05-05T20:23:13.643+0000] {spark_submit.py:490} INFO - 💾 Збереження до Silver рівня: /tmp/spark_data/silver/athlete_event_results/20250505
[2025-05-05T20:23:14.003+0000] {spark_submit.py:490} INFO - 25/05/05 20:23:14 INFO FileSourceStrategy: Pushed Filters:
[2025-05-05T20:23:14.004+0000] {spark_submit.py:490} INFO - 25/05/05 20:23:14 INFO FileSourceStrategy: Post-Scan Filters:
[2025-05-05T20:23:14.006+0000] {spark_submit.py:490} INFO - 25/05/05 20:23:14 INFO FileSourceStrategy: Output Data Schema: struct<edition: string, edition_id: string, country_noc: string, sport: string, event: string ... 9 more fields>
[2025-05-05T20:23:14.118+0000] {spark_submit.py:490} INFO - 25/05/05 20:23:14 INFO ParquetFileFormat: Using default output committer for Parquet: org.apache.parquet.hadoop.ParquetOutputCommitter
[2025-05-05T20:23:14.130+0000] {spark_submit.py:490} INFO - 25/05/05 20:23:14 INFO FileOutputCommitter: File Output Committer Algorithm version is 1
[2025-05-05T20:23:14.130+0000] {spark_submit.py:490} INFO - 25/05/05 20:23:14 INFO FileOutputCommitter: FileOutputCommitter skip cleanup _temporary folders under output directory:false, ignore cleanup failures: false
[2025-05-05T20:23:14.131+0000] {spark_submit.py:490} INFO - 25/05/05 20:23:14 INFO SQLHadoopMapReduceCommitProtocol: Using user defined output committer class org.apache.parquet.hadoop.ParquetOutputCommitter
[2025-05-05T20:23:14.131+0000] {spark_submit.py:490} INFO - 25/05/05 20:23:14 INFO FileOutputCommitter: File Output Committer Algorithm version is 1
[2025-05-05T20:23:14.131+0000] {spark_submit.py:490} INFO - 25/05/05 20:23:14 INFO FileOutputCommitter: FileOutputCommitter skip cleanup _temporary folders under output directory:false, ignore cleanup failures: false
[2025-05-05T20:23:14.132+0000] {spark_submit.py:490} INFO - 25/05/05 20:23:14 INFO SQLHadoopMapReduceCommitProtocol: Using output committer class org.apache.parquet.hadoop.ParquetOutputCommitter
[2025-05-05T20:23:14.380+0000] {spark_submit.py:490} INFO - 25/05/05 20:23:14 INFO CodeGenerator: Code generated in 172.206195 ms
[2025-05-05T20:23:14.433+0000] {spark_submit.py:490} INFO - 25/05/05 20:23:14 INFO CodeGenerator: Code generated in 41.111525 ms
[2025-05-05T20:23:14.458+0000] {spark_submit.py:490} INFO - 25/05/05 20:23:14 INFO MemoryStore: Block broadcast_1 stored as values in memory (estimated size 202.0 KiB, free 434.2 MiB)
[2025-05-05T20:23:14.470+0000] {spark_submit.py:490} INFO - 25/05/05 20:23:14 INFO MemoryStore: Block broadcast_1_piece0 stored as bytes in memory (estimated size 34.8 KiB, free 434.2 MiB)
[2025-05-05T20:23:14.471+0000] {spark_submit.py:490} INFO - 25/05/05 20:23:14 INFO BlockManagerInfo: Added broadcast_1_piece0 in memory on b431f09a1fa6:46403 (size: 34.8 KiB, free: 434.4 MiB)
[2025-05-05T20:23:14.473+0000] {spark_submit.py:490} INFO - 25/05/05 20:23:14 INFO SparkContext: Created broadcast 1 from parquet at NativeMethodAccessorImpl.java:0
[2025-05-05T20:23:14.487+0000] {spark_submit.py:490} INFO - 25/05/05 20:23:14 INFO FileSourceScanExec: Planning scan with bin packing, max size: 13590004 bytes, open cost is considered as scanning 4194304 bytes.
[2025-05-05T20:23:14.598+0000] {spark_submit.py:490} INFO - 25/05/05 20:23:14 INFO SparkContext: Starting job: parquet at NativeMethodAccessorImpl.java:0
[2025-05-05T20:23:14.599+0000] {spark_submit.py:490} INFO - 25/05/05 20:23:14 INFO DAGScheduler: Got job 1 (parquet at NativeMethodAccessorImpl.java:0) with 2 output partitions
[2025-05-05T20:23:14.599+0000] {spark_submit.py:490} INFO - 25/05/05 20:23:14 INFO DAGScheduler: Final stage: ResultStage 1 (parquet at NativeMethodAccessorImpl.java:0)
[2025-05-05T20:23:14.600+0000] {spark_submit.py:490} INFO - 25/05/05 20:23:14 INFO DAGScheduler: Parents of final stage: List()
[2025-05-05T20:23:14.600+0000] {spark_submit.py:490} INFO - 25/05/05 20:23:14 INFO DAGScheduler: Missing parents: List()
[2025-05-05T20:23:14.602+0000] {spark_submit.py:490} INFO - 25/05/05 20:23:14 INFO DAGScheduler: Submitting ResultStage 1 (MapPartitionsRDD[7] at parquet at NativeMethodAccessorImpl.java:0), which has no missing parents
[2025-05-05T20:23:14.626+0000] {spark_submit.py:490} INFO - 25/05/05 20:23:14 INFO MemoryStore: Block broadcast_2 stored as values in memory (estimated size 248.7 KiB, free 433.9 MiB)
[2025-05-05T20:23:14.629+0000] {spark_submit.py:490} INFO - 25/05/05 20:23:14 INFO MemoryStore: Block broadcast_2_piece0 stored as bytes in memory (estimated size 85.8 KiB, free 433.8 MiB)
[2025-05-05T20:23:14.631+0000] {spark_submit.py:490} INFO - 25/05/05 20:23:14 INFO BlockManagerInfo: Added broadcast_2_piece0 in memory on b431f09a1fa6:46403 (size: 85.8 KiB, free: 434.3 MiB)
[2025-05-05T20:23:14.632+0000] {spark_submit.py:490} INFO - 25/05/05 20:23:14 INFO SparkContext: Created broadcast 2 from broadcast at DAGScheduler.scala:1513
[2025-05-05T20:23:14.632+0000] {spark_submit.py:490} INFO - 25/05/05 20:23:14 INFO DAGScheduler: Submitting 2 missing tasks from ResultStage 1 (MapPartitionsRDD[7] at parquet at NativeMethodAccessorImpl.java:0) (first 15 tasks are for partitions Vector(0, 1))
[2025-05-05T20:23:14.633+0000] {spark_submit.py:490} INFO - 25/05/05 20:23:14 INFO TaskSchedulerImpl: Adding task set 1.0 with 2 tasks resource profile 0
[2025-05-05T20:23:14.638+0000] {spark_submit.py:490} INFO - 25/05/05 20:23:14 INFO TaskSetManager: Starting task 0.0 in stage 1.0 (TID 1) (172.18.0.6, executor 0, partition 0, PROCESS_LOCAL, 5191 bytes) taskResourceAssignments Map()
[2025-05-05T20:23:14.638+0000] {spark_submit.py:490} INFO - 25/05/05 20:23:14 INFO TaskSetManager: Starting task 1.0 in stage 1.0 (TID 2) (172.18.0.6, executor 0, partition 1, PROCESS_LOCAL, 5191 bytes) taskResourceAssignments Map()
[2025-05-05T20:23:14.685+0000] {spark_submit.py:490} INFO - 25/05/05 20:23:14 INFO BlockManagerInfo: Added broadcast_2_piece0 in memory on 172.18.0.6:39479 (size: 85.8 KiB, free: 366.2 MiB)
[2025-05-05T20:23:16.134+0000] {spark_submit.py:490} INFO - 25/05/05 20:23:16 INFO BlockManagerInfo: Added broadcast_1_piece0 in memory on 172.18.0.6:39479 (size: 34.8 KiB, free: 366.2 MiB)
[2025-05-05T20:23:25.170+0000] {spark_submit.py:490} INFO - 25/05/05 20:23:25 INFO TaskSetManager: Finished task 1.0 in stage 1.0 (TID 2) in 10531 ms on 172.18.0.6 (executor 0) (1/2)
[2025-05-05T20:23:25.172+0000] {spark_submit.py:490} INFO - 25/05/05 20:23:25 INFO PythonAccumulatorV2: Connected to AccumulatorServer at host: 127.0.0.1 port: 34553
[2025-05-05T20:23:27.320+0000] {spark_submit.py:490} INFO - 25/05/05 20:23:27 INFO TaskSetManager: Finished task 0.0 in stage 1.0 (TID 1) in 12686 ms on 172.18.0.6 (executor 0) (2/2)
[2025-05-05T20:23:27.321+0000] {spark_submit.py:490} INFO - 25/05/05 20:23:27 INFO TaskSchedulerImpl: Removed TaskSet 1.0, whose tasks have all completed, from pool
[2025-05-05T20:23:27.322+0000] {spark_submit.py:490} INFO - 25/05/05 20:23:27 INFO DAGScheduler: ResultStage 1 (parquet at NativeMethodAccessorImpl.java:0) finished in 12.716 s
[2025-05-05T20:23:27.322+0000] {spark_submit.py:490} INFO - 25/05/05 20:23:27 INFO DAGScheduler: Job 1 is finished. Cancelling potential speculative or zombie tasks for this job
[2025-05-05T20:23:27.322+0000] {spark_submit.py:490} INFO - 25/05/05 20:23:27 INFO TaskSchedulerImpl: Killing all running tasks in stage 1: Stage finished
[2025-05-05T20:23:27.323+0000] {spark_submit.py:490} INFO - 25/05/05 20:23:27 INFO DAGScheduler: Job 1 finished: parquet at NativeMethodAccessorImpl.java:0, took 12.725247 s
[2025-05-05T20:23:27.326+0000] {spark_submit.py:490} INFO - 25/05/05 20:23:27 INFO FileFormatWriter: Start to commit write Job 8c5145b9-fabf-4b91-9f6f-76fddeddc4f8.
[2025-05-05T20:23:27.350+0000] {spark_submit.py:490} INFO - 25/05/05 20:23:27 INFO FileFormatWriter: Write Job 8c5145b9-fabf-4b91-9f6f-76fddeddc4f8 committed. Elapsed time: 22 ms.
[2025-05-05T20:23:27.352+0000] {spark_submit.py:490} INFO - 25/05/05 20:23:27 INFO FileFormatWriter: Finished processing stats for write job 8c5145b9-fabf-4b91-9f6f-76fddeddc4f8.
[2025-05-05T20:23:27.356+0000] {spark_submit.py:490} INFO - ✅ Збережено до Silver: /tmp/spark_data/silver/athlete_event_results/20250505
[2025-05-05T20:23:27.366+0000] {spark_submit.py:490} INFO - 25/05/05 20:23:27 INFO SparkUI: Stopped Spark web UI at http://b431f09a1fa6:4040
[2025-05-05T20:23:27.370+0000] {spark_submit.py:490} INFO - 25/05/05 20:23:27 INFO StandaloneSchedulerBackend: Shutting down all executors
[2025-05-05T20:23:27.371+0000] {spark_submit.py:490} INFO - 25/05/05 20:23:27 INFO CoarseGrainedSchedulerBackend$DriverEndpoint: Asking each executor to shut down
[2025-05-05T20:23:27.402+0000] {spark_submit.py:490} INFO - 25/05/05 20:23:27 INFO MapOutputTrackerMasterEndpoint: MapOutputTrackerMasterEndpoint stopped!
[2025-05-05T20:23:27.421+0000] {spark_submit.py:490} INFO - 25/05/05 20:23:27 INFO MemoryStore: MemoryStore cleared
[2025-05-05T20:23:27.421+0000] {spark_submit.py:490} INFO - 25/05/05 20:23:27 INFO BlockManager: BlockManager stopped
[2025-05-05T20:23:27.421+0000] {spark_submit.py:490} INFO - 25/05/05 20:23:27 INFO BlockManagerMaster: BlockManagerMaster stopped
[2025-05-05T20:23:27.421+0000] {spark_submit.py:490} INFO - 25/05/05 20:23:27 INFO OutputCommitCoordinator$OutputCommitCoordinatorEndpoint: OutputCommitCoordinator stopped!
[2025-05-05T20:23:27.433+0000] {spark_submit.py:490} INFO - 25/05/05 20:23:27 INFO SparkContext: Successfully stopped SparkContext
[2025-05-05T20:23:28.352+0000] {spark_submit.py:490} INFO - 25/05/05 20:23:28 INFO ShutdownHookManager: Shutdown hook called
[2025-05-05T20:23:28.353+0000] {spark_submit.py:490} INFO - 25/05/05 20:23:28 INFO ShutdownHookManager: Deleting directory /tmp/spark-2b58a428-0460-40f0-8f97-ee2e5865f684/pyspark-4c0dcb5f-d59d-4ce4-92a6-3a0e62063bf7
[2025-05-05T20:23:28.357+0000] {spark_submit.py:490} INFO - 25/05/05 20:23:28 INFO ShutdownHookManager: Deleting directory /tmp/spark-2b58a428-0460-40f0-8f97-ee2e5865f684
[2025-05-05T20:23:28.360+0000] {spark_submit.py:490} INFO - 25/05/05 20:23:28 INFO ShutdownHookManager: Deleting directory /tmp/spark-3f0e1c61-ccf0-460b-91c8-4f07fcdedb2e
[2025-05-05T20:23:28.398+0000] {taskinstance.py:1350} INFO - Marking task as SUCCESS. dag_id=final_project_BBDL, task_id=BronzeToSilver, execution_date=20250505T202242, start_date=20250505T202303, end_date=20250505T202328
[2025-05-05T20:23:28.491+0000] {local_task_job_runner.py:225} INFO - Task exited with return code 0
[2025-05-05T20:23:28.511+0000] {taskinstance.py:2653} INFO - 1 downstream tasks scheduled from follow-on schedule check
