[2025-05-06T09:45:42.787+0000] {taskinstance.py:1103} INFO - Dependencies all met for dep_context=non-requeueable deps ti=<TaskInstance: final_project_BBDL.BronzeToSilver manual__2025-05-06T09:45:18.934992+00:00 [queued]>
[2025-05-06T09:45:42.796+0000] {taskinstance.py:1103} INFO - Dependencies all met for dep_context=requeueable deps ti=<TaskInstance: final_project_BBDL.BronzeToSilver manual__2025-05-06T09:45:18.934992+00:00 [queued]>
[2025-05-06T09:45:42.796+0000] {taskinstance.py:1308} INFO - Starting attempt 1 of 1
[2025-05-06T09:45:42.834+0000] {taskinstance.py:1327} INFO - Executing <Task(SparkSubmitOperator): BronzeToSilver> on 2025-05-06 09:45:18.934992+00:00
[2025-05-06T09:45:42.837+0000] {standard_task_runner.py:57} INFO - Started process 18872 to run task
[2025-05-06T09:45:42.840+0000] {standard_task_runner.py:84} INFO - Running: ['airflow', 'tasks', 'run', 'final_project_BBDL', 'BronzeToSilver', 'manual__2025-05-06T09:45:18.934992+00:00', '--job-id', '49', '--raw', '--subdir', 'DAGS_FOLDER/project_solution.py', '--cfg-path', '/tmp/tmpcx6qhqvh']
[2025-05-06T09:45:42.841+0000] {standard_task_runner.py:85} INFO - Job 49: Subtask BronzeToSilver
[2025-05-06T09:45:42.883+0000] {logging_mixin.py:150} WARNING - /home/airflow/.local/lib/python3.7/site-packages/airflow/settings.py:195 DeprecationWarning: The sql_alchemy_conn option in [core] has been moved to the sql_alchemy_conn option in [database] - the old setting has been used, but please update your config.
[2025-05-06T09:45:42.916+0000] {task_command.py:410} INFO - Running <TaskInstance: final_project_BBDL.BronzeToSilver manual__2025-05-06T09:45:18.934992+00:00 [running]> on host b431f09a1fa6
[2025-05-06T09:45:43.053+0000] {taskinstance.py:1547} INFO - Exporting env vars: AIRFLOW_CTX_DAG_OWNER='airflow' AIRFLOW_CTX_DAG_ID='final_project_BBDL' AIRFLOW_CTX_TASK_ID='BronzeToSilver' AIRFLOW_CTX_EXECUTION_DATE='2025-05-06T09:45:18.934992+00:00' AIRFLOW_CTX_TRY_NUMBER='1' AIRFLOW_CTX_DAG_RUN_ID='manual__2025-05-06T09:45:18.934992+00:00'
[2025-05-06T09:45:43.063+0000] {base.py:73} INFO - Using connection ID 'spark_default' for task execution.
[2025-05-06T09:45:43.065+0000] {spark_submit.py:339} INFO - Spark-Submit cmd: spark-submit --master spark://spark-master:7077 --conf spark.master=spark://spark-master:7077 --conf spark.submit.deployMode=client --conf spark.pyspark.python=/usr/bin/python3 --conf spark.executorEnv.PYSPARK_PYTHON=/usr/bin/python3 --name BronzeToSilver --verbose --queue root.default /opt/airflow/dags/bronze_to_silver.py
[2025-05-06T09:45:44.515+0000] {spark_submit.py:490} INFO - Using properties file: null
[2025-05-06T09:45:44.633+0000] {spark_submit.py:490} INFO - Parsed arguments:
[2025-05-06T09:45:44.633+0000] {spark_submit.py:490} INFO - master                  spark://spark-master:7077
[2025-05-06T09:45:44.633+0000] {spark_submit.py:490} INFO - deployMode              client
[2025-05-06T09:45:44.634+0000] {spark_submit.py:490} INFO - executorMemory          null
[2025-05-06T09:45:44.634+0000] {spark_submit.py:490} INFO - executorCores           null
[2025-05-06T09:45:44.634+0000] {spark_submit.py:490} INFO - totalExecutorCores      null
[2025-05-06T09:45:44.634+0000] {spark_submit.py:490} INFO - propertiesFile          null
[2025-05-06T09:45:44.634+0000] {spark_submit.py:490} INFO - driverMemory            null
[2025-05-06T09:45:44.634+0000] {spark_submit.py:490} INFO - driverCores             null
[2025-05-06T09:45:44.634+0000] {spark_submit.py:490} INFO - driverExtraClassPath    null
[2025-05-06T09:45:44.634+0000] {spark_submit.py:490} INFO - driverExtraLibraryPath  null
[2025-05-06T09:45:44.634+0000] {spark_submit.py:490} INFO - driverExtraJavaOptions  null
[2025-05-06T09:45:44.635+0000] {spark_submit.py:490} INFO - supervise               false
[2025-05-06T09:45:44.635+0000] {spark_submit.py:490} INFO - queue                   root.default
[2025-05-06T09:45:44.635+0000] {spark_submit.py:490} INFO - numExecutors            null
[2025-05-06T09:45:44.635+0000] {spark_submit.py:490} INFO - files                   null
[2025-05-06T09:45:44.635+0000] {spark_submit.py:490} INFO - pyFiles                 null
[2025-05-06T09:45:44.635+0000] {spark_submit.py:490} INFO - archives                null
[2025-05-06T09:45:44.635+0000] {spark_submit.py:490} INFO - mainClass               null
[2025-05-06T09:45:44.635+0000] {spark_submit.py:490} INFO - primaryResource         file:/opt/airflow/dags/bronze_to_silver.py
[2025-05-06T09:45:44.635+0000] {spark_submit.py:490} INFO - name                    BronzeToSilver
[2025-05-06T09:45:44.635+0000] {spark_submit.py:490} INFO - childArgs               []
[2025-05-06T09:45:44.636+0000] {spark_submit.py:490} INFO - jars                    null
[2025-05-06T09:45:44.636+0000] {spark_submit.py:490} INFO - packages                null
[2025-05-06T09:45:44.636+0000] {spark_submit.py:490} INFO - packagesExclusions      null
[2025-05-06T09:45:44.636+0000] {spark_submit.py:490} INFO - repositories            null
[2025-05-06T09:45:44.636+0000] {spark_submit.py:490} INFO - verbose                 true
[2025-05-06T09:45:44.636+0000] {spark_submit.py:490} INFO - 
[2025-05-06T09:45:44.636+0000] {spark_submit.py:490} INFO - Spark properties used, including those specified through
[2025-05-06T09:45:44.636+0000] {spark_submit.py:490} INFO - --conf and those from the properties file null:
[2025-05-06T09:45:44.637+0000] {spark_submit.py:490} INFO - (spark.executorEnv.PYSPARK_PYTHON,/usr/bin/python3)
[2025-05-06T09:45:44.637+0000] {spark_submit.py:490} INFO - (spark.master,spark://spark-master:7077)
[2025-05-06T09:45:44.637+0000] {spark_submit.py:490} INFO - (spark.pyspark.python,/usr/bin/python3)
[2025-05-06T09:45:44.637+0000] {spark_submit.py:490} INFO - (spark.submit.deployMode,client)
[2025-05-06T09:45:44.637+0000] {spark_submit.py:490} INFO - 
[2025-05-06T09:45:44.637+0000] {spark_submit.py:490} INFO - 
[2025-05-06T09:45:44.888+0000] {spark_submit.py:490} INFO - Main class:
[2025-05-06T09:45:44.889+0000] {spark_submit.py:490} INFO - org.apache.spark.deploy.PythonRunner
[2025-05-06T09:45:44.889+0000] {spark_submit.py:490} INFO - Arguments:
[2025-05-06T09:45:44.889+0000] {spark_submit.py:490} INFO - file:/opt/airflow/dags/bronze_to_silver.py
[2025-05-06T09:45:44.889+0000] {spark_submit.py:490} INFO - null
[2025-05-06T09:45:44.892+0000] {spark_submit.py:490} INFO - Spark config:
[2025-05-06T09:45:44.892+0000] {spark_submit.py:490} INFO - (spark.app.name,BronzeToSilver)
[2025-05-06T09:45:44.892+0000] {spark_submit.py:490} INFO - (spark.app.submitTime,1746524744869)
[2025-05-06T09:45:44.893+0000] {spark_submit.py:490} INFO - (spark.executorEnv.PYSPARK_PYTHON,/usr/bin/python3)
[2025-05-06T09:45:44.893+0000] {spark_submit.py:490} INFO - (spark.master,spark://spark-master:7077)
[2025-05-06T09:45:44.893+0000] {spark_submit.py:490} INFO - (spark.pyspark.python,/usr/bin/python3)
[2025-05-06T09:45:44.893+0000] {spark_submit.py:490} INFO - (spark.submit.deployMode,client)
[2025-05-06T09:45:44.893+0000] {spark_submit.py:490} INFO - (spark.submit.pyFiles,)
[2025-05-06T09:45:44.893+0000] {spark_submit.py:490} INFO - Classpath elements:
[2025-05-06T09:45:44.893+0000] {spark_submit.py:490} INFO - 
[2025-05-06T09:45:44.893+0000] {spark_submit.py:490} INFO - 
[2025-05-06T09:45:44.893+0000] {spark_submit.py:490} INFO - 
[2025-05-06T09:45:45.472+0000] {spark_submit.py:490} INFO - 25/05/06 09:45:45 INFO SparkContext: Running Spark version 3.3.0
[2025-05-06T09:45:45.544+0000] {spark_submit.py:490} INFO - 25/05/06 09:45:45 WARN NativeCodeLoader: Unable to load native-hadoop library for your platform... using builtin-java classes where applicable
[2025-05-06T09:45:45.631+0000] {spark_submit.py:490} INFO - 25/05/06 09:45:45 INFO ResourceUtils: ==============================================================
[2025-05-06T09:45:45.631+0000] {spark_submit.py:490} INFO - 25/05/06 09:45:45 INFO ResourceUtils: No custom resources configured for spark.driver.
[2025-05-06T09:45:45.631+0000] {spark_submit.py:490} INFO - 25/05/06 09:45:45 INFO ResourceUtils: ==============================================================
[2025-05-06T09:45:45.632+0000] {spark_submit.py:490} INFO - 25/05/06 09:45:45 INFO SparkContext: Submitted application: Bronze to Silver ETL
[2025-05-06T09:45:45.658+0000] {spark_submit.py:490} INFO - 25/05/06 09:45:45 INFO ResourceProfile: Default ResourceProfile created, executor resources: Map(cores -> name: cores, amount: 1, script: , vendor: , memory -> name: memory, amount: 1024, script: , vendor: , offHeap -> name: offHeap, amount: 0, script: , vendor: ), task resources: Map(cpus -> name: cpus, amount: 1.0)
[2025-05-06T09:45:45.669+0000] {spark_submit.py:490} INFO - 25/05/06 09:45:45 INFO ResourceProfile: Limiting resource is cpu
[2025-05-06T09:45:45.670+0000] {spark_submit.py:490} INFO - 25/05/06 09:45:45 INFO ResourceProfileManager: Added ResourceProfile id: 0
[2025-05-06T09:45:45.728+0000] {spark_submit.py:490} INFO - 25/05/06 09:45:45 INFO SecurityManager: Changing view acls to: root
[2025-05-06T09:45:45.728+0000] {spark_submit.py:490} INFO - 25/05/06 09:45:45 INFO SecurityManager: Changing modify acls to: root
[2025-05-06T09:45:45.729+0000] {spark_submit.py:490} INFO - 25/05/06 09:45:45 INFO SecurityManager: Changing view acls groups to:
[2025-05-06T09:45:45.729+0000] {spark_submit.py:490} INFO - 25/05/06 09:45:45 INFO SecurityManager: Changing modify acls groups to:
[2025-05-06T09:45:45.731+0000] {spark_submit.py:490} INFO - 25/05/06 09:45:45 INFO SecurityManager: SecurityManager: authentication disabled; ui acls disabled; users  with view permissions: Set(root); groups with view permissions: Set(); users  with modify permissions: Set(root); groups with modify permissions: Set()
[2025-05-06T09:45:46.064+0000] {spark_submit.py:490} INFO - 25/05/06 09:45:46 INFO Utils: Successfully started service 'sparkDriver' on port 35429.
[2025-05-06T09:45:46.095+0000] {spark_submit.py:490} INFO - 25/05/06 09:45:46 INFO SparkEnv: Registering MapOutputTracker
[2025-05-06T09:45:46.127+0000] {spark_submit.py:490} INFO - 25/05/06 09:45:46 INFO SparkEnv: Registering BlockManagerMaster
[2025-05-06T09:45:46.146+0000] {spark_submit.py:490} INFO - 25/05/06 09:45:46 INFO BlockManagerMasterEndpoint: Using org.apache.spark.storage.DefaultTopologyMapper for getting topology information
[2025-05-06T09:45:46.147+0000] {spark_submit.py:490} INFO - 25/05/06 09:45:46 INFO BlockManagerMasterEndpoint: BlockManagerMasterEndpoint up
[2025-05-06T09:45:46.151+0000] {spark_submit.py:490} INFO - 25/05/06 09:45:46 INFO SparkEnv: Registering BlockManagerMasterHeartbeat
[2025-05-06T09:45:46.177+0000] {spark_submit.py:490} INFO - 25/05/06 09:45:46 INFO DiskBlockManager: Created local directory at /tmp/blockmgr-e058e6dc-4b03-4318-b140-8b9f85d04585
[2025-05-06T09:45:46.196+0000] {spark_submit.py:490} INFO - 25/05/06 09:45:46 INFO MemoryStore: MemoryStore started with capacity 434.4 MiB
[2025-05-06T09:45:46.216+0000] {spark_submit.py:490} INFO - 25/05/06 09:45:46 INFO SparkEnv: Registering OutputCommitCoordinator
[2025-05-06T09:45:46.417+0000] {spark_submit.py:490} INFO - 25/05/06 09:45:46 INFO Utils: Successfully started service 'SparkUI' on port 4040.
[2025-05-06T09:45:46.546+0000] {spark_submit.py:490} INFO - 25/05/06 09:45:46 INFO StandaloneAppClient$ClientEndpoint: Connecting to master spark://spark-master:7077...
[2025-05-06T09:45:46.591+0000] {spark_submit.py:490} INFO - 25/05/06 09:45:46 INFO TransportClientFactory: Successfully created connection to spark-master/172.18.0.3:7077 after 26 ms (0 ms spent in bootstraps)
[2025-05-06T09:45:46.667+0000] {spark_submit.py:490} INFO - 25/05/06 09:45:46 INFO StandaloneSchedulerBackend: Connected to Spark cluster with app ID app-20250506094546-0043
[2025-05-06T09:45:46.668+0000] {spark_submit.py:490} INFO - 25/05/06 09:45:46 INFO StandaloneAppClient$ClientEndpoint: Executor added: app-20250506094546-0043/0 on worker-20250505201940-172.18.0.6-38439 (172.18.0.6:38439) with 2 core(s)
[2025-05-06T09:45:46.671+0000] {spark_submit.py:490} INFO - 25/05/06 09:45:46 INFO StandaloneSchedulerBackend: Granted executor ID app-20250506094546-0043/0 on hostPort 172.18.0.6:38439 with 2 core(s), 1024.0 MiB RAM
[2025-05-06T09:45:46.677+0000] {spark_submit.py:490} INFO - 25/05/06 09:45:46 INFO Utils: Successfully started service 'org.apache.spark.network.netty.NettyBlockTransferService' on port 33147.
[2025-05-06T09:45:46.677+0000] {spark_submit.py:490} INFO - 25/05/06 09:45:46 INFO NettyBlockTransferService: Server created on b431f09a1fa6:33147
[2025-05-06T09:45:46.679+0000] {spark_submit.py:490} INFO - 25/05/06 09:45:46 INFO BlockManager: Using org.apache.spark.storage.RandomBlockReplicationPolicy for block replication policy
[2025-05-06T09:45:46.688+0000] {spark_submit.py:490} INFO - 25/05/06 09:45:46 INFO BlockManagerMaster: Registering BlockManager BlockManagerId(driver, b431f09a1fa6, 33147, None)
[2025-05-06T09:45:46.693+0000] {spark_submit.py:490} INFO - 25/05/06 09:45:46 INFO BlockManagerMasterEndpoint: Registering block manager b431f09a1fa6:33147 with 434.4 MiB RAM, BlockManagerId(driver, b431f09a1fa6, 33147, None)
[2025-05-06T09:45:46.696+0000] {spark_submit.py:490} INFO - 25/05/06 09:45:46 INFO BlockManagerMaster: Registered BlockManager BlockManagerId(driver, b431f09a1fa6, 33147, None)
[2025-05-06T09:45:46.697+0000] {spark_submit.py:490} INFO - 25/05/06 09:45:46 INFO BlockManager: Initialized BlockManager: BlockManagerId(driver, b431f09a1fa6, 33147, None)
[2025-05-06T09:45:46.705+0000] {spark_submit.py:490} INFO - 25/05/06 09:45:46 INFO StandaloneAppClient$ClientEndpoint: Executor updated: app-20250506094546-0043/0 is now RUNNING
[2025-05-06T09:45:46.911+0000] {spark_submit.py:490} INFO - 25/05/06 09:45:46 INFO StandaloneSchedulerBackend: SchedulerBackend is ready for scheduling beginning after reached minRegisteredResourcesRatio: 0.0
[2025-05-06T09:45:47.061+0000] {spark_submit.py:490} INFO - 🔍 Читання з: /tmp/spark_data/bronze/athlete_event_results/20250506_*
[2025-05-06T09:45:47.121+0000] {spark_submit.py:490} INFO - 25/05/06 09:45:47 INFO SharedState: Setting hive.metastore.warehouse.dir ('null') to the value of spark.sql.warehouse.dir.
[2025-05-06T09:45:47.130+0000] {spark_submit.py:490} INFO - 25/05/06 09:45:47 INFO SharedState: Warehouse path is 'file:/opt/airflow/spark-warehouse'.
[2025-05-06T09:45:48.055+0000] {spark_submit.py:490} INFO - 25/05/06 09:45:48 INFO InMemoryFileIndex: It took 66 ms to list leaf files for 6 paths.
[2025-05-06T09:45:48.513+0000] {spark_submit.py:490} INFO - 25/05/06 09:45:48 INFO SparkContext: Starting job: load at NativeMethodAccessorImpl.java:0
[2025-05-06T09:45:48.531+0000] {spark_submit.py:490} INFO - 25/05/06 09:45:48 INFO DAGScheduler: Got job 0 (load at NativeMethodAccessorImpl.java:0) with 1 output partitions
[2025-05-06T09:45:48.532+0000] {spark_submit.py:490} INFO - 25/05/06 09:45:48 INFO DAGScheduler: Final stage: ResultStage 0 (load at NativeMethodAccessorImpl.java:0)
[2025-05-06T09:45:48.532+0000] {spark_submit.py:490} INFO - 25/05/06 09:45:48 INFO DAGScheduler: Parents of final stage: List()
[2025-05-06T09:45:48.535+0000] {spark_submit.py:490} INFO - 25/05/06 09:45:48 INFO DAGScheduler: Missing parents: List()
[2025-05-06T09:45:48.542+0000] {spark_submit.py:490} INFO - 25/05/06 09:45:48 INFO DAGScheduler: Submitting ResultStage 0 (MapPartitionsRDD[1] at load at NativeMethodAccessorImpl.java:0), which has no missing parents
[2025-05-06T09:45:48.604+0000] {spark_submit.py:490} INFO - 25/05/06 09:45:48 INFO MemoryStore: Block broadcast_0 stored as values in memory (estimated size 102.8 KiB, free 434.3 MiB)
[2025-05-06T09:45:48.655+0000] {spark_submit.py:490} INFO - 25/05/06 09:45:48 INFO MemoryStore: Block broadcast_0_piece0 stored as bytes in memory (estimated size 36.9 KiB, free 434.3 MiB)
[2025-05-06T09:45:48.660+0000] {spark_submit.py:490} INFO - 25/05/06 09:45:48 INFO BlockManagerInfo: Added broadcast_0_piece0 in memory on b431f09a1fa6:33147 (size: 36.9 KiB, free: 434.4 MiB)
[2025-05-06T09:45:48.664+0000] {spark_submit.py:490} INFO - 25/05/06 09:45:48 INFO SparkContext: Created broadcast 0 from broadcast at DAGScheduler.scala:1513
[2025-05-06T09:45:48.684+0000] {spark_submit.py:490} INFO - 25/05/06 09:45:48 INFO DAGScheduler: Submitting 1 missing tasks from ResultStage 0 (MapPartitionsRDD[1] at load at NativeMethodAccessorImpl.java:0) (first 15 tasks are for partitions Vector(0))
[2025-05-06T09:45:48.685+0000] {spark_submit.py:490} INFO - 25/05/06 09:45:48 INFO TaskSchedulerImpl: Adding task set 0.0 with 1 tasks resource profile 0
[2025-05-06T09:45:49.480+0000] {spark_submit.py:490} INFO - 25/05/06 09:45:49 INFO CoarseGrainedSchedulerBackend$DriverEndpoint: Registered executor NettyRpcEndpointRef(spark-client://Executor) (172.18.0.6:44458) with ID 0,  ResourceProfileId 0
[2025-05-06T09:45:49.584+0000] {spark_submit.py:490} INFO - 25/05/06 09:45:49 INFO BlockManagerMasterEndpoint: Registering block manager 172.18.0.6:40413 with 366.3 MiB RAM, BlockManagerId(0, 172.18.0.6, 40413, None)
[2025-05-06T09:45:49.647+0000] {spark_submit.py:490} INFO - 25/05/06 09:45:49 INFO TaskSetManager: Starting task 0.0 in stage 0.0 (TID 0) (172.18.0.6, executor 0, partition 0, PROCESS_LOCAL, 4685 bytes) taskResourceAssignments Map()
[2025-05-06T09:45:49.901+0000] {spark_submit.py:490} INFO - 25/05/06 09:45:49 INFO BlockManagerInfo: Added broadcast_0_piece0 in memory on 172.18.0.6:40413 (size: 36.9 KiB, free: 366.3 MiB)
[2025-05-06T09:45:50.790+0000] {spark_submit.py:490} INFO - 25/05/06 09:45:50 INFO TaskSetManager: Finished task 0.0 in stage 0.0 (TID 0) in 1154 ms on 172.18.0.6 (executor 0) (1/1)
[2025-05-06T09:45:50.791+0000] {spark_submit.py:490} INFO - 25/05/06 09:45:50 INFO TaskSchedulerImpl: Removed TaskSet 0.0, whose tasks have all completed, from pool
[2025-05-06T09:45:50.796+0000] {spark_submit.py:490} INFO - 25/05/06 09:45:50 INFO DAGScheduler: ResultStage 0 (load at NativeMethodAccessorImpl.java:0) finished in 2.237 s
[2025-05-06T09:45:50.799+0000] {spark_submit.py:490} INFO - 25/05/06 09:45:50 INFO DAGScheduler: Job 0 is finished. Cancelling potential speculative or zombie tasks for this job
[2025-05-06T09:45:50.799+0000] {spark_submit.py:490} INFO - 25/05/06 09:45:50 INFO TaskSchedulerImpl: Killing all running tasks in stage 0: Stage finished
[2025-05-06T09:45:50.801+0000] {spark_submit.py:490} INFO - 25/05/06 09:45:50 INFO DAGScheduler: Job 0 finished: load at NativeMethodAccessorImpl.java:0, took 2.287478 s
[2025-05-06T09:45:51.049+0000] {spark_submit.py:490} INFO - 25/05/06 09:45:51 INFO BlockManagerInfo: Removed broadcast_0_piece0 on b431f09a1fa6:33147 in memory (size: 36.9 KiB, free: 434.4 MiB)
[2025-05-06T09:45:51.060+0000] {spark_submit.py:490} INFO - 25/05/06 09:45:51 INFO BlockManagerInfo: Removed broadcast_0_piece0 on 172.18.0.6:40413 in memory (size: 36.9 KiB, free: 366.3 MiB)
[2025-05-06T09:45:52.071+0000] {spark_submit.py:490} INFO - 📑 Схема початкового датафрейму:
[2025-05-06T09:45:52.087+0000] {spark_submit.py:490} INFO - root
[2025-05-06T09:45:52.088+0000] {spark_submit.py:490} INFO - |-- edition: string (nullable = true)
[2025-05-06T09:45:52.088+0000] {spark_submit.py:490} INFO - |-- edition_id: string (nullable = true)
[2025-05-06T09:45:52.088+0000] {spark_submit.py:490} INFO - |-- country_noc: string (nullable = true)
[2025-05-06T09:45:52.088+0000] {spark_submit.py:490} INFO - |-- sport: string (nullable = true)
[2025-05-06T09:45:52.088+0000] {spark_submit.py:490} INFO - |-- event: string (nullable = true)
[2025-05-06T09:45:52.088+0000] {spark_submit.py:490} INFO - |-- result_id: string (nullable = true)
[2025-05-06T09:45:52.088+0000] {spark_submit.py:490} INFO - |-- athlete: string (nullable = true)
[2025-05-06T09:45:52.089+0000] {spark_submit.py:490} INFO - |-- athlete_id: string (nullable = true)
[2025-05-06T09:45:52.089+0000] {spark_submit.py:490} INFO - |-- pos: string (nullable = true)
[2025-05-06T09:45:52.089+0000] {spark_submit.py:490} INFO - |-- medal: string (nullable = true)
[2025-05-06T09:45:52.089+0000] {spark_submit.py:490} INFO - |-- isTeamSport: string (nullable = true)
[2025-05-06T09:45:52.089+0000] {spark_submit.py:490} INFO - 
[2025-05-06T09:45:52.089+0000] {spark_submit.py:490} INFO - 🔎 Перші 5 рядків з Bronze:
[2025-05-06T09:45:52.428+0000] {spark_submit.py:490} INFO - 25/05/06 09:45:52 INFO FileSourceStrategy: Pushed Filters:
[2025-05-06T09:45:52.429+0000] {spark_submit.py:490} INFO - 25/05/06 09:45:52 INFO FileSourceStrategy: Post-Scan Filters:
[2025-05-06T09:45:52.431+0000] {spark_submit.py:490} INFO - 25/05/06 09:45:52 INFO FileSourceStrategy: Output Data Schema: struct<edition: string, edition_id: string, country_noc: string, sport: string, event: string ... 9 more fields>
[2025-05-06T09:45:52.809+0000] {spark_submit.py:490} INFO - 25/05/06 09:45:52 INFO CodeGenerator: Code generated in 176.6073 ms
[2025-05-06T09:45:52.847+0000] {spark_submit.py:490} INFO - 25/05/06 09:45:52 INFO MemoryStore: Block broadcast_1 stored as values in memory (estimated size 202.0 KiB, free 434.2 MiB)
[2025-05-06T09:45:52.862+0000] {spark_submit.py:490} INFO - 25/05/06 09:45:52 INFO MemoryStore: Block broadcast_1_piece0 stored as bytes in memory (estimated size 34.8 KiB, free 434.2 MiB)
[2025-05-06T09:45:52.863+0000] {spark_submit.py:490} INFO - 25/05/06 09:45:52 INFO BlockManagerInfo: Added broadcast_1_piece0 in memory on b431f09a1fa6:33147 (size: 34.8 KiB, free: 434.4 MiB)
[2025-05-06T09:45:52.864+0000] {spark_submit.py:490} INFO - 25/05/06 09:45:52 INFO SparkContext: Created broadcast 1 from showString at NativeMethodAccessorImpl.java:0
[2025-05-06T09:45:52.875+0000] {spark_submit.py:490} INFO - 25/05/06 09:45:52 INFO FileSourceScanExec: Planning scan with bin packing, max size: 40770012 bytes, open cost is considered as scanning 4194304 bytes.
[2025-05-06T09:45:52.919+0000] {spark_submit.py:490} INFO - 25/05/06 09:45:52 INFO SparkContext: Starting job: showString at NativeMethodAccessorImpl.java:0
[2025-05-06T09:45:52.920+0000] {spark_submit.py:490} INFO - 25/05/06 09:45:52 INFO DAGScheduler: Got job 1 (showString at NativeMethodAccessorImpl.java:0) with 1 output partitions
[2025-05-06T09:45:52.920+0000] {spark_submit.py:490} INFO - 25/05/06 09:45:52 INFO DAGScheduler: Final stage: ResultStage 1 (showString at NativeMethodAccessorImpl.java:0)
[2025-05-06T09:45:52.921+0000] {spark_submit.py:490} INFO - 25/05/06 09:45:52 INFO DAGScheduler: Parents of final stage: List()
[2025-05-06T09:45:52.921+0000] {spark_submit.py:490} INFO - 25/05/06 09:45:52 INFO DAGScheduler: Missing parents: List()
[2025-05-06T09:45:52.923+0000] {spark_submit.py:490} INFO - 25/05/06 09:45:52 INFO DAGScheduler: Submitting ResultStage 1 (MapPartitionsRDD[5] at showString at NativeMethodAccessorImpl.java:0), which has no missing parents
[2025-05-06T09:45:52.955+0000] {spark_submit.py:490} INFO - 25/05/06 09:45:52 INFO MemoryStore: Block broadcast_2 stored as values in memory (estimated size 18.4 KiB, free 434.2 MiB)
[2025-05-06T09:45:52.962+0000] {spark_submit.py:490} INFO - 25/05/06 09:45:52 INFO MemoryStore: Block broadcast_2_piece0 stored as bytes in memory (estimated size 6.5 KiB, free 434.1 MiB)
[2025-05-06T09:45:52.964+0000] {spark_submit.py:490} INFO - 25/05/06 09:45:52 INFO BlockManagerInfo: Added broadcast_2_piece0 in memory on b431f09a1fa6:33147 (size: 6.5 KiB, free: 434.4 MiB)
[2025-05-06T09:45:52.965+0000] {spark_submit.py:490} INFO - 25/05/06 09:45:52 INFO SparkContext: Created broadcast 2 from broadcast at DAGScheduler.scala:1513
[2025-05-06T09:45:52.965+0000] {spark_submit.py:490} INFO - 25/05/06 09:45:52 INFO DAGScheduler: Submitting 1 missing tasks from ResultStage 1 (MapPartitionsRDD[5] at showString at NativeMethodAccessorImpl.java:0) (first 15 tasks are for partitions Vector(0))
[2025-05-06T09:45:52.966+0000] {spark_submit.py:490} INFO - 25/05/06 09:45:52 INFO TaskSchedulerImpl: Adding task set 1.0 with 1 tasks resource profile 0
[2025-05-06T09:45:52.970+0000] {spark_submit.py:490} INFO - 25/05/06 09:45:52 INFO TaskSetManager: Starting task 0.0 in stage 1.0 (TID 1) (172.18.0.6, executor 0, partition 0, PROCESS_LOCAL, 5915 bytes) taskResourceAssignments Map()
[2025-05-06T09:45:53.010+0000] {spark_submit.py:490} INFO - 25/05/06 09:45:53 INFO BlockManagerInfo: Added broadcast_2_piece0 in memory on 172.18.0.6:40413 (size: 6.5 KiB, free: 366.3 MiB)
[2025-05-06T09:45:53.589+0000] {spark_submit.py:490} INFO - 25/05/06 09:45:53 INFO BlockManagerInfo: Added broadcast_1_piece0 in memory on 172.18.0.6:40413 (size: 34.8 KiB, free: 366.3 MiB)
[2025-05-06T09:45:54.033+0000] {spark_submit.py:490} INFO - 25/05/06 09:45:54 INFO TaskSetManager: Finished task 0.0 in stage 1.0 (TID 1) in 1066 ms on 172.18.0.6 (executor 0) (1/1)
[2025-05-06T09:45:54.034+0000] {spark_submit.py:490} INFO - 25/05/06 09:45:54 INFO TaskSchedulerImpl: Removed TaskSet 1.0, whose tasks have all completed, from pool
[2025-05-06T09:45:54.035+0000] {spark_submit.py:490} INFO - 25/05/06 09:45:54 INFO DAGScheduler: ResultStage 1 (showString at NativeMethodAccessorImpl.java:0) finished in 1.107 s
[2025-05-06T09:45:54.035+0000] {spark_submit.py:490} INFO - 25/05/06 09:45:54 INFO DAGScheduler: Job 1 is finished. Cancelling potential speculative or zombie tasks for this job
[2025-05-06T09:45:54.035+0000] {spark_submit.py:490} INFO - 25/05/06 09:45:54 INFO TaskSchedulerImpl: Killing all running tasks in stage 1: Stage finished
[2025-05-06T09:45:54.036+0000] {spark_submit.py:490} INFO - 25/05/06 09:45:54 INFO DAGScheduler: Job 1 finished: showString at NativeMethodAccessorImpl.java:0, took 1.116633 s
[2025-05-06T09:45:54.077+0000] {spark_submit.py:490} INFO - 25/05/06 09:45:54 INFO CodeGenerator: Code generated in 18.820615 ms
[2025-05-06T09:45:54.087+0000] {spark_submit.py:490} INFO - +--------------------+----------+-----------+---------+---------------+---------+---------------+----------+---------+-----+-----------+
[2025-05-06T09:45:54.087+0000] {spark_submit.py:490} INFO - |edition             |edition_id|country_noc|sport    |event          |result_id|athlete        |athlete_id|pos      |medal|isTeamSport|
[2025-05-06T09:45:54.088+0000] {spark_submit.py:490} INFO - +--------------------+----------+-----------+---------+---------------+---------+---------------+----------+---------+-----+-----------+
[2025-05-06T09:45:54.088+0000] {spark_submit.py:490} INFO - |1908 Summer Olympics|5         |ANZ        |Athletics|100 metres, Men|56265    |Ernest Hutcheon|64710     |DNS      |null |False      |
[2025-05-06T09:45:54.088+0000] {spark_submit.py:490} INFO - |1908 Summer Olympics|5         |ANZ        |Athletics|400 metres, Men|56313    |Henry Murray   |64756     |DNS      |null |False      |
[2025-05-06T09:45:54.088+0000] {spark_submit.py:490} INFO - |1908 Summer Olympics|5         |ANZ        |Athletics|800 metres, Men|56338    |Harvey Sutton  |64808     |3 h8 r1/2|null |False      |
[2025-05-06T09:45:54.088+0000] {spark_submit.py:490} INFO - |1908 Summer Olympics|5         |ANZ        |Athletics|800 metres, Men|56338    |Guy Haskins    |922519    |DNS      |null |False      |
[2025-05-06T09:45:54.088+0000] {spark_submit.py:490} INFO - |1908 Summer Olympics|5         |ANZ        |Athletics|800 metres, Men|56338    |Joseph Lynch   |64735     |DNS      |null |False      |
[2025-05-06T09:45:54.088+0000] {spark_submit.py:490} INFO - +--------------------+----------+-----------+---------+---------------+---------+---------------+----------+---------+-----+-----------+
[2025-05-06T09:45:54.088+0000] {spark_submit.py:490} INFO - only showing top 5 rows
[2025-05-06T09:45:54.088+0000] {spark_submit.py:490} INFO - 
[2025-05-06T09:45:54.088+0000] {spark_submit.py:490} INFO - 🧼 Чищення датафрейму...
[2025-05-06T09:45:54.385+0000] {spark_submit.py:490} INFO - 📑 Схема очищеного датафрейму:
[2025-05-06T09:45:54.386+0000] {spark_submit.py:490} INFO - root
[2025-05-06T09:45:54.386+0000] {spark_submit.py:490} INFO - |-- edition: string (nullable = true)
[2025-05-06T09:45:54.386+0000] {spark_submit.py:490} INFO - |-- edition_id: string (nullable = true)
[2025-05-06T09:45:54.386+0000] {spark_submit.py:490} INFO - |-- country_noc: string (nullable = true)
[2025-05-06T09:45:54.387+0000] {spark_submit.py:490} INFO - |-- sport: string (nullable = true)
[2025-05-06T09:45:54.387+0000] {spark_submit.py:490} INFO - |-- event: string (nullable = true)
[2025-05-06T09:45:54.387+0000] {spark_submit.py:490} INFO - |-- result_id: string (nullable = true)
[2025-05-06T09:45:54.387+0000] {spark_submit.py:490} INFO - |-- athlete: string (nullable = true)
[2025-05-06T09:45:54.387+0000] {spark_submit.py:490} INFO - |-- athlete_id: string (nullable = true)
[2025-05-06T09:45:54.387+0000] {spark_submit.py:490} INFO - |-- pos: string (nullable = true)
[2025-05-06T09:45:54.387+0000] {spark_submit.py:490} INFO - |-- medal: string (nullable = true)
[2025-05-06T09:45:54.387+0000] {spark_submit.py:490} INFO - |-- isTeamSport: string (nullable = true)
[2025-05-06T09:45:54.387+0000] {spark_submit.py:490} INFO - 
[2025-05-06T09:45:54.387+0000] {spark_submit.py:490} INFO - 🔎 Перші 10 рядків після очищення:
[2025-05-06T09:45:54.428+0000] {spark_submit.py:490} INFO - 25/05/06 09:45:54 INFO BlockManagerInfo: Removed broadcast_2_piece0 on b431f09a1fa6:33147 in memory (size: 6.5 KiB, free: 434.4 MiB)
[2025-05-06T09:45:54.431+0000] {spark_submit.py:490} INFO - 25/05/06 09:45:54 INFO BlockManagerInfo: Removed broadcast_2_piece0 on 172.18.0.6:40413 in memory (size: 6.5 KiB, free: 366.3 MiB)
[2025-05-06T09:45:54.478+0000] {spark_submit.py:490} INFO - 25/05/06 09:45:54 INFO FileSourceStrategy: Pushed Filters:
[2025-05-06T09:45:54.478+0000] {spark_submit.py:490} INFO - 25/05/06 09:45:54 INFO FileSourceStrategy: Post-Scan Filters:
[2025-05-06T09:45:54.479+0000] {spark_submit.py:490} INFO - 25/05/06 09:45:54 INFO FileSourceStrategy: Output Data Schema: struct<edition: string, edition_id: string, country_noc: string, sport: string, event: string ... 9 more fields>
[2025-05-06T09:45:54.536+0000] {spark_submit.py:490} INFO - 25/05/06 09:45:54 INFO CodeGenerator: Code generated in 17.622122 ms
[2025-05-06T09:45:54.545+0000] {spark_submit.py:490} INFO - 25/05/06 09:45:54 INFO MemoryStore: Block broadcast_3 stored as values in memory (estimated size 202.0 KiB, free 434.0 MiB)
[2025-05-06T09:45:54.553+0000] {spark_submit.py:490} INFO - 25/05/06 09:45:54 INFO MemoryStore: Block broadcast_3_piece0 stored as bytes in memory (estimated size 34.8 KiB, free 433.9 MiB)
[2025-05-06T09:45:54.554+0000] {spark_submit.py:490} INFO - 25/05/06 09:45:54 INFO BlockManagerInfo: Added broadcast_3_piece0 in memory on b431f09a1fa6:33147 (size: 34.8 KiB, free: 434.3 MiB)
[2025-05-06T09:45:54.555+0000] {spark_submit.py:490} INFO - 25/05/06 09:45:54 INFO SparkContext: Created broadcast 3 from showString at NativeMethodAccessorImpl.java:0
[2025-05-06T09:45:54.557+0000] {spark_submit.py:490} INFO - 25/05/06 09:45:54 INFO FileSourceScanExec: Planning scan with bin packing, max size: 40770012 bytes, open cost is considered as scanning 4194304 bytes.
[2025-05-06T09:45:54.610+0000] {spark_submit.py:490} INFO - 25/05/06 09:45:54 INFO SparkContext: Starting job: showString at NativeMethodAccessorImpl.java:0
[2025-05-06T09:45:54.612+0000] {spark_submit.py:490} INFO - 25/05/06 09:45:54 INFO DAGScheduler: Got job 2 (showString at NativeMethodAccessorImpl.java:0) with 1 output partitions
[2025-05-06T09:45:54.612+0000] {spark_submit.py:490} INFO - 25/05/06 09:45:54 INFO DAGScheduler: Final stage: ResultStage 2 (showString at NativeMethodAccessorImpl.java:0)
[2025-05-06T09:45:54.612+0000] {spark_submit.py:490} INFO - 25/05/06 09:45:54 INFO DAGScheduler: Parents of final stage: List()
[2025-05-06T09:45:54.612+0000] {spark_submit.py:490} INFO - 25/05/06 09:45:54 INFO DAGScheduler: Missing parents: List()
[2025-05-06T09:45:54.614+0000] {spark_submit.py:490} INFO - 25/05/06 09:45:54 INFO DAGScheduler: Submitting ResultStage 2 (MapPartitionsRDD[12] at showString at NativeMethodAccessorImpl.java:0), which has no missing parents
[2025-05-06T09:45:54.622+0000] {spark_submit.py:490} INFO - 25/05/06 09:45:54 INFO MemoryStore: Block broadcast_4 stored as values in memory (estimated size 48.1 KiB, free 433.9 MiB)
[2025-05-06T09:45:54.625+0000] {spark_submit.py:490} INFO - 25/05/06 09:45:54 INFO MemoryStore: Block broadcast_4_piece0 stored as bytes in memory (estimated size 16.0 KiB, free 433.9 MiB)
[2025-05-06T09:45:54.626+0000] {spark_submit.py:490} INFO - 25/05/06 09:45:54 INFO BlockManagerInfo: Added broadcast_4_piece0 in memory on b431f09a1fa6:33147 (size: 16.0 KiB, free: 434.3 MiB)
[2025-05-06T09:45:54.627+0000] {spark_submit.py:490} INFO - 25/05/06 09:45:54 INFO SparkContext: Created broadcast 4 from broadcast at DAGScheduler.scala:1513
[2025-05-06T09:45:54.627+0000] {spark_submit.py:490} INFO - 25/05/06 09:45:54 INFO DAGScheduler: Submitting 1 missing tasks from ResultStage 2 (MapPartitionsRDD[12] at showString at NativeMethodAccessorImpl.java:0) (first 15 tasks are for partitions Vector(0))
[2025-05-06T09:45:54.628+0000] {spark_submit.py:490} INFO - 25/05/06 09:45:54 INFO TaskSchedulerImpl: Adding task set 2.0 with 1 tasks resource profile 0
[2025-05-06T09:45:54.629+0000] {spark_submit.py:490} INFO - 25/05/06 09:45:54 INFO TaskSetManager: Starting task 0.0 in stage 2.0 (TID 2) (172.18.0.6, executor 0, partition 0, PROCESS_LOCAL, 5915 bytes) taskResourceAssignments Map()
[2025-05-06T09:45:54.652+0000] {spark_submit.py:490} INFO - 25/05/06 09:45:54 INFO BlockManagerInfo: Added broadcast_4_piece0 in memory on 172.18.0.6:40413 (size: 16.0 KiB, free: 366.3 MiB)
[2025-05-06T09:45:55.428+0000] {spark_submit.py:490} INFO - 25/05/06 09:45:55 INFO BlockManagerInfo: Added broadcast_3_piece0 in memory on 172.18.0.6:40413 (size: 34.8 KiB, free: 366.2 MiB)
[2025-05-06T09:45:55.607+0000] {spark_submit.py:490} INFO - 25/05/06 09:45:55 INFO TaskSetManager: Finished task 0.0 in stage 2.0 (TID 2) in 978 ms on 172.18.0.6 (executor 0) (1/1)
[2025-05-06T09:45:55.608+0000] {spark_submit.py:490} INFO - 25/05/06 09:45:55 INFO TaskSchedulerImpl: Removed TaskSet 2.0, whose tasks have all completed, from pool
[2025-05-06T09:45:55.612+0000] {spark_submit.py:490} INFO - 25/05/06 09:45:55 INFO PythonAccumulatorV2: Connected to AccumulatorServer at host: 127.0.0.1 port: 35993
[2025-05-06T09:45:55.614+0000] {spark_submit.py:490} INFO - 25/05/06 09:45:55 INFO DAGScheduler: ResultStage 2 (showString at NativeMethodAccessorImpl.java:0) finished in 0.999 s
[2025-05-06T09:45:55.619+0000] {spark_submit.py:490} INFO - 25/05/06 09:45:55 INFO DAGScheduler: Job 2 is finished. Cancelling potential speculative or zombie tasks for this job
[2025-05-06T09:45:55.619+0000] {spark_submit.py:490} INFO - 25/05/06 09:45:55 INFO TaskSchedulerImpl: Killing all running tasks in stage 2: Stage finished
[2025-05-06T09:45:55.620+0000] {spark_submit.py:490} INFO - 25/05/06 09:45:55 INFO DAGScheduler: Job 2 finished: showString at NativeMethodAccessorImpl.java:0, took 1.009329 s
[2025-05-06T09:45:55.629+0000] {spark_submit.py:490} INFO - +--------------------+----------+-----------+---------+---------------+---------+---------------+----------+---------+-----+-----------+
[2025-05-06T09:45:55.630+0000] {spark_submit.py:490} INFO - |edition             |edition_id|country_noc|sport    |event          |result_id|athlete        |athlete_id|pos      |medal|isTeamSport|
[2025-05-06T09:45:55.630+0000] {spark_submit.py:490} INFO - +--------------------+----------+-----------+---------+---------------+---------+---------------+----------+---------+-----+-----------+
[2025-05-06T09:45:55.630+0000] {spark_submit.py:490} INFO - |1908 summer olympics|5         |anz        |athletics|100 metres men |56265    |ernest hutcheon|64710     |dns      |     |false      |
[2025-05-06T09:45:55.630+0000] {spark_submit.py:490} INFO - |1908 summer olympics|5         |anz        |athletics|400 metres men |56313    |henry murray   |64756     |dns      |     |false      |
[2025-05-06T09:45:55.630+0000] {spark_submit.py:490} INFO - |1908 summer olympics|5         |anz        |athletics|800 metres men |56338    |harvey sutton  |64808     |3 h8 r12 |     |false      |
[2025-05-06T09:45:55.631+0000] {spark_submit.py:490} INFO - |1908 summer olympics|5         |anz        |athletics|800 metres men |56338    |guy haskins    |922519    |dns      |     |false      |
[2025-05-06T09:45:55.631+0000] {spark_submit.py:490} INFO - |1908 summer olympics|5         |anz        |athletics|800 metres men |56338    |joseph lynch   |64735     |dns      |     |false      |
[2025-05-06T09:45:55.631+0000] {spark_submit.py:490} INFO - |1908 summer olympics|5         |anz        |athletics|800 metres men |56338    |henry murray   |64756     |dns      |     |false      |
[2025-05-06T09:45:55.631+0000] {spark_submit.py:490} INFO - |1908 summer olympics|5         |anz        |athletics|1500 metres men|56349    |joseph lynch   |64735     |5 h2 r12 |     |false      |
[2025-05-06T09:45:55.631+0000] {spark_submit.py:490} INFO - |1908 summer olympics|5         |anz        |athletics|1500 metres men|56349    |charles swain  |79576     |ac h3 r12|     |false      |
[2025-05-06T09:45:55.631+0000] {spark_submit.py:490} INFO - |1908 summer olympics|5         |anz        |athletics|1500 metres men|56349    |guy haskins    |922519    |dns      |     |false      |
[2025-05-06T09:45:55.631+0000] {spark_submit.py:490} INFO - |1908 summer olympics|5         |anz        |athletics|1500 metres men|56349    |george blake   |64619     |dns      |     |false      |
[2025-05-06T09:45:55.631+0000] {spark_submit.py:490} INFO - +--------------------+----------+-----------+---------+---------------+---------+---------------+----------+---------+-----+-----------+
[2025-05-06T09:45:55.631+0000] {spark_submit.py:490} INFO - only showing top 10 rows
[2025-05-06T09:45:55.631+0000] {spark_submit.py:490} INFO - 
[2025-05-06T09:45:55.632+0000] {spark_submit.py:490} INFO - 💾 Збереження до Silver рівня: /tmp/spark_data/silver/athlete_event_results/20250506
[2025-05-06T09:45:55.675+0000] {spark_submit.py:490} INFO - 25/05/06 09:45:55 INFO FileSourceStrategy: Pushed Filters:
[2025-05-06T09:45:55.675+0000] {spark_submit.py:490} INFO - 25/05/06 09:45:55 INFO FileSourceStrategy: Post-Scan Filters:
[2025-05-06T09:45:55.676+0000] {spark_submit.py:490} INFO - 25/05/06 09:45:55 INFO FileSourceStrategy: Output Data Schema: struct<edition: string, edition_id: string, country_noc: string, sport: string, event: string ... 9 more fields>
[2025-05-06T09:45:55.718+0000] {spark_submit.py:490} INFO - 25/05/06 09:45:55 INFO ParquetFileFormat: Using default output committer for Parquet: org.apache.parquet.hadoop.ParquetOutputCommitter
[2025-05-06T09:45:55.731+0000] {spark_submit.py:490} INFO - 25/05/06 09:45:55 INFO FileOutputCommitter: File Output Committer Algorithm version is 1
[2025-05-06T09:45:55.731+0000] {spark_submit.py:490} INFO - 25/05/06 09:45:55 INFO FileOutputCommitter: FileOutputCommitter skip cleanup _temporary folders under output directory:false, ignore cleanup failures: false
[2025-05-06T09:45:55.732+0000] {spark_submit.py:490} INFO - 25/05/06 09:45:55 INFO SQLHadoopMapReduceCommitProtocol: Using user defined output committer class org.apache.parquet.hadoop.ParquetOutputCommitter
[2025-05-06T09:45:55.732+0000] {spark_submit.py:490} INFO - 25/05/06 09:45:55 INFO FileOutputCommitter: File Output Committer Algorithm version is 1
[2025-05-06T09:45:55.732+0000] {spark_submit.py:490} INFO - 25/05/06 09:45:55 INFO FileOutputCommitter: FileOutputCommitter skip cleanup _temporary folders under output directory:false, ignore cleanup failures: false
[2025-05-06T09:45:55.733+0000] {spark_submit.py:490} INFO - 25/05/06 09:45:55 INFO SQLHadoopMapReduceCommitProtocol: Using output committer class org.apache.parquet.hadoop.ParquetOutputCommitter
[2025-05-06T09:45:55.762+0000] {spark_submit.py:490} INFO - 25/05/06 09:45:55 INFO MemoryStore: Block broadcast_5 stored as values in memory (estimated size 202.0 KiB, free 433.7 MiB)
[2025-05-06T09:45:55.772+0000] {spark_submit.py:490} INFO - 25/05/06 09:45:55 INFO MemoryStore: Block broadcast_5_piece0 stored as bytes in memory (estimated size 34.8 KiB, free 433.6 MiB)
[2025-05-06T09:45:55.773+0000] {spark_submit.py:490} INFO - 25/05/06 09:45:55 INFO BlockManagerInfo: Added broadcast_5_piece0 in memory on b431f09a1fa6:33147 (size: 34.8 KiB, free: 434.3 MiB)
[2025-05-06T09:45:55.774+0000] {spark_submit.py:490} INFO - 25/05/06 09:45:55 INFO SparkContext: Created broadcast 5 from parquet at NativeMethodAccessorImpl.java:0
[2025-05-06T09:45:55.776+0000] {spark_submit.py:490} INFO - 25/05/06 09:45:55 INFO FileSourceScanExec: Planning scan with bin packing, max size: 40770012 bytes, open cost is considered as scanning 4194304 bytes.
[2025-05-06T09:45:55.813+0000] {spark_submit.py:490} INFO - 25/05/06 09:45:55 INFO SparkContext: Starting job: parquet at NativeMethodAccessorImpl.java:0
[2025-05-06T09:45:55.814+0000] {spark_submit.py:490} INFO - 25/05/06 09:45:55 INFO DAGScheduler: Got job 3 (parquet at NativeMethodAccessorImpl.java:0) with 2 output partitions
[2025-05-06T09:45:55.814+0000] {spark_submit.py:490} INFO - 25/05/06 09:45:55 INFO DAGScheduler: Final stage: ResultStage 3 (parquet at NativeMethodAccessorImpl.java:0)
[2025-05-06T09:45:55.814+0000] {spark_submit.py:490} INFO - 25/05/06 09:45:55 INFO DAGScheduler: Parents of final stage: List()
[2025-05-06T09:45:55.815+0000] {spark_submit.py:490} INFO - 25/05/06 09:45:55 INFO DAGScheduler: Missing parents: List()
[2025-05-06T09:45:55.816+0000] {spark_submit.py:490} INFO - 25/05/06 09:45:55 INFO DAGScheduler: Submitting ResultStage 3 (MapPartitionsRDD[18] at parquet at NativeMethodAccessorImpl.java:0), which has no missing parents
[2025-05-06T09:45:55.833+0000] {spark_submit.py:490} INFO - 25/05/06 09:45:55 INFO MemoryStore: Block broadcast_6 stored as values in memory (estimated size 248.7 KiB, free 433.4 MiB)
[2025-05-06T09:45:55.837+0000] {spark_submit.py:490} INFO - 25/05/06 09:45:55 INFO MemoryStore: Block broadcast_6_piece0 stored as bytes in memory (estimated size 85.9 KiB, free 433.3 MiB)
[2025-05-06T09:45:55.839+0000] {spark_submit.py:490} INFO - 25/05/06 09:45:55 INFO BlockManagerInfo: Added broadcast_6_piece0 in memory on b431f09a1fa6:33147 (size: 85.9 KiB, free: 434.2 MiB)
[2025-05-06T09:45:55.840+0000] {spark_submit.py:490} INFO - 25/05/06 09:45:55 INFO SparkContext: Created broadcast 6 from broadcast at DAGScheduler.scala:1513
[2025-05-06T09:45:55.841+0000] {spark_submit.py:490} INFO - 25/05/06 09:45:55 INFO DAGScheduler: Submitting 2 missing tasks from ResultStage 3 (MapPartitionsRDD[18] at parquet at NativeMethodAccessorImpl.java:0) (first 15 tasks are for partitions Vector(0, 1))
[2025-05-06T09:45:55.841+0000] {spark_submit.py:490} INFO - 25/05/06 09:45:55 INFO TaskSchedulerImpl: Adding task set 3.0 with 2 tasks resource profile 0
[2025-05-06T09:45:55.842+0000] {spark_submit.py:490} INFO - 25/05/06 09:45:55 INFO TaskSetManager: Starting task 0.0 in stage 3.0 (TID 3) (172.18.0.6, executor 0, partition 0, PROCESS_LOCAL, 5915 bytes) taskResourceAssignments Map()
[2025-05-06T09:45:55.843+0000] {spark_submit.py:490} INFO - 25/05/06 09:45:55 INFO TaskSetManager: Starting task 1.0 in stage 3.0 (TID 4) (172.18.0.6, executor 0, partition 1, PROCESS_LOCAL, 5915 bytes) taskResourceAssignments Map()
[2025-05-06T09:45:55.866+0000] {spark_submit.py:490} INFO - 25/05/06 09:45:55 INFO BlockManagerInfo: Added broadcast_6_piece0 in memory on 172.18.0.6:40413 (size: 85.9 KiB, free: 366.1 MiB)
[2025-05-06T09:45:55.996+0000] {spark_submit.py:490} INFO - 25/05/06 09:45:55 INFO BlockManagerInfo: Added broadcast_5_piece0 in memory on 172.18.0.6:40413 (size: 34.8 KiB, free: 366.1 MiB)
[2025-05-06T09:46:20.756+0000] {spark_submit.py:490} INFO - 25/05/06 09:46:20 INFO TaskSetManager: Finished task 1.0 in stage 3.0 (TID 4) in 24913 ms on 172.18.0.6 (executor 0) (1/2)
[2025-05-06T09:46:26.972+0000] {spark_submit.py:490} INFO - 25/05/06 09:46:26 INFO TaskSetManager: Finished task 0.0 in stage 3.0 (TID 3) in 31129 ms on 172.18.0.6 (executor 0) (2/2)
[2025-05-06T09:46:26.972+0000] {spark_submit.py:490} INFO - 25/05/06 09:46:26 INFO TaskSchedulerImpl: Removed TaskSet 3.0, whose tasks have all completed, from pool
[2025-05-06T09:46:26.973+0000] {spark_submit.py:490} INFO - 25/05/06 09:46:26 INFO DAGScheduler: ResultStage 3 (parquet at NativeMethodAccessorImpl.java:0) finished in 31.156 s
[2025-05-06T09:46:26.974+0000] {spark_submit.py:490} INFO - 25/05/06 09:46:26 INFO DAGScheduler: Job 3 is finished. Cancelling potential speculative or zombie tasks for this job
[2025-05-06T09:46:26.974+0000] {spark_submit.py:490} INFO - 25/05/06 09:46:26 INFO TaskSchedulerImpl: Killing all running tasks in stage 3: Stage finished
[2025-05-06T09:46:26.975+0000] {spark_submit.py:490} INFO - 25/05/06 09:46:26 INFO DAGScheduler: Job 3 finished: parquet at NativeMethodAccessorImpl.java:0, took 31.171420 s
[2025-05-06T09:46:26.978+0000] {spark_submit.py:490} INFO - 25/05/06 09:46:26 INFO FileFormatWriter: Start to commit write Job 4bc9598c-e982-4a22-b0f8-f3be0e294110.
[2025-05-06T09:46:27.002+0000] {spark_submit.py:490} INFO - 25/05/06 09:46:27 INFO FileFormatWriter: Write Job 4bc9598c-e982-4a22-b0f8-f3be0e294110 committed. Elapsed time: 23 ms.
[2025-05-06T09:46:27.004+0000] {spark_submit.py:490} INFO - 25/05/06 09:46:27 INFO FileFormatWriter: Finished processing stats for write job 4bc9598c-e982-4a22-b0f8-f3be0e294110.
[2025-05-06T09:46:27.007+0000] {spark_submit.py:490} INFO - ✅ Збережено до Silver: /tmp/spark_data/silver/athlete_event_results/20250506
[2025-05-06T09:46:27.007+0000] {spark_submit.py:490} INFO - 📁 Шлях збереження Silver: /tmp/spark_data/silver/athlete_event_results/20250506
[2025-05-06T09:46:27.008+0000] {spark_submit.py:490} INFO - 📂 Вміст директорії:
[2025-05-06T09:46:27.008+0000] {spark_submit.py:490} INFO - ['part-00000-c1a36598-6710-4f80-a28d-a96ebeeac0ce-c000.snappy.parquet', '.part-00001-c1a36598-6710-4f80-a28d-a96ebeeac0ce-c000.snappy.parquet.crc', '.part-00000-c1a36598-6710-4f80-a28d-a96ebeeac0ce-c000.snappy.parquet.crc', '_SUCCESS', 'part-00001-c1a36598-6710-4f80-a28d-a96ebeeac0ce-c000.snappy.parquet', '._SUCCESS.crc']
[2025-05-06T09:46:27.017+0000] {spark_submit.py:490} INFO - 25/05/06 09:46:27 INFO SparkUI: Stopped Spark web UI at http://b431f09a1fa6:4040
[2025-05-06T09:46:27.021+0000] {spark_submit.py:490} INFO - 25/05/06 09:46:27 INFO StandaloneSchedulerBackend: Shutting down all executors
[2025-05-06T09:46:27.022+0000] {spark_submit.py:490} INFO - 25/05/06 09:46:27 INFO CoarseGrainedSchedulerBackend$DriverEndpoint: Asking each executor to shut down
[2025-05-06T09:46:27.042+0000] {spark_submit.py:490} INFO - 25/05/06 09:46:27 INFO MapOutputTrackerMasterEndpoint: MapOutputTrackerMasterEndpoint stopped!
[2025-05-06T09:46:27.067+0000] {spark_submit.py:490} INFO - 25/05/06 09:46:27 INFO MemoryStore: MemoryStore cleared
[2025-05-06T09:46:27.067+0000] {spark_submit.py:490} INFO - 25/05/06 09:46:27 INFO BlockManager: BlockManager stopped
[2025-05-06T09:46:27.070+0000] {spark_submit.py:490} INFO - 25/05/06 09:46:27 INFO BlockManagerMaster: BlockManagerMaster stopped
[2025-05-06T09:46:27.072+0000] {spark_submit.py:490} INFO - 25/05/06 09:46:27 INFO OutputCommitCoordinator$OutputCommitCoordinatorEndpoint: OutputCommitCoordinator stopped!
[2025-05-06T09:46:27.084+0000] {spark_submit.py:490} INFO - 25/05/06 09:46:27 INFO SparkContext: Successfully stopped SparkContext
[2025-05-06T09:46:28.004+0000] {spark_submit.py:490} INFO - 25/05/06 09:46:28 INFO ShutdownHookManager: Shutdown hook called
[2025-05-06T09:46:28.005+0000] {spark_submit.py:490} INFO - 25/05/06 09:46:28 INFO ShutdownHookManager: Deleting directory /tmp/spark-f5abfaae-2d22-4ac5-b7e0-71b0abccbcb0
[2025-05-06T09:46:28.008+0000] {spark_submit.py:490} INFO - 25/05/06 09:46:28 INFO ShutdownHookManager: Deleting directory /tmp/spark-0d07e533-6084-4c7f-9b27-b42b7d8ad5aa
[2025-05-06T09:46:28.011+0000] {spark_submit.py:490} INFO - 25/05/06 09:46:28 INFO ShutdownHookManager: Deleting directory /tmp/spark-0d07e533-6084-4c7f-9b27-b42b7d8ad5aa/pyspark-46472ba1-7de7-46d8-8e4e-20573f083782
[2025-05-06T09:46:28.053+0000] {taskinstance.py:1350} INFO - Marking task as SUCCESS. dag_id=final_project_BBDL, task_id=BronzeToSilver, execution_date=20250506T094518, start_date=20250506T094542, end_date=20250506T094628
[2025-05-06T09:46:28.121+0000] {local_task_job_runner.py:225} INFO - Task exited with return code 0
[2025-05-06T09:46:28.141+0000] {taskinstance.py:2653} INFO - 1 downstream tasks scheduled from follow-on schedule check
