[2025-05-02T19:12:08.639+0000] {local_task_job_runner.py:120} INFO - ::group::Pre task execution logs
[2025-05-02T19:12:08.696+0000] {taskinstance.py:2076} INFO - Dependencies all met for dep_context=non-requeueable deps ti=<TaskInstance: final_project_BBDL.LandingToBronze manual__2025-05-02T19:12:07.232958+00:00 [queued]>
[2025-05-02T19:12:08.705+0000] {taskinstance.py:2076} INFO - Dependencies all met for dep_context=requeueable deps ti=<TaskInstance: final_project_BBDL.LandingToBronze manual__2025-05-02T19:12:07.232958+00:00 [queued]>
[2025-05-02T19:12:08.705+0000] {taskinstance.py:2306} INFO - Starting attempt 1 of 1
[2025-05-02T19:12:08.738+0000] {taskinstance.py:2330} INFO - Executing <Task(SparkSubmitOperator): LandingToBronze> on 2025-05-02 19:12:07.232958+00:00
[2025-05-02T19:12:08.743+0000] {standard_task_runner.py:63} INFO - Started process 311 to run task
[2025-05-02T19:12:08.746+0000] {standard_task_runner.py:90} INFO - Running: ['airflow', 'tasks', 'run', 'final_project_BBDL', 'LandingToBronze', 'manual__2025-05-02T19:12:07.232958+00:00', '--job-id', '21', '--raw', '--subdir', 'DAGS_FOLDER/project_solution.py', '--cfg-path', '/tmp/tmpl31vl_0i']
[2025-05-02T19:12:08.749+0000] {standard_task_runner.py:91} INFO - Job 21: Subtask LandingToBronze
[2025-05-02T19:12:08.816+0000] {logging_mixin.py:188} WARNING - /home/airflow/.local/lib/python3.10/site-packages/airflow/settings.py:195 DeprecationWarning: The sql_alchemy_conn option in [core] has been moved to the sql_alchemy_conn option in [database] - the old setting has been used, but please update your config.
[2025-05-02T19:12:08.900+0000] {task_command.py:426} INFO - Running <TaskInstance: final_project_BBDL.LandingToBronze manual__2025-05-02T19:12:07.232958+00:00 [running]> on host b5048f029695
[2025-05-02T19:12:09.117+0000] {taskinstance.py:2648} INFO - Exporting env vars: AIRFLOW_CTX_DAG_OWNER='airflow' AIRFLOW_CTX_DAG_ID='final_project_BBDL' AIRFLOW_CTX_TASK_ID='LandingToBronze' AIRFLOW_CTX_EXECUTION_DATE='2025-05-02T19:12:07.232958+00:00' AIRFLOW_CTX_TRY_NUMBER='1' AIRFLOW_CTX_DAG_RUN_ID='manual__2025-05-02T19:12:07.232958+00:00'
[2025-05-02T19:12:09.118+0000] {taskinstance.py:430} INFO - ::endgroup::
[2025-05-02T19:12:09.197+0000] {base.py:84} INFO - Using connection ID 'spark_default' for task execution.
[2025-05-02T19:12:09.197+0000] {spark_submit.py:328} ERROR - Failed to decode base64 keytab: Invalid base64-encoded string: number of data characters (5) cannot be 1 more than a multiple of 4
[2025-05-02T19:12:09.198+0000] {spark_submit.py:305} INFO - Could not load connection string spark_default, defaulting to spark://spark-master:7077
[2025-05-02T19:12:09.199+0000] {spark_submit.py:474} INFO - Spark-Submit cmd: spark-submit --master spark://spark-master:7077 --conf spark.master=spark://spark-master:7077 --name LandingToBronze --verbose --queue root.default --deploy-mode client /opt/airflow/dags/landing_to_bronze.py
[2025-05-02T19:12:11.083+0000] {spark_submit.py:644} INFO - Using properties file: null
[2025-05-02T19:12:11.210+0000] {spark_submit.py:644} INFO - Parsed arguments:
[2025-05-02T19:12:11.211+0000] {spark_submit.py:644} INFO - master                  spark://spark-master:7077
[2025-05-02T19:12:11.211+0000] {spark_submit.py:644} INFO - deployMode              client
[2025-05-02T19:12:11.211+0000] {spark_submit.py:644} INFO - executorMemory          null
[2025-05-02T19:12:11.211+0000] {spark_submit.py:644} INFO - executorCores           null
[2025-05-02T19:12:11.211+0000] {spark_submit.py:644} INFO - totalExecutorCores      null
[2025-05-02T19:12:11.211+0000] {spark_submit.py:644} INFO - propertiesFile          null
[2025-05-02T19:12:11.212+0000] {spark_submit.py:644} INFO - driverMemory            null
[2025-05-02T19:12:11.212+0000] {spark_submit.py:644} INFO - driverCores             null
[2025-05-02T19:12:11.212+0000] {spark_submit.py:644} INFO - driverExtraClassPath    null
[2025-05-02T19:12:11.212+0000] {spark_submit.py:644} INFO - driverExtraLibraryPath  null
[2025-05-02T19:12:11.212+0000] {spark_submit.py:644} INFO - driverExtraJavaOptions  null
[2025-05-02T19:12:11.212+0000] {spark_submit.py:644} INFO - supervise               false
[2025-05-02T19:12:11.212+0000] {spark_submit.py:644} INFO - queue                   root.default
[2025-05-02T19:12:11.212+0000] {spark_submit.py:644} INFO - numExecutors            null
[2025-05-02T19:12:11.212+0000] {spark_submit.py:644} INFO - files                   null
[2025-05-02T19:12:11.212+0000] {spark_submit.py:644} INFO - pyFiles                 null
[2025-05-02T19:12:11.212+0000] {spark_submit.py:644} INFO - archives                null
[2025-05-02T19:12:11.213+0000] {spark_submit.py:644} INFO - mainClass               null
[2025-05-02T19:12:11.213+0000] {spark_submit.py:644} INFO - primaryResource         file:/opt/airflow/dags/landing_to_bronze.py
[2025-05-02T19:12:11.213+0000] {spark_submit.py:644} INFO - name                    LandingToBronze
[2025-05-02T19:12:11.213+0000] {spark_submit.py:644} INFO - childArgs               []
[2025-05-02T19:12:11.213+0000] {spark_submit.py:644} INFO - jars                    null
[2025-05-02T19:12:11.213+0000] {spark_submit.py:644} INFO - packages                null
[2025-05-02T19:12:11.213+0000] {spark_submit.py:644} INFO - packagesExclusions      null
[2025-05-02T19:12:11.213+0000] {spark_submit.py:644} INFO - repositories            null
[2025-05-02T19:12:11.213+0000] {spark_submit.py:644} INFO - verbose                 true
[2025-05-02T19:12:11.213+0000] {spark_submit.py:644} INFO - 
[2025-05-02T19:12:11.213+0000] {spark_submit.py:644} INFO - Spark properties used, including those specified through
[2025-05-02T19:12:11.213+0000] {spark_submit.py:644} INFO - --conf and those from the properties file null:
[2025-05-02T19:12:11.213+0000] {spark_submit.py:644} INFO - (spark.master,spark://spark-master:7077)
[2025-05-02T19:12:11.214+0000] {spark_submit.py:644} INFO - 
[2025-05-02T19:12:11.214+0000] {spark_submit.py:644} INFO - 
[2025-05-02T19:12:11.567+0000] {spark_submit.py:644} INFO - Main class:
[2025-05-02T19:12:11.567+0000] {spark_submit.py:644} INFO - org.apache.spark.deploy.PythonRunner
[2025-05-02T19:12:11.567+0000] {spark_submit.py:644} INFO - Arguments:
[2025-05-02T19:12:11.567+0000] {spark_submit.py:644} INFO - file:/opt/airflow/dags/landing_to_bronze.py
[2025-05-02T19:12:11.567+0000] {spark_submit.py:644} INFO - null
[2025-05-02T19:12:11.569+0000] {spark_submit.py:644} INFO - Spark config:
[2025-05-02T19:12:11.569+0000] {spark_submit.py:644} INFO - (spark.app.name,LandingToBronze)
[2025-05-02T19:12:11.570+0000] {spark_submit.py:644} INFO - (spark.app.submitTime,1746213131553)
[2025-05-02T19:12:11.570+0000] {spark_submit.py:644} INFO - (spark.master,spark://spark-master:7077)
[2025-05-02T19:12:11.570+0000] {spark_submit.py:644} INFO - (spark.submit.deployMode,client)
[2025-05-02T19:12:11.570+0000] {spark_submit.py:644} INFO - (spark.submit.pyFiles,)
[2025-05-02T19:12:11.570+0000] {spark_submit.py:644} INFO - Classpath elements:
[2025-05-02T19:12:11.570+0000] {spark_submit.py:644} INFO - 
[2025-05-02T19:12:11.570+0000] {spark_submit.py:644} INFO - 
[2025-05-02T19:12:11.570+0000] {spark_submit.py:644} INFO - 
[2025-05-02T19:12:12.515+0000] {spark_submit.py:644} INFO - 25/05/02 19:12:12 INFO SparkContext: Running Spark version 3.3.0
[2025-05-02T19:12:12.588+0000] {spark_submit.py:644} INFO - 25/05/02 19:12:12 WARN NativeCodeLoader: Unable to load native-hadoop library for your platform... using builtin-java classes where applicable
[2025-05-02T19:12:12.687+0000] {spark_submit.py:644} INFO - 25/05/02 19:12:12 INFO ResourceUtils: ==============================================================
[2025-05-02T19:12:12.687+0000] {spark_submit.py:644} INFO - 25/05/02 19:12:12 INFO ResourceUtils: No custom resources configured for spark.driver.
[2025-05-02T19:12:12.688+0000] {spark_submit.py:644} INFO - 25/05/02 19:12:12 INFO ResourceUtils: ==============================================================
[2025-05-02T19:12:12.688+0000] {spark_submit.py:644} INFO - 25/05/02 19:12:12 INFO SparkContext: Submitted application: LandingToBronze
[2025-05-02T19:12:12.708+0000] {spark_submit.py:644} INFO - 25/05/02 19:12:12 INFO ResourceProfile: Default ResourceProfile created, executor resources: Map(cores -> name: cores, amount: 1, script: , vendor: , memory -> name: memory, amount: 1024, script: , vendor: , offHeap -> name: offHeap, amount: 0, script: , vendor: ), task resources: Map(cpus -> name: cpus, amount: 1.0)
[2025-05-02T19:12:12.715+0000] {spark_submit.py:644} INFO - 25/05/02 19:12:12 INFO ResourceProfile: Limiting resource is cpu
[2025-05-02T19:12:12.716+0000] {spark_submit.py:644} INFO - 25/05/02 19:12:12 INFO ResourceProfileManager: Added ResourceProfile id: 0
[2025-05-02T19:12:13.054+0000] {spark_submit.py:644} INFO - 25/05/02 19:12:13 INFO SecurityManager: Changing view acls to: airflow
[2025-05-02T19:12:13.054+0000] {spark_submit.py:644} INFO - 25/05/02 19:12:13 INFO SecurityManager: Changing modify acls to: airflow
[2025-05-02T19:12:13.055+0000] {spark_submit.py:644} INFO - 25/05/02 19:12:13 INFO SecurityManager: Changing view acls groups to:
[2025-05-02T19:12:13.055+0000] {spark_submit.py:644} INFO - 25/05/02 19:12:13 INFO SecurityManager: Changing modify acls groups to:
[2025-05-02T19:12:13.056+0000] {spark_submit.py:644} INFO - 25/05/02 19:12:13 INFO SecurityManager: SecurityManager: authentication disabled; ui acls disabled; users  with view permissions: Set(airflow); groups with view permissions: Set(); users  with modify permissions: Set(airflow); groups with modify permissions: Set()
[2025-05-02T19:12:13.294+0000] {spark_submit.py:644} INFO - 25/05/02 19:12:13 INFO Utils: Successfully started service 'sparkDriver' on port 38419.
[2025-05-02T19:12:13.350+0000] {spark_submit.py:644} INFO - 25/05/02 19:12:13 INFO SparkEnv: Registering MapOutputTracker
[2025-05-02T19:12:13.388+0000] {spark_submit.py:644} INFO - 25/05/02 19:12:13 INFO SparkEnv: Registering BlockManagerMaster
[2025-05-02T19:12:13.417+0000] {spark_submit.py:644} INFO - 25/05/02 19:12:13 INFO BlockManagerMasterEndpoint: Using org.apache.spark.storage.DefaultTopologyMapper for getting topology information
[2025-05-02T19:12:13.417+0000] {spark_submit.py:644} INFO - 25/05/02 19:12:13 INFO BlockManagerMasterEndpoint: BlockManagerMasterEndpoint up
[2025-05-02T19:12:13.428+0000] {spark_submit.py:644} INFO - 25/05/02 19:12:13 INFO SparkEnv: Registering BlockManagerMasterHeartbeat
[2025-05-02T19:12:13.460+0000] {spark_submit.py:644} INFO - 25/05/02 19:12:13 INFO DiskBlockManager: Created local directory at /tmp/blockmgr-033da3b8-9b81-4313-93bd-a822128b3d0f
[2025-05-02T19:12:13.483+0000] {spark_submit.py:644} INFO - 25/05/02 19:12:13 INFO MemoryStore: MemoryStore started with capacity 434.4 MiB
[2025-05-02T19:12:13.498+0000] {spark_submit.py:644} INFO - 25/05/02 19:12:13 INFO SparkEnv: Registering OutputCommitCoordinator
[2025-05-02T19:12:13.738+0000] {spark_submit.py:644} INFO - 25/05/02 19:12:13 INFO Utils: Successfully started service 'SparkUI' on port 4040.
[2025-05-02T19:12:13.910+0000] {spark_submit.py:644} INFO - 25/05/02 19:12:13 INFO StandaloneAppClient$ClientEndpoint: Connecting to master spark://spark-master:7077...
[2025-05-02T19:12:13.953+0000] {spark_submit.py:644} INFO - 25/05/02 19:12:13 INFO TransportClientFactory: Successfully created connection to spark-master/172.19.0.4:7077 after 22 ms (0 ms spent in bootstraps)
[2025-05-02T19:12:14.075+0000] {spark_submit.py:644} INFO - 25/05/02 19:12:14 INFO StandaloneSchedulerBackend: Connected to Spark cluster with app ID app-20250502191214-0000
[2025-05-02T19:12:14.083+0000] {spark_submit.py:644} INFO - 25/05/02 19:12:14 INFO Utils: Successfully started service 'org.apache.spark.network.netty.NettyBlockTransferService' on port 41457.
[2025-05-02T19:12:14.084+0000] {spark_submit.py:644} INFO - 25/05/02 19:12:14 INFO NettyBlockTransferService: Server created on b5048f029695:41457
[2025-05-02T19:12:14.085+0000] {spark_submit.py:644} INFO - 25/05/02 19:12:14 INFO BlockManager: Using org.apache.spark.storage.RandomBlockReplicationPolicy for block replication policy
[2025-05-02T19:12:14.095+0000] {spark_submit.py:644} INFO - 25/05/02 19:12:14 INFO BlockManagerMaster: Registering BlockManager BlockManagerId(driver, b5048f029695, 41457, None)
[2025-05-02T19:12:14.098+0000] {spark_submit.py:644} INFO - 25/05/02 19:12:14 INFO BlockManagerMasterEndpoint: Registering block manager b5048f029695:41457 with 434.4 MiB RAM, BlockManagerId(driver, b5048f029695, 41457, None)
[2025-05-02T19:12:14.100+0000] {spark_submit.py:644} INFO - 25/05/02 19:12:14 INFO BlockManagerMaster: Registered BlockManager BlockManagerId(driver, b5048f029695, 41457, None)
[2025-05-02T19:12:14.101+0000] {spark_submit.py:644} INFO - 25/05/02 19:12:14 INFO BlockManager: Initialized BlockManager: BlockManagerId(driver, b5048f029695, 41457, None)
[2025-05-02T19:12:14.106+0000] {spark_submit.py:644} INFO - 25/05/02 19:12:14 INFO StandaloneAppClient$ClientEndpoint: Executor added: app-20250502191214-0000/0 on worker-20250502190557-172.19.0.7-45785 (172.19.0.7:45785) with 2 core(s)
[2025-05-02T19:12:14.108+0000] {spark_submit.py:644} INFO - 25/05/02 19:12:14 INFO StandaloneSchedulerBackend: Granted executor ID app-20250502191214-0000/0 on hostPort 172.19.0.7:45785 with 2 core(s), 1024.0 MiB RAM
[2025-05-02T19:12:14.254+0000] {spark_submit.py:644} INFO - 25/05/02 19:12:14 INFO StandaloneAppClient$ClientEndpoint: Executor updated: app-20250502191214-0000/0 is now RUNNING
[2025-05-02T19:12:14.348+0000] {spark_submit.py:644} INFO - 25/05/02 19:12:14 INFO StandaloneSchedulerBackend: SchedulerBackend is ready for scheduling beginning after reached minRegisteredResourcesRatio: 0.0
[2025-05-02T19:12:14.564+0000] {spark_submit.py:644} INFO - 📥 Завантаження: https://ftp.goit.study/neoversity/athlete_bio.csv
[2025-05-02T19:12:17.244+0000] {spark_submit.py:644} INFO - Traceback (most recent call last):
[2025-05-02T19:12:17.245+0000] {spark_submit.py:644} INFO - File "/opt/airflow/dags/landing_to_bronze.py", line 59, in <module>
[2025-05-02T19:12:17.245+0000] {spark_submit.py:644} INFO - main()
[2025-05-02T19:12:17.245+0000] {spark_submit.py:644} INFO - File "/opt/airflow/dags/landing_to_bronze.py", line 41, in main
[2025-05-02T19:12:17.245+0000] {spark_submit.py:644} INFO - download_data(table, landing_dir)
[2025-05-02T19:12:17.245+0000] {spark_submit.py:644} INFO - File "/opt/airflow/dags/landing_to_bronze.py", line 13, in download_data
[2025-05-02T19:12:17.246+0000] {spark_submit.py:644} INFO - with open(local_path, "wb") as f:
[2025-05-02T19:12:17.246+0000] {spark_submit.py:644} INFO - PermissionError: [Errno 13] Permission denied: '/tmp/spark_data/landing/athlete_bio.csv'
[2025-05-02T19:12:17.290+0000] {spark_submit.py:644} INFO - 25/05/02 19:12:17 INFO SparkContext: Invoking stop() from shutdown hook
[2025-05-02T19:12:17.300+0000] {spark_submit.py:644} INFO - 25/05/02 19:12:17 INFO SparkUI: Stopped Spark web UI at http://b5048f029695:4040
[2025-05-02T19:12:17.304+0000] {spark_submit.py:644} INFO - 25/05/02 19:12:17 INFO StandaloneSchedulerBackend: Shutting down all executors
[2025-05-02T19:12:17.306+0000] {spark_submit.py:644} INFO - 25/05/02 19:12:17 INFO CoarseGrainedSchedulerBackend$DriverEndpoint: Asking each executor to shut down
[2025-05-02T19:12:17.328+0000] {spark_submit.py:644} INFO - 25/05/02 19:12:17 INFO MapOutputTrackerMasterEndpoint: MapOutputTrackerMasterEndpoint stopped!
[2025-05-02T19:12:17.356+0000] {spark_submit.py:644} INFO - 25/05/02 19:12:17 INFO MemoryStore: MemoryStore cleared
[2025-05-02T19:12:17.357+0000] {spark_submit.py:644} INFO - 25/05/02 19:12:17 INFO BlockManager: BlockManager stopped
[2025-05-02T19:12:17.361+0000] {spark_submit.py:644} INFO - 25/05/02 19:12:17 INFO BlockManagerMaster: BlockManagerMaster stopped
[2025-05-02T19:12:17.363+0000] {spark_submit.py:644} INFO - 25/05/02 19:12:17 INFO OutputCommitCoordinator$OutputCommitCoordinatorEndpoint: OutputCommitCoordinator stopped!
[2025-05-02T19:12:17.387+0000] {spark_submit.py:644} INFO - 25/05/02 19:12:17 INFO SparkContext: Successfully stopped SparkContext
[2025-05-02T19:12:17.388+0000] {spark_submit.py:644} INFO - 25/05/02 19:12:17 INFO ShutdownHookManager: Shutdown hook called
[2025-05-02T19:12:17.389+0000] {spark_submit.py:644} INFO - 25/05/02 19:12:17 INFO ShutdownHookManager: Deleting directory /tmp/spark-b62b81df-c1f0-4369-be96-f5ecb71959d0/pyspark-ded3a037-e86a-41a0-bb92-df2904ab9541
[2025-05-02T19:12:17.394+0000] {spark_submit.py:644} INFO - 25/05/02 19:12:17 INFO ShutdownHookManager: Deleting directory /tmp/spark-f3be9862-1397-45e4-85b2-bb32f76dce82
[2025-05-02T19:12:17.397+0000] {spark_submit.py:644} INFO - 25/05/02 19:12:17 INFO ShutdownHookManager: Deleting directory /tmp/spark-b62b81df-c1f0-4369-be96-f5ecb71959d0
[2025-05-02T19:12:17.421+0000] {taskinstance.py:441} INFO - ::group::Post task execution logs
[2025-05-02T19:12:17.453+0000] {taskinstance.py:2905} ERROR - Task failed with exception
Traceback (most recent call last):
  File "/home/airflow/.local/lib/python3.10/site-packages/airflow/models/taskinstance.py", line 465, in _execute_task
    result = _execute_callable(context=context, **execute_callable_kwargs)
  File "/home/airflow/.local/lib/python3.10/site-packages/airflow/models/taskinstance.py", line 432, in _execute_callable
    return execute_callable(context=context, **execute_callable_kwargs)
  File "/home/airflow/.local/lib/python3.10/site-packages/airflow/models/baseoperator.py", line 400, in wrapper
    return func(self, *args, **kwargs)
  File "/home/airflow/.local/lib/python3.10/site-packages/airflow/providers/apache/spark/operators/spark_submit.py", line 197, in execute
    self._hook.submit(self.application)
  File "/home/airflow/.local/lib/python3.10/site-packages/airflow/providers/apache/spark/hooks/spark_submit.py", line 566, in submit
    raise AirflowException(
airflow.exceptions.AirflowException: Cannot execute: spark-submit --master spark://spark-master:7077 --conf spark.master=spark://spark-master:7077 --name LandingToBronze --verbose --queue root.default --deploy-mode client /opt/airflow/dags/landing_to_bronze.py. Error code is: 1.
[2025-05-02T19:12:17.457+0000] {taskinstance.py:1206} INFO - Marking task as FAILED. dag_id=final_project_BBDL, task_id=LandingToBronze, run_id=manual__2025-05-02T19:12:07.232958+00:00, execution_date=20250502T191207, start_date=20250502T191208, end_date=20250502T191217
[2025-05-02T19:12:17.494+0000] {standard_task_runner.py:110} ERROR - Failed to execute job 21 for task LandingToBronze (Cannot execute: spark-submit --master spark://spark-master:7077 --conf spark.master=spark://spark-master:7077 --name LandingToBronze --verbose --queue root.default --deploy-mode client /opt/airflow/dags/landing_to_bronze.py. Error code is: 1.; 311)
[2025-05-02T19:12:17.514+0000] {local_task_job_runner.py:240} INFO - Task exited with return code 1
[2025-05-02T19:12:17.557+0000] {taskinstance.py:3498} INFO - 0 downstream tasks scheduled from follow-on schedule check
[2025-05-02T19:12:17.583+0000] {local_task_job_runner.py:222} INFO - ::endgroup::
