[2025-05-06T10:27:49.729+0000] {taskinstance.py:1103} INFO - Dependencies all met for dep_context=non-requeueable deps ti=<TaskInstance: final_project_BBDL.SilverToGold manual__2025-05-06T10:26:26.932670+00:00 [queued]>
[2025-05-06T10:27:49.738+0000] {taskinstance.py:1103} INFO - Dependencies all met for dep_context=requeueable deps ti=<TaskInstance: final_project_BBDL.SilverToGold manual__2025-05-06T10:26:26.932670+00:00 [queued]>
[2025-05-06T10:27:49.739+0000] {taskinstance.py:1308} INFO - Starting attempt 1 of 1
[2025-05-06T10:27:49.774+0000] {taskinstance.py:1327} INFO - Executing <Task(SparkSubmitOperator): SilverToGold> on 2025-05-06 10:26:26.932670+00:00
[2025-05-06T10:27:49.777+0000] {standard_task_runner.py:57} INFO - Started process 21284 to run task
[2025-05-06T10:27:49.780+0000] {standard_task_runner.py:84} INFO - Running: ['airflow', 'tasks', 'run', 'final_project_BBDL', 'SilverToGold', 'manual__2025-05-06T10:26:26.932670+00:00', '--job-id', '56', '--raw', '--subdir', 'DAGS_FOLDER/project_solution.py', '--cfg-path', '/tmp/tmpa24r0krm']
[2025-05-06T10:27:49.781+0000] {standard_task_runner.py:85} INFO - Job 56: Subtask SilverToGold
[2025-05-06T10:27:49.853+0000] {logging_mixin.py:150} WARNING - /home/airflow/.local/lib/python3.7/site-packages/airflow/settings.py:195 DeprecationWarning: The sql_alchemy_conn option in [core] has been moved to the sql_alchemy_conn option in [database] - the old setting has been used, but please update your config.
[2025-05-06T10:27:49.886+0000] {task_command.py:410} INFO - Running <TaskInstance: final_project_BBDL.SilverToGold manual__2025-05-06T10:26:26.932670+00:00 [running]> on host b431f09a1fa6
[2025-05-06T10:27:50.094+0000] {taskinstance.py:1547} INFO - Exporting env vars: AIRFLOW_CTX_DAG_OWNER='airflow' AIRFLOW_CTX_DAG_ID='final_project_BBDL' AIRFLOW_CTX_TASK_ID='SilverToGold' AIRFLOW_CTX_EXECUTION_DATE='2025-05-06T10:26:26.932670+00:00' AIRFLOW_CTX_TRY_NUMBER='1' AIRFLOW_CTX_DAG_RUN_ID='manual__2025-05-06T10:26:26.932670+00:00'
[2025-05-06T10:27:50.107+0000] {base.py:73} INFO - Using connection ID 'spark_default' for task execution.
[2025-05-06T10:27:50.111+0000] {spark_submit.py:339} INFO - Spark-Submit cmd: spark-submit --master spark://spark-master:7077 --conf spark.master=spark://spark-master:7077 --conf spark.submit.deployMode=client --conf spark.pyspark.python=/usr/bin/python3 --conf spark.executorEnv.PYSPARK_PYTHON=/usr/bin/python3 --name SilverToGold --verbose --queue root.default /opt/airflow/dags/silver_to_gold.py
[2025-05-06T10:27:51.946+0000] {spark_submit.py:490} INFO - Using properties file: null
[2025-05-06T10:27:52.053+0000] {spark_submit.py:490} INFO - Parsed arguments:
[2025-05-06T10:27:52.053+0000] {spark_submit.py:490} INFO - master                  spark://spark-master:7077
[2025-05-06T10:27:52.053+0000] {spark_submit.py:490} INFO - deployMode              client
[2025-05-06T10:27:52.053+0000] {spark_submit.py:490} INFO - executorMemory          null
[2025-05-06T10:27:52.053+0000] {spark_submit.py:490} INFO - executorCores           null
[2025-05-06T10:27:52.053+0000] {spark_submit.py:490} INFO - totalExecutorCores      null
[2025-05-06T10:27:52.053+0000] {spark_submit.py:490} INFO - propertiesFile          null
[2025-05-06T10:27:52.053+0000] {spark_submit.py:490} INFO - driverMemory            null
[2025-05-06T10:27:52.053+0000] {spark_submit.py:490} INFO - driverCores             null
[2025-05-06T10:27:52.054+0000] {spark_submit.py:490} INFO - driverExtraClassPath    null
[2025-05-06T10:27:52.054+0000] {spark_submit.py:490} INFO - driverExtraLibraryPath  null
[2025-05-06T10:27:52.054+0000] {spark_submit.py:490} INFO - driverExtraJavaOptions  null
[2025-05-06T10:27:52.054+0000] {spark_submit.py:490} INFO - supervise               false
[2025-05-06T10:27:52.054+0000] {spark_submit.py:490} INFO - queue                   root.default
[2025-05-06T10:27:52.054+0000] {spark_submit.py:490} INFO - numExecutors            null
[2025-05-06T10:27:52.054+0000] {spark_submit.py:490} INFO - files                   null
[2025-05-06T10:27:52.054+0000] {spark_submit.py:490} INFO - pyFiles                 null
[2025-05-06T10:27:52.054+0000] {spark_submit.py:490} INFO - archives                null
[2025-05-06T10:27:52.054+0000] {spark_submit.py:490} INFO - mainClass               null
[2025-05-06T10:27:52.054+0000] {spark_submit.py:490} INFO - primaryResource         file:/opt/airflow/dags/silver_to_gold.py
[2025-05-06T10:27:52.054+0000] {spark_submit.py:490} INFO - name                    SilverToGold
[2025-05-06T10:27:52.054+0000] {spark_submit.py:490} INFO - childArgs               []
[2025-05-06T10:27:52.055+0000] {spark_submit.py:490} INFO - jars                    null
[2025-05-06T10:27:52.055+0000] {spark_submit.py:490} INFO - packages                null
[2025-05-06T10:27:52.055+0000] {spark_submit.py:490} INFO - packagesExclusions      null
[2025-05-06T10:27:52.055+0000] {spark_submit.py:490} INFO - repositories            null
[2025-05-06T10:27:52.055+0000] {spark_submit.py:490} INFO - verbose                 true
[2025-05-06T10:27:52.055+0000] {spark_submit.py:490} INFO - 
[2025-05-06T10:27:52.055+0000] {spark_submit.py:490} INFO - Spark properties used, including those specified through
[2025-05-06T10:27:52.055+0000] {spark_submit.py:490} INFO - --conf and those from the properties file null:
[2025-05-06T10:27:52.055+0000] {spark_submit.py:490} INFO - (spark.executorEnv.PYSPARK_PYTHON,/usr/bin/python3)
[2025-05-06T10:27:52.055+0000] {spark_submit.py:490} INFO - (spark.master,spark://spark-master:7077)
[2025-05-06T10:27:52.055+0000] {spark_submit.py:490} INFO - (spark.pyspark.python,/usr/bin/python3)
[2025-05-06T10:27:52.055+0000] {spark_submit.py:490} INFO - (spark.submit.deployMode,client)
[2025-05-06T10:27:52.055+0000] {spark_submit.py:490} INFO - 
[2025-05-06T10:27:52.055+0000] {spark_submit.py:490} INFO - 
[2025-05-06T10:27:52.355+0000] {spark_submit.py:490} INFO - Main class:
[2025-05-06T10:27:52.355+0000] {spark_submit.py:490} INFO - org.apache.spark.deploy.PythonRunner
[2025-05-06T10:27:52.355+0000] {spark_submit.py:490} INFO - Arguments:
[2025-05-06T10:27:52.355+0000] {spark_submit.py:490} INFO - file:/opt/airflow/dags/silver_to_gold.py
[2025-05-06T10:27:52.356+0000] {spark_submit.py:490} INFO - null
[2025-05-06T10:27:52.358+0000] {spark_submit.py:490} INFO - Spark config:
[2025-05-06T10:27:52.359+0000] {spark_submit.py:490} INFO - (spark.app.name,SilverToGold)
[2025-05-06T10:27:52.359+0000] {spark_submit.py:490} INFO - (spark.app.submitTime,1746527272335)
[2025-05-06T10:27:52.359+0000] {spark_submit.py:490} INFO - (spark.executorEnv.PYSPARK_PYTHON,/usr/bin/python3)
[2025-05-06T10:27:52.359+0000] {spark_submit.py:490} INFO - (spark.master,spark://spark-master:7077)
[2025-05-06T10:27:52.359+0000] {spark_submit.py:490} INFO - (spark.pyspark.python,/usr/bin/python3)
[2025-05-06T10:27:52.359+0000] {spark_submit.py:490} INFO - (spark.submit.deployMode,client)
[2025-05-06T10:27:52.359+0000] {spark_submit.py:490} INFO - (spark.submit.pyFiles,)
[2025-05-06T10:27:52.360+0000] {spark_submit.py:490} INFO - Classpath elements:
[2025-05-06T10:27:52.360+0000] {spark_submit.py:490} INFO - 
[2025-05-06T10:27:52.360+0000] {spark_submit.py:490} INFO - 
[2025-05-06T10:27:52.360+0000] {spark_submit.py:490} INFO - 
[2025-05-06T10:27:52.880+0000] {spark_submit.py:490} INFO - 25/05/06 10:27:52 INFO SparkContext: Running Spark version 3.3.0
[2025-05-06T10:27:52.940+0000] {spark_submit.py:490} INFO - 25/05/06 10:27:52 WARN NativeCodeLoader: Unable to load native-hadoop library for your platform... using builtin-java classes where applicable
[2025-05-06T10:27:53.029+0000] {spark_submit.py:490} INFO - 25/05/06 10:27:53 INFO ResourceUtils: ==============================================================
[2025-05-06T10:27:53.030+0000] {spark_submit.py:490} INFO - 25/05/06 10:27:53 INFO ResourceUtils: No custom resources configured for spark.driver.
[2025-05-06T10:27:53.030+0000] {spark_submit.py:490} INFO - 25/05/06 10:27:53 INFO ResourceUtils: ==============================================================
[2025-05-06T10:27:53.030+0000] {spark_submit.py:490} INFO - 25/05/06 10:27:53 INFO SparkContext: Submitted application: SilverToGold
[2025-05-06T10:27:53.050+0000] {spark_submit.py:490} INFO - 25/05/06 10:27:53 INFO ResourceProfile: Default ResourceProfile created, executor resources: Map(cores -> name: cores, amount: 1, script: , vendor: , memory -> name: memory, amount: 1024, script: , vendor: , offHeap -> name: offHeap, amount: 0, script: , vendor: ), task resources: Map(cpus -> name: cpus, amount: 1.0)
[2025-05-06T10:27:53.061+0000] {spark_submit.py:490} INFO - 25/05/06 10:27:53 INFO ResourceProfile: Limiting resource is cpu
[2025-05-06T10:27:53.061+0000] {spark_submit.py:490} INFO - 25/05/06 10:27:53 INFO ResourceProfileManager: Added ResourceProfile id: 0
[2025-05-06T10:27:53.106+0000] {spark_submit.py:490} INFO - 25/05/06 10:27:53 INFO SecurityManager: Changing view acls to: root
[2025-05-06T10:27:53.107+0000] {spark_submit.py:490} INFO - 25/05/06 10:27:53 INFO SecurityManager: Changing modify acls to: root
[2025-05-06T10:27:53.107+0000] {spark_submit.py:490} INFO - 25/05/06 10:27:53 INFO SecurityManager: Changing view acls groups to:
[2025-05-06T10:27:53.107+0000] {spark_submit.py:490} INFO - 25/05/06 10:27:53 INFO SecurityManager: Changing modify acls groups to:
[2025-05-06T10:27:53.108+0000] {spark_submit.py:490} INFO - 25/05/06 10:27:53 INFO SecurityManager: SecurityManager: authentication disabled; ui acls disabled; users  with view permissions: Set(root); groups with view permissions: Set(); users  with modify permissions: Set(root); groups with modify permissions: Set()
[2025-05-06T10:27:53.336+0000] {spark_submit.py:490} INFO - 25/05/06 10:27:53 INFO Utils: Successfully started service 'sparkDriver' on port 39647.
[2025-05-06T10:27:53.364+0000] {spark_submit.py:490} INFO - 25/05/06 10:27:53 INFO SparkEnv: Registering MapOutputTracker
[2025-05-06T10:27:53.401+0000] {spark_submit.py:490} INFO - 25/05/06 10:27:53 INFO SparkEnv: Registering BlockManagerMaster
[2025-05-06T10:27:53.420+0000] {spark_submit.py:490} INFO - 25/05/06 10:27:53 INFO BlockManagerMasterEndpoint: Using org.apache.spark.storage.DefaultTopologyMapper for getting topology information
[2025-05-06T10:27:53.421+0000] {spark_submit.py:490} INFO - 25/05/06 10:27:53 INFO BlockManagerMasterEndpoint: BlockManagerMasterEndpoint up
[2025-05-06T10:27:53.426+0000] {spark_submit.py:490} INFO - 25/05/06 10:27:53 INFO SparkEnv: Registering BlockManagerMasterHeartbeat
[2025-05-06T10:27:53.450+0000] {spark_submit.py:490} INFO - 25/05/06 10:27:53 INFO DiskBlockManager: Created local directory at /tmp/blockmgr-a3abceb7-cb28-4c46-949c-48ab79e99b17
[2025-05-06T10:27:53.471+0000] {spark_submit.py:490} INFO - 25/05/06 10:27:53 INFO MemoryStore: MemoryStore started with capacity 434.4 MiB
[2025-05-06T10:27:53.490+0000] {spark_submit.py:490} INFO - 25/05/06 10:27:53 INFO SparkEnv: Registering OutputCommitCoordinator
[2025-05-06T10:27:53.695+0000] {spark_submit.py:490} INFO - 25/05/06 10:27:53 INFO Utils: Successfully started service 'SparkUI' on port 4040.
[2025-05-06T10:27:53.824+0000] {spark_submit.py:490} INFO - 25/05/06 10:27:53 INFO StandaloneAppClient$ClientEndpoint: Connecting to master spark://spark-master:7077...
[2025-05-06T10:27:53.867+0000] {spark_submit.py:490} INFO - 25/05/06 10:27:53 INFO TransportClientFactory: Successfully created connection to spark-master/172.18.0.3:7077 after 24 ms (0 ms spent in bootstraps)
[2025-05-06T10:27:53.953+0000] {spark_submit.py:490} INFO - 25/05/06 10:27:53 INFO StandaloneSchedulerBackend: Connected to Spark cluster with app ID app-20250506102753-0048
[2025-05-06T10:27:53.955+0000] {spark_submit.py:490} INFO - 25/05/06 10:27:53 INFO StandaloneAppClient$ClientEndpoint: Executor added: app-20250506102753-0048/0 on worker-20250505201940-172.18.0.6-38439 (172.18.0.6:38439) with 2 core(s)
[2025-05-06T10:27:53.957+0000] {spark_submit.py:490} INFO - 25/05/06 10:27:53 INFO StandaloneSchedulerBackend: Granted executor ID app-20250506102753-0048/0 on hostPort 172.18.0.6:38439 with 2 core(s), 1024.0 MiB RAM
[2025-05-06T10:27:53.962+0000] {spark_submit.py:490} INFO - 25/05/06 10:27:53 INFO Utils: Successfully started service 'org.apache.spark.network.netty.NettyBlockTransferService' on port 34487.
[2025-05-06T10:27:53.962+0000] {spark_submit.py:490} INFO - 25/05/06 10:27:53 INFO NettyBlockTransferService: Server created on b431f09a1fa6:34487
[2025-05-06T10:27:53.963+0000] {spark_submit.py:490} INFO - 25/05/06 10:27:53 INFO BlockManager: Using org.apache.spark.storage.RandomBlockReplicationPolicy for block replication policy
[2025-05-06T10:27:53.970+0000] {spark_submit.py:490} INFO - 25/05/06 10:27:53 INFO BlockManagerMaster: Registering BlockManager BlockManagerId(driver, b431f09a1fa6, 34487, None)
[2025-05-06T10:27:53.973+0000] {spark_submit.py:490} INFO - 25/05/06 10:27:53 INFO BlockManagerMasterEndpoint: Registering block manager b431f09a1fa6:34487 with 434.4 MiB RAM, BlockManagerId(driver, b431f09a1fa6, 34487, None)
[2025-05-06T10:27:53.975+0000] {spark_submit.py:490} INFO - 25/05/06 10:27:53 INFO BlockManagerMaster: Registered BlockManager BlockManagerId(driver, b431f09a1fa6, 34487, None)
[2025-05-06T10:27:53.976+0000] {spark_submit.py:490} INFO - 25/05/06 10:27:53 INFO BlockManager: Initialized BlockManager: BlockManagerId(driver, b431f09a1fa6, 34487, None)
[2025-05-06T10:27:54.020+0000] {spark_submit.py:490} INFO - 25/05/06 10:27:54 INFO StandaloneAppClient$ClientEndpoint: Executor updated: app-20250506102753-0048/0 is now RUNNING
[2025-05-06T10:27:54.216+0000] {spark_submit.py:490} INFO - 25/05/06 10:27:54 INFO StandaloneSchedulerBackend: SchedulerBackend is ready for scheduling beginning after reached minRegisteredResourcesRatio: 0.0
[2025-05-06T10:27:54.383+0000] {spark_submit.py:490} INFO - 2025-05-06 10:27:54,383 [INFO] 📁 Очікуваний шлях до silver athlete_event_results: /tmp/spark_data/silver/athlete_event_results/20250506
[2025-05-06T10:27:54.384+0000] {spark_submit.py:490} INFO - 2025-05-06 10:27:54,383 [INFO] 📁 Очікуваний шлях до silver athlete_bios: /tmp/spark_data/silver/athlete_bios/20250506
[2025-05-06T10:27:54.384+0000] {spark_submit.py:490} INFO - 2025-05-06 10:27:54,384 [ERROR] ❌ Один або обидва з шляхів не існують.
[2025-05-06T10:27:54.396+0000] {spark_submit.py:490} INFO - 25/05/06 10:27:54 INFO SparkUI: Stopped Spark web UI at http://b431f09a1fa6:4040
[2025-05-06T10:27:54.400+0000] {spark_submit.py:490} INFO - 25/05/06 10:27:54 INFO StandaloneSchedulerBackend: Shutting down all executors
[2025-05-06T10:27:54.403+0000] {spark_submit.py:490} INFO - 25/05/06 10:27:54 INFO CoarseGrainedSchedulerBackend$DriverEndpoint: Asking each executor to shut down
[2025-05-06T10:27:54.419+0000] {spark_submit.py:490} INFO - 25/05/06 10:27:54 INFO MapOutputTrackerMasterEndpoint: MapOutputTrackerMasterEndpoint stopped!
[2025-05-06T10:27:54.436+0000] {spark_submit.py:490} INFO - 25/05/06 10:27:54 INFO MemoryStore: MemoryStore cleared
[2025-05-06T10:27:54.436+0000] {spark_submit.py:490} INFO - 25/05/06 10:27:54 INFO BlockManager: BlockManager stopped
[2025-05-06T10:27:54.442+0000] {spark_submit.py:490} INFO - 25/05/06 10:27:54 INFO BlockManagerMaster: BlockManagerMaster stopped
[2025-05-06T10:27:54.443+0000] {spark_submit.py:490} INFO - 25/05/06 10:27:54 INFO OutputCommitCoordinator$OutputCommitCoordinatorEndpoint: OutputCommitCoordinator stopped!
[2025-05-06T10:27:54.453+0000] {spark_submit.py:490} INFO - 25/05/06 10:27:54 INFO SparkContext: Successfully stopped SparkContext
[2025-05-06T10:27:54.775+0000] {spark_submit.py:490} INFO - 25/05/06 10:27:54 INFO ShutdownHookManager: Shutdown hook called
[2025-05-06T10:27:54.776+0000] {spark_submit.py:490} INFO - 25/05/06 10:27:54 INFO ShutdownHookManager: Deleting directory /tmp/spark-af88c15a-dece-46ec-8ceb-31743daae7f2
[2025-05-06T10:27:54.780+0000] {spark_submit.py:490} INFO - 25/05/06 10:27:54 INFO ShutdownHookManager: Deleting directory /tmp/spark-1b8efb82-b320-411a-963a-e7ef42f6acc6/pyspark-b7e456bf-6af7-4aec-a246-b6007af05b59
[2025-05-06T10:27:54.783+0000] {spark_submit.py:490} INFO - 25/05/06 10:27:54 INFO ShutdownHookManager: Deleting directory /tmp/spark-1b8efb82-b320-411a-963a-e7ef42f6acc6
[2025-05-06T10:27:54.823+0000] {taskinstance.py:1350} INFO - Marking task as SUCCESS. dag_id=final_project_BBDL, task_id=SilverToGold, execution_date=20250506T102626, start_date=20250506T102749, end_date=20250506T102754
[2025-05-06T10:27:54.942+0000] {local_task_job_runner.py:225} INFO - Task exited with return code 0
[2025-05-06T10:27:54.959+0000] {taskinstance.py:2653} INFO - 0 downstream tasks scheduled from follow-on schedule check
