[2025-05-03T21:06:31.257+0000] {local_task_job_runner.py:120} INFO - ::group::Pre task execution logs
[2025-05-03T21:06:31.315+0000] {taskinstance.py:2076} INFO - Dependencies all met for dep_context=non-requeueable deps ti=<TaskInstance: final_project_BBDL.BronzeToSilver manual__2025-05-03T21:06:06.244704+00:00 [queued]>
[2025-05-03T21:06:31.324+0000] {taskinstance.py:2076} INFO - Dependencies all met for dep_context=requeueable deps ti=<TaskInstance: final_project_BBDL.BronzeToSilver manual__2025-05-03T21:06:06.244704+00:00 [queued]>
[2025-05-03T21:06:31.324+0000] {taskinstance.py:2306} INFO - Starting attempt 1 of 1
[2025-05-03T21:06:31.380+0000] {taskinstance.py:2330} INFO - Executing <Task(SparkSubmitOperator): BronzeToSilver> on 2025-05-03 21:06:06.244704+00:00
[2025-05-03T21:06:31.384+0000] {standard_task_runner.py:63} INFO - Started process 1957 to run task
[2025-05-03T21:06:31.388+0000] {standard_task_runner.py:90} INFO - Running: ['airflow', 'tasks', 'run', 'final_project_BBDL', 'BronzeToSilver', 'manual__2025-05-03T21:06:06.244704+00:00', '--job-id', '77', '--raw', '--subdir', 'DAGS_FOLDER/project_solution.py', '--cfg-path', '/tmp/tmp3ex1hk2d']
[2025-05-03T21:06:31.390+0000] {standard_task_runner.py:91} INFO - Job 77: Subtask BronzeToSilver
[2025-05-03T21:06:31.471+0000] {logging_mixin.py:188} WARNING - /home/airflow/.local/lib/python3.10/site-packages/airflow/settings.py:195 DeprecationWarning: The sql_alchemy_conn option in [core] has been moved to the sql_alchemy_conn option in [database] - the old setting has been used, but please update your config.
[2025-05-03T21:06:31.556+0000] {task_command.py:426} INFO - Running <TaskInstance: final_project_BBDL.BronzeToSilver manual__2025-05-03T21:06:06.244704+00:00 [running]> on host 1bb5553dcc3e
[2025-05-03T21:06:31.800+0000] {taskinstance.py:2648} INFO - Exporting env vars: AIRFLOW_CTX_DAG_OWNER='airflow' AIRFLOW_CTX_DAG_ID='final_project_BBDL' AIRFLOW_CTX_TASK_ID='BronzeToSilver' AIRFLOW_CTX_EXECUTION_DATE='2025-05-03T21:06:06.244704+00:00' AIRFLOW_CTX_TRY_NUMBER='1' AIRFLOW_CTX_DAG_RUN_ID='manual__2025-05-03T21:06:06.244704+00:00'
[2025-05-03T21:06:31.801+0000] {taskinstance.py:430} INFO - ::endgroup::
[2025-05-03T21:06:31.881+0000] {base.py:84} INFO - Using connection ID 'spark_default' for task execution.
[2025-05-03T21:06:31.882+0000] {spark_submit.py:328} ERROR - Failed to decode base64 keytab: Invalid base64-encoded string: number of data characters (5) cannot be 1 more than a multiple of 4
[2025-05-03T21:06:31.882+0000] {spark_submit.py:305} INFO - Could not load connection string spark_default, defaulting to spark://spark-master:7077
[2025-05-03T21:06:31.883+0000] {spark_submit.py:474} INFO - Spark-Submit cmd: spark-submit --master spark://spark-master:7077 --conf spark.master=spark://spark-master:7077 --conf spark.pyspark.python=/usr/bin/python3 --name BronzeToSilver --verbose --queue root.default --deploy-mode client /opt/airflow/dags/bronze_to_silver.py
[2025-05-03T21:06:33.034+0000] {spark_submit.py:644} INFO - Using properties file: null
[2025-05-03T21:06:33.138+0000] {spark_submit.py:644} INFO - Parsed arguments:
[2025-05-03T21:06:33.139+0000] {spark_submit.py:644} INFO - master                  spark://spark-master:7077
[2025-05-03T21:06:33.139+0000] {spark_submit.py:644} INFO - deployMode              client
[2025-05-03T21:06:33.139+0000] {spark_submit.py:644} INFO - executorMemory          null
[2025-05-03T21:06:33.139+0000] {spark_submit.py:644} INFO - executorCores           null
[2025-05-03T21:06:33.139+0000] {spark_submit.py:644} INFO - totalExecutorCores      null
[2025-05-03T21:06:33.139+0000] {spark_submit.py:644} INFO - propertiesFile          null
[2025-05-03T21:06:33.139+0000] {spark_submit.py:644} INFO - driverMemory            null
[2025-05-03T21:06:33.139+0000] {spark_submit.py:644} INFO - driverCores             null
[2025-05-03T21:06:33.140+0000] {spark_submit.py:644} INFO - driverExtraClassPath    null
[2025-05-03T21:06:33.140+0000] {spark_submit.py:644} INFO - driverExtraLibraryPath  null
[2025-05-03T21:06:33.140+0000] {spark_submit.py:644} INFO - driverExtraJavaOptions  null
[2025-05-03T21:06:33.140+0000] {spark_submit.py:644} INFO - supervise               false
[2025-05-03T21:06:33.140+0000] {spark_submit.py:644} INFO - queue                   root.default
[2025-05-03T21:06:33.140+0000] {spark_submit.py:644} INFO - numExecutors            null
[2025-05-03T21:06:33.140+0000] {spark_submit.py:644} INFO - files                   null
[2025-05-03T21:06:33.140+0000] {spark_submit.py:644} INFO - pyFiles                 null
[2025-05-03T21:06:33.140+0000] {spark_submit.py:644} INFO - archives                null
[2025-05-03T21:06:33.140+0000] {spark_submit.py:644} INFO - mainClass               null
[2025-05-03T21:06:33.141+0000] {spark_submit.py:644} INFO - primaryResource         file:/opt/airflow/dags/bronze_to_silver.py
[2025-05-03T21:06:33.141+0000] {spark_submit.py:644} INFO - name                    BronzeToSilver
[2025-05-03T21:06:33.141+0000] {spark_submit.py:644} INFO - childArgs               []
[2025-05-03T21:06:33.141+0000] {spark_submit.py:644} INFO - jars                    null
[2025-05-03T21:06:33.141+0000] {spark_submit.py:644} INFO - packages                null
[2025-05-03T21:06:33.141+0000] {spark_submit.py:644} INFO - packagesExclusions      null
[2025-05-03T21:06:33.141+0000] {spark_submit.py:644} INFO - repositories            null
[2025-05-03T21:06:33.141+0000] {spark_submit.py:644} INFO - verbose                 true
[2025-05-03T21:06:33.141+0000] {spark_submit.py:644} INFO - 
[2025-05-03T21:06:33.141+0000] {spark_submit.py:644} INFO - Spark properties used, including those specified through
[2025-05-03T21:06:33.141+0000] {spark_submit.py:644} INFO - --conf and those from the properties file null:
[2025-05-03T21:06:33.142+0000] {spark_submit.py:644} INFO - (spark.master,spark://spark-master:7077)
[2025-05-03T21:06:33.142+0000] {spark_submit.py:644} INFO - (spark.pyspark.python,/usr/bin/python3)
[2025-05-03T21:06:33.142+0000] {spark_submit.py:644} INFO - 
[2025-05-03T21:06:33.142+0000] {spark_submit.py:644} INFO - 
[2025-05-03T21:06:33.406+0000] {spark_submit.py:644} INFO - Main class:
[2025-05-03T21:06:33.406+0000] {spark_submit.py:644} INFO - org.apache.spark.deploy.PythonRunner
[2025-05-03T21:06:33.407+0000] {spark_submit.py:644} INFO - Arguments:
[2025-05-03T21:06:33.407+0000] {spark_submit.py:644} INFO - file:/opt/airflow/dags/bronze_to_silver.py
[2025-05-03T21:06:33.407+0000] {spark_submit.py:644} INFO - null
[2025-05-03T21:06:33.409+0000] {spark_submit.py:644} INFO - Spark config:
[2025-05-03T21:06:33.409+0000] {spark_submit.py:644} INFO - (spark.app.name,BronzeToSilver)
[2025-05-03T21:06:33.409+0000] {spark_submit.py:644} INFO - (spark.app.submitTime,1746306393389)
[2025-05-03T21:06:33.409+0000] {spark_submit.py:644} INFO - (spark.master,spark://spark-master:7077)
[2025-05-03T21:06:33.409+0000] {spark_submit.py:644} INFO - (spark.pyspark.python,/usr/bin/python3)
[2025-05-03T21:06:33.409+0000] {spark_submit.py:644} INFO - (spark.submit.deployMode,client)
[2025-05-03T21:06:33.409+0000] {spark_submit.py:644} INFO - (spark.submit.pyFiles,)
[2025-05-03T21:06:33.410+0000] {spark_submit.py:644} INFO - Classpath elements:
[2025-05-03T21:06:33.410+0000] {spark_submit.py:644} INFO - 
[2025-05-03T21:06:33.410+0000] {spark_submit.py:644} INFO - 
[2025-05-03T21:06:33.410+0000] {spark_submit.py:644} INFO - 
[2025-05-03T21:06:33.871+0000] {spark_submit.py:644} INFO - 25/05/03 21:06:33 INFO SparkContext: Running Spark version 3.3.0
[2025-05-03T21:06:33.919+0000] {spark_submit.py:644} INFO - 25/05/03 21:06:33 WARN NativeCodeLoader: Unable to load native-hadoop library for your platform... using builtin-java classes where applicable
[2025-05-03T21:06:33.990+0000] {spark_submit.py:644} INFO - 25/05/03 21:06:33 INFO ResourceUtils: ==============================================================
[2025-05-03T21:06:33.990+0000] {spark_submit.py:644} INFO - 25/05/03 21:06:33 INFO ResourceUtils: No custom resources configured for spark.driver.
[2025-05-03T21:06:33.991+0000] {spark_submit.py:644} INFO - 25/05/03 21:06:33 INFO ResourceUtils: ==============================================================
[2025-05-03T21:06:33.991+0000] {spark_submit.py:644} INFO - 25/05/03 21:06:33 INFO SparkContext: Submitted application: Bronze to Silver ETL
[2025-05-03T21:06:34.011+0000] {spark_submit.py:644} INFO - 25/05/03 21:06:34 INFO ResourceProfile: Default ResourceProfile created, executor resources: Map(cores -> name: cores, amount: 1, script: , vendor: , memory -> name: memory, amount: 1024, script: , vendor: , offHeap -> name: offHeap, amount: 0, script: , vendor: ), task resources: Map(cpus -> name: cpus, amount: 1.0)
[2025-05-03T21:06:34.019+0000] {spark_submit.py:644} INFO - 25/05/03 21:06:34 INFO ResourceProfile: Limiting resource is cpu
[2025-05-03T21:06:34.021+0000] {spark_submit.py:644} INFO - 25/05/03 21:06:34 INFO ResourceProfileManager: Added ResourceProfile id: 0
[2025-05-03T21:06:34.070+0000] {spark_submit.py:644} INFO - 25/05/03 21:06:34 INFO SecurityManager: Changing view acls to: root
[2025-05-03T21:06:34.070+0000] {spark_submit.py:644} INFO - 25/05/03 21:06:34 INFO SecurityManager: Changing modify acls to: root
[2025-05-03T21:06:34.071+0000] {spark_submit.py:644} INFO - 25/05/03 21:06:34 INFO SecurityManager: Changing view acls groups to:
[2025-05-03T21:06:34.072+0000] {spark_submit.py:644} INFO - 25/05/03 21:06:34 INFO SecurityManager: Changing modify acls groups to:
[2025-05-03T21:06:34.072+0000] {spark_submit.py:644} INFO - 25/05/03 21:06:34 INFO SecurityManager: SecurityManager: authentication disabled; ui acls disabled; users  with view permissions: Set(root); groups with view permissions: Set(); users  with modify permissions: Set(root); groups with modify permissions: Set()
[2025-05-03T21:06:34.263+0000] {spark_submit.py:644} INFO - 25/05/03 21:06:34 INFO Utils: Successfully started service 'sparkDriver' on port 33479.
[2025-05-03T21:06:34.286+0000] {spark_submit.py:644} INFO - 25/05/03 21:06:34 INFO SparkEnv: Registering MapOutputTracker
[2025-05-03T21:06:34.314+0000] {spark_submit.py:644} INFO - 25/05/03 21:06:34 INFO SparkEnv: Registering BlockManagerMaster
[2025-05-03T21:06:34.328+0000] {spark_submit.py:644} INFO - 25/05/03 21:06:34 INFO BlockManagerMasterEndpoint: Using org.apache.spark.storage.DefaultTopologyMapper for getting topology information
[2025-05-03T21:06:34.328+0000] {spark_submit.py:644} INFO - 25/05/03 21:06:34 INFO BlockManagerMasterEndpoint: BlockManagerMasterEndpoint up
[2025-05-03T21:06:34.333+0000] {spark_submit.py:644} INFO - 25/05/03 21:06:34 INFO SparkEnv: Registering BlockManagerMasterHeartbeat
[2025-05-03T21:06:34.348+0000] {spark_submit.py:644} INFO - 25/05/03 21:06:34 INFO DiskBlockManager: Created local directory at /tmp/blockmgr-447c6aeb-d901-4ea2-8665-3efb16b549ba
[2025-05-03T21:06:34.362+0000] {spark_submit.py:644} INFO - 25/05/03 21:06:34 INFO MemoryStore: MemoryStore started with capacity 434.4 MiB
[2025-05-03T21:06:34.376+0000] {spark_submit.py:644} INFO - 25/05/03 21:06:34 INFO SparkEnv: Registering OutputCommitCoordinator
[2025-05-03T21:06:34.547+0000] {spark_submit.py:644} INFO - 25/05/03 21:06:34 INFO Utils: Successfully started service 'SparkUI' on port 4040.
[2025-05-03T21:06:34.657+0000] {spark_submit.py:644} INFO - 25/05/03 21:06:34 INFO StandaloneAppClient$ClientEndpoint: Connecting to master spark://spark-master:7077...
[2025-05-03T21:06:34.695+0000] {spark_submit.py:644} INFO - 25/05/03 21:06:34 INFO TransportClientFactory: Successfully created connection to spark-master/172.19.0.3:7077 after 21 ms (0 ms spent in bootstraps)
[2025-05-03T21:06:34.768+0000] {spark_submit.py:644} INFO - 25/05/03 21:06:34 INFO StandaloneSchedulerBackend: Connected to Spark cluster with app ID app-20250503210634-0003
[2025-05-03T21:06:34.778+0000] {spark_submit.py:644} INFO - 25/05/03 21:06:34 INFO StandaloneAppClient$ClientEndpoint: Executor added: app-20250503210634-0003/0 on worker-20250503202040-172.19.0.6-39117 (172.19.0.6:39117) with 2 core(s)
[2025-05-03T21:06:34.778+0000] {spark_submit.py:644} INFO - 25/05/03 21:06:34 INFO Utils: Successfully started service 'org.apache.spark.network.netty.NettyBlockTransferService' on port 43525.
[2025-05-03T21:06:34.779+0000] {spark_submit.py:644} INFO - 25/05/03 21:06:34 INFO NettyBlockTransferService: Server created on 1bb5553dcc3e:43525
[2025-05-03T21:06:34.779+0000] {spark_submit.py:644} INFO - 25/05/03 21:06:34 INFO StandaloneSchedulerBackend: Granted executor ID app-20250503210634-0003/0 on hostPort 172.19.0.6:39117 with 2 core(s), 1024.0 MiB RAM
[2025-05-03T21:06:34.779+0000] {spark_submit.py:644} INFO - 25/05/03 21:06:34 INFO BlockManager: Using org.apache.spark.storage.RandomBlockReplicationPolicy for block replication policy
[2025-05-03T21:06:34.783+0000] {spark_submit.py:644} INFO - 25/05/03 21:06:34 INFO BlockManagerMaster: Registering BlockManager BlockManagerId(driver, 1bb5553dcc3e, 43525, None)
[2025-05-03T21:06:34.787+0000] {spark_submit.py:644} INFO - 25/05/03 21:06:34 INFO BlockManagerMasterEndpoint: Registering block manager 1bb5553dcc3e:43525 with 434.4 MiB RAM, BlockManagerId(driver, 1bb5553dcc3e, 43525, None)
[2025-05-03T21:06:34.790+0000] {spark_submit.py:644} INFO - 25/05/03 21:06:34 INFO BlockManagerMaster: Registered BlockManager BlockManagerId(driver, 1bb5553dcc3e, 43525, None)
[2025-05-03T21:06:34.792+0000] {spark_submit.py:644} INFO - 25/05/03 21:06:34 INFO BlockManager: Initialized BlockManager: BlockManagerId(driver, 1bb5553dcc3e, 43525, None)
[2025-05-03T21:06:34.813+0000] {spark_submit.py:644} INFO - 25/05/03 21:06:34 INFO StandaloneAppClient$ClientEndpoint: Executor updated: app-20250503210634-0003/0 is now RUNNING
[2025-05-03T21:06:34.982+0000] {spark_submit.py:644} INFO - 25/05/03 21:06:34 INFO StandaloneSchedulerBackend: SchedulerBackend is ready for scheduling beginning after reached minRegisteredResourcesRatio: 0.0
[2025-05-03T21:06:35.143+0000] {spark_submit.py:644} INFO - 🔍 Читання з: /tmp/spark_data/bronze/athlete_event_results/20250503_*
[2025-05-03T21:06:35.198+0000] {spark_submit.py:644} INFO - 25/05/03 21:06:35 INFO SharedState: Setting hive.metastore.warehouse.dir ('null') to the value of spark.sql.warehouse.dir.
[2025-05-03T21:06:35.204+0000] {spark_submit.py:644} INFO - 25/05/03 21:06:35 INFO SharedState: Warehouse path is 'file:/opt/airflow/spark-warehouse'.
[2025-05-03T21:06:35.962+0000] {spark_submit.py:644} INFO - 25/05/03 21:06:35 INFO InMemoryFileIndex: It took 82 ms to list leaf files for 13 paths.
[2025-05-03T21:06:36.416+0000] {spark_submit.py:644} INFO - 25/05/03 21:06:36 INFO SparkContext: Starting job: load at NativeMethodAccessorImpl.java:0
[2025-05-03T21:06:36.429+0000] {spark_submit.py:644} INFO - 25/05/03 21:06:36 INFO DAGScheduler: Got job 0 (load at NativeMethodAccessorImpl.java:0) with 1 output partitions
[2025-05-03T21:06:36.430+0000] {spark_submit.py:644} INFO - 25/05/03 21:06:36 INFO DAGScheduler: Final stage: ResultStage 0 (load at NativeMethodAccessorImpl.java:0)
[2025-05-03T21:06:36.430+0000] {spark_submit.py:644} INFO - 25/05/03 21:06:36 INFO DAGScheduler: Parents of final stage: List()
[2025-05-03T21:06:36.431+0000] {spark_submit.py:644} INFO - 25/05/03 21:06:36 INFO DAGScheduler: Missing parents: List()
[2025-05-03T21:06:36.435+0000] {spark_submit.py:644} INFO - 25/05/03 21:06:36 INFO DAGScheduler: Submitting ResultStage 0 (MapPartitionsRDD[1] at load at NativeMethodAccessorImpl.java:0), which has no missing parents
[2025-05-03T21:06:36.486+0000] {spark_submit.py:644} INFO - 25/05/03 21:06:36 INFO MemoryStore: Block broadcast_0 stored as values in memory (estimated size 102.7 KiB, free 434.3 MiB)
[2025-05-03T21:06:36.534+0000] {spark_submit.py:644} INFO - 25/05/03 21:06:36 INFO MemoryStore: Block broadcast_0_piece0 stored as bytes in memory (estimated size 36.8 KiB, free 434.3 MiB)
[2025-05-03T21:06:36.541+0000] {spark_submit.py:644} INFO - 25/05/03 21:06:36 INFO BlockManagerInfo: Added broadcast_0_piece0 in memory on 1bb5553dcc3e:43525 (size: 36.8 KiB, free: 434.4 MiB)
[2025-05-03T21:06:36.547+0000] {spark_submit.py:644} INFO - 25/05/03 21:06:36 INFO SparkContext: Created broadcast 0 from broadcast at DAGScheduler.scala:1513
[2025-05-03T21:06:36.576+0000] {spark_submit.py:644} INFO - 25/05/03 21:06:36 INFO DAGScheduler: Submitting 1 missing tasks from ResultStage 0 (MapPartitionsRDD[1] at load at NativeMethodAccessorImpl.java:0) (first 15 tasks are for partitions Vector(0))
[2025-05-03T21:06:36.577+0000] {spark_submit.py:644} INFO - 25/05/03 21:06:36 INFO TaskSchedulerImpl: Adding task set 0.0 with 1 tasks resource profile 0
[2025-05-03T21:06:37.715+0000] {spark_submit.py:644} INFO - 25/05/03 21:06:37 INFO CoarseGrainedSchedulerBackend$DriverEndpoint: Registered executor NettyRpcEndpointRef(spark-client://Executor) (172.19.0.6:32998) with ID 0,  ResourceProfileId 0
[2025-05-03T21:06:37.798+0000] {spark_submit.py:644} INFO - 25/05/03 21:06:37 INFO BlockManagerMasterEndpoint: Registering block manager 172.19.0.6:44067 with 366.3 MiB RAM, BlockManagerId(0, 172.19.0.6, 44067, None)
[2025-05-03T21:06:37.869+0000] {spark_submit.py:644} INFO - 25/05/03 21:06:37 INFO TaskSetManager: Starting task 0.0 in stage 0.0 (TID 0) (172.19.0.6, executor 0, partition 0, PROCESS_LOCAL, 4685 bytes) taskResourceAssignments Map()
[2025-05-03T21:06:38.100+0000] {spark_submit.py:644} INFO - 25/05/03 21:06:38 INFO BlockManagerInfo: Added broadcast_0_piece0 in memory on 172.19.0.6:44067 (size: 36.8 KiB, free: 366.3 MiB)
[2025-05-03T21:06:39.030+0000] {spark_submit.py:644} INFO - 25/05/03 21:06:39 INFO TaskSetManager: Finished task 0.0 in stage 0.0 (TID 0) in 1171 ms on 172.19.0.6 (executor 0) (1/1)
[2025-05-03T21:06:39.032+0000] {spark_submit.py:644} INFO - 25/05/03 21:06:39 INFO TaskSchedulerImpl: Removed TaskSet 0.0, whose tasks have all completed, from pool
[2025-05-03T21:06:39.036+0000] {spark_submit.py:644} INFO - 25/05/03 21:06:39 INFO DAGScheduler: ResultStage 0 (load at NativeMethodAccessorImpl.java:0) finished in 2.588 s
[2025-05-03T21:06:39.039+0000] {spark_submit.py:644} INFO - 25/05/03 21:06:39 INFO DAGScheduler: Job 0 is finished. Cancelling potential speculative or zombie tasks for this job
[2025-05-03T21:06:39.040+0000] {spark_submit.py:644} INFO - 25/05/03 21:06:39 INFO TaskSchedulerImpl: Killing all running tasks in stage 0: Stage finished
[2025-05-03T21:06:39.042+0000] {spark_submit.py:644} INFO - 25/05/03 21:06:39 INFO DAGScheduler: Job 0 finished: load at NativeMethodAccessorImpl.java:0, took 2.625377 s
[2025-05-03T21:06:39.385+0000] {spark_submit.py:644} INFO - 25/05/03 21:06:39 INFO BlockManagerInfo: Removed broadcast_0_piece0 on 1bb5553dcc3e:43525 in memory (size: 36.8 KiB, free: 434.4 MiB)
[2025-05-03T21:06:39.395+0000] {spark_submit.py:644} INFO - 25/05/03 21:06:39 INFO BlockManagerInfo: Removed broadcast_0_piece0 on 172.19.0.6:44067 in memory (size: 36.8 KiB, free: 366.3 MiB)
[2025-05-03T21:06:40.263+0000] {spark_submit.py:644} INFO - 🧼 Чищення датафрейму...
[2025-05-03T21:06:40.644+0000] {spark_submit.py:644} INFO - 💾 Збереження до Silver рівня: /tmp/spark_data/silver/athlete_event_results/20250503
[2025-05-03T21:06:40.945+0000] {spark_submit.py:644} INFO - 25/05/03 21:06:40 INFO FileSourceStrategy: Pushed Filters:
[2025-05-03T21:06:40.946+0000] {spark_submit.py:644} INFO - 25/05/03 21:06:40 INFO FileSourceStrategy: Post-Scan Filters:
[2025-05-03T21:06:40.948+0000] {spark_submit.py:644} INFO - 25/05/03 21:06:40 INFO FileSourceStrategy: Output Data Schema: struct<edition: string, edition_id: string, country_noc: string, sport: string, event: string ... 9 more fields>
[2025-05-03T21:06:41.051+0000] {spark_submit.py:644} INFO - 25/05/03 21:06:41 INFO ParquetFileFormat: Using default output committer for Parquet: org.apache.parquet.hadoop.ParquetOutputCommitter
[2025-05-03T21:06:41.063+0000] {spark_submit.py:644} INFO - 25/05/03 21:06:41 INFO FileOutputCommitter: File Output Committer Algorithm version is 1
[2025-05-03T21:06:41.063+0000] {spark_submit.py:644} INFO - 25/05/03 21:06:41 INFO FileOutputCommitter: FileOutputCommitter skip cleanup _temporary folders under output directory:false, ignore cleanup failures: false
[2025-05-03T21:06:41.065+0000] {spark_submit.py:644} INFO - 25/05/03 21:06:41 INFO SQLHadoopMapReduceCommitProtocol: Using user defined output committer class org.apache.parquet.hadoop.ParquetOutputCommitter
[2025-05-03T21:06:41.065+0000] {spark_submit.py:644} INFO - 25/05/03 21:06:41 INFO FileOutputCommitter: File Output Committer Algorithm version is 1
[2025-05-03T21:06:41.066+0000] {spark_submit.py:644} INFO - 25/05/03 21:06:41 INFO FileOutputCommitter: FileOutputCommitter skip cleanup _temporary folders under output directory:false, ignore cleanup failures: false
[2025-05-03T21:06:41.066+0000] {spark_submit.py:644} INFO - 25/05/03 21:06:41 INFO SQLHadoopMapReduceCommitProtocol: Using output committer class org.apache.parquet.hadoop.ParquetOutputCommitter
[2025-05-03T21:06:41.280+0000] {spark_submit.py:644} INFO - 25/05/03 21:06:41 INFO CodeGenerator: Code generated in 137.465714 ms
[2025-05-03T21:06:41.328+0000] {spark_submit.py:644} INFO - 25/05/03 21:06:41 INFO CodeGenerator: Code generated in 38.452836 ms
[2025-05-03T21:06:41.353+0000] {spark_submit.py:644} INFO - 25/05/03 21:06:41 INFO MemoryStore: Block broadcast_1 stored as values in memory (estimated size 201.8 KiB, free 434.2 MiB)
[2025-05-03T21:06:41.363+0000] {spark_submit.py:644} INFO - 25/05/03 21:06:41 INFO MemoryStore: Block broadcast_1_piece0 stored as bytes in memory (estimated size 34.7 KiB, free 434.2 MiB)
[2025-05-03T21:06:41.364+0000] {spark_submit.py:644} INFO - 25/05/03 21:06:41 INFO BlockManagerInfo: Added broadcast_1_piece0 in memory on 1bb5553dcc3e:43525 (size: 34.7 KiB, free: 434.4 MiB)
[2025-05-03T21:06:41.365+0000] {spark_submit.py:644} INFO - 25/05/03 21:06:41 INFO SparkContext: Created broadcast 1 from parquet at NativeMethodAccessorImpl.java:0
[2025-05-03T21:06:41.374+0000] {spark_submit.py:644} INFO - 25/05/03 21:06:41 INFO FileSourceScanExec: Planning scan with bin packing, max size: 88335026 bytes, open cost is considered as scanning 4194304 bytes.
[2025-05-03T21:06:41.475+0000] {spark_submit.py:644} INFO - 25/05/03 21:06:41 INFO SparkContext: Starting job: parquet at NativeMethodAccessorImpl.java:0
[2025-05-03T21:06:41.477+0000] {spark_submit.py:644} INFO - 25/05/03 21:06:41 INFO DAGScheduler: Got job 1 (parquet at NativeMethodAccessorImpl.java:0) with 2 output partitions
[2025-05-03T21:06:41.477+0000] {spark_submit.py:644} INFO - 25/05/03 21:06:41 INFO DAGScheduler: Final stage: ResultStage 1 (parquet at NativeMethodAccessorImpl.java:0)
[2025-05-03T21:06:41.478+0000] {spark_submit.py:644} INFO - 25/05/03 21:06:41 INFO DAGScheduler: Parents of final stage: List()
[2025-05-03T21:06:41.478+0000] {spark_submit.py:644} INFO - 25/05/03 21:06:41 INFO DAGScheduler: Missing parents: List()
[2025-05-03T21:06:41.479+0000] {spark_submit.py:644} INFO - 25/05/03 21:06:41 INFO DAGScheduler: Submitting ResultStage 1 (MapPartitionsRDD[7] at parquet at NativeMethodAccessorImpl.java:0), which has no missing parents
[2025-05-03T21:06:41.504+0000] {spark_submit.py:644} INFO - 25/05/03 21:06:41 INFO MemoryStore: Block broadcast_2 stored as values in memory (estimated size 248.5 KiB, free 433.9 MiB)
[2025-05-03T21:06:41.510+0000] {spark_submit.py:644} INFO - 25/05/03 21:06:41 INFO MemoryStore: Block broadcast_2_piece0 stored as bytes in memory (estimated size 85.7 KiB, free 433.8 MiB)
[2025-05-03T21:06:41.512+0000] {spark_submit.py:644} INFO - 25/05/03 21:06:41 INFO BlockManagerInfo: Added broadcast_2_piece0 in memory on 1bb5553dcc3e:43525 (size: 85.7 KiB, free: 434.3 MiB)
[2025-05-03T21:06:41.513+0000] {spark_submit.py:644} INFO - 25/05/03 21:06:41 INFO SparkContext: Created broadcast 2 from broadcast at DAGScheduler.scala:1513
[2025-05-03T21:06:41.514+0000] {spark_submit.py:644} INFO - 25/05/03 21:06:41 INFO DAGScheduler: Submitting 2 missing tasks from ResultStage 1 (MapPartitionsRDD[7] at parquet at NativeMethodAccessorImpl.java:0) (first 15 tasks are for partitions Vector(0, 1))
[2025-05-03T21:06:41.514+0000] {spark_submit.py:644} INFO - 25/05/03 21:06:41 INFO TaskSchedulerImpl: Adding task set 1.0 with 2 tasks resource profile 0
[2025-05-03T21:06:41.518+0000] {spark_submit.py:644} INFO - 25/05/03 21:06:41 INFO TaskSetManager: Starting task 0.0 in stage 1.0 (TID 1) (172.19.0.6, executor 0, partition 0, PROCESS_LOCAL, 7001 bytes) taskResourceAssignments Map()
[2025-05-03T21:06:41.519+0000] {spark_submit.py:644} INFO - 25/05/03 21:06:41 INFO TaskSetManager: Starting task 1.0 in stage 1.0 (TID 2) (172.19.0.6, executor 0, partition 1, PROCESS_LOCAL, 7363 bytes) taskResourceAssignments Map()
[2025-05-03T21:06:41.565+0000] {spark_submit.py:644} INFO - 25/05/03 21:06:41 INFO BlockManagerInfo: Added broadcast_2_piece0 in memory on 172.19.0.6:44067 (size: 85.7 KiB, free: 366.2 MiB)
[2025-05-03T21:06:43.107+0000] {spark_submit.py:644} INFO - 25/05/03 21:06:43 INFO BlockManagerInfo: Added broadcast_1_piece0 in memory on 172.19.0.6:44067 (size: 34.7 KiB, free: 366.2 MiB)
[2025-05-03T21:06:43.245+0000] {spark_submit.py:644} INFO - 25/05/03 21:06:43 WARN TaskSetManager: Lost task 1.0 in stage 1.0 (TID 2) (172.19.0.6 executor 0): org.apache.spark.api.python.PythonException: Traceback (most recent call last):
[2025-05-03T21:06:43.245+0000] {spark_submit.py:644} INFO - File "/spark/python/lib/pyspark.zip/pyspark/worker.py", line 547, in main
[2025-05-03T21:06:43.246+0000] {spark_submit.py:644} INFO - % ("%d.%d" % sys.version_info[:2], version)
[2025-05-03T21:06:43.246+0000] {spark_submit.py:644} INFO - RuntimeError: Python in worker has different version 3.7 than that in driver 3.11, PySpark cannot run with different minor versions. Please check environment variables PYSPARK_PYTHON and PYSPARK_DRIVER_PYTHON are correctly set.
[2025-05-03T21:06:43.246+0000] {spark_submit.py:644} INFO - 
[2025-05-03T21:06:43.246+0000] {spark_submit.py:644} INFO - at org.apache.spark.api.python.BasePythonRunner$ReaderIterator.handlePythonException(PythonRunner.scala:559)
[2025-05-03T21:06:43.246+0000] {spark_submit.py:644} INFO - at org.apache.spark.sql.execution.python.PythonUDFRunner$$anon$2.read(PythonUDFRunner.scala:86)
[2025-05-03T21:06:43.246+0000] {spark_submit.py:644} INFO - at org.apache.spark.sql.execution.python.PythonUDFRunner$$anon$2.read(PythonUDFRunner.scala:68)
[2025-05-03T21:06:43.247+0000] {spark_submit.py:644} INFO - at org.apache.spark.api.python.BasePythonRunner$ReaderIterator.hasNext(PythonRunner.scala:512)
[2025-05-03T21:06:43.247+0000] {spark_submit.py:644} INFO - at org.apache.spark.InterruptibleIterator.hasNext(InterruptibleIterator.scala:37)
[2025-05-03T21:06:43.247+0000] {spark_submit.py:644} INFO - at scala.collection.Iterator$$anon$11.hasNext(Iterator.scala:491)
[2025-05-03T21:06:43.247+0000] {spark_submit.py:644} INFO - at scala.collection.Iterator$$anon$10.hasNext(Iterator.scala:460)
[2025-05-03T21:06:43.247+0000] {spark_submit.py:644} INFO - at scala.collection.Iterator$$anon$10.hasNext(Iterator.scala:460)
[2025-05-03T21:06:43.247+0000] {spark_submit.py:644} INFO - at org.apache.spark.sql.catalyst.expressions.GeneratedClass$GeneratedIteratorForCodegenStage2.processNext(Unknown Source)
[2025-05-03T21:06:43.247+0000] {spark_submit.py:644} INFO - at org.apache.spark.sql.execution.BufferedRowIterator.hasNext(BufferedRowIterator.java:43)
[2025-05-03T21:06:43.247+0000] {spark_submit.py:644} INFO - at org.apache.spark.sql.execution.WholeStageCodegenExec$$anon$1.hasNext(WholeStageCodegenExec.scala:760)
[2025-05-03T21:06:43.247+0000] {spark_submit.py:644} INFO - at org.apache.spark.sql.execution.datasources.FileFormatWriter$.executeTask(FileFormatWriter.scala:313)
[2025-05-03T21:06:43.247+0000] {spark_submit.py:644} INFO - at org.apache.spark.sql.execution.datasources.FileFormatWriter$.$anonfun$write$21(FileFormatWriter.scala:256)
[2025-05-03T21:06:43.247+0000] {spark_submit.py:644} INFO - at org.apache.spark.scheduler.ResultTask.runTask(ResultTask.scala:90)
[2025-05-03T21:06:43.247+0000] {spark_submit.py:644} INFO - at org.apache.spark.scheduler.Task.run(Task.scala:136)
[2025-05-03T21:06:43.248+0000] {spark_submit.py:644} INFO - at org.apache.spark.executor.Executor$TaskRunner.$anonfun$run$3(Executor.scala:548)
[2025-05-03T21:06:43.248+0000] {spark_submit.py:644} INFO - at org.apache.spark.util.Utils$.tryWithSafeFinally(Utils.scala:1504)
[2025-05-03T21:06:43.248+0000] {spark_submit.py:644} INFO - at org.apache.spark.executor.Executor$TaskRunner.run(Executor.scala:551)
[2025-05-03T21:06:43.248+0000] {spark_submit.py:644} INFO - at java.util.concurrent.ThreadPoolExecutor.runWorker(ThreadPoolExecutor.java:1149)
[2025-05-03T21:06:43.248+0000] {spark_submit.py:644} INFO - at java.util.concurrent.ThreadPoolExecutor$Worker.run(ThreadPoolExecutor.java:624)
[2025-05-03T21:06:43.248+0000] {spark_submit.py:644} INFO - at java.lang.Thread.run(Thread.java:748)
[2025-05-03T21:06:43.248+0000] {spark_submit.py:644} INFO - 
[2025-05-03T21:06:43.252+0000] {spark_submit.py:644} INFO - 25/05/03 21:06:43 INFO TaskSetManager: Starting task 1.1 in stage 1.0 (TID 3) (172.19.0.6, executor 0, partition 1, PROCESS_LOCAL, 7363 bytes) taskResourceAssignments Map()
[2025-05-03T21:06:43.377+0000] {spark_submit.py:644} INFO - 25/05/03 21:06:43 INFO TaskSetManager: Lost task 1.1 in stage 1.0 (TID 3) on 172.19.0.6, executor 0: org.apache.spark.api.python.PythonException (Traceback (most recent call last):
[2025-05-03T21:06:43.378+0000] {spark_submit.py:644} INFO - File "/spark/python/lib/pyspark.zip/pyspark/worker.py", line 547, in main
[2025-05-03T21:06:43.378+0000] {spark_submit.py:644} INFO - % ("%d.%d" % sys.version_info[:2], version)
[2025-05-03T21:06:43.378+0000] {spark_submit.py:644} INFO - RuntimeError: Python in worker has different version 3.7 than that in driver 3.11, PySpark cannot run with different minor versions. Please check environment variables PYSPARK_PYTHON and PYSPARK_DRIVER_PYTHON are correctly set.
[2025-05-03T21:06:43.378+0000] {spark_submit.py:644} INFO - ) [duplicate 1]
[2025-05-03T21:06:43.380+0000] {spark_submit.py:644} INFO - 25/05/03 21:06:43 INFO TaskSetManager: Starting task 1.2 in stage 1.0 (TID 4) (172.19.0.6, executor 0, partition 1, PROCESS_LOCAL, 7363 bytes) taskResourceAssignments Map()
[2025-05-03T21:06:43.620+0000] {spark_submit.py:644} INFO - 25/05/03 21:06:43 INFO TaskSetManager: Lost task 1.2 in stage 1.0 (TID 4) on 172.19.0.6, executor 0: org.apache.spark.api.python.PythonException (Traceback (most recent call last):
[2025-05-03T21:06:43.620+0000] {spark_submit.py:644} INFO - File "/spark/python/lib/pyspark.zip/pyspark/worker.py", line 547, in main
[2025-05-03T21:06:43.620+0000] {spark_submit.py:644} INFO - % ("%d.%d" % sys.version_info[:2], version)
[2025-05-03T21:06:43.621+0000] {spark_submit.py:644} INFO - RuntimeError: Python in worker has different version 3.7 than that in driver 3.11, PySpark cannot run with different minor versions. Please check environment variables PYSPARK_PYTHON and PYSPARK_DRIVER_PYTHON are correctly set.
[2025-05-03T21:06:43.621+0000] {spark_submit.py:644} INFO - ) [duplicate 2]
[2025-05-03T21:06:43.622+0000] {spark_submit.py:644} INFO - 25/05/03 21:06:43 INFO TaskSetManager: Starting task 1.3 in stage 1.0 (TID 5) (172.19.0.6, executor 0, partition 1, PROCESS_LOCAL, 7363 bytes) taskResourceAssignments Map()
[2025-05-03T21:06:43.637+0000] {spark_submit.py:644} INFO - 25/05/03 21:06:43 WARN TaskSetManager: Lost task 0.0 in stage 1.0 (TID 1) (172.19.0.6 executor 0): org.apache.spark.SparkException: Task failed while writing rows.
[2025-05-03T21:06:43.638+0000] {spark_submit.py:644} INFO - at org.apache.spark.sql.errors.QueryExecutionErrors$.taskFailedWhileWritingRowsError(QueryExecutionErrors.scala:642)
[2025-05-03T21:06:43.638+0000] {spark_submit.py:644} INFO - at org.apache.spark.sql.execution.datasources.FileFormatWriter$.executeTask(FileFormatWriter.scala:348)
[2025-05-03T21:06:43.638+0000] {spark_submit.py:644} INFO - at org.apache.spark.sql.execution.datasources.FileFormatWriter$.$anonfun$write$21(FileFormatWriter.scala:256)
[2025-05-03T21:06:43.638+0000] {spark_submit.py:644} INFO - at org.apache.spark.scheduler.ResultTask.runTask(ResultTask.scala:90)
[2025-05-03T21:06:43.638+0000] {spark_submit.py:644} INFO - at org.apache.spark.scheduler.Task.run(Task.scala:136)
[2025-05-03T21:06:43.638+0000] {spark_submit.py:644} INFO - at org.apache.spark.executor.Executor$TaskRunner.$anonfun$run$3(Executor.scala:548)
[2025-05-03T21:06:43.639+0000] {spark_submit.py:644} INFO - at org.apache.spark.util.Utils$.tryWithSafeFinally(Utils.scala:1504)
[2025-05-03T21:06:43.639+0000] {spark_submit.py:644} INFO - at org.apache.spark.executor.Executor$TaskRunner.run(Executor.scala:551)
[2025-05-03T21:06:43.639+0000] {spark_submit.py:644} INFO - at java.util.concurrent.ThreadPoolExecutor.runWorker(ThreadPoolExecutor.java:1149)
[2025-05-03T21:06:43.639+0000] {spark_submit.py:644} INFO - at java.util.concurrent.ThreadPoolExecutor$Worker.run(ThreadPoolExecutor.java:624)
[2025-05-03T21:06:43.639+0000] {spark_submit.py:644} INFO - at java.lang.Thread.run(Thread.java:748)
[2025-05-03T21:06:43.639+0000] {spark_submit.py:644} INFO - Caused by: org.apache.spark.api.python.PythonException: Traceback (most recent call last):
[2025-05-03T21:06:43.639+0000] {spark_submit.py:644} INFO - File "/spark/python/lib/pyspark.zip/pyspark/worker.py", line 547, in main
[2025-05-03T21:06:43.639+0000] {spark_submit.py:644} INFO - % ("%d.%d" % sys.version_info[:2], version)
[2025-05-03T21:06:43.639+0000] {spark_submit.py:644} INFO - RuntimeError: Python in worker has different version 3.7 than that in driver 3.11, PySpark cannot run with different minor versions. Please check environment variables PYSPARK_PYTHON and PYSPARK_DRIVER_PYTHON are correctly set.
[2025-05-03T21:06:43.639+0000] {spark_submit.py:644} INFO - 
[2025-05-03T21:06:43.639+0000] {spark_submit.py:644} INFO - at org.apache.spark.api.python.BasePythonRunner$ReaderIterator.handlePythonException(PythonRunner.scala:559)
[2025-05-03T21:06:43.640+0000] {spark_submit.py:644} INFO - at org.apache.spark.sql.execution.python.PythonUDFRunner$$anon$2.read(PythonUDFRunner.scala:86)
[2025-05-03T21:06:43.640+0000] {spark_submit.py:644} INFO - at org.apache.spark.sql.execution.python.PythonUDFRunner$$anon$2.read(PythonUDFRunner.scala:68)
[2025-05-03T21:06:43.640+0000] {spark_submit.py:644} INFO - at org.apache.spark.api.python.BasePythonRunner$ReaderIterator.hasNext(PythonRunner.scala:512)
[2025-05-03T21:06:43.640+0000] {spark_submit.py:644} INFO - at org.apache.spark.InterruptibleIterator.hasNext(InterruptibleIterator.scala:37)
[2025-05-03T21:06:43.640+0000] {spark_submit.py:644} INFO - at scala.collection.Iterator$$anon$11.hasNext(Iterator.scala:491)
[2025-05-03T21:06:43.640+0000] {spark_submit.py:644} INFO - at scala.collection.Iterator$$anon$10.hasNext(Iterator.scala:460)
[2025-05-03T21:06:43.640+0000] {spark_submit.py:644} INFO - at scala.collection.Iterator$$anon$10.hasNext(Iterator.scala:460)
[2025-05-03T21:06:43.640+0000] {spark_submit.py:644} INFO - at org.apache.spark.sql.catalyst.expressions.GeneratedClass$GeneratedIteratorForCodegenStage2.processNext(Unknown Source)
[2025-05-03T21:06:43.640+0000] {spark_submit.py:644} INFO - at org.apache.spark.sql.execution.BufferedRowIterator.hasNext(BufferedRowIterator.java:43)
[2025-05-03T21:06:43.640+0000] {spark_submit.py:644} INFO - at org.apache.spark.sql.execution.WholeStageCodegenExec$$anon$1.hasNext(WholeStageCodegenExec.scala:760)
[2025-05-03T21:06:43.640+0000] {spark_submit.py:644} INFO - at org.apache.spark.sql.execution.datasources.FileFormatDataWriter.writeWithIterator(FileFormatDataWriter.scala:91)
[2025-05-03T21:06:43.640+0000] {spark_submit.py:644} INFO - at org.apache.spark.sql.execution.datasources.FileFormatWriter$.$anonfun$executeTask$1(FileFormatWriter.scala:331)
[2025-05-03T21:06:43.640+0000] {spark_submit.py:644} INFO - at org.apache.spark.util.Utils$.tryWithSafeFinallyAndFailureCallbacks(Utils.scala:1538)
[2025-05-03T21:06:43.641+0000] {spark_submit.py:644} INFO - at org.apache.spark.sql.execution.datasources.FileFormatWriter$.executeTask(FileFormatWriter.scala:338)
[2025-05-03T21:06:43.641+0000] {spark_submit.py:644} INFO - ... 9 more
[2025-05-03T21:06:43.641+0000] {spark_submit.py:644} INFO - 
[2025-05-03T21:06:43.641+0000] {spark_submit.py:644} INFO - 25/05/03 21:06:43 INFO TaskSetManager: Starting task 0.1 in stage 1.0 (TID 6) (172.19.0.6, executor 0, partition 0, PROCESS_LOCAL, 7001 bytes) taskResourceAssignments Map()
[2025-05-03T21:06:43.711+0000] {spark_submit.py:644} INFO - 25/05/03 21:06:43 INFO TaskSetManager: Lost task 1.3 in stage 1.0 (TID 5) on 172.19.0.6, executor 0: org.apache.spark.api.python.PythonException (Traceback (most recent call last):
[2025-05-03T21:06:43.711+0000] {spark_submit.py:644} INFO - File "/spark/python/lib/pyspark.zip/pyspark/worker.py", line 547, in main
[2025-05-03T21:06:43.711+0000] {spark_submit.py:644} INFO - % ("%d.%d" % sys.version_info[:2], version)
[2025-05-03T21:06:43.712+0000] {spark_submit.py:644} INFO - RuntimeError: Python in worker has different version 3.7 than that in driver 3.11, PySpark cannot run with different minor versions. Please check environment variables PYSPARK_PYTHON and PYSPARK_DRIVER_PYTHON are correctly set.
[2025-05-03T21:06:43.712+0000] {spark_submit.py:644} INFO - ) [duplicate 3]
[2025-05-03T21:06:43.713+0000] {spark_submit.py:644} INFO - 25/05/03 21:06:43 ERROR TaskSetManager: Task 1 in stage 1.0 failed 4 times; aborting job
[2025-05-03T21:06:43.716+0000] {spark_submit.py:644} INFO - 25/05/03 21:06:43 INFO TaskSchedulerImpl: Cancelling stage 1
[2025-05-03T21:06:43.716+0000] {spark_submit.py:644} INFO - 25/05/03 21:06:43 INFO TaskSchedulerImpl: Killing all running tasks in stage 1: Stage cancelled
[2025-05-03T21:06:43.720+0000] {spark_submit.py:644} INFO - 25/05/03 21:06:43 INFO TaskSchedulerImpl: Stage 1 was cancelled
[2025-05-03T21:06:43.721+0000] {spark_submit.py:644} INFO - 25/05/03 21:06:43 INFO DAGScheduler: ResultStage 1 (parquet at NativeMethodAccessorImpl.java:0) failed in 2.237 s due to Job aborted due to stage failure: Task 1 in stage 1.0 failed 4 times, most recent failure: Lost task 1.3 in stage 1.0 (TID 5) (172.19.0.6 executor 0): org.apache.spark.api.python.PythonException: Traceback (most recent call last):
[2025-05-03T21:06:43.721+0000] {spark_submit.py:644} INFO - File "/spark/python/lib/pyspark.zip/pyspark/worker.py", line 547, in main
[2025-05-03T21:06:43.722+0000] {spark_submit.py:644} INFO - % ("%d.%d" % sys.version_info[:2], version)
[2025-05-03T21:06:43.722+0000] {spark_submit.py:644} INFO - RuntimeError: Python in worker has different version 3.7 than that in driver 3.11, PySpark cannot run with different minor versions. Please check environment variables PYSPARK_PYTHON and PYSPARK_DRIVER_PYTHON are correctly set.
[2025-05-03T21:06:43.722+0000] {spark_submit.py:644} INFO - 
[2025-05-03T21:06:43.723+0000] {spark_submit.py:644} INFO - at org.apache.spark.api.python.BasePythonRunner$ReaderIterator.handlePythonException(PythonRunner.scala:559)
[2025-05-03T21:06:43.723+0000] {spark_submit.py:644} INFO - at org.apache.spark.sql.execution.python.PythonUDFRunner$$anon$2.read(PythonUDFRunner.scala:86)
[2025-05-03T21:06:43.723+0000] {spark_submit.py:644} INFO - at org.apache.spark.sql.execution.python.PythonUDFRunner$$anon$2.read(PythonUDFRunner.scala:68)
[2025-05-03T21:06:43.723+0000] {spark_submit.py:644} INFO - at org.apache.spark.api.python.BasePythonRunner$ReaderIterator.hasNext(PythonRunner.scala:512)
[2025-05-03T21:06:43.723+0000] {spark_submit.py:644} INFO - at org.apache.spark.InterruptibleIterator.hasNext(InterruptibleIterator.scala:37)
[2025-05-03T21:06:43.723+0000] {spark_submit.py:644} INFO - at scala.collection.Iterator$$anon$11.hasNext(Iterator.scala:491)
[2025-05-03T21:06:43.724+0000] {spark_submit.py:644} INFO - at scala.collection.Iterator$$anon$10.hasNext(Iterator.scala:460)
[2025-05-03T21:06:43.724+0000] {spark_submit.py:644} INFO - at scala.collection.Iterator$$anon$10.hasNext(Iterator.scala:460)
[2025-05-03T21:06:43.724+0000] {spark_submit.py:644} INFO - at org.apache.spark.sql.catalyst.expressions.GeneratedClass$GeneratedIteratorForCodegenStage2.processNext(Unknown Source)
[2025-05-03T21:06:43.724+0000] {spark_submit.py:644} INFO - at org.apache.spark.sql.execution.BufferedRowIterator.hasNext(BufferedRowIterator.java:43)
[2025-05-03T21:06:43.724+0000] {spark_submit.py:644} INFO - at org.apache.spark.sql.execution.WholeStageCodegenExec$$anon$1.hasNext(WholeStageCodegenExec.scala:760)
[2025-05-03T21:06:43.724+0000] {spark_submit.py:644} INFO - at org.apache.spark.sql.execution.datasources.FileFormatWriter$.executeTask(FileFormatWriter.scala:313)
[2025-05-03T21:06:43.724+0000] {spark_submit.py:644} INFO - at org.apache.spark.sql.execution.datasources.FileFormatWriter$.$anonfun$write$21(FileFormatWriter.scala:256)
[2025-05-03T21:06:43.724+0000] {spark_submit.py:644} INFO - at org.apache.spark.scheduler.ResultTask.runTask(ResultTask.scala:90)
[2025-05-03T21:06:43.725+0000] {spark_submit.py:644} INFO - at org.apache.spark.scheduler.Task.run(Task.scala:136)
[2025-05-03T21:06:43.725+0000] {spark_submit.py:644} INFO - at org.apache.spark.executor.Executor$TaskRunner.$anonfun$run$3(Executor.scala:548)
[2025-05-03T21:06:43.725+0000] {spark_submit.py:644} INFO - at org.apache.spark.util.Utils$.tryWithSafeFinally(Utils.scala:1504)
[2025-05-03T21:06:43.725+0000] {spark_submit.py:644} INFO - at org.apache.spark.executor.Executor$TaskRunner.run(Executor.scala:551)
[2025-05-03T21:06:43.725+0000] {spark_submit.py:644} INFO - at java.util.concurrent.ThreadPoolExecutor.runWorker(ThreadPoolExecutor.java:1149)
[2025-05-03T21:06:43.725+0000] {spark_submit.py:644} INFO - at java.util.concurrent.ThreadPoolExecutor$Worker.run(ThreadPoolExecutor.java:624)
[2025-05-03T21:06:43.725+0000] {spark_submit.py:644} INFO - at java.lang.Thread.run(Thread.java:748)
[2025-05-03T21:06:43.725+0000] {spark_submit.py:644} INFO - 
[2025-05-03T21:06:43.726+0000] {spark_submit.py:644} INFO - Driver stacktrace:
[2025-05-03T21:06:43.726+0000] {spark_submit.py:644} INFO - 25/05/03 21:06:43 INFO DAGScheduler: Job 1 failed: parquet at NativeMethodAccessorImpl.java:0, took 2.247096 s
[2025-05-03T21:06:43.726+0000] {spark_submit.py:644} INFO - 25/05/03 21:06:43 ERROR FileFormatWriter: Aborting job afef5752-48ce-4a41-a0de-bd906c53b936.
[2025-05-03T21:06:43.726+0000] {spark_submit.py:644} INFO - org.apache.spark.SparkException: Job aborted due to stage failure: Task 1 in stage 1.0 failed 4 times, most recent failure: Lost task 1.3 in stage 1.0 (TID 5) (172.19.0.6 executor 0): org.apache.spark.api.python.PythonException: Traceback (most recent call last):
[2025-05-03T21:06:43.726+0000] {spark_submit.py:644} INFO - File "/spark/python/lib/pyspark.zip/pyspark/worker.py", line 547, in main
[2025-05-03T21:06:43.726+0000] {spark_submit.py:644} INFO - % ("%d.%d" % sys.version_info[:2], version)
[2025-05-03T21:06:43.726+0000] {spark_submit.py:644} INFO - RuntimeError: Python in worker has different version 3.7 than that in driver 3.11, PySpark cannot run with different minor versions. Please check environment variables PYSPARK_PYTHON and PYSPARK_DRIVER_PYTHON are correctly set.
[2025-05-03T21:06:43.726+0000] {spark_submit.py:644} INFO - 
[2025-05-03T21:06:43.727+0000] {spark_submit.py:644} INFO - at org.apache.spark.api.python.BasePythonRunner$ReaderIterator.handlePythonException(PythonRunner.scala:559)
[2025-05-03T21:06:43.727+0000] {spark_submit.py:644} INFO - at org.apache.spark.sql.execution.python.PythonUDFRunner$$anon$2.read(PythonUDFRunner.scala:86)
[2025-05-03T21:06:43.727+0000] {spark_submit.py:644} INFO - at org.apache.spark.sql.execution.python.PythonUDFRunner$$anon$2.read(PythonUDFRunner.scala:68)
[2025-05-03T21:06:43.727+0000] {spark_submit.py:644} INFO - at org.apache.spark.api.python.BasePythonRunner$ReaderIterator.hasNext(PythonRunner.scala:512)
[2025-05-03T21:06:43.727+0000] {spark_submit.py:644} INFO - at org.apache.spark.InterruptibleIterator.hasNext(InterruptibleIterator.scala:37)
[2025-05-03T21:06:43.727+0000] {spark_submit.py:644} INFO - at scala.collection.Iterator$$anon$11.hasNext(Iterator.scala:491)
[2025-05-03T21:06:43.727+0000] {spark_submit.py:644} INFO - at scala.collection.Iterator$$anon$10.hasNext(Iterator.scala:460)
[2025-05-03T21:06:43.728+0000] {spark_submit.py:644} INFO - at scala.collection.Iterator$$anon$10.hasNext(Iterator.scala:460)
[2025-05-03T21:06:43.728+0000] {spark_submit.py:644} INFO - at org.apache.spark.sql.catalyst.expressions.GeneratedClass$GeneratedIteratorForCodegenStage2.processNext(Unknown Source)
[2025-05-03T21:06:43.728+0000] {spark_submit.py:644} INFO - at org.apache.spark.sql.execution.BufferedRowIterator.hasNext(BufferedRowIterator.java:43)
[2025-05-03T21:06:43.728+0000] {spark_submit.py:644} INFO - at org.apache.spark.sql.execution.WholeStageCodegenExec$$anon$1.hasNext(WholeStageCodegenExec.scala:760)
[2025-05-03T21:06:43.728+0000] {spark_submit.py:644} INFO - at org.apache.spark.sql.execution.datasources.FileFormatWriter$.executeTask(FileFormatWriter.scala:313)
[2025-05-03T21:06:43.728+0000] {spark_submit.py:644} INFO - at org.apache.spark.sql.execution.datasources.FileFormatWriter$.$anonfun$write$21(FileFormatWriter.scala:256)
[2025-05-03T21:06:43.728+0000] {spark_submit.py:644} INFO - at org.apache.spark.scheduler.ResultTask.runTask(ResultTask.scala:90)
[2025-05-03T21:06:43.729+0000] {spark_submit.py:644} INFO - at org.apache.spark.scheduler.Task.run(Task.scala:136)
[2025-05-03T21:06:43.729+0000] {spark_submit.py:644} INFO - at org.apache.spark.executor.Executor$TaskRunner.$anonfun$run$3(Executor.scala:548)
[2025-05-03T21:06:43.729+0000] {spark_submit.py:644} INFO - at org.apache.spark.util.Utils$.tryWithSafeFinally(Utils.scala:1504)
[2025-05-03T21:06:43.729+0000] {spark_submit.py:644} INFO - at org.apache.spark.executor.Executor$TaskRunner.run(Executor.scala:551)
[2025-05-03T21:06:43.729+0000] {spark_submit.py:644} INFO - at java.util.concurrent.ThreadPoolExecutor.runWorker(ThreadPoolExecutor.java:1149)
[2025-05-03T21:06:43.729+0000] {spark_submit.py:644} INFO - at java.util.concurrent.ThreadPoolExecutor$Worker.run(ThreadPoolExecutor.java:624)
[2025-05-03T21:06:43.729+0000] {spark_submit.py:644} INFO - at java.lang.Thread.run(Thread.java:748)
[2025-05-03T21:06:43.730+0000] {spark_submit.py:644} INFO - 
[2025-05-03T21:06:43.730+0000] {spark_submit.py:644} INFO - Driver stacktrace:
[2025-05-03T21:06:43.730+0000] {spark_submit.py:644} INFO - at org.apache.spark.scheduler.DAGScheduler.failJobAndIndependentStages(DAGScheduler.scala:2672)
[2025-05-03T21:06:43.730+0000] {spark_submit.py:644} INFO - at org.apache.spark.scheduler.DAGScheduler.$anonfun$abortStage$2(DAGScheduler.scala:2608)
[2025-05-03T21:06:43.730+0000] {spark_submit.py:644} INFO - at org.apache.spark.scheduler.DAGScheduler.$anonfun$abortStage$2$adapted(DAGScheduler.scala:2607)
[2025-05-03T21:06:43.730+0000] {spark_submit.py:644} INFO - at scala.collection.mutable.ResizableArray.foreach(ResizableArray.scala:62)
[2025-05-03T21:06:43.730+0000] {spark_submit.py:644} INFO - at scala.collection.mutable.ResizableArray.foreach$(ResizableArray.scala:55)
[2025-05-03T21:06:43.730+0000] {spark_submit.py:644} INFO - at scala.collection.mutable.ArrayBuffer.foreach(ArrayBuffer.scala:49)
[2025-05-03T21:06:43.730+0000] {spark_submit.py:644} INFO - at org.apache.spark.scheduler.DAGScheduler.abortStage(DAGScheduler.scala:2607)
[2025-05-03T21:06:43.731+0000] {spark_submit.py:644} INFO - at org.apache.spark.scheduler.DAGScheduler.$anonfun$handleTaskSetFailed$1(DAGScheduler.scala:1182)
[2025-05-03T21:06:43.731+0000] {spark_submit.py:644} INFO - at org.apache.spark.scheduler.DAGScheduler.$anonfun$handleTaskSetFailed$1$adapted(DAGScheduler.scala:1182)
[2025-05-03T21:06:43.731+0000] {spark_submit.py:644} INFO - at scala.Option.foreach(Option.scala:407)
[2025-05-03T21:06:43.731+0000] {spark_submit.py:644} INFO - at org.apache.spark.scheduler.DAGScheduler.handleTaskSetFailed(DAGScheduler.scala:1182)
[2025-05-03T21:06:43.731+0000] {spark_submit.py:644} INFO - at org.apache.spark.scheduler.DAGSchedulerEventProcessLoop.doOnReceive(DAGScheduler.scala:2860)
[2025-05-03T21:06:43.731+0000] {spark_submit.py:644} INFO - at org.apache.spark.scheduler.DAGSchedulerEventProcessLoop.onReceive(DAGScheduler.scala:2802)
[2025-05-03T21:06:43.732+0000] {spark_submit.py:644} INFO - at org.apache.spark.scheduler.DAGSchedulerEventProcessLoop.onReceive(DAGScheduler.scala:2791)
[2025-05-03T21:06:43.732+0000] {spark_submit.py:644} INFO - at org.apache.spark.util.EventLoop$$anon$1.run(EventLoop.scala:49)
[2025-05-03T21:06:43.732+0000] {spark_submit.py:644} INFO - at org.apache.spark.scheduler.DAGScheduler.runJob(DAGScheduler.scala:952)
[2025-05-03T21:06:43.732+0000] {spark_submit.py:644} INFO - at org.apache.spark.SparkContext.runJob(SparkContext.scala:2228)
[2025-05-03T21:06:43.732+0000] {spark_submit.py:644} INFO - at org.apache.spark.sql.execution.datasources.FileFormatWriter$.write(FileFormatWriter.scala:245)
[2025-05-03T21:06:43.732+0000] {spark_submit.py:644} INFO - at org.apache.spark.sql.execution.datasources.InsertIntoHadoopFsRelationCommand.run(InsertIntoHadoopFsRelationCommand.scala:186)
[2025-05-03T21:06:43.732+0000] {spark_submit.py:644} INFO - at org.apache.spark.sql.execution.command.DataWritingCommandExec.sideEffectResult$lzycompute(commands.scala:113)
[2025-05-03T21:06:43.733+0000] {spark_submit.py:644} INFO - at org.apache.spark.sql.execution.command.DataWritingCommandExec.sideEffectResult(commands.scala:111)
[2025-05-03T21:06:43.733+0000] {spark_submit.py:644} INFO - at org.apache.spark.sql.execution.command.DataWritingCommandExec.executeCollect(commands.scala:125)
[2025-05-03T21:06:43.733+0000] {spark_submit.py:644} INFO - at org.apache.spark.sql.execution.QueryExecution$$anonfun$eagerlyExecuteCommands$1.$anonfun$applyOrElse$1(QueryExecution.scala:98)
[2025-05-03T21:06:43.733+0000] {spark_submit.py:644} INFO - at org.apache.spark.sql.execution.SQLExecution$.$anonfun$withNewExecutionId$6(SQLExecution.scala:109)
[2025-05-03T21:06:43.733+0000] {spark_submit.py:644} INFO - at org.apache.spark.sql.execution.SQLExecution$.withSQLConfPropagated(SQLExecution.scala:169)
[2025-05-03T21:06:43.733+0000] {spark_submit.py:644} INFO - at org.apache.spark.sql.execution.SQLExecution$.$anonfun$withNewExecutionId$1(SQLExecution.scala:95)
[2025-05-03T21:06:43.734+0000] {spark_submit.py:644} INFO - at org.apache.spark.sql.SparkSession.withActive(SparkSession.scala:779)
[2025-05-03T21:06:43.734+0000] {spark_submit.py:644} INFO - at org.apache.spark.sql.execution.SQLExecution$.withNewExecutionId(SQLExecution.scala:64)
[2025-05-03T21:06:43.734+0000] {spark_submit.py:644} INFO - at org.apache.spark.sql.execution.QueryExecution$$anonfun$eagerlyExecuteCommands$1.applyOrElse(QueryExecution.scala:98)
[2025-05-03T21:06:43.734+0000] {spark_submit.py:644} INFO - at org.apache.spark.sql.execution.QueryExecution$$anonfun$eagerlyExecuteCommands$1.applyOrElse(QueryExecution.scala:94)
[2025-05-03T21:06:43.734+0000] {spark_submit.py:644} INFO - at org.apache.spark.sql.catalyst.trees.TreeNode.$anonfun$transformDownWithPruning$1(TreeNode.scala:584)
[2025-05-03T21:06:43.734+0000] {spark_submit.py:644} INFO - at org.apache.spark.sql.catalyst.trees.CurrentOrigin$.withOrigin(TreeNode.scala:176)
[2025-05-03T21:06:43.735+0000] {spark_submit.py:644} INFO - at org.apache.spark.sql.catalyst.trees.TreeNode.transformDownWithPruning(TreeNode.scala:584)
[2025-05-03T21:06:43.735+0000] {spark_submit.py:644} INFO - at org.apache.spark.sql.catalyst.plans.logical.LogicalPlan.org$apache$spark$sql$catalyst$plans$logical$AnalysisHelper$$super$transformDownWithPruning(LogicalPlan.scala:30)
[2025-05-03T21:06:43.735+0000] {spark_submit.py:644} INFO - at org.apache.spark.sql.catalyst.plans.logical.AnalysisHelper.transformDownWithPruning(AnalysisHelper.scala:267)
[2025-05-03T21:06:43.735+0000] {spark_submit.py:644} INFO - at org.apache.spark.sql.catalyst.plans.logical.AnalysisHelper.transformDownWithPruning$(AnalysisHelper.scala:263)
[2025-05-03T21:06:43.735+0000] {spark_submit.py:644} INFO - at org.apache.spark.sql.catalyst.plans.logical.LogicalPlan.transformDownWithPruning(LogicalPlan.scala:30)
[2025-05-03T21:06:43.735+0000] {spark_submit.py:644} INFO - at org.apache.spark.sql.catalyst.plans.logical.LogicalPlan.transformDownWithPruning(LogicalPlan.scala:30)
[2025-05-03T21:06:43.736+0000] {spark_submit.py:644} INFO - at org.apache.spark.sql.catalyst.trees.TreeNode.transformDown(TreeNode.scala:560)
[2025-05-03T21:06:43.736+0000] {spark_submit.py:644} INFO - at org.apache.spark.sql.execution.QueryExecution.eagerlyExecuteCommands(QueryExecution.scala:94)
[2025-05-03T21:06:43.736+0000] {spark_submit.py:644} INFO - at org.apache.spark.sql.execution.QueryExecution.commandExecuted$lzycompute(QueryExecution.scala:81)
[2025-05-03T21:06:43.736+0000] {spark_submit.py:644} INFO - at org.apache.spark.sql.execution.QueryExecution.commandExecuted(QueryExecution.scala:79)
[2025-05-03T21:06:43.736+0000] {spark_submit.py:644} INFO - at org.apache.spark.sql.execution.QueryExecution.assertCommandExecuted(QueryExecution.scala:116)
[2025-05-03T21:06:43.736+0000] {spark_submit.py:644} INFO - at org.apache.spark.sql.DataFrameWriter.runCommand(DataFrameWriter.scala:860)
[2025-05-03T21:06:43.737+0000] {spark_submit.py:644} INFO - at org.apache.spark.sql.DataFrameWriter.saveToV1Source(DataFrameWriter.scala:390)
[2025-05-03T21:06:43.737+0000] {spark_submit.py:644} INFO - at org.apache.spark.sql.DataFrameWriter.saveInternal(DataFrameWriter.scala:363)
[2025-05-03T21:06:43.737+0000] {spark_submit.py:644} INFO - at org.apache.spark.sql.DataFrameWriter.save(DataFrameWriter.scala:239)
[2025-05-03T21:06:43.737+0000] {spark_submit.py:644} INFO - at org.apache.spark.sql.DataFrameWriter.parquet(DataFrameWriter.scala:793)
[2025-05-03T21:06:43.737+0000] {spark_submit.py:644} INFO - at java.base/jdk.internal.reflect.NativeMethodAccessorImpl.invoke0(Native Method)
[2025-05-03T21:06:43.738+0000] {spark_submit.py:644} INFO - at java.base/jdk.internal.reflect.NativeMethodAccessorImpl.invoke(NativeMethodAccessorImpl.java:77)
[2025-05-03T21:06:43.738+0000] {spark_submit.py:644} INFO - at java.base/jdk.internal.reflect.DelegatingMethodAccessorImpl.invoke(DelegatingMethodAccessorImpl.java:43)
[2025-05-03T21:06:43.738+0000] {spark_submit.py:644} INFO - at java.base/java.lang.reflect.Method.invoke(Method.java:569)
[2025-05-03T21:06:43.738+0000] {spark_submit.py:644} INFO - at py4j.reflection.MethodInvoker.invoke(MethodInvoker.java:244)
[2025-05-03T21:06:43.738+0000] {spark_submit.py:644} INFO - at py4j.reflection.ReflectionEngine.invoke(ReflectionEngine.java:357)
[2025-05-03T21:06:43.738+0000] {spark_submit.py:644} INFO - at py4j.Gateway.invoke(Gateway.java:282)
[2025-05-03T21:06:43.739+0000] {spark_submit.py:644} INFO - at py4j.commands.AbstractCommand.invokeMethod(AbstractCommand.java:132)
[2025-05-03T21:06:43.739+0000] {spark_submit.py:644} INFO - at py4j.commands.CallCommand.execute(CallCommand.java:79)
[2025-05-03T21:06:43.739+0000] {spark_submit.py:644} INFO - at py4j.ClientServerConnection.waitForCommands(ClientServerConnection.java:182)
[2025-05-03T21:06:43.739+0000] {spark_submit.py:644} INFO - at py4j.ClientServerConnection.run(ClientServerConnection.java:106)
[2025-05-03T21:06:43.739+0000] {spark_submit.py:644} INFO - at java.base/java.lang.Thread.run(Thread.java:840)
[2025-05-03T21:06:43.740+0000] {spark_submit.py:644} INFO - Caused by: org.apache.spark.api.python.PythonException: Traceback (most recent call last):
[2025-05-03T21:06:43.740+0000] {spark_submit.py:644} INFO - File "/spark/python/lib/pyspark.zip/pyspark/worker.py", line 547, in main
[2025-05-03T21:06:43.740+0000] {spark_submit.py:644} INFO - % ("%d.%d" % sys.version_info[:2], version)
[2025-05-03T21:06:43.740+0000] {spark_submit.py:644} INFO - RuntimeError: Python in worker has different version 3.7 than that in driver 3.11, PySpark cannot run with different minor versions. Please check environment variables PYSPARK_PYTHON and PYSPARK_DRIVER_PYTHON are correctly set.
[2025-05-03T21:06:43.740+0000] {spark_submit.py:644} INFO - 
[2025-05-03T21:06:43.741+0000] {spark_submit.py:644} INFO - at org.apache.spark.api.python.BasePythonRunner$ReaderIterator.handlePythonException(PythonRunner.scala:559)
[2025-05-03T21:06:43.741+0000] {spark_submit.py:644} INFO - at org.apache.spark.sql.execution.python.PythonUDFRunner$$anon$2.read(PythonUDFRunner.scala:86)
[2025-05-03T21:06:43.741+0000] {spark_submit.py:644} INFO - at org.apache.spark.sql.execution.python.PythonUDFRunner$$anon$2.read(PythonUDFRunner.scala:68)
[2025-05-03T21:06:43.741+0000] {spark_submit.py:644} INFO - at org.apache.spark.api.python.BasePythonRunner$ReaderIterator.hasNext(PythonRunner.scala:512)
[2025-05-03T21:06:43.741+0000] {spark_submit.py:644} INFO - at org.apache.spark.InterruptibleIterator.hasNext(InterruptibleIterator.scala:37)
[2025-05-03T21:06:43.741+0000] {spark_submit.py:644} INFO - at scala.collection.Iterator$$anon$11.hasNext(Iterator.scala:491)
[2025-05-03T21:06:43.742+0000] {spark_submit.py:644} INFO - at scala.collection.Iterator$$anon$10.hasNext(Iterator.scala:460)
[2025-05-03T21:06:43.742+0000] {spark_submit.py:644} INFO - at scala.collection.Iterator$$anon$10.hasNext(Iterator.scala:460)
[2025-05-03T21:06:43.742+0000] {spark_submit.py:644} INFO - at org.apache.spark.sql.catalyst.expressions.GeneratedClass$GeneratedIteratorForCodegenStage2.processNext(Unknown Source)
[2025-05-03T21:06:43.742+0000] {spark_submit.py:644} INFO - at org.apache.spark.sql.execution.BufferedRowIterator.hasNext(BufferedRowIterator.java:43)
[2025-05-03T21:06:43.742+0000] {spark_submit.py:644} INFO - at org.apache.spark.sql.execution.WholeStageCodegenExec$$anon$1.hasNext(WholeStageCodegenExec.scala:760)
[2025-05-03T21:06:43.742+0000] {spark_submit.py:644} INFO - at org.apache.spark.sql.execution.datasources.FileFormatWriter$.executeTask(FileFormatWriter.scala:313)
[2025-05-03T21:06:43.743+0000] {spark_submit.py:644} INFO - at org.apache.spark.sql.execution.datasources.FileFormatWriter$.$anonfun$write$21(FileFormatWriter.scala:256)
[2025-05-03T21:06:43.743+0000] {spark_submit.py:644} INFO - at org.apache.spark.scheduler.ResultTask.runTask(ResultTask.scala:90)
[2025-05-03T21:06:43.743+0000] {spark_submit.py:644} INFO - at org.apache.spark.scheduler.Task.run(Task.scala:136)
[2025-05-03T21:06:43.743+0000] {spark_submit.py:644} INFO - at org.apache.spark.executor.Executor$TaskRunner.$anonfun$run$3(Executor.scala:548)
[2025-05-03T21:06:43.743+0000] {spark_submit.py:644} INFO - at org.apache.spark.util.Utils$.tryWithSafeFinally(Utils.scala:1504)
[2025-05-03T21:06:43.743+0000] {spark_submit.py:644} INFO - at org.apache.spark.executor.Executor$TaskRunner.run(Executor.scala:551)
[2025-05-03T21:06:43.744+0000] {spark_submit.py:644} INFO - at java.util.concurrent.ThreadPoolExecutor.runWorker(ThreadPoolExecutor.java:1149)
[2025-05-03T21:06:43.744+0000] {spark_submit.py:644} INFO - at java.util.concurrent.ThreadPoolExecutor$Worker.run(ThreadPoolExecutor.java:624)
[2025-05-03T21:06:43.744+0000] {spark_submit.py:644} INFO - at java.lang.Thread.run(Thread.java:748)
[2025-05-03T21:06:43.790+0000] {spark_submit.py:644} INFO - 25/05/03 21:06:43 WARN TaskSetManager: Lost task 0.1 in stage 1.0 (TID 6) (172.19.0.6 executor 0): TaskKilled (Stage cancelled)
[2025-05-03T21:06:43.790+0000] {spark_submit.py:644} INFO - 25/05/03 21:06:43 INFO TaskSchedulerImpl: Removed TaskSet 1.0, whose tasks have all completed, from pool
[2025-05-03T21:06:43.860+0000] {spark_submit.py:644} INFO - Traceback (most recent call last):
[2025-05-03T21:06:43.860+0000] {spark_submit.py:644} INFO - File "/opt/airflow/dags/bronze_to_silver.py", line 43, in <module>
[2025-05-03T21:06:43.861+0000] {spark_submit.py:644} INFO - process_table(table)
[2025-05-03T21:06:43.861+0000] {spark_submit.py:644} INFO - File "/opt/airflow/dags/bronze_to_silver.py", line 31, in process_table
[2025-05-03T21:06:43.861+0000] {spark_submit.py:644} INFO - df_cleaned.write.mode("overwrite").parquet(silver_path)
[2025-05-03T21:06:43.861+0000] {spark_submit.py:644} INFO - File "/opt/spark/python/lib/pyspark.zip/pyspark/sql/readwriter.py", line 1140, in parquet
[2025-05-03T21:06:43.861+0000] {spark_submit.py:644} INFO - File "/opt/spark/python/lib/py4j-0.10.9.5-src.zip/py4j/java_gateway.py", line 1321, in __call__
[2025-05-03T21:06:43.861+0000] {spark_submit.py:644} INFO - File "/opt/spark/python/lib/pyspark.zip/pyspark/sql/utils.py", line 190, in deco
[2025-05-03T21:06:43.861+0000] {spark_submit.py:644} INFO - File "/opt/spark/python/lib/py4j-0.10.9.5-src.zip/py4j/protocol.py", line 326, in get_return_value
[2025-05-03T21:06:43.917+0000] {spark_submit.py:644} INFO - py4j.protocol.Py4JJavaError: An error occurred while calling o217.parquet.
[2025-05-03T21:06:43.918+0000] {spark_submit.py:644} INFO - : org.apache.spark.SparkException: Job aborted.
[2025-05-03T21:06:43.918+0000] {spark_submit.py:644} INFO - at org.apache.spark.sql.errors.QueryExecutionErrors$.jobAbortedError(QueryExecutionErrors.scala:638)
[2025-05-03T21:06:43.918+0000] {spark_submit.py:644} INFO - at org.apache.spark.sql.execution.datasources.FileFormatWriter$.write(FileFormatWriter.scala:278)
[2025-05-03T21:06:43.918+0000] {spark_submit.py:644} INFO - at org.apache.spark.sql.execution.datasources.InsertIntoHadoopFsRelationCommand.run(InsertIntoHadoopFsRelationCommand.scala:186)
[2025-05-03T21:06:43.918+0000] {spark_submit.py:644} INFO - at org.apache.spark.sql.execution.command.DataWritingCommandExec.sideEffectResult$lzycompute(commands.scala:113)
[2025-05-03T21:06:43.918+0000] {spark_submit.py:644} INFO - at org.apache.spark.sql.execution.command.DataWritingCommandExec.sideEffectResult(commands.scala:111)
[2025-05-03T21:06:43.919+0000] {spark_submit.py:644} INFO - at org.apache.spark.sql.execution.command.DataWritingCommandExec.executeCollect(commands.scala:125)
[2025-05-03T21:06:43.919+0000] {spark_submit.py:644} INFO - at org.apache.spark.sql.execution.QueryExecution$$anonfun$eagerlyExecuteCommands$1.$anonfun$applyOrElse$1(QueryExecution.scala:98)
[2025-05-03T21:06:43.919+0000] {spark_submit.py:644} INFO - at org.apache.spark.sql.execution.SQLExecution$.$anonfun$withNewExecutionId$6(SQLExecution.scala:109)
[2025-05-03T21:06:43.919+0000] {spark_submit.py:644} INFO - at org.apache.spark.sql.execution.SQLExecution$.withSQLConfPropagated(SQLExecution.scala:169)
[2025-05-03T21:06:43.919+0000] {spark_submit.py:644} INFO - at org.apache.spark.sql.execution.SQLExecution$.$anonfun$withNewExecutionId$1(SQLExecution.scala:95)
[2025-05-03T21:06:43.919+0000] {spark_submit.py:644} INFO - at org.apache.spark.sql.SparkSession.withActive(SparkSession.scala:779)
[2025-05-03T21:06:43.919+0000] {spark_submit.py:644} INFO - at org.apache.spark.sql.execution.SQLExecution$.withNewExecutionId(SQLExecution.scala:64)
[2025-05-03T21:06:43.919+0000] {spark_submit.py:644} INFO - at org.apache.spark.sql.execution.QueryExecution$$anonfun$eagerlyExecuteCommands$1.applyOrElse(QueryExecution.scala:98)
[2025-05-03T21:06:43.919+0000] {spark_submit.py:644} INFO - at org.apache.spark.sql.execution.QueryExecution$$anonfun$eagerlyExecuteCommands$1.applyOrElse(QueryExecution.scala:94)
[2025-05-03T21:06:43.919+0000] {spark_submit.py:644} INFO - at org.apache.spark.sql.catalyst.trees.TreeNode.$anonfun$transformDownWithPruning$1(TreeNode.scala:584)
[2025-05-03T21:06:43.919+0000] {spark_submit.py:644} INFO - at org.apache.spark.sql.catalyst.trees.CurrentOrigin$.withOrigin(TreeNode.scala:176)
[2025-05-03T21:06:43.919+0000] {spark_submit.py:644} INFO - at org.apache.spark.sql.catalyst.trees.TreeNode.transformDownWithPruning(TreeNode.scala:584)
[2025-05-03T21:06:43.920+0000] {spark_submit.py:644} INFO - at org.apache.spark.sql.catalyst.plans.logical.LogicalPlan.org$apache$spark$sql$catalyst$plans$logical$AnalysisHelper$$super$transformDownWithPruning(LogicalPlan.scala:30)
[2025-05-03T21:06:43.920+0000] {spark_submit.py:644} INFO - at org.apache.spark.sql.catalyst.plans.logical.AnalysisHelper.transformDownWithPruning(AnalysisHelper.scala:267)
[2025-05-03T21:06:43.920+0000] {spark_submit.py:644} INFO - at org.apache.spark.sql.catalyst.plans.logical.AnalysisHelper.transformDownWithPruning$(AnalysisHelper.scala:263)
[2025-05-03T21:06:43.920+0000] {spark_submit.py:644} INFO - at org.apache.spark.sql.catalyst.plans.logical.LogicalPlan.transformDownWithPruning(LogicalPlan.scala:30)
[2025-05-03T21:06:43.920+0000] {spark_submit.py:644} INFO - at org.apache.spark.sql.catalyst.plans.logical.LogicalPlan.transformDownWithPruning(LogicalPlan.scala:30)
[2025-05-03T21:06:43.920+0000] {spark_submit.py:644} INFO - at org.apache.spark.sql.catalyst.trees.TreeNode.transformDown(TreeNode.scala:560)
[2025-05-03T21:06:43.920+0000] {spark_submit.py:644} INFO - at org.apache.spark.sql.execution.QueryExecution.eagerlyExecuteCommands(QueryExecution.scala:94)
[2025-05-03T21:06:43.920+0000] {spark_submit.py:644} INFO - at org.apache.spark.sql.execution.QueryExecution.commandExecuted$lzycompute(QueryExecution.scala:81)
[2025-05-03T21:06:43.920+0000] {spark_submit.py:644} INFO - at org.apache.spark.sql.execution.QueryExecution.commandExecuted(QueryExecution.scala:79)
[2025-05-03T21:06:43.920+0000] {spark_submit.py:644} INFO - at org.apache.spark.sql.execution.QueryExecution.assertCommandExecuted(QueryExecution.scala:116)
[2025-05-03T21:06:43.920+0000] {spark_submit.py:644} INFO - at org.apache.spark.sql.DataFrameWriter.runCommand(DataFrameWriter.scala:860)
[2025-05-03T21:06:43.920+0000] {spark_submit.py:644} INFO - at org.apache.spark.sql.DataFrameWriter.saveToV1Source(DataFrameWriter.scala:390)
[2025-05-03T21:06:43.920+0000] {spark_submit.py:644} INFO - at org.apache.spark.sql.DataFrameWriter.saveInternal(DataFrameWriter.scala:363)
[2025-05-03T21:06:43.921+0000] {spark_submit.py:644} INFO - at org.apache.spark.sql.DataFrameWriter.save(DataFrameWriter.scala:239)
[2025-05-03T21:06:43.921+0000] {spark_submit.py:644} INFO - at org.apache.spark.sql.DataFrameWriter.parquet(DataFrameWriter.scala:793)
[2025-05-03T21:06:43.921+0000] {spark_submit.py:644} INFO - at java.base/jdk.internal.reflect.NativeMethodAccessorImpl.invoke0(Native Method)
[2025-05-03T21:06:43.921+0000] {spark_submit.py:644} INFO - at java.base/jdk.internal.reflect.NativeMethodAccessorImpl.invoke(NativeMethodAccessorImpl.java:77)
[2025-05-03T21:06:43.921+0000] {spark_submit.py:644} INFO - at java.base/jdk.internal.reflect.DelegatingMethodAccessorImpl.invoke(DelegatingMethodAccessorImpl.java:43)
[2025-05-03T21:06:43.921+0000] {spark_submit.py:644} INFO - at java.base/java.lang.reflect.Method.invoke(Method.java:569)
[2025-05-03T21:06:43.921+0000] {spark_submit.py:644} INFO - at py4j.reflection.MethodInvoker.invoke(MethodInvoker.java:244)
[2025-05-03T21:06:43.921+0000] {spark_submit.py:644} INFO - at py4j.reflection.ReflectionEngine.invoke(ReflectionEngine.java:357)
[2025-05-03T21:06:43.921+0000] {spark_submit.py:644} INFO - at py4j.Gateway.invoke(Gateway.java:282)
[2025-05-03T21:06:43.921+0000] {spark_submit.py:644} INFO - at py4j.commands.AbstractCommand.invokeMethod(AbstractCommand.java:132)
[2025-05-03T21:06:43.921+0000] {spark_submit.py:644} INFO - at py4j.commands.CallCommand.execute(CallCommand.java:79)
[2025-05-03T21:06:43.922+0000] {spark_submit.py:644} INFO - at py4j.ClientServerConnection.waitForCommands(ClientServerConnection.java:182)
[2025-05-03T21:06:43.922+0000] {spark_submit.py:644} INFO - at py4j.ClientServerConnection.run(ClientServerConnection.java:106)
[2025-05-03T21:06:43.922+0000] {spark_submit.py:644} INFO - at java.base/java.lang.Thread.run(Thread.java:840)
[2025-05-03T21:06:43.922+0000] {spark_submit.py:644} INFO - Caused by: org.apache.spark.SparkException: Job aborted due to stage failure: Task 1 in stage 1.0 failed 4 times, most recent failure: Lost task 1.3 in stage 1.0 (TID 5) (172.19.0.6 executor 0): org.apache.spark.api.python.PythonException: Traceback (most recent call last):
[2025-05-03T21:06:43.922+0000] {spark_submit.py:644} INFO - File "/spark/python/lib/pyspark.zip/pyspark/worker.py", line 547, in main
[2025-05-03T21:06:43.922+0000] {spark_submit.py:644} INFO - % ("%d.%d" % sys.version_info[:2], version)
[2025-05-03T21:06:43.922+0000] {spark_submit.py:644} INFO - RuntimeError: Python in worker has different version 3.7 than that in driver 3.11, PySpark cannot run with different minor versions. Please check environment variables PYSPARK_PYTHON and PYSPARK_DRIVER_PYTHON are correctly set.
[2025-05-03T21:06:43.922+0000] {spark_submit.py:644} INFO - 
[2025-05-03T21:06:43.922+0000] {spark_submit.py:644} INFO - at org.apache.spark.api.python.BasePythonRunner$ReaderIterator.handlePythonException(PythonRunner.scala:559)
[2025-05-03T21:06:43.922+0000] {spark_submit.py:644} INFO - at org.apache.spark.sql.execution.python.PythonUDFRunner$$anon$2.read(PythonUDFRunner.scala:86)
[2025-05-03T21:06:43.922+0000] {spark_submit.py:644} INFO - at org.apache.spark.sql.execution.python.PythonUDFRunner$$anon$2.read(PythonUDFRunner.scala:68)
[2025-05-03T21:06:43.922+0000] {spark_submit.py:644} INFO - at org.apache.spark.api.python.BasePythonRunner$ReaderIterator.hasNext(PythonRunner.scala:512)
[2025-05-03T21:06:43.922+0000] {spark_submit.py:644} INFO - at org.apache.spark.InterruptibleIterator.hasNext(InterruptibleIterator.scala:37)
[2025-05-03T21:06:43.923+0000] {spark_submit.py:644} INFO - at scala.collection.Iterator$$anon$11.hasNext(Iterator.scala:491)
[2025-05-03T21:06:43.923+0000] {spark_submit.py:644} INFO - at scala.collection.Iterator$$anon$10.hasNext(Iterator.scala:460)
[2025-05-03T21:06:43.923+0000] {spark_submit.py:644} INFO - at scala.collection.Iterator$$anon$10.hasNext(Iterator.scala:460)
[2025-05-03T21:06:43.923+0000] {spark_submit.py:644} INFO - at org.apache.spark.sql.catalyst.expressions.GeneratedClass$GeneratedIteratorForCodegenStage2.processNext(Unknown Source)
[2025-05-03T21:06:43.923+0000] {spark_submit.py:644} INFO - at org.apache.spark.sql.execution.BufferedRowIterator.hasNext(BufferedRowIterator.java:43)
[2025-05-03T21:06:43.923+0000] {spark_submit.py:644} INFO - at org.apache.spark.sql.execution.WholeStageCodegenExec$$anon$1.hasNext(WholeStageCodegenExec.scala:760)
[2025-05-03T21:06:43.923+0000] {spark_submit.py:644} INFO - at org.apache.spark.sql.execution.datasources.FileFormatWriter$.executeTask(FileFormatWriter.scala:313)
[2025-05-03T21:06:43.923+0000] {spark_submit.py:644} INFO - at org.apache.spark.sql.execution.datasources.FileFormatWriter$.$anonfun$write$21(FileFormatWriter.scala:256)
[2025-05-03T21:06:43.923+0000] {spark_submit.py:644} INFO - at org.apache.spark.scheduler.ResultTask.runTask(ResultTask.scala:90)
[2025-05-03T21:06:43.923+0000] {spark_submit.py:644} INFO - at org.apache.spark.scheduler.Task.run(Task.scala:136)
[2025-05-03T21:06:43.924+0000] {spark_submit.py:644} INFO - at org.apache.spark.executor.Executor$TaskRunner.$anonfun$run$3(Executor.scala:548)
[2025-05-03T21:06:43.924+0000] {spark_submit.py:644} INFO - at org.apache.spark.util.Utils$.tryWithSafeFinally(Utils.scala:1504)
[2025-05-03T21:06:43.924+0000] {spark_submit.py:644} INFO - at org.apache.spark.executor.Executor$TaskRunner.run(Executor.scala:551)
[2025-05-03T21:06:43.924+0000] {spark_submit.py:644} INFO - at java.util.concurrent.ThreadPoolExecutor.runWorker(ThreadPoolExecutor.java:1149)
[2025-05-03T21:06:43.924+0000] {spark_submit.py:644} INFO - at java.util.concurrent.ThreadPoolExecutor$Worker.run(ThreadPoolExecutor.java:624)
[2025-05-03T21:06:43.924+0000] {spark_submit.py:644} INFO - at java.lang.Thread.run(Thread.java:748)
[2025-05-03T21:06:43.924+0000] {spark_submit.py:644} INFO - 
[2025-05-03T21:06:43.924+0000] {spark_submit.py:644} INFO - Driver stacktrace:
[2025-05-03T21:06:43.924+0000] {spark_submit.py:644} INFO - at org.apache.spark.scheduler.DAGScheduler.failJobAndIndependentStages(DAGScheduler.scala:2672)
[2025-05-03T21:06:43.924+0000] {spark_submit.py:644} INFO - at org.apache.spark.scheduler.DAGScheduler.$anonfun$abortStage$2(DAGScheduler.scala:2608)
[2025-05-03T21:06:43.924+0000] {spark_submit.py:644} INFO - at org.apache.spark.scheduler.DAGScheduler.$anonfun$abortStage$2$adapted(DAGScheduler.scala:2607)
[2025-05-03T21:06:43.924+0000] {spark_submit.py:644} INFO - at scala.collection.mutable.ResizableArray.foreach(ResizableArray.scala:62)
[2025-05-03T21:06:43.924+0000] {spark_submit.py:644} INFO - at scala.collection.mutable.ResizableArray.foreach$(ResizableArray.scala:55)
[2025-05-03T21:06:43.925+0000] {spark_submit.py:644} INFO - at scala.collection.mutable.ArrayBuffer.foreach(ArrayBuffer.scala:49)
[2025-05-03T21:06:43.925+0000] {spark_submit.py:644} INFO - at org.apache.spark.scheduler.DAGScheduler.abortStage(DAGScheduler.scala:2607)
[2025-05-03T21:06:43.925+0000] {spark_submit.py:644} INFO - at org.apache.spark.scheduler.DAGScheduler.$anonfun$handleTaskSetFailed$1(DAGScheduler.scala:1182)
[2025-05-03T21:06:43.925+0000] {spark_submit.py:644} INFO - at org.apache.spark.scheduler.DAGScheduler.$anonfun$handleTaskSetFailed$1$adapted(DAGScheduler.scala:1182)
[2025-05-03T21:06:43.925+0000] {spark_submit.py:644} INFO - at scala.Option.foreach(Option.scala:407)
[2025-05-03T21:06:43.925+0000] {spark_submit.py:644} INFO - at org.apache.spark.scheduler.DAGScheduler.handleTaskSetFailed(DAGScheduler.scala:1182)
[2025-05-03T21:06:43.925+0000] {spark_submit.py:644} INFO - at org.apache.spark.scheduler.DAGSchedulerEventProcessLoop.doOnReceive(DAGScheduler.scala:2860)
[2025-05-03T21:06:43.925+0000] {spark_submit.py:644} INFO - at org.apache.spark.scheduler.DAGSchedulerEventProcessLoop.onReceive(DAGScheduler.scala:2802)
[2025-05-03T21:06:43.925+0000] {spark_submit.py:644} INFO - at org.apache.spark.scheduler.DAGSchedulerEventProcessLoop.onReceive(DAGScheduler.scala:2791)
[2025-05-03T21:06:43.925+0000] {spark_submit.py:644} INFO - at org.apache.spark.util.EventLoop$$anon$1.run(EventLoop.scala:49)
[2025-05-03T21:06:43.925+0000] {spark_submit.py:644} INFO - at org.apache.spark.scheduler.DAGScheduler.runJob(DAGScheduler.scala:952)
[2025-05-03T21:06:43.925+0000] {spark_submit.py:644} INFO - at org.apache.spark.SparkContext.runJob(SparkContext.scala:2228)
[2025-05-03T21:06:43.926+0000] {spark_submit.py:644} INFO - at org.apache.spark.sql.execution.datasources.FileFormatWriter$.write(FileFormatWriter.scala:245)
[2025-05-03T21:06:43.926+0000] {spark_submit.py:644} INFO - ... 42 more
[2025-05-03T21:06:43.926+0000] {spark_submit.py:644} INFO - Caused by: org.apache.spark.api.python.PythonException: Traceback (most recent call last):
[2025-05-03T21:06:43.926+0000] {spark_submit.py:644} INFO - File "/spark/python/lib/pyspark.zip/pyspark/worker.py", line 547, in main
[2025-05-03T21:06:43.926+0000] {spark_submit.py:644} INFO - % ("%d.%d" % sys.version_info[:2], version)
[2025-05-03T21:06:43.926+0000] {spark_submit.py:644} INFO - RuntimeError: Python in worker has different version 3.7 than that in driver 3.11, PySpark cannot run with different minor versions. Please check environment variables PYSPARK_PYTHON and PYSPARK_DRIVER_PYTHON are correctly set.
[2025-05-03T21:06:43.926+0000] {spark_submit.py:644} INFO - 
[2025-05-03T21:06:43.926+0000] {spark_submit.py:644} INFO - at org.apache.spark.api.python.BasePythonRunner$ReaderIterator.handlePythonException(PythonRunner.scala:559)
[2025-05-03T21:06:43.926+0000] {spark_submit.py:644} INFO - at org.apache.spark.sql.execution.python.PythonUDFRunner$$anon$2.read(PythonUDFRunner.scala:86)
[2025-05-03T21:06:43.926+0000] {spark_submit.py:644} INFO - at org.apache.spark.sql.execution.python.PythonUDFRunner$$anon$2.read(PythonUDFRunner.scala:68)
[2025-05-03T21:06:43.926+0000] {spark_submit.py:644} INFO - at org.apache.spark.api.python.BasePythonRunner$ReaderIterator.hasNext(PythonRunner.scala:512)
[2025-05-03T21:06:43.927+0000] {spark_submit.py:644} INFO - at org.apache.spark.InterruptibleIterator.hasNext(InterruptibleIterator.scala:37)
[2025-05-03T21:06:43.927+0000] {spark_submit.py:644} INFO - at scala.collection.Iterator$$anon$11.hasNext(Iterator.scala:491)
[2025-05-03T21:06:43.927+0000] {spark_submit.py:644} INFO - at scala.collection.Iterator$$anon$10.hasNext(Iterator.scala:460)
[2025-05-03T21:06:43.927+0000] {spark_submit.py:644} INFO - at scala.collection.Iterator$$anon$10.hasNext(Iterator.scala:460)
[2025-05-03T21:06:43.927+0000] {spark_submit.py:644} INFO - at org.apache.spark.sql.catalyst.expressions.GeneratedClass$GeneratedIteratorForCodegenStage2.processNext(Unknown Source)
[2025-05-03T21:06:43.927+0000] {spark_submit.py:644} INFO - at org.apache.spark.sql.execution.BufferedRowIterator.hasNext(BufferedRowIterator.java:43)
[2025-05-03T21:06:43.927+0000] {spark_submit.py:644} INFO - at org.apache.spark.sql.execution.WholeStageCodegenExec$$anon$1.hasNext(WholeStageCodegenExec.scala:760)
[2025-05-03T21:06:43.927+0000] {spark_submit.py:644} INFO - at org.apache.spark.sql.execution.datasources.FileFormatWriter$.executeTask(FileFormatWriter.scala:313)
[2025-05-03T21:06:43.927+0000] {spark_submit.py:644} INFO - at org.apache.spark.sql.execution.datasources.FileFormatWriter$.$anonfun$write$21(FileFormatWriter.scala:256)
[2025-05-03T21:06:43.927+0000] {spark_submit.py:644} INFO - at org.apache.spark.scheduler.ResultTask.runTask(ResultTask.scala:90)
[2025-05-03T21:06:43.927+0000] {spark_submit.py:644} INFO - at org.apache.spark.scheduler.Task.run(Task.scala:136)
[2025-05-03T21:06:43.927+0000] {spark_submit.py:644} INFO - at org.apache.spark.executor.Executor$TaskRunner.$anonfun$run$3(Executor.scala:548)
[2025-05-03T21:06:43.927+0000] {spark_submit.py:644} INFO - at org.apache.spark.util.Utils$.tryWithSafeFinally(Utils.scala:1504)
[2025-05-03T21:06:43.928+0000] {spark_submit.py:644} INFO - at org.apache.spark.executor.Executor$TaskRunner.run(Executor.scala:551)
[2025-05-03T21:06:43.928+0000] {spark_submit.py:644} INFO - at java.util.concurrent.ThreadPoolExecutor.runWorker(ThreadPoolExecutor.java:1149)
[2025-05-03T21:06:43.928+0000] {spark_submit.py:644} INFO - at java.util.concurrent.ThreadPoolExecutor$Worker.run(ThreadPoolExecutor.java:624)
[2025-05-03T21:06:43.928+0000] {spark_submit.py:644} INFO - at java.lang.Thread.run(Thread.java:748)
[2025-05-03T21:06:43.928+0000] {spark_submit.py:644} INFO - 
[2025-05-03T21:06:43.942+0000] {spark_submit.py:644} INFO - 25/05/03 21:06:43 INFO SparkContext: Invoking stop() from shutdown hook
[2025-05-03T21:06:43.951+0000] {spark_submit.py:644} INFO - 25/05/03 21:06:43 INFO SparkUI: Stopped Spark web UI at http://1bb5553dcc3e:4040
[2025-05-03T21:06:43.954+0000] {spark_submit.py:644} INFO - 25/05/03 21:06:43 INFO StandaloneSchedulerBackend: Shutting down all executors
[2025-05-03T21:06:43.955+0000] {spark_submit.py:644} INFO - 25/05/03 21:06:43 INFO CoarseGrainedSchedulerBackend$DriverEndpoint: Asking each executor to shut down
[2025-05-03T21:06:43.969+0000] {spark_submit.py:644} INFO - 25/05/03 21:06:43 INFO MapOutputTrackerMasterEndpoint: MapOutputTrackerMasterEndpoint stopped!
[2025-05-03T21:06:43.986+0000] {spark_submit.py:644} INFO - 25/05/03 21:06:43 INFO MemoryStore: MemoryStore cleared
[2025-05-03T21:06:43.986+0000] {spark_submit.py:644} INFO - 25/05/03 21:06:43 INFO BlockManager: BlockManager stopped
[2025-05-03T21:06:43.990+0000] {spark_submit.py:644} INFO - 25/05/03 21:06:43 INFO BlockManagerMaster: BlockManagerMaster stopped
[2025-05-03T21:06:43.992+0000] {spark_submit.py:644} INFO - 25/05/03 21:06:43 INFO OutputCommitCoordinator$OutputCommitCoordinatorEndpoint: OutputCommitCoordinator stopped!
[2025-05-03T21:06:44.011+0000] {spark_submit.py:644} INFO - 25/05/03 21:06:44 INFO SparkContext: Successfully stopped SparkContext
[2025-05-03T21:06:44.013+0000] {spark_submit.py:644} INFO - 25/05/03 21:06:44 INFO ShutdownHookManager: Shutdown hook called
[2025-05-03T21:06:44.014+0000] {spark_submit.py:644} INFO - 25/05/03 21:06:44 INFO ShutdownHookManager: Deleting directory /tmp/spark-e1d00034-17d7-4c20-96f3-b4aeea149c59
[2025-05-03T21:06:44.019+0000] {spark_submit.py:644} INFO - 25/05/03 21:06:44 INFO ShutdownHookManager: Deleting directory /tmp/spark-49f82d0c-0950-4f45-9fb9-0df790834099/pyspark-b93e3c9e-f772-45a0-9e70-e7f9386bb9a5
[2025-05-03T21:06:44.022+0000] {spark_submit.py:644} INFO - 25/05/03 21:06:44 INFO ShutdownHookManager: Deleting directory /tmp/spark-49f82d0c-0950-4f45-9fb9-0df790834099
[2025-05-03T21:06:44.057+0000] {taskinstance.py:441} INFO - ::group::Post task execution logs
[2025-05-03T21:06:44.102+0000] {taskinstance.py:2905} ERROR - Task failed with exception
Traceback (most recent call last):
  File "/home/airflow/.local/lib/python3.10/site-packages/airflow/models/taskinstance.py", line 465, in _execute_task
    result = _execute_callable(context=context, **execute_callable_kwargs)
  File "/home/airflow/.local/lib/python3.10/site-packages/airflow/models/taskinstance.py", line 432, in _execute_callable
    return execute_callable(context=context, **execute_callable_kwargs)
  File "/home/airflow/.local/lib/python3.10/site-packages/airflow/models/baseoperator.py", line 400, in wrapper
    return func(self, *args, **kwargs)
  File "/home/airflow/.local/lib/python3.10/site-packages/airflow/providers/apache/spark/operators/spark_submit.py", line 197, in execute
    self._hook.submit(self.application)
  File "/home/airflow/.local/lib/python3.10/site-packages/airflow/providers/apache/spark/hooks/spark_submit.py", line 566, in submit
    raise AirflowException(
airflow.exceptions.AirflowException: Cannot execute: spark-submit --master spark://spark-master:7077 --conf spark.master=spark://spark-master:7077 --conf spark.pyspark.python=/usr/bin/python3 --name BronzeToSilver --verbose --queue root.default --deploy-mode client /opt/airflow/dags/bronze_to_silver.py. Error code is: 1.
[2025-05-03T21:06:44.108+0000] {taskinstance.py:1206} INFO - Marking task as FAILED. dag_id=final_project_BBDL, task_id=BronzeToSilver, run_id=manual__2025-05-03T21:06:06.244704+00:00, execution_date=20250503T210606, start_date=20250503T210631, end_date=20250503T210644
[2025-05-03T21:06:44.160+0000] {standard_task_runner.py:110} ERROR - Failed to execute job 77 for task BronzeToSilver (Cannot execute: spark-submit --master spark://spark-master:7077 --conf spark.master=spark://spark-master:7077 --conf spark.pyspark.python=/usr/bin/python3 --name BronzeToSilver --verbose --queue root.default --deploy-mode client /opt/airflow/dags/bronze_to_silver.py. Error code is: 1.; 1957)
[2025-05-03T21:06:44.207+0000] {local_task_job_runner.py:240} INFO - Task exited with return code 1
[2025-05-03T21:06:44.252+0000] {taskinstance.py:3498} INFO - 0 downstream tasks scheduled from follow-on schedule check
[2025-05-03T21:06:44.285+0000] {local_task_job_runner.py:222} INFO - ::endgroup::
