[2025-05-04T12:37:34.392+0000] {local_task_job_runner.py:120} INFO - ::group::Pre task execution logs
[2025-05-04T12:37:34.445+0000] {taskinstance.py:2076} INFO - Dependencies all met for dep_context=non-requeueable deps ti=<TaskInstance: final_project_BBDL.BronzeToSilver manual__2025-05-04T12:37:11.774515+00:00 [queued]>
[2025-05-04T12:37:34.454+0000] {taskinstance.py:2076} INFO - Dependencies all met for dep_context=requeueable deps ti=<TaskInstance: final_project_BBDL.BronzeToSilver manual__2025-05-04T12:37:11.774515+00:00 [queued]>
[2025-05-04T12:37:34.454+0000] {taskinstance.py:2306} INFO - Starting attempt 1 of 1
[2025-05-04T12:37:34.489+0000] {taskinstance.py:2330} INFO - Executing <Task(SparkSubmitOperator): BronzeToSilver> on 2025-05-04 12:37:11.774515+00:00
[2025-05-04T12:37:34.493+0000] {standard_task_runner.py:63} INFO - Started process 581 to run task
[2025-05-04T12:37:34.496+0000] {standard_task_runner.py:90} INFO - Running: ['airflow', 'tasks', 'run', 'final_project_BBDL', 'BronzeToSilver', 'manual__2025-05-04T12:37:11.774515+00:00', '--job-id', '4', '--raw', '--subdir', 'DAGS_FOLDER/project_solution.py', '--cfg-path', '/tmp/tmpmf5722uq']
[2025-05-04T12:37:34.498+0000] {standard_task_runner.py:91} INFO - Job 4: Subtask BronzeToSilver
[2025-05-04T12:37:34.562+0000] {logging_mixin.py:188} WARNING - /home/airflow/.local/lib/python3.10/site-packages/airflow/settings.py:195 DeprecationWarning: The sql_alchemy_conn option in [core] has been moved to the sql_alchemy_conn option in [database] - the old setting has been used, but please update your config.
[2025-05-04T12:37:34.642+0000] {task_command.py:426} INFO - Running <TaskInstance: final_project_BBDL.BronzeToSilver manual__2025-05-04T12:37:11.774515+00:00 [running]> on host 46ac33aab208
[2025-05-04T12:37:34.852+0000] {taskinstance.py:2648} INFO - Exporting env vars: AIRFLOW_CTX_DAG_OWNER='airflow' AIRFLOW_CTX_DAG_ID='final_project_BBDL' AIRFLOW_CTX_TASK_ID='BronzeToSilver' AIRFLOW_CTX_EXECUTION_DATE='2025-05-04T12:37:11.774515+00:00' AIRFLOW_CTX_TRY_NUMBER='1' AIRFLOW_CTX_DAG_RUN_ID='manual__2025-05-04T12:37:11.774515+00:00'
[2025-05-04T12:37:34.852+0000] {taskinstance.py:430} INFO - ::endgroup::
[2025-05-04T12:37:34.902+0000] {base.py:84} INFO - Using connection ID 'spark_default' for task execution.
[2025-05-04T12:37:34.903+0000] {spark_submit.py:474} INFO - Spark-Submit cmd: spark-submit --master spark://spark-master:7077 --conf spark.master=spark://spark-master:7077 --conf spark.pyspark.python=/usr/local/bin/python3 --name BronzeToSilver --verbose --queue root.default --deploy-mode client /opt/airflow/dags/bronze_to_silver.py
[2025-05-04T12:37:36.044+0000] {spark_submit.py:644} INFO - Using properties file: null
[2025-05-04T12:37:36.153+0000] {spark_submit.py:644} INFO - Parsed arguments:
[2025-05-04T12:37:36.154+0000] {spark_submit.py:644} INFO - master                  spark://spark-master:7077
[2025-05-04T12:37:36.154+0000] {spark_submit.py:644} INFO - deployMode              client
[2025-05-04T12:37:36.154+0000] {spark_submit.py:644} INFO - executorMemory          null
[2025-05-04T12:37:36.154+0000] {spark_submit.py:644} INFO - executorCores           null
[2025-05-04T12:37:36.155+0000] {spark_submit.py:644} INFO - totalExecutorCores      null
[2025-05-04T12:37:36.155+0000] {spark_submit.py:644} INFO - propertiesFile          null
[2025-05-04T12:37:36.155+0000] {spark_submit.py:644} INFO - driverMemory            null
[2025-05-04T12:37:36.155+0000] {spark_submit.py:644} INFO - driverCores             null
[2025-05-04T12:37:36.155+0000] {spark_submit.py:644} INFO - driverExtraClassPath    null
[2025-05-04T12:37:36.155+0000] {spark_submit.py:644} INFO - driverExtraLibraryPath  null
[2025-05-04T12:37:36.155+0000] {spark_submit.py:644} INFO - driverExtraJavaOptions  null
[2025-05-04T12:37:36.156+0000] {spark_submit.py:644} INFO - supervise               false
[2025-05-04T12:37:36.156+0000] {spark_submit.py:644} INFO - queue                   root.default
[2025-05-04T12:37:36.156+0000] {spark_submit.py:644} INFO - numExecutors            null
[2025-05-04T12:37:36.156+0000] {spark_submit.py:644} INFO - files                   null
[2025-05-04T12:37:36.156+0000] {spark_submit.py:644} INFO - pyFiles                 null
[2025-05-04T12:37:36.156+0000] {spark_submit.py:644} INFO - archives                null
[2025-05-04T12:37:36.156+0000] {spark_submit.py:644} INFO - mainClass               null
[2025-05-04T12:37:36.157+0000] {spark_submit.py:644} INFO - primaryResource         file:/opt/airflow/dags/bronze_to_silver.py
[2025-05-04T12:37:36.157+0000] {spark_submit.py:644} INFO - name                    BronzeToSilver
[2025-05-04T12:37:36.157+0000] {spark_submit.py:644} INFO - childArgs               []
[2025-05-04T12:37:36.157+0000] {spark_submit.py:644} INFO - jars                    null
[2025-05-04T12:37:36.157+0000] {spark_submit.py:644} INFO - packages                null
[2025-05-04T12:37:36.157+0000] {spark_submit.py:644} INFO - packagesExclusions      null
[2025-05-04T12:37:36.157+0000] {spark_submit.py:644} INFO - repositories            null
[2025-05-04T12:37:36.157+0000] {spark_submit.py:644} INFO - verbose                 true
[2025-05-04T12:37:36.158+0000] {spark_submit.py:644} INFO - 
[2025-05-04T12:37:36.158+0000] {spark_submit.py:644} INFO - Spark properties used, including those specified through
[2025-05-04T12:37:36.158+0000] {spark_submit.py:644} INFO - --conf and those from the properties file null:
[2025-05-04T12:37:36.158+0000] {spark_submit.py:644} INFO - (spark.master,spark://spark-master:7077)
[2025-05-04T12:37:36.158+0000] {spark_submit.py:644} INFO - (spark.pyspark.python,/usr/local/bin/python3)
[2025-05-04T12:37:36.158+0000] {spark_submit.py:644} INFO - 
[2025-05-04T12:37:36.159+0000] {spark_submit.py:644} INFO - 
[2025-05-04T12:37:36.517+0000] {spark_submit.py:644} INFO - Main class:
[2025-05-04T12:37:36.518+0000] {spark_submit.py:644} INFO - org.apache.spark.deploy.PythonRunner
[2025-05-04T12:37:36.518+0000] {spark_submit.py:644} INFO - Arguments:
[2025-05-04T12:37:36.518+0000] {spark_submit.py:644} INFO - file:/opt/airflow/dags/bronze_to_silver.py
[2025-05-04T12:37:36.519+0000] {spark_submit.py:644} INFO - null
[2025-05-04T12:37:36.520+0000] {spark_submit.py:644} INFO - Spark config:
[2025-05-04T12:37:36.521+0000] {spark_submit.py:644} INFO - (spark.app.name,BronzeToSilver)
[2025-05-04T12:37:36.521+0000] {spark_submit.py:644} INFO - (spark.app.submitTime,1746362256496)
[2025-05-04T12:37:36.521+0000] {spark_submit.py:644} INFO - (spark.master,spark://spark-master:7077)
[2025-05-04T12:37:36.521+0000] {spark_submit.py:644} INFO - (spark.pyspark.python,/usr/local/bin/python3)
[2025-05-04T12:37:36.521+0000] {spark_submit.py:644} INFO - (spark.submit.deployMode,client)
[2025-05-04T12:37:36.522+0000] {spark_submit.py:644} INFO - (spark.submit.pyFiles,)
[2025-05-04T12:37:36.522+0000] {spark_submit.py:644} INFO - Classpath elements:
[2025-05-04T12:37:36.522+0000] {spark_submit.py:644} INFO - 
[2025-05-04T12:37:36.522+0000] {spark_submit.py:644} INFO - 
[2025-05-04T12:37:36.523+0000] {spark_submit.py:644} INFO - 
[2025-05-04T12:37:37.115+0000] {spark_submit.py:644} INFO - 25/05/04 12:37:37 INFO SparkContext: Running Spark version 3.3.0
[2025-05-04T12:37:37.171+0000] {spark_submit.py:644} INFO - 25/05/04 12:37:37 WARN NativeCodeLoader: Unable to load native-hadoop library for your platform... using builtin-java classes where applicable
[2025-05-04T12:37:37.267+0000] {spark_submit.py:644} INFO - 25/05/04 12:37:37 INFO ResourceUtils: ==============================================================
[2025-05-04T12:37:37.267+0000] {spark_submit.py:644} INFO - 25/05/04 12:37:37 INFO ResourceUtils: No custom resources configured for spark.driver.
[2025-05-04T12:37:37.268+0000] {spark_submit.py:644} INFO - 25/05/04 12:37:37 INFO ResourceUtils: ==============================================================
[2025-05-04T12:37:37.268+0000] {spark_submit.py:644} INFO - 25/05/04 12:37:37 INFO SparkContext: Submitted application: Bronze to Silver ETL
[2025-05-04T12:37:37.289+0000] {spark_submit.py:644} INFO - 25/05/04 12:37:37 INFO ResourceProfile: Default ResourceProfile created, executor resources: Map(cores -> name: cores, amount: 1, script: , vendor: , memory -> name: memory, amount: 1024, script: , vendor: , offHeap -> name: offHeap, amount: 0, script: , vendor: ), task resources: Map(cpus -> name: cpus, amount: 1.0)
[2025-05-04T12:37:37.296+0000] {spark_submit.py:644} INFO - 25/05/04 12:37:37 INFO ResourceProfile: Limiting resource is cpu
[2025-05-04T12:37:37.297+0000] {spark_submit.py:644} INFO - 25/05/04 12:37:37 INFO ResourceProfileManager: Added ResourceProfile id: 0
[2025-05-04T12:37:37.346+0000] {spark_submit.py:644} INFO - 25/05/04 12:37:37 INFO SecurityManager: Changing view acls to: root
[2025-05-04T12:37:37.347+0000] {spark_submit.py:644} INFO - 25/05/04 12:37:37 INFO SecurityManager: Changing modify acls to: root
[2025-05-04T12:37:37.348+0000] {spark_submit.py:644} INFO - 25/05/04 12:37:37 INFO SecurityManager: Changing view acls groups to:
[2025-05-04T12:37:37.348+0000] {spark_submit.py:644} INFO - 25/05/04 12:37:37 INFO SecurityManager: Changing modify acls groups to:
[2025-05-04T12:37:37.349+0000] {spark_submit.py:644} INFO - 25/05/04 12:37:37 INFO SecurityManager: SecurityManager: authentication disabled; ui acls disabled; users  with view permissions: Set(root); groups with view permissions: Set(); users  with modify permissions: Set(root); groups with modify permissions: Set()
[2025-05-04T12:37:37.614+0000] {spark_submit.py:644} INFO - 25/05/04 12:37:37 INFO Utils: Successfully started service 'sparkDriver' on port 41839.
[2025-05-04T12:37:37.648+0000] {spark_submit.py:644} INFO - 25/05/04 12:37:37 INFO SparkEnv: Registering MapOutputTracker
[2025-05-04T12:37:37.692+0000] {spark_submit.py:644} INFO - 25/05/04 12:37:37 INFO SparkEnv: Registering BlockManagerMaster
[2025-05-04T12:37:37.715+0000] {spark_submit.py:644} INFO - 25/05/04 12:37:37 INFO BlockManagerMasterEndpoint: Using org.apache.spark.storage.DefaultTopologyMapper for getting topology information
[2025-05-04T12:37:37.715+0000] {spark_submit.py:644} INFO - 25/05/04 12:37:37 INFO BlockManagerMasterEndpoint: BlockManagerMasterEndpoint up
[2025-05-04T12:37:37.725+0000] {spark_submit.py:644} INFO - 25/05/04 12:37:37 INFO SparkEnv: Registering BlockManagerMasterHeartbeat
[2025-05-04T12:37:37.749+0000] {spark_submit.py:644} INFO - 25/05/04 12:37:37 INFO DiskBlockManager: Created local directory at /tmp/blockmgr-87bb85b3-87bc-4440-8566-be64bdd4a7be
[2025-05-04T12:37:37.769+0000] {spark_submit.py:644} INFO - 25/05/04 12:37:37 INFO MemoryStore: MemoryStore started with capacity 434.4 MiB
[2025-05-04T12:37:37.786+0000] {spark_submit.py:644} INFO - 25/05/04 12:37:37 INFO SparkEnv: Registering OutputCommitCoordinator
[2025-05-04T12:37:37.958+0000] {spark_submit.py:644} INFO - 25/05/04 12:37:37 INFO Utils: Successfully started service 'SparkUI' on port 4040.
[2025-05-04T12:37:38.093+0000] {spark_submit.py:644} INFO - 25/05/04 12:37:38 INFO StandaloneAppClient$ClientEndpoint: Connecting to master spark://spark-master:7077...
[2025-05-04T12:37:38.136+0000] {spark_submit.py:644} INFO - 25/05/04 12:37:38 INFO TransportClientFactory: Successfully created connection to spark-master/172.19.0.4:7077 after 23 ms (0 ms spent in bootstraps)
[2025-05-04T12:37:38.210+0000] {spark_submit.py:644} INFO - 25/05/04 12:37:38 INFO StandaloneSchedulerBackend: Connected to Spark cluster with app ID app-20250504123738-0001
[2025-05-04T12:37:38.215+0000] {spark_submit.py:644} INFO - 25/05/04 12:37:38 INFO StandaloneAppClient$ClientEndpoint: Executor added: app-20250504123738-0001/0 on worker-20250504122951-172.19.0.7-39065 (172.19.0.7:39065) with 2 core(s)
[2025-05-04T12:37:38.220+0000] {spark_submit.py:644} INFO - 25/05/04 12:37:38 INFO StandaloneSchedulerBackend: Granted executor ID app-20250504123738-0001/0 on hostPort 172.19.0.7:39065 with 2 core(s), 1024.0 MiB RAM
[2025-05-04T12:37:38.222+0000] {spark_submit.py:644} INFO - 25/05/04 12:37:38 INFO Utils: Successfully started service 'org.apache.spark.network.netty.NettyBlockTransferService' on port 46297.
[2025-05-04T12:37:38.222+0000] {spark_submit.py:644} INFO - 25/05/04 12:37:38 INFO NettyBlockTransferService: Server created on 46ac33aab208:46297
[2025-05-04T12:37:38.224+0000] {spark_submit.py:644} INFO - 25/05/04 12:37:38 INFO BlockManager: Using org.apache.spark.storage.RandomBlockReplicationPolicy for block replication policy
[2025-05-04T12:37:38.231+0000] {spark_submit.py:644} INFO - 25/05/04 12:37:38 INFO BlockManagerMaster: Registering BlockManager BlockManagerId(driver, 46ac33aab208, 46297, None)
[2025-05-04T12:37:38.235+0000] {spark_submit.py:644} INFO - 25/05/04 12:37:38 INFO BlockManagerMasterEndpoint: Registering block manager 46ac33aab208:46297 with 434.4 MiB RAM, BlockManagerId(driver, 46ac33aab208, 46297, None)
[2025-05-04T12:37:38.238+0000] {spark_submit.py:644} INFO - 25/05/04 12:37:38 INFO BlockManagerMaster: Registered BlockManager BlockManagerId(driver, 46ac33aab208, 46297, None)
[2025-05-04T12:37:38.241+0000] {spark_submit.py:644} INFO - 25/05/04 12:37:38 INFO BlockManager: Initialized BlockManager: BlockManagerId(driver, 46ac33aab208, 46297, None)
[2025-05-04T12:37:38.271+0000] {spark_submit.py:644} INFO - 25/05/04 12:37:38 INFO StandaloneAppClient$ClientEndpoint: Executor updated: app-20250504123738-0001/0 is now RUNNING
[2025-05-04T12:37:38.474+0000] {spark_submit.py:644} INFO - 25/05/04 12:37:38 INFO StandaloneSchedulerBackend: SchedulerBackend is ready for scheduling beginning after reached minRegisteredResourcesRatio: 0.0
[2025-05-04T12:37:38.628+0000] {spark_submit.py:644} INFO - 🔍 Читання з: /tmp/spark_data/bronze/athlete_event_results/20250504_*
[2025-05-04T12:37:38.676+0000] {spark_submit.py:644} INFO - 25/05/04 12:37:38 INFO SharedState: Setting hive.metastore.warehouse.dir ('null') to the value of spark.sql.warehouse.dir.
[2025-05-04T12:37:38.682+0000] {spark_submit.py:644} INFO - 25/05/04 12:37:38 INFO SharedState: Warehouse path is 'file:/opt/airflow/spark-warehouse'.
[2025-05-04T12:37:39.375+0000] {spark_submit.py:644} INFO - 25/05/04 12:37:39 INFO InMemoryFileIndex: It took 42 ms to list leaf files for 2 paths.
[2025-05-04T12:37:39.802+0000] {spark_submit.py:644} INFO - 25/05/04 12:37:39 INFO SparkContext: Starting job: load at NativeMethodAccessorImpl.java:0
[2025-05-04T12:37:39.821+0000] {spark_submit.py:644} INFO - 25/05/04 12:37:39 INFO DAGScheduler: Got job 0 (load at NativeMethodAccessorImpl.java:0) with 1 output partitions
[2025-05-04T12:37:39.822+0000] {spark_submit.py:644} INFO - 25/05/04 12:37:39 INFO DAGScheduler: Final stage: ResultStage 0 (load at NativeMethodAccessorImpl.java:0)
[2025-05-04T12:37:39.823+0000] {spark_submit.py:644} INFO - 25/05/04 12:37:39 INFO DAGScheduler: Parents of final stage: List()
[2025-05-04T12:37:39.825+0000] {spark_submit.py:644} INFO - 25/05/04 12:37:39 INFO DAGScheduler: Missing parents: List()
[2025-05-04T12:37:39.830+0000] {spark_submit.py:644} INFO - 25/05/04 12:37:39 INFO DAGScheduler: Submitting ResultStage 0 (MapPartitionsRDD[1] at load at NativeMethodAccessorImpl.java:0), which has no missing parents
[2025-05-04T12:37:39.890+0000] {spark_submit.py:644} INFO - 25/05/04 12:37:39 INFO MemoryStore: Block broadcast_0 stored as values in memory (estimated size 102.7 KiB, free 434.3 MiB)
[2025-05-04T12:37:39.921+0000] {spark_submit.py:644} INFO - 25/05/04 12:37:39 INFO MemoryStore: Block broadcast_0_piece0 stored as bytes in memory (estimated size 36.8 KiB, free 434.3 MiB)
[2025-05-04T12:37:39.925+0000] {spark_submit.py:644} INFO - 25/05/04 12:37:39 INFO BlockManagerInfo: Added broadcast_0_piece0 in memory on 46ac33aab208:46297 (size: 36.8 KiB, free: 434.4 MiB)
[2025-05-04T12:37:39.929+0000] {spark_submit.py:644} INFO - 25/05/04 12:37:39 INFO SparkContext: Created broadcast 0 from broadcast at DAGScheduler.scala:1513
[2025-05-04T12:37:39.951+0000] {spark_submit.py:644} INFO - 25/05/04 12:37:39 INFO DAGScheduler: Submitting 1 missing tasks from ResultStage 0 (MapPartitionsRDD[1] at load at NativeMethodAccessorImpl.java:0) (first 15 tasks are for partitions Vector(0))
[2025-05-04T12:37:39.952+0000] {spark_submit.py:644} INFO - 25/05/04 12:37:39 INFO TaskSchedulerImpl: Adding task set 0.0 with 1 tasks resource profile 0
[2025-05-04T12:37:41.039+0000] {spark_submit.py:644} INFO - 25/05/04 12:37:41 INFO CoarseGrainedSchedulerBackend$DriverEndpoint: Registered executor NettyRpcEndpointRef(spark-client://Executor) (172.19.0.7:45794) with ID 0,  ResourceProfileId 0
[2025-05-04T12:37:41.104+0000] {spark_submit.py:644} INFO - 25/05/04 12:37:41 INFO BlockManagerMasterEndpoint: Registering block manager 172.19.0.7:39267 with 366.3 MiB RAM, BlockManagerId(0, 172.19.0.7, 39267, None)
[2025-05-04T12:37:41.153+0000] {spark_submit.py:644} INFO - 25/05/04 12:37:41 INFO TaskSetManager: Starting task 0.0 in stage 0.0 (TID 0) (172.19.0.7, executor 0, partition 0, PROCESS_LOCAL, 4685 bytes) taskResourceAssignments Map()
[2025-05-04T12:37:41.378+0000] {spark_submit.py:644} INFO - 25/05/04 12:37:41 INFO BlockManagerInfo: Added broadcast_0_piece0 in memory on 172.19.0.7:39267 (size: 36.8 KiB, free: 366.3 MiB)
[2025-05-04T12:37:42.412+0000] {spark_submit.py:644} INFO - 25/05/04 12:37:42 INFO TaskSetManager: Finished task 0.0 in stage 0.0 (TID 0) in 1268 ms on 172.19.0.7 (executor 0) (1/1)
[2025-05-04T12:37:42.414+0000] {spark_submit.py:644} INFO - 25/05/04 12:37:42 INFO TaskSchedulerImpl: Removed TaskSet 0.0, whose tasks have all completed, from pool
[2025-05-04T12:37:42.427+0000] {spark_submit.py:644} INFO - 25/05/04 12:37:42 INFO DAGScheduler: ResultStage 0 (load at NativeMethodAccessorImpl.java:0) finished in 2.581 s
[2025-05-04T12:37:42.434+0000] {spark_submit.py:644} INFO - 25/05/04 12:37:42 INFO DAGScheduler: Job 0 is finished. Cancelling potential speculative or zombie tasks for this job
[2025-05-04T12:37:42.434+0000] {spark_submit.py:644} INFO - 25/05/04 12:37:42 INFO TaskSchedulerImpl: Killing all running tasks in stage 0: Stage finished
[2025-05-04T12:37:42.437+0000] {spark_submit.py:644} INFO - 25/05/04 12:37:42 INFO DAGScheduler: Job 0 finished: load at NativeMethodAccessorImpl.java:0, took 2.633544 s
[2025-05-04T12:37:42.824+0000] {spark_submit.py:644} INFO - 25/05/04 12:37:42 INFO BlockManagerInfo: Removed broadcast_0_piece0 on 46ac33aab208:46297 in memory (size: 36.8 KiB, free: 434.4 MiB)
[2025-05-04T12:37:42.834+0000] {spark_submit.py:644} INFO - 25/05/04 12:37:42 INFO BlockManagerInfo: Removed broadcast_0_piece0 on 172.19.0.7:39267 in memory (size: 36.8 KiB, free: 366.3 MiB)
[2025-05-04T12:37:43.647+0000] {spark_submit.py:644} INFO - 🧼 Чищення датафрейму...
[2025-05-04T12:37:44.104+0000] {spark_submit.py:644} INFO - 💾 Збереження до Silver рівня: /tmp/spark_data/silver/athlete_event_results/20250504
[2025-05-04T12:37:44.393+0000] {spark_submit.py:644} INFO - 25/05/04 12:37:44 INFO FileSourceStrategy: Pushed Filters:
[2025-05-04T12:37:44.393+0000] {spark_submit.py:644} INFO - 25/05/04 12:37:44 INFO FileSourceStrategy: Post-Scan Filters:
[2025-05-04T12:37:44.395+0000] {spark_submit.py:644} INFO - 25/05/04 12:37:44 INFO FileSourceStrategy: Output Data Schema: struct<edition: string, edition_id: string, country_noc: string, sport: string, event: string ... 9 more fields>
[2025-05-04T12:37:44.500+0000] {spark_submit.py:644} INFO - 25/05/04 12:37:44 INFO ParquetFileFormat: Using default output committer for Parquet: org.apache.parquet.hadoop.ParquetOutputCommitter
[2025-05-04T12:37:44.519+0000] {spark_submit.py:644} INFO - 25/05/04 12:37:44 INFO FileOutputCommitter: File Output Committer Algorithm version is 1
[2025-05-04T12:37:44.520+0000] {spark_submit.py:644} INFO - 25/05/04 12:37:44 INFO FileOutputCommitter: FileOutputCommitter skip cleanup _temporary folders under output directory:false, ignore cleanup failures: false
[2025-05-04T12:37:44.521+0000] {spark_submit.py:644} INFO - 25/05/04 12:37:44 INFO SQLHadoopMapReduceCommitProtocol: Using user defined output committer class org.apache.parquet.hadoop.ParquetOutputCommitter
[2025-05-04T12:37:44.521+0000] {spark_submit.py:644} INFO - 25/05/04 12:37:44 INFO FileOutputCommitter: File Output Committer Algorithm version is 1
[2025-05-04T12:37:44.521+0000] {spark_submit.py:644} INFO - 25/05/04 12:37:44 INFO FileOutputCommitter: FileOutputCommitter skip cleanup _temporary folders under output directory:false, ignore cleanup failures: false
[2025-05-04T12:37:44.522+0000] {spark_submit.py:644} INFO - 25/05/04 12:37:44 INFO SQLHadoopMapReduceCommitProtocol: Using output committer class org.apache.parquet.hadoop.ParquetOutputCommitter
[2025-05-04T12:37:44.723+0000] {spark_submit.py:644} INFO - 25/05/04 12:37:44 INFO CodeGenerator: Code generated in 125.518635 ms
[2025-05-04T12:37:44.984+0000] {spark_submit.py:644} INFO - 25/05/04 12:37:44 INFO CodeGenerator: Code generated in 52.750943 ms
[2025-05-04T12:37:45.022+0000] {spark_submit.py:644} INFO - 25/05/04 12:37:45 INFO MemoryStore: Block broadcast_1 stored as values in memory (estimated size 201.8 KiB, free 434.2 MiB)
[2025-05-04T12:37:45.033+0000] {spark_submit.py:644} INFO - 25/05/04 12:37:45 INFO MemoryStore: Block broadcast_1_piece0 stored as bytes in memory (estimated size 34.7 KiB, free 434.2 MiB)
[2025-05-04T12:37:45.034+0000] {spark_submit.py:644} INFO - 25/05/04 12:37:45 INFO BlockManagerInfo: Added broadcast_1_piece0 in memory on 46ac33aab208:46297 (size: 34.7 KiB, free: 434.4 MiB)
[2025-05-04T12:37:45.036+0000] {spark_submit.py:644} INFO - 25/05/04 12:37:45 INFO SparkContext: Created broadcast 1 from parquet at NativeMethodAccessorImpl.java:0
[2025-05-04T12:37:45.047+0000] {spark_submit.py:644} INFO - 25/05/04 12:37:45 INFO FileSourceScanExec: Planning scan with bin packing, max size: 13590004 bytes, open cost is considered as scanning 4194304 bytes.
[2025-05-04T12:37:45.137+0000] {spark_submit.py:644} INFO - 25/05/04 12:37:45 INFO SparkContext: Starting job: parquet at NativeMethodAccessorImpl.java:0
[2025-05-04T12:37:45.138+0000] {spark_submit.py:644} INFO - 25/05/04 12:37:45 INFO DAGScheduler: Got job 1 (parquet at NativeMethodAccessorImpl.java:0) with 2 output partitions
[2025-05-04T12:37:45.139+0000] {spark_submit.py:644} INFO - 25/05/04 12:37:45 INFO DAGScheduler: Final stage: ResultStage 1 (parquet at NativeMethodAccessorImpl.java:0)
[2025-05-04T12:37:45.139+0000] {spark_submit.py:644} INFO - 25/05/04 12:37:45 INFO DAGScheduler: Parents of final stage: List()
[2025-05-04T12:37:45.139+0000] {spark_submit.py:644} INFO - 25/05/04 12:37:45 INFO DAGScheduler: Missing parents: List()
[2025-05-04T12:37:45.140+0000] {spark_submit.py:644} INFO - 25/05/04 12:37:45 INFO DAGScheduler: Submitting ResultStage 1 (MapPartitionsRDD[7] at parquet at NativeMethodAccessorImpl.java:0), which has no missing parents
[2025-05-04T12:37:45.158+0000] {spark_submit.py:644} INFO - 25/05/04 12:37:45 INFO MemoryStore: Block broadcast_2 stored as values in memory (estimated size 247.9 KiB, free 433.9 MiB)
[2025-05-04T12:37:45.164+0000] {spark_submit.py:644} INFO - 25/05/04 12:37:45 INFO MemoryStore: Block broadcast_2_piece0 stored as bytes in memory (estimated size 85.8 KiB, free 433.8 MiB)
[2025-05-04T12:37:45.164+0000] {spark_submit.py:644} INFO - 25/05/04 12:37:45 INFO BlockManagerInfo: Added broadcast_2_piece0 in memory on 46ac33aab208:46297 (size: 85.8 KiB, free: 434.3 MiB)
[2025-05-04T12:37:45.165+0000] {spark_submit.py:644} INFO - 25/05/04 12:37:45 INFO SparkContext: Created broadcast 2 from broadcast at DAGScheduler.scala:1513
[2025-05-04T12:37:45.166+0000] {spark_submit.py:644} INFO - 25/05/04 12:37:45 INFO DAGScheduler: Submitting 2 missing tasks from ResultStage 1 (MapPartitionsRDD[7] at parquet at NativeMethodAccessorImpl.java:0) (first 15 tasks are for partitions Vector(0, 1))
[2025-05-04T12:37:45.166+0000] {spark_submit.py:644} INFO - 25/05/04 12:37:45 INFO TaskSchedulerImpl: Adding task set 1.0 with 2 tasks resource profile 0
[2025-05-04T12:37:45.170+0000] {spark_submit.py:644} INFO - 25/05/04 12:37:45 INFO TaskSetManager: Starting task 0.0 in stage 1.0 (TID 1) (172.19.0.7, executor 0, partition 0, PROCESS_LOCAL, 5191 bytes) taskResourceAssignments Map()
[2025-05-04T12:37:45.170+0000] {spark_submit.py:644} INFO - 25/05/04 12:37:45 INFO TaskSetManager: Starting task 1.0 in stage 1.0 (TID 2) (172.19.0.7, executor 0, partition 1, PROCESS_LOCAL, 5191 bytes) taskResourceAssignments Map()
[2025-05-04T12:37:45.219+0000] {spark_submit.py:644} INFO - 25/05/04 12:37:45 INFO BlockManagerInfo: Added broadcast_2_piece0 in memory on 172.19.0.7:39267 (size: 85.8 KiB, free: 366.2 MiB)
[2025-05-04T12:37:46.156+0000] {spark_submit.py:644} INFO - 25/05/04 12:37:46 WARN TaskSetManager: Lost task 0.0 in stage 1.0 (TID 1) (172.19.0.7 executor 0): java.io.IOException: Cannot run program "/usr/local/bin/python3": error=2, No such file or directory
[2025-05-04T12:37:46.156+0000] {spark_submit.py:644} INFO - at java.lang.ProcessBuilder.start(ProcessBuilder.java:1048)
[2025-05-04T12:37:46.156+0000] {spark_submit.py:644} INFO - at org.apache.spark.api.python.PythonWorkerFactory.startDaemon(PythonWorkerFactory.scala:216)
[2025-05-04T12:37:46.156+0000] {spark_submit.py:644} INFO - at org.apache.spark.api.python.PythonWorkerFactory.createThroughDaemon(PythonWorkerFactory.scala:134)
[2025-05-04T12:37:46.156+0000] {spark_submit.py:644} INFO - at org.apache.spark.api.python.PythonWorkerFactory.create(PythonWorkerFactory.scala:107)
[2025-05-04T12:37:46.157+0000] {spark_submit.py:644} INFO - at org.apache.spark.SparkEnv.createPythonWorker(SparkEnv.scala:124)
[2025-05-04T12:37:46.157+0000] {spark_submit.py:644} INFO - at org.apache.spark.api.python.BasePythonRunner.compute(PythonRunner.scala:164)
[2025-05-04T12:37:46.157+0000] {spark_submit.py:644} INFO - at org.apache.spark.sql.execution.python.BatchEvalPythonExec.evaluate(BatchEvalPythonExec.scala:81)
[2025-05-04T12:37:46.157+0000] {spark_submit.py:644} INFO - at org.apache.spark.sql.execution.python.EvalPythonExec.$anonfun$doExecute$2(EvalPythonExec.scala:130)
[2025-05-04T12:37:46.157+0000] {spark_submit.py:644} INFO - at org.apache.spark.rdd.RDD.$anonfun$mapPartitions$2(RDD.scala:855)
[2025-05-04T12:37:46.157+0000] {spark_submit.py:644} INFO - at org.apache.spark.rdd.RDD.$anonfun$mapPartitions$2$adapted(RDD.scala:855)
[2025-05-04T12:37:46.157+0000] {spark_submit.py:644} INFO - at org.apache.spark.rdd.MapPartitionsRDD.compute(MapPartitionsRDD.scala:52)
[2025-05-04T12:37:46.157+0000] {spark_submit.py:644} INFO - at org.apache.spark.rdd.RDD.computeOrReadCheckpoint(RDD.scala:365)
[2025-05-04T12:37:46.158+0000] {spark_submit.py:644} INFO - at org.apache.spark.rdd.RDD.iterator(RDD.scala:329)
[2025-05-04T12:37:46.158+0000] {spark_submit.py:644} INFO - at org.apache.spark.rdd.MapPartitionsRDD.compute(MapPartitionsRDD.scala:52)
[2025-05-04T12:37:46.158+0000] {spark_submit.py:644} INFO - at org.apache.spark.rdd.RDD.computeOrReadCheckpoint(RDD.scala:365)
[2025-05-04T12:37:46.158+0000] {spark_submit.py:644} INFO - at org.apache.spark.rdd.RDD.iterator(RDD.scala:329)
[2025-05-04T12:37:46.159+0000] {spark_submit.py:644} INFO - at org.apache.spark.scheduler.ResultTask.runTask(ResultTask.scala:90)
[2025-05-04T12:37:46.159+0000] {spark_submit.py:644} INFO - at org.apache.spark.scheduler.Task.run(Task.scala:136)
[2025-05-04T12:37:46.159+0000] {spark_submit.py:644} INFO - at org.apache.spark.executor.Executor$TaskRunner.$anonfun$run$3(Executor.scala:548)
[2025-05-04T12:37:46.159+0000] {spark_submit.py:644} INFO - at org.apache.spark.util.Utils$.tryWithSafeFinally(Utils.scala:1504)
[2025-05-04T12:37:46.159+0000] {spark_submit.py:644} INFO - at org.apache.spark.executor.Executor$TaskRunner.run(Executor.scala:551)
[2025-05-04T12:37:46.159+0000] {spark_submit.py:644} INFO - at java.util.concurrent.ThreadPoolExecutor.runWorker(ThreadPoolExecutor.java:1149)
[2025-05-04T12:37:46.159+0000] {spark_submit.py:644} INFO - at java.util.concurrent.ThreadPoolExecutor$Worker.run(ThreadPoolExecutor.java:624)
[2025-05-04T12:37:46.159+0000] {spark_submit.py:644} INFO - at java.lang.Thread.run(Thread.java:748)
[2025-05-04T12:37:46.160+0000] {spark_submit.py:644} INFO - Caused by: java.io.IOException: error=2, No such file or directory
[2025-05-04T12:37:46.160+0000] {spark_submit.py:644} INFO - at java.lang.UNIXProcess.forkAndExec(Native Method)
[2025-05-04T12:37:46.160+0000] {spark_submit.py:644} INFO - at java.lang.UNIXProcess.<init>(UNIXProcess.java:247)
[2025-05-04T12:37:46.160+0000] {spark_submit.py:644} INFO - at java.lang.ProcessImpl.start(ProcessImpl.java:134)
[2025-05-04T12:37:46.160+0000] {spark_submit.py:644} INFO - at java.lang.ProcessBuilder.start(ProcessBuilder.java:1029)
[2025-05-04T12:37:46.160+0000] {spark_submit.py:644} INFO - ... 23 more
[2025-05-04T12:37:46.160+0000] {spark_submit.py:644} INFO - 
[2025-05-04T12:37:46.161+0000] {spark_submit.py:644} INFO - 25/05/04 12:37:46 INFO TaskSetManager: Starting task 0.1 in stage 1.0 (TID 3) (172.19.0.7, executor 0, partition 0, PROCESS_LOCAL, 5191 bytes) taskResourceAssignments Map()
[2025-05-04T12:37:46.161+0000] {spark_submit.py:644} INFO - 25/05/04 12:37:46 INFO TaskSetManager: Lost task 1.0 in stage 1.0 (TID 2) on 172.19.0.7, executor 0: java.io.IOException (Cannot run program "/usr/local/bin/python3": error=2, No such file or directory) [duplicate 1]
[2025-05-04T12:37:46.161+0000] {spark_submit.py:644} INFO - 25/05/04 12:37:46 INFO TaskSetManager: Starting task 1.1 in stage 1.0 (TID 4) (172.19.0.7, executor 0, partition 1, PROCESS_LOCAL, 5191 bytes) taskResourceAssignments Map()
[2025-05-04T12:37:46.222+0000] {spark_submit.py:644} INFO - 25/05/04 12:37:46 INFO TaskSetManager: Lost task 1.1 in stage 1.0 (TID 4) on 172.19.0.7, executor 0: java.io.IOException (Cannot run program "/usr/local/bin/python3": error=2, No such file or directory) [duplicate 2]
[2025-05-04T12:37:46.225+0000] {spark_submit.py:644} INFO - 25/05/04 12:37:46 INFO TaskSetManager: Starting task 1.2 in stage 1.0 (TID 5) (172.19.0.7, executor 0, partition 1, PROCESS_LOCAL, 5191 bytes) taskResourceAssignments Map()
[2025-05-04T12:37:46.225+0000] {spark_submit.py:644} INFO - 25/05/04 12:37:46 INFO TaskSetManager: Lost task 0.1 in stage 1.0 (TID 3) on 172.19.0.7, executor 0: java.io.IOException (Cannot run program "/usr/local/bin/python3": error=2, No such file or directory) [duplicate 3]
[2025-05-04T12:37:46.225+0000] {spark_submit.py:644} INFO - 25/05/04 12:37:46 INFO TaskSetManager: Starting task 0.2 in stage 1.0 (TID 6) (172.19.0.7, executor 0, partition 0, PROCESS_LOCAL, 5191 bytes) taskResourceAssignments Map()
[2025-05-04T12:37:46.264+0000] {spark_submit.py:644} INFO - 25/05/04 12:37:46 INFO TaskSetManager: Lost task 1.2 in stage 1.0 (TID 5) on 172.19.0.7, executor 0: java.io.IOException (Cannot run program "/usr/local/bin/python3": error=2, No such file or directory) [duplicate 4]
[2025-05-04T12:37:46.265+0000] {spark_submit.py:644} INFO - 25/05/04 12:37:46 INFO TaskSetManager: Starting task 1.3 in stage 1.0 (TID 7) (172.19.0.7, executor 0, partition 1, PROCESS_LOCAL, 5191 bytes) taskResourceAssignments Map()
[2025-05-04T12:37:46.269+0000] {spark_submit.py:644} INFO - 25/05/04 12:37:46 INFO TaskSetManager: Lost task 0.2 in stage 1.0 (TID 6) on 172.19.0.7, executor 0: java.io.IOException (Cannot run program "/usr/local/bin/python3": error=2, No such file or directory) [duplicate 5]
[2025-05-04T12:37:46.271+0000] {spark_submit.py:644} INFO - 25/05/04 12:37:46 INFO TaskSetManager: Starting task 0.3 in stage 1.0 (TID 8) (172.19.0.7, executor 0, partition 0, PROCESS_LOCAL, 5191 bytes) taskResourceAssignments Map()
[2025-05-04T12:37:46.307+0000] {spark_submit.py:644} INFO - 25/05/04 12:37:46 INFO TaskSetManager: Lost task 1.3 in stage 1.0 (TID 7) on 172.19.0.7, executor 0: java.io.IOException (Cannot run program "/usr/local/bin/python3": error=2, No such file or directory) [duplicate 6]
[2025-05-04T12:37:46.307+0000] {spark_submit.py:644} INFO - 25/05/04 12:37:46 ERROR TaskSetManager: Task 1 in stage 1.0 failed 4 times; aborting job
[2025-05-04T12:37:46.311+0000] {spark_submit.py:644} INFO - 25/05/04 12:37:46 INFO TaskSetManager: Lost task 0.3 in stage 1.0 (TID 8) on 172.19.0.7, executor 0: java.io.IOException (Cannot run program "/usr/local/bin/python3": error=2, No such file or directory) [duplicate 7]
[2025-05-04T12:37:46.311+0000] {spark_submit.py:644} INFO - 25/05/04 12:37:46 INFO TaskSchedulerImpl: Removed TaskSet 1.0, whose tasks have all completed, from pool
[2025-05-04T12:37:46.312+0000] {spark_submit.py:644} INFO - 25/05/04 12:37:46 INFO TaskSchedulerImpl: Cancelling stage 1
[2025-05-04T12:37:46.312+0000] {spark_submit.py:644} INFO - 25/05/04 12:37:46 INFO TaskSchedulerImpl: Killing all running tasks in stage 1: Stage cancelled
[2025-05-04T12:37:46.313+0000] {spark_submit.py:644} INFO - 25/05/04 12:37:46 INFO DAGScheduler: ResultStage 1 (parquet at NativeMethodAccessorImpl.java:0) failed in 1.168 s due to Job aborted due to stage failure: Task 1 in stage 1.0 failed 4 times, most recent failure: Lost task 1.3 in stage 1.0 (TID 7) (172.19.0.7 executor 0): java.io.IOException: Cannot run program "/usr/local/bin/python3": error=2, No such file or directory
[2025-05-04T12:37:46.313+0000] {spark_submit.py:644} INFO - at java.lang.ProcessBuilder.start(ProcessBuilder.java:1048)
[2025-05-04T12:37:46.314+0000] {spark_submit.py:644} INFO - at org.apache.spark.api.python.PythonWorkerFactory.startDaemon(PythonWorkerFactory.scala:216)
[2025-05-04T12:37:46.314+0000] {spark_submit.py:644} INFO - at org.apache.spark.api.python.PythonWorkerFactory.createThroughDaemon(PythonWorkerFactory.scala:134)
[2025-05-04T12:37:46.314+0000] {spark_submit.py:644} INFO - at org.apache.spark.api.python.PythonWorkerFactory.create(PythonWorkerFactory.scala:107)
[2025-05-04T12:37:46.314+0000] {spark_submit.py:644} INFO - at org.apache.spark.SparkEnv.createPythonWorker(SparkEnv.scala:124)
[2025-05-04T12:37:46.314+0000] {spark_submit.py:644} INFO - at org.apache.spark.api.python.BasePythonRunner.compute(PythonRunner.scala:164)
[2025-05-04T12:37:46.314+0000] {spark_submit.py:644} INFO - at org.apache.spark.sql.execution.python.BatchEvalPythonExec.evaluate(BatchEvalPythonExec.scala:81)
[2025-05-04T12:37:46.315+0000] {spark_submit.py:644} INFO - at org.apache.spark.sql.execution.python.EvalPythonExec.$anonfun$doExecute$2(EvalPythonExec.scala:130)
[2025-05-04T12:37:46.315+0000] {spark_submit.py:644} INFO - at org.apache.spark.rdd.RDD.$anonfun$mapPartitions$2(RDD.scala:855)
[2025-05-04T12:37:46.315+0000] {spark_submit.py:644} INFO - at org.apache.spark.rdd.RDD.$anonfun$mapPartitions$2$adapted(RDD.scala:855)
[2025-05-04T12:37:46.315+0000] {spark_submit.py:644} INFO - at org.apache.spark.rdd.MapPartitionsRDD.compute(MapPartitionsRDD.scala:52)
[2025-05-04T12:37:46.315+0000] {spark_submit.py:644} INFO - at org.apache.spark.rdd.RDD.computeOrReadCheckpoint(RDD.scala:365)
[2025-05-04T12:37:46.315+0000] {spark_submit.py:644} INFO - at org.apache.spark.rdd.RDD.iterator(RDD.scala:329)
[2025-05-04T12:37:46.316+0000] {spark_submit.py:644} INFO - at org.apache.spark.rdd.MapPartitionsRDD.compute(MapPartitionsRDD.scala:52)
[2025-05-04T12:37:46.316+0000] {spark_submit.py:644} INFO - at org.apache.spark.rdd.RDD.computeOrReadCheckpoint(RDD.scala:365)
[2025-05-04T12:37:46.316+0000] {spark_submit.py:644} INFO - at org.apache.spark.rdd.RDD.iterator(RDD.scala:329)
[2025-05-04T12:37:46.316+0000] {spark_submit.py:644} INFO - at org.apache.spark.scheduler.ResultTask.runTask(ResultTask.scala:90)
[2025-05-04T12:37:46.316+0000] {spark_submit.py:644} INFO - at org.apache.spark.scheduler.Task.run(Task.scala:136)
[2025-05-04T12:37:46.316+0000] {spark_submit.py:644} INFO - at org.apache.spark.executor.Executor$TaskRunner.$anonfun$run$3(Executor.scala:548)
[2025-05-04T12:37:46.317+0000] {spark_submit.py:644} INFO - at org.apache.spark.util.Utils$.tryWithSafeFinally(Utils.scala:1504)
[2025-05-04T12:37:46.317+0000] {spark_submit.py:644} INFO - at org.apache.spark.executor.Executor$TaskRunner.run(Executor.scala:551)
[2025-05-04T12:37:46.317+0000] {spark_submit.py:644} INFO - at java.util.concurrent.ThreadPoolExecutor.runWorker(ThreadPoolExecutor.java:1149)
[2025-05-04T12:37:46.317+0000] {spark_submit.py:644} INFO - at java.util.concurrent.ThreadPoolExecutor$Worker.run(ThreadPoolExecutor.java:624)
[2025-05-04T12:37:46.317+0000] {spark_submit.py:644} INFO - at java.lang.Thread.run(Thread.java:748)
[2025-05-04T12:37:46.317+0000] {spark_submit.py:644} INFO - Caused by: java.io.IOException: error=2, No such file or directory
[2025-05-04T12:37:46.317+0000] {spark_submit.py:644} INFO - at java.lang.UNIXProcess.forkAndExec(Native Method)
[2025-05-04T12:37:46.317+0000] {spark_submit.py:644} INFO - at java.lang.UNIXProcess.<init>(UNIXProcess.java:247)
[2025-05-04T12:37:46.317+0000] {spark_submit.py:644} INFO - at java.lang.ProcessImpl.start(ProcessImpl.java:134)
[2025-05-04T12:37:46.317+0000] {spark_submit.py:644} INFO - at java.lang.ProcessBuilder.start(ProcessBuilder.java:1029)
[2025-05-04T12:37:46.318+0000] {spark_submit.py:644} INFO - ... 23 more
[2025-05-04T12:37:46.318+0000] {spark_submit.py:644} INFO - 
[2025-05-04T12:37:46.318+0000] {spark_submit.py:644} INFO - Driver stacktrace:
[2025-05-04T12:37:46.318+0000] {spark_submit.py:644} INFO - 25/05/04 12:37:46 INFO DAGScheduler: Job 1 failed: parquet at NativeMethodAccessorImpl.java:0, took 1.177976 s
[2025-05-04T12:37:46.318+0000] {spark_submit.py:644} INFO - 25/05/04 12:37:46 ERROR FileFormatWriter: Aborting job 3fe22487-2198-4e96-afc8-447707761e9c.
[2025-05-04T12:37:46.318+0000] {spark_submit.py:644} INFO - org.apache.spark.SparkException: Job aborted due to stage failure: Task 1 in stage 1.0 failed 4 times, most recent failure: Lost task 1.3 in stage 1.0 (TID 7) (172.19.0.7 executor 0): java.io.IOException: Cannot run program "/usr/local/bin/python3": error=2, No such file or directory
[2025-05-04T12:37:46.318+0000] {spark_submit.py:644} INFO - at java.lang.ProcessBuilder.start(ProcessBuilder.java:1048)
[2025-05-04T12:37:46.318+0000] {spark_submit.py:644} INFO - at org.apache.spark.api.python.PythonWorkerFactory.startDaemon(PythonWorkerFactory.scala:216)
[2025-05-04T12:37:46.318+0000] {spark_submit.py:644} INFO - at org.apache.spark.api.python.PythonWorkerFactory.createThroughDaemon(PythonWorkerFactory.scala:134)
[2025-05-04T12:37:46.318+0000] {spark_submit.py:644} INFO - at org.apache.spark.api.python.PythonWorkerFactory.create(PythonWorkerFactory.scala:107)
[2025-05-04T12:37:46.319+0000] {spark_submit.py:644} INFO - at org.apache.spark.SparkEnv.createPythonWorker(SparkEnv.scala:124)
[2025-05-04T12:37:46.319+0000] {spark_submit.py:644} INFO - at org.apache.spark.api.python.BasePythonRunner.compute(PythonRunner.scala:164)
[2025-05-04T12:37:46.319+0000] {spark_submit.py:644} INFO - at org.apache.spark.sql.execution.python.BatchEvalPythonExec.evaluate(BatchEvalPythonExec.scala:81)
[2025-05-04T12:37:46.319+0000] {spark_submit.py:644} INFO - at org.apache.spark.sql.execution.python.EvalPythonExec.$anonfun$doExecute$2(EvalPythonExec.scala:130)
[2025-05-04T12:37:46.319+0000] {spark_submit.py:644} INFO - at org.apache.spark.rdd.RDD.$anonfun$mapPartitions$2(RDD.scala:855)
[2025-05-04T12:37:46.319+0000] {spark_submit.py:644} INFO - at org.apache.spark.rdd.RDD.$anonfun$mapPartitions$2$adapted(RDD.scala:855)
[2025-05-04T12:37:46.319+0000] {spark_submit.py:644} INFO - at org.apache.spark.rdd.MapPartitionsRDD.compute(MapPartitionsRDD.scala:52)
[2025-05-04T12:37:46.319+0000] {spark_submit.py:644} INFO - at org.apache.spark.rdd.RDD.computeOrReadCheckpoint(RDD.scala:365)
[2025-05-04T12:37:46.319+0000] {spark_submit.py:644} INFO - at org.apache.spark.rdd.RDD.iterator(RDD.scala:329)
[2025-05-04T12:37:46.319+0000] {spark_submit.py:644} INFO - at org.apache.spark.rdd.MapPartitionsRDD.compute(MapPartitionsRDD.scala:52)
[2025-05-04T12:37:46.319+0000] {spark_submit.py:644} INFO - at org.apache.spark.rdd.RDD.computeOrReadCheckpoint(RDD.scala:365)
[2025-05-04T12:37:46.319+0000] {spark_submit.py:644} INFO - at org.apache.spark.rdd.RDD.iterator(RDD.scala:329)
[2025-05-04T12:37:46.319+0000] {spark_submit.py:644} INFO - at org.apache.spark.scheduler.ResultTask.runTask(ResultTask.scala:90)
[2025-05-04T12:37:46.319+0000] {spark_submit.py:644} INFO - at org.apache.spark.scheduler.Task.run(Task.scala:136)
[2025-05-04T12:37:46.320+0000] {spark_submit.py:644} INFO - at org.apache.spark.executor.Executor$TaskRunner.$anonfun$run$3(Executor.scala:548)
[2025-05-04T12:37:46.320+0000] {spark_submit.py:644} INFO - at org.apache.spark.util.Utils$.tryWithSafeFinally(Utils.scala:1504)
[2025-05-04T12:37:46.320+0000] {spark_submit.py:644} INFO - at org.apache.spark.executor.Executor$TaskRunner.run(Executor.scala:551)
[2025-05-04T12:37:46.320+0000] {spark_submit.py:644} INFO - at java.util.concurrent.ThreadPoolExecutor.runWorker(ThreadPoolExecutor.java:1149)
[2025-05-04T12:37:46.320+0000] {spark_submit.py:644} INFO - at java.util.concurrent.ThreadPoolExecutor$Worker.run(ThreadPoolExecutor.java:624)
[2025-05-04T12:37:46.320+0000] {spark_submit.py:644} INFO - at java.lang.Thread.run(Thread.java:748)
[2025-05-04T12:37:46.320+0000] {spark_submit.py:644} INFO - Caused by: java.io.IOException: error=2, No such file or directory
[2025-05-04T12:37:46.320+0000] {spark_submit.py:644} INFO - at java.lang.UNIXProcess.forkAndExec(Native Method)
[2025-05-04T12:37:46.320+0000] {spark_submit.py:644} INFO - at java.lang.UNIXProcess.<init>(UNIXProcess.java:247)
[2025-05-04T12:37:46.320+0000] {spark_submit.py:644} INFO - at java.lang.ProcessImpl.start(ProcessImpl.java:134)
[2025-05-04T12:37:46.321+0000] {spark_submit.py:644} INFO - at java.lang.ProcessBuilder.start(ProcessBuilder.java:1029)
[2025-05-04T12:37:46.321+0000] {spark_submit.py:644} INFO - ... 23 more
[2025-05-04T12:37:46.321+0000] {spark_submit.py:644} INFO - 
[2025-05-04T12:37:46.321+0000] {spark_submit.py:644} INFO - Driver stacktrace:
[2025-05-04T12:37:46.321+0000] {spark_submit.py:644} INFO - at org.apache.spark.scheduler.DAGScheduler.failJobAndIndependentStages(DAGScheduler.scala:2672)
[2025-05-04T12:37:46.321+0000] {spark_submit.py:644} INFO - at org.apache.spark.scheduler.DAGScheduler.$anonfun$abortStage$2(DAGScheduler.scala:2608)
[2025-05-04T12:37:46.321+0000] {spark_submit.py:644} INFO - at org.apache.spark.scheduler.DAGScheduler.$anonfun$abortStage$2$adapted(DAGScheduler.scala:2607)
[2025-05-04T12:37:46.321+0000] {spark_submit.py:644} INFO - at scala.collection.mutable.ResizableArray.foreach(ResizableArray.scala:62)
[2025-05-04T12:37:46.321+0000] {spark_submit.py:644} INFO - at scala.collection.mutable.ResizableArray.foreach$(ResizableArray.scala:55)
[2025-05-04T12:37:46.322+0000] {spark_submit.py:644} INFO - at scala.collection.mutable.ArrayBuffer.foreach(ArrayBuffer.scala:49)
[2025-05-04T12:37:46.322+0000] {spark_submit.py:644} INFO - at org.apache.spark.scheduler.DAGScheduler.abortStage(DAGScheduler.scala:2607)
[2025-05-04T12:37:46.322+0000] {spark_submit.py:644} INFO - at org.apache.spark.scheduler.DAGScheduler.$anonfun$handleTaskSetFailed$1(DAGScheduler.scala:1182)
[2025-05-04T12:37:46.322+0000] {spark_submit.py:644} INFO - at org.apache.spark.scheduler.DAGScheduler.$anonfun$handleTaskSetFailed$1$adapted(DAGScheduler.scala:1182)
[2025-05-04T12:37:46.322+0000] {spark_submit.py:644} INFO - at scala.Option.foreach(Option.scala:407)
[2025-05-04T12:37:46.322+0000] {spark_submit.py:644} INFO - at org.apache.spark.scheduler.DAGScheduler.handleTaskSetFailed(DAGScheduler.scala:1182)
[2025-05-04T12:37:46.322+0000] {spark_submit.py:644} INFO - at org.apache.spark.scheduler.DAGSchedulerEventProcessLoop.doOnReceive(DAGScheduler.scala:2860)
[2025-05-04T12:37:46.323+0000] {spark_submit.py:644} INFO - at org.apache.spark.scheduler.DAGSchedulerEventProcessLoop.onReceive(DAGScheduler.scala:2802)
[2025-05-04T12:37:46.323+0000] {spark_submit.py:644} INFO - at org.apache.spark.scheduler.DAGSchedulerEventProcessLoop.onReceive(DAGScheduler.scala:2791)
[2025-05-04T12:37:46.323+0000] {spark_submit.py:644} INFO - at org.apache.spark.util.EventLoop$$anon$1.run(EventLoop.scala:49)
[2025-05-04T12:37:46.323+0000] {spark_submit.py:644} INFO - at org.apache.spark.scheduler.DAGScheduler.runJob(DAGScheduler.scala:952)
[2025-05-04T12:37:46.323+0000] {spark_submit.py:644} INFO - at org.apache.spark.SparkContext.runJob(SparkContext.scala:2228)
[2025-05-04T12:37:46.323+0000] {spark_submit.py:644} INFO - at org.apache.spark.sql.execution.datasources.FileFormatWriter$.write(FileFormatWriter.scala:245)
[2025-05-04T12:37:46.323+0000] {spark_submit.py:644} INFO - at org.apache.spark.sql.execution.datasources.InsertIntoHadoopFsRelationCommand.run(InsertIntoHadoopFsRelationCommand.scala:186)
[2025-05-04T12:37:46.324+0000] {spark_submit.py:644} INFO - at org.apache.spark.sql.execution.command.DataWritingCommandExec.sideEffectResult$lzycompute(commands.scala:113)
[2025-05-04T12:37:46.324+0000] {spark_submit.py:644} INFO - at org.apache.spark.sql.execution.command.DataWritingCommandExec.sideEffectResult(commands.scala:111)
[2025-05-04T12:37:46.324+0000] {spark_submit.py:644} INFO - at org.apache.spark.sql.execution.command.DataWritingCommandExec.executeCollect(commands.scala:125)
[2025-05-04T12:37:46.324+0000] {spark_submit.py:644} INFO - at org.apache.spark.sql.execution.QueryExecution$$anonfun$eagerlyExecuteCommands$1.$anonfun$applyOrElse$1(QueryExecution.scala:98)
[2025-05-04T12:37:46.324+0000] {spark_submit.py:644} INFO - at org.apache.spark.sql.execution.SQLExecution$.$anonfun$withNewExecutionId$6(SQLExecution.scala:109)
[2025-05-04T12:37:46.324+0000] {spark_submit.py:644} INFO - at org.apache.spark.sql.execution.SQLExecution$.withSQLConfPropagated(SQLExecution.scala:169)
[2025-05-04T12:37:46.324+0000] {spark_submit.py:644} INFO - at org.apache.spark.sql.execution.SQLExecution$.$anonfun$withNewExecutionId$1(SQLExecution.scala:95)
[2025-05-04T12:37:46.325+0000] {spark_submit.py:644} INFO - at org.apache.spark.sql.SparkSession.withActive(SparkSession.scala:779)
[2025-05-04T12:37:46.325+0000] {spark_submit.py:644} INFO - at org.apache.spark.sql.execution.SQLExecution$.withNewExecutionId(SQLExecution.scala:64)
[2025-05-04T12:37:46.325+0000] {spark_submit.py:644} INFO - at org.apache.spark.sql.execution.QueryExecution$$anonfun$eagerlyExecuteCommands$1.applyOrElse(QueryExecution.scala:98)
[2025-05-04T12:37:46.325+0000] {spark_submit.py:644} INFO - at org.apache.spark.sql.execution.QueryExecution$$anonfun$eagerlyExecuteCommands$1.applyOrElse(QueryExecution.scala:94)
[2025-05-04T12:37:46.325+0000] {spark_submit.py:644} INFO - at org.apache.spark.sql.catalyst.trees.TreeNode.$anonfun$transformDownWithPruning$1(TreeNode.scala:584)
[2025-05-04T12:37:46.325+0000] {spark_submit.py:644} INFO - at org.apache.spark.sql.catalyst.trees.CurrentOrigin$.withOrigin(TreeNode.scala:176)
[2025-05-04T12:37:46.325+0000] {spark_submit.py:644} INFO - at org.apache.spark.sql.catalyst.trees.TreeNode.transformDownWithPruning(TreeNode.scala:584)
[2025-05-04T12:37:46.325+0000] {spark_submit.py:644} INFO - at org.apache.spark.sql.catalyst.plans.logical.LogicalPlan.org$apache$spark$sql$catalyst$plans$logical$AnalysisHelper$$super$transformDownWithPruning(LogicalPlan.scala:30)
[2025-05-04T12:37:46.326+0000] {spark_submit.py:644} INFO - at org.apache.spark.sql.catalyst.plans.logical.AnalysisHelper.transformDownWithPruning(AnalysisHelper.scala:267)
[2025-05-04T12:37:46.326+0000] {spark_submit.py:644} INFO - at org.apache.spark.sql.catalyst.plans.logical.AnalysisHelper.transformDownWithPruning$(AnalysisHelper.scala:263)
[2025-05-04T12:37:46.326+0000] {spark_submit.py:644} INFO - at org.apache.spark.sql.catalyst.plans.logical.LogicalPlan.transformDownWithPruning(LogicalPlan.scala:30)
[2025-05-04T12:37:46.326+0000] {spark_submit.py:644} INFO - at org.apache.spark.sql.catalyst.plans.logical.LogicalPlan.transformDownWithPruning(LogicalPlan.scala:30)
[2025-05-04T12:37:46.326+0000] {spark_submit.py:644} INFO - at org.apache.spark.sql.catalyst.trees.TreeNode.transformDown(TreeNode.scala:560)
[2025-05-04T12:37:46.326+0000] {spark_submit.py:644} INFO - at org.apache.spark.sql.execution.QueryExecution.eagerlyExecuteCommands(QueryExecution.scala:94)
[2025-05-04T12:37:46.326+0000] {spark_submit.py:644} INFO - at org.apache.spark.sql.execution.QueryExecution.commandExecuted$lzycompute(QueryExecution.scala:81)
[2025-05-04T12:37:46.326+0000] {spark_submit.py:644} INFO - at org.apache.spark.sql.execution.QueryExecution.commandExecuted(QueryExecution.scala:79)
[2025-05-04T12:37:46.326+0000] {spark_submit.py:644} INFO - at org.apache.spark.sql.execution.QueryExecution.assertCommandExecuted(QueryExecution.scala:116)
[2025-05-04T12:37:46.327+0000] {spark_submit.py:644} INFO - at org.apache.spark.sql.DataFrameWriter.runCommand(DataFrameWriter.scala:860)
[2025-05-04T12:37:46.327+0000] {spark_submit.py:644} INFO - at org.apache.spark.sql.DataFrameWriter.saveToV1Source(DataFrameWriter.scala:390)
[2025-05-04T12:37:46.327+0000] {spark_submit.py:644} INFO - at org.apache.spark.sql.DataFrameWriter.saveInternal(DataFrameWriter.scala:363)
[2025-05-04T12:37:46.327+0000] {spark_submit.py:644} INFO - at org.apache.spark.sql.DataFrameWriter.save(DataFrameWriter.scala:239)
[2025-05-04T12:37:46.327+0000] {spark_submit.py:644} INFO - at org.apache.spark.sql.DataFrameWriter.parquet(DataFrameWriter.scala:793)
[2025-05-04T12:37:46.327+0000] {spark_submit.py:644} INFO - at java.base/jdk.internal.reflect.NativeMethodAccessorImpl.invoke0(Native Method)
[2025-05-04T12:37:46.328+0000] {spark_submit.py:644} INFO - at java.base/jdk.internal.reflect.NativeMethodAccessorImpl.invoke(NativeMethodAccessorImpl.java:77)
[2025-05-04T12:37:46.328+0000] {spark_submit.py:644} INFO - at java.base/jdk.internal.reflect.DelegatingMethodAccessorImpl.invoke(DelegatingMethodAccessorImpl.java:43)
[2025-05-04T12:37:46.328+0000] {spark_submit.py:644} INFO - at java.base/java.lang.reflect.Method.invoke(Method.java:569)
[2025-05-04T12:37:46.328+0000] {spark_submit.py:644} INFO - at py4j.reflection.MethodInvoker.invoke(MethodInvoker.java:244)
[2025-05-04T12:37:46.328+0000] {spark_submit.py:644} INFO - at py4j.reflection.ReflectionEngine.invoke(ReflectionEngine.java:357)
[2025-05-04T12:37:46.328+0000] {spark_submit.py:644} INFO - at py4j.Gateway.invoke(Gateway.java:282)
[2025-05-04T12:37:46.328+0000] {spark_submit.py:644} INFO - at py4j.commands.AbstractCommand.invokeMethod(AbstractCommand.java:132)
[2025-05-04T12:37:46.328+0000] {spark_submit.py:644} INFO - at py4j.commands.CallCommand.execute(CallCommand.java:79)
[2025-05-04T12:37:46.329+0000] {spark_submit.py:644} INFO - at py4j.ClientServerConnection.waitForCommands(ClientServerConnection.java:182)
[2025-05-04T12:37:46.329+0000] {spark_submit.py:644} INFO - at py4j.ClientServerConnection.run(ClientServerConnection.java:106)
[2025-05-04T12:37:46.329+0000] {spark_submit.py:644} INFO - at java.base/java.lang.Thread.run(Thread.java:840)
[2025-05-04T12:37:46.329+0000] {spark_submit.py:644} INFO - Caused by: java.io.IOException: Cannot run program "/usr/local/bin/python3": error=2, No such file or directory
[2025-05-04T12:37:46.329+0000] {spark_submit.py:644} INFO - at java.lang.ProcessBuilder.start(ProcessBuilder.java:1048)
[2025-05-04T12:37:46.329+0000] {spark_submit.py:644} INFO - at org.apache.spark.api.python.PythonWorkerFactory.startDaemon(PythonWorkerFactory.scala:216)
[2025-05-04T12:37:46.329+0000] {spark_submit.py:644} INFO - at org.apache.spark.api.python.PythonWorkerFactory.createThroughDaemon(PythonWorkerFactory.scala:134)
[2025-05-04T12:37:46.329+0000] {spark_submit.py:644} INFO - at org.apache.spark.api.python.PythonWorkerFactory.create(PythonWorkerFactory.scala:107)
[2025-05-04T12:37:46.329+0000] {spark_submit.py:644} INFO - at org.apache.spark.SparkEnv.createPythonWorker(SparkEnv.scala:124)
[2025-05-04T12:37:46.330+0000] {spark_submit.py:644} INFO - at org.apache.spark.api.python.BasePythonRunner.compute(PythonRunner.scala:164)
[2025-05-04T12:37:46.330+0000] {spark_submit.py:644} INFO - at org.apache.spark.sql.execution.python.BatchEvalPythonExec.evaluate(BatchEvalPythonExec.scala:81)
[2025-05-04T12:37:46.330+0000] {spark_submit.py:644} INFO - at org.apache.spark.sql.execution.python.EvalPythonExec.$anonfun$doExecute$2(EvalPythonExec.scala:130)
[2025-05-04T12:37:46.330+0000] {spark_submit.py:644} INFO - at org.apache.spark.rdd.RDD.$anonfun$mapPartitions$2(RDD.scala:855)
[2025-05-04T12:37:46.330+0000] {spark_submit.py:644} INFO - at org.apache.spark.rdd.RDD.$anonfun$mapPartitions$2$adapted(RDD.scala:855)
[2025-05-04T12:37:46.330+0000] {spark_submit.py:644} INFO - at org.apache.spark.rdd.MapPartitionsRDD.compute(MapPartitionsRDD.scala:52)
[2025-05-04T12:37:46.330+0000] {spark_submit.py:644} INFO - at org.apache.spark.rdd.RDD.computeOrReadCheckpoint(RDD.scala:365)
[2025-05-04T12:37:46.330+0000] {spark_submit.py:644} INFO - at org.apache.spark.rdd.RDD.iterator(RDD.scala:329)
[2025-05-04T12:37:46.330+0000] {spark_submit.py:644} INFO - at org.apache.spark.rdd.MapPartitionsRDD.compute(MapPartitionsRDD.scala:52)
[2025-05-04T12:37:46.331+0000] {spark_submit.py:644} INFO - at org.apache.spark.rdd.RDD.computeOrReadCheckpoint(RDD.scala:365)
[2025-05-04T12:37:46.331+0000] {spark_submit.py:644} INFO - at org.apache.spark.rdd.RDD.iterator(RDD.scala:329)
[2025-05-04T12:37:46.331+0000] {spark_submit.py:644} INFO - at org.apache.spark.scheduler.ResultTask.runTask(ResultTask.scala:90)
[2025-05-04T12:37:46.331+0000] {spark_submit.py:644} INFO - at org.apache.spark.scheduler.Task.run(Task.scala:136)
[2025-05-04T12:37:46.331+0000] {spark_submit.py:644} INFO - at org.apache.spark.executor.Executor$TaskRunner.$anonfun$run$3(Executor.scala:548)
[2025-05-04T12:37:46.331+0000] {spark_submit.py:644} INFO - at org.apache.spark.util.Utils$.tryWithSafeFinally(Utils.scala:1504)
[2025-05-04T12:37:46.331+0000] {spark_submit.py:644} INFO - at org.apache.spark.executor.Executor$TaskRunner.run(Executor.scala:551)
[2025-05-04T12:37:46.331+0000] {spark_submit.py:644} INFO - at java.util.concurrent.ThreadPoolExecutor.runWorker(ThreadPoolExecutor.java:1149)
[2025-05-04T12:37:46.332+0000] {spark_submit.py:644} INFO - at java.util.concurrent.ThreadPoolExecutor$Worker.run(ThreadPoolExecutor.java:624)
[2025-05-04T12:37:46.332+0000] {spark_submit.py:644} INFO - at java.lang.Thread.run(Thread.java:748)
[2025-05-04T12:37:46.332+0000] {spark_submit.py:644} INFO - Caused by: java.io.IOException: error=2, No such file or directory
[2025-05-04T12:37:46.332+0000] {spark_submit.py:644} INFO - at java.lang.UNIXProcess.forkAndExec(Native Method)
[2025-05-04T12:37:46.332+0000] {spark_submit.py:644} INFO - at java.lang.UNIXProcess.<init>(UNIXProcess.java:247)
[2025-05-04T12:37:46.332+0000] {spark_submit.py:644} INFO - at java.lang.ProcessImpl.start(ProcessImpl.java:134)
[2025-05-04T12:37:46.332+0000] {spark_submit.py:644} INFO - at java.lang.ProcessBuilder.start(ProcessBuilder.java:1029)
[2025-05-04T12:37:46.332+0000] {spark_submit.py:644} INFO - ... 23 more
[2025-05-04T12:37:46.466+0000] {spark_submit.py:644} INFO - Traceback (most recent call last):
[2025-05-04T12:37:46.467+0000] {spark_submit.py:644} INFO - File "/opt/airflow/dags/bronze_to_silver.py", line 43, in <module>
[2025-05-04T12:37:46.467+0000] {spark_submit.py:644} INFO - process_table(spark, table)
[2025-05-04T12:37:46.467+0000] {spark_submit.py:644} INFO - File "/opt/airflow/dags/bronze_to_silver.py", line 31, in process_table
[2025-05-04T12:37:46.467+0000] {spark_submit.py:644} INFO - df_cleaned.write.mode("overwrite").parquet(silver_path)
[2025-05-04T12:37:46.467+0000] {spark_submit.py:644} INFO - File "/opt/spark/python/lib/pyspark.zip/pyspark/sql/readwriter.py", line 1140, in parquet
[2025-05-04T12:37:46.467+0000] {spark_submit.py:644} INFO - File "/opt/spark/python/lib/py4j-0.10.9.5-src.zip/py4j/java_gateway.py", line 1321, in __call__
[2025-05-04T12:37:46.467+0000] {spark_submit.py:644} INFO - File "/opt/spark/python/lib/pyspark.zip/pyspark/sql/utils.py", line 190, in deco
[2025-05-04T12:37:46.467+0000] {spark_submit.py:644} INFO - File "/opt/spark/python/lib/py4j-0.10.9.5-src.zip/py4j/protocol.py", line 326, in get_return_value
[2025-05-04T12:37:46.519+0000] {spark_submit.py:644} INFO - py4j.protocol.Py4JJavaError: An error occurred while calling o217.parquet.
[2025-05-04T12:37:46.519+0000] {spark_submit.py:644} INFO - : org.apache.spark.SparkException: Job aborted.
[2025-05-04T12:37:46.519+0000] {spark_submit.py:644} INFO - at org.apache.spark.sql.errors.QueryExecutionErrors$.jobAbortedError(QueryExecutionErrors.scala:638)
[2025-05-04T12:37:46.519+0000] {spark_submit.py:644} INFO - at org.apache.spark.sql.execution.datasources.FileFormatWriter$.write(FileFormatWriter.scala:278)
[2025-05-04T12:37:46.519+0000] {spark_submit.py:644} INFO - at org.apache.spark.sql.execution.datasources.InsertIntoHadoopFsRelationCommand.run(InsertIntoHadoopFsRelationCommand.scala:186)
[2025-05-04T12:37:46.519+0000] {spark_submit.py:644} INFO - at org.apache.spark.sql.execution.command.DataWritingCommandExec.sideEffectResult$lzycompute(commands.scala:113)
[2025-05-04T12:37:46.520+0000] {spark_submit.py:644} INFO - at org.apache.spark.sql.execution.command.DataWritingCommandExec.sideEffectResult(commands.scala:111)
[2025-05-04T12:37:46.520+0000] {spark_submit.py:644} INFO - at org.apache.spark.sql.execution.command.DataWritingCommandExec.executeCollect(commands.scala:125)
[2025-05-04T12:37:46.520+0000] {spark_submit.py:644} INFO - at org.apache.spark.sql.execution.QueryExecution$$anonfun$eagerlyExecuteCommands$1.$anonfun$applyOrElse$1(QueryExecution.scala:98)
[2025-05-04T12:37:46.520+0000] {spark_submit.py:644} INFO - at org.apache.spark.sql.execution.SQLExecution$.$anonfun$withNewExecutionId$6(SQLExecution.scala:109)
[2025-05-04T12:37:46.520+0000] {spark_submit.py:644} INFO - at org.apache.spark.sql.execution.SQLExecution$.withSQLConfPropagated(SQLExecution.scala:169)
[2025-05-04T12:37:46.520+0000] {spark_submit.py:644} INFO - at org.apache.spark.sql.execution.SQLExecution$.$anonfun$withNewExecutionId$1(SQLExecution.scala:95)
[2025-05-04T12:37:46.520+0000] {spark_submit.py:644} INFO - at org.apache.spark.sql.SparkSession.withActive(SparkSession.scala:779)
[2025-05-04T12:37:46.520+0000] {spark_submit.py:644} INFO - at org.apache.spark.sql.execution.SQLExecution$.withNewExecutionId(SQLExecution.scala:64)
[2025-05-04T12:37:46.520+0000] {spark_submit.py:644} INFO - at org.apache.spark.sql.execution.QueryExecution$$anonfun$eagerlyExecuteCommands$1.applyOrElse(QueryExecution.scala:98)
[2025-05-04T12:37:46.520+0000] {spark_submit.py:644} INFO - at org.apache.spark.sql.execution.QueryExecution$$anonfun$eagerlyExecuteCommands$1.applyOrElse(QueryExecution.scala:94)
[2025-05-04T12:37:46.520+0000] {spark_submit.py:644} INFO - at org.apache.spark.sql.catalyst.trees.TreeNode.$anonfun$transformDownWithPruning$1(TreeNode.scala:584)
[2025-05-04T12:37:46.520+0000] {spark_submit.py:644} INFO - at org.apache.spark.sql.catalyst.trees.CurrentOrigin$.withOrigin(TreeNode.scala:176)
[2025-05-04T12:37:46.520+0000] {spark_submit.py:644} INFO - at org.apache.spark.sql.catalyst.trees.TreeNode.transformDownWithPruning(TreeNode.scala:584)
[2025-05-04T12:37:46.520+0000] {spark_submit.py:644} INFO - at org.apache.spark.sql.catalyst.plans.logical.LogicalPlan.org$apache$spark$sql$catalyst$plans$logical$AnalysisHelper$$super$transformDownWithPruning(LogicalPlan.scala:30)
[2025-05-04T12:37:46.521+0000] {spark_submit.py:644} INFO - at org.apache.spark.sql.catalyst.plans.logical.AnalysisHelper.transformDownWithPruning(AnalysisHelper.scala:267)
[2025-05-04T12:37:46.521+0000] {spark_submit.py:644} INFO - at org.apache.spark.sql.catalyst.plans.logical.AnalysisHelper.transformDownWithPruning$(AnalysisHelper.scala:263)
[2025-05-04T12:37:46.521+0000] {spark_submit.py:644} INFO - at org.apache.spark.sql.catalyst.plans.logical.LogicalPlan.transformDownWithPruning(LogicalPlan.scala:30)
[2025-05-04T12:37:46.521+0000] {spark_submit.py:644} INFO - at org.apache.spark.sql.catalyst.plans.logical.LogicalPlan.transformDownWithPruning(LogicalPlan.scala:30)
[2025-05-04T12:37:46.521+0000] {spark_submit.py:644} INFO - at org.apache.spark.sql.catalyst.trees.TreeNode.transformDown(TreeNode.scala:560)
[2025-05-04T12:37:46.521+0000] {spark_submit.py:644} INFO - at org.apache.spark.sql.execution.QueryExecution.eagerlyExecuteCommands(QueryExecution.scala:94)
[2025-05-04T12:37:46.521+0000] {spark_submit.py:644} INFO - at org.apache.spark.sql.execution.QueryExecution.commandExecuted$lzycompute(QueryExecution.scala:81)
[2025-05-04T12:37:46.521+0000] {spark_submit.py:644} INFO - at org.apache.spark.sql.execution.QueryExecution.commandExecuted(QueryExecution.scala:79)
[2025-05-04T12:37:46.521+0000] {spark_submit.py:644} INFO - at org.apache.spark.sql.execution.QueryExecution.assertCommandExecuted(QueryExecution.scala:116)
[2025-05-04T12:37:46.521+0000] {spark_submit.py:644} INFO - at org.apache.spark.sql.DataFrameWriter.runCommand(DataFrameWriter.scala:860)
[2025-05-04T12:37:46.521+0000] {spark_submit.py:644} INFO - at org.apache.spark.sql.DataFrameWriter.saveToV1Source(DataFrameWriter.scala:390)
[2025-05-04T12:37:46.521+0000] {spark_submit.py:644} INFO - at org.apache.spark.sql.DataFrameWriter.saveInternal(DataFrameWriter.scala:363)
[2025-05-04T12:37:46.521+0000] {spark_submit.py:644} INFO - at org.apache.spark.sql.DataFrameWriter.save(DataFrameWriter.scala:239)
[2025-05-04T12:37:46.521+0000] {spark_submit.py:644} INFO - at org.apache.spark.sql.DataFrameWriter.parquet(DataFrameWriter.scala:793)
[2025-05-04T12:37:46.522+0000] {spark_submit.py:644} INFO - at java.base/jdk.internal.reflect.NativeMethodAccessorImpl.invoke0(Native Method)
[2025-05-04T12:37:46.522+0000] {spark_submit.py:644} INFO - at java.base/jdk.internal.reflect.NativeMethodAccessorImpl.invoke(NativeMethodAccessorImpl.java:77)
[2025-05-04T12:37:46.522+0000] {spark_submit.py:644} INFO - at java.base/jdk.internal.reflect.DelegatingMethodAccessorImpl.invoke(DelegatingMethodAccessorImpl.java:43)
[2025-05-04T12:37:46.522+0000] {spark_submit.py:644} INFO - at java.base/java.lang.reflect.Method.invoke(Method.java:569)
[2025-05-04T12:37:46.522+0000] {spark_submit.py:644} INFO - at py4j.reflection.MethodInvoker.invoke(MethodInvoker.java:244)
[2025-05-04T12:37:46.522+0000] {spark_submit.py:644} INFO - at py4j.reflection.ReflectionEngine.invoke(ReflectionEngine.java:357)
[2025-05-04T12:37:46.522+0000] {spark_submit.py:644} INFO - at py4j.Gateway.invoke(Gateway.java:282)
[2025-05-04T12:37:46.522+0000] {spark_submit.py:644} INFO - at py4j.commands.AbstractCommand.invokeMethod(AbstractCommand.java:132)
[2025-05-04T12:37:46.522+0000] {spark_submit.py:644} INFO - at py4j.commands.CallCommand.execute(CallCommand.java:79)
[2025-05-04T12:37:46.522+0000] {spark_submit.py:644} INFO - at py4j.ClientServerConnection.waitForCommands(ClientServerConnection.java:182)
[2025-05-04T12:37:46.522+0000] {spark_submit.py:644} INFO - at py4j.ClientServerConnection.run(ClientServerConnection.java:106)
[2025-05-04T12:37:46.522+0000] {spark_submit.py:644} INFO - at java.base/java.lang.Thread.run(Thread.java:840)
[2025-05-04T12:37:46.522+0000] {spark_submit.py:644} INFO - Caused by: org.apache.spark.SparkException: Job aborted due to stage failure: Task 1 in stage 1.0 failed 4 times, most recent failure: Lost task 1.3 in stage 1.0 (TID 7) (172.19.0.7 executor 0): java.io.IOException: Cannot run program "/usr/local/bin/python3": error=2, No such file or directory
[2025-05-04T12:37:46.522+0000] {spark_submit.py:644} INFO - at java.lang.ProcessBuilder.start(ProcessBuilder.java:1048)
[2025-05-04T12:37:46.523+0000] {spark_submit.py:644} INFO - at org.apache.spark.api.python.PythonWorkerFactory.startDaemon(PythonWorkerFactory.scala:216)
[2025-05-04T12:37:46.523+0000] {spark_submit.py:644} INFO - at org.apache.spark.api.python.PythonWorkerFactory.createThroughDaemon(PythonWorkerFactory.scala:134)
[2025-05-04T12:37:46.523+0000] {spark_submit.py:644} INFO - at org.apache.spark.api.python.PythonWorkerFactory.create(PythonWorkerFactory.scala:107)
[2025-05-04T12:37:46.523+0000] {spark_submit.py:644} INFO - at org.apache.spark.SparkEnv.createPythonWorker(SparkEnv.scala:124)
[2025-05-04T12:37:46.523+0000] {spark_submit.py:644} INFO - at org.apache.spark.api.python.BasePythonRunner.compute(PythonRunner.scala:164)
[2025-05-04T12:37:46.523+0000] {spark_submit.py:644} INFO - at org.apache.spark.sql.execution.python.BatchEvalPythonExec.evaluate(BatchEvalPythonExec.scala:81)
[2025-05-04T12:37:46.523+0000] {spark_submit.py:644} INFO - at org.apache.spark.sql.execution.python.EvalPythonExec.$anonfun$doExecute$2(EvalPythonExec.scala:130)
[2025-05-04T12:37:46.523+0000] {spark_submit.py:644} INFO - at org.apache.spark.rdd.RDD.$anonfun$mapPartitions$2(RDD.scala:855)
[2025-05-04T12:37:46.523+0000] {spark_submit.py:644} INFO - at org.apache.spark.rdd.RDD.$anonfun$mapPartitions$2$adapted(RDD.scala:855)
[2025-05-04T12:37:46.523+0000] {spark_submit.py:644} INFO - at org.apache.spark.rdd.MapPartitionsRDD.compute(MapPartitionsRDD.scala:52)
[2025-05-04T12:37:46.523+0000] {spark_submit.py:644} INFO - at org.apache.spark.rdd.RDD.computeOrReadCheckpoint(RDD.scala:365)
[2025-05-04T12:37:46.523+0000] {spark_submit.py:644} INFO - at org.apache.spark.rdd.RDD.iterator(RDD.scala:329)
[2025-05-04T12:37:46.523+0000] {spark_submit.py:644} INFO - at org.apache.spark.rdd.MapPartitionsRDD.compute(MapPartitionsRDD.scala:52)
[2025-05-04T12:37:46.523+0000] {spark_submit.py:644} INFO - at org.apache.spark.rdd.RDD.computeOrReadCheckpoint(RDD.scala:365)
[2025-05-04T12:37:46.524+0000] {spark_submit.py:644} INFO - at org.apache.spark.rdd.RDD.iterator(RDD.scala:329)
[2025-05-04T12:37:46.524+0000] {spark_submit.py:644} INFO - at org.apache.spark.scheduler.ResultTask.runTask(ResultTask.scala:90)
[2025-05-04T12:37:46.524+0000] {spark_submit.py:644} INFO - at org.apache.spark.scheduler.Task.run(Task.scala:136)
[2025-05-04T12:37:46.524+0000] {spark_submit.py:644} INFO - at org.apache.spark.executor.Executor$TaskRunner.$anonfun$run$3(Executor.scala:548)
[2025-05-04T12:37:46.524+0000] {spark_submit.py:644} INFO - at org.apache.spark.util.Utils$.tryWithSafeFinally(Utils.scala:1504)
[2025-05-04T12:37:46.524+0000] {spark_submit.py:644} INFO - at org.apache.spark.executor.Executor$TaskRunner.run(Executor.scala:551)
[2025-05-04T12:37:46.524+0000] {spark_submit.py:644} INFO - at java.util.concurrent.ThreadPoolExecutor.runWorker(ThreadPoolExecutor.java:1149)
[2025-05-04T12:37:46.524+0000] {spark_submit.py:644} INFO - at java.util.concurrent.ThreadPoolExecutor$Worker.run(ThreadPoolExecutor.java:624)
[2025-05-04T12:37:46.524+0000] {spark_submit.py:644} INFO - at java.lang.Thread.run(Thread.java:748)
[2025-05-04T12:37:46.524+0000] {spark_submit.py:644} INFO - Caused by: java.io.IOException: error=2, No such file or directory
[2025-05-04T12:37:46.524+0000] {spark_submit.py:644} INFO - at java.lang.UNIXProcess.forkAndExec(Native Method)
[2025-05-04T12:37:46.524+0000] {spark_submit.py:644} INFO - at java.lang.UNIXProcess.<init>(UNIXProcess.java:247)
[2025-05-04T12:37:46.524+0000] {spark_submit.py:644} INFO - at java.lang.ProcessImpl.start(ProcessImpl.java:134)
[2025-05-04T12:37:46.525+0000] {spark_submit.py:644} INFO - at java.lang.ProcessBuilder.start(ProcessBuilder.java:1029)
[2025-05-04T12:37:46.525+0000] {spark_submit.py:644} INFO - ... 23 more
[2025-05-04T12:37:46.525+0000] {spark_submit.py:644} INFO - 
[2025-05-04T12:37:46.525+0000] {spark_submit.py:644} INFO - Driver stacktrace:
[2025-05-04T12:37:46.525+0000] {spark_submit.py:644} INFO - at org.apache.spark.scheduler.DAGScheduler.failJobAndIndependentStages(DAGScheduler.scala:2672)
[2025-05-04T12:37:46.525+0000] {spark_submit.py:644} INFO - at org.apache.spark.scheduler.DAGScheduler.$anonfun$abortStage$2(DAGScheduler.scala:2608)
[2025-05-04T12:37:46.525+0000] {spark_submit.py:644} INFO - at org.apache.spark.scheduler.DAGScheduler.$anonfun$abortStage$2$adapted(DAGScheduler.scala:2607)
[2025-05-04T12:37:46.525+0000] {spark_submit.py:644} INFO - at scala.collection.mutable.ResizableArray.foreach(ResizableArray.scala:62)
[2025-05-04T12:37:46.525+0000] {spark_submit.py:644} INFO - at scala.collection.mutable.ResizableArray.foreach$(ResizableArray.scala:55)
[2025-05-04T12:37:46.525+0000] {spark_submit.py:644} INFO - at scala.collection.mutable.ArrayBuffer.foreach(ArrayBuffer.scala:49)
[2025-05-04T12:37:46.525+0000] {spark_submit.py:644} INFO - at org.apache.spark.scheduler.DAGScheduler.abortStage(DAGScheduler.scala:2607)
[2025-05-04T12:37:46.525+0000] {spark_submit.py:644} INFO - at org.apache.spark.scheduler.DAGScheduler.$anonfun$handleTaskSetFailed$1(DAGScheduler.scala:1182)
[2025-05-04T12:37:46.525+0000] {spark_submit.py:644} INFO - at org.apache.spark.scheduler.DAGScheduler.$anonfun$handleTaskSetFailed$1$adapted(DAGScheduler.scala:1182)
[2025-05-04T12:37:46.526+0000] {spark_submit.py:644} INFO - at scala.Option.foreach(Option.scala:407)
[2025-05-04T12:37:46.526+0000] {spark_submit.py:644} INFO - at org.apache.spark.scheduler.DAGScheduler.handleTaskSetFailed(DAGScheduler.scala:1182)
[2025-05-04T12:37:46.526+0000] {spark_submit.py:644} INFO - at org.apache.spark.scheduler.DAGSchedulerEventProcessLoop.doOnReceive(DAGScheduler.scala:2860)
[2025-05-04T12:37:46.526+0000] {spark_submit.py:644} INFO - at org.apache.spark.scheduler.DAGSchedulerEventProcessLoop.onReceive(DAGScheduler.scala:2802)
[2025-05-04T12:37:46.526+0000] {spark_submit.py:644} INFO - at org.apache.spark.scheduler.DAGSchedulerEventProcessLoop.onReceive(DAGScheduler.scala:2791)
[2025-05-04T12:37:46.526+0000] {spark_submit.py:644} INFO - at org.apache.spark.util.EventLoop$$anon$1.run(EventLoop.scala:49)
[2025-05-04T12:37:46.526+0000] {spark_submit.py:644} INFO - at org.apache.spark.scheduler.DAGScheduler.runJob(DAGScheduler.scala:952)
[2025-05-04T12:37:46.526+0000] {spark_submit.py:644} INFO - at org.apache.spark.SparkContext.runJob(SparkContext.scala:2228)
[2025-05-04T12:37:46.526+0000] {spark_submit.py:644} INFO - at org.apache.spark.sql.execution.datasources.FileFormatWriter$.write(FileFormatWriter.scala:245)
[2025-05-04T12:37:46.526+0000] {spark_submit.py:644} INFO - ... 42 more
[2025-05-04T12:37:46.526+0000] {spark_submit.py:644} INFO - Caused by: java.io.IOException: Cannot run program "/usr/local/bin/python3": error=2, No such file or directory
[2025-05-04T12:37:46.527+0000] {spark_submit.py:644} INFO - at java.lang.ProcessBuilder.start(ProcessBuilder.java:1048)
[2025-05-04T12:37:46.527+0000] {spark_submit.py:644} INFO - at org.apache.spark.api.python.PythonWorkerFactory.startDaemon(PythonWorkerFactory.scala:216)
[2025-05-04T12:37:46.527+0000] {spark_submit.py:644} INFO - at org.apache.spark.api.python.PythonWorkerFactory.createThroughDaemon(PythonWorkerFactory.scala:134)
[2025-05-04T12:37:46.527+0000] {spark_submit.py:644} INFO - at org.apache.spark.api.python.PythonWorkerFactory.create(PythonWorkerFactory.scala:107)
[2025-05-04T12:37:46.527+0000] {spark_submit.py:644} INFO - at org.apache.spark.SparkEnv.createPythonWorker(SparkEnv.scala:124)
[2025-05-04T12:37:46.527+0000] {spark_submit.py:644} INFO - at org.apache.spark.api.python.BasePythonRunner.compute(PythonRunner.scala:164)
[2025-05-04T12:37:46.527+0000] {spark_submit.py:644} INFO - at org.apache.spark.sql.execution.python.BatchEvalPythonExec.evaluate(BatchEvalPythonExec.scala:81)
[2025-05-04T12:37:46.527+0000] {spark_submit.py:644} INFO - at org.apache.spark.sql.execution.python.EvalPythonExec.$anonfun$doExecute$2(EvalPythonExec.scala:130)
[2025-05-04T12:37:46.527+0000] {spark_submit.py:644} INFO - at org.apache.spark.rdd.RDD.$anonfun$mapPartitions$2(RDD.scala:855)
[2025-05-04T12:37:46.527+0000] {spark_submit.py:644} INFO - at org.apache.spark.rdd.RDD.$anonfun$mapPartitions$2$adapted(RDD.scala:855)
[2025-05-04T12:37:46.527+0000] {spark_submit.py:644} INFO - at org.apache.spark.rdd.MapPartitionsRDD.compute(MapPartitionsRDD.scala:52)
[2025-05-04T12:37:46.528+0000] {spark_submit.py:644} INFO - at org.apache.spark.rdd.RDD.computeOrReadCheckpoint(RDD.scala:365)
[2025-05-04T12:37:46.528+0000] {spark_submit.py:644} INFO - at org.apache.spark.rdd.RDD.iterator(RDD.scala:329)
[2025-05-04T12:37:46.528+0000] {spark_submit.py:644} INFO - at org.apache.spark.rdd.MapPartitionsRDD.compute(MapPartitionsRDD.scala:52)
[2025-05-04T12:37:46.528+0000] {spark_submit.py:644} INFO - at org.apache.spark.rdd.RDD.computeOrReadCheckpoint(RDD.scala:365)
[2025-05-04T12:37:46.528+0000] {spark_submit.py:644} INFO - at org.apache.spark.rdd.RDD.iterator(RDD.scala:329)
[2025-05-04T12:37:46.528+0000] {spark_submit.py:644} INFO - at org.apache.spark.scheduler.ResultTask.runTask(ResultTask.scala:90)
[2025-05-04T12:37:46.528+0000] {spark_submit.py:644} INFO - at org.apache.spark.scheduler.Task.run(Task.scala:136)
[2025-05-04T12:37:46.528+0000] {spark_submit.py:644} INFO - at org.apache.spark.executor.Executor$TaskRunner.$anonfun$run$3(Executor.scala:548)
[2025-05-04T12:37:46.528+0000] {spark_submit.py:644} INFO - at org.apache.spark.util.Utils$.tryWithSafeFinally(Utils.scala:1504)
[2025-05-04T12:37:46.528+0000] {spark_submit.py:644} INFO - at org.apache.spark.executor.Executor$TaskRunner.run(Executor.scala:551)
[2025-05-04T12:37:46.528+0000] {spark_submit.py:644} INFO - at java.util.concurrent.ThreadPoolExecutor.runWorker(ThreadPoolExecutor.java:1149)
[2025-05-04T12:37:46.528+0000] {spark_submit.py:644} INFO - at java.util.concurrent.ThreadPoolExecutor$Worker.run(ThreadPoolExecutor.java:624)
[2025-05-04T12:37:46.528+0000] {spark_submit.py:644} INFO - at java.lang.Thread.run(Thread.java:748)
[2025-05-04T12:37:46.529+0000] {spark_submit.py:644} INFO - Caused by: java.io.IOException: error=2, No such file or directory
[2025-05-04T12:37:46.529+0000] {spark_submit.py:644} INFO - at java.lang.UNIXProcess.forkAndExec(Native Method)
[2025-05-04T12:37:46.529+0000] {spark_submit.py:644} INFO - at java.lang.UNIXProcess.<init>(UNIXProcess.java:247)
[2025-05-04T12:37:46.529+0000] {spark_submit.py:644} INFO - at java.lang.ProcessImpl.start(ProcessImpl.java:134)
[2025-05-04T12:37:46.529+0000] {spark_submit.py:644} INFO - at java.lang.ProcessBuilder.start(ProcessBuilder.java:1029)
[2025-05-04T12:37:46.529+0000] {spark_submit.py:644} INFO - ... 23 more
[2025-05-04T12:37:46.529+0000] {spark_submit.py:644} INFO - 
[2025-05-04T12:37:46.550+0000] {spark_submit.py:644} INFO - 25/05/04 12:37:46 INFO SparkContext: Invoking stop() from shutdown hook
[2025-05-04T12:37:46.559+0000] {spark_submit.py:644} INFO - 25/05/04 12:37:46 INFO SparkUI: Stopped Spark web UI at http://46ac33aab208:4040
[2025-05-04T12:37:46.561+0000] {spark_submit.py:644} INFO - 25/05/04 12:37:46 INFO StandaloneSchedulerBackend: Shutting down all executors
[2025-05-04T12:37:46.562+0000] {spark_submit.py:644} INFO - 25/05/04 12:37:46 INFO CoarseGrainedSchedulerBackend$DriverEndpoint: Asking each executor to shut down
[2025-05-04T12:37:46.582+0000] {spark_submit.py:644} INFO - 25/05/04 12:37:46 INFO MapOutputTrackerMasterEndpoint: MapOutputTrackerMasterEndpoint stopped!
[2025-05-04T12:37:46.604+0000] {spark_submit.py:644} INFO - 25/05/04 12:37:46 INFO MemoryStore: MemoryStore cleared
[2025-05-04T12:37:46.604+0000] {spark_submit.py:644} INFO - 25/05/04 12:37:46 INFO BlockManager: BlockManager stopped
[2025-05-04T12:37:46.607+0000] {spark_submit.py:644} INFO - 25/05/04 12:37:46 INFO BlockManagerMaster: BlockManagerMaster stopped
[2025-05-04T12:37:46.609+0000] {spark_submit.py:644} INFO - 25/05/04 12:37:46 INFO OutputCommitCoordinator$OutputCommitCoordinatorEndpoint: OutputCommitCoordinator stopped!
[2025-05-04T12:37:46.620+0000] {spark_submit.py:644} INFO - 25/05/04 12:37:46 INFO SparkContext: Successfully stopped SparkContext
[2025-05-04T12:37:46.620+0000] {spark_submit.py:644} INFO - 25/05/04 12:37:46 INFO ShutdownHookManager: Shutdown hook called
[2025-05-04T12:37:46.621+0000] {spark_submit.py:644} INFO - 25/05/04 12:37:46 INFO ShutdownHookManager: Deleting directory /tmp/spark-7ac6a154-37b7-41ca-9d82-5f3bb82dcae9
[2025-05-04T12:37:46.624+0000] {spark_submit.py:644} INFO - 25/05/04 12:37:46 INFO ShutdownHookManager: Deleting directory /tmp/spark-854add03-5bec-4f96-8b4d-4954d578d228/pyspark-6151eb57-f5f4-4922-904a-e5f2ffdae2c6
[2025-05-04T12:37:46.628+0000] {spark_submit.py:644} INFO - 25/05/04 12:37:46 INFO ShutdownHookManager: Deleting directory /tmp/spark-854add03-5bec-4f96-8b4d-4954d578d228
[2025-05-04T12:37:46.657+0000] {taskinstance.py:441} INFO - ::group::Post task execution logs
[2025-05-04T12:37:46.691+0000] {taskinstance.py:2905} ERROR - Task failed with exception
Traceback (most recent call last):
  File "/home/airflow/.local/lib/python3.10/site-packages/airflow/models/taskinstance.py", line 465, in _execute_task
    result = _execute_callable(context=context, **execute_callable_kwargs)
  File "/home/airflow/.local/lib/python3.10/site-packages/airflow/models/taskinstance.py", line 432, in _execute_callable
    return execute_callable(context=context, **execute_callable_kwargs)
  File "/home/airflow/.local/lib/python3.10/site-packages/airflow/models/baseoperator.py", line 400, in wrapper
    return func(self, *args, **kwargs)
  File "/home/airflow/.local/lib/python3.10/site-packages/airflow/providers/apache/spark/operators/spark_submit.py", line 197, in execute
    self._hook.submit(self.application)
  File "/home/airflow/.local/lib/python3.10/site-packages/airflow/providers/apache/spark/hooks/spark_submit.py", line 566, in submit
    raise AirflowException(
airflow.exceptions.AirflowException: Cannot execute: spark-submit --master spark://spark-master:7077 --conf spark.master=spark://spark-master:7077 --conf spark.pyspark.python=/usr/local/bin/python3 --name BronzeToSilver --verbose --queue root.default --deploy-mode client /opt/airflow/dags/bronze_to_silver.py. Error code is: 1.
[2025-05-04T12:37:46.694+0000] {taskinstance.py:1206} INFO - Marking task as FAILED. dag_id=final_project_BBDL, task_id=BronzeToSilver, run_id=manual__2025-05-04T12:37:11.774515+00:00, execution_date=20250504T123711, start_date=20250504T123734, end_date=20250504T123746
[2025-05-04T12:37:46.725+0000] {standard_task_runner.py:110} ERROR - Failed to execute job 4 for task BronzeToSilver (Cannot execute: spark-submit --master spark://spark-master:7077 --conf spark.master=spark://spark-master:7077 --conf spark.pyspark.python=/usr/local/bin/python3 --name BronzeToSilver --verbose --queue root.default --deploy-mode client /opt/airflow/dags/bronze_to_silver.py. Error code is: 1.; 581)
[2025-05-04T12:37:46.738+0000] {local_task_job_runner.py:240} INFO - Task exited with return code 1
[2025-05-04T12:37:46.781+0000] {taskinstance.py:3498} INFO - 0 downstream tasks scheduled from follow-on schedule check
[2025-05-04T12:37:46.810+0000] {local_task_job_runner.py:222} INFO - ::endgroup::
