[2025-05-08T09:22:12.589+0000] {taskinstance.py:1103} INFO - Dependencies all met for dep_context=non-requeueable deps ti=<TaskInstance: final_project_BBDL.SilverToGold manual__2025-05-08T09:21:23.867580+00:00 [queued]>
[2025-05-08T09:22:12.600+0000] {taskinstance.py:1103} INFO - Dependencies all met for dep_context=requeueable deps ti=<TaskInstance: final_project_BBDL.SilverToGold manual__2025-05-08T09:21:23.867580+00:00 [queued]>
[2025-05-08T09:22:12.600+0000] {taskinstance.py:1308} INFO - Starting attempt 1 of 1
[2025-05-08T09:22:12.639+0000] {taskinstance.py:1327} INFO - Executing <Task(SparkSubmitOperator): SilverToGold> on 2025-05-08 09:21:23.867580+00:00
[2025-05-08T09:22:12.642+0000] {standard_task_runner.py:57} INFO - Started process 705 to run task
[2025-05-08T09:22:12.646+0000] {standard_task_runner.py:84} INFO - Running: ['airflow', 'tasks', 'run', 'final_project_BBDL', 'SilverToGold', 'manual__2025-05-08T09:21:23.867580+00:00', '--job-id', '17', '--raw', '--subdir', 'DAGS_FOLDER/project_solution.py', '--cfg-path', '/tmp/tmpxjpwai7i']
[2025-05-08T09:22:12.647+0000] {standard_task_runner.py:85} INFO - Job 17: Subtask SilverToGold
[2025-05-08T09:22:12.684+0000] {logging_mixin.py:150} WARNING - /home/airflow/.local/lib/python3.7/site-packages/airflow/settings.py:195 DeprecationWarning: The sql_alchemy_conn option in [core] has been moved to the sql_alchemy_conn option in [database] - the old setting has been used, but please update your config.
[2025-05-08T09:22:12.729+0000] {task_command.py:410} INFO - Running <TaskInstance: final_project_BBDL.SilverToGold manual__2025-05-08T09:21:23.867580+00:00 [running]> on host 8c439b56c25d
[2025-05-08T09:22:13.055+0000] {taskinstance.py:1547} INFO - Exporting env vars: AIRFLOW_CTX_DAG_OWNER='airflow' AIRFLOW_CTX_DAG_ID='final_project_BBDL' AIRFLOW_CTX_TASK_ID='SilverToGold' AIRFLOW_CTX_EXECUTION_DATE='2025-05-08T09:21:23.867580+00:00' AIRFLOW_CTX_TRY_NUMBER='1' AIRFLOW_CTX_DAG_RUN_ID='manual__2025-05-08T09:21:23.867580+00:00'
[2025-05-08T09:22:13.067+0000] {base.py:73} INFO - Using connection ID 'spark_default' for task execution.
[2025-05-08T09:22:13.071+0000] {spark_submit.py:339} INFO - Spark-Submit cmd: spark-submit --master spark://spark-master:7077 --conf spark.master=spark://spark-master:7077 --conf spark.submit.deployMode=client --conf spark.pyspark.python=/usr/bin/python3 --conf spark.executorEnv.PYSPARK_PYTHON=/usr/bin/python3 --name SilverToGold --verbose --queue root.default /opt/airflow/dags/silver_to_gold.py
[2025-05-08T09:22:14.630+0000] {spark_submit.py:490} INFO - Using properties file: null
[2025-05-08T09:22:14.738+0000] {spark_submit.py:490} INFO - Parsed arguments:
[2025-05-08T09:22:14.738+0000] {spark_submit.py:490} INFO - master                  spark://spark-master:7077
[2025-05-08T09:22:14.739+0000] {spark_submit.py:490} INFO - deployMode              client
[2025-05-08T09:22:14.739+0000] {spark_submit.py:490} INFO - executorMemory          null
[2025-05-08T09:22:14.739+0000] {spark_submit.py:490} INFO - executorCores           null
[2025-05-08T09:22:14.739+0000] {spark_submit.py:490} INFO - totalExecutorCores      null
[2025-05-08T09:22:14.739+0000] {spark_submit.py:490} INFO - propertiesFile          null
[2025-05-08T09:22:14.739+0000] {spark_submit.py:490} INFO - driverMemory            null
[2025-05-08T09:22:14.739+0000] {spark_submit.py:490} INFO - driverCores             null
[2025-05-08T09:22:14.739+0000] {spark_submit.py:490} INFO - driverExtraClassPath    null
[2025-05-08T09:22:14.739+0000] {spark_submit.py:490} INFO - driverExtraLibraryPath  null
[2025-05-08T09:22:14.740+0000] {spark_submit.py:490} INFO - driverExtraJavaOptions  null
[2025-05-08T09:22:14.740+0000] {spark_submit.py:490} INFO - supervise               false
[2025-05-08T09:22:14.740+0000] {spark_submit.py:490} INFO - queue                   root.default
[2025-05-08T09:22:14.740+0000] {spark_submit.py:490} INFO - numExecutors            null
[2025-05-08T09:22:14.740+0000] {spark_submit.py:490} INFO - files                   null
[2025-05-08T09:22:14.740+0000] {spark_submit.py:490} INFO - pyFiles                 null
[2025-05-08T09:22:14.740+0000] {spark_submit.py:490} INFO - archives                null
[2025-05-08T09:22:14.740+0000] {spark_submit.py:490} INFO - mainClass               null
[2025-05-08T09:22:14.740+0000] {spark_submit.py:490} INFO - primaryResource         file:/opt/airflow/dags/silver_to_gold.py
[2025-05-08T09:22:14.741+0000] {spark_submit.py:490} INFO - name                    SilverToGold
[2025-05-08T09:22:14.741+0000] {spark_submit.py:490} INFO - childArgs               []
[2025-05-08T09:22:14.741+0000] {spark_submit.py:490} INFO - jars                    null
[2025-05-08T09:22:14.741+0000] {spark_submit.py:490} INFO - packages                null
[2025-05-08T09:22:14.741+0000] {spark_submit.py:490} INFO - packagesExclusions      null
[2025-05-08T09:22:14.741+0000] {spark_submit.py:490} INFO - repositories            null
[2025-05-08T09:22:14.741+0000] {spark_submit.py:490} INFO - verbose                 true
[2025-05-08T09:22:14.741+0000] {spark_submit.py:490} INFO - 
[2025-05-08T09:22:14.741+0000] {spark_submit.py:490} INFO - Spark properties used, including those specified through
[2025-05-08T09:22:14.742+0000] {spark_submit.py:490} INFO - --conf and those from the properties file null:
[2025-05-08T09:22:14.742+0000] {spark_submit.py:490} INFO - (spark.executorEnv.PYSPARK_PYTHON,/usr/bin/python3)
[2025-05-08T09:22:14.742+0000] {spark_submit.py:490} INFO - (spark.master,spark://spark-master:7077)
[2025-05-08T09:22:14.742+0000] {spark_submit.py:490} INFO - (spark.pyspark.python,/usr/bin/python3)
[2025-05-08T09:22:14.742+0000] {spark_submit.py:490} INFO - (spark.submit.deployMode,client)
[2025-05-08T09:22:14.742+0000] {spark_submit.py:490} INFO - 
[2025-05-08T09:22:14.742+0000] {spark_submit.py:490} INFO - 
[2025-05-08T09:22:15.097+0000] {spark_submit.py:490} INFO - Main class:
[2025-05-08T09:22:15.097+0000] {spark_submit.py:490} INFO - org.apache.spark.deploy.PythonRunner
[2025-05-08T09:22:15.097+0000] {spark_submit.py:490} INFO - Arguments:
[2025-05-08T09:22:15.097+0000] {spark_submit.py:490} INFO - file:/opt/airflow/dags/silver_to_gold.py
[2025-05-08T09:22:15.098+0000] {spark_submit.py:490} INFO - null
[2025-05-08T09:22:15.099+0000] {spark_submit.py:490} INFO - Spark config:
[2025-05-08T09:22:15.099+0000] {spark_submit.py:490} INFO - (spark.app.name,SilverToGold)
[2025-05-08T09:22:15.100+0000] {spark_submit.py:490} INFO - (spark.app.submitTime,1746696135083)
[2025-05-08T09:22:15.100+0000] {spark_submit.py:490} INFO - (spark.executorEnv.PYSPARK_PYTHON,/usr/bin/python3)
[2025-05-08T09:22:15.100+0000] {spark_submit.py:490} INFO - (spark.master,spark://spark-master:7077)
[2025-05-08T09:22:15.100+0000] {spark_submit.py:490} INFO - (spark.pyspark.python,/usr/bin/python3)
[2025-05-08T09:22:15.100+0000] {spark_submit.py:490} INFO - (spark.submit.deployMode,client)
[2025-05-08T09:22:15.100+0000] {spark_submit.py:490} INFO - (spark.submit.pyFiles,)
[2025-05-08T09:22:15.100+0000] {spark_submit.py:490} INFO - Classpath elements:
[2025-05-08T09:22:15.100+0000] {spark_submit.py:490} INFO - 
[2025-05-08T09:22:15.100+0000] {spark_submit.py:490} INFO - 
[2025-05-08T09:22:15.101+0000] {spark_submit.py:490} INFO - 
[2025-05-08T09:22:15.565+0000] {spark_submit.py:490} INFO - 25/05/08 09:22:15 INFO SparkContext: Running Spark version 3.3.0
[2025-05-08T09:22:15.632+0000] {spark_submit.py:490} INFO - 25/05/08 09:22:15 WARN NativeCodeLoader: Unable to load native-hadoop library for your platform... using builtin-java classes where applicable
[2025-05-08T09:22:15.714+0000] {spark_submit.py:490} INFO - 25/05/08 09:22:15 INFO ResourceUtils: ==============================================================
[2025-05-08T09:22:15.714+0000] {spark_submit.py:490} INFO - 25/05/08 09:22:15 INFO ResourceUtils: No custom resources configured for spark.driver.
[2025-05-08T09:22:15.714+0000] {spark_submit.py:490} INFO - 25/05/08 09:22:15 INFO ResourceUtils: ==============================================================
[2025-05-08T09:22:15.715+0000] {spark_submit.py:490} INFO - 25/05/08 09:22:15 INFO SparkContext: Submitted application: SilverToGold
[2025-05-08T09:22:15.736+0000] {spark_submit.py:490} INFO - 25/05/08 09:22:15 INFO ResourceProfile: Default ResourceProfile created, executor resources: Map(cores -> name: cores, amount: 1, script: , vendor: , memory -> name: memory, amount: 1024, script: , vendor: , offHeap -> name: offHeap, amount: 0, script: , vendor: ), task resources: Map(cpus -> name: cpus, amount: 1.0)
[2025-05-08T09:22:15.747+0000] {spark_submit.py:490} INFO - 25/05/08 09:22:15 INFO ResourceProfile: Limiting resource is cpu
[2025-05-08T09:22:15.748+0000] {spark_submit.py:490} INFO - 25/05/08 09:22:15 INFO ResourceProfileManager: Added ResourceProfile id: 0
[2025-05-08T09:22:15.796+0000] {spark_submit.py:490} INFO - 25/05/08 09:22:15 INFO SecurityManager: Changing view acls to: root
[2025-05-08T09:22:15.796+0000] {spark_submit.py:490} INFO - 25/05/08 09:22:15 INFO SecurityManager: Changing modify acls to: root
[2025-05-08T09:22:15.797+0000] {spark_submit.py:490} INFO - 25/05/08 09:22:15 INFO SecurityManager: Changing view acls groups to:
[2025-05-08T09:22:15.797+0000] {spark_submit.py:490} INFO - 25/05/08 09:22:15 INFO SecurityManager: Changing modify acls groups to:
[2025-05-08T09:22:15.798+0000] {spark_submit.py:490} INFO - 25/05/08 09:22:15 INFO SecurityManager: SecurityManager: authentication disabled; ui acls disabled; users  with view permissions: Set(root); groups with view permissions: Set(); users  with modify permissions: Set(root); groups with modify permissions: Set()
[2025-05-08T09:22:16.049+0000] {spark_submit.py:490} INFO - 25/05/08 09:22:16 INFO Utils: Successfully started service 'sparkDriver' on port 34161.
[2025-05-08T09:22:16.077+0000] {spark_submit.py:490} INFO - 25/05/08 09:22:16 INFO SparkEnv: Registering MapOutputTracker
[2025-05-08T09:22:16.109+0000] {spark_submit.py:490} INFO - 25/05/08 09:22:16 INFO SparkEnv: Registering BlockManagerMaster
[2025-05-08T09:22:16.128+0000] {spark_submit.py:490} INFO - 25/05/08 09:22:16 INFO BlockManagerMasterEndpoint: Using org.apache.spark.storage.DefaultTopologyMapper for getting topology information
[2025-05-08T09:22:16.128+0000] {spark_submit.py:490} INFO - 25/05/08 09:22:16 INFO BlockManagerMasterEndpoint: BlockManagerMasterEndpoint up
[2025-05-08T09:22:16.134+0000] {spark_submit.py:490} INFO - 25/05/08 09:22:16 INFO SparkEnv: Registering BlockManagerMasterHeartbeat
[2025-05-08T09:22:16.154+0000] {spark_submit.py:490} INFO - 25/05/08 09:22:16 INFO DiskBlockManager: Created local directory at /tmp/blockmgr-aecc93be-810f-4333-9968-0a782118781f
[2025-05-08T09:22:16.170+0000] {spark_submit.py:490} INFO - 25/05/08 09:22:16 INFO MemoryStore: MemoryStore started with capacity 434.4 MiB
[2025-05-08T09:22:16.186+0000] {spark_submit.py:490} INFO - 25/05/08 09:22:16 INFO SparkEnv: Registering OutputCommitCoordinator
[2025-05-08T09:22:16.378+0000] {spark_submit.py:490} INFO - 25/05/08 09:22:16 INFO Utils: Successfully started service 'SparkUI' on port 4040.
[2025-05-08T09:22:16.499+0000] {spark_submit.py:490} INFO - 25/05/08 09:22:16 INFO StandaloneAppClient$ClientEndpoint: Connecting to master spark://spark-master:7077...
[2025-05-08T09:22:16.543+0000] {spark_submit.py:490} INFO - 25/05/08 09:22:16 INFO TransportClientFactory: Successfully created connection to spark-master/172.18.0.3:7077 after 25 ms (0 ms spent in bootstraps)
[2025-05-08T09:22:16.629+0000] {spark_submit.py:490} INFO - 25/05/08 09:22:16 INFO StandaloneSchedulerBackend: Connected to Spark cluster with app ID app-20250508092216-0002
[2025-05-08T09:22:16.631+0000] {spark_submit.py:490} INFO - 25/05/08 09:22:16 INFO StandaloneAppClient$ClientEndpoint: Executor added: app-20250508092216-0002/0 on worker-20250508091956-172.18.0.7-36165 (172.18.0.7:36165) with 2 core(s)
[2025-05-08T09:22:16.634+0000] {spark_submit.py:490} INFO - 25/05/08 09:22:16 INFO StandaloneSchedulerBackend: Granted executor ID app-20250508092216-0002/0 on hostPort 172.18.0.7:36165 with 2 core(s), 1024.0 MiB RAM
[2025-05-08T09:22:16.644+0000] {spark_submit.py:490} INFO - 25/05/08 09:22:16 INFO Utils: Successfully started service 'org.apache.spark.network.netty.NettyBlockTransferService' on port 39671.
[2025-05-08T09:22:16.644+0000] {spark_submit.py:490} INFO - 25/05/08 09:22:16 INFO NettyBlockTransferService: Server created on 8c439b56c25d:39671
[2025-05-08T09:22:16.646+0000] {spark_submit.py:490} INFO - 25/05/08 09:22:16 INFO BlockManager: Using org.apache.spark.storage.RandomBlockReplicationPolicy for block replication policy
[2025-05-08T09:22:16.655+0000] {spark_submit.py:490} INFO - 25/05/08 09:22:16 INFO BlockManagerMaster: Registering BlockManager BlockManagerId(driver, 8c439b56c25d, 39671, None)
[2025-05-08T09:22:16.661+0000] {spark_submit.py:490} INFO - 25/05/08 09:22:16 INFO BlockManagerMasterEndpoint: Registering block manager 8c439b56c25d:39671 with 434.4 MiB RAM, BlockManagerId(driver, 8c439b56c25d, 39671, None)
[2025-05-08T09:22:16.664+0000] {spark_submit.py:490} INFO - 25/05/08 09:22:16 INFO BlockManagerMaster: Registered BlockManager BlockManagerId(driver, 8c439b56c25d, 39671, None)
[2025-05-08T09:22:16.665+0000] {spark_submit.py:490} INFO - 25/05/08 09:22:16 INFO BlockManager: Initialized BlockManager: BlockManagerId(driver, 8c439b56c25d, 39671, None)
[2025-05-08T09:22:16.673+0000] {spark_submit.py:490} INFO - 25/05/08 09:22:16 INFO StandaloneAppClient$ClientEndpoint: Executor updated: app-20250508092216-0002/0 is now RUNNING
[2025-05-08T09:22:16.879+0000] {spark_submit.py:490} INFO - 25/05/08 09:22:16 INFO StandaloneSchedulerBackend: SchedulerBackend is ready for scheduling beginning after reached minRegisteredResourcesRatio: 0.0
[2025-05-08T09:22:17.058+0000] {spark_submit.py:490} INFO - 2025-05-08 09:22:17,058 [INFO] 📁 Очікуваний шлях до silver athlete_event_results: /tmp/spark_data/silver/athlete_event_results/20250508
[2025-05-08T09:22:17.127+0000] {spark_submit.py:490} INFO - 25/05/08 09:22:17 INFO SharedState: Setting hive.metastore.warehouse.dir ('null') to the value of spark.sql.warehouse.dir.
[2025-05-08T09:22:17.137+0000] {spark_submit.py:490} INFO - 25/05/08 09:22:17 INFO SharedState: Warehouse path is 'file:/opt/airflow/spark-warehouse'.
[2025-05-08T09:22:18.058+0000] {spark_submit.py:490} INFO - 25/05/08 09:22:18 INFO InMemoryFileIndex: It took 61 ms to list leaf files for 1 paths.
[2025-05-08T09:22:18.547+0000] {spark_submit.py:490} INFO - 25/05/08 09:22:18 INFO SparkContext: Starting job: parquet at NativeMethodAccessorImpl.java:0
[2025-05-08T09:22:18.573+0000] {spark_submit.py:490} INFO - 25/05/08 09:22:18 INFO DAGScheduler: Got job 0 (parquet at NativeMethodAccessorImpl.java:0) with 1 output partitions
[2025-05-08T09:22:18.573+0000] {spark_submit.py:490} INFO - 25/05/08 09:22:18 INFO DAGScheduler: Final stage: ResultStage 0 (parquet at NativeMethodAccessorImpl.java:0)
[2025-05-08T09:22:18.573+0000] {spark_submit.py:490} INFO - 25/05/08 09:22:18 INFO DAGScheduler: Parents of final stage: List()
[2025-05-08T09:22:18.576+0000] {spark_submit.py:490} INFO - 25/05/08 09:22:18 INFO DAGScheduler: Missing parents: List()
[2025-05-08T09:22:18.585+0000] {spark_submit.py:490} INFO - 25/05/08 09:22:18 INFO DAGScheduler: Submitting ResultStage 0 (MapPartitionsRDD[1] at parquet at NativeMethodAccessorImpl.java:0), which has no missing parents
[2025-05-08T09:22:18.669+0000] {spark_submit.py:490} INFO - 25/05/08 09:22:18 INFO MemoryStore: Block broadcast_0 stored as values in memory (estimated size 102.8 KiB, free 434.3 MiB)
[2025-05-08T09:22:18.745+0000] {spark_submit.py:490} INFO - 25/05/08 09:22:18 INFO MemoryStore: Block broadcast_0_piece0 stored as bytes in memory (estimated size 36.9 KiB, free 434.3 MiB)
[2025-05-08T09:22:18.749+0000] {spark_submit.py:490} INFO - 25/05/08 09:22:18 INFO BlockManagerInfo: Added broadcast_0_piece0 in memory on 8c439b56c25d:39671 (size: 36.9 KiB, free: 434.4 MiB)
[2025-05-08T09:22:18.753+0000] {spark_submit.py:490} INFO - 25/05/08 09:22:18 INFO SparkContext: Created broadcast 0 from broadcast at DAGScheduler.scala:1513
[2025-05-08T09:22:18.774+0000] {spark_submit.py:490} INFO - 25/05/08 09:22:18 INFO DAGScheduler: Submitting 1 missing tasks from ResultStage 0 (MapPartitionsRDD[1] at parquet at NativeMethodAccessorImpl.java:0) (first 15 tasks are for partitions Vector(0))
[2025-05-08T09:22:18.775+0000] {spark_submit.py:490} INFO - 25/05/08 09:22:18 INFO TaskSchedulerImpl: Adding task set 0.0 with 1 tasks resource profile 0
[2025-05-08T09:22:19.639+0000] {spark_submit.py:490} INFO - 25/05/08 09:22:19 INFO CoarseGrainedSchedulerBackend$DriverEndpoint: Registered executor NettyRpcEndpointRef(spark-client://Executor) (172.18.0.7:41824) with ID 0,  ResourceProfileId 0
[2025-05-08T09:22:19.713+0000] {spark_submit.py:490} INFO - 25/05/08 09:22:19 INFO BlockManagerMasterEndpoint: Registering block manager 172.18.0.7:36775 with 366.3 MiB RAM, BlockManagerId(0, 172.18.0.7, 36775, None)
[2025-05-08T09:22:19.780+0000] {spark_submit.py:490} INFO - 25/05/08 09:22:19 INFO TaskSetManager: Starting task 0.0 in stage 0.0 (TID 0) (172.18.0.7, executor 0, partition 0, PROCESS_LOCAL, 4678 bytes) taskResourceAssignments Map()
[2025-05-08T09:22:20.028+0000] {spark_submit.py:490} INFO - 25/05/08 09:22:20 INFO BlockManagerInfo: Added broadcast_0_piece0 in memory on 172.18.0.7:36775 (size: 36.9 KiB, free: 366.3 MiB)
[2025-05-08T09:22:21.006+0000] {spark_submit.py:490} INFO - 25/05/08 09:22:21 INFO TaskSetManager: Finished task 0.0 in stage 0.0 (TID 0) in 1242 ms on 172.18.0.7 (executor 0) (1/1)
[2025-05-08T09:22:21.008+0000] {spark_submit.py:490} INFO - 25/05/08 09:22:21 INFO TaskSchedulerImpl: Removed TaskSet 0.0, whose tasks have all completed, from pool
[2025-05-08T09:22:21.013+0000] {spark_submit.py:490} INFO - 25/05/08 09:22:21 INFO DAGScheduler: ResultStage 0 (parquet at NativeMethodAccessorImpl.java:0) finished in 2.409 s
[2025-05-08T09:22:21.017+0000] {spark_submit.py:490} INFO - 25/05/08 09:22:21 INFO DAGScheduler: Job 0 is finished. Cancelling potential speculative or zombie tasks for this job
[2025-05-08T09:22:21.017+0000] {spark_submit.py:490} INFO - 25/05/08 09:22:21 INFO TaskSchedulerImpl: Killing all running tasks in stage 0: Stage finished
[2025-05-08T09:22:21.019+0000] {spark_submit.py:490} INFO - 25/05/08 09:22:21 INFO DAGScheduler: Job 0 finished: parquet at NativeMethodAccessorImpl.java:0, took 2.471186 s
[2025-05-08T09:22:21.325+0000] {spark_submit.py:490} INFO - 25/05/08 09:22:21 INFO BlockManagerInfo: Removed broadcast_0_piece0 on 8c439b56c25d:39671 in memory (size: 36.9 KiB, free: 434.4 MiB)
[2025-05-08T09:22:21.332+0000] {spark_submit.py:490} INFO - 25/05/08 09:22:21 INFO BlockManagerInfo: Removed broadcast_0_piece0 on 172.18.0.7:36775 in memory (size: 36.9 KiB, free: 366.3 MiB)
[2025-05-08T09:22:22.509+0000] {spark_submit.py:490} INFO - 2025-05-08 09:22:22,509 [INFO] 📊 Агрувація кількості медалей за sport, country_noc, medal
[2025-05-08T09:22:22.643+0000] {spark_submit.py:490} INFO - 2025-05-08 09:22:22,643 [INFO] 📑 Схема фінального gold-фрейму:
[2025-05-08T09:22:22.650+0000] {spark_submit.py:490} INFO - root
[2025-05-08T09:22:22.650+0000] {spark_submit.py:490} INFO - |-- sport: string (nullable = true)
[2025-05-08T09:22:22.650+0000] {spark_submit.py:490} INFO - |-- country_noc: string (nullable = true)
[2025-05-08T09:22:22.650+0000] {spark_submit.py:490} INFO - |-- medal: string (nullable = true)
[2025-05-08T09:22:22.651+0000] {spark_submit.py:490} INFO - |-- medal_count: long (nullable = false)
[2025-05-08T09:22:22.651+0000] {spark_submit.py:490} INFO - |-- timestamp: timestamp (nullable = false)
[2025-05-08T09:22:22.651+0000] {spark_submit.py:490} INFO - 
[2025-05-08T09:22:23.052+0000] {spark_submit.py:490} INFO - 25/05/08 09:22:23 INFO FileSourceStrategy: Pushed Filters:
[2025-05-08T09:22:23.054+0000] {spark_submit.py:490} INFO - 25/05/08 09:22:23 INFO FileSourceStrategy: Post-Scan Filters:
[2025-05-08T09:22:23.055+0000] {spark_submit.py:490} INFO - 25/05/08 09:22:23 INFO FileSourceStrategy: Output Data Schema: struct<country_noc: string, sport: string, medal: string ... 1 more fields>
[2025-05-08T09:22:23.517+0000] {spark_submit.py:490} INFO - 25/05/08 09:22:23 INFO CodeGenerator: Code generated in 251.788976 ms
[2025-05-08T09:22:23.552+0000] {spark_submit.py:490} INFO - 25/05/08 09:22:23 INFO MemoryStore: Block broadcast_1 stored as values in memory (estimated size 200.9 KiB, free 434.2 MiB)
[2025-05-08T09:22:23.564+0000] {spark_submit.py:490} INFO - 25/05/08 09:22:23 INFO MemoryStore: Block broadcast_1_piece0 stored as bytes in memory (estimated size 34.6 KiB, free 434.2 MiB)
[2025-05-08T09:22:23.566+0000] {spark_submit.py:490} INFO - 25/05/08 09:22:23 INFO BlockManagerInfo: Added broadcast_1_piece0 in memory on 8c439b56c25d:39671 (size: 34.6 KiB, free: 434.4 MiB)
[2025-05-08T09:22:23.567+0000] {spark_submit.py:490} INFO - 25/05/08 09:22:23 INFO SparkContext: Created broadcast 1 from showString at NativeMethodAccessorImpl.java:0
[2025-05-08T09:22:23.579+0000] {spark_submit.py:490} INFO - 25/05/08 09:22:23 INFO FileSourceScanExec: Planning scan with bin packing, max size: 6756240 bytes, open cost is considered as scanning 4194304 bytes.
[2025-05-08T09:22:23.685+0000] {spark_submit.py:490} INFO - 25/05/08 09:22:23 INFO DAGScheduler: Registering RDD 5 (showString at NativeMethodAccessorImpl.java:0) as input to shuffle 0
[2025-05-08T09:22:23.690+0000] {spark_submit.py:490} INFO - 25/05/08 09:22:23 INFO DAGScheduler: Got map stage job 1 (showString at NativeMethodAccessorImpl.java:0) with 2 output partitions
[2025-05-08T09:22:23.690+0000] {spark_submit.py:490} INFO - 25/05/08 09:22:23 INFO DAGScheduler: Final stage: ShuffleMapStage 1 (showString at NativeMethodAccessorImpl.java:0)
[2025-05-08T09:22:23.691+0000] {spark_submit.py:490} INFO - 25/05/08 09:22:23 INFO DAGScheduler: Parents of final stage: List()
[2025-05-08T09:22:23.692+0000] {spark_submit.py:490} INFO - 25/05/08 09:22:23 INFO DAGScheduler: Missing parents: List()
[2025-05-08T09:22:23.695+0000] {spark_submit.py:490} INFO - 25/05/08 09:22:23 INFO DAGScheduler: Submitting ShuffleMapStage 1 (MapPartitionsRDD[5] at showString at NativeMethodAccessorImpl.java:0), which has no missing parents
[2025-05-08T09:22:23.719+0000] {spark_submit.py:490} INFO - 25/05/08 09:22:23 INFO MemoryStore: Block broadcast_2 stored as values in memory (estimated size 39.7 KiB, free 434.1 MiB)
[2025-05-08T09:22:23.722+0000] {spark_submit.py:490} INFO - 25/05/08 09:22:23 INFO MemoryStore: Block broadcast_2_piece0 stored as bytes in memory (estimated size 17.3 KiB, free 434.1 MiB)
[2025-05-08T09:22:23.724+0000] {spark_submit.py:490} INFO - 25/05/08 09:22:23 INFO BlockManagerInfo: Added broadcast_2_piece0 in memory on 8c439b56c25d:39671 (size: 17.3 KiB, free: 434.3 MiB)
[2025-05-08T09:22:23.725+0000] {spark_submit.py:490} INFO - 25/05/08 09:22:23 INFO SparkContext: Created broadcast 2 from broadcast at DAGScheduler.scala:1513
[2025-05-08T09:22:23.727+0000] {spark_submit.py:490} INFO - 25/05/08 09:22:23 INFO DAGScheduler: Submitting 2 missing tasks from ShuffleMapStage 1 (MapPartitionsRDD[5] at showString at NativeMethodAccessorImpl.java:0) (first 15 tasks are for partitions Vector(0, 1))
[2025-05-08T09:22:23.727+0000] {spark_submit.py:490} INFO - 25/05/08 09:22:23 INFO TaskSchedulerImpl: Adding task set 1.0 with 2 tasks resource profile 0
[2025-05-08T09:22:23.733+0000] {spark_submit.py:490} INFO - 25/05/08 09:22:23 INFO TaskSetManager: Starting task 0.0 in stage 1.0 (TID 1) (172.18.0.7, executor 0, partition 0, PROCESS_LOCAL, 4992 bytes) taskResourceAssignments Map()
[2025-05-08T09:22:23.733+0000] {spark_submit.py:490} INFO - 25/05/08 09:22:23 INFO TaskSetManager: Starting task 1.0 in stage 1.0 (TID 2) (172.18.0.7, executor 0, partition 1, PROCESS_LOCAL, 4992 bytes) taskResourceAssignments Map()
[2025-05-08T09:22:23.783+0000] {spark_submit.py:490} INFO - 25/05/08 09:22:23 INFO BlockManagerInfo: Added broadcast_2_piece0 in memory on 172.18.0.7:36775 (size: 17.3 KiB, free: 366.3 MiB)
[2025-05-08T09:22:24.838+0000] {spark_submit.py:490} INFO - 25/05/08 09:22:24 INFO BlockManagerInfo: Added broadcast_1_piece0 in memory on 172.18.0.7:36775 (size: 34.6 KiB, free: 366.2 MiB)
[2025-05-08T09:22:25.684+0000] {spark_submit.py:490} INFO - 25/05/08 09:22:25 INFO TaskSetManager: Finished task 1.0 in stage 1.0 (TID 2) in 1950 ms on 172.18.0.7 (executor 0) (1/2)
[2025-05-08T09:22:25.684+0000] {spark_submit.py:490} INFO - 25/05/08 09:22:25 INFO TaskSetManager: Finished task 0.0 in stage 1.0 (TID 1) in 1956 ms on 172.18.0.7 (executor 0) (2/2)
[2025-05-08T09:22:25.684+0000] {spark_submit.py:490} INFO - 25/05/08 09:22:25 INFO TaskSchedulerImpl: Removed TaskSet 1.0, whose tasks have all completed, from pool
[2025-05-08T09:22:25.687+0000] {spark_submit.py:490} INFO - 25/05/08 09:22:25 INFO DAGScheduler: ShuffleMapStage 1 (showString at NativeMethodAccessorImpl.java:0) finished in 1.985 s
[2025-05-08T09:22:25.688+0000] {spark_submit.py:490} INFO - 25/05/08 09:22:25 INFO DAGScheduler: looking for newly runnable stages
[2025-05-08T09:22:25.688+0000] {spark_submit.py:490} INFO - 25/05/08 09:22:25 INFO DAGScheduler: running: Set()
[2025-05-08T09:22:25.689+0000] {spark_submit.py:490} INFO - 25/05/08 09:22:25 INFO DAGScheduler: waiting: Set()
[2025-05-08T09:22:25.689+0000] {spark_submit.py:490} INFO - 25/05/08 09:22:25 INFO DAGScheduler: failed: Set()
[2025-05-08T09:22:25.717+0000] {spark_submit.py:490} INFO - 25/05/08 09:22:25 INFO ShufflePartitionsUtil: For shuffle(0), advisory target size: 67108864, actual target size 1048576, minimum partition size: 1048576
[2025-05-08T09:22:25.740+0000] {spark_submit.py:490} INFO - 25/05/08 09:22:25 INFO HashAggregateExec: spark.sql.codegen.aggregate.map.twolevel.enabled is set to true, but current version of codegened fast hashmap does not support this aggregate.
[2025-05-08T09:22:25.775+0000] {spark_submit.py:490} INFO - 25/05/08 09:22:25 INFO CodeGenerator: Code generated in 24.840082 ms
[2025-05-08T09:22:25.808+0000] {spark_submit.py:490} INFO - 25/05/08 09:22:25 INFO SparkContext: Starting job: showString at NativeMethodAccessorImpl.java:0
[2025-05-08T09:22:25.811+0000] {spark_submit.py:490} INFO - 25/05/08 09:22:25 INFO DAGScheduler: Got job 2 (showString at NativeMethodAccessorImpl.java:0) with 1 output partitions
[2025-05-08T09:22:25.811+0000] {spark_submit.py:490} INFO - 25/05/08 09:22:25 INFO DAGScheduler: Final stage: ResultStage 3 (showString at NativeMethodAccessorImpl.java:0)
[2025-05-08T09:22:25.811+0000] {spark_submit.py:490} INFO - 25/05/08 09:22:25 INFO DAGScheduler: Parents of final stage: List(ShuffleMapStage 2)
[2025-05-08T09:22:25.811+0000] {spark_submit.py:490} INFO - 25/05/08 09:22:25 INFO DAGScheduler: Missing parents: List()
[2025-05-08T09:22:25.813+0000] {spark_submit.py:490} INFO - 25/05/08 09:22:25 INFO DAGScheduler: Submitting ResultStage 3 (MapPartitionsRDD[8] at showString at NativeMethodAccessorImpl.java:0), which has no missing parents
[2025-05-08T09:22:25.838+0000] {spark_submit.py:490} INFO - 25/05/08 09:22:25 INFO MemoryStore: Block broadcast_3 stored as values in memory (estimated size 37.0 KiB, free 434.1 MiB)
[2025-05-08T09:22:25.843+0000] {spark_submit.py:490} INFO - 25/05/08 09:22:25 INFO MemoryStore: Block broadcast_3_piece0 stored as bytes in memory (estimated size 17.2 KiB, free 434.1 MiB)
[2025-05-08T09:22:25.844+0000] {spark_submit.py:490} INFO - 25/05/08 09:22:25 INFO BlockManagerInfo: Added broadcast_3_piece0 in memory on 8c439b56c25d:39671 (size: 17.2 KiB, free: 434.3 MiB)
[2025-05-08T09:22:25.845+0000] {spark_submit.py:490} INFO - 25/05/08 09:22:25 INFO SparkContext: Created broadcast 3 from broadcast at DAGScheduler.scala:1513
[2025-05-08T09:22:25.846+0000] {spark_submit.py:490} INFO - 25/05/08 09:22:25 INFO DAGScheduler: Submitting 1 missing tasks from ResultStage 3 (MapPartitionsRDD[8] at showString at NativeMethodAccessorImpl.java:0) (first 15 tasks are for partitions Vector(0))
[2025-05-08T09:22:25.846+0000] {spark_submit.py:490} INFO - 25/05/08 09:22:25 INFO TaskSchedulerImpl: Adding task set 3.0 with 1 tasks resource profile 0
[2025-05-08T09:22:25.853+0000] {spark_submit.py:490} INFO - 25/05/08 09:22:25 INFO TaskSetManager: Starting task 0.0 in stage 3.0 (TID 3) (172.18.0.7, executor 0, partition 0, NODE_LOCAL, 4457 bytes) taskResourceAssignments Map()
[2025-05-08T09:22:25.881+0000] {spark_submit.py:490} INFO - 25/05/08 09:22:25 INFO BlockManagerInfo: Added broadcast_3_piece0 in memory on 172.18.0.7:36775 (size: 17.2 KiB, free: 366.2 MiB)
[2025-05-08T09:22:25.961+0000] {spark_submit.py:490} INFO - 25/05/08 09:22:25 INFO MapOutputTrackerMasterEndpoint: Asked to send map output locations for shuffle 0 to 172.18.0.7:41824
[2025-05-08T09:22:26.159+0000] {spark_submit.py:490} INFO - 25/05/08 09:22:26 INFO TaskSetManager: Finished task 0.0 in stage 3.0 (TID 3) in 308 ms on 172.18.0.7 (executor 0) (1/1)
[2025-05-08T09:22:26.160+0000] {spark_submit.py:490} INFO - 25/05/08 09:22:26 INFO TaskSchedulerImpl: Removed TaskSet 3.0, whose tasks have all completed, from pool
[2025-05-08T09:22:26.160+0000] {spark_submit.py:490} INFO - 25/05/08 09:22:26 INFO DAGScheduler: ResultStage 3 (showString at NativeMethodAccessorImpl.java:0) finished in 0.328 s
[2025-05-08T09:22:26.161+0000] {spark_submit.py:490} INFO - 25/05/08 09:22:26 INFO DAGScheduler: Job 2 is finished. Cancelling potential speculative or zombie tasks for this job
[2025-05-08T09:22:26.161+0000] {spark_submit.py:490} INFO - 25/05/08 09:22:26 INFO TaskSchedulerImpl: Killing all running tasks in stage 3: Stage finished
[2025-05-08T09:22:26.161+0000] {spark_submit.py:490} INFO - 25/05/08 09:22:26 INFO DAGScheduler: Job 2 finished: showString at NativeMethodAccessorImpl.java:0, took 0.352905 s
[2025-05-08T09:22:26.194+0000] {spark_submit.py:490} INFO - 25/05/08 09:22:26 INFO CodeGenerator: Code generated in 12.145543 ms
[2025-05-08T09:22:26.207+0000] {spark_submit.py:490} INFO - +-------------------+-----------+------+-----------+--------------------------+
[2025-05-08T09:22:26.208+0000] {spark_submit.py:490} INFO - |sport              |country_noc|medal |medal_count|timestamp                 |
[2025-05-08T09:22:26.208+0000] {spark_submit.py:490} INFO - +-------------------+-----------+------+-----------+--------------------------+
[2025-05-08T09:22:26.208+0000] {spark_submit.py:490} INFO - |cycling road       |cyp        |      |3          |2025-05-08 09:22:22.827005|
[2025-05-08T09:22:26.208+0000] {spark_submit.py:490} INFO - |rhythmic gymnastics|prk        |      |2          |2025-05-08 09:22:22.827005|
[2025-05-08T09:22:26.208+0000] {spark_submit.py:490} INFO - |table tennis       |ecu        |      |2          |2025-05-08 09:22:22.827005|
[2025-05-08T09:22:26.208+0000] {spark_submit.py:490} INFO - |rowing             |cro        |silver|7          |2025-05-08 09:22:22.827005|
[2025-05-08T09:22:26.208+0000] {spark_submit.py:490} INFO - |canoe sprint       |ecu        |      |2          |2025-05-08 09:22:22.827005|
[2025-05-08T09:22:26.209+0000] {spark_submit.py:490} INFO - |biathlon           |cze        |      |242        |2025-05-08 09:22:22.827005|
[2025-05-08T09:22:26.209+0000] {spark_submit.py:490} INFO - |boxing             |gha        |      |58         |2025-05-08 09:22:22.827005|
[2025-05-08T09:22:26.209+0000] {spark_submit.py:490} INFO - |modern pentathlon  |egy        |silver|1          |2025-05-08 09:22:22.827005|
[2025-05-08T09:22:26.209+0000] {spark_submit.py:490} INFO - |swimming           |gua        |      |88         |2025-05-08 09:22:22.827005|
[2025-05-08T09:22:26.209+0000] {spark_submit.py:490} INFO - |taekwondo          |irq        |      |1          |2025-05-08 09:22:22.827005|
[2025-05-08T09:22:26.209+0000] {spark_submit.py:490} INFO - +-------------------+-----------+------+-----------+--------------------------+
[2025-05-08T09:22:26.209+0000] {spark_submit.py:490} INFO - only showing top 10 rows
[2025-05-08T09:22:26.209+0000] {spark_submit.py:490} INFO - 
[2025-05-08T09:22:26.209+0000] {spark_submit.py:490} INFO - 2025-05-08 09:22:26,207 [INFO] 💾 Збереження результату у gold: /tmp/spark_data/gold/medal_summary_20250508
[2025-05-08T09:22:26.263+0000] {spark_submit.py:490} INFO - 25/05/08 09:22:26 INFO FileSourceStrategy: Pushed Filters:
[2025-05-08T09:22:26.264+0000] {spark_submit.py:490} INFO - 25/05/08 09:22:26 INFO FileSourceStrategy: Post-Scan Filters:
[2025-05-08T09:22:26.264+0000] {spark_submit.py:490} INFO - 25/05/08 09:22:26 INFO FileSourceStrategy: Output Data Schema: struct<country_noc: string, sport: string, medal: string ... 1 more fields>
[2025-05-08T09:22:26.314+0000] {spark_submit.py:490} INFO - 25/05/08 09:22:26 INFO ParquetFileFormat: Using default output committer for Parquet: org.apache.parquet.hadoop.ParquetOutputCommitter
[2025-05-08T09:22:26.328+0000] {spark_submit.py:490} INFO - 25/05/08 09:22:26 INFO FileOutputCommitter: File Output Committer Algorithm version is 1
[2025-05-08T09:22:26.329+0000] {spark_submit.py:490} INFO - 25/05/08 09:22:26 INFO FileOutputCommitter: FileOutputCommitter skip cleanup _temporary folders under output directory:false, ignore cleanup failures: false
[2025-05-08T09:22:26.330+0000] {spark_submit.py:490} INFO - 25/05/08 09:22:26 INFO SQLHadoopMapReduceCommitProtocol: Using user defined output committer class org.apache.parquet.hadoop.ParquetOutputCommitter
[2025-05-08T09:22:26.330+0000] {spark_submit.py:490} INFO - 25/05/08 09:22:26 INFO FileOutputCommitter: File Output Committer Algorithm version is 1
[2025-05-08T09:22:26.330+0000] {spark_submit.py:490} INFO - 25/05/08 09:22:26 INFO FileOutputCommitter: FileOutputCommitter skip cleanup _temporary folders under output directory:false, ignore cleanup failures: false
[2025-05-08T09:22:26.331+0000] {spark_submit.py:490} INFO - 25/05/08 09:22:26 INFO SQLHadoopMapReduceCommitProtocol: Using output committer class org.apache.parquet.hadoop.ParquetOutputCommitter
[2025-05-08T09:22:26.379+0000] {spark_submit.py:490} INFO - 25/05/08 09:22:26 INFO MemoryStore: Block broadcast_4 stored as values in memory (estimated size 200.9 KiB, free 433.9 MiB)
[2025-05-08T09:22:26.390+0000] {spark_submit.py:490} INFO - 25/05/08 09:22:26 INFO MemoryStore: Block broadcast_4_piece0 stored as bytes in memory (estimated size 34.6 KiB, free 433.8 MiB)
[2025-05-08T09:22:26.392+0000] {spark_submit.py:490} INFO - 25/05/08 09:22:26 INFO BlockManagerInfo: Added broadcast_4_piece0 in memory on 8c439b56c25d:39671 (size: 34.6 KiB, free: 434.3 MiB)
[2025-05-08T09:22:26.393+0000] {spark_submit.py:490} INFO - 25/05/08 09:22:26 INFO SparkContext: Created broadcast 4 from parquet at NativeMethodAccessorImpl.java:0
[2025-05-08T09:22:26.394+0000] {spark_submit.py:490} INFO - 25/05/08 09:22:26 INFO FileSourceScanExec: Planning scan with bin packing, max size: 6756240 bytes, open cost is considered as scanning 4194304 bytes.
[2025-05-08T09:22:26.402+0000] {spark_submit.py:490} INFO - 25/05/08 09:22:26 INFO DAGScheduler: Registering RDD 12 (parquet at NativeMethodAccessorImpl.java:0) as input to shuffle 1
[2025-05-08T09:22:26.403+0000] {spark_submit.py:490} INFO - 25/05/08 09:22:26 INFO DAGScheduler: Got map stage job 3 (parquet at NativeMethodAccessorImpl.java:0) with 2 output partitions
[2025-05-08T09:22:26.403+0000] {spark_submit.py:490} INFO - 25/05/08 09:22:26 INFO DAGScheduler: Final stage: ShuffleMapStage 4 (parquet at NativeMethodAccessorImpl.java:0)
[2025-05-08T09:22:26.403+0000] {spark_submit.py:490} INFO - 25/05/08 09:22:26 INFO DAGScheduler: Parents of final stage: List()
[2025-05-08T09:22:26.404+0000] {spark_submit.py:490} INFO - 25/05/08 09:22:26 INFO DAGScheduler: Missing parents: List()
[2025-05-08T09:22:26.405+0000] {spark_submit.py:490} INFO - 25/05/08 09:22:26 INFO DAGScheduler: Submitting ShuffleMapStage 4 (MapPartitionsRDD[12] at parquet at NativeMethodAccessorImpl.java:0), which has no missing parents
[2025-05-08T09:22:26.410+0000] {spark_submit.py:490} INFO - 25/05/08 09:22:26 INFO MemoryStore: Block broadcast_5 stored as values in memory (estimated size 39.7 KiB, free 433.8 MiB)
[2025-05-08T09:22:26.414+0000] {spark_submit.py:490} INFO - 25/05/08 09:22:26 INFO MemoryStore: Block broadcast_5_piece0 stored as bytes in memory (estimated size 17.3 KiB, free 433.8 MiB)
[2025-05-08T09:22:26.415+0000] {spark_submit.py:490} INFO - 25/05/08 09:22:26 INFO BlockManagerInfo: Added broadcast_5_piece0 in memory on 8c439b56c25d:39671 (size: 17.3 KiB, free: 434.3 MiB)
[2025-05-08T09:22:26.416+0000] {spark_submit.py:490} INFO - 25/05/08 09:22:26 INFO SparkContext: Created broadcast 5 from broadcast at DAGScheduler.scala:1513
[2025-05-08T09:22:26.417+0000] {spark_submit.py:490} INFO - 25/05/08 09:22:26 INFO DAGScheduler: Submitting 2 missing tasks from ShuffleMapStage 4 (MapPartitionsRDD[12] at parquet at NativeMethodAccessorImpl.java:0) (first 15 tasks are for partitions Vector(0, 1))
[2025-05-08T09:22:26.417+0000] {spark_submit.py:490} INFO - 25/05/08 09:22:26 INFO TaskSchedulerImpl: Adding task set 4.0 with 2 tasks resource profile 0
[2025-05-08T09:22:26.418+0000] {spark_submit.py:490} INFO - 25/05/08 09:22:26 INFO TaskSetManager: Starting task 0.0 in stage 4.0 (TID 4) (172.18.0.7, executor 0, partition 0, PROCESS_LOCAL, 4992 bytes) taskResourceAssignments Map()
[2025-05-08T09:22:26.419+0000] {spark_submit.py:490} INFO - 25/05/08 09:22:26 INFO TaskSetManager: Starting task 1.0 in stage 4.0 (TID 5) (172.18.0.7, executor 0, partition 1, PROCESS_LOCAL, 4992 bytes) taskResourceAssignments Map()
[2025-05-08T09:22:26.439+0000] {spark_submit.py:490} INFO - 25/05/08 09:22:26 INFO BlockManagerInfo: Added broadcast_5_piece0 in memory on 172.18.0.7:36775 (size: 17.3 KiB, free: 366.2 MiB)
[2025-05-08T09:22:26.499+0000] {spark_submit.py:490} INFO - 25/05/08 09:22:26 INFO BlockManagerInfo: Added broadcast_4_piece0 in memory on 172.18.0.7:36775 (size: 34.6 KiB, free: 366.2 MiB)
[2025-05-08T09:22:26.727+0000] {spark_submit.py:490} INFO - 25/05/08 09:22:26 INFO TaskSetManager: Finished task 1.0 in stage 4.0 (TID 5) in 302 ms on 172.18.0.7 (executor 0) (1/2)
[2025-05-08T09:22:26.727+0000] {spark_submit.py:490} INFO - 25/05/08 09:22:26 INFO TaskSetManager: Finished task 0.0 in stage 4.0 (TID 4) in 307 ms on 172.18.0.7 (executor 0) (2/2)
[2025-05-08T09:22:26.728+0000] {spark_submit.py:490} INFO - 25/05/08 09:22:26 INFO TaskSchedulerImpl: Removed TaskSet 4.0, whose tasks have all completed, from pool
[2025-05-08T09:22:26.732+0000] {spark_submit.py:490} INFO - 25/05/08 09:22:26 INFO DAGScheduler: ShuffleMapStage 4 (parquet at NativeMethodAccessorImpl.java:0) finished in 0.325 s
[2025-05-08T09:22:26.732+0000] {spark_submit.py:490} INFO - 25/05/08 09:22:26 INFO DAGScheduler: looking for newly runnable stages
[2025-05-08T09:22:26.732+0000] {spark_submit.py:490} INFO - 25/05/08 09:22:26 INFO DAGScheduler: running: Set()
[2025-05-08T09:22:26.733+0000] {spark_submit.py:490} INFO - 25/05/08 09:22:26 INFO DAGScheduler: waiting: Set()
[2025-05-08T09:22:26.733+0000] {spark_submit.py:490} INFO - 25/05/08 09:22:26 INFO DAGScheduler: failed: Set()
[2025-05-08T09:22:26.736+0000] {spark_submit.py:490} INFO - 25/05/08 09:22:26 INFO ShufflePartitionsUtil: For shuffle(1), advisory target size: 67108864, actual target size 1048576, minimum partition size: 1048576
[2025-05-08T09:22:26.744+0000] {spark_submit.py:490} INFO - 25/05/08 09:22:26 INFO HashAggregateExec: spark.sql.codegen.aggregate.map.twolevel.enabled is set to true, but current version of codegened fast hashmap does not support this aggregate.
[2025-05-08T09:22:26.770+0000] {spark_submit.py:490} INFO - 25/05/08 09:22:26 INFO CodeGenerator: Code generated in 19.656379 ms
[2025-05-08T09:22:26.800+0000] {spark_submit.py:490} INFO - 25/05/08 09:22:26 INFO SparkContext: Starting job: parquet at NativeMethodAccessorImpl.java:0
[2025-05-08T09:22:26.801+0000] {spark_submit.py:490} INFO - 25/05/08 09:22:26 INFO DAGScheduler: Got job 4 (parquet at NativeMethodAccessorImpl.java:0) with 1 output partitions
[2025-05-08T09:22:26.801+0000] {spark_submit.py:490} INFO - 25/05/08 09:22:26 INFO DAGScheduler: Final stage: ResultStage 6 (parquet at NativeMethodAccessorImpl.java:0)
[2025-05-08T09:22:26.801+0000] {spark_submit.py:490} INFO - 25/05/08 09:22:26 INFO DAGScheduler: Parents of final stage: List(ShuffleMapStage 5)
[2025-05-08T09:22:26.801+0000] {spark_submit.py:490} INFO - 25/05/08 09:22:26 INFO DAGScheduler: Missing parents: List()
[2025-05-08T09:22:26.803+0000] {spark_submit.py:490} INFO - 25/05/08 09:22:26 INFO DAGScheduler: Submitting ResultStage 6 (MapPartitionsRDD[14] at parquet at NativeMethodAccessorImpl.java:0), which has no missing parents
[2025-05-08T09:22:26.839+0000] {spark_submit.py:490} INFO - 25/05/08 09:22:26 INFO BlockManagerInfo: Removed broadcast_1_piece0 on 8c439b56c25d:39671 in memory (size: 34.6 KiB, free: 434.3 MiB)
[2025-05-08T09:22:26.840+0000] {spark_submit.py:490} INFO - 25/05/08 09:22:26 INFO MemoryStore: Block broadcast_6 stored as values in memory (estimated size 235.7 KiB, free 433.8 MiB)
[2025-05-08T09:22:26.842+0000] {spark_submit.py:490} INFO - 25/05/08 09:22:26 INFO BlockManagerInfo: Removed broadcast_1_piece0 on 172.18.0.7:36775 in memory (size: 34.6 KiB, free: 366.2 MiB)
[2025-05-08T09:22:26.842+0000] {spark_submit.py:490} INFO - 25/05/08 09:22:26 INFO MemoryStore: Block broadcast_6_piece0 stored as bytes in memory (estimated size 86.5 KiB, free 433.7 MiB)
[2025-05-08T09:22:26.843+0000] {spark_submit.py:490} INFO - 25/05/08 09:22:26 INFO BlockManagerInfo: Added broadcast_6_piece0 in memory on 8c439b56c25d:39671 (size: 86.5 KiB, free: 434.2 MiB)
[2025-05-08T09:22:26.844+0000] {spark_submit.py:490} INFO - 25/05/08 09:22:26 INFO SparkContext: Created broadcast 6 from broadcast at DAGScheduler.scala:1513
[2025-05-08T09:22:26.846+0000] {spark_submit.py:490} INFO - 25/05/08 09:22:26 INFO DAGScheduler: Submitting 1 missing tasks from ResultStage 6 (MapPartitionsRDD[14] at parquet at NativeMethodAccessorImpl.java:0) (first 15 tasks are for partitions Vector(0))
[2025-05-08T09:22:26.846+0000] {spark_submit.py:490} INFO - 25/05/08 09:22:26 INFO TaskSchedulerImpl: Adding task set 6.0 with 1 tasks resource profile 0
[2025-05-08T09:22:26.848+0000] {spark_submit.py:490} INFO - 25/05/08 09:22:26 INFO TaskSetManager: Starting task 0.0 in stage 6.0 (TID 6) (172.18.0.7, executor 0, partition 0, NODE_LOCAL, 4457 bytes) taskResourceAssignments Map()
[2025-05-08T09:22:26.854+0000] {spark_submit.py:490} INFO - 25/05/08 09:22:26 INFO BlockManagerInfo: Removed broadcast_3_piece0 on 8c439b56c25d:39671 in memory (size: 17.2 KiB, free: 434.2 MiB)
[2025-05-08T09:22:26.860+0000] {spark_submit.py:490} INFO - 25/05/08 09:22:26 INFO BlockManagerInfo: Removed broadcast_3_piece0 on 172.18.0.7:36775 in memory (size: 17.2 KiB, free: 366.2 MiB)
[2025-05-08T09:22:26.870+0000] {spark_submit.py:490} INFO - 25/05/08 09:22:26 INFO BlockManagerInfo: Added broadcast_6_piece0 in memory on 172.18.0.7:36775 (size: 86.5 KiB, free: 366.1 MiB)
[2025-05-08T09:22:26.880+0000] {spark_submit.py:490} INFO - 25/05/08 09:22:26 INFO BlockManagerInfo: Removed broadcast_5_piece0 on 8c439b56c25d:39671 in memory (size: 17.3 KiB, free: 434.3 MiB)
[2025-05-08T09:22:26.881+0000] {spark_submit.py:490} INFO - 25/05/08 09:22:26 INFO BlockManagerInfo: Removed broadcast_5_piece0 on 172.18.0.7:36775 in memory (size: 17.3 KiB, free: 366.2 MiB)
[2025-05-08T09:22:26.893+0000] {spark_submit.py:490} INFO - 25/05/08 09:22:26 INFO BlockManagerInfo: Removed broadcast_2_piece0 on 8c439b56c25d:39671 in memory (size: 17.3 KiB, free: 434.3 MiB)
[2025-05-08T09:22:26.896+0000] {spark_submit.py:490} INFO - 25/05/08 09:22:26 INFO BlockManagerInfo: Removed broadcast_2_piece0 on 172.18.0.7:36775 in memory (size: 17.3 KiB, free: 366.2 MiB)
[2025-05-08T09:22:26.960+0000] {spark_submit.py:490} INFO - 25/05/08 09:22:26 INFO MapOutputTrackerMasterEndpoint: Asked to send map output locations for shuffle 1 to 172.18.0.7:41824
[2025-05-08T09:22:27.612+0000] {spark_submit.py:490} INFO - 25/05/08 09:22:27 INFO TaskSetManager: Finished task 0.0 in stage 6.0 (TID 6) in 764 ms on 172.18.0.7 (executor 0) (1/1)
[2025-05-08T09:22:27.612+0000] {spark_submit.py:490} INFO - 25/05/08 09:22:27 INFO TaskSchedulerImpl: Removed TaskSet 6.0, whose tasks have all completed, from pool
[2025-05-08T09:22:27.614+0000] {spark_submit.py:490} INFO - 25/05/08 09:22:27 INFO DAGScheduler: ResultStage 6 (parquet at NativeMethodAccessorImpl.java:0) finished in 0.805 s
[2025-05-08T09:22:27.614+0000] {spark_submit.py:490} INFO - 25/05/08 09:22:27 INFO DAGScheduler: Job 4 is finished. Cancelling potential speculative or zombie tasks for this job
[2025-05-08T09:22:27.615+0000] {spark_submit.py:490} INFO - 25/05/08 09:22:27 INFO TaskSchedulerImpl: Killing all running tasks in stage 6: Stage finished
[2025-05-08T09:22:27.616+0000] {spark_submit.py:490} INFO - 25/05/08 09:22:27 INFO DAGScheduler: Job 4 finished: parquet at NativeMethodAccessorImpl.java:0, took 0.815349 s
[2025-05-08T09:22:27.619+0000] {spark_submit.py:490} INFO - 25/05/08 09:22:27 INFO FileFormatWriter: Start to commit write Job 0e473c8f-bc70-499c-b5bc-b3e49a9c7619.
[2025-05-08T09:22:27.655+0000] {spark_submit.py:490} INFO - 25/05/08 09:22:27 INFO FileFormatWriter: Write Job 0e473c8f-bc70-499c-b5bc-b3e49a9c7619 committed. Elapsed time: 35 ms.
[2025-05-08T09:22:27.659+0000] {spark_submit.py:490} INFO - 25/05/08 09:22:27 INFO FileFormatWriter: Finished processing stats for write job 0e473c8f-bc70-499c-b5bc-b3e49a9c7619.
[2025-05-08T09:22:27.662+0000] {spark_submit.py:490} INFO - 2025-05-08 09:22:27,661 [INFO] ✅ Збережено успішно!
[2025-05-08T09:22:27.675+0000] {spark_submit.py:490} INFO - 25/05/08 09:22:27 INFO SparkUI: Stopped Spark web UI at http://8c439b56c25d:4040
[2025-05-08T09:22:27.680+0000] {spark_submit.py:490} INFO - 25/05/08 09:22:27 INFO StandaloneSchedulerBackend: Shutting down all executors
[2025-05-08T09:22:27.681+0000] {spark_submit.py:490} INFO - 25/05/08 09:22:27 INFO CoarseGrainedSchedulerBackend$DriverEndpoint: Asking each executor to shut down
[2025-05-08T09:22:27.713+0000] {spark_submit.py:490} INFO - 25/05/08 09:22:27 INFO MapOutputTrackerMasterEndpoint: MapOutputTrackerMasterEndpoint stopped!
[2025-05-08T09:22:27.732+0000] {spark_submit.py:490} INFO - 25/05/08 09:22:27 INFO MemoryStore: MemoryStore cleared
[2025-05-08T09:22:27.733+0000] {spark_submit.py:490} INFO - 25/05/08 09:22:27 INFO BlockManager: BlockManager stopped
[2025-05-08T09:22:27.736+0000] {spark_submit.py:490} INFO - 25/05/08 09:22:27 INFO BlockManagerMaster: BlockManagerMaster stopped
[2025-05-08T09:22:27.739+0000] {spark_submit.py:490} INFO - 25/05/08 09:22:27 INFO OutputCommitCoordinator$OutputCommitCoordinatorEndpoint: OutputCommitCoordinator stopped!
[2025-05-08T09:22:27.754+0000] {spark_submit.py:490} INFO - 25/05/08 09:22:27 INFO SparkContext: Successfully stopped SparkContext
[2025-05-08T09:22:28.222+0000] {spark_submit.py:490} INFO - 25/05/08 09:22:28 INFO ShutdownHookManager: Shutdown hook called
[2025-05-08T09:22:28.223+0000] {spark_submit.py:490} INFO - 25/05/08 09:22:28 INFO ShutdownHookManager: Deleting directory /tmp/spark-60f583cb-3291-468e-99d0-b6c6b5211509
[2025-05-08T09:22:28.227+0000] {spark_submit.py:490} INFO - 25/05/08 09:22:28 INFO ShutdownHookManager: Deleting directory /tmp/spark-390ffc07-7aa3-47f3-92e3-5ebe865a2369/pyspark-7fc3000f-a061-46e4-8066-2cc85091a716
[2025-05-08T09:22:28.230+0000] {spark_submit.py:490} INFO - 25/05/08 09:22:28 INFO ShutdownHookManager: Deleting directory /tmp/spark-390ffc07-7aa3-47f3-92e3-5ebe865a2369
[2025-05-08T09:22:28.287+0000] {taskinstance.py:1350} INFO - Marking task as SUCCESS. dag_id=final_project_BBDL, task_id=SilverToGold, execution_date=20250508T092123, start_date=20250508T092212, end_date=20250508T092228
[2025-05-08T09:22:28.358+0000] {local_task_job_runner.py:225} INFO - Task exited with return code 0
[2025-05-08T09:22:28.376+0000] {taskinstance.py:2653} INFO - 0 downstream tasks scheduled from follow-on schedule check
