[2025-05-06T09:21:35.052+0000] {taskinstance.py:1103} INFO - Dependencies all met for dep_context=non-requeueable deps ti=<TaskInstance: final_project_BBDL.BronzeToSilver manual__2025-05-06T09:21:10.007027+00:00 [queued]>
[2025-05-06T09:21:35.061+0000] {taskinstance.py:1103} INFO - Dependencies all met for dep_context=requeueable deps ti=<TaskInstance: final_project_BBDL.BronzeToSilver manual__2025-05-06T09:21:10.007027+00:00 [queued]>
[2025-05-06T09:21:35.061+0000] {taskinstance.py:1308} INFO - Starting attempt 1 of 1
[2025-05-06T09:21:35.094+0000] {taskinstance.py:1327} INFO - Executing <Task(SparkSubmitOperator): BronzeToSilver> on 2025-05-06 09:21:10.007027+00:00
[2025-05-06T09:21:35.097+0000] {standard_task_runner.py:57} INFO - Started process 16502 to run task
[2025-05-06T09:21:35.100+0000] {standard_task_runner.py:84} INFO - Running: ['airflow', 'tasks', 'run', 'final_project_BBDL', 'BronzeToSilver', 'manual__2025-05-06T09:21:10.007027+00:00', '--job-id', '40', '--raw', '--subdir', 'DAGS_FOLDER/project_solution.py', '--cfg-path', '/tmp/tmpc6v7be70']
[2025-05-06T09:21:35.101+0000] {standard_task_runner.py:85} INFO - Job 40: Subtask BronzeToSilver
[2025-05-06T09:21:35.142+0000] {logging_mixin.py:150} WARNING - /home/airflow/.local/lib/python3.7/site-packages/airflow/settings.py:195 DeprecationWarning: The sql_alchemy_conn option in [core] has been moved to the sql_alchemy_conn option in [database] - the old setting has been used, but please update your config.
[2025-05-06T09:21:35.174+0000] {task_command.py:410} INFO - Running <TaskInstance: final_project_BBDL.BronzeToSilver manual__2025-05-06T09:21:10.007027+00:00 [running]> on host b431f09a1fa6
[2025-05-06T09:21:35.300+0000] {taskinstance.py:1547} INFO - Exporting env vars: AIRFLOW_CTX_DAG_OWNER='airflow' AIRFLOW_CTX_DAG_ID='final_project_BBDL' AIRFLOW_CTX_TASK_ID='BronzeToSilver' AIRFLOW_CTX_EXECUTION_DATE='2025-05-06T09:21:10.007027+00:00' AIRFLOW_CTX_TRY_NUMBER='1' AIRFLOW_CTX_DAG_RUN_ID='manual__2025-05-06T09:21:10.007027+00:00'
[2025-05-06T09:21:35.310+0000] {base.py:73} INFO - Using connection ID 'spark_default' for task execution.
[2025-05-06T09:21:35.312+0000] {spark_submit.py:339} INFO - Spark-Submit cmd: spark-submit --master spark://spark-master:7077 --conf spark.master=spark://spark-master:7077 --conf spark.submit.deployMode=client --conf spark.pyspark.python=/usr/bin/python3 --conf spark.executorEnv.PYSPARK_PYTHON=/usr/bin/python3 --name BronzeToSilver --verbose --queue root.default /opt/airflow/dags/bronze_to_silver.py
[2025-05-06T09:21:36.753+0000] {spark_submit.py:490} INFO - Using properties file: null
[2025-05-06T09:21:36.872+0000] {spark_submit.py:490} INFO - Parsed arguments:
[2025-05-06T09:21:36.873+0000] {spark_submit.py:490} INFO - master                  spark://spark-master:7077
[2025-05-06T09:21:36.873+0000] {spark_submit.py:490} INFO - deployMode              client
[2025-05-06T09:21:36.873+0000] {spark_submit.py:490} INFO - executorMemory          null
[2025-05-06T09:21:36.873+0000] {spark_submit.py:490} INFO - executorCores           null
[2025-05-06T09:21:36.873+0000] {spark_submit.py:490} INFO - totalExecutorCores      null
[2025-05-06T09:21:36.873+0000] {spark_submit.py:490} INFO - propertiesFile          null
[2025-05-06T09:21:36.873+0000] {spark_submit.py:490} INFO - driverMemory            null
[2025-05-06T09:21:36.873+0000] {spark_submit.py:490} INFO - driverCores             null
[2025-05-06T09:21:36.873+0000] {spark_submit.py:490} INFO - driverExtraClassPath    null
[2025-05-06T09:21:36.874+0000] {spark_submit.py:490} INFO - driverExtraLibraryPath  null
[2025-05-06T09:21:36.874+0000] {spark_submit.py:490} INFO - driverExtraJavaOptions  null
[2025-05-06T09:21:36.874+0000] {spark_submit.py:490} INFO - supervise               false
[2025-05-06T09:21:36.874+0000] {spark_submit.py:490} INFO - queue                   root.default
[2025-05-06T09:21:36.874+0000] {spark_submit.py:490} INFO - numExecutors            null
[2025-05-06T09:21:36.874+0000] {spark_submit.py:490} INFO - files                   null
[2025-05-06T09:21:36.874+0000] {spark_submit.py:490} INFO - pyFiles                 null
[2025-05-06T09:21:36.874+0000] {spark_submit.py:490} INFO - archives                null
[2025-05-06T09:21:36.874+0000] {spark_submit.py:490} INFO - mainClass               null
[2025-05-06T09:21:36.874+0000] {spark_submit.py:490} INFO - primaryResource         file:/opt/airflow/dags/bronze_to_silver.py
[2025-05-06T09:21:36.874+0000] {spark_submit.py:490} INFO - name                    BronzeToSilver
[2025-05-06T09:21:36.874+0000] {spark_submit.py:490} INFO - childArgs               []
[2025-05-06T09:21:36.874+0000] {spark_submit.py:490} INFO - jars                    null
[2025-05-06T09:21:36.874+0000] {spark_submit.py:490} INFO - packages                null
[2025-05-06T09:21:36.874+0000] {spark_submit.py:490} INFO - packagesExclusions      null
[2025-05-06T09:21:36.874+0000] {spark_submit.py:490} INFO - repositories            null
[2025-05-06T09:21:36.875+0000] {spark_submit.py:490} INFO - verbose                 true
[2025-05-06T09:21:36.875+0000] {spark_submit.py:490} INFO - 
[2025-05-06T09:21:36.875+0000] {spark_submit.py:490} INFO - Spark properties used, including those specified through
[2025-05-06T09:21:36.875+0000] {spark_submit.py:490} INFO - --conf and those from the properties file null:
[2025-05-06T09:21:36.875+0000] {spark_submit.py:490} INFO - (spark.executorEnv.PYSPARK_PYTHON,/usr/bin/python3)
[2025-05-06T09:21:36.875+0000] {spark_submit.py:490} INFO - (spark.master,spark://spark-master:7077)
[2025-05-06T09:21:36.875+0000] {spark_submit.py:490} INFO - (spark.pyspark.python,/usr/bin/python3)
[2025-05-06T09:21:36.875+0000] {spark_submit.py:490} INFO - (spark.submit.deployMode,client)
[2025-05-06T09:21:36.875+0000] {spark_submit.py:490} INFO - 
[2025-05-06T09:21:36.875+0000] {spark_submit.py:490} INFO - 
[2025-05-06T09:21:37.189+0000] {spark_submit.py:490} INFO - Main class:
[2025-05-06T09:21:37.189+0000] {spark_submit.py:490} INFO - org.apache.spark.deploy.PythonRunner
[2025-05-06T09:21:37.189+0000] {spark_submit.py:490} INFO - Arguments:
[2025-05-06T09:21:37.190+0000] {spark_submit.py:490} INFO - file:/opt/airflow/dags/bronze_to_silver.py
[2025-05-06T09:21:37.190+0000] {spark_submit.py:490} INFO - null
[2025-05-06T09:21:37.192+0000] {spark_submit.py:490} INFO - Spark config:
[2025-05-06T09:21:37.192+0000] {spark_submit.py:490} INFO - (spark.app.name,BronzeToSilver)
[2025-05-06T09:21:37.192+0000] {spark_submit.py:490} INFO - (spark.app.submitTime,1746523297174)
[2025-05-06T09:21:37.192+0000] {spark_submit.py:490} INFO - (spark.executorEnv.PYSPARK_PYTHON,/usr/bin/python3)
[2025-05-06T09:21:37.193+0000] {spark_submit.py:490} INFO - (spark.master,spark://spark-master:7077)
[2025-05-06T09:21:37.193+0000] {spark_submit.py:490} INFO - (spark.pyspark.python,/usr/bin/python3)
[2025-05-06T09:21:37.193+0000] {spark_submit.py:490} INFO - (spark.submit.deployMode,client)
[2025-05-06T09:21:37.193+0000] {spark_submit.py:490} INFO - (spark.submit.pyFiles,)
[2025-05-06T09:21:37.193+0000] {spark_submit.py:490} INFO - Classpath elements:
[2025-05-06T09:21:37.193+0000] {spark_submit.py:490} INFO - 
[2025-05-06T09:21:37.193+0000] {spark_submit.py:490} INFO - 
[2025-05-06T09:21:37.193+0000] {spark_submit.py:490} INFO - 
[2025-05-06T09:21:38.068+0000] {spark_submit.py:490} INFO - 25/05/06 09:21:38 INFO SparkContext: Running Spark version 3.3.0
[2025-05-06T09:21:38.140+0000] {spark_submit.py:490} INFO - 25/05/06 09:21:38 WARN NativeCodeLoader: Unable to load native-hadoop library for your platform... using builtin-java classes where applicable
[2025-05-06T09:21:38.227+0000] {spark_submit.py:490} INFO - 25/05/06 09:21:38 INFO ResourceUtils: ==============================================================
[2025-05-06T09:21:38.228+0000] {spark_submit.py:490} INFO - 25/05/06 09:21:38 INFO ResourceUtils: No custom resources configured for spark.driver.
[2025-05-06T09:21:38.228+0000] {spark_submit.py:490} INFO - 25/05/06 09:21:38 INFO ResourceUtils: ==============================================================
[2025-05-06T09:21:38.228+0000] {spark_submit.py:490} INFO - 25/05/06 09:21:38 INFO SparkContext: Submitted application: Bronze to Silver ETL
[2025-05-06T09:21:38.248+0000] {spark_submit.py:490} INFO - 25/05/06 09:21:38 INFO ResourceProfile: Default ResourceProfile created, executor resources: Map(cores -> name: cores, amount: 1, script: , vendor: , memory -> name: memory, amount: 1024, script: , vendor: , offHeap -> name: offHeap, amount: 0, script: , vendor: ), task resources: Map(cpus -> name: cpus, amount: 1.0)
[2025-05-06T09:21:38.258+0000] {spark_submit.py:490} INFO - 25/05/06 09:21:38 INFO ResourceProfile: Limiting resource is cpu
[2025-05-06T09:21:38.259+0000] {spark_submit.py:490} INFO - 25/05/06 09:21:38 INFO ResourceProfileManager: Added ResourceProfile id: 0
[2025-05-06T09:21:38.307+0000] {spark_submit.py:490} INFO - 25/05/06 09:21:38 INFO SecurityManager: Changing view acls to: root
[2025-05-06T09:21:38.307+0000] {spark_submit.py:490} INFO - 25/05/06 09:21:38 INFO SecurityManager: Changing modify acls to: root
[2025-05-06T09:21:38.308+0000] {spark_submit.py:490} INFO - 25/05/06 09:21:38 INFO SecurityManager: Changing view acls groups to:
[2025-05-06T09:21:38.309+0000] {spark_submit.py:490} INFO - 25/05/06 09:21:38 INFO SecurityManager: Changing modify acls groups to:
[2025-05-06T09:21:38.309+0000] {spark_submit.py:490} INFO - 25/05/06 09:21:38 INFO SecurityManager: SecurityManager: authentication disabled; ui acls disabled; users  with view permissions: Set(root); groups with view permissions: Set(); users  with modify permissions: Set(root); groups with modify permissions: Set()
[2025-05-06T09:21:38.568+0000] {spark_submit.py:490} INFO - 25/05/06 09:21:38 INFO Utils: Successfully started service 'sparkDriver' on port 41287.
[2025-05-06T09:21:38.605+0000] {spark_submit.py:490} INFO - 25/05/06 09:21:38 INFO SparkEnv: Registering MapOutputTracker
[2025-05-06T09:21:38.645+0000] {spark_submit.py:490} INFO - 25/05/06 09:21:38 INFO SparkEnv: Registering BlockManagerMaster
[2025-05-06T09:21:38.668+0000] {spark_submit.py:490} INFO - 25/05/06 09:21:38 INFO BlockManagerMasterEndpoint: Using org.apache.spark.storage.DefaultTopologyMapper for getting topology information
[2025-05-06T09:21:38.668+0000] {spark_submit.py:490} INFO - 25/05/06 09:21:38 INFO BlockManagerMasterEndpoint: BlockManagerMasterEndpoint up
[2025-05-06T09:21:38.673+0000] {spark_submit.py:490} INFO - 25/05/06 09:21:38 INFO SparkEnv: Registering BlockManagerMasterHeartbeat
[2025-05-06T09:21:38.694+0000] {spark_submit.py:490} INFO - 25/05/06 09:21:38 INFO DiskBlockManager: Created local directory at /tmp/blockmgr-e6e5aaea-aef1-4471-b795-8633acfaaba9
[2025-05-06T09:21:38.713+0000] {spark_submit.py:490} INFO - 25/05/06 09:21:38 INFO MemoryStore: MemoryStore started with capacity 434.4 MiB
[2025-05-06T09:21:38.740+0000] {spark_submit.py:490} INFO - 25/05/06 09:21:38 INFO SparkEnv: Registering OutputCommitCoordinator
[2025-05-06T09:21:38.917+0000] {spark_submit.py:490} INFO - 25/05/06 09:21:38 INFO Utils: Successfully started service 'SparkUI' on port 4040.
[2025-05-06T09:21:39.020+0000] {spark_submit.py:490} INFO - 25/05/06 09:21:39 INFO StandaloneAppClient$ClientEndpoint: Connecting to master spark://spark-master:7077...
[2025-05-06T09:21:39.064+0000] {spark_submit.py:490} INFO - 25/05/06 09:21:39 INFO TransportClientFactory: Successfully created connection to spark-master/172.18.0.3:7077 after 26 ms (0 ms spent in bootstraps)
[2025-05-06T09:21:39.159+0000] {spark_submit.py:490} INFO - 25/05/06 09:21:39 INFO StandaloneSchedulerBackend: Connected to Spark cluster with app ID app-20250506092139-0036
[2025-05-06T09:21:39.161+0000] {spark_submit.py:490} INFO - 25/05/06 09:21:39 INFO StandaloneAppClient$ClientEndpoint: Executor added: app-20250506092139-0036/0 on worker-20250505201940-172.18.0.6-38439 (172.18.0.6:38439) with 2 core(s)
[2025-05-06T09:21:39.167+0000] {spark_submit.py:490} INFO - 25/05/06 09:21:39 INFO StandaloneSchedulerBackend: Granted executor ID app-20250506092139-0036/0 on hostPort 172.18.0.6:38439 with 2 core(s), 1024.0 MiB RAM
[2025-05-06T09:21:39.172+0000] {spark_submit.py:490} INFO - 25/05/06 09:21:39 INFO Utils: Successfully started service 'org.apache.spark.network.netty.NettyBlockTransferService' on port 34957.
[2025-05-06T09:21:39.172+0000] {spark_submit.py:490} INFO - 25/05/06 09:21:39 INFO NettyBlockTransferService: Server created on b431f09a1fa6:34957
[2025-05-06T09:21:39.174+0000] {spark_submit.py:490} INFO - 25/05/06 09:21:39 INFO BlockManager: Using org.apache.spark.storage.RandomBlockReplicationPolicy for block replication policy
[2025-05-06T09:21:39.183+0000] {spark_submit.py:490} INFO - 25/05/06 09:21:39 INFO BlockManagerMaster: Registering BlockManager BlockManagerId(driver, b431f09a1fa6, 34957, None)
[2025-05-06T09:21:39.187+0000] {spark_submit.py:490} INFO - 25/05/06 09:21:39 INFO BlockManagerMasterEndpoint: Registering block manager b431f09a1fa6:34957 with 434.4 MiB RAM, BlockManagerId(driver, b431f09a1fa6, 34957, None)
[2025-05-06T09:21:39.192+0000] {spark_submit.py:490} INFO - 25/05/06 09:21:39 INFO BlockManagerMaster: Registered BlockManager BlockManagerId(driver, b431f09a1fa6, 34957, None)
[2025-05-06T09:21:39.193+0000] {spark_submit.py:490} INFO - 25/05/06 09:21:39 INFO BlockManager: Initialized BlockManager: BlockManagerId(driver, b431f09a1fa6, 34957, None)
[2025-05-06T09:21:39.201+0000] {spark_submit.py:490} INFO - 25/05/06 09:21:39 INFO StandaloneAppClient$ClientEndpoint: Executor updated: app-20250506092139-0036/0 is now RUNNING
[2025-05-06T09:21:39.367+0000] {spark_submit.py:490} INFO - 25/05/06 09:21:39 INFO StandaloneSchedulerBackend: SchedulerBackend is ready for scheduling beginning after reached minRegisteredResourcesRatio: 0.0
[2025-05-06T09:21:39.510+0000] {spark_submit.py:490} INFO - 🔍 Читання з: /tmp/spark_data/bronze/athlete_event_results/20250506_*
[2025-05-06T09:21:39.568+0000] {spark_submit.py:490} INFO - 25/05/06 09:21:39 INFO SharedState: Setting hive.metastore.warehouse.dir ('null') to the value of spark.sql.warehouse.dir.
[2025-05-06T09:21:39.575+0000] {spark_submit.py:490} INFO - 25/05/06 09:21:39 INFO SharedState: Warehouse path is 'file:/opt/airflow/spark-warehouse'.
[2025-05-06T09:21:40.485+0000] {spark_submit.py:490} INFO - 25/05/06 09:21:40 INFO InMemoryFileIndex: It took 56 ms to list leaf files for 3 paths.
[2025-05-06T09:21:41.069+0000] {spark_submit.py:490} INFO - 25/05/06 09:21:41 INFO SparkContext: Starting job: load at NativeMethodAccessorImpl.java:0
[2025-05-06T09:21:41.089+0000] {spark_submit.py:490} INFO - 25/05/06 09:21:41 INFO DAGScheduler: Got job 0 (load at NativeMethodAccessorImpl.java:0) with 1 output partitions
[2025-05-06T09:21:41.089+0000] {spark_submit.py:490} INFO - 25/05/06 09:21:41 INFO DAGScheduler: Final stage: ResultStage 0 (load at NativeMethodAccessorImpl.java:0)
[2025-05-06T09:21:41.090+0000] {spark_submit.py:490} INFO - 25/05/06 09:21:41 INFO DAGScheduler: Parents of final stage: List()
[2025-05-06T09:21:41.091+0000] {spark_submit.py:490} INFO - 25/05/06 09:21:41 INFO DAGScheduler: Missing parents: List()
[2025-05-06T09:21:41.097+0000] {spark_submit.py:490} INFO - 25/05/06 09:21:41 INFO DAGScheduler: Submitting ResultStage 0 (MapPartitionsRDD[1] at load at NativeMethodAccessorImpl.java:0), which has no missing parents
[2025-05-06T09:21:41.161+0000] {spark_submit.py:490} INFO - 25/05/06 09:21:41 INFO MemoryStore: Block broadcast_0 stored as values in memory (estimated size 102.8 KiB, free 434.3 MiB)
[2025-05-06T09:21:41.196+0000] {spark_submit.py:490} INFO - 25/05/06 09:21:41 INFO MemoryStore: Block broadcast_0_piece0 stored as bytes in memory (estimated size 36.9 KiB, free 434.3 MiB)
[2025-05-06T09:21:41.200+0000] {spark_submit.py:490} INFO - 25/05/06 09:21:41 INFO BlockManagerInfo: Added broadcast_0_piece0 in memory on b431f09a1fa6:34957 (size: 36.9 KiB, free: 434.4 MiB)
[2025-05-06T09:21:41.204+0000] {spark_submit.py:490} INFO - 25/05/06 09:21:41 INFO SparkContext: Created broadcast 0 from broadcast at DAGScheduler.scala:1513
[2025-05-06T09:21:41.223+0000] {spark_submit.py:490} INFO - 25/05/06 09:21:41 INFO DAGScheduler: Submitting 1 missing tasks from ResultStage 0 (MapPartitionsRDD[1] at load at NativeMethodAccessorImpl.java:0) (first 15 tasks are for partitions Vector(0))
[2025-05-06T09:21:41.226+0000] {spark_submit.py:490} INFO - 25/05/06 09:21:41 INFO TaskSchedulerImpl: Adding task set 0.0 with 1 tasks resource profile 0
[2025-05-06T09:21:42.008+0000] {spark_submit.py:490} INFO - 25/05/06 09:21:42 INFO CoarseGrainedSchedulerBackend$DriverEndpoint: Registered executor NettyRpcEndpointRef(spark-client://Executor) (172.18.0.6:34984) with ID 0,  ResourceProfileId 0
[2025-05-06T09:21:42.077+0000] {spark_submit.py:490} INFO - 25/05/06 09:21:42 INFO BlockManagerMasterEndpoint: Registering block manager 172.18.0.6:44045 with 366.3 MiB RAM, BlockManagerId(0, 172.18.0.6, 44045, None)
[2025-05-06T09:21:42.151+0000] {spark_submit.py:490} INFO - 25/05/06 09:21:42 INFO TaskSetManager: Starting task 0.0 in stage 0.0 (TID 0) (172.18.0.6, executor 0, partition 0, PROCESS_LOCAL, 4685 bytes) taskResourceAssignments Map()
[2025-05-06T09:21:42.390+0000] {spark_submit.py:490} INFO - 25/05/06 09:21:42 INFO BlockManagerInfo: Added broadcast_0_piece0 in memory on 172.18.0.6:44045 (size: 36.9 KiB, free: 366.3 MiB)
[2025-05-06T09:21:43.263+0000] {spark_submit.py:490} INFO - 25/05/06 09:21:43 INFO TaskSetManager: Finished task 0.0 in stage 0.0 (TID 0) in 1127 ms on 172.18.0.6 (executor 0) (1/1)
[2025-05-06T09:21:43.264+0000] {spark_submit.py:490} INFO - 25/05/06 09:21:43 INFO TaskSchedulerImpl: Removed TaskSet 0.0, whose tasks have all completed, from pool
[2025-05-06T09:21:43.269+0000] {spark_submit.py:490} INFO - 25/05/06 09:21:43 INFO DAGScheduler: ResultStage 0 (load at NativeMethodAccessorImpl.java:0) finished in 2.158 s
[2025-05-06T09:21:43.272+0000] {spark_submit.py:490} INFO - 25/05/06 09:21:43 INFO DAGScheduler: Job 0 is finished. Cancelling potential speculative or zombie tasks for this job
[2025-05-06T09:21:43.272+0000] {spark_submit.py:490} INFO - 25/05/06 09:21:43 INFO TaskSchedulerImpl: Killing all running tasks in stage 0: Stage finished
[2025-05-06T09:21:43.274+0000] {spark_submit.py:490} INFO - 25/05/06 09:21:43 INFO DAGScheduler: Job 0 finished: load at NativeMethodAccessorImpl.java:0, took 2.204891 s
[2025-05-06T09:21:43.509+0000] {spark_submit.py:490} INFO - 25/05/06 09:21:43 INFO BlockManagerInfo: Removed broadcast_0_piece0 on b431f09a1fa6:34957 in memory (size: 36.9 KiB, free: 434.4 MiB)
[2025-05-06T09:21:43.516+0000] {spark_submit.py:490} INFO - 25/05/06 09:21:43 INFO BlockManagerInfo: Removed broadcast_0_piece0 on 172.18.0.6:44045 in memory (size: 36.9 KiB, free: 366.3 MiB)
[2025-05-06T09:21:44.524+0000] {spark_submit.py:490} INFO - 📑 Схема початкового датафрейму:
[2025-05-06T09:21:44.542+0000] {spark_submit.py:490} INFO - root
[2025-05-06T09:21:44.542+0000] {spark_submit.py:490} INFO - |-- edition: string (nullable = true)
[2025-05-06T09:21:44.543+0000] {spark_submit.py:490} INFO - |-- edition_id: string (nullable = true)
[2025-05-06T09:21:44.543+0000] {spark_submit.py:490} INFO - |-- country_noc: string (nullable = true)
[2025-05-06T09:21:44.543+0000] {spark_submit.py:490} INFO - |-- sport: string (nullable = true)
[2025-05-06T09:21:44.543+0000] {spark_submit.py:490} INFO - |-- event: string (nullable = true)
[2025-05-06T09:21:44.543+0000] {spark_submit.py:490} INFO - |-- result_id: string (nullable = true)
[2025-05-06T09:21:44.543+0000] {spark_submit.py:490} INFO - |-- athlete: string (nullable = true)
[2025-05-06T09:21:44.543+0000] {spark_submit.py:490} INFO - |-- athlete_id: string (nullable = true)
[2025-05-06T09:21:44.543+0000] {spark_submit.py:490} INFO - |-- pos: string (nullable = true)
[2025-05-06T09:21:44.543+0000] {spark_submit.py:490} INFO - |-- medal: string (nullable = true)
[2025-05-06T09:21:44.544+0000] {spark_submit.py:490} INFO - |-- isTeamSport: string (nullable = true)
[2025-05-06T09:21:44.544+0000] {spark_submit.py:490} INFO - 
[2025-05-06T09:21:44.544+0000] {spark_submit.py:490} INFO - 🔎 Перші 5 рядків з Bronze:
[2025-05-06T09:21:44.888+0000] {spark_submit.py:490} INFO - 25/05/06 09:21:44 INFO FileSourceStrategy: Pushed Filters:
[2025-05-06T09:21:44.889+0000] {spark_submit.py:490} INFO - 25/05/06 09:21:44 INFO FileSourceStrategy: Post-Scan Filters:
[2025-05-06T09:21:44.891+0000] {spark_submit.py:490} INFO - 25/05/06 09:21:44 INFO FileSourceStrategy: Output Data Schema: struct<edition: string, edition_id: string, country_noc: string, sport: string, event: string ... 9 more fields>
[2025-05-06T09:21:45.237+0000] {spark_submit.py:490} INFO - 25/05/06 09:21:45 INFO CodeGenerator: Code generated in 192.658709 ms
[2025-05-06T09:21:45.276+0000] {spark_submit.py:490} INFO - 25/05/06 09:21:45 INFO MemoryStore: Block broadcast_1 stored as values in memory (estimated size 202.0 KiB, free 434.2 MiB)
[2025-05-06T09:21:45.286+0000] {spark_submit.py:490} INFO - 25/05/06 09:21:45 INFO MemoryStore: Block broadcast_1_piece0 stored as bytes in memory (estimated size 34.8 KiB, free 434.2 MiB)
[2025-05-06T09:21:45.287+0000] {spark_submit.py:490} INFO - 25/05/06 09:21:45 INFO BlockManagerInfo: Added broadcast_1_piece0 in memory on b431f09a1fa6:34957 (size: 34.8 KiB, free: 434.4 MiB)
[2025-05-06T09:21:45.289+0000] {spark_submit.py:490} INFO - 25/05/06 09:21:45 INFO SparkContext: Created broadcast 1 from showString at NativeMethodAccessorImpl.java:0
[2025-05-06T09:21:45.298+0000] {spark_submit.py:490} INFO - 25/05/06 09:21:45 INFO FileSourceScanExec: Planning scan with bin packing, max size: 20385006 bytes, open cost is considered as scanning 4194304 bytes.
[2025-05-06T09:21:45.340+0000] {spark_submit.py:490} INFO - 25/05/06 09:21:45 INFO SparkContext: Starting job: showString at NativeMethodAccessorImpl.java:0
[2025-05-06T09:21:45.341+0000] {spark_submit.py:490} INFO - 25/05/06 09:21:45 INFO DAGScheduler: Got job 1 (showString at NativeMethodAccessorImpl.java:0) with 1 output partitions
[2025-05-06T09:21:45.342+0000] {spark_submit.py:490} INFO - 25/05/06 09:21:45 INFO DAGScheduler: Final stage: ResultStage 1 (showString at NativeMethodAccessorImpl.java:0)
[2025-05-06T09:21:45.342+0000] {spark_submit.py:490} INFO - 25/05/06 09:21:45 INFO DAGScheduler: Parents of final stage: List()
[2025-05-06T09:21:45.342+0000] {spark_submit.py:490} INFO - 25/05/06 09:21:45 INFO DAGScheduler: Missing parents: List()
[2025-05-06T09:21:45.344+0000] {spark_submit.py:490} INFO - 25/05/06 09:21:45 INFO DAGScheduler: Submitting ResultStage 1 (MapPartitionsRDD[5] at showString at NativeMethodAccessorImpl.java:0), which has no missing parents
[2025-05-06T09:21:45.372+0000] {spark_submit.py:490} INFO - 25/05/06 09:21:45 INFO MemoryStore: Block broadcast_2 stored as values in memory (estimated size 18.4 KiB, free 434.2 MiB)
[2025-05-06T09:21:45.377+0000] {spark_submit.py:490} INFO - 25/05/06 09:21:45 INFO MemoryStore: Block broadcast_2_piece0 stored as bytes in memory (estimated size 6.5 KiB, free 434.1 MiB)
[2025-05-06T09:21:45.379+0000] {spark_submit.py:490} INFO - 25/05/06 09:21:45 INFO BlockManagerInfo: Added broadcast_2_piece0 in memory on b431f09a1fa6:34957 (size: 6.5 KiB, free: 434.4 MiB)
[2025-05-06T09:21:45.380+0000] {spark_submit.py:490} INFO - 25/05/06 09:21:45 INFO SparkContext: Created broadcast 2 from broadcast at DAGScheduler.scala:1513
[2025-05-06T09:21:45.381+0000] {spark_submit.py:490} INFO - 25/05/06 09:21:45 INFO DAGScheduler: Submitting 1 missing tasks from ResultStage 1 (MapPartitionsRDD[5] at showString at NativeMethodAccessorImpl.java:0) (first 15 tasks are for partitions Vector(0))
[2025-05-06T09:21:45.381+0000] {spark_submit.py:490} INFO - 25/05/06 09:21:45 INFO TaskSchedulerImpl: Adding task set 1.0 with 1 tasks resource profile 0
[2025-05-06T09:21:45.385+0000] {spark_submit.py:490} INFO - 25/05/06 09:21:45 INFO TaskSetManager: Starting task 0.0 in stage 1.0 (TID 1) (172.18.0.6, executor 0, partition 0, PROCESS_LOCAL, 5372 bytes) taskResourceAssignments Map()
[2025-05-06T09:21:45.421+0000] {spark_submit.py:490} INFO - 25/05/06 09:21:45 INFO BlockManagerInfo: Added broadcast_2_piece0 in memory on 172.18.0.6:44045 (size: 6.5 KiB, free: 366.3 MiB)
[2025-05-06T09:21:45.960+0000] {spark_submit.py:490} INFO - 25/05/06 09:21:45 INFO BlockManagerInfo: Added broadcast_1_piece0 in memory on 172.18.0.6:44045 (size: 34.8 KiB, free: 366.3 MiB)
[2025-05-06T09:21:46.373+0000] {spark_submit.py:490} INFO - 25/05/06 09:21:46 INFO TaskSetManager: Finished task 0.0 in stage 1.0 (TID 1) in 991 ms on 172.18.0.6 (executor 0) (1/1)
[2025-05-06T09:21:46.374+0000] {spark_submit.py:490} INFO - 25/05/06 09:21:46 INFO TaskSchedulerImpl: Removed TaskSet 1.0, whose tasks have all completed, from pool
[2025-05-06T09:21:46.375+0000] {spark_submit.py:490} INFO - 25/05/06 09:21:46 INFO DAGScheduler: ResultStage 1 (showString at NativeMethodAccessorImpl.java:0) finished in 1.028 s
[2025-05-06T09:21:46.375+0000] {spark_submit.py:490} INFO - 25/05/06 09:21:46 INFO DAGScheduler: Job 1 is finished. Cancelling potential speculative or zombie tasks for this job
[2025-05-06T09:21:46.375+0000] {spark_submit.py:490} INFO - 25/05/06 09:21:46 INFO TaskSchedulerImpl: Killing all running tasks in stage 1: Stage finished
[2025-05-06T09:21:46.376+0000] {spark_submit.py:490} INFO - 25/05/06 09:21:46 INFO DAGScheduler: Job 1 finished: showString at NativeMethodAccessorImpl.java:0, took 1.036016 s
[2025-05-06T09:21:46.420+0000] {spark_submit.py:490} INFO - 25/05/06 09:21:46 INFO CodeGenerator: Code generated in 21.21336 ms
[2025-05-06T09:21:46.434+0000] {spark_submit.py:490} INFO - +--------------------+----------+-----------+---------+---------------+---------+---------------+----------+---------+-----+-----------+
[2025-05-06T09:21:46.434+0000] {spark_submit.py:490} INFO - |edition             |edition_id|country_noc|sport    |event          |result_id|athlete        |athlete_id|pos      |medal|isTeamSport|
[2025-05-06T09:21:46.434+0000] {spark_submit.py:490} INFO - +--------------------+----------+-----------+---------+---------------+---------+---------------+----------+---------+-----+-----------+
[2025-05-06T09:21:46.434+0000] {spark_submit.py:490} INFO - |1908 Summer Olympics|5         |ANZ        |Athletics|100 metres, Men|56265    |Ernest Hutcheon|64710     |DNS      |null |False      |
[2025-05-06T09:21:46.434+0000] {spark_submit.py:490} INFO - |1908 Summer Olympics|5         |ANZ        |Athletics|400 metres, Men|56313    |Henry Murray   |64756     |DNS      |null |False      |
[2025-05-06T09:21:46.435+0000] {spark_submit.py:490} INFO - |1908 Summer Olympics|5         |ANZ        |Athletics|800 metres, Men|56338    |Harvey Sutton  |64808     |3 h8 r1/2|null |False      |
[2025-05-06T09:21:46.435+0000] {spark_submit.py:490} INFO - |1908 Summer Olympics|5         |ANZ        |Athletics|800 metres, Men|56338    |Guy Haskins    |922519    |DNS      |null |False      |
[2025-05-06T09:21:46.435+0000] {spark_submit.py:490} INFO - |1908 Summer Olympics|5         |ANZ        |Athletics|800 metres, Men|56338    |Joseph Lynch   |64735     |DNS      |null |False      |
[2025-05-06T09:21:46.435+0000] {spark_submit.py:490} INFO - +--------------------+----------+-----------+---------+---------------+---------+---------------+----------+---------+-----+-----------+
[2025-05-06T09:21:46.435+0000] {spark_submit.py:490} INFO - only showing top 5 rows
[2025-05-06T09:21:46.435+0000] {spark_submit.py:490} INFO - 
[2025-05-06T09:21:46.435+0000] {spark_submit.py:490} INFO - 🧼 Чищення датафрейму...
[2025-05-06T09:21:46.790+0000] {spark_submit.py:490} INFO - 📑 Схема очищеного датафрейму:
[2025-05-06T09:21:46.791+0000] {spark_submit.py:490} INFO - root
[2025-05-06T09:21:46.791+0000] {spark_submit.py:490} INFO - |-- edition: string (nullable = true)
[2025-05-06T09:21:46.791+0000] {spark_submit.py:490} INFO - |-- edition_id: string (nullable = true)
[2025-05-06T09:21:46.791+0000] {spark_submit.py:490} INFO - |-- country_noc: string (nullable = true)
[2025-05-06T09:21:46.791+0000] {spark_submit.py:490} INFO - |-- sport: string (nullable = true)
[2025-05-06T09:21:46.791+0000] {spark_submit.py:490} INFO - |-- event: string (nullable = true)
[2025-05-06T09:21:46.791+0000] {spark_submit.py:490} INFO - |-- result_id: string (nullable = true)
[2025-05-06T09:21:46.791+0000] {spark_submit.py:490} INFO - |-- athlete: string (nullable = true)
[2025-05-06T09:21:46.791+0000] {spark_submit.py:490} INFO - |-- athlete_id: string (nullable = true)
[2025-05-06T09:21:46.791+0000] {spark_submit.py:490} INFO - |-- pos: string (nullable = true)
[2025-05-06T09:21:46.791+0000] {spark_submit.py:490} INFO - |-- medal: string (nullable = true)
[2025-05-06T09:21:46.791+0000] {spark_submit.py:490} INFO - |-- isTeamSport: string (nullable = true)
[2025-05-06T09:21:46.792+0000] {spark_submit.py:490} INFO - 
[2025-05-06T09:21:46.792+0000] {spark_submit.py:490} INFO - 🔎 Перші 10 рядків після очищення:
[2025-05-06T09:21:46.871+0000] {spark_submit.py:490} INFO - 25/05/06 09:21:46 INFO FileSourceStrategy: Pushed Filters:
[2025-05-06T09:21:46.871+0000] {spark_submit.py:490} INFO - 25/05/06 09:21:46 INFO FileSourceStrategy: Post-Scan Filters:
[2025-05-06T09:21:46.871+0000] {spark_submit.py:490} INFO - 25/05/06 09:21:46 INFO FileSourceStrategy: Output Data Schema: struct<edition: string, edition_id: string, country_noc: string, sport: string, event: string ... 9 more fields>
[2025-05-06T09:21:46.930+0000] {spark_submit.py:490} INFO - 25/05/06 09:21:46 INFO CodeGenerator: Code generated in 15.666486 ms
[2025-05-06T09:21:46.938+0000] {spark_submit.py:490} INFO - 25/05/06 09:21:46 INFO MemoryStore: Block broadcast_3 stored as values in memory (estimated size 202.0 KiB, free 433.9 MiB)
[2025-05-06T09:21:46.949+0000] {spark_submit.py:490} INFO - 25/05/06 09:21:46 INFO MemoryStore: Block broadcast_3_piece0 stored as bytes in memory (estimated size 34.8 KiB, free 433.9 MiB)
[2025-05-06T09:21:46.950+0000] {spark_submit.py:490} INFO - 25/05/06 09:21:46 INFO BlockManagerInfo: Added broadcast_3_piece0 in memory on b431f09a1fa6:34957 (size: 34.8 KiB, free: 434.3 MiB)
[2025-05-06T09:21:46.951+0000] {spark_submit.py:490} INFO - 25/05/06 09:21:46 INFO SparkContext: Created broadcast 3 from showString at NativeMethodAccessorImpl.java:0
[2025-05-06T09:21:46.953+0000] {spark_submit.py:490} INFO - 25/05/06 09:21:46 INFO FileSourceScanExec: Planning scan with bin packing, max size: 20385006 bytes, open cost is considered as scanning 4194304 bytes.
[2025-05-06T09:21:47.004+0000] {spark_submit.py:490} INFO - 25/05/06 09:21:47 INFO SparkContext: Starting job: showString at NativeMethodAccessorImpl.java:0
[2025-05-06T09:21:47.005+0000] {spark_submit.py:490} INFO - 25/05/06 09:21:47 INFO DAGScheduler: Got job 2 (showString at NativeMethodAccessorImpl.java:0) with 1 output partitions
[2025-05-06T09:21:47.005+0000] {spark_submit.py:490} INFO - 25/05/06 09:21:47 INFO DAGScheduler: Final stage: ResultStage 2 (showString at NativeMethodAccessorImpl.java:0)
[2025-05-06T09:21:47.005+0000] {spark_submit.py:490} INFO - 25/05/06 09:21:47 INFO DAGScheduler: Parents of final stage: List()
[2025-05-06T09:21:47.006+0000] {spark_submit.py:490} INFO - 25/05/06 09:21:47 INFO DAGScheduler: Missing parents: List()
[2025-05-06T09:21:47.007+0000] {spark_submit.py:490} INFO - 25/05/06 09:21:47 INFO DAGScheduler: Submitting ResultStage 2 (MapPartitionsRDD[12] at showString at NativeMethodAccessorImpl.java:0), which has no missing parents
[2025-05-06T09:21:47.017+0000] {spark_submit.py:490} INFO - 25/05/06 09:21:47 INFO MemoryStore: Block broadcast_4 stored as values in memory (estimated size 48.1 KiB, free 433.9 MiB)
[2025-05-06T09:21:47.020+0000] {spark_submit.py:490} INFO - 25/05/06 09:21:47 INFO MemoryStore: Block broadcast_4_piece0 stored as bytes in memory (estimated size 16.0 KiB, free 433.9 MiB)
[2025-05-06T09:21:47.022+0000] {spark_submit.py:490} INFO - 25/05/06 09:21:47 INFO BlockManagerInfo: Added broadcast_4_piece0 in memory on b431f09a1fa6:34957 (size: 16.0 KiB, free: 434.3 MiB)
[2025-05-06T09:21:47.022+0000] {spark_submit.py:490} INFO - 25/05/06 09:21:47 INFO SparkContext: Created broadcast 4 from broadcast at DAGScheduler.scala:1513
[2025-05-06T09:21:47.023+0000] {spark_submit.py:490} INFO - 25/05/06 09:21:47 INFO DAGScheduler: Submitting 1 missing tasks from ResultStage 2 (MapPartitionsRDD[12] at showString at NativeMethodAccessorImpl.java:0) (first 15 tasks are for partitions Vector(0))
[2025-05-06T09:21:47.023+0000] {spark_submit.py:490} INFO - 25/05/06 09:21:47 INFO TaskSchedulerImpl: Adding task set 2.0 with 1 tasks resource profile 0
[2025-05-06T09:21:47.025+0000] {spark_submit.py:490} INFO - 25/05/06 09:21:47 INFO TaskSetManager: Starting task 0.0 in stage 2.0 (TID 2) (172.18.0.6, executor 0, partition 0, PROCESS_LOCAL, 5372 bytes) taskResourceAssignments Map()
[2025-05-06T09:21:47.046+0000] {spark_submit.py:490} INFO - 25/05/06 09:21:47 INFO BlockManagerInfo: Added broadcast_4_piece0 in memory on 172.18.0.6:44045 (size: 16.0 KiB, free: 366.2 MiB)
[2025-05-06T09:21:47.818+0000] {spark_submit.py:490} INFO - 25/05/06 09:21:47 INFO BlockManagerInfo: Added broadcast_3_piece0 in memory on 172.18.0.6:44045 (size: 34.8 KiB, free: 366.2 MiB)
[2025-05-06T09:21:47.977+0000] {spark_submit.py:490} INFO - 25/05/06 09:21:47 INFO TaskSetManager: Finished task 0.0 in stage 2.0 (TID 2) in 952 ms on 172.18.0.6 (executor 0) (1/1)
[2025-05-06T09:21:47.978+0000] {spark_submit.py:490} INFO - 25/05/06 09:21:47 INFO TaskSchedulerImpl: Removed TaskSet 2.0, whose tasks have all completed, from pool
[2025-05-06T09:21:47.982+0000] {spark_submit.py:490} INFO - 25/05/06 09:21:47 INFO PythonAccumulatorV2: Connected to AccumulatorServer at host: 127.0.0.1 port: 40771
[2025-05-06T09:21:47.985+0000] {spark_submit.py:490} INFO - 25/05/06 09:21:47 INFO DAGScheduler: ResultStage 2 (showString at NativeMethodAccessorImpl.java:0) finished in 0.975 s
[2025-05-06T09:21:47.985+0000] {spark_submit.py:490} INFO - 25/05/06 09:21:47 INFO DAGScheduler: Job 2 is finished. Cancelling potential speculative or zombie tasks for this job
[2025-05-06T09:21:47.985+0000] {spark_submit.py:490} INFO - 25/05/06 09:21:47 INFO TaskSchedulerImpl: Killing all running tasks in stage 2: Stage finished
[2025-05-06T09:21:47.986+0000] {spark_submit.py:490} INFO - 25/05/06 09:21:47 INFO DAGScheduler: Job 2 finished: showString at NativeMethodAccessorImpl.java:0, took 0.981343 s
[2025-05-06T09:21:47.998+0000] {spark_submit.py:490} INFO - +--------------------+----------+-----------+---------+---------------+---------+---------------+----------+---------+-----+-----------+
[2025-05-06T09:21:47.998+0000] {spark_submit.py:490} INFO - |edition             |edition_id|country_noc|sport    |event          |result_id|athlete        |athlete_id|pos      |medal|isTeamSport|
[2025-05-06T09:21:47.998+0000] {spark_submit.py:490} INFO - +--------------------+----------+-----------+---------+---------------+---------+---------------+----------+---------+-----+-----------+
[2025-05-06T09:21:47.998+0000] {spark_submit.py:490} INFO - |1908 summer olympics|5         |anz        |athletics|100 metres men |56265    |ernest hutcheon|64710     |dns      |     |false      |
[2025-05-06T09:21:47.998+0000] {spark_submit.py:490} INFO - |1908 summer olympics|5         |anz        |athletics|400 metres men |56313    |henry murray   |64756     |dns      |     |false      |
[2025-05-06T09:21:47.999+0000] {spark_submit.py:490} INFO - |1908 summer olympics|5         |anz        |athletics|800 metres men |56338    |harvey sutton  |64808     |3 h8 r12 |     |false      |
[2025-05-06T09:21:47.999+0000] {spark_submit.py:490} INFO - |1908 summer olympics|5         |anz        |athletics|800 metres men |56338    |guy haskins    |922519    |dns      |     |false      |
[2025-05-06T09:21:47.999+0000] {spark_submit.py:490} INFO - |1908 summer olympics|5         |anz        |athletics|800 metres men |56338    |joseph lynch   |64735     |dns      |     |false      |
[2025-05-06T09:21:47.999+0000] {spark_submit.py:490} INFO - |1908 summer olympics|5         |anz        |athletics|800 metres men |56338    |henry murray   |64756     |dns      |     |false      |
[2025-05-06T09:21:47.999+0000] {spark_submit.py:490} INFO - |1908 summer olympics|5         |anz        |athletics|1500 metres men|56349    |joseph lynch   |64735     |5 h2 r12 |     |false      |
[2025-05-06T09:21:47.999+0000] {spark_submit.py:490} INFO - |1908 summer olympics|5         |anz        |athletics|1500 metres men|56349    |charles swain  |79576     |ac h3 r12|     |false      |
[2025-05-06T09:21:47.999+0000] {spark_submit.py:490} INFO - |1908 summer olympics|5         |anz        |athletics|1500 metres men|56349    |guy haskins    |922519    |dns      |     |false      |
[2025-05-06T09:21:47.999+0000] {spark_submit.py:490} INFO - |1908 summer olympics|5         |anz        |athletics|1500 metres men|56349    |george blake   |64619     |dns      |     |false      |
[2025-05-06T09:21:47.999+0000] {spark_submit.py:490} INFO - +--------------------+----------+-----------+---------+---------------+---------+---------------+----------+---------+-----+-----------+
[2025-05-06T09:21:48.000+0000] {spark_submit.py:490} INFO - only showing top 10 rows
[2025-05-06T09:21:48.000+0000] {spark_submit.py:490} INFO - 
[2025-05-06T09:21:48.000+0000] {spark_submit.py:490} INFO - 💾 Збереження до Silver рівня: /tmp/spark_data/silver/athlete_event_results/20250506
[2025-05-06T09:21:48.048+0000] {spark_submit.py:490} INFO - 25/05/06 09:21:48 INFO FileSourceStrategy: Pushed Filters:
[2025-05-06T09:21:48.048+0000] {spark_submit.py:490} INFO - 25/05/06 09:21:48 INFO FileSourceStrategy: Post-Scan Filters:
[2025-05-06T09:21:48.049+0000] {spark_submit.py:490} INFO - 25/05/06 09:21:48 INFO FileSourceStrategy: Output Data Schema: struct<edition: string, edition_id: string, country_noc: string, sport: string, event: string ... 9 more fields>
[2025-05-06T09:21:48.092+0000] {spark_submit.py:490} INFO - 25/05/06 09:21:48 INFO ParquetFileFormat: Using default output committer for Parquet: org.apache.parquet.hadoop.ParquetOutputCommitter
[2025-05-06T09:21:48.103+0000] {spark_submit.py:490} INFO - 25/05/06 09:21:48 INFO FileOutputCommitter: File Output Committer Algorithm version is 1
[2025-05-06T09:21:48.104+0000] {spark_submit.py:490} INFO - 25/05/06 09:21:48 INFO FileOutputCommitter: FileOutputCommitter skip cleanup _temporary folders under output directory:false, ignore cleanup failures: false
[2025-05-06T09:21:48.104+0000] {spark_submit.py:490} INFO - 25/05/06 09:21:48 INFO SQLHadoopMapReduceCommitProtocol: Using user defined output committer class org.apache.parquet.hadoop.ParquetOutputCommitter
[2025-05-06T09:21:48.105+0000] {spark_submit.py:490} INFO - 25/05/06 09:21:48 INFO FileOutputCommitter: File Output Committer Algorithm version is 1
[2025-05-06T09:21:48.105+0000] {spark_submit.py:490} INFO - 25/05/06 09:21:48 INFO FileOutputCommitter: FileOutputCommitter skip cleanup _temporary folders under output directory:false, ignore cleanup failures: false
[2025-05-06T09:21:48.105+0000] {spark_submit.py:490} INFO - 25/05/06 09:21:48 INFO SQLHadoopMapReduceCommitProtocol: Using output committer class org.apache.parquet.hadoop.ParquetOutputCommitter
[2025-05-06T09:21:48.148+0000] {spark_submit.py:490} INFO - 25/05/06 09:21:48 INFO BlockManagerInfo: Removed broadcast_2_piece0 on b431f09a1fa6:34957 in memory (size: 6.5 KiB, free: 434.3 MiB)
[2025-05-06T09:21:48.150+0000] {spark_submit.py:490} INFO - 25/05/06 09:21:48 INFO BlockManagerInfo: Removed broadcast_2_piece0 on 172.18.0.6:44045 in memory (size: 6.5 KiB, free: 366.2 MiB)
[2025-05-06T09:21:48.159+0000] {spark_submit.py:490} INFO - 25/05/06 09:21:48 INFO MemoryStore: Block broadcast_5 stored as values in memory (estimated size 202.0 KiB, free 433.7 MiB)
[2025-05-06T09:21:48.167+0000] {spark_submit.py:490} INFO - 25/05/06 09:21:48 INFO BlockManagerInfo: Removed broadcast_4_piece0 on b431f09a1fa6:34957 in memory (size: 16.0 KiB, free: 434.3 MiB)
[2025-05-06T09:21:48.171+0000] {spark_submit.py:490} INFO - 25/05/06 09:21:48 INFO BlockManagerInfo: Removed broadcast_4_piece0 on 172.18.0.6:44045 in memory (size: 16.0 KiB, free: 366.2 MiB)
[2025-05-06T09:21:48.171+0000] {spark_submit.py:490} INFO - 25/05/06 09:21:48 INFO MemoryStore: Block broadcast_5_piece0 stored as bytes in memory (estimated size 34.8 KiB, free 433.7 MiB)
[2025-05-06T09:21:48.189+0000] {spark_submit.py:490} INFO - 25/05/06 09:21:48 INFO BlockManagerInfo: Added broadcast_5_piece0 in memory on b431f09a1fa6:34957 (size: 34.8 KiB, free: 434.3 MiB)
[2025-05-06T09:21:48.191+0000] {spark_submit.py:490} INFO - 25/05/06 09:21:48 INFO SparkContext: Created broadcast 5 from parquet at NativeMethodAccessorImpl.java:0
[2025-05-06T09:21:48.195+0000] {spark_submit.py:490} INFO - 25/05/06 09:21:48 INFO FileSourceScanExec: Planning scan with bin packing, max size: 20385006 bytes, open cost is considered as scanning 4194304 bytes.
[2025-05-06T09:21:48.195+0000] {spark_submit.py:490} INFO - 25/05/06 09:21:48 INFO BlockManagerInfo: Removed broadcast_3_piece0 on b431f09a1fa6:34957 in memory (size: 34.8 KiB, free: 434.3 MiB)
[2025-05-06T09:21:48.197+0000] {spark_submit.py:490} INFO - 25/05/06 09:21:48 INFO BlockManagerInfo: Removed broadcast_3_piece0 on 172.18.0.6:44045 in memory (size: 34.8 KiB, free: 366.3 MiB)
[2025-05-06T09:21:48.212+0000] {spark_submit.py:490} INFO - 25/05/06 09:21:48 INFO BlockManagerInfo: Removed broadcast_1_piece0 on b431f09a1fa6:34957 in memory (size: 34.8 KiB, free: 434.4 MiB)
[2025-05-06T09:21:48.215+0000] {spark_submit.py:490} INFO - 25/05/06 09:21:48 INFO BlockManagerInfo: Removed broadcast_1_piece0 on 172.18.0.6:44045 in memory (size: 34.8 KiB, free: 366.3 MiB)
[2025-05-06T09:21:48.240+0000] {spark_submit.py:490} INFO - 25/05/06 09:21:48 INFO SparkContext: Starting job: parquet at NativeMethodAccessorImpl.java:0
[2025-05-06T09:21:48.241+0000] {spark_submit.py:490} INFO - 25/05/06 09:21:48 INFO DAGScheduler: Got job 3 (parquet at NativeMethodAccessorImpl.java:0) with 2 output partitions
[2025-05-06T09:21:48.241+0000] {spark_submit.py:490} INFO - 25/05/06 09:21:48 INFO DAGScheduler: Final stage: ResultStage 3 (parquet at NativeMethodAccessorImpl.java:0)
[2025-05-06T09:21:48.241+0000] {spark_submit.py:490} INFO - 25/05/06 09:21:48 INFO DAGScheduler: Parents of final stage: List()
[2025-05-06T09:21:48.242+0000] {spark_submit.py:490} INFO - 25/05/06 09:21:48 INFO DAGScheduler: Missing parents: List()
[2025-05-06T09:21:48.244+0000] {spark_submit.py:490} INFO - 25/05/06 09:21:48 INFO DAGScheduler: Submitting ResultStage 3 (MapPartitionsRDD[18] at parquet at NativeMethodAccessorImpl.java:0), which has no missing parents
[2025-05-06T09:21:48.265+0000] {spark_submit.py:490} INFO - 25/05/06 09:21:48 INFO MemoryStore: Block broadcast_6 stored as values in memory (estimated size 248.7 KiB, free 433.9 MiB)
[2025-05-06T09:21:48.268+0000] {spark_submit.py:490} INFO - 25/05/06 09:21:48 INFO MemoryStore: Block broadcast_6_piece0 stored as bytes in memory (estimated size 85.9 KiB, free 433.8 MiB)
[2025-05-06T09:21:48.270+0000] {spark_submit.py:490} INFO - 25/05/06 09:21:48 INFO BlockManagerInfo: Added broadcast_6_piece0 in memory on b431f09a1fa6:34957 (size: 85.9 KiB, free: 434.3 MiB)
[2025-05-06T09:21:48.271+0000] {spark_submit.py:490} INFO - 25/05/06 09:21:48 INFO SparkContext: Created broadcast 6 from broadcast at DAGScheduler.scala:1513
[2025-05-06T09:21:48.272+0000] {spark_submit.py:490} INFO - 25/05/06 09:21:48 INFO DAGScheduler: Submitting 2 missing tasks from ResultStage 3 (MapPartitionsRDD[18] at parquet at NativeMethodAccessorImpl.java:0) (first 15 tasks are for partitions Vector(0, 1))
[2025-05-06T09:21:48.272+0000] {spark_submit.py:490} INFO - 25/05/06 09:21:48 INFO TaskSchedulerImpl: Adding task set 3.0 with 2 tasks resource profile 0
[2025-05-06T09:21:48.274+0000] {spark_submit.py:490} INFO - 25/05/06 09:21:48 INFO TaskSetManager: Starting task 0.0 in stage 3.0 (TID 3) (172.18.0.6, executor 0, partition 0, PROCESS_LOCAL, 5372 bytes) taskResourceAssignments Map()
[2025-05-06T09:21:48.274+0000] {spark_submit.py:490} INFO - 25/05/06 09:21:48 INFO TaskSetManager: Starting task 1.0 in stage 3.0 (TID 4) (172.18.0.6, executor 0, partition 1, PROCESS_LOCAL, 5372 bytes) taskResourceAssignments Map()
[2025-05-06T09:21:48.296+0000] {spark_submit.py:490} INFO - 25/05/06 09:21:48 INFO BlockManagerInfo: Added broadcast_6_piece0 in memory on 172.18.0.6:44045 (size: 85.9 KiB, free: 366.2 MiB)
[2025-05-06T09:21:48.446+0000] {spark_submit.py:490} INFO - 25/05/06 09:21:48 INFO BlockManagerInfo: Added broadcast_5_piece0 in memory on 172.18.0.6:44045 (size: 34.8 KiB, free: 366.2 MiB)
[2025-05-06T09:22:01.205+0000] {spark_submit.py:490} INFO - 25/05/06 09:22:01 INFO TaskSetManager: Finished task 1.0 in stage 3.0 (TID 4) in 12931 ms on 172.18.0.6 (executor 0) (1/2)
[2025-05-06T09:22:04.218+0000] {spark_submit.py:490} INFO - 25/05/06 09:22:04 INFO TaskSetManager: Finished task 0.0 in stage 3.0 (TID 3) in 15944 ms on 172.18.0.6 (executor 0) (2/2)
[2025-05-06T09:22:04.218+0000] {spark_submit.py:490} INFO - 25/05/06 09:22:04 INFO TaskSchedulerImpl: Removed TaskSet 3.0, whose tasks have all completed, from pool
[2025-05-06T09:22:04.219+0000] {spark_submit.py:490} INFO - 25/05/06 09:22:04 INFO DAGScheduler: ResultStage 3 (parquet at NativeMethodAccessorImpl.java:0) finished in 15.975 s
[2025-05-06T09:22:04.220+0000] {spark_submit.py:490} INFO - 25/05/06 09:22:04 INFO DAGScheduler: Job 3 is finished. Cancelling potential speculative or zombie tasks for this job
[2025-05-06T09:22:04.220+0000] {spark_submit.py:490} INFO - 25/05/06 09:22:04 INFO TaskSchedulerImpl: Killing all running tasks in stage 3: Stage finished
[2025-05-06T09:22:04.220+0000] {spark_submit.py:490} INFO - 25/05/06 09:22:04 INFO DAGScheduler: Job 3 finished: parquet at NativeMethodAccessorImpl.java:0, took 15.990068 s
[2025-05-06T09:22:04.223+0000] {spark_submit.py:490} INFO - 25/05/06 09:22:04 INFO FileFormatWriter: Start to commit write Job 911249eb-e942-41b2-ad06-cec7d1a804c4.
[2025-05-06T09:22:04.248+0000] {spark_submit.py:490} INFO - 25/05/06 09:22:04 INFO FileFormatWriter: Write Job 911249eb-e942-41b2-ad06-cec7d1a804c4 committed. Elapsed time: 23 ms.
[2025-05-06T09:22:04.251+0000] {spark_submit.py:490} INFO - 25/05/06 09:22:04 INFO FileFormatWriter: Finished processing stats for write job 911249eb-e942-41b2-ad06-cec7d1a804c4.
[2025-05-06T09:22:04.255+0000] {spark_submit.py:490} INFO - ✅ Збережено до Silver: /tmp/spark_data/silver/athlete_event_results/20250506
[2025-05-06T09:22:04.255+0000] {spark_submit.py:490} INFO - 📁 Шлях збереження Silver: /tmp/spark_data/silver/athlete_event_results/20250506
[2025-05-06T09:22:04.255+0000] {spark_submit.py:490} INFO - 📂 Вміст директорії:
[2025-05-06T09:22:04.255+0000] {spark_submit.py:490} INFO - ['.part-00001-c75c2472-1e2b-44e6-8deb-cd2dc596ab36-c000.snappy.parquet.crc', '.part-00000-c75c2472-1e2b-44e6-8deb-cd2dc596ab36-c000.snappy.parquet.crc', '_SUCCESS', '._SUCCESS.crc', 'part-00000-c75c2472-1e2b-44e6-8deb-cd2dc596ab36-c000.snappy.parquet', 'part-00001-c75c2472-1e2b-44e6-8deb-cd2dc596ab36-c000.snappy.parquet']
[2025-05-06T09:22:04.264+0000] {spark_submit.py:490} INFO - 25/05/06 09:22:04 INFO SparkUI: Stopped Spark web UI at http://b431f09a1fa6:4040
[2025-05-06T09:22:04.268+0000] {spark_submit.py:490} INFO - 25/05/06 09:22:04 INFO StandaloneSchedulerBackend: Shutting down all executors
[2025-05-06T09:22:04.268+0000] {spark_submit.py:490} INFO - 25/05/06 09:22:04 INFO CoarseGrainedSchedulerBackend$DriverEndpoint: Asking each executor to shut down
[2025-05-06T09:22:04.293+0000] {spark_submit.py:490} INFO - 25/05/06 09:22:04 INFO MapOutputTrackerMasterEndpoint: MapOutputTrackerMasterEndpoint stopped!
[2025-05-06T09:22:04.310+0000] {spark_submit.py:490} INFO - 25/05/06 09:22:04 INFO MemoryStore: MemoryStore cleared
[2025-05-06T09:22:04.310+0000] {spark_submit.py:490} INFO - 25/05/06 09:22:04 INFO BlockManager: BlockManager stopped
[2025-05-06T09:22:04.313+0000] {spark_submit.py:490} INFO - 25/05/06 09:22:04 INFO BlockManagerMaster: BlockManagerMaster stopped
[2025-05-06T09:22:04.316+0000] {spark_submit.py:490} INFO - 25/05/06 09:22:04 INFO OutputCommitCoordinator$OutputCommitCoordinatorEndpoint: OutputCommitCoordinator stopped!
[2025-05-06T09:22:04.328+0000] {spark_submit.py:490} INFO - 25/05/06 09:22:04 INFO SparkContext: Successfully stopped SparkContext
[2025-05-06T09:22:05.252+0000] {spark_submit.py:490} INFO - 25/05/06 09:22:05 INFO ShutdownHookManager: Shutdown hook called
[2025-05-06T09:22:05.253+0000] {spark_submit.py:490} INFO - 25/05/06 09:22:05 INFO ShutdownHookManager: Deleting directory /tmp/spark-7d13cb42-ff79-4aae-a802-03a3bf26febb
[2025-05-06T09:22:05.257+0000] {spark_submit.py:490} INFO - 25/05/06 09:22:05 INFO ShutdownHookManager: Deleting directory /tmp/spark-f2a6b0e7-b4a9-4351-a6c0-3ed15a29bc5c
[2025-05-06T09:22:05.260+0000] {spark_submit.py:490} INFO - 25/05/06 09:22:05 INFO ShutdownHookManager: Deleting directory /tmp/spark-f2a6b0e7-b4a9-4351-a6c0-3ed15a29bc5c/pyspark-98de7256-83de-4957-8c14-89adbceecd68
[2025-05-06T09:22:05.302+0000] {taskinstance.py:1350} INFO - Marking task as SUCCESS. dag_id=final_project_BBDL, task_id=BronzeToSilver, execution_date=20250506T092110, start_date=20250506T092135, end_date=20250506T092205
[2025-05-06T09:22:05.372+0000] {local_task_job_runner.py:225} INFO - Task exited with return code 0
[2025-05-06T09:22:05.394+0000] {taskinstance.py:2653} INFO - 1 downstream tasks scheduled from follow-on schedule check
