[2025-05-02T20:49:12.043+0000] {local_task_job_runner.py:120} INFO - ::group::Pre task execution logs
[2025-05-02T20:49:12.110+0000] {taskinstance.py:2076} INFO - Dependencies all met for dep_context=non-requeueable deps ti=<TaskInstance: final_project_BBDL.LandingToBronze manual__2025-05-02T20:49:10.649122+00:00 [queued]>
[2025-05-02T20:49:12.119+0000] {taskinstance.py:2076} INFO - Dependencies all met for dep_context=requeueable deps ti=<TaskInstance: final_project_BBDL.LandingToBronze manual__2025-05-02T20:49:10.649122+00:00 [queued]>
[2025-05-02T20:49:12.119+0000] {taskinstance.py:2306} INFO - Starting attempt 1 of 1
[2025-05-02T20:49:12.165+0000] {taskinstance.py:2330} INFO - Executing <Task(SparkSubmitOperator): LandingToBronze> on 2025-05-02 20:49:10.649122+00:00
[2025-05-02T20:49:12.169+0000] {standard_task_runner.py:63} INFO - Started process 1575 to run task
[2025-05-02T20:49:12.172+0000] {standard_task_runner.py:90} INFO - Running: ['airflow', 'tasks', 'run', 'final_project_BBDL', 'LandingToBronze', 'manual__2025-05-02T20:49:10.649122+00:00', '--job-id', '26', '--raw', '--subdir', 'DAGS_FOLDER/project_solution.py', '--cfg-path', '/tmp/tmp4_slc229']
[2025-05-02T20:49:12.174+0000] {standard_task_runner.py:91} INFO - Job 26: Subtask LandingToBronze
[2025-05-02T20:49:12.242+0000] {logging_mixin.py:188} WARNING - /home/airflow/.local/lib/python3.10/site-packages/airflow/settings.py:195 DeprecationWarning: The sql_alchemy_conn option in [core] has been moved to the sql_alchemy_conn option in [database] - the old setting has been used, but please update your config.
[2025-05-02T20:49:12.326+0000] {task_command.py:426} INFO - Running <TaskInstance: final_project_BBDL.LandingToBronze manual__2025-05-02T20:49:10.649122+00:00 [running]> on host 6ca5a7f6558e
[2025-05-02T20:49:12.866+0000] {taskinstance.py:2648} INFO - Exporting env vars: AIRFLOW_CTX_DAG_OWNER='airflow' AIRFLOW_CTX_DAG_ID='final_project_BBDL' AIRFLOW_CTX_TASK_ID='LandingToBronze' AIRFLOW_CTX_EXECUTION_DATE='2025-05-02T20:49:10.649122+00:00' AIRFLOW_CTX_TRY_NUMBER='1' AIRFLOW_CTX_DAG_RUN_ID='manual__2025-05-02T20:49:10.649122+00:00'
[2025-05-02T20:49:12.867+0000] {taskinstance.py:430} INFO - ::endgroup::
[2025-05-02T20:49:12.940+0000] {base.py:84} INFO - Using connection ID 'spark_default' for task execution.
[2025-05-02T20:49:12.941+0000] {spark_submit.py:328} ERROR - Failed to decode base64 keytab: Invalid base64-encoded string: number of data characters (5) cannot be 1 more than a multiple of 4
[2025-05-02T20:49:12.942+0000] {spark_submit.py:305} INFO - Could not load connection string spark_default, defaulting to spark://spark-master:7077
[2025-05-02T20:49:12.942+0000] {spark_submit.py:474} INFO - Spark-Submit cmd: spark-submit --master spark://spark-master:7077 --conf spark.master=spark://spark-master:7077 --name LandingToBronze --verbose --queue root.default --deploy-mode client /opt/airflow/dags/landing_to_bronze.py
[2025-05-02T20:49:15.085+0000] {spark_submit.py:644} INFO - Using properties file: null
[2025-05-02T20:49:15.197+0000] {spark_submit.py:644} INFO - Parsed arguments:
[2025-05-02T20:49:15.198+0000] {spark_submit.py:644} INFO - master                  spark://spark-master:7077
[2025-05-02T20:49:15.198+0000] {spark_submit.py:644} INFO - deployMode              client
[2025-05-02T20:49:15.198+0000] {spark_submit.py:644} INFO - executorMemory          null
[2025-05-02T20:49:15.198+0000] {spark_submit.py:644} INFO - executorCores           null
[2025-05-02T20:49:15.198+0000] {spark_submit.py:644} INFO - totalExecutorCores      null
[2025-05-02T20:49:15.198+0000] {spark_submit.py:644} INFO - propertiesFile          null
[2025-05-02T20:49:15.198+0000] {spark_submit.py:644} INFO - driverMemory            null
[2025-05-02T20:49:15.199+0000] {spark_submit.py:644} INFO - driverCores             null
[2025-05-02T20:49:15.199+0000] {spark_submit.py:644} INFO - driverExtraClassPath    null
[2025-05-02T20:49:15.199+0000] {spark_submit.py:644} INFO - driverExtraLibraryPath  null
[2025-05-02T20:49:15.199+0000] {spark_submit.py:644} INFO - driverExtraJavaOptions  null
[2025-05-02T20:49:15.199+0000] {spark_submit.py:644} INFO - supervise               false
[2025-05-02T20:49:15.199+0000] {spark_submit.py:644} INFO - queue                   root.default
[2025-05-02T20:49:15.199+0000] {spark_submit.py:644} INFO - numExecutors            null
[2025-05-02T20:49:15.199+0000] {spark_submit.py:644} INFO - files                   null
[2025-05-02T20:49:15.199+0000] {spark_submit.py:644} INFO - pyFiles                 null
[2025-05-02T20:49:15.199+0000] {spark_submit.py:644} INFO - archives                null
[2025-05-02T20:49:15.199+0000] {spark_submit.py:644} INFO - mainClass               null
[2025-05-02T20:49:15.199+0000] {spark_submit.py:644} INFO - primaryResource         file:/opt/airflow/dags/landing_to_bronze.py
[2025-05-02T20:49:15.199+0000] {spark_submit.py:644} INFO - name                    LandingToBronze
[2025-05-02T20:49:15.200+0000] {spark_submit.py:644} INFO - childArgs               []
[2025-05-02T20:49:15.200+0000] {spark_submit.py:644} INFO - jars                    null
[2025-05-02T20:49:15.200+0000] {spark_submit.py:644} INFO - packages                null
[2025-05-02T20:49:15.200+0000] {spark_submit.py:644} INFO - packagesExclusions      null
[2025-05-02T20:49:15.200+0000] {spark_submit.py:644} INFO - repositories            null
[2025-05-02T20:49:15.200+0000] {spark_submit.py:644} INFO - verbose                 true
[2025-05-02T20:49:15.200+0000] {spark_submit.py:644} INFO - 
[2025-05-02T20:49:15.200+0000] {spark_submit.py:644} INFO - Spark properties used, including those specified through
[2025-05-02T20:49:15.200+0000] {spark_submit.py:644} INFO - --conf and those from the properties file null:
[2025-05-02T20:49:15.200+0000] {spark_submit.py:644} INFO - (spark.master,spark://spark-master:7077)
[2025-05-02T20:49:15.200+0000] {spark_submit.py:644} INFO - 
[2025-05-02T20:49:15.201+0000] {spark_submit.py:644} INFO - 
[2025-05-02T20:49:15.524+0000] {spark_submit.py:644} INFO - Main class:
[2025-05-02T20:49:15.524+0000] {spark_submit.py:644} INFO - org.apache.spark.deploy.PythonRunner
[2025-05-02T20:49:15.524+0000] {spark_submit.py:644} INFO - Arguments:
[2025-05-02T20:49:15.524+0000] {spark_submit.py:644} INFO - file:/opt/airflow/dags/landing_to_bronze.py
[2025-05-02T20:49:15.525+0000] {spark_submit.py:644} INFO - null
[2025-05-02T20:49:15.527+0000] {spark_submit.py:644} INFO - Spark config:
[2025-05-02T20:49:15.527+0000] {spark_submit.py:644} INFO - (spark.app.name,LandingToBronze)
[2025-05-02T20:49:15.527+0000] {spark_submit.py:644} INFO - (spark.app.submitTime,1746218955507)
[2025-05-02T20:49:15.527+0000] {spark_submit.py:644} INFO - (spark.master,spark://spark-master:7077)
[2025-05-02T20:49:15.527+0000] {spark_submit.py:644} INFO - (spark.submit.deployMode,client)
[2025-05-02T20:49:15.527+0000] {spark_submit.py:644} INFO - (spark.submit.pyFiles,)
[2025-05-02T20:49:15.527+0000] {spark_submit.py:644} INFO - Classpath elements:
[2025-05-02T20:49:15.527+0000] {spark_submit.py:644} INFO - 
[2025-05-02T20:49:15.527+0000] {spark_submit.py:644} INFO - 
[2025-05-02T20:49:15.527+0000] {spark_submit.py:644} INFO - 
[2025-05-02T20:49:16.848+0000] {spark_submit.py:644} INFO - 25/05/02 20:49:16 INFO SparkContext: Running Spark version 3.3.0
[2025-05-02T20:49:16.954+0000] {spark_submit.py:644} INFO - 25/05/02 20:49:16 WARN NativeCodeLoader: Unable to load native-hadoop library for your platform... using builtin-java classes where applicable
[2025-05-02T20:49:17.082+0000] {spark_submit.py:644} INFO - 25/05/02 20:49:17 INFO ResourceUtils: ==============================================================
[2025-05-02T20:49:17.082+0000] {spark_submit.py:644} INFO - 25/05/02 20:49:17 INFO ResourceUtils: No custom resources configured for spark.driver.
[2025-05-02T20:49:17.082+0000] {spark_submit.py:644} INFO - 25/05/02 20:49:17 INFO ResourceUtils: ==============================================================
[2025-05-02T20:49:17.083+0000] {spark_submit.py:644} INFO - 25/05/02 20:49:17 INFO SparkContext: Submitted application: LandingToBronze
[2025-05-02T20:49:17.106+0000] {spark_submit.py:644} INFO - 25/05/02 20:49:17 INFO ResourceProfile: Default ResourceProfile created, executor resources: Map(cores -> name: cores, amount: 1, script: , vendor: , memory -> name: memory, amount: 1024, script: , vendor: , offHeap -> name: offHeap, amount: 0, script: , vendor: ), task resources: Map(cpus -> name: cpus, amount: 1.0)
[2025-05-02T20:49:17.113+0000] {spark_submit.py:644} INFO - 25/05/02 20:49:17 INFO ResourceProfile: Limiting resource is cpu
[2025-05-02T20:49:17.113+0000] {spark_submit.py:644} INFO - 25/05/02 20:49:17 INFO ResourceProfileManager: Added ResourceProfile id: 0
[2025-05-02T20:49:17.194+0000] {spark_submit.py:644} INFO - 25/05/02 20:49:17 INFO SecurityManager: Changing view acls to: airflow
[2025-05-02T20:49:17.195+0000] {spark_submit.py:644} INFO - 25/05/02 20:49:17 INFO SecurityManager: Changing modify acls to: airflow
[2025-05-02T20:49:17.196+0000] {spark_submit.py:644} INFO - 25/05/02 20:49:17 INFO SecurityManager: Changing view acls groups to:
[2025-05-02T20:49:17.196+0000] {spark_submit.py:644} INFO - 25/05/02 20:49:17 INFO SecurityManager: Changing modify acls groups to:
[2025-05-02T20:49:17.197+0000] {spark_submit.py:644} INFO - 25/05/02 20:49:17 INFO SecurityManager: SecurityManager: authentication disabled; ui acls disabled; users  with view permissions: Set(airflow); groups with view permissions: Set(); users  with modify permissions: Set(airflow); groups with modify permissions: Set()
[2025-05-02T20:49:17.481+0000] {spark_submit.py:644} INFO - 25/05/02 20:49:17 INFO Utils: Successfully started service 'sparkDriver' on port 42795.
[2025-05-02T20:49:17.527+0000] {spark_submit.py:644} INFO - 25/05/02 20:49:17 INFO SparkEnv: Registering MapOutputTracker
[2025-05-02T20:49:17.565+0000] {spark_submit.py:644} INFO - 25/05/02 20:49:17 INFO SparkEnv: Registering BlockManagerMaster
[2025-05-02T20:49:17.588+0000] {spark_submit.py:644} INFO - 25/05/02 20:49:17 INFO BlockManagerMasterEndpoint: Using org.apache.spark.storage.DefaultTopologyMapper for getting topology information
[2025-05-02T20:49:17.588+0000] {spark_submit.py:644} INFO - 25/05/02 20:49:17 INFO BlockManagerMasterEndpoint: BlockManagerMasterEndpoint up
[2025-05-02T20:49:17.593+0000] {spark_submit.py:644} INFO - 25/05/02 20:49:17 INFO SparkEnv: Registering BlockManagerMasterHeartbeat
[2025-05-02T20:49:17.630+0000] {spark_submit.py:644} INFO - 25/05/02 20:49:17 INFO DiskBlockManager: Created local directory at /tmp/blockmgr-aaf8f8ff-66e0-4773-8993-16e378b65e36
[2025-05-02T20:49:17.651+0000] {spark_submit.py:644} INFO - 25/05/02 20:49:17 INFO MemoryStore: MemoryStore started with capacity 434.4 MiB
[2025-05-02T20:49:17.673+0000] {spark_submit.py:644} INFO - 25/05/02 20:49:17 INFO SparkEnv: Registering OutputCommitCoordinator
[2025-05-02T20:49:17.933+0000] {spark_submit.py:644} INFO - 25/05/02 20:49:17 INFO Utils: Successfully started service 'SparkUI' on port 4040.
[2025-05-02T20:49:18.098+0000] {spark_submit.py:644} INFO - 25/05/02 20:49:18 INFO StandaloneAppClient$ClientEndpoint: Connecting to master spark://spark-master:7077...
[2025-05-02T20:49:18.146+0000] {spark_submit.py:644} INFO - 25/05/02 20:49:18 INFO TransportClientFactory: Successfully created connection to spark-master/172.19.0.2:7077 after 25 ms (0 ms spent in bootstraps)
[2025-05-02T20:49:18.243+0000] {spark_submit.py:644} INFO - 25/05/02 20:49:18 INFO StandaloneSchedulerBackend: Connected to Spark cluster with app ID app-20250502204918-0003
[2025-05-02T20:49:18.246+0000] {spark_submit.py:644} INFO - 25/05/02 20:49:18 INFO StandaloneAppClient$ClientEndpoint: Executor added: app-20250502204918-0003/0 on worker-20250502201254-172.19.0.5-36485 (172.19.0.5:36485) with 2 core(s)
[2025-05-02T20:49:18.251+0000] {spark_submit.py:644} INFO - 25/05/02 20:49:18 INFO StandaloneSchedulerBackend: Granted executor ID app-20250502204918-0003/0 on hostPort 172.19.0.5:36485 with 2 core(s), 1024.0 MiB RAM
[2025-05-02T20:49:18.257+0000] {spark_submit.py:644} INFO - 25/05/02 20:49:18 INFO Utils: Successfully started service 'org.apache.spark.network.netty.NettyBlockTransferService' on port 33625.
[2025-05-02T20:49:18.258+0000] {spark_submit.py:644} INFO - 25/05/02 20:49:18 INFO NettyBlockTransferService: Server created on 6ca5a7f6558e:33625
[2025-05-02T20:49:18.260+0000] {spark_submit.py:644} INFO - 25/05/02 20:49:18 INFO BlockManager: Using org.apache.spark.storage.RandomBlockReplicationPolicy for block replication policy
[2025-05-02T20:49:18.270+0000] {spark_submit.py:644} INFO - 25/05/02 20:49:18 INFO BlockManagerMaster: Registering BlockManager BlockManagerId(driver, 6ca5a7f6558e, 33625, None)
[2025-05-02T20:49:18.275+0000] {spark_submit.py:644} INFO - 25/05/02 20:49:18 INFO BlockManagerMasterEndpoint: Registering block manager 6ca5a7f6558e:33625 with 434.4 MiB RAM, BlockManagerId(driver, 6ca5a7f6558e, 33625, None)
[2025-05-02T20:49:18.277+0000] {spark_submit.py:644} INFO - 25/05/02 20:49:18 INFO BlockManagerMaster: Registered BlockManager BlockManagerId(driver, 6ca5a7f6558e, 33625, None)
[2025-05-02T20:49:18.278+0000] {spark_submit.py:644} INFO - 25/05/02 20:49:18 INFO BlockManager: Initialized BlockManager: BlockManagerId(driver, 6ca5a7f6558e, 33625, None)
[2025-05-02T20:49:18.284+0000] {spark_submit.py:644} INFO - 25/05/02 20:49:18 INFO StandaloneAppClient$ClientEndpoint: Executor updated: app-20250502204918-0003/0 is now RUNNING
[2025-05-02T20:49:18.543+0000] {spark_submit.py:644} INFO - 25/05/02 20:49:18 INFO StandaloneSchedulerBackend: SchedulerBackend is ready for scheduling beginning after reached minRegisteredResourcesRatio: 0.0
[2025-05-02T20:49:18.743+0000] {spark_submit.py:644} INFO - 📥 Завантаження: https://ftp.goit.study/neoversity/athlete_bio.csv
[2025-05-02T20:49:21.504+0000] {spark_submit.py:644} INFO - ✅ CSV збережено: /tmp/spark_data/landing/athlete_bio.csv
[2025-05-02T20:49:21.506+0000] {spark_submit.py:644} INFO - 📊 Обробка файлу /tmp/spark_data/landing/athlete_bio.csv
[2025-05-02T20:49:22.137+0000] {spark_submit.py:644} INFO - 25/05/02 20:49:22 INFO SharedState: Setting hive.metastore.warehouse.dir ('null') to the value of spark.sql.warehouse.dir.
[2025-05-02T20:49:22.148+0000] {spark_submit.py:644} INFO - 25/05/02 20:49:22 INFO SharedState: Warehouse path is 'file:/opt/airflow/spark-warehouse'.
[2025-05-02T20:49:23.290+0000] {spark_submit.py:644} INFO - 25/05/02 20:49:23 INFO InMemoryFileIndex: It took 44 ms to list leaf files for 1 paths.
[2025-05-02T20:49:23.376+0000] {spark_submit.py:644} INFO - 25/05/02 20:49:23 INFO InMemoryFileIndex: It took 2 ms to list leaf files for 1 paths.
[2025-05-02T20:49:23.880+0000] {spark_submit.py:644} INFO - 25/05/02 20:49:23 INFO CoarseGrainedSchedulerBackend$DriverEndpoint: Registered executor NettyRpcEndpointRef(spark-client://Executor) (172.19.0.5:58922) with ID 0,  ResourceProfileId 0
[2025-05-02T20:49:23.983+0000] {spark_submit.py:644} INFO - 25/05/02 20:49:23 INFO BlockManagerMasterEndpoint: Registering block manager 172.19.0.5:37647 with 366.3 MiB RAM, BlockManagerId(0, 172.19.0.5, 37647, None)
[2025-05-02T20:49:25.463+0000] {spark_submit.py:644} INFO - 25/05/02 20:49:25 INFO FileSourceStrategy: Pushed Filters:
[2025-05-02T20:49:25.464+0000] {spark_submit.py:644} INFO - 25/05/02 20:49:25 INFO FileSourceStrategy: Post-Scan Filters: (length(trim(value#0, None)) > 0)
[2025-05-02T20:49:25.466+0000] {spark_submit.py:644} INFO - 25/05/02 20:49:25 INFO FileSourceStrategy: Output Data Schema: struct<value: string>
[2025-05-02T20:49:25.858+0000] {spark_submit.py:644} INFO - 25/05/02 20:49:25 INFO CodeGenerator: Code generated in 135.956275 ms
[2025-05-02T20:49:25.915+0000] {spark_submit.py:644} INFO - 25/05/02 20:49:25 INFO MemoryStore: Block broadcast_0 stored as values in memory (estimated size 199.2 KiB, free 434.2 MiB)
[2025-05-02T20:49:25.970+0000] {spark_submit.py:644} INFO - 25/05/02 20:49:25 INFO MemoryStore: Block broadcast_0_piece0 stored as bytes in memory (estimated size 33.9 KiB, free 434.2 MiB)
[2025-05-02T20:49:25.973+0000] {spark_submit.py:644} INFO - 25/05/02 20:49:25 INFO BlockManagerInfo: Added broadcast_0_piece0 in memory on 6ca5a7f6558e:33625 (size: 33.9 KiB, free: 434.4 MiB)
[2025-05-02T20:49:25.976+0000] {spark_submit.py:644} INFO - 25/05/02 20:49:25 INFO SparkContext: Created broadcast 0 from csv at NativeMethodAccessorImpl.java:0
[2025-05-02T20:49:25.984+0000] {spark_submit.py:644} INFO - 25/05/02 20:49:25 INFO FileSourceScanExec: Planning scan with bin packing, max size: 29844437 bytes, open cost is considered as scanning 4194304 bytes.
[2025-05-02T20:49:26.073+0000] {spark_submit.py:644} INFO - 25/05/02 20:49:26 INFO SparkContext: Starting job: csv at NativeMethodAccessorImpl.java:0
[2025-05-02T20:49:26.085+0000] {spark_submit.py:644} INFO - 25/05/02 20:49:26 INFO DAGScheduler: Got job 0 (csv at NativeMethodAccessorImpl.java:0) with 1 output partitions
[2025-05-02T20:49:26.085+0000] {spark_submit.py:644} INFO - 25/05/02 20:49:26 INFO DAGScheduler: Final stage: ResultStage 0 (csv at NativeMethodAccessorImpl.java:0)
[2025-05-02T20:49:26.086+0000] {spark_submit.py:644} INFO - 25/05/02 20:49:26 INFO DAGScheduler: Parents of final stage: List()
[2025-05-02T20:49:26.087+0000] {spark_submit.py:644} INFO - 25/05/02 20:49:26 INFO DAGScheduler: Missing parents: List()
[2025-05-02T20:49:26.090+0000] {spark_submit.py:644} INFO - 25/05/02 20:49:26 INFO DAGScheduler: Submitting ResultStage 0 (MapPartitionsRDD[3] at csv at NativeMethodAccessorImpl.java:0), which has no missing parents
[2025-05-02T20:49:26.134+0000] {spark_submit.py:644} INFO - 25/05/02 20:49:26 INFO MemoryStore: Block broadcast_1 stored as values in memory (estimated size 11.8 KiB, free 434.2 MiB)
[2025-05-02T20:49:26.137+0000] {spark_submit.py:644} INFO - 25/05/02 20:49:26 INFO MemoryStore: Block broadcast_1_piece0 stored as bytes in memory (estimated size 5.9 KiB, free 434.2 MiB)
[2025-05-02T20:49:26.138+0000] {spark_submit.py:644} INFO - 25/05/02 20:49:26 INFO BlockManagerInfo: Added broadcast_1_piece0 in memory on 6ca5a7f6558e:33625 (size: 5.9 KiB, free: 434.4 MiB)
[2025-05-02T20:49:26.139+0000] {spark_submit.py:644} INFO - 25/05/02 20:49:26 INFO SparkContext: Created broadcast 1 from broadcast at DAGScheduler.scala:1513
[2025-05-02T20:49:26.151+0000] {spark_submit.py:644} INFO - 25/05/02 20:49:26 INFO DAGScheduler: Submitting 1 missing tasks from ResultStage 0 (MapPartitionsRDD[3] at csv at NativeMethodAccessorImpl.java:0) (first 15 tasks are for partitions Vector(0))
[2025-05-02T20:49:26.151+0000] {spark_submit.py:644} INFO - 25/05/02 20:49:26 INFO TaskSchedulerImpl: Adding task set 0.0 with 1 tasks resource profile 0
[2025-05-02T20:49:26.178+0000] {spark_submit.py:644} INFO - 25/05/02 20:49:26 INFO TaskSetManager: Starting task 0.0 in stage 0.0 (TID 0) (172.19.0.5, executor 0, partition 0, PROCESS_LOCAL, 4921 bytes) taskResourceAssignments Map()
[2025-05-02T20:49:26.474+0000] {spark_submit.py:644} INFO - 25/05/02 20:49:26 INFO BlockManagerInfo: Added broadcast_1_piece0 in memory on 172.19.0.5:37647 (size: 5.9 KiB, free: 366.3 MiB)
[2025-05-02T20:49:27.715+0000] {spark_submit.py:644} INFO - 25/05/02 20:49:27 INFO BlockManagerInfo: Added broadcast_0_piece0 in memory on 172.19.0.5:37647 (size: 33.9 KiB, free: 366.3 MiB)
[2025-05-02T20:49:27.931+0000] {spark_submit.py:644} INFO - 25/05/02 20:49:27 INFO TaskSetManager: Finished task 0.0 in stage 0.0 (TID 0) in 1761 ms on 172.19.0.5 (executor 0) (1/1)
[2025-05-02T20:49:27.933+0000] {spark_submit.py:644} INFO - 25/05/02 20:49:27 INFO TaskSchedulerImpl: Removed TaskSet 0.0, whose tasks have all completed, from pool
[2025-05-02T20:49:27.938+0000] {spark_submit.py:644} INFO - 25/05/02 20:49:27 INFO DAGScheduler: ResultStage 0 (csv at NativeMethodAccessorImpl.java:0) finished in 1.839 s
[2025-05-02T20:49:27.940+0000] {spark_submit.py:644} INFO - 25/05/02 20:49:27 INFO DAGScheduler: Job 0 is finished. Cancelling potential speculative or zombie tasks for this job
[2025-05-02T20:49:27.940+0000] {spark_submit.py:644} INFO - 25/05/02 20:49:27 INFO TaskSchedulerImpl: Killing all running tasks in stage 0: Stage finished
[2025-05-02T20:49:27.942+0000] {spark_submit.py:644} INFO - 25/05/02 20:49:27 INFO DAGScheduler: Job 0 finished: csv at NativeMethodAccessorImpl.java:0, took 1.869039 s
[2025-05-02T20:49:27.962+0000] {spark_submit.py:644} INFO - 25/05/02 20:49:27 INFO CodeGenerator: Code generated in 10.030571 ms
[2025-05-02T20:49:28.004+0000] {spark_submit.py:644} INFO - 25/05/02 20:49:28 INFO FileSourceStrategy: Pushed Filters:
[2025-05-02T20:49:28.004+0000] {spark_submit.py:644} INFO - 25/05/02 20:49:28 INFO FileSourceStrategy: Post-Scan Filters:
[2025-05-02T20:49:28.004+0000] {spark_submit.py:644} INFO - 25/05/02 20:49:28 INFO FileSourceStrategy: Output Data Schema: struct<value: string>
[2025-05-02T20:49:28.011+0000] {spark_submit.py:644} INFO - 25/05/02 20:49:28 INFO MemoryStore: Block broadcast_2 stored as values in memory (estimated size 199.2 KiB, free 434.0 MiB)
[2025-05-02T20:49:28.030+0000] {spark_submit.py:644} INFO - 25/05/02 20:49:28 INFO MemoryStore: Block broadcast_2_piece0 stored as bytes in memory (estimated size 33.9 KiB, free 433.9 MiB)
[2025-05-02T20:49:28.034+0000] {spark_submit.py:644} INFO - 25/05/02 20:49:28 INFO BlockManagerInfo: Added broadcast_2_piece0 in memory on 6ca5a7f6558e:33625 (size: 33.9 KiB, free: 434.3 MiB)
[2025-05-02T20:49:28.035+0000] {spark_submit.py:644} INFO - 25/05/02 20:49:28 INFO SparkContext: Created broadcast 2 from csv at NativeMethodAccessorImpl.java:0
[2025-05-02T20:49:28.036+0000] {spark_submit.py:644} INFO - 25/05/02 20:49:28 INFO FileSourceScanExec: Planning scan with bin packing, max size: 29844437 bytes, open cost is considered as scanning 4194304 bytes.
[2025-05-02T20:49:28.040+0000] {spark_submit.py:644} INFO - 25/05/02 20:49:28 INFO BlockManagerInfo: Removed broadcast_1_piece0 on 6ca5a7f6558e:33625 in memory (size: 5.9 KiB, free: 434.3 MiB)
[2025-05-02T20:49:28.054+0000] {spark_submit.py:644} INFO - 25/05/02 20:49:28 INFO BlockManagerInfo: Removed broadcast_1_piece0 on 172.19.0.5:37647 in memory (size: 5.9 KiB, free: 366.3 MiB)
[2025-05-02T20:49:28.090+0000] {spark_submit.py:644} INFO - 🗑️ Видалення старого каталогу: /tmp/spark_data/bronze/athlete_bio
[2025-05-02T20:49:28.091+0000] {spark_submit.py:644} INFO - Traceback (most recent call last):
[2025-05-02T20:49:28.092+0000] {spark_submit.py:644} INFO - File "/opt/airflow/dags/landing_to_bronze.py", line 66, in <module>
[2025-05-02T20:49:28.092+0000] {spark_submit.py:644} INFO - main()
[2025-05-02T20:49:28.092+0000] {spark_submit.py:644} INFO - File "/opt/airflow/dags/landing_to_bronze.py", line 54, in main
[2025-05-02T20:49:28.092+0000] {spark_submit.py:644} INFO - shutil.rmtree(bronze_path)
[2025-05-02T20:49:28.093+0000] {spark_submit.py:644} INFO - File "/usr/local/lib/python3.10/shutil.py", line 725, in rmtree
[2025-05-02T20:49:28.093+0000] {spark_submit.py:644} INFO - _rmtree_safe_fd(fd, path, onerror)
[2025-05-02T20:49:28.093+0000] {spark_submit.py:644} INFO - File "/usr/local/lib/python3.10/shutil.py", line 658, in _rmtree_safe_fd
[2025-05-02T20:49:28.093+0000] {spark_submit.py:644} INFO - _rmtree_safe_fd(dirfd, fullname, onerror)
[2025-05-02T20:49:28.093+0000] {spark_submit.py:644} INFO - File "/usr/local/lib/python3.10/shutil.py", line 658, in _rmtree_safe_fd
[2025-05-02T20:49:28.094+0000] {spark_submit.py:644} INFO - _rmtree_safe_fd(dirfd, fullname, onerror)
[2025-05-02T20:49:28.094+0000] {spark_submit.py:644} INFO - File "/usr/local/lib/python3.10/shutil.py", line 658, in _rmtree_safe_fd
[2025-05-02T20:49:28.094+0000] {spark_submit.py:644} INFO - _rmtree_safe_fd(dirfd, fullname, onerror)
[2025-05-02T20:49:28.094+0000] {spark_submit.py:644} INFO - File "/usr/local/lib/python3.10/shutil.py", line 681, in _rmtree_safe_fd
[2025-05-02T20:49:28.094+0000] {spark_submit.py:644} INFO - onerror(os.unlink, fullname, sys.exc_info())
[2025-05-02T20:49:28.095+0000] {spark_submit.py:644} INFO - File "/usr/local/lib/python3.10/shutil.py", line 679, in _rmtree_safe_fd
[2025-05-02T20:49:28.095+0000] {spark_submit.py:644} INFO - os.unlink(entry.name, dir_fd=topfd)
[2025-05-02T20:49:28.095+0000] {spark_submit.py:644} INFO - PermissionError: [Errno 13] Permission denied: 'part-00000-e0f5d3c1-3f97-42c7-b000-d46e29af6ee6-c000.snappy.parquet'
[2025-05-02T20:49:28.148+0000] {spark_submit.py:644} INFO - 25/05/02 20:49:28 INFO SparkContext: Invoking stop() from shutdown hook
[2025-05-02T20:49:28.159+0000] {spark_submit.py:644} INFO - 25/05/02 20:49:28 INFO SparkUI: Stopped Spark web UI at http://6ca5a7f6558e:4040
[2025-05-02T20:49:28.161+0000] {spark_submit.py:644} INFO - 25/05/02 20:49:28 INFO StandaloneSchedulerBackend: Shutting down all executors
[2025-05-02T20:49:28.162+0000] {spark_submit.py:644} INFO - 25/05/02 20:49:28 INFO CoarseGrainedSchedulerBackend$DriverEndpoint: Asking each executor to shut down
[2025-05-02T20:49:28.177+0000] {spark_submit.py:644} INFO - 25/05/02 20:49:28 INFO MapOutputTrackerMasterEndpoint: MapOutputTrackerMasterEndpoint stopped!
[2025-05-02T20:49:28.196+0000] {spark_submit.py:644} INFO - 25/05/02 20:49:28 INFO MemoryStore: MemoryStore cleared
[2025-05-02T20:49:28.197+0000] {spark_submit.py:644} INFO - 25/05/02 20:49:28 INFO BlockManager: BlockManager stopped
[2025-05-02T20:49:28.201+0000] {spark_submit.py:644} INFO - 25/05/02 20:49:28 INFO BlockManagerMaster: BlockManagerMaster stopped
[2025-05-02T20:49:28.203+0000] {spark_submit.py:644} INFO - 25/05/02 20:49:28 INFO OutputCommitCoordinator$OutputCommitCoordinatorEndpoint: OutputCommitCoordinator stopped!
[2025-05-02T20:49:28.221+0000] {spark_submit.py:644} INFO - 25/05/02 20:49:28 INFO SparkContext: Successfully stopped SparkContext
[2025-05-02T20:49:28.221+0000] {spark_submit.py:644} INFO - 25/05/02 20:49:28 INFO ShutdownHookManager: Shutdown hook called
[2025-05-02T20:49:28.222+0000] {spark_submit.py:644} INFO - 25/05/02 20:49:28 INFO ShutdownHookManager: Deleting directory /tmp/spark-f066f360-8d84-4f80-959d-899dd81721ac
[2025-05-02T20:49:28.226+0000] {spark_submit.py:644} INFO - 25/05/02 20:49:28 INFO ShutdownHookManager: Deleting directory /tmp/spark-f066f360-8d84-4f80-959d-899dd81721ac/pyspark-0ca4998f-f2e6-4c6d-acb0-f1aaa2bc73ca
[2025-05-02T20:49:28.230+0000] {spark_submit.py:644} INFO - 25/05/02 20:49:28 INFO ShutdownHookManager: Deleting directory /tmp/spark-7769f700-6181-424a-9be9-2d8eac7d14a3
[2025-05-02T20:49:28.285+0000] {taskinstance.py:441} INFO - ::group::Post task execution logs
[2025-05-02T20:49:28.319+0000] {taskinstance.py:2905} ERROR - Task failed with exception
Traceback (most recent call last):
  File "/home/airflow/.local/lib/python3.10/site-packages/airflow/models/taskinstance.py", line 465, in _execute_task
    result = _execute_callable(context=context, **execute_callable_kwargs)
  File "/home/airflow/.local/lib/python3.10/site-packages/airflow/models/taskinstance.py", line 432, in _execute_callable
    return execute_callable(context=context, **execute_callable_kwargs)
  File "/home/airflow/.local/lib/python3.10/site-packages/airflow/models/baseoperator.py", line 400, in wrapper
    return func(self, *args, **kwargs)
  File "/home/airflow/.local/lib/python3.10/site-packages/airflow/providers/apache/spark/operators/spark_submit.py", line 197, in execute
    self._hook.submit(self.application)
  File "/home/airflow/.local/lib/python3.10/site-packages/airflow/providers/apache/spark/hooks/spark_submit.py", line 566, in submit
    raise AirflowException(
airflow.exceptions.AirflowException: Cannot execute: spark-submit --master spark://spark-master:7077 --conf spark.master=spark://spark-master:7077 --name LandingToBronze --verbose --queue root.default --deploy-mode client /opt/airflow/dags/landing_to_bronze.py. Error code is: 1.
[2025-05-02T20:49:28.325+0000] {taskinstance.py:1206} INFO - Marking task as FAILED. dag_id=final_project_BBDL, task_id=LandingToBronze, run_id=manual__2025-05-02T20:49:10.649122+00:00, execution_date=20250502T204910, start_date=20250502T204912, end_date=20250502T204928
[2025-05-02T20:49:28.367+0000] {standard_task_runner.py:110} ERROR - Failed to execute job 26 for task LandingToBronze (Cannot execute: spark-submit --master spark://spark-master:7077 --conf spark.master=spark://spark-master:7077 --name LandingToBronze --verbose --queue root.default --deploy-mode client /opt/airflow/dags/landing_to_bronze.py. Error code is: 1.; 1575)
[2025-05-02T20:49:28.415+0000] {local_task_job_runner.py:240} INFO - Task exited with return code 1
[2025-05-02T20:49:28.458+0000] {taskinstance.py:3498} INFO - 0 downstream tasks scheduled from follow-on schedule check
[2025-05-02T20:49:28.489+0000] {local_task_job_runner.py:222} INFO - ::endgroup::
