[2025-05-05T21:46:01.400+0000] {taskinstance.py:1103} INFO - Dependencies all met for dep_context=non-requeueable deps ti=<TaskInstance: final_project_BBDL.SilverToGold manual__2025-05-05T21:44:39.965687+00:00 [queued]>
[2025-05-05T21:46:01.410+0000] {taskinstance.py:1103} INFO - Dependencies all met for dep_context=requeueable deps ti=<TaskInstance: final_project_BBDL.SilverToGold manual__2025-05-05T21:44:39.965687+00:00 [queued]>
[2025-05-05T21:46:01.411+0000] {taskinstance.py:1308} INFO - Starting attempt 1 of 1
[2025-05-05T21:46:01.445+0000] {taskinstance.py:1327} INFO - Executing <Task(SparkSubmitOperator): SilverToGold> on 2025-05-05 21:44:39.965687+00:00
[2025-05-05T21:46:01.449+0000] {standard_task_runner.py:57} INFO - Started process 6554 to run task
[2025-05-05T21:46:01.452+0000] {standard_task_runner.py:84} INFO - Running: ['airflow', 'tasks', 'run', 'final_project_BBDL', 'SilverToGold', 'manual__2025-05-05T21:44:39.965687+00:00', '--job-id', '23', '--raw', '--subdir', 'DAGS_FOLDER/project_solution.py', '--cfg-path', '/tmp/tmp45d3rwiz']
[2025-05-05T21:46:01.453+0000] {standard_task_runner.py:85} INFO - Job 23: Subtask SilverToGold
[2025-05-05T21:46:01.490+0000] {logging_mixin.py:150} WARNING - /home/airflow/.local/lib/python3.7/site-packages/airflow/settings.py:195 DeprecationWarning: The sql_alchemy_conn option in [core] has been moved to the sql_alchemy_conn option in [database] - the old setting has been used, but please update your config.
[2025-05-05T21:46:01.526+0000] {task_command.py:410} INFO - Running <TaskInstance: final_project_BBDL.SilverToGold manual__2025-05-05T21:44:39.965687+00:00 [running]> on host b431f09a1fa6
[2025-05-05T21:46:01.668+0000] {taskinstance.py:1547} INFO - Exporting env vars: AIRFLOW_CTX_DAG_OWNER='airflow' AIRFLOW_CTX_DAG_ID='final_project_BBDL' AIRFLOW_CTX_TASK_ID='SilverToGold' AIRFLOW_CTX_EXECUTION_DATE='2025-05-05T21:44:39.965687+00:00' AIRFLOW_CTX_TRY_NUMBER='1' AIRFLOW_CTX_DAG_RUN_ID='manual__2025-05-05T21:44:39.965687+00:00'
[2025-05-05T21:46:01.680+0000] {base.py:73} INFO - Using connection ID 'spark_default' for task execution.
[2025-05-05T21:46:01.682+0000] {spark_submit.py:339} INFO - Spark-Submit cmd: spark-submit --master spark://spark-master:7077 --conf spark.master=spark://spark-master:7077 --name SilverToGold --verbose --queue root.default /opt/airflow/dags/silver_to_gold.py
[2025-05-05T21:46:03.256+0000] {spark_submit.py:490} INFO - Using properties file: null
[2025-05-05T21:46:03.368+0000] {spark_submit.py:490} INFO - Parsed arguments:
[2025-05-05T21:46:03.368+0000] {spark_submit.py:490} INFO - master                  spark://spark-master:7077
[2025-05-05T21:46:03.368+0000] {spark_submit.py:490} INFO - deployMode              null
[2025-05-05T21:46:03.368+0000] {spark_submit.py:490} INFO - executorMemory          null
[2025-05-05T21:46:03.368+0000] {spark_submit.py:490} INFO - executorCores           null
[2025-05-05T21:46:03.368+0000] {spark_submit.py:490} INFO - totalExecutorCores      null
[2025-05-05T21:46:03.368+0000] {spark_submit.py:490} INFO - propertiesFile          null
[2025-05-05T21:46:03.368+0000] {spark_submit.py:490} INFO - driverMemory            null
[2025-05-05T21:46:03.368+0000] {spark_submit.py:490} INFO - driverCores             null
[2025-05-05T21:46:03.368+0000] {spark_submit.py:490} INFO - driverExtraClassPath    null
[2025-05-05T21:46:03.368+0000] {spark_submit.py:490} INFO - driverExtraLibraryPath  null
[2025-05-05T21:46:03.368+0000] {spark_submit.py:490} INFO - driverExtraJavaOptions  null
[2025-05-05T21:46:03.369+0000] {spark_submit.py:490} INFO - supervise               false
[2025-05-05T21:46:03.369+0000] {spark_submit.py:490} INFO - queue                   root.default
[2025-05-05T21:46:03.369+0000] {spark_submit.py:490} INFO - numExecutors            null
[2025-05-05T21:46:03.369+0000] {spark_submit.py:490} INFO - files                   null
[2025-05-05T21:46:03.369+0000] {spark_submit.py:490} INFO - pyFiles                 null
[2025-05-05T21:46:03.369+0000] {spark_submit.py:490} INFO - archives                null
[2025-05-05T21:46:03.369+0000] {spark_submit.py:490} INFO - mainClass               null
[2025-05-05T21:46:03.369+0000] {spark_submit.py:490} INFO - primaryResource         file:/opt/airflow/dags/silver_to_gold.py
[2025-05-05T21:46:03.369+0000] {spark_submit.py:490} INFO - name                    SilverToGold
[2025-05-05T21:46:03.369+0000] {spark_submit.py:490} INFO - childArgs               []
[2025-05-05T21:46:03.369+0000] {spark_submit.py:490} INFO - jars                    null
[2025-05-05T21:46:03.369+0000] {spark_submit.py:490} INFO - packages                null
[2025-05-05T21:46:03.370+0000] {spark_submit.py:490} INFO - packagesExclusions      null
[2025-05-05T21:46:03.370+0000] {spark_submit.py:490} INFO - repositories            null
[2025-05-05T21:46:03.370+0000] {spark_submit.py:490} INFO - verbose                 true
[2025-05-05T21:46:03.370+0000] {spark_submit.py:490} INFO - 
[2025-05-05T21:46:03.370+0000] {spark_submit.py:490} INFO - Spark properties used, including those specified through
[2025-05-05T21:46:03.370+0000] {spark_submit.py:490} INFO - --conf and those from the properties file null:
[2025-05-05T21:46:03.370+0000] {spark_submit.py:490} INFO - (spark.master,spark://spark-master:7077)
[2025-05-05T21:46:03.370+0000] {spark_submit.py:490} INFO - 
[2025-05-05T21:46:03.370+0000] {spark_submit.py:490} INFO - 
[2025-05-05T21:46:03.668+0000] {spark_submit.py:490} INFO - Main class:
[2025-05-05T21:46:03.669+0000] {spark_submit.py:490} INFO - org.apache.spark.deploy.PythonRunner
[2025-05-05T21:46:03.669+0000] {spark_submit.py:490} INFO - Arguments:
[2025-05-05T21:46:03.669+0000] {spark_submit.py:490} INFO - file:/opt/airflow/dags/silver_to_gold.py
[2025-05-05T21:46:03.669+0000] {spark_submit.py:490} INFO - null
[2025-05-05T21:46:03.672+0000] {spark_submit.py:490} INFO - Spark config:
[2025-05-05T21:46:03.673+0000] {spark_submit.py:490} INFO - (spark.app.name,SilverToGold)
[2025-05-05T21:46:03.673+0000] {spark_submit.py:490} INFO - (spark.app.submitTime,1746481563647)
[2025-05-05T21:46:03.673+0000] {spark_submit.py:490} INFO - (spark.master,spark://spark-master:7077)
[2025-05-05T21:46:03.673+0000] {spark_submit.py:490} INFO - (spark.submit.deployMode,client)
[2025-05-05T21:46:03.673+0000] {spark_submit.py:490} INFO - (spark.submit.pyFiles,)
[2025-05-05T21:46:03.673+0000] {spark_submit.py:490} INFO - Classpath elements:
[2025-05-05T21:46:03.673+0000] {spark_submit.py:490} INFO - 
[2025-05-05T21:46:03.673+0000] {spark_submit.py:490} INFO - 
[2025-05-05T21:46:03.673+0000] {spark_submit.py:490} INFO - 
[2025-05-05T21:46:04.199+0000] {spark_submit.py:490} INFO - 25/05/05 21:46:04 INFO SparkContext: Running Spark version 3.3.0
[2025-05-05T21:46:04.273+0000] {spark_submit.py:490} INFO - 25/05/05 21:46:04 WARN NativeCodeLoader: Unable to load native-hadoop library for your platform... using builtin-java classes where applicable
[2025-05-05T21:46:04.370+0000] {spark_submit.py:490} INFO - 25/05/05 21:46:04 INFO ResourceUtils: ==============================================================
[2025-05-05T21:46:04.370+0000] {spark_submit.py:490} INFO - 25/05/05 21:46:04 INFO ResourceUtils: No custom resources configured for spark.driver.
[2025-05-05T21:46:04.370+0000] {spark_submit.py:490} INFO - 25/05/05 21:46:04 INFO ResourceUtils: ==============================================================
[2025-05-05T21:46:04.371+0000] {spark_submit.py:490} INFO - 25/05/05 21:46:04 INFO SparkContext: Submitted application: SilverToGold
[2025-05-05T21:46:04.394+0000] {spark_submit.py:490} INFO - 25/05/05 21:46:04 INFO ResourceProfile: Default ResourceProfile created, executor resources: Map(cores -> name: cores, amount: 1, script: , vendor: , memory -> name: memory, amount: 1024, script: , vendor: , offHeap -> name: offHeap, amount: 0, script: , vendor: ), task resources: Map(cpus -> name: cpus, amount: 1.0)
[2025-05-05T21:46:04.405+0000] {spark_submit.py:490} INFO - 25/05/05 21:46:04 INFO ResourceProfile: Limiting resource is cpu
[2025-05-05T21:46:04.406+0000] {spark_submit.py:490} INFO - 25/05/05 21:46:04 INFO ResourceProfileManager: Added ResourceProfile id: 0
[2025-05-05T21:46:04.456+0000] {spark_submit.py:490} INFO - 25/05/05 21:46:04 INFO SecurityManager: Changing view acls to: root
[2025-05-05T21:46:04.456+0000] {spark_submit.py:490} INFO - 25/05/05 21:46:04 INFO SecurityManager: Changing modify acls to: root
[2025-05-05T21:46:04.457+0000] {spark_submit.py:490} INFO - 25/05/05 21:46:04 INFO SecurityManager: Changing view acls groups to:
[2025-05-05T21:46:04.457+0000] {spark_submit.py:490} INFO - 25/05/05 21:46:04 INFO SecurityManager: Changing modify acls groups to:
[2025-05-05T21:46:04.458+0000] {spark_submit.py:490} INFO - 25/05/05 21:46:04 INFO SecurityManager: SecurityManager: authentication disabled; ui acls disabled; users  with view permissions: Set(root); groups with view permissions: Set(); users  with modify permissions: Set(root); groups with modify permissions: Set()
[2025-05-05T21:46:04.743+0000] {spark_submit.py:490} INFO - 25/05/05 21:46:04 INFO Utils: Successfully started service 'sparkDriver' on port 46155.
[2025-05-05T21:46:04.768+0000] {spark_submit.py:490} INFO - 25/05/05 21:46:04 INFO SparkEnv: Registering MapOutputTracker
[2025-05-05T21:46:04.799+0000] {spark_submit.py:490} INFO - 25/05/05 21:46:04 INFO SparkEnv: Registering BlockManagerMaster
[2025-05-05T21:46:04.818+0000] {spark_submit.py:490} INFO - 25/05/05 21:46:04 INFO BlockManagerMasterEndpoint: Using org.apache.spark.storage.DefaultTopologyMapper for getting topology information
[2025-05-05T21:46:04.818+0000] {spark_submit.py:490} INFO - 25/05/05 21:46:04 INFO BlockManagerMasterEndpoint: BlockManagerMasterEndpoint up
[2025-05-05T21:46:04.823+0000] {spark_submit.py:490} INFO - 25/05/05 21:46:04 INFO SparkEnv: Registering BlockManagerMasterHeartbeat
[2025-05-05T21:46:04.845+0000] {spark_submit.py:490} INFO - 25/05/05 21:46:04 INFO DiskBlockManager: Created local directory at /tmp/blockmgr-a0bbed4b-f755-4a9b-b787-f884bfe15d68
[2025-05-05T21:46:04.865+0000] {spark_submit.py:490} INFO - 25/05/05 21:46:04 INFO MemoryStore: MemoryStore started with capacity 434.4 MiB
[2025-05-05T21:46:04.885+0000] {spark_submit.py:490} INFO - 25/05/05 21:46:04 INFO SparkEnv: Registering OutputCommitCoordinator
[2025-05-05T21:46:05.087+0000] {spark_submit.py:490} INFO - 25/05/05 21:46:05 INFO Utils: Successfully started service 'SparkUI' on port 4040.
[2025-05-05T21:46:05.202+0000] {spark_submit.py:490} INFO - 25/05/05 21:46:05 INFO StandaloneAppClient$ClientEndpoint: Connecting to master spark://spark-master:7077...
[2025-05-05T21:46:05.248+0000] {spark_submit.py:490} INFO - 25/05/05 21:46:05 INFO TransportClientFactory: Successfully created connection to spark-master/172.18.0.3:7077 after 27 ms (0 ms spent in bootstraps)
[2025-05-05T21:46:05.348+0000] {spark_submit.py:490} INFO - 25/05/05 21:46:05 INFO StandaloneSchedulerBackend: Connected to Spark cluster with app ID app-20250505214605-0020
[2025-05-05T21:46:05.349+0000] {spark_submit.py:490} INFO - 25/05/05 21:46:05 INFO StandaloneAppClient$ClientEndpoint: Executor added: app-20250505214605-0020/0 on worker-20250505201940-172.18.0.6-38439 (172.18.0.6:38439) with 2 core(s)
[2025-05-05T21:46:05.352+0000] {spark_submit.py:490} INFO - 25/05/05 21:46:05 INFO StandaloneSchedulerBackend: Granted executor ID app-20250505214605-0020/0 on hostPort 172.18.0.6:38439 with 2 core(s), 1024.0 MiB RAM
[2025-05-05T21:46:05.360+0000] {spark_submit.py:490} INFO - 25/05/05 21:46:05 INFO Utils: Successfully started service 'org.apache.spark.network.netty.NettyBlockTransferService' on port 42227.
[2025-05-05T21:46:05.361+0000] {spark_submit.py:490} INFO - 25/05/05 21:46:05 INFO NettyBlockTransferService: Server created on b431f09a1fa6:42227
[2025-05-05T21:46:05.364+0000] {spark_submit.py:490} INFO - 25/05/05 21:46:05 INFO BlockManager: Using org.apache.spark.storage.RandomBlockReplicationPolicy for block replication policy
[2025-05-05T21:46:05.378+0000] {spark_submit.py:490} INFO - 25/05/05 21:46:05 INFO BlockManagerMaster: Registering BlockManager BlockManagerId(driver, b431f09a1fa6, 42227, None)
[2025-05-05T21:46:05.385+0000] {spark_submit.py:490} INFO - 25/05/05 21:46:05 INFO BlockManagerMasterEndpoint: Registering block manager b431f09a1fa6:42227 with 434.4 MiB RAM, BlockManagerId(driver, b431f09a1fa6, 42227, None)
[2025-05-05T21:46:05.388+0000] {spark_submit.py:490} INFO - 25/05/05 21:46:05 INFO BlockManagerMaster: Registered BlockManager BlockManagerId(driver, b431f09a1fa6, 42227, None)
[2025-05-05T21:46:05.390+0000] {spark_submit.py:490} INFO - 25/05/05 21:46:05 INFO BlockManager: Initialized BlockManager: BlockManagerId(driver, b431f09a1fa6, 42227, None)
[2025-05-05T21:46:05.403+0000] {spark_submit.py:490} INFO - 25/05/05 21:46:05 INFO StandaloneAppClient$ClientEndpoint: Executor updated: app-20250505214605-0020/0 is now RUNNING
[2025-05-05T21:46:05.630+0000] {spark_submit.py:490} INFO - 25/05/05 21:46:05 INFO StandaloneSchedulerBackend: SchedulerBackend is ready for scheduling beginning after reached minRegisteredResourcesRatio: 0.0
[2025-05-05T21:46:05.837+0000] {spark_submit.py:490} INFO - 2025-05-05 21:46:05,836 [ERROR] ❌ Не знайдено необхідних даних у silver директориях!
[2025-05-05T21:46:05.852+0000] {spark_submit.py:490} INFO - 25/05/05 21:46:05 INFO SparkUI: Stopped Spark web UI at http://b431f09a1fa6:4040
[2025-05-05T21:46:05.856+0000] {spark_submit.py:490} INFO - 25/05/05 21:46:05 INFO StandaloneSchedulerBackend: Shutting down all executors
[2025-05-05T21:46:05.860+0000] {spark_submit.py:490} INFO - 25/05/05 21:46:05 INFO CoarseGrainedSchedulerBackend$DriverEndpoint: Asking each executor to shut down
[2025-05-05T21:46:05.888+0000] {spark_submit.py:490} INFO - 25/05/05 21:46:05 INFO MapOutputTrackerMasterEndpoint: MapOutputTrackerMasterEndpoint stopped!
[2025-05-05T21:46:05.906+0000] {spark_submit.py:490} INFO - 25/05/05 21:46:05 INFO MemoryStore: MemoryStore cleared
[2025-05-05T21:46:05.906+0000] {spark_submit.py:490} INFO - 25/05/05 21:46:05 INFO BlockManager: BlockManager stopped
[2025-05-05T21:46:05.917+0000] {spark_submit.py:490} INFO - 25/05/05 21:46:05 INFO BlockManagerMaster: BlockManagerMaster stopped
[2025-05-05T21:46:05.920+0000] {spark_submit.py:490} INFO - 25/05/05 21:46:05 INFO OutputCommitCoordinator$OutputCommitCoordinatorEndpoint: OutputCommitCoordinator stopped!
[2025-05-05T21:46:05.931+0000] {spark_submit.py:490} INFO - 25/05/05 21:46:05 INFO SparkContext: Successfully stopped SparkContext
[2025-05-05T21:46:06.205+0000] {spark_submit.py:490} INFO - 25/05/05 21:46:06 INFO ShutdownHookManager: Shutdown hook called
[2025-05-05T21:46:06.206+0000] {spark_submit.py:490} INFO - 25/05/05 21:46:06 INFO ShutdownHookManager: Deleting directory /tmp/spark-cd56c04e-c24b-4e7e-bd2b-2e01a1991864/pyspark-eed3d0fd-f0a6-43ae-9019-463bec349bde
[2025-05-05T21:46:06.210+0000] {spark_submit.py:490} INFO - 25/05/05 21:46:06 INFO ShutdownHookManager: Deleting directory /tmp/spark-cd56c04e-c24b-4e7e-bd2b-2e01a1991864
[2025-05-05T21:46:06.215+0000] {spark_submit.py:490} INFO - 25/05/05 21:46:06 INFO ShutdownHookManager: Deleting directory /tmp/spark-e32000d7-1bb3-4880-a6b2-d7cf1688c862
[2025-05-05T21:46:06.258+0000] {taskinstance.py:1350} INFO - Marking task as SUCCESS. dag_id=final_project_BBDL, task_id=SilverToGold, execution_date=20250505T214439, start_date=20250505T214601, end_date=20250505T214606
[2025-05-05T21:46:06.298+0000] {local_task_job_runner.py:225} INFO - Task exited with return code 0
[2025-05-05T21:46:06.318+0000] {taskinstance.py:2653} INFO - 0 downstream tasks scheduled from follow-on schedule check
