[2025-05-01T20:54:07.520+0000] {local_task_job_runner.py:120} INFO - ::group::Pre task execution logs
[2025-05-01T20:54:07.581+0000] {taskinstance.py:2076} INFO - Dependencies all met for dep_context=non-requeueable deps ti=<TaskInstance: final_project_BBDL.LandingToBronze manual__2025-05-01T20:54:05.153415+00:00 [queued]>
[2025-05-01T20:54:07.589+0000] {taskinstance.py:2076} INFO - Dependencies all met for dep_context=requeueable deps ti=<TaskInstance: final_project_BBDL.LandingToBronze manual__2025-05-01T20:54:05.153415+00:00 [queued]>
[2025-05-01T20:54:07.589+0000] {taskinstance.py:2306} INFO - Starting attempt 1 of 1
[2025-05-01T20:54:07.631+0000] {taskinstance.py:2330} INFO - Executing <Task(SparkSubmitOperator): LandingToBronze> on 2025-05-01 20:54:05.153415+00:00
[2025-05-01T20:54:07.635+0000] {standard_task_runner.py:63} INFO - Started process 437 to run task
[2025-05-01T20:54:07.640+0000] {standard_task_runner.py:90} INFO - Running: ['airflow', 'tasks', 'run', 'final_project_BBDL', 'LandingToBronze', 'manual__2025-05-01T20:54:05.153415+00:00', '--job-id', '12', '--raw', '--subdir', 'DAGS_FOLDER/project_solution.py', '--cfg-path', '/tmp/tmpbqh3_ff4']
[2025-05-01T20:54:07.642+0000] {standard_task_runner.py:91} INFO - Job 12: Subtask LandingToBronze
[2025-05-01T20:54:07.711+0000] {logging_mixin.py:188} WARNING - /home/airflow/.local/lib/python3.10/site-packages/airflow/settings.py:195 DeprecationWarning: The sql_alchemy_conn option in [core] has been moved to the sql_alchemy_conn option in [database] - the old setting has been used, but please update your config.
[2025-05-01T20:54:07.799+0000] {task_command.py:426} INFO - Running <TaskInstance: final_project_BBDL.LandingToBronze manual__2025-05-01T20:54:05.153415+00:00 [running]> on host 93c1c9db0ad8
[2025-05-01T20:54:08.043+0000] {taskinstance.py:2648} INFO - Exporting env vars: AIRFLOW_CTX_DAG_OWNER='airflow' AIRFLOW_CTX_DAG_ID='final_project_BBDL' AIRFLOW_CTX_TASK_ID='LandingToBronze' AIRFLOW_CTX_EXECUTION_DATE='2025-05-01T20:54:05.153415+00:00' AIRFLOW_CTX_TRY_NUMBER='1' AIRFLOW_CTX_DAG_RUN_ID='manual__2025-05-01T20:54:05.153415+00:00'
[2025-05-01T20:54:08.044+0000] {taskinstance.py:430} INFO - ::endgroup::
[2025-05-01T20:54:08.120+0000] {base.py:84} INFO - Using connection ID 'spark_default' for task execution.
[2025-05-01T20:54:08.121+0000] {spark_submit.py:328} ERROR - Failed to decode base64 keytab: Invalid base64-encoded string: number of data characters (5) cannot be 1 more than a multiple of 4
[2025-05-01T20:54:08.122+0000] {spark_submit.py:305} INFO - Could not load connection string spark_default, defaulting to spark://spark-master:7077
[2025-05-01T20:54:08.122+0000] {spark_submit.py:474} INFO - Spark-Submit cmd: spark-submit --master spark://spark-master:7077 --conf spark.master=spark://spark-master:7077 --name LandingToBronze --verbose --queue root.default --deploy-mode client /opt/airflow/dags/landing_to_bronze.py
[2025-05-01T20:54:10.459+0000] {spark_submit.py:644} INFO - Using properties file: null
[2025-05-01T20:54:10.577+0000] {spark_submit.py:644} INFO - Parsed arguments:
[2025-05-01T20:54:10.578+0000] {spark_submit.py:644} INFO - master                  spark://spark-master:7077
[2025-05-01T20:54:10.578+0000] {spark_submit.py:644} INFO - deployMode              client
[2025-05-01T20:54:10.578+0000] {spark_submit.py:644} INFO - executorMemory          null
[2025-05-01T20:54:10.578+0000] {spark_submit.py:644} INFO - executorCores           null
[2025-05-01T20:54:10.578+0000] {spark_submit.py:644} INFO - totalExecutorCores      null
[2025-05-01T20:54:10.578+0000] {spark_submit.py:644} INFO - propertiesFile          null
[2025-05-01T20:54:10.578+0000] {spark_submit.py:644} INFO - driverMemory            null
[2025-05-01T20:54:10.579+0000] {spark_submit.py:644} INFO - driverCores             null
[2025-05-01T20:54:10.579+0000] {spark_submit.py:644} INFO - driverExtraClassPath    null
[2025-05-01T20:54:10.579+0000] {spark_submit.py:644} INFO - driverExtraLibraryPath  null
[2025-05-01T20:54:10.579+0000] {spark_submit.py:644} INFO - driverExtraJavaOptions  null
[2025-05-01T20:54:10.579+0000] {spark_submit.py:644} INFO - supervise               false
[2025-05-01T20:54:10.579+0000] {spark_submit.py:644} INFO - queue                   root.default
[2025-05-01T20:54:10.579+0000] {spark_submit.py:644} INFO - numExecutors            null
[2025-05-01T20:54:10.579+0000] {spark_submit.py:644} INFO - files                   null
[2025-05-01T20:54:10.579+0000] {spark_submit.py:644} INFO - pyFiles                 null
[2025-05-01T20:54:10.579+0000] {spark_submit.py:644} INFO - archives                null
[2025-05-01T20:54:10.579+0000] {spark_submit.py:644} INFO - mainClass               null
[2025-05-01T20:54:10.579+0000] {spark_submit.py:644} INFO - primaryResource         file:/opt/airflow/dags/landing_to_bronze.py
[2025-05-01T20:54:10.580+0000] {spark_submit.py:644} INFO - name                    LandingToBronze
[2025-05-01T20:54:10.580+0000] {spark_submit.py:644} INFO - childArgs               []
[2025-05-01T20:54:10.580+0000] {spark_submit.py:644} INFO - jars                    null
[2025-05-01T20:54:10.580+0000] {spark_submit.py:644} INFO - packages                null
[2025-05-01T20:54:10.580+0000] {spark_submit.py:644} INFO - packagesExclusions      null
[2025-05-01T20:54:10.580+0000] {spark_submit.py:644} INFO - repositories            null
[2025-05-01T20:54:10.580+0000] {spark_submit.py:644} INFO - verbose                 true
[2025-05-01T20:54:10.580+0000] {spark_submit.py:644} INFO - 
[2025-05-01T20:54:10.580+0000] {spark_submit.py:644} INFO - Spark properties used, including those specified through
[2025-05-01T20:54:10.580+0000] {spark_submit.py:644} INFO - --conf and those from the properties file null:
[2025-05-01T20:54:10.580+0000] {spark_submit.py:644} INFO - (spark.master,spark://spark-master:7077)
[2025-05-01T20:54:10.580+0000] {spark_submit.py:644} INFO - 
[2025-05-01T20:54:10.581+0000] {spark_submit.py:644} INFO - 
[2025-05-01T20:54:11.162+0000] {spark_submit.py:644} INFO - Main class:
[2025-05-01T20:54:11.162+0000] {spark_submit.py:644} INFO - org.apache.spark.deploy.PythonRunner
[2025-05-01T20:54:11.162+0000] {spark_submit.py:644} INFO - Arguments:
[2025-05-01T20:54:11.162+0000] {spark_submit.py:644} INFO - file:/opt/airflow/dags/landing_to_bronze.py
[2025-05-01T20:54:11.162+0000] {spark_submit.py:644} INFO - null
[2025-05-01T20:54:11.165+0000] {spark_submit.py:644} INFO - Spark config:
[2025-05-01T20:54:11.165+0000] {spark_submit.py:644} INFO - (spark.app.name,LandingToBronze)
[2025-05-01T20:54:11.165+0000] {spark_submit.py:644} INFO - (spark.app.submitTime,1746132851139)
[2025-05-01T20:54:11.166+0000] {spark_submit.py:644} INFO - (spark.master,spark://spark-master:7077)
[2025-05-01T20:54:11.166+0000] {spark_submit.py:644} INFO - (spark.submit.deployMode,client)
[2025-05-01T20:54:11.166+0000] {spark_submit.py:644} INFO - (spark.submit.pyFiles,)
[2025-05-01T20:54:11.166+0000] {spark_submit.py:644} INFO - Classpath elements:
[2025-05-01T20:54:11.166+0000] {spark_submit.py:644} INFO - 
[2025-05-01T20:54:11.166+0000] {spark_submit.py:644} INFO - 
[2025-05-01T20:54:11.167+0000] {spark_submit.py:644} INFO - 
[2025-05-01T20:54:12.900+0000] {spark_submit.py:644} INFO - 25/05/01 20:54:12 INFO SparkContext: Running Spark version 3.3.0
[2025-05-01T20:54:12.993+0000] {spark_submit.py:644} INFO - 25/05/01 20:54:12 WARN NativeCodeLoader: Unable to load native-hadoop library for your platform... using builtin-java classes where applicable
[2025-05-01T20:54:13.160+0000] {spark_submit.py:644} INFO - 25/05/01 20:54:13 INFO ResourceUtils: ==============================================================
[2025-05-01T20:54:13.161+0000] {spark_submit.py:644} INFO - 25/05/01 20:54:13 INFO ResourceUtils: No custom resources configured for spark.driver.
[2025-05-01T20:54:13.161+0000] {spark_submit.py:644} INFO - 25/05/01 20:54:13 INFO ResourceUtils: ==============================================================
[2025-05-01T20:54:13.162+0000] {spark_submit.py:644} INFO - 25/05/01 20:54:13 INFO SparkContext: Submitted application: LandingToBronze
[2025-05-01T20:54:13.195+0000] {spark_submit.py:644} INFO - 25/05/01 20:54:13 INFO ResourceProfile: Default ResourceProfile created, executor resources: Map(cores -> name: cores, amount: 1, script: , vendor: , memory -> name: memory, amount: 1024, script: , vendor: , offHeap -> name: offHeap, amount: 0, script: , vendor: ), task resources: Map(cpus -> name: cpus, amount: 1.0)
[2025-05-01T20:54:13.204+0000] {spark_submit.py:644} INFO - 25/05/01 20:54:13 INFO ResourceProfile: Limiting resource is cpu
[2025-05-01T20:54:13.205+0000] {spark_submit.py:644} INFO - 25/05/01 20:54:13 INFO ResourceProfileManager: Added ResourceProfile id: 0
[2025-05-01T20:54:13.279+0000] {spark_submit.py:644} INFO - 25/05/01 20:54:13 INFO SecurityManager: Changing view acls to: airflow
[2025-05-01T20:54:13.280+0000] {spark_submit.py:644} INFO - 25/05/01 20:54:13 INFO SecurityManager: Changing modify acls to: airflow
[2025-05-01T20:54:13.280+0000] {spark_submit.py:644} INFO - 25/05/01 20:54:13 INFO SecurityManager: Changing view acls groups to:
[2025-05-01T20:54:13.281+0000] {spark_submit.py:644} INFO - 25/05/01 20:54:13 INFO SecurityManager: Changing modify acls groups to:
[2025-05-01T20:54:13.281+0000] {spark_submit.py:644} INFO - 25/05/01 20:54:13 INFO SecurityManager: SecurityManager: authentication disabled; ui acls disabled; users  with view permissions: Set(airflow); groups with view permissions: Set(); users  with modify permissions: Set(airflow); groups with modify permissions: Set()
[2025-05-01T20:54:13.607+0000] {spark_submit.py:644} INFO - 25/05/01 20:54:13 INFO Utils: Successfully started service 'sparkDriver' on port 41249.
[2025-05-01T20:54:13.677+0000] {spark_submit.py:644} INFO - 25/05/01 20:54:13 INFO SparkEnv: Registering MapOutputTracker
[2025-05-01T20:54:13.717+0000] {spark_submit.py:644} INFO - 25/05/01 20:54:13 INFO SparkEnv: Registering BlockManagerMaster
[2025-05-01T20:54:13.742+0000] {spark_submit.py:644} INFO - 25/05/01 20:54:13 INFO BlockManagerMasterEndpoint: Using org.apache.spark.storage.DefaultTopologyMapper for getting topology information
[2025-05-01T20:54:13.743+0000] {spark_submit.py:644} INFO - 25/05/01 20:54:13 INFO BlockManagerMasterEndpoint: BlockManagerMasterEndpoint up
[2025-05-01T20:54:13.748+0000] {spark_submit.py:644} INFO - 25/05/01 20:54:13 INFO SparkEnv: Registering BlockManagerMasterHeartbeat
[2025-05-01T20:54:13.783+0000] {spark_submit.py:644} INFO - 25/05/01 20:54:13 INFO DiskBlockManager: Created local directory at /tmp/blockmgr-cf3a5422-3f96-4d48-a0c2-2ed55e143bc3
[2025-05-01T20:54:13.803+0000] {spark_submit.py:644} INFO - 25/05/01 20:54:13 INFO MemoryStore: MemoryStore started with capacity 434.4 MiB
[2025-05-01T20:54:13.822+0000] {spark_submit.py:644} INFO - 25/05/01 20:54:13 INFO SparkEnv: Registering OutputCommitCoordinator
[2025-05-01T20:54:14.188+0000] {spark_submit.py:644} INFO - 25/05/01 20:54:14 INFO Utils: Successfully started service 'SparkUI' on port 4040.
[2025-05-01T20:54:14.420+0000] {spark_submit.py:644} INFO - 25/05/01 20:54:14 INFO StandaloneAppClient$ClientEndpoint: Connecting to master spark://spark-master:7077...
[2025-05-01T20:54:14.458+0000] {spark_submit.py:644} INFO - 25/05/01 20:54:14 INFO TransportClientFactory: Successfully created connection to spark-master/172.19.0.4:7077 after 19 ms (0 ms spent in bootstraps)
[2025-05-01T20:54:14.599+0000] {spark_submit.py:644} INFO - 25/05/01 20:54:14 INFO StandaloneSchedulerBackend: Connected to Spark cluster with app ID app-20250501205414-0000
[2025-05-01T20:54:14.606+0000] {spark_submit.py:644} INFO - 25/05/01 20:54:14 INFO Utils: Successfully started service 'org.apache.spark.network.netty.NettyBlockTransferService' on port 39471.
[2025-05-01T20:54:14.607+0000] {spark_submit.py:644} INFO - 25/05/01 20:54:14 INFO NettyBlockTransferService: Server created on 93c1c9db0ad8:39471
[2025-05-01T20:54:14.609+0000] {spark_submit.py:644} INFO - 25/05/01 20:54:14 INFO BlockManager: Using org.apache.spark.storage.RandomBlockReplicationPolicy for block replication policy
[2025-05-01T20:54:14.616+0000] {spark_submit.py:644} INFO - 25/05/01 20:54:14 INFO BlockManagerMaster: Registering BlockManager BlockManagerId(driver, 93c1c9db0ad8, 39471, None)
[2025-05-01T20:54:14.619+0000] {spark_submit.py:644} INFO - 25/05/01 20:54:14 INFO BlockManagerMasterEndpoint: Registering block manager 93c1c9db0ad8:39471 with 434.4 MiB RAM, BlockManagerId(driver, 93c1c9db0ad8, 39471, None)
[2025-05-01T20:54:14.621+0000] {spark_submit.py:644} INFO - 25/05/01 20:54:14 INFO BlockManagerMaster: Registered BlockManager BlockManagerId(driver, 93c1c9db0ad8, 39471, None)
[2025-05-01T20:54:14.623+0000] {spark_submit.py:644} INFO - 25/05/01 20:54:14 INFO BlockManager: Initialized BlockManager: BlockManagerId(driver, 93c1c9db0ad8, 39471, None)
[2025-05-01T20:54:14.639+0000] {spark_submit.py:644} INFO - 25/05/01 20:54:14 INFO StandaloneAppClient$ClientEndpoint: Executor added: app-20250501205414-0000/0 on worker-20250501204227-172.19.0.7-39795 (172.19.0.7:39795) with 2 core(s)
[2025-05-01T20:54:14.642+0000] {spark_submit.py:644} INFO - 25/05/01 20:54:14 INFO StandaloneSchedulerBackend: Granted executor ID app-20250501205414-0000/0 on hostPort 172.19.0.7:39795 with 2 core(s), 1024.0 MiB RAM
[2025-05-01T20:54:14.853+0000] {spark_submit.py:644} INFO - 25/05/01 20:54:14 INFO StandaloneAppClient$ClientEndpoint: Executor updated: app-20250501205414-0000/0 is now RUNNING
[2025-05-01T20:54:14.862+0000] {spark_submit.py:644} INFO - 25/05/01 20:54:14 INFO StandaloneSchedulerBackend: SchedulerBackend is ready for scheduling beginning after reached minRegisteredResourcesRatio: 0.0
[2025-05-01T20:54:15.087+0000] {spark_submit.py:644} INFO - Traceback (most recent call last):
[2025-05-01T20:54:15.087+0000] {spark_submit.py:644} INFO - File "/opt/airflow/dags/landing_to_bronze.py", line 55, in <module>
[2025-05-01T20:54:15.087+0000] {spark_submit.py:644} INFO - main()
[2025-05-01T20:54:15.088+0000] {spark_submit.py:644} INFO - File "/opt/airflow/dags/landing_to_bronze.py", line 30, in main
[2025-05-01T20:54:15.088+0000] {spark_submit.py:644} INFO - os.makedirs(landing_dir, exist_ok=True)
[2025-05-01T20:54:15.088+0000] {spark_submit.py:644} INFO - File "/usr/local/lib/python3.10/os.py", line 215, in makedirs
[2025-05-01T20:54:15.088+0000] {spark_submit.py:644} INFO - makedirs(head, exist_ok=exist_ok)
[2025-05-01T20:54:15.088+0000] {spark_submit.py:644} INFO - File "/usr/local/lib/python3.10/os.py", line 225, in makedirs
[2025-05-01T20:54:15.088+0000] {spark_submit.py:644} INFO - mkdir(name, mode)
[2025-05-01T20:54:15.089+0000] {spark_submit.py:644} INFO - PermissionError: [Errno 13] Permission denied: '/opt/spark_data'
[2025-05-01T20:54:15.139+0000] {spark_submit.py:644} INFO - 25/05/01 20:54:15 INFO SparkContext: Invoking stop() from shutdown hook
[2025-05-01T20:54:15.150+0000] {spark_submit.py:644} INFO - 25/05/01 20:54:15 INFO SparkUI: Stopped Spark web UI at http://93c1c9db0ad8:4040
[2025-05-01T20:54:15.153+0000] {spark_submit.py:644} INFO - 25/05/01 20:54:15 INFO StandaloneSchedulerBackend: Shutting down all executors
[2025-05-01T20:54:15.156+0000] {spark_submit.py:644} INFO - 25/05/01 20:54:15 INFO CoarseGrainedSchedulerBackend$DriverEndpoint: Asking each executor to shut down
[2025-05-01T20:54:15.172+0000] {spark_submit.py:644} INFO - 25/05/01 20:54:15 INFO MapOutputTrackerMasterEndpoint: MapOutputTrackerMasterEndpoint stopped!
[2025-05-01T20:54:15.199+0000] {spark_submit.py:644} INFO - 25/05/01 20:54:15 INFO MemoryStore: MemoryStore cleared
[2025-05-01T20:54:15.199+0000] {spark_submit.py:644} INFO - 25/05/01 20:54:15 INFO BlockManager: BlockManager stopped
[2025-05-01T20:54:15.204+0000] {spark_submit.py:644} INFO - 25/05/01 20:54:15 INFO BlockManagerMaster: BlockManagerMaster stopped
[2025-05-01T20:54:15.206+0000] {spark_submit.py:644} INFO - 25/05/01 20:54:15 INFO OutputCommitCoordinator$OutputCommitCoordinatorEndpoint: OutputCommitCoordinator stopped!
[2025-05-01T20:54:15.217+0000] {spark_submit.py:644} INFO - 25/05/01 20:54:15 INFO SparkContext: Successfully stopped SparkContext
[2025-05-01T20:54:15.218+0000] {spark_submit.py:644} INFO - 25/05/01 20:54:15 INFO ShutdownHookManager: Shutdown hook called
[2025-05-01T20:54:15.218+0000] {spark_submit.py:644} INFO - 25/05/01 20:54:15 INFO ShutdownHookManager: Deleting directory /tmp/spark-30efc606-28da-453c-a90e-f6e8f959f537/pyspark-e7c331de-1f85-4ad8-a82b-07f8c96385cc
[2025-05-01T20:54:15.222+0000] {spark_submit.py:644} INFO - 25/05/01 20:54:15 INFO ShutdownHookManager: Deleting directory /tmp/spark-30efc606-28da-453c-a90e-f6e8f959f537
[2025-05-01T20:54:15.226+0000] {spark_submit.py:644} INFO - 25/05/01 20:54:15 INFO ShutdownHookManager: Deleting directory /tmp/spark-050998fa-d2f2-4fc1-b938-5ecd8b50f50d
[2025-05-01T20:54:15.264+0000] {taskinstance.py:441} INFO - ::group::Post task execution logs
[2025-05-01T20:54:15.298+0000] {taskinstance.py:2905} ERROR - Task failed with exception
Traceback (most recent call last):
  File "/home/airflow/.local/lib/python3.10/site-packages/airflow/models/taskinstance.py", line 465, in _execute_task
    result = _execute_callable(context=context, **execute_callable_kwargs)
  File "/home/airflow/.local/lib/python3.10/site-packages/airflow/models/taskinstance.py", line 432, in _execute_callable
    return execute_callable(context=context, **execute_callable_kwargs)
  File "/home/airflow/.local/lib/python3.10/site-packages/airflow/models/baseoperator.py", line 400, in wrapper
    return func(self, *args, **kwargs)
  File "/home/airflow/.local/lib/python3.10/site-packages/airflow/providers/apache/spark/operators/spark_submit.py", line 197, in execute
    self._hook.submit(self.application)
  File "/home/airflow/.local/lib/python3.10/site-packages/airflow/providers/apache/spark/hooks/spark_submit.py", line 566, in submit
    raise AirflowException(
airflow.exceptions.AirflowException: Cannot execute: spark-submit --master spark://spark-master:7077 --conf spark.master=spark://spark-master:7077 --name LandingToBronze --verbose --queue root.default --deploy-mode client /opt/airflow/dags/landing_to_bronze.py. Error code is: 1.
[2025-05-01T20:54:15.303+0000] {taskinstance.py:1206} INFO - Marking task as FAILED. dag_id=final_project_BBDL, task_id=LandingToBronze, run_id=manual__2025-05-01T20:54:05.153415+00:00, execution_date=20250501T205405, start_date=20250501T205407, end_date=20250501T205415
[2025-05-01T20:54:15.385+0000] {standard_task_runner.py:110} ERROR - Failed to execute job 12 for task LandingToBronze (Cannot execute: spark-submit --master spark://spark-master:7077 --conf spark.master=spark://spark-master:7077 --name LandingToBronze --verbose --queue root.default --deploy-mode client /opt/airflow/dags/landing_to_bronze.py. Error code is: 1.; 437)
[2025-05-01T20:54:15.444+0000] {local_task_job_runner.py:240} INFO - Task exited with return code 1
[2025-05-01T20:54:15.487+0000] {taskinstance.py:3498} INFO - 0 downstream tasks scheduled from follow-on schedule check
[2025-05-01T20:54:15.521+0000] {local_task_job_runner.py:222} INFO - ::endgroup::
