[2025-05-02T21:47:10.113+0000] {local_task_job_runner.py:120} INFO - ::group::Pre task execution logs
[2025-05-02T21:47:10.184+0000] {taskinstance.py:2076} INFO - Dependencies all met for dep_context=non-requeueable deps ti=<TaskInstance: final_project_BBDL.LandingToBronze manual__2025-05-02T21:47:08.712499+00:00 [queued]>
[2025-05-02T21:47:10.193+0000] {taskinstance.py:2076} INFO - Dependencies all met for dep_context=requeueable deps ti=<TaskInstance: final_project_BBDL.LandingToBronze manual__2025-05-02T21:47:08.712499+00:00 [queued]>
[2025-05-02T21:47:10.194+0000] {taskinstance.py:2306} INFO - Starting attempt 1 of 1
[2025-05-02T21:47:10.230+0000] {taskinstance.py:2330} INFO - Executing <Task(SparkSubmitOperator): LandingToBronze> on 2025-05-02 21:47:08.712499+00:00
[2025-05-02T21:47:10.234+0000] {standard_task_runner.py:63} INFO - Started process 4486 to run task
[2025-05-02T21:47:10.238+0000] {standard_task_runner.py:90} INFO - Running: ['airflow', 'tasks', 'run', 'final_project_BBDL', 'LandingToBronze', 'manual__2025-05-02T21:47:08.712499+00:00', '--job-id', '34', '--raw', '--subdir', 'DAGS_FOLDER/project_solution.py', '--cfg-path', '/tmp/tmp7fvqp2ib']
[2025-05-02T21:47:10.239+0000] {standard_task_runner.py:91} INFO - Job 34: Subtask LandingToBronze
[2025-05-02T21:47:10.306+0000] {logging_mixin.py:188} WARNING - /home/airflow/.local/lib/python3.10/site-packages/airflow/settings.py:195 DeprecationWarning: The sql_alchemy_conn option in [core] has been moved to the sql_alchemy_conn option in [database] - the old setting has been used, but please update your config.
[2025-05-02T21:47:10.392+0000] {task_command.py:426} INFO - Running <TaskInstance: final_project_BBDL.LandingToBronze manual__2025-05-02T21:47:08.712499+00:00 [running]> on host 6ca5a7f6558e
[2025-05-02T21:47:10.602+0000] {taskinstance.py:2648} INFO - Exporting env vars: AIRFLOW_CTX_DAG_OWNER='airflow' AIRFLOW_CTX_DAG_ID='final_project_BBDL' AIRFLOW_CTX_TASK_ID='LandingToBronze' AIRFLOW_CTX_EXECUTION_DATE='2025-05-02T21:47:08.712499+00:00' AIRFLOW_CTX_TRY_NUMBER='1' AIRFLOW_CTX_DAG_RUN_ID='manual__2025-05-02T21:47:08.712499+00:00'
[2025-05-02T21:47:10.603+0000] {taskinstance.py:430} INFO - ::endgroup::
[2025-05-02T21:47:10.662+0000] {base.py:84} INFO - Using connection ID 'spark_default' for task execution.
[2025-05-02T21:47:10.663+0000] {spark_submit.py:328} ERROR - Failed to decode base64 keytab: Invalid base64-encoded string: number of data characters (5) cannot be 1 more than a multiple of 4
[2025-05-02T21:47:10.664+0000] {spark_submit.py:305} INFO - Could not load connection string spark_default, defaulting to spark://spark-master:7077
[2025-05-02T21:47:10.664+0000] {spark_submit.py:474} INFO - Spark-Submit cmd: spark-submit --master spark://spark-master:7077 --conf spark.master=spark://spark-master:7077 --name LandingToBronze --verbose --queue root.default --deploy-mode client /opt/airflow/dags/landing_to_bronze.py
[2025-05-02T21:47:12.645+0000] {spark_submit.py:644} INFO - Using properties file: null
[2025-05-02T21:47:12.757+0000] {spark_submit.py:644} INFO - Parsed arguments:
[2025-05-02T21:47:12.758+0000] {spark_submit.py:644} INFO - master                  spark://spark-master:7077
[2025-05-02T21:47:12.758+0000] {spark_submit.py:644} INFO - deployMode              client
[2025-05-02T21:47:12.758+0000] {spark_submit.py:644} INFO - executorMemory          null
[2025-05-02T21:47:12.758+0000] {spark_submit.py:644} INFO - executorCores           null
[2025-05-02T21:47:12.758+0000] {spark_submit.py:644} INFO - totalExecutorCores      null
[2025-05-02T21:47:12.758+0000] {spark_submit.py:644} INFO - propertiesFile          null
[2025-05-02T21:47:12.758+0000] {spark_submit.py:644} INFO - driverMemory            null
[2025-05-02T21:47:12.758+0000] {spark_submit.py:644} INFO - driverCores             null
[2025-05-02T21:47:12.758+0000] {spark_submit.py:644} INFO - driverExtraClassPath    null
[2025-05-02T21:47:12.758+0000] {spark_submit.py:644} INFO - driverExtraLibraryPath  null
[2025-05-02T21:47:12.758+0000] {spark_submit.py:644} INFO - driverExtraJavaOptions  null
[2025-05-02T21:47:12.759+0000] {spark_submit.py:644} INFO - supervise               false
[2025-05-02T21:47:12.759+0000] {spark_submit.py:644} INFO - queue                   root.default
[2025-05-02T21:47:12.759+0000] {spark_submit.py:644} INFO - numExecutors            null
[2025-05-02T21:47:12.759+0000] {spark_submit.py:644} INFO - files                   null
[2025-05-02T21:47:12.759+0000] {spark_submit.py:644} INFO - pyFiles                 null
[2025-05-02T21:47:12.759+0000] {spark_submit.py:644} INFO - archives                null
[2025-05-02T21:47:12.759+0000] {spark_submit.py:644} INFO - mainClass               null
[2025-05-02T21:47:12.759+0000] {spark_submit.py:644} INFO - primaryResource         file:/opt/airflow/dags/landing_to_bronze.py
[2025-05-02T21:47:12.759+0000] {spark_submit.py:644} INFO - name                    LandingToBronze
[2025-05-02T21:47:12.759+0000] {spark_submit.py:644} INFO - childArgs               []
[2025-05-02T21:47:12.759+0000] {spark_submit.py:644} INFO - jars                    null
[2025-05-02T21:47:12.759+0000] {spark_submit.py:644} INFO - packages                null
[2025-05-02T21:47:12.759+0000] {spark_submit.py:644} INFO - packagesExclusions      null
[2025-05-02T21:47:12.759+0000] {spark_submit.py:644} INFO - repositories            null
[2025-05-02T21:47:12.760+0000] {spark_submit.py:644} INFO - verbose                 true
[2025-05-02T21:47:12.760+0000] {spark_submit.py:644} INFO - 
[2025-05-02T21:47:12.760+0000] {spark_submit.py:644} INFO - Spark properties used, including those specified through
[2025-05-02T21:47:12.760+0000] {spark_submit.py:644} INFO - --conf and those from the properties file null:
[2025-05-02T21:47:12.760+0000] {spark_submit.py:644} INFO - (spark.master,spark://spark-master:7077)
[2025-05-02T21:47:12.760+0000] {spark_submit.py:644} INFO - 
[2025-05-02T21:47:12.760+0000] {spark_submit.py:644} INFO - 
[2025-05-02T21:47:13.112+0000] {spark_submit.py:644} INFO - Main class:
[2025-05-02T21:47:13.112+0000] {spark_submit.py:644} INFO - org.apache.spark.deploy.PythonRunner
[2025-05-02T21:47:13.112+0000] {spark_submit.py:644} INFO - Arguments:
[2025-05-02T21:47:13.113+0000] {spark_submit.py:644} INFO - file:/opt/airflow/dags/landing_to_bronze.py
[2025-05-02T21:47:13.113+0000] {spark_submit.py:644} INFO - null
[2025-05-02T21:47:13.115+0000] {spark_submit.py:644} INFO - Spark config:
[2025-05-02T21:47:13.115+0000] {spark_submit.py:644} INFO - (spark.app.name,LandingToBronze)
[2025-05-02T21:47:13.115+0000] {spark_submit.py:644} INFO - (spark.app.submitTime,1746222433096)
[2025-05-02T21:47:13.115+0000] {spark_submit.py:644} INFO - (spark.master,spark://spark-master:7077)
[2025-05-02T21:47:13.115+0000] {spark_submit.py:644} INFO - (spark.submit.deployMode,client)
[2025-05-02T21:47:13.115+0000] {spark_submit.py:644} INFO - (spark.submit.pyFiles,)
[2025-05-02T21:47:13.115+0000] {spark_submit.py:644} INFO - Classpath elements:
[2025-05-02T21:47:13.115+0000] {spark_submit.py:644} INFO - 
[2025-05-02T21:47:13.116+0000] {spark_submit.py:644} INFO - 
[2025-05-02T21:47:13.116+0000] {spark_submit.py:644} INFO - 
[2025-05-02T21:47:14.309+0000] {spark_submit.py:644} INFO - 25/05/02 21:47:14 INFO SparkContext: Running Spark version 3.3.0
[2025-05-02T21:47:14.373+0000] {spark_submit.py:644} INFO - 25/05/02 21:47:14 WARN NativeCodeLoader: Unable to load native-hadoop library for your platform... using builtin-java classes where applicable
[2025-05-02T21:47:14.473+0000] {spark_submit.py:644} INFO - 25/05/02 21:47:14 INFO ResourceUtils: ==============================================================
[2025-05-02T21:47:14.473+0000] {spark_submit.py:644} INFO - 25/05/02 21:47:14 INFO ResourceUtils: No custom resources configured for spark.driver.
[2025-05-02T21:47:14.474+0000] {spark_submit.py:644} INFO - 25/05/02 21:47:14 INFO ResourceUtils: ==============================================================
[2025-05-02T21:47:14.474+0000] {spark_submit.py:644} INFO - 25/05/02 21:47:14 INFO SparkContext: Submitted application: LandingToBronze
[2025-05-02T21:47:14.496+0000] {spark_submit.py:644} INFO - 25/05/02 21:47:14 INFO ResourceProfile: Default ResourceProfile created, executor resources: Map(cores -> name: cores, amount: 1, script: , vendor: , memory -> name: memory, amount: 1024, script: , vendor: , offHeap -> name: offHeap, amount: 0, script: , vendor: ), task resources: Map(cpus -> name: cpus, amount: 1.0)
[2025-05-02T21:47:14.503+0000] {spark_submit.py:644} INFO - 25/05/02 21:47:14 INFO ResourceProfile: Limiting resource is cpu
[2025-05-02T21:47:14.504+0000] {spark_submit.py:644} INFO - 25/05/02 21:47:14 INFO ResourceProfileManager: Added ResourceProfile id: 0
[2025-05-02T21:47:14.558+0000] {spark_submit.py:644} INFO - 25/05/02 21:47:14 INFO SecurityManager: Changing view acls to: airflow
[2025-05-02T21:47:14.558+0000] {spark_submit.py:644} INFO - 25/05/02 21:47:14 INFO SecurityManager: Changing modify acls to: airflow
[2025-05-02T21:47:14.559+0000] {spark_submit.py:644} INFO - 25/05/02 21:47:14 INFO SecurityManager: Changing view acls groups to:
[2025-05-02T21:47:14.559+0000] {spark_submit.py:644} INFO - 25/05/02 21:47:14 INFO SecurityManager: Changing modify acls groups to:
[2025-05-02T21:47:14.560+0000] {spark_submit.py:644} INFO - 25/05/02 21:47:14 INFO SecurityManager: SecurityManager: authentication disabled; ui acls disabled; users  with view permissions: Set(airflow); groups with view permissions: Set(); users  with modify permissions: Set(airflow); groups with modify permissions: Set()
[2025-05-02T21:47:14.824+0000] {spark_submit.py:644} INFO - 25/05/02 21:47:14 INFO Utils: Successfully started service 'sparkDriver' on port 37951.
[2025-05-02T21:47:14.865+0000] {spark_submit.py:644} INFO - 25/05/02 21:47:14 INFO SparkEnv: Registering MapOutputTracker
[2025-05-02T21:47:14.900+0000] {spark_submit.py:644} INFO - 25/05/02 21:47:14 INFO SparkEnv: Registering BlockManagerMaster
[2025-05-02T21:47:14.923+0000] {spark_submit.py:644} INFO - 25/05/02 21:47:14 INFO BlockManagerMasterEndpoint: Using org.apache.spark.storage.DefaultTopologyMapper for getting topology information
[2025-05-02T21:47:14.923+0000] {spark_submit.py:644} INFO - 25/05/02 21:47:14 INFO BlockManagerMasterEndpoint: BlockManagerMasterEndpoint up
[2025-05-02T21:47:14.929+0000] {spark_submit.py:644} INFO - 25/05/02 21:47:14 INFO SparkEnv: Registering BlockManagerMasterHeartbeat
[2025-05-02T21:47:14.975+0000] {spark_submit.py:644} INFO - 25/05/02 21:47:14 INFO DiskBlockManager: Created local directory at /tmp/blockmgr-4dc4d053-0d09-432a-b202-5ee225fe6cc4
[2025-05-02T21:47:14.997+0000] {spark_submit.py:644} INFO - 25/05/02 21:47:14 INFO MemoryStore: MemoryStore started with capacity 434.4 MiB
[2025-05-02T21:47:15.013+0000] {spark_submit.py:644} INFO - 25/05/02 21:47:15 INFO SparkEnv: Registering OutputCommitCoordinator
[2025-05-02T21:47:15.227+0000] {spark_submit.py:644} INFO - 25/05/02 21:47:15 INFO Utils: Successfully started service 'SparkUI' on port 4040.
[2025-05-02T21:47:15.401+0000] {spark_submit.py:644} INFO - 25/05/02 21:47:15 INFO StandaloneAppClient$ClientEndpoint: Connecting to master spark://spark-master:7077...
[2025-05-02T21:47:15.443+0000] {spark_submit.py:644} INFO - 25/05/02 21:47:15 INFO TransportClientFactory: Successfully created connection to spark-master/172.19.0.2:7077 after 22 ms (0 ms spent in bootstraps)
[2025-05-02T21:47:15.536+0000] {spark_submit.py:644} INFO - 25/05/02 21:47:15 INFO StandaloneSchedulerBackend: Connected to Spark cluster with app ID app-20250502214715-0011
[2025-05-02T21:47:15.538+0000] {spark_submit.py:644} INFO - 25/05/02 21:47:15 INFO StandaloneAppClient$ClientEndpoint: Executor added: app-20250502214715-0011/0 on worker-20250502201254-172.19.0.5-36485 (172.19.0.5:36485) with 2 core(s)
[2025-05-02T21:47:15.541+0000] {spark_submit.py:644} INFO - 25/05/02 21:47:15 INFO StandaloneSchedulerBackend: Granted executor ID app-20250502214715-0011/0 on hostPort 172.19.0.5:36485 with 2 core(s), 1024.0 MiB RAM
[2025-05-02T21:47:15.545+0000] {spark_submit.py:644} INFO - 25/05/02 21:47:15 INFO Utils: Successfully started service 'org.apache.spark.network.netty.NettyBlockTransferService' on port 37541.
[2025-05-02T21:47:15.546+0000] {spark_submit.py:644} INFO - 25/05/02 21:47:15 INFO NettyBlockTransferService: Server created on 6ca5a7f6558e:37541
[2025-05-02T21:47:15.548+0000] {spark_submit.py:644} INFO - 25/05/02 21:47:15 INFO BlockManager: Using org.apache.spark.storage.RandomBlockReplicationPolicy for block replication policy
[2025-05-02T21:47:15.556+0000] {spark_submit.py:644} INFO - 25/05/02 21:47:15 INFO BlockManagerMaster: Registering BlockManager BlockManagerId(driver, 6ca5a7f6558e, 37541, None)
[2025-05-02T21:47:15.560+0000] {spark_submit.py:644} INFO - 25/05/02 21:47:15 INFO BlockManagerMasterEndpoint: Registering block manager 6ca5a7f6558e:37541 with 434.4 MiB RAM, BlockManagerId(driver, 6ca5a7f6558e, 37541, None)
[2025-05-02T21:47:15.563+0000] {spark_submit.py:644} INFO - 25/05/02 21:47:15 INFO BlockManagerMaster: Registered BlockManager BlockManagerId(driver, 6ca5a7f6558e, 37541, None)
[2025-05-02T21:47:15.565+0000] {spark_submit.py:644} INFO - 25/05/02 21:47:15 INFO BlockManager: Initialized BlockManager: BlockManagerId(driver, 6ca5a7f6558e, 37541, None)
[2025-05-02T21:47:15.576+0000] {spark_submit.py:644} INFO - 25/05/02 21:47:15 INFO StandaloneAppClient$ClientEndpoint: Executor updated: app-20250502214715-0011/0 is now RUNNING
[2025-05-02T21:47:15.770+0000] {spark_submit.py:644} INFO - 25/05/02 21:47:15 INFO StandaloneSchedulerBackend: SchedulerBackend is ready for scheduling beginning after reached minRegisteredResourcesRatio: 0.0
[2025-05-02T21:47:16.000+0000] {spark_submit.py:644} INFO - 📥 Завантаження: https://ftp.goit.study/neoversity/athlete_bio.csv
[2025-05-02T21:47:18.671+0000] {spark_submit.py:644} INFO - ✅ CSV збережено: /tmp/spark_data/landing/athlete_bio.csv
[2025-05-02T21:47:18.673+0000] {spark_submit.py:644} INFO - 📊 Обробка файлу: /tmp/spark_data/landing/athlete_bio.csv
[2025-05-02T21:47:19.192+0000] {spark_submit.py:644} INFO - 25/05/02 21:47:19 INFO SharedState: Setting hive.metastore.warehouse.dir ('null') to the value of spark.sql.warehouse.dir.
[2025-05-02T21:47:19.213+0000] {spark_submit.py:644} INFO - 25/05/02 21:47:19 INFO SharedState: Warehouse path is 'file:/opt/airflow/spark-warehouse'.
[2025-05-02T21:47:20.604+0000] {spark_submit.py:644} INFO - 25/05/02 21:47:20 INFO InMemoryFileIndex: It took 40 ms to list leaf files for 1 paths.
[2025-05-02T21:47:20.704+0000] {spark_submit.py:644} INFO - 25/05/02 21:47:20 INFO InMemoryFileIndex: It took 2 ms to list leaf files for 1 paths.
[2025-05-02T21:47:21.458+0000] {spark_submit.py:644} INFO - 25/05/02 21:47:21 INFO CoarseGrainedSchedulerBackend$DriverEndpoint: Registered executor NettyRpcEndpointRef(spark-client://Executor) (172.19.0.5:45960) with ID 0,  ResourceProfileId 0
[2025-05-02T21:47:21.550+0000] {spark_submit.py:644} INFO - 25/05/02 21:47:21 INFO BlockManagerMasterEndpoint: Registering block manager 172.19.0.5:44703 with 366.3 MiB RAM, BlockManagerId(0, 172.19.0.5, 44703, None)
[2025-05-02T21:47:22.706+0000] {spark_submit.py:644} INFO - 25/05/02 21:47:22 INFO FileSourceStrategy: Pushed Filters:
[2025-05-02T21:47:22.707+0000] {spark_submit.py:644} INFO - 25/05/02 21:47:22 INFO FileSourceStrategy: Post-Scan Filters: (length(trim(value#0, None)) > 0)
[2025-05-02T21:47:22.710+0000] {spark_submit.py:644} INFO - 25/05/02 21:47:22 INFO FileSourceStrategy: Output Data Schema: struct<value: string>
[2025-05-02T21:47:23.090+0000] {spark_submit.py:644} INFO - 25/05/02 21:47:23 INFO CodeGenerator: Code generated in 124.169855 ms
[2025-05-02T21:47:23.137+0000] {spark_submit.py:644} INFO - 25/05/02 21:47:23 INFO MemoryStore: Block broadcast_0 stored as values in memory (estimated size 199.2 KiB, free 434.2 MiB)
[2025-05-02T21:47:23.191+0000] {spark_submit.py:644} INFO - 25/05/02 21:47:23 INFO MemoryStore: Block broadcast_0_piece0 stored as bytes in memory (estimated size 33.9 KiB, free 434.2 MiB)
[2025-05-02T21:47:23.194+0000] {spark_submit.py:644} INFO - 25/05/02 21:47:23 INFO BlockManagerInfo: Added broadcast_0_piece0 in memory on 6ca5a7f6558e:37541 (size: 33.9 KiB, free: 434.4 MiB)
[2025-05-02T21:47:23.197+0000] {spark_submit.py:644} INFO - 25/05/02 21:47:23 INFO SparkContext: Created broadcast 0 from csv at NativeMethodAccessorImpl.java:0
[2025-05-02T21:47:23.205+0000] {spark_submit.py:644} INFO - 25/05/02 21:47:23 INFO FileSourceScanExec: Planning scan with bin packing, max size: 29844437 bytes, open cost is considered as scanning 4194304 bytes.
[2025-05-02T21:47:23.284+0000] {spark_submit.py:644} INFO - 25/05/02 21:47:23 INFO SparkContext: Starting job: csv at NativeMethodAccessorImpl.java:0
[2025-05-02T21:47:23.297+0000] {spark_submit.py:644} INFO - 25/05/02 21:47:23 INFO DAGScheduler: Got job 0 (csv at NativeMethodAccessorImpl.java:0) with 1 output partitions
[2025-05-02T21:47:23.297+0000] {spark_submit.py:644} INFO - 25/05/02 21:47:23 INFO DAGScheduler: Final stage: ResultStage 0 (csv at NativeMethodAccessorImpl.java:0)
[2025-05-02T21:47:23.298+0000] {spark_submit.py:644} INFO - 25/05/02 21:47:23 INFO DAGScheduler: Parents of final stage: List()
[2025-05-02T21:47:23.299+0000] {spark_submit.py:644} INFO - 25/05/02 21:47:23 INFO DAGScheduler: Missing parents: List()
[2025-05-02T21:47:23.302+0000] {spark_submit.py:644} INFO - 25/05/02 21:47:23 INFO DAGScheduler: Submitting ResultStage 0 (MapPartitionsRDD[3] at csv at NativeMethodAccessorImpl.java:0), which has no missing parents
[2025-05-02T21:47:23.356+0000] {spark_submit.py:644} INFO - 25/05/02 21:47:23 INFO MemoryStore: Block broadcast_1 stored as values in memory (estimated size 11.8 KiB, free 434.2 MiB)
[2025-05-02T21:47:23.367+0000] {spark_submit.py:644} INFO - 25/05/02 21:47:23 INFO MemoryStore: Block broadcast_1_piece0 stored as bytes in memory (estimated size 5.9 KiB, free 434.2 MiB)
[2025-05-02T21:47:23.368+0000] {spark_submit.py:644} INFO - 25/05/02 21:47:23 INFO BlockManagerInfo: Added broadcast_1_piece0 in memory on 6ca5a7f6558e:37541 (size: 5.9 KiB, free: 434.4 MiB)
[2025-05-02T21:47:23.369+0000] {spark_submit.py:644} INFO - 25/05/02 21:47:23 INFO SparkContext: Created broadcast 1 from broadcast at DAGScheduler.scala:1513
[2025-05-02T21:47:23.391+0000] {spark_submit.py:644} INFO - 25/05/02 21:47:23 INFO DAGScheduler: Submitting 1 missing tasks from ResultStage 0 (MapPartitionsRDD[3] at csv at NativeMethodAccessorImpl.java:0) (first 15 tasks are for partitions Vector(0))
[2025-05-02T21:47:23.392+0000] {spark_submit.py:644} INFO - 25/05/02 21:47:23 INFO TaskSchedulerImpl: Adding task set 0.0 with 1 tasks resource profile 0
[2025-05-02T21:47:23.423+0000] {spark_submit.py:644} INFO - 25/05/02 21:47:23 INFO TaskSetManager: Starting task 0.0 in stage 0.0 (TID 0) (172.19.0.5, executor 0, partition 0, PROCESS_LOCAL, 4921 bytes) taskResourceAssignments Map()
[2025-05-02T21:47:23.673+0000] {spark_submit.py:644} INFO - 25/05/02 21:47:23 INFO BlockManagerInfo: Added broadcast_1_piece0 in memory on 172.19.0.5:44703 (size: 5.9 KiB, free: 366.3 MiB)
[2025-05-02T21:47:24.791+0000] {spark_submit.py:644} INFO - 25/05/02 21:47:24 INFO BlockManagerInfo: Added broadcast_0_piece0 in memory on 172.19.0.5:44703 (size: 33.9 KiB, free: 366.3 MiB)
[2025-05-02T21:47:25.016+0000] {spark_submit.py:644} INFO - 25/05/02 21:47:25 INFO TaskSetManager: Finished task 0.0 in stage 0.0 (TID 0) in 1602 ms on 172.19.0.5 (executor 0) (1/1)
[2025-05-02T21:47:25.017+0000] {spark_submit.py:644} INFO - 25/05/02 21:47:25 INFO TaskSchedulerImpl: Removed TaskSet 0.0, whose tasks have all completed, from pool
[2025-05-02T21:47:25.024+0000] {spark_submit.py:644} INFO - 25/05/02 21:47:25 INFO DAGScheduler: ResultStage 0 (csv at NativeMethodAccessorImpl.java:0) finished in 1.710 s
[2025-05-02T21:47:25.026+0000] {spark_submit.py:644} INFO - 25/05/02 21:47:25 INFO DAGScheduler: Job 0 is finished. Cancelling potential speculative or zombie tasks for this job
[2025-05-02T21:47:25.026+0000] {spark_submit.py:644} INFO - 25/05/02 21:47:25 INFO TaskSchedulerImpl: Killing all running tasks in stage 0: Stage finished
[2025-05-02T21:47:25.028+0000] {spark_submit.py:644} INFO - 25/05/02 21:47:25 INFO DAGScheduler: Job 0 finished: csv at NativeMethodAccessorImpl.java:0, took 1.751043 s
[2025-05-02T21:47:25.045+0000] {spark_submit.py:644} INFO - 25/05/02 21:47:25 INFO CodeGenerator: Code generated in 8.136987 ms
[2025-05-02T21:47:25.090+0000] {spark_submit.py:644} INFO - 25/05/02 21:47:25 INFO BlockManagerInfo: Removed broadcast_1_piece0 on 6ca5a7f6558e:37541 in memory (size: 5.9 KiB, free: 434.4 MiB)
[2025-05-02T21:47:25.096+0000] {spark_submit.py:644} INFO - 25/05/02 21:47:25 INFO FileSourceStrategy: Pushed Filters:
[2025-05-02T21:47:25.097+0000] {spark_submit.py:644} INFO - 25/05/02 21:47:25 INFO FileSourceStrategy: Post-Scan Filters:
[2025-05-02T21:47:25.097+0000] {spark_submit.py:644} INFO - 25/05/02 21:47:25 INFO FileSourceStrategy: Output Data Schema: struct<value: string>
[2025-05-02T21:47:25.098+0000] {spark_submit.py:644} INFO - 25/05/02 21:47:25 INFO BlockManagerInfo: Removed broadcast_1_piece0 on 172.19.0.5:44703 in memory (size: 5.9 KiB, free: 366.3 MiB)
[2025-05-02T21:47:25.105+0000] {spark_submit.py:644} INFO - 25/05/02 21:47:25 INFO MemoryStore: Block broadcast_2 stored as values in memory (estimated size 199.2 KiB, free 434.0 MiB)
[2025-05-02T21:47:25.121+0000] {spark_submit.py:644} INFO - 25/05/02 21:47:25 INFO MemoryStore: Block broadcast_2_piece0 stored as bytes in memory (estimated size 33.9 KiB, free 433.9 MiB)
[2025-05-02T21:47:25.123+0000] {spark_submit.py:644} INFO - 25/05/02 21:47:25 INFO BlockManagerInfo: Added broadcast_2_piece0 in memory on 6ca5a7f6558e:37541 (size: 33.9 KiB, free: 434.3 MiB)
[2025-05-02T21:47:25.124+0000] {spark_submit.py:644} INFO - 25/05/02 21:47:25 INFO SparkContext: Created broadcast 2 from csv at NativeMethodAccessorImpl.java:0
[2025-05-02T21:47:25.126+0000] {spark_submit.py:644} INFO - 25/05/02 21:47:25 INFO FileSourceScanExec: Planning scan with bin packing, max size: 29844437 bytes, open cost is considered as scanning 4194304 bytes.
[2025-05-02T21:47:25.174+0000] {spark_submit.py:644} INFO - 🗑️ Видалення директорії: /tmp/spark_data/bronze/athlete_bio/_temporary
[2025-05-02T21:47:25.175+0000] {spark_submit.py:644} INFO - Traceback (most recent call last):
[2025-05-02T21:47:25.175+0000] {spark_submit.py:644} INFO - File "/opt/airflow/dags/landing_to_bronze.py", line 66, in <module>
[2025-05-02T21:47:25.176+0000] {spark_submit.py:644} INFO - main()
[2025-05-02T21:47:25.176+0000] {spark_submit.py:644} INFO - File "/opt/airflow/dags/landing_to_bronze.py", line 61, in main
[2025-05-02T21:47:25.176+0000] {spark_submit.py:644} INFO - process_table(spark, table, landing_dir, bronze_dir)
[2025-05-02T21:47:25.176+0000] {spark_submit.py:644} INFO - File "/opt/airflow/dags/landing_to_bronze.py", line 43, in process_table
[2025-05-02T21:47:25.176+0000] {spark_submit.py:644} INFO - remove_directory_if_exists(os.path.join(bronze_path, "_temporary"))
[2025-05-02T21:47:25.176+0000] {spark_submit.py:644} INFO - File "/opt/airflow/dags/landing_to_bronze.py", line 25, in remove_directory_if_exists
[2025-05-02T21:47:25.176+0000] {spark_submit.py:644} INFO - shutil.rmtree(path)
[2025-05-02T21:47:25.176+0000] {spark_submit.py:644} INFO - File "/usr/local/lib/python3.10/shutil.py", line 725, in rmtree
[2025-05-02T21:47:25.176+0000] {spark_submit.py:644} INFO - _rmtree_safe_fd(fd, path, onerror)
[2025-05-02T21:47:25.176+0000] {spark_submit.py:644} INFO - File "/usr/local/lib/python3.10/shutil.py", line 658, in _rmtree_safe_fd
[2025-05-02T21:47:25.176+0000] {spark_submit.py:644} INFO - _rmtree_safe_fd(dirfd, fullname, onerror)
[2025-05-02T21:47:25.176+0000] {spark_submit.py:644} INFO - File "/usr/local/lib/python3.10/shutil.py", line 658, in _rmtree_safe_fd
[2025-05-02T21:47:25.176+0000] {spark_submit.py:644} INFO - _rmtree_safe_fd(dirfd, fullname, onerror)
[2025-05-02T21:47:25.177+0000] {spark_submit.py:644} INFO - File "/usr/local/lib/python3.10/shutil.py", line 681, in _rmtree_safe_fd
[2025-05-02T21:47:25.177+0000] {spark_submit.py:644} INFO - onerror(os.unlink, fullname, sys.exc_info())
[2025-05-02T21:47:25.177+0000] {spark_submit.py:644} INFO - File "/usr/local/lib/python3.10/shutil.py", line 679, in _rmtree_safe_fd
[2025-05-02T21:47:25.177+0000] {spark_submit.py:644} INFO - os.unlink(entry.name, dir_fd=topfd)
[2025-05-02T21:47:25.177+0000] {spark_submit.py:644} INFO - PermissionError: [Errno 13] Permission denied: '.part-00001-840efc6b-54b5-48a8-bdc8-4a0ae33cf081-c000.snappy.parquet.crc'
[2025-05-02T21:47:25.222+0000] {spark_submit.py:644} INFO - 25/05/02 21:47:25 INFO SparkContext: Invoking stop() from shutdown hook
[2025-05-02T21:47:25.234+0000] {spark_submit.py:644} INFO - 25/05/02 21:47:25 INFO SparkUI: Stopped Spark web UI at http://6ca5a7f6558e:4040
[2025-05-02T21:47:25.236+0000] {spark_submit.py:644} INFO - 25/05/02 21:47:25 INFO StandaloneSchedulerBackend: Shutting down all executors
[2025-05-02T21:47:25.237+0000] {spark_submit.py:644} INFO - 25/05/02 21:47:25 INFO CoarseGrainedSchedulerBackend$DriverEndpoint: Asking each executor to shut down
[2025-05-02T21:47:25.253+0000] {spark_submit.py:644} INFO - 25/05/02 21:47:25 INFO MapOutputTrackerMasterEndpoint: MapOutputTrackerMasterEndpoint stopped!
[2025-05-02T21:47:25.276+0000] {spark_submit.py:644} INFO - 25/05/02 21:47:25 INFO MemoryStore: MemoryStore cleared
[2025-05-02T21:47:25.277+0000] {spark_submit.py:644} INFO - 25/05/02 21:47:25 INFO BlockManager: BlockManager stopped
[2025-05-02T21:47:25.280+0000] {spark_submit.py:644} INFO - 25/05/02 21:47:25 INFO BlockManagerMaster: BlockManagerMaster stopped
[2025-05-02T21:47:25.283+0000] {spark_submit.py:644} INFO - 25/05/02 21:47:25 INFO OutputCommitCoordinator$OutputCommitCoordinatorEndpoint: OutputCommitCoordinator stopped!
[2025-05-02T21:47:25.294+0000] {spark_submit.py:644} INFO - 25/05/02 21:47:25 INFO SparkContext: Successfully stopped SparkContext
[2025-05-02T21:47:25.294+0000] {spark_submit.py:644} INFO - 25/05/02 21:47:25 INFO ShutdownHookManager: Shutdown hook called
[2025-05-02T21:47:25.295+0000] {spark_submit.py:644} INFO - 25/05/02 21:47:25 INFO ShutdownHookManager: Deleting directory /tmp/spark-c5d804dc-5be3-4e67-9374-bfc3dd145dc3
[2025-05-02T21:47:25.299+0000] {spark_submit.py:644} INFO - 25/05/02 21:47:25 INFO ShutdownHookManager: Deleting directory /tmp/spark-70e7fb28-b19a-4b85-95c6-959fdeadfd5e/pyspark-0e14a5ae-3bd3-4b59-914e-b97795ab897e
[2025-05-02T21:47:25.303+0000] {spark_submit.py:644} INFO - 25/05/02 21:47:25 INFO ShutdownHookManager: Deleting directory /tmp/spark-70e7fb28-b19a-4b85-95c6-959fdeadfd5e
[2025-05-02T21:47:25.347+0000] {taskinstance.py:441} INFO - ::group::Post task execution logs
[2025-05-02T21:47:25.381+0000] {taskinstance.py:2905} ERROR - Task failed with exception
Traceback (most recent call last):
  File "/home/airflow/.local/lib/python3.10/site-packages/airflow/models/taskinstance.py", line 465, in _execute_task
    result = _execute_callable(context=context, **execute_callable_kwargs)
  File "/home/airflow/.local/lib/python3.10/site-packages/airflow/models/taskinstance.py", line 432, in _execute_callable
    return execute_callable(context=context, **execute_callable_kwargs)
  File "/home/airflow/.local/lib/python3.10/site-packages/airflow/models/baseoperator.py", line 400, in wrapper
    return func(self, *args, **kwargs)
  File "/home/airflow/.local/lib/python3.10/site-packages/airflow/providers/apache/spark/operators/spark_submit.py", line 197, in execute
    self._hook.submit(self.application)
  File "/home/airflow/.local/lib/python3.10/site-packages/airflow/providers/apache/spark/hooks/spark_submit.py", line 566, in submit
    raise AirflowException(
airflow.exceptions.AirflowException: Cannot execute: spark-submit --master spark://spark-master:7077 --conf spark.master=spark://spark-master:7077 --name LandingToBronze --verbose --queue root.default --deploy-mode client /opt/airflow/dags/landing_to_bronze.py. Error code is: 1.
[2025-05-02T21:47:25.386+0000] {taskinstance.py:1206} INFO - Marking task as FAILED. dag_id=final_project_BBDL, task_id=LandingToBronze, run_id=manual__2025-05-02T21:47:08.712499+00:00, execution_date=20250502T214708, start_date=20250502T214710, end_date=20250502T214725
[2025-05-02T21:47:25.417+0000] {standard_task_runner.py:110} ERROR - Failed to execute job 34 for task LandingToBronze (Cannot execute: spark-submit --master spark://spark-master:7077 --conf spark.master=spark://spark-master:7077 --name LandingToBronze --verbose --queue root.default --deploy-mode client /opt/airflow/dags/landing_to_bronze.py. Error code is: 1.; 4486)
[2025-05-02T21:47:25.449+0000] {local_task_job_runner.py:240} INFO - Task exited with return code 1
[2025-05-02T21:47:25.491+0000] {taskinstance.py:3498} INFO - 0 downstream tasks scheduled from follow-on schedule check
[2025-05-02T21:47:25.516+0000] {local_task_job_runner.py:222} INFO - ::endgroup::
