[2025-05-08T09:21:49.509+0000] {taskinstance.py:1103} INFO - Dependencies all met for dep_context=non-requeueable deps ti=<TaskInstance: final_project_BBDL.BronzeToSilver manual__2025-05-08T09:21:23.867580+00:00 [queued]>
[2025-05-08T09:21:49.522+0000] {taskinstance.py:1103} INFO - Dependencies all met for dep_context=requeueable deps ti=<TaskInstance: final_project_BBDL.BronzeToSilver manual__2025-05-08T09:21:23.867580+00:00 [queued]>
[2025-05-08T09:21:49.523+0000] {taskinstance.py:1308} INFO - Starting attempt 1 of 1
[2025-05-08T09:21:49.564+0000] {taskinstance.py:1327} INFO - Executing <Task(SparkSubmitOperator): BronzeToSilver> on 2025-05-08 09:21:23.867580+00:00
[2025-05-08T09:21:49.567+0000] {standard_task_runner.py:57} INFO - Started process 469 to run task
[2025-05-08T09:21:49.570+0000] {standard_task_runner.py:84} INFO - Running: ['airflow', 'tasks', 'run', 'final_project_BBDL', 'BronzeToSilver', 'manual__2025-05-08T09:21:23.867580+00:00', '--job-id', '16', '--raw', '--subdir', 'DAGS_FOLDER/project_solution.py', '--cfg-path', '/tmp/tmp5j02y9be']
[2025-05-08T09:21:49.572+0000] {standard_task_runner.py:85} INFO - Job 16: Subtask BronzeToSilver
[2025-05-08T09:21:49.609+0000] {logging_mixin.py:150} WARNING - /home/airflow/.local/lib/python3.7/site-packages/airflow/settings.py:195 DeprecationWarning: The sql_alchemy_conn option in [core] has been moved to the sql_alchemy_conn option in [database] - the old setting has been used, but please update your config.
[2025-05-08T09:21:49.655+0000] {task_command.py:410} INFO - Running <TaskInstance: final_project_BBDL.BronzeToSilver manual__2025-05-08T09:21:23.867580+00:00 [running]> on host 8c439b56c25d
[2025-05-08T09:21:49.835+0000] {taskinstance.py:1547} INFO - Exporting env vars: AIRFLOW_CTX_DAG_OWNER='airflow' AIRFLOW_CTX_DAG_ID='final_project_BBDL' AIRFLOW_CTX_TASK_ID='BronzeToSilver' AIRFLOW_CTX_EXECUTION_DATE='2025-05-08T09:21:23.867580+00:00' AIRFLOW_CTX_TRY_NUMBER='1' AIRFLOW_CTX_DAG_RUN_ID='manual__2025-05-08T09:21:23.867580+00:00'
[2025-05-08T09:21:49.848+0000] {base.py:73} INFO - Using connection ID 'spark_default' for task execution.
[2025-05-08T09:21:49.851+0000] {spark_submit.py:339} INFO - Spark-Submit cmd: spark-submit --master spark://spark-master:7077 --conf spark.master=spark://spark-master:7077 --conf spark.submit.deployMode=client --conf spark.pyspark.python=/usr/bin/python3 --conf spark.executorEnv.PYSPARK_PYTHON=/usr/bin/python3 --name BronzeToSilver --verbose --queue root.default /opt/airflow/dags/bronze_to_silver.py
[2025-05-08T09:21:51.724+0000] {spark_submit.py:490} INFO - Using properties file: null
[2025-05-08T09:21:51.852+0000] {spark_submit.py:490} INFO - Parsed arguments:
[2025-05-08T09:21:51.853+0000] {spark_submit.py:490} INFO - master                  spark://spark-master:7077
[2025-05-08T09:21:51.853+0000] {spark_submit.py:490} INFO - deployMode              client
[2025-05-08T09:21:51.853+0000] {spark_submit.py:490} INFO - executorMemory          null
[2025-05-08T09:21:51.853+0000] {spark_submit.py:490} INFO - executorCores           null
[2025-05-08T09:21:51.853+0000] {spark_submit.py:490} INFO - totalExecutorCores      null
[2025-05-08T09:21:51.853+0000] {spark_submit.py:490} INFO - propertiesFile          null
[2025-05-08T09:21:51.853+0000] {spark_submit.py:490} INFO - driverMemory            null
[2025-05-08T09:21:51.853+0000] {spark_submit.py:490} INFO - driverCores             null
[2025-05-08T09:21:51.853+0000] {spark_submit.py:490} INFO - driverExtraClassPath    null
[2025-05-08T09:21:51.853+0000] {spark_submit.py:490} INFO - driverExtraLibraryPath  null
[2025-05-08T09:21:51.853+0000] {spark_submit.py:490} INFO - driverExtraJavaOptions  null
[2025-05-08T09:21:51.853+0000] {spark_submit.py:490} INFO - supervise               false
[2025-05-08T09:21:51.853+0000] {spark_submit.py:490} INFO - queue                   root.default
[2025-05-08T09:21:51.854+0000] {spark_submit.py:490} INFO - numExecutors            null
[2025-05-08T09:21:51.854+0000] {spark_submit.py:490} INFO - files                   null
[2025-05-08T09:21:51.854+0000] {spark_submit.py:490} INFO - pyFiles                 null
[2025-05-08T09:21:51.854+0000] {spark_submit.py:490} INFO - archives                null
[2025-05-08T09:21:51.854+0000] {spark_submit.py:490} INFO - mainClass               null
[2025-05-08T09:21:51.854+0000] {spark_submit.py:490} INFO - primaryResource         file:/opt/airflow/dags/bronze_to_silver.py
[2025-05-08T09:21:51.854+0000] {spark_submit.py:490} INFO - name                    BronzeToSilver
[2025-05-08T09:21:51.854+0000] {spark_submit.py:490} INFO - childArgs               []
[2025-05-08T09:21:51.854+0000] {spark_submit.py:490} INFO - jars                    null
[2025-05-08T09:21:51.854+0000] {spark_submit.py:490} INFO - packages                null
[2025-05-08T09:21:51.854+0000] {spark_submit.py:490} INFO - packagesExclusions      null
[2025-05-08T09:21:51.854+0000] {spark_submit.py:490} INFO - repositories            null
[2025-05-08T09:21:51.854+0000] {spark_submit.py:490} INFO - verbose                 true
[2025-05-08T09:21:51.854+0000] {spark_submit.py:490} INFO - 
[2025-05-08T09:21:51.854+0000] {spark_submit.py:490} INFO - Spark properties used, including those specified through
[2025-05-08T09:21:51.854+0000] {spark_submit.py:490} INFO - --conf and those from the properties file null:
[2025-05-08T09:21:51.855+0000] {spark_submit.py:490} INFO - (spark.executorEnv.PYSPARK_PYTHON,/usr/bin/python3)
[2025-05-08T09:21:51.855+0000] {spark_submit.py:490} INFO - (spark.master,spark://spark-master:7077)
[2025-05-08T09:21:51.855+0000] {spark_submit.py:490} INFO - (spark.pyspark.python,/usr/bin/python3)
[2025-05-08T09:21:51.855+0000] {spark_submit.py:490} INFO - (spark.submit.deployMode,client)
[2025-05-08T09:21:51.855+0000] {spark_submit.py:490} INFO - 
[2025-05-08T09:21:51.855+0000] {spark_submit.py:490} INFO - 
[2025-05-08T09:21:52.243+0000] {spark_submit.py:490} INFO - Main class:
[2025-05-08T09:21:52.243+0000] {spark_submit.py:490} INFO - org.apache.spark.deploy.PythonRunner
[2025-05-08T09:21:52.243+0000] {spark_submit.py:490} INFO - Arguments:
[2025-05-08T09:21:52.243+0000] {spark_submit.py:490} INFO - file:/opt/airflow/dags/bronze_to_silver.py
[2025-05-08T09:21:52.243+0000] {spark_submit.py:490} INFO - null
[2025-05-08T09:21:52.246+0000] {spark_submit.py:490} INFO - Spark config:
[2025-05-08T09:21:52.246+0000] {spark_submit.py:490} INFO - (spark.app.name,BronzeToSilver)
[2025-05-08T09:21:52.247+0000] {spark_submit.py:490} INFO - (spark.app.submitTime,1746696112221)
[2025-05-08T09:21:52.247+0000] {spark_submit.py:490} INFO - (spark.executorEnv.PYSPARK_PYTHON,/usr/bin/python3)
[2025-05-08T09:21:52.247+0000] {spark_submit.py:490} INFO - (spark.master,spark://spark-master:7077)
[2025-05-08T09:21:52.247+0000] {spark_submit.py:490} INFO - (spark.pyspark.python,/usr/bin/python3)
[2025-05-08T09:21:52.247+0000] {spark_submit.py:490} INFO - (spark.submit.deployMode,client)
[2025-05-08T09:21:52.247+0000] {spark_submit.py:490} INFO - (spark.submit.pyFiles,)
[2025-05-08T09:21:52.247+0000] {spark_submit.py:490} INFO - Classpath elements:
[2025-05-08T09:21:52.247+0000] {spark_submit.py:490} INFO - 
[2025-05-08T09:21:52.247+0000] {spark_submit.py:490} INFO - 
[2025-05-08T09:21:52.247+0000] {spark_submit.py:490} INFO - 
[2025-05-08T09:21:52.803+0000] {spark_submit.py:490} INFO - 25/05/08 09:21:52 INFO SparkContext: Running Spark version 3.3.0
[2025-05-08T09:21:52.878+0000] {spark_submit.py:490} INFO - 25/05/08 09:21:52 WARN NativeCodeLoader: Unable to load native-hadoop library for your platform... using builtin-java classes where applicable
[2025-05-08T09:21:52.972+0000] {spark_submit.py:490} INFO - 25/05/08 09:21:52 INFO ResourceUtils: ==============================================================
[2025-05-08T09:21:52.973+0000] {spark_submit.py:490} INFO - 25/05/08 09:21:52 INFO ResourceUtils: No custom resources configured for spark.driver.
[2025-05-08T09:21:52.974+0000] {spark_submit.py:490} INFO - 25/05/08 09:21:52 INFO ResourceUtils: ==============================================================
[2025-05-08T09:21:52.974+0000] {spark_submit.py:490} INFO - 25/05/08 09:21:52 INFO SparkContext: Submitted application: Bronze to Silver ETL
[2025-05-08T09:21:53.000+0000] {spark_submit.py:490} INFO - 25/05/08 09:21:52 INFO ResourceProfile: Default ResourceProfile created, executor resources: Map(cores -> name: cores, amount: 1, script: , vendor: , memory -> name: memory, amount: 1024, script: , vendor: , offHeap -> name: offHeap, amount: 0, script: , vendor: ), task resources: Map(cpus -> name: cpus, amount: 1.0)
[2025-05-08T09:21:53.013+0000] {spark_submit.py:490} INFO - 25/05/08 09:21:53 INFO ResourceProfile: Limiting resource is cpu
[2025-05-08T09:21:53.015+0000] {spark_submit.py:490} INFO - 25/05/08 09:21:53 INFO ResourceProfileManager: Added ResourceProfile id: 0
[2025-05-08T09:21:53.075+0000] {spark_submit.py:490} INFO - 25/05/08 09:21:53 INFO SecurityManager: Changing view acls to: root
[2025-05-08T09:21:53.077+0000] {spark_submit.py:490} INFO - 25/05/08 09:21:53 INFO SecurityManager: Changing modify acls to: root
[2025-05-08T09:21:53.078+0000] {spark_submit.py:490} INFO - 25/05/08 09:21:53 INFO SecurityManager: Changing view acls groups to:
[2025-05-08T09:21:53.079+0000] {spark_submit.py:490} INFO - 25/05/08 09:21:53 INFO SecurityManager: Changing modify acls groups to:
[2025-05-08T09:21:53.080+0000] {spark_submit.py:490} INFO - 25/05/08 09:21:53 INFO SecurityManager: SecurityManager: authentication disabled; ui acls disabled; users  with view permissions: Set(root); groups with view permissions: Set(); users  with modify permissions: Set(root); groups with modify permissions: Set()
[2025-05-08T09:21:53.361+0000] {spark_submit.py:490} INFO - 25/05/08 09:21:53 INFO Utils: Successfully started service 'sparkDriver' on port 44303.
[2025-05-08T09:21:53.390+0000] {spark_submit.py:490} INFO - 25/05/08 09:21:53 INFO SparkEnv: Registering MapOutputTracker
[2025-05-08T09:21:53.422+0000] {spark_submit.py:490} INFO - 25/05/08 09:21:53 INFO SparkEnv: Registering BlockManagerMaster
[2025-05-08T09:21:53.442+0000] {spark_submit.py:490} INFO - 25/05/08 09:21:53 INFO BlockManagerMasterEndpoint: Using org.apache.spark.storage.DefaultTopologyMapper for getting topology information
[2025-05-08T09:21:53.443+0000] {spark_submit.py:490} INFO - 25/05/08 09:21:53 INFO BlockManagerMasterEndpoint: BlockManagerMasterEndpoint up
[2025-05-08T09:21:53.448+0000] {spark_submit.py:490} INFO - 25/05/08 09:21:53 INFO SparkEnv: Registering BlockManagerMasterHeartbeat
[2025-05-08T09:21:53.475+0000] {spark_submit.py:490} INFO - 25/05/08 09:21:53 INFO DiskBlockManager: Created local directory at /tmp/blockmgr-5d8a73a1-3f3e-4883-a2dd-365a0c4d5cbb
[2025-05-08T09:21:53.496+0000] {spark_submit.py:490} INFO - 25/05/08 09:21:53 INFO MemoryStore: MemoryStore started with capacity 434.4 MiB
[2025-05-08T09:21:53.512+0000] {spark_submit.py:490} INFO - 25/05/08 09:21:53 INFO SparkEnv: Registering OutputCommitCoordinator
[2025-05-08T09:21:53.730+0000] {spark_submit.py:490} INFO - 25/05/08 09:21:53 INFO Utils: Successfully started service 'SparkUI' on port 4040.
[2025-05-08T09:21:53.849+0000] {spark_submit.py:490} INFO - 25/05/08 09:21:53 INFO StandaloneAppClient$ClientEndpoint: Connecting to master spark://spark-master:7077...
[2025-05-08T09:21:53.895+0000] {spark_submit.py:490} INFO - 25/05/08 09:21:53 INFO TransportClientFactory: Successfully created connection to spark-master/172.18.0.3:7077 after 26 ms (0 ms spent in bootstraps)
[2025-05-08T09:21:53.988+0000] {spark_submit.py:490} INFO - 25/05/08 09:21:53 INFO StandaloneSchedulerBackend: Connected to Spark cluster with app ID app-20250508092153-0001
[2025-05-08T09:21:53.991+0000] {spark_submit.py:490} INFO - 25/05/08 09:21:53 INFO StandaloneAppClient$ClientEndpoint: Executor added: app-20250508092153-0001/0 on worker-20250508091956-172.18.0.7-36165 (172.18.0.7:36165) with 2 core(s)
[2025-05-08T09:21:53.994+0000] {spark_submit.py:490} INFO - 25/05/08 09:21:53 INFO StandaloneSchedulerBackend: Granted executor ID app-20250508092153-0001/0 on hostPort 172.18.0.7:36165 with 2 core(s), 1024.0 MiB RAM
[2025-05-08T09:21:54.000+0000] {spark_submit.py:490} INFO - 25/05/08 09:21:54 INFO Utils: Successfully started service 'org.apache.spark.network.netty.NettyBlockTransferService' on port 32771.
[2025-05-08T09:21:54.001+0000] {spark_submit.py:490} INFO - 25/05/08 09:21:54 INFO NettyBlockTransferService: Server created on 8c439b56c25d:32771
[2025-05-08T09:21:54.003+0000] {spark_submit.py:490} INFO - 25/05/08 09:21:54 INFO BlockManager: Using org.apache.spark.storage.RandomBlockReplicationPolicy for block replication policy
[2025-05-08T09:21:54.014+0000] {spark_submit.py:490} INFO - 25/05/08 09:21:54 INFO BlockManagerMaster: Registering BlockManager BlockManagerId(driver, 8c439b56c25d, 32771, None)
[2025-05-08T09:21:54.018+0000] {spark_submit.py:490} INFO - 25/05/08 09:21:54 INFO BlockManagerMasterEndpoint: Registering block manager 8c439b56c25d:32771 with 434.4 MiB RAM, BlockManagerId(driver, 8c439b56c25d, 32771, None)
[2025-05-08T09:21:54.021+0000] {spark_submit.py:490} INFO - 25/05/08 09:21:54 INFO BlockManagerMaster: Registered BlockManager BlockManagerId(driver, 8c439b56c25d, 32771, None)
[2025-05-08T09:21:54.022+0000] {spark_submit.py:490} INFO - 25/05/08 09:21:54 INFO BlockManager: Initialized BlockManager: BlockManagerId(driver, 8c439b56c25d, 32771, None)
[2025-05-08T09:21:54.041+0000] {spark_submit.py:490} INFO - 25/05/08 09:21:54 INFO StandaloneAppClient$ClientEndpoint: Executor updated: app-20250508092153-0001/0 is now RUNNING
[2025-05-08T09:21:54.234+0000] {spark_submit.py:490} INFO - 25/05/08 09:21:54 INFO StandaloneSchedulerBackend: SchedulerBackend is ready for scheduling beginning after reached minRegisteredResourcesRatio: 0.0
[2025-05-08T09:21:54.407+0000] {spark_submit.py:490} INFO - 🔍 Читання з: /tmp/spark_data/bronze/athlete_event_results/20250508_*
[2025-05-08T09:21:54.471+0000] {spark_submit.py:490} INFO - 25/05/08 09:21:54 INFO SharedState: Setting hive.metastore.warehouse.dir ('null') to the value of spark.sql.warehouse.dir.
[2025-05-08T09:21:54.480+0000] {spark_submit.py:490} INFO - 25/05/08 09:21:54 INFO SharedState: Warehouse path is 'file:/opt/airflow/spark-warehouse'.
[2025-05-08T09:21:55.641+0000] {spark_submit.py:490} INFO - 25/05/08 09:21:55 INFO InMemoryFileIndex: It took 78 ms to list leaf files for 1 paths.
[2025-05-08T09:21:56.228+0000] {spark_submit.py:490} INFO - 25/05/08 09:21:56 INFO SparkContext: Starting job: load at NativeMethodAccessorImpl.java:0
[2025-05-08T09:21:56.249+0000] {spark_submit.py:490} INFO - 25/05/08 09:21:56 INFO DAGScheduler: Got job 0 (load at NativeMethodAccessorImpl.java:0) with 1 output partitions
[2025-05-08T09:21:56.249+0000] {spark_submit.py:490} INFO - 25/05/08 09:21:56 INFO DAGScheduler: Final stage: ResultStage 0 (load at NativeMethodAccessorImpl.java:0)
[2025-05-08T09:21:56.250+0000] {spark_submit.py:490} INFO - 25/05/08 09:21:56 INFO DAGScheduler: Parents of final stage: List()
[2025-05-08T09:21:56.251+0000] {spark_submit.py:490} INFO - 25/05/08 09:21:56 INFO DAGScheduler: Missing parents: List()
[2025-05-08T09:21:56.256+0000] {spark_submit.py:490} INFO - 25/05/08 09:21:56 INFO DAGScheduler: Submitting ResultStage 0 (MapPartitionsRDD[1] at load at NativeMethodAccessorImpl.java:0), which has no missing parents
[2025-05-08T09:21:56.321+0000] {spark_submit.py:490} INFO - 25/05/08 09:21:56 INFO MemoryStore: Block broadcast_0 stored as values in memory (estimated size 102.8 KiB, free 434.3 MiB)
[2025-05-08T09:21:56.360+0000] {spark_submit.py:490} INFO - 25/05/08 09:21:56 INFO MemoryStore: Block broadcast_0_piece0 stored as bytes in memory (estimated size 36.9 KiB, free 434.3 MiB)
[2025-05-08T09:21:56.363+0000] {spark_submit.py:490} INFO - 25/05/08 09:21:56 INFO BlockManagerInfo: Added broadcast_0_piece0 in memory on 8c439b56c25d:32771 (size: 36.9 KiB, free: 434.4 MiB)
[2025-05-08T09:21:56.368+0000] {spark_submit.py:490} INFO - 25/05/08 09:21:56 INFO SparkContext: Created broadcast 0 from broadcast at DAGScheduler.scala:1513
[2025-05-08T09:21:56.385+0000] {spark_submit.py:490} INFO - 25/05/08 09:21:56 INFO DAGScheduler: Submitting 1 missing tasks from ResultStage 0 (MapPartitionsRDD[1] at load at NativeMethodAccessorImpl.java:0) (first 15 tasks are for partitions Vector(0))
[2025-05-08T09:21:56.386+0000] {spark_submit.py:490} INFO - 25/05/08 09:21:56 INFO TaskSchedulerImpl: Adding task set 0.0 with 1 tasks resource profile 0
[2025-05-08T09:21:57.228+0000] {spark_submit.py:490} INFO - 25/05/08 09:21:57 INFO CoarseGrainedSchedulerBackend$DriverEndpoint: Registered executor NettyRpcEndpointRef(spark-client://Executor) (172.18.0.7:49276) with ID 0,  ResourceProfileId 0
[2025-05-08T09:21:57.312+0000] {spark_submit.py:490} INFO - 25/05/08 09:21:57 INFO BlockManagerMasterEndpoint: Registering block manager 172.18.0.7:37441 with 366.3 MiB RAM, BlockManagerId(0, 172.18.0.7, 37441, None)
[2025-05-08T09:21:57.380+0000] {spark_submit.py:490} INFO - 25/05/08 09:21:57 INFO TaskSetManager: Starting task 0.0 in stage 0.0 (TID 0) (172.18.0.7, executor 0, partition 0, PROCESS_LOCAL, 4685 bytes) taskResourceAssignments Map()
[2025-05-08T09:21:57.630+0000] {spark_submit.py:490} INFO - 25/05/08 09:21:57 INFO BlockManagerInfo: Added broadcast_0_piece0 in memory on 172.18.0.7:37441 (size: 36.9 KiB, free: 366.3 MiB)
[2025-05-08T09:21:58.611+0000] {spark_submit.py:490} INFO - 25/05/08 09:21:58 INFO TaskSetManager: Finished task 0.0 in stage 0.0 (TID 0) in 1244 ms on 172.18.0.7 (executor 0) (1/1)
[2025-05-08T09:21:58.613+0000] {spark_submit.py:490} INFO - 25/05/08 09:21:58 INFO TaskSchedulerImpl: Removed TaskSet 0.0, whose tasks have all completed, from pool
[2025-05-08T09:21:58.618+0000] {spark_submit.py:490} INFO - 25/05/08 09:21:58 INFO DAGScheduler: ResultStage 0 (load at NativeMethodAccessorImpl.java:0) finished in 2.347 s
[2025-05-08T09:21:58.621+0000] {spark_submit.py:490} INFO - 25/05/08 09:21:58 INFO DAGScheduler: Job 0 is finished. Cancelling potential speculative or zombie tasks for this job
[2025-05-08T09:21:58.622+0000] {spark_submit.py:490} INFO - 25/05/08 09:21:58 INFO TaskSchedulerImpl: Killing all running tasks in stage 0: Stage finished
[2025-05-08T09:21:58.623+0000] {spark_submit.py:490} INFO - 25/05/08 09:21:58 INFO DAGScheduler: Job 0 finished: load at NativeMethodAccessorImpl.java:0, took 2.395024 s
[2025-05-08T09:21:58.981+0000] {spark_submit.py:490} INFO - 25/05/08 09:21:58 INFO BlockManagerInfo: Removed broadcast_0_piece0 on 8c439b56c25d:32771 in memory (size: 36.9 KiB, free: 434.4 MiB)
[2025-05-08T09:21:58.991+0000] {spark_submit.py:490} INFO - 25/05/08 09:21:58 INFO BlockManagerInfo: Removed broadcast_0_piece0 on 172.18.0.7:37441 in memory (size: 36.9 KiB, free: 366.3 MiB)
[2025-05-08T09:22:00.154+0000] {spark_submit.py:490} INFO - 📑 Схема початкового датафрейму:
[2025-05-08T09:22:00.174+0000] {spark_submit.py:490} INFO - root
[2025-05-08T09:22:00.175+0000] {spark_submit.py:490} INFO - |-- edition: string (nullable = true)
[2025-05-08T09:22:00.175+0000] {spark_submit.py:490} INFO - |-- edition_id: string (nullable = true)
[2025-05-08T09:22:00.175+0000] {spark_submit.py:490} INFO - |-- country_noc: string (nullable = true)
[2025-05-08T09:22:00.175+0000] {spark_submit.py:490} INFO - |-- sport: string (nullable = true)
[2025-05-08T09:22:00.175+0000] {spark_submit.py:490} INFO - |-- event: string (nullable = true)
[2025-05-08T09:22:00.175+0000] {spark_submit.py:490} INFO - |-- result_id: string (nullable = true)
[2025-05-08T09:22:00.176+0000] {spark_submit.py:490} INFO - |-- athlete: string (nullable = true)
[2025-05-08T09:22:00.176+0000] {spark_submit.py:490} INFO - |-- athlete_id: string (nullable = true)
[2025-05-08T09:22:00.176+0000] {spark_submit.py:490} INFO - |-- pos: string (nullable = true)
[2025-05-08T09:22:00.176+0000] {spark_submit.py:490} INFO - |-- medal: string (nullable = true)
[2025-05-08T09:22:00.176+0000] {spark_submit.py:490} INFO - |-- isTeamSport: string (nullable = true)
[2025-05-08T09:22:00.176+0000] {spark_submit.py:490} INFO - 
[2025-05-08T09:22:00.176+0000] {spark_submit.py:490} INFO - 🔎 Перші 5 рядків з Bronze:
[2025-05-08T09:22:00.581+0000] {spark_submit.py:490} INFO - 25/05/08 09:22:00 INFO FileSourceStrategy: Pushed Filters:
[2025-05-08T09:22:00.582+0000] {spark_submit.py:490} INFO - 25/05/08 09:22:00 INFO FileSourceStrategy: Post-Scan Filters:
[2025-05-08T09:22:00.585+0000] {spark_submit.py:490} INFO - 25/05/08 09:22:00 INFO FileSourceStrategy: Output Data Schema: struct<edition: string, edition_id: string, country_noc: string, sport: string, event: string ... 9 more fields>
[2025-05-08T09:22:00.911+0000] {spark_submit.py:490} INFO - 25/05/08 09:22:00 INFO CodeGenerator: Code generated in 172.996439 ms
[2025-05-08T09:22:00.953+0000] {spark_submit.py:490} INFO - 25/05/08 09:22:00 INFO MemoryStore: Block broadcast_1 stored as values in memory (estimated size 202.0 KiB, free 434.2 MiB)
[2025-05-08T09:22:00.967+0000] {spark_submit.py:490} INFO - 25/05/08 09:22:00 INFO MemoryStore: Block broadcast_1_piece0 stored as bytes in memory (estimated size 34.8 KiB, free 434.2 MiB)
[2025-05-08T09:22:00.968+0000] {spark_submit.py:490} INFO - 25/05/08 09:22:00 INFO BlockManagerInfo: Added broadcast_1_piece0 in memory on 8c439b56c25d:32771 (size: 34.8 KiB, free: 434.4 MiB)
[2025-05-08T09:22:00.969+0000] {spark_submit.py:490} INFO - 25/05/08 09:22:00 INFO SparkContext: Created broadcast 1 from showString at NativeMethodAccessorImpl.java:0
[2025-05-08T09:22:00.980+0000] {spark_submit.py:490} INFO - 25/05/08 09:22:00 INFO FileSourceScanExec: Planning scan with bin packing, max size: 6795002 bytes, open cost is considered as scanning 4194304 bytes.
[2025-05-08T09:22:01.025+0000] {spark_submit.py:490} INFO - 25/05/08 09:22:01 INFO SparkContext: Starting job: showString at NativeMethodAccessorImpl.java:0
[2025-05-08T09:22:01.026+0000] {spark_submit.py:490} INFO - 25/05/08 09:22:01 INFO DAGScheduler: Got job 1 (showString at NativeMethodAccessorImpl.java:0) with 1 output partitions
[2025-05-08T09:22:01.026+0000] {spark_submit.py:490} INFO - 25/05/08 09:22:01 INFO DAGScheduler: Final stage: ResultStage 1 (showString at NativeMethodAccessorImpl.java:0)
[2025-05-08T09:22:01.027+0000] {spark_submit.py:490} INFO - 25/05/08 09:22:01 INFO DAGScheduler: Parents of final stage: List()
[2025-05-08T09:22:01.027+0000] {spark_submit.py:490} INFO - 25/05/08 09:22:01 INFO DAGScheduler: Missing parents: List()
[2025-05-08T09:22:01.029+0000] {spark_submit.py:490} INFO - 25/05/08 09:22:01 INFO DAGScheduler: Submitting ResultStage 1 (MapPartitionsRDD[5] at showString at NativeMethodAccessorImpl.java:0), which has no missing parents
[2025-05-08T09:22:01.058+0000] {spark_submit.py:490} INFO - 25/05/08 09:22:01 INFO MemoryStore: Block broadcast_2 stored as values in memory (estimated size 18.4 KiB, free 434.2 MiB)
[2025-05-08T09:22:01.063+0000] {spark_submit.py:490} INFO - 25/05/08 09:22:01 INFO MemoryStore: Block broadcast_2_piece0 stored as bytes in memory (estimated size 6.6 KiB, free 434.1 MiB)
[2025-05-08T09:22:01.065+0000] {spark_submit.py:490} INFO - 25/05/08 09:22:01 INFO BlockManagerInfo: Added broadcast_2_piece0 in memory on 8c439b56c25d:32771 (size: 6.6 KiB, free: 434.4 MiB)
[2025-05-08T09:22:01.066+0000] {spark_submit.py:490} INFO - 25/05/08 09:22:01 INFO SparkContext: Created broadcast 2 from broadcast at DAGScheduler.scala:1513
[2025-05-08T09:22:01.067+0000] {spark_submit.py:490} INFO - 25/05/08 09:22:01 INFO DAGScheduler: Submitting 1 missing tasks from ResultStage 1 (MapPartitionsRDD[5] at showString at NativeMethodAccessorImpl.java:0) (first 15 tasks are for partitions Vector(0))
[2025-05-08T09:22:01.067+0000] {spark_submit.py:490} INFO - 25/05/08 09:22:01 INFO TaskSchedulerImpl: Adding task set 1.0 with 1 tasks resource profile 0
[2025-05-08T09:22:01.071+0000] {spark_submit.py:490} INFO - 25/05/08 09:22:01 INFO TaskSetManager: Starting task 0.0 in stage 1.0 (TID 1) (172.18.0.7, executor 0, partition 0, PROCESS_LOCAL, 5010 bytes) taskResourceAssignments Map()
[2025-05-08T09:22:01.110+0000] {spark_submit.py:490} INFO - 25/05/08 09:22:01 INFO BlockManagerInfo: Added broadcast_2_piece0 in memory on 172.18.0.7:37441 (size: 6.6 KiB, free: 366.3 MiB)
[2025-05-08T09:22:01.779+0000] {spark_submit.py:490} INFO - 25/05/08 09:22:01 INFO BlockManagerInfo: Added broadcast_1_piece0 in memory on 172.18.0.7:37441 (size: 34.8 KiB, free: 366.3 MiB)
[2025-05-08T09:22:02.256+0000] {spark_submit.py:490} INFO - 25/05/08 09:22:02 INFO TaskSetManager: Finished task 0.0 in stage 1.0 (TID 1) in 1187 ms on 172.18.0.7 (executor 0) (1/1)
[2025-05-08T09:22:02.256+0000] {spark_submit.py:490} INFO - 25/05/08 09:22:02 INFO TaskSchedulerImpl: Removed TaskSet 1.0, whose tasks have all completed, from pool
[2025-05-08T09:22:02.257+0000] {spark_submit.py:490} INFO - 25/05/08 09:22:02 INFO DAGScheduler: ResultStage 1 (showString at NativeMethodAccessorImpl.java:0) finished in 1.224 s
[2025-05-08T09:22:02.257+0000] {spark_submit.py:490} INFO - 25/05/08 09:22:02 INFO DAGScheduler: Job 1 is finished. Cancelling potential speculative or zombie tasks for this job
[2025-05-08T09:22:02.257+0000] {spark_submit.py:490} INFO - 25/05/08 09:22:02 INFO TaskSchedulerImpl: Killing all running tasks in stage 1: Stage finished
[2025-05-08T09:22:02.258+0000] {spark_submit.py:490} INFO - 25/05/08 09:22:02 INFO DAGScheduler: Job 1 finished: showString at NativeMethodAccessorImpl.java:0, took 1.232767 s
[2025-05-08T09:22:02.309+0000] {spark_submit.py:490} INFO - 25/05/08 09:22:02 INFO CodeGenerator: Code generated in 25.9447 ms
[2025-05-08T09:22:02.323+0000] {spark_submit.py:490} INFO - +--------------------+----------+-----------+---------+---------------+---------+---------------+----------+---------+-----+-----------+
[2025-05-08T09:22:02.323+0000] {spark_submit.py:490} INFO - |edition             |edition_id|country_noc|sport    |event          |result_id|athlete        |athlete_id|pos      |medal|isTeamSport|
[2025-05-08T09:22:02.323+0000] {spark_submit.py:490} INFO - +--------------------+----------+-----------+---------+---------------+---------+---------------+----------+---------+-----+-----------+
[2025-05-08T09:22:02.323+0000] {spark_submit.py:490} INFO - |1908 Summer Olympics|5         |ANZ        |Athletics|100 metres, Men|56265    |Ernest Hutcheon|64710     |DNS      |null |False      |
[2025-05-08T09:22:02.323+0000] {spark_submit.py:490} INFO - |1908 Summer Olympics|5         |ANZ        |Athletics|400 metres, Men|56313    |Henry Murray   |64756     |DNS      |null |False      |
[2025-05-08T09:22:02.324+0000] {spark_submit.py:490} INFO - |1908 Summer Olympics|5         |ANZ        |Athletics|800 metres, Men|56338    |Harvey Sutton  |64808     |3 h8 r1/2|null |False      |
[2025-05-08T09:22:02.324+0000] {spark_submit.py:490} INFO - |1908 Summer Olympics|5         |ANZ        |Athletics|800 metres, Men|56338    |Guy Haskins    |922519    |DNS      |null |False      |
[2025-05-08T09:22:02.324+0000] {spark_submit.py:490} INFO - |1908 Summer Olympics|5         |ANZ        |Athletics|800 metres, Men|56338    |Joseph Lynch   |64735     |DNS      |null |False      |
[2025-05-08T09:22:02.324+0000] {spark_submit.py:490} INFO - +--------------------+----------+-----------+---------+---------------+---------+---------------+----------+---------+-----+-----------+
[2025-05-08T09:22:02.324+0000] {spark_submit.py:490} INFO - only showing top 5 rows
[2025-05-08T09:22:02.324+0000] {spark_submit.py:490} INFO - 
[2025-05-08T09:22:02.324+0000] {spark_submit.py:490} INFO - 🧼 Чищення датафрейму...
[2025-05-08T09:22:02.689+0000] {spark_submit.py:490} INFO - 📑 Схема очищеного датафрейму:
[2025-05-08T09:22:02.689+0000] {spark_submit.py:490} INFO - root
[2025-05-08T09:22:02.690+0000] {spark_submit.py:490} INFO - |-- edition: string (nullable = true)
[2025-05-08T09:22:02.690+0000] {spark_submit.py:490} INFO - |-- edition_id: string (nullable = true)
[2025-05-08T09:22:02.690+0000] {spark_submit.py:490} INFO - |-- country_noc: string (nullable = true)
[2025-05-08T09:22:02.690+0000] {spark_submit.py:490} INFO - |-- sport: string (nullable = true)
[2025-05-08T09:22:02.690+0000] {spark_submit.py:490} INFO - |-- event: string (nullable = true)
[2025-05-08T09:22:02.690+0000] {spark_submit.py:490} INFO - |-- result_id: string (nullable = true)
[2025-05-08T09:22:02.690+0000] {spark_submit.py:490} INFO - |-- athlete: string (nullable = true)
[2025-05-08T09:22:02.690+0000] {spark_submit.py:490} INFO - |-- athlete_id: string (nullable = true)
[2025-05-08T09:22:02.690+0000] {spark_submit.py:490} INFO - |-- pos: string (nullable = true)
[2025-05-08T09:22:02.690+0000] {spark_submit.py:490} INFO - |-- medal: string (nullable = true)
[2025-05-08T09:22:02.690+0000] {spark_submit.py:490} INFO - |-- isTeamSport: string (nullable = true)
[2025-05-08T09:22:02.690+0000] {spark_submit.py:490} INFO - 
[2025-05-08T09:22:02.691+0000] {spark_submit.py:490} INFO - 🔎 Перші 10 рядків після очищення:
[2025-05-08T09:22:02.767+0000] {spark_submit.py:490} INFO - 25/05/08 09:22:02 INFO FileSourceStrategy: Pushed Filters:
[2025-05-08T09:22:02.768+0000] {spark_submit.py:490} INFO - 25/05/08 09:22:02 INFO FileSourceStrategy: Post-Scan Filters:
[2025-05-08T09:22:02.768+0000] {spark_submit.py:490} INFO - 25/05/08 09:22:02 INFO FileSourceStrategy: Output Data Schema: struct<edition: string, edition_id: string, country_noc: string, sport: string, event: string ... 9 more fields>
[2025-05-08T09:22:02.835+0000] {spark_submit.py:490} INFO - 25/05/08 09:22:02 INFO CodeGenerator: Code generated in 22.52646 ms
[2025-05-08T09:22:02.846+0000] {spark_submit.py:490} INFO - 25/05/08 09:22:02 INFO MemoryStore: Block broadcast_3 stored as values in memory (estimated size 202.0 KiB, free 433.9 MiB)
[2025-05-08T09:22:02.857+0000] {spark_submit.py:490} INFO - 25/05/08 09:22:02 INFO MemoryStore: Block broadcast_3_piece0 stored as bytes in memory (estimated size 34.8 KiB, free 433.9 MiB)
[2025-05-08T09:22:02.857+0000] {spark_submit.py:490} INFO - 25/05/08 09:22:02 INFO BlockManagerInfo: Added broadcast_3_piece0 in memory on 8c439b56c25d:32771 (size: 34.8 KiB, free: 434.3 MiB)
[2025-05-08T09:22:02.859+0000] {spark_submit.py:490} INFO - 25/05/08 09:22:02 INFO SparkContext: Created broadcast 3 from showString at NativeMethodAccessorImpl.java:0
[2025-05-08T09:22:02.860+0000] {spark_submit.py:490} INFO - 25/05/08 09:22:02 INFO FileSourceScanExec: Planning scan with bin packing, max size: 6795002 bytes, open cost is considered as scanning 4194304 bytes.
[2025-05-08T09:22:02.917+0000] {spark_submit.py:490} INFO - 25/05/08 09:22:02 INFO SparkContext: Starting job: showString at NativeMethodAccessorImpl.java:0
[2025-05-08T09:22:02.918+0000] {spark_submit.py:490} INFO - 25/05/08 09:22:02 INFO DAGScheduler: Got job 2 (showString at NativeMethodAccessorImpl.java:0) with 1 output partitions
[2025-05-08T09:22:02.919+0000] {spark_submit.py:490} INFO - 25/05/08 09:22:02 INFO DAGScheduler: Final stage: ResultStage 2 (showString at NativeMethodAccessorImpl.java:0)
[2025-05-08T09:22:02.919+0000] {spark_submit.py:490} INFO - 25/05/08 09:22:02 INFO DAGScheduler: Parents of final stage: List()
[2025-05-08T09:22:02.919+0000] {spark_submit.py:490} INFO - 25/05/08 09:22:02 INFO DAGScheduler: Missing parents: List()
[2025-05-08T09:22:02.920+0000] {spark_submit.py:490} INFO - 25/05/08 09:22:02 INFO DAGScheduler: Submitting ResultStage 2 (MapPartitionsRDD[12] at showString at NativeMethodAccessorImpl.java:0), which has no missing parents
[2025-05-08T09:22:02.930+0000] {spark_submit.py:490} INFO - 25/05/08 09:22:02 INFO MemoryStore: Block broadcast_4 stored as values in memory (estimated size 48.0 KiB, free 433.9 MiB)
[2025-05-08T09:22:02.935+0000] {spark_submit.py:490} INFO - 25/05/08 09:22:02 INFO MemoryStore: Block broadcast_4_piece0 stored as bytes in memory (estimated size 16.0 KiB, free 433.9 MiB)
[2025-05-08T09:22:02.937+0000] {spark_submit.py:490} INFO - 25/05/08 09:22:02 INFO BlockManagerInfo: Added broadcast_4_piece0 in memory on 8c439b56c25d:32771 (size: 16.0 KiB, free: 434.3 MiB)
[2025-05-08T09:22:02.938+0000] {spark_submit.py:490} INFO - 25/05/08 09:22:02 INFO SparkContext: Created broadcast 4 from broadcast at DAGScheduler.scala:1513
[2025-05-08T09:22:02.939+0000] {spark_submit.py:490} INFO - 25/05/08 09:22:02 INFO DAGScheduler: Submitting 1 missing tasks from ResultStage 2 (MapPartitionsRDD[12] at showString at NativeMethodAccessorImpl.java:0) (first 15 tasks are for partitions Vector(0))
[2025-05-08T09:22:02.939+0000] {spark_submit.py:490} INFO - 25/05/08 09:22:02 INFO TaskSchedulerImpl: Adding task set 2.0 with 1 tasks resource profile 0
[2025-05-08T09:22:02.940+0000] {spark_submit.py:490} INFO - 25/05/08 09:22:02 INFO TaskSetManager: Starting task 0.0 in stage 2.0 (TID 2) (172.18.0.7, executor 0, partition 0, PROCESS_LOCAL, 5010 bytes) taskResourceAssignments Map()
[2025-05-08T09:22:02.960+0000] {spark_submit.py:490} INFO - 25/05/08 09:22:02 INFO BlockManagerInfo: Added broadcast_4_piece0 in memory on 172.18.0.7:37441 (size: 16.0 KiB, free: 366.2 MiB)
[2025-05-08T09:22:03.772+0000] {spark_submit.py:490} INFO - 25/05/08 09:22:03 INFO BlockManagerInfo: Added broadcast_3_piece0 in memory on 172.18.0.7:37441 (size: 34.8 KiB, free: 366.2 MiB)
[2025-05-08T09:22:03.910+0000] {spark_submit.py:490} INFO - 25/05/08 09:22:03 INFO TaskSetManager: Finished task 0.0 in stage 2.0 (TID 2) in 970 ms on 172.18.0.7 (executor 0) (1/1)
[2025-05-08T09:22:03.911+0000] {spark_submit.py:490} INFO - 25/05/08 09:22:03 INFO TaskSchedulerImpl: Removed TaskSet 2.0, whose tasks have all completed, from pool
[2025-05-08T09:22:03.914+0000] {spark_submit.py:490} INFO - 25/05/08 09:22:03 INFO PythonAccumulatorV2: Connected to AccumulatorServer at host: 127.0.0.1 port: 40945
[2025-05-08T09:22:03.915+0000] {spark_submit.py:490} INFO - 25/05/08 09:22:03 INFO DAGScheduler: ResultStage 2 (showString at NativeMethodAccessorImpl.java:0) finished in 0.994 s
[2025-05-08T09:22:03.916+0000] {spark_submit.py:490} INFO - 25/05/08 09:22:03 INFO DAGScheduler: Job 2 is finished. Cancelling potential speculative or zombie tasks for this job
[2025-05-08T09:22:03.916+0000] {spark_submit.py:490} INFO - 25/05/08 09:22:03 INFO TaskSchedulerImpl: Killing all running tasks in stage 2: Stage finished
[2025-05-08T09:22:03.916+0000] {spark_submit.py:490} INFO - 25/05/08 09:22:03 INFO DAGScheduler: Job 2 finished: showString at NativeMethodAccessorImpl.java:0, took 0.999440 s
[2025-05-08T09:22:03.926+0000] {spark_submit.py:490} INFO - +--------------------+----------+-----------+---------+---------------+---------+---------------+----------+---------+-----+-----------+
[2025-05-08T09:22:03.927+0000] {spark_submit.py:490} INFO - |edition             |edition_id|country_noc|sport    |event          |result_id|athlete        |athlete_id|pos      |medal|isTeamSport|
[2025-05-08T09:22:03.927+0000] {spark_submit.py:490} INFO - +--------------------+----------+-----------+---------+---------------+---------+---------------+----------+---------+-----+-----------+
[2025-05-08T09:22:03.927+0000] {spark_submit.py:490} INFO - |1908 summer olympics|5         |anz        |athletics|100 metres men |56265    |ernest hutcheon|64710     |dns      |     |false      |
[2025-05-08T09:22:03.927+0000] {spark_submit.py:490} INFO - |1908 summer olympics|5         |anz        |athletics|400 metres men |56313    |henry murray   |64756     |dns      |     |false      |
[2025-05-08T09:22:03.927+0000] {spark_submit.py:490} INFO - |1908 summer olympics|5         |anz        |athletics|800 metres men |56338    |harvey sutton  |64808     |3 h8 r12 |     |false      |
[2025-05-08T09:22:03.927+0000] {spark_submit.py:490} INFO - |1908 summer olympics|5         |anz        |athletics|800 metres men |56338    |guy haskins    |922519    |dns      |     |false      |
[2025-05-08T09:22:03.928+0000] {spark_submit.py:490} INFO - |1908 summer olympics|5         |anz        |athletics|800 metres men |56338    |joseph lynch   |64735     |dns      |     |false      |
[2025-05-08T09:22:03.928+0000] {spark_submit.py:490} INFO - |1908 summer olympics|5         |anz        |athletics|800 metres men |56338    |henry murray   |64756     |dns      |     |false      |
[2025-05-08T09:22:03.928+0000] {spark_submit.py:490} INFO - |1908 summer olympics|5         |anz        |athletics|1500 metres men|56349    |joseph lynch   |64735     |5 h2 r12 |     |false      |
[2025-05-08T09:22:03.928+0000] {spark_submit.py:490} INFO - |1908 summer olympics|5         |anz        |athletics|1500 metres men|56349    |charles swain  |79576     |ac h3 r12|     |false      |
[2025-05-08T09:22:03.928+0000] {spark_submit.py:490} INFO - |1908 summer olympics|5         |anz        |athletics|1500 metres men|56349    |guy haskins    |922519    |dns      |     |false      |
[2025-05-08T09:22:03.928+0000] {spark_submit.py:490} INFO - |1908 summer olympics|5         |anz        |athletics|1500 metres men|56349    |george blake   |64619     |dns      |     |false      |
[2025-05-08T09:22:03.928+0000] {spark_submit.py:490} INFO - +--------------------+----------+-----------+---------+---------------+---------+---------------+----------+---------+-----+-----------+
[2025-05-08T09:22:03.928+0000] {spark_submit.py:490} INFO - only showing top 10 rows
[2025-05-08T09:22:03.928+0000] {spark_submit.py:490} INFO - 
[2025-05-08T09:22:03.928+0000] {spark_submit.py:490} INFO - 💾 Збереження до Silver рівня: /tmp/spark_data/silver/athlete_event_results/20250508
[2025-05-08T09:22:03.990+0000] {spark_submit.py:490} INFO - 25/05/08 09:22:03 INFO FileSourceStrategy: Pushed Filters:
[2025-05-08T09:22:03.991+0000] {spark_submit.py:490} INFO - 25/05/08 09:22:03 INFO FileSourceStrategy: Post-Scan Filters:
[2025-05-08T09:22:03.991+0000] {spark_submit.py:490} INFO - 25/05/08 09:22:03 INFO FileSourceStrategy: Output Data Schema: struct<edition: string, edition_id: string, country_noc: string, sport: string, event: string ... 9 more fields>
[2025-05-08T09:22:04.043+0000] {spark_submit.py:490} INFO - 25/05/08 09:22:04 INFO ParquetFileFormat: Using default output committer for Parquet: org.apache.parquet.hadoop.ParquetOutputCommitter
[2025-05-08T09:22:04.060+0000] {spark_submit.py:490} INFO - 25/05/08 09:22:04 INFO FileOutputCommitter: File Output Committer Algorithm version is 1
[2025-05-08T09:22:04.060+0000] {spark_submit.py:490} INFO - 25/05/08 09:22:04 INFO FileOutputCommitter: FileOutputCommitter skip cleanup _temporary folders under output directory:false, ignore cleanup failures: false
[2025-05-08T09:22:04.061+0000] {spark_submit.py:490} INFO - 25/05/08 09:22:04 INFO SQLHadoopMapReduceCommitProtocol: Using user defined output committer class org.apache.parquet.hadoop.ParquetOutputCommitter
[2025-05-08T09:22:04.061+0000] {spark_submit.py:490} INFO - 25/05/08 09:22:04 INFO FileOutputCommitter: File Output Committer Algorithm version is 1
[2025-05-08T09:22:04.062+0000] {spark_submit.py:490} INFO - 25/05/08 09:22:04 INFO FileOutputCommitter: FileOutputCommitter skip cleanup _temporary folders under output directory:false, ignore cleanup failures: false
[2025-05-08T09:22:04.062+0000] {spark_submit.py:490} INFO - 25/05/08 09:22:04 INFO SQLHadoopMapReduceCommitProtocol: Using output committer class org.apache.parquet.hadoop.ParquetOutputCommitter
[2025-05-08T09:22:04.095+0000] {spark_submit.py:490} INFO - 25/05/08 09:22:04 INFO MemoryStore: Block broadcast_5 stored as values in memory (estimated size 202.0 KiB, free 433.7 MiB)
[2025-05-08T09:22:04.105+0000] {spark_submit.py:490} INFO - 25/05/08 09:22:04 INFO MemoryStore: Block broadcast_5_piece0 stored as bytes in memory (estimated size 34.8 KiB, free 433.6 MiB)
[2025-05-08T09:22:04.106+0000] {spark_submit.py:490} INFO - 25/05/08 09:22:04 INFO BlockManagerInfo: Added broadcast_5_piece0 in memory on 8c439b56c25d:32771 (size: 34.8 KiB, free: 434.3 MiB)
[2025-05-08T09:22:04.107+0000] {spark_submit.py:490} INFO - 25/05/08 09:22:04 INFO SparkContext: Created broadcast 5 from parquet at NativeMethodAccessorImpl.java:0
[2025-05-08T09:22:04.108+0000] {spark_submit.py:490} INFO - 25/05/08 09:22:04 INFO FileSourceScanExec: Planning scan with bin packing, max size: 6795002 bytes, open cost is considered as scanning 4194304 bytes.
[2025-05-08T09:22:04.141+0000] {spark_submit.py:490} INFO - 25/05/08 09:22:04 INFO BlockManagerInfo: Removed broadcast_1_piece0 on 8c439b56c25d:32771 in memory (size: 34.8 KiB, free: 434.3 MiB)
[2025-05-08T09:22:04.144+0000] {spark_submit.py:490} INFO - 25/05/08 09:22:04 INFO BlockManagerInfo: Removed broadcast_1_piece0 on 172.18.0.7:37441 in memory (size: 34.8 KiB, free: 366.2 MiB)
[2025-05-08T09:22:04.155+0000] {spark_submit.py:490} INFO - 25/05/08 09:22:04 INFO BlockManagerInfo: Removed broadcast_3_piece0 on 8c439b56c25d:32771 in memory (size: 34.8 KiB, free: 434.3 MiB)
[2025-05-08T09:22:04.166+0000] {spark_submit.py:490} INFO - 25/05/08 09:22:04 INFO SparkContext: Starting job: parquet at NativeMethodAccessorImpl.java:0
[2025-05-08T09:22:04.167+0000] {spark_submit.py:490} INFO - 25/05/08 09:22:04 INFO DAGScheduler: Got job 3 (parquet at NativeMethodAccessorImpl.java:0) with 2 output partitions
[2025-05-08T09:22:04.167+0000] {spark_submit.py:490} INFO - 25/05/08 09:22:04 INFO DAGScheduler: Final stage: ResultStage 3 (parquet at NativeMethodAccessorImpl.java:0)
[2025-05-08T09:22:04.167+0000] {spark_submit.py:490} INFO - 25/05/08 09:22:04 INFO DAGScheduler: Parents of final stage: List()
[2025-05-08T09:22:04.168+0000] {spark_submit.py:490} INFO - 25/05/08 09:22:04 INFO DAGScheduler: Missing parents: List()
[2025-05-08T09:22:04.169+0000] {spark_submit.py:490} INFO - 25/05/08 09:22:04 INFO DAGScheduler: Submitting ResultStage 3 (MapPartitionsRDD[18] at parquet at NativeMethodAccessorImpl.java:0), which has no missing parents
[2025-05-08T09:22:04.169+0000] {spark_submit.py:490} INFO - 25/05/08 09:22:04 INFO BlockManagerInfo: Removed broadcast_3_piece0 on 172.18.0.7:37441 in memory (size: 34.8 KiB, free: 366.3 MiB)
[2025-05-08T09:22:04.179+0000] {spark_submit.py:490} INFO - 25/05/08 09:22:04 INFO BlockManagerInfo: Removed broadcast_2_piece0 on 8c439b56c25d:32771 in memory (size: 6.6 KiB, free: 434.4 MiB)
[2025-05-08T09:22:04.184+0000] {spark_submit.py:490} INFO - 25/05/08 09:22:04 INFO BlockManagerInfo: Removed broadcast_2_piece0 on 172.18.0.7:37441 in memory (size: 6.6 KiB, free: 366.3 MiB)
[2025-05-08T09:22:04.208+0000] {spark_submit.py:490} INFO - 25/05/08 09:22:04 INFO MemoryStore: Block broadcast_6 stored as values in memory (estimated size 248.7 KiB, free 433.9 MiB)
[2025-05-08T09:22:04.211+0000] {spark_submit.py:490} INFO - 25/05/08 09:22:04 INFO BlockManagerInfo: Removed broadcast_4_piece0 on 8c439b56c25d:32771 in memory (size: 16.0 KiB, free: 434.4 MiB)
[2025-05-08T09:22:04.212+0000] {spark_submit.py:490} INFO - 25/05/08 09:22:04 INFO MemoryStore: Block broadcast_6_piece0 stored as bytes in memory (estimated size 85.8 KiB, free 433.8 MiB)
[2025-05-08T09:22:04.213+0000] {spark_submit.py:490} INFO - 25/05/08 09:22:04 INFO BlockManagerInfo: Added broadcast_6_piece0 in memory on 8c439b56c25d:32771 (size: 85.8 KiB, free: 434.3 MiB)
[2025-05-08T09:22:04.214+0000] {spark_submit.py:490} INFO - 25/05/08 09:22:04 INFO SparkContext: Created broadcast 6 from broadcast at DAGScheduler.scala:1513
[2025-05-08T09:22:04.214+0000] {spark_submit.py:490} INFO - 25/05/08 09:22:04 INFO BlockManagerInfo: Removed broadcast_4_piece0 on 172.18.0.7:37441 in memory (size: 16.0 KiB, free: 366.3 MiB)
[2025-05-08T09:22:04.216+0000] {spark_submit.py:490} INFO - 25/05/08 09:22:04 INFO DAGScheduler: Submitting 2 missing tasks from ResultStage 3 (MapPartitionsRDD[18] at parquet at NativeMethodAccessorImpl.java:0) (first 15 tasks are for partitions Vector(0, 1))
[2025-05-08T09:22:04.216+0000] {spark_submit.py:490} INFO - 25/05/08 09:22:04 INFO TaskSchedulerImpl: Adding task set 3.0 with 2 tasks resource profile 0
[2025-05-08T09:22:04.217+0000] {spark_submit.py:490} INFO - 25/05/08 09:22:04 INFO TaskSetManager: Starting task 0.0 in stage 3.0 (TID 3) (172.18.0.7, executor 0, partition 0, PROCESS_LOCAL, 5010 bytes) taskResourceAssignments Map()
[2025-05-08T09:22:04.218+0000] {spark_submit.py:490} INFO - 25/05/08 09:22:04 INFO TaskSetManager: Starting task 1.0 in stage 3.0 (TID 4) (172.18.0.7, executor 0, partition 1, PROCESS_LOCAL, 5010 bytes) taskResourceAssignments Map()
[2025-05-08T09:22:04.239+0000] {spark_submit.py:490} INFO - 25/05/08 09:22:04 INFO BlockManagerInfo: Added broadcast_6_piece0 in memory on 172.18.0.7:37441 (size: 85.8 KiB, free: 366.2 MiB)
[2025-05-08T09:22:04.419+0000] {spark_submit.py:490} INFO - 25/05/08 09:22:04 INFO BlockManagerInfo: Added broadcast_5_piece0 in memory on 172.18.0.7:37441 (size: 34.8 KiB, free: 366.2 MiB)
[2025-05-08T09:22:09.045+0000] {spark_submit.py:490} INFO - 25/05/08 09:22:09 INFO TaskSetManager: Finished task 1.0 in stage 3.0 (TID 4) in 4828 ms on 172.18.0.7 (executor 0) (1/2)
[2025-05-08T09:22:10.147+0000] {spark_submit.py:490} INFO - 25/05/08 09:22:10 INFO TaskSetManager: Finished task 0.0 in stage 3.0 (TID 3) in 5930 ms on 172.18.0.7 (executor 0) (2/2)
[2025-05-08T09:22:10.148+0000] {spark_submit.py:490} INFO - 25/05/08 09:22:10 INFO TaskSchedulerImpl: Removed TaskSet 3.0, whose tasks have all completed, from pool
[2025-05-08T09:22:10.149+0000] {spark_submit.py:490} INFO - 25/05/08 09:22:10 INFO DAGScheduler: ResultStage 3 (parquet at NativeMethodAccessorImpl.java:0) finished in 5.980 s
[2025-05-08T09:22:10.150+0000] {spark_submit.py:490} INFO - 25/05/08 09:22:10 INFO DAGScheduler: Job 3 is finished. Cancelling potential speculative or zombie tasks for this job
[2025-05-08T09:22:10.150+0000] {spark_submit.py:490} INFO - 25/05/08 09:22:10 INFO TaskSchedulerImpl: Killing all running tasks in stage 3: Stage finished
[2025-05-08T09:22:10.151+0000] {spark_submit.py:490} INFO - 25/05/08 09:22:10 INFO DAGScheduler: Job 3 finished: parquet at NativeMethodAccessorImpl.java:0, took 6.014828 s
[2025-05-08T09:22:10.153+0000] {spark_submit.py:490} INFO - 25/05/08 09:22:10 INFO FileFormatWriter: Start to commit write Job 01be780c-72c3-43c6-afa6-58fe278d7b07.
[2025-05-08T09:22:10.179+0000] {spark_submit.py:490} INFO - 25/05/08 09:22:10 INFO FileFormatWriter: Write Job 01be780c-72c3-43c6-afa6-58fe278d7b07 committed. Elapsed time: 25 ms.
[2025-05-08T09:22:10.182+0000] {spark_submit.py:490} INFO - 25/05/08 09:22:10 INFO FileFormatWriter: Finished processing stats for write job 01be780c-72c3-43c6-afa6-58fe278d7b07.
[2025-05-08T09:22:10.185+0000] {spark_submit.py:490} INFO - ✅ Збережено до Silver: /tmp/spark_data/silver/athlete_event_results/20250508
[2025-05-08T09:22:10.185+0000] {spark_submit.py:490} INFO - 📁 Шлях збереження Silver: /tmp/spark_data/silver/athlete_event_results/20250508
[2025-05-08T09:22:10.185+0000] {spark_submit.py:490} INFO - 📂 Вміст директорії:
[2025-05-08T09:22:10.185+0000] {spark_submit.py:490} INFO - ['part-00000-d733bd4f-9f99-42b6-b58e-1369b7121354-c000.snappy.parquet', '.part-00001-d733bd4f-9f99-42b6-b58e-1369b7121354-c000.snappy.parquet.crc', 'part-00001-d733bd4f-9f99-42b6-b58e-1369b7121354-c000.snappy.parquet', '_SUCCESS', '._SUCCESS.crc', '.part-00000-d733bd4f-9f99-42b6-b58e-1369b7121354-c000.snappy.parquet.crc']
[2025-05-08T09:22:10.196+0000] {spark_submit.py:490} INFO - 25/05/08 09:22:10 INFO SparkUI: Stopped Spark web UI at http://8c439b56c25d:4040
[2025-05-08T09:22:10.199+0000] {spark_submit.py:490} INFO - 25/05/08 09:22:10 INFO StandaloneSchedulerBackend: Shutting down all executors
[2025-05-08T09:22:10.200+0000] {spark_submit.py:490} INFO - 25/05/08 09:22:10 INFO CoarseGrainedSchedulerBackend$DriverEndpoint: Asking each executor to shut down
[2025-05-08T09:22:10.223+0000] {spark_submit.py:490} INFO - 25/05/08 09:22:10 INFO MapOutputTrackerMasterEndpoint: MapOutputTrackerMasterEndpoint stopped!
[2025-05-08T09:22:10.260+0000] {spark_submit.py:490} INFO - 25/05/08 09:22:10 INFO MemoryStore: MemoryStore cleared
[2025-05-08T09:22:10.261+0000] {spark_submit.py:490} INFO - 25/05/08 09:22:10 INFO BlockManager: BlockManager stopped
[2025-05-08T09:22:10.264+0000] {spark_submit.py:490} INFO - 25/05/08 09:22:10 INFO BlockManagerMaster: BlockManagerMaster stopped
[2025-05-08T09:22:10.266+0000] {spark_submit.py:490} INFO - 25/05/08 09:22:10 INFO OutputCommitCoordinator$OutputCommitCoordinatorEndpoint: OutputCommitCoordinator stopped!
[2025-05-08T09:22:10.279+0000] {spark_submit.py:490} INFO - 25/05/08 09:22:10 INFO SparkContext: Successfully stopped SparkContext
[2025-05-08T09:22:11.194+0000] {spark_submit.py:490} INFO - 25/05/08 09:22:11 INFO ShutdownHookManager: Shutdown hook called
[2025-05-08T09:22:11.196+0000] {spark_submit.py:490} INFO - 25/05/08 09:22:11 INFO ShutdownHookManager: Deleting directory /tmp/spark-db0a24cb-edca-4792-892c-1c04ed79ed1c
[2025-05-08T09:22:11.205+0000] {spark_submit.py:490} INFO - 25/05/08 09:22:11 INFO ShutdownHookManager: Deleting directory /tmp/spark-db0a24cb-edca-4792-892c-1c04ed79ed1c/pyspark-a6741cb4-aea3-4717-8e61-b9c147711265
[2025-05-08T09:22:11.209+0000] {spark_submit.py:490} INFO - 25/05/08 09:22:11 INFO ShutdownHookManager: Deleting directory /tmp/spark-91d6af78-497b-44c1-be42-8a40a1ec9d12
[2025-05-08T09:22:11.301+0000] {taskinstance.py:1350} INFO - Marking task as SUCCESS. dag_id=final_project_BBDL, task_id=BronzeToSilver, execution_date=20250508T092123, start_date=20250508T092149, end_date=20250508T092211
[2025-05-08T09:22:11.479+0000] {local_task_job_runner.py:225} INFO - Task exited with return code 0
[2025-05-08T09:22:11.502+0000] {taskinstance.py:2653} INFO - 1 downstream tasks scheduled from follow-on schedule check
