[2025-04-21T08:57:22.213+0000] {local_task_job_runner.py:120} INFO - ::group::Pre task execution logs
[2025-04-21T08:57:22.347+0000] {taskinstance.py:2076} INFO - Dependencies all met for dep_context=non-requeueable deps ti=<TaskInstance: final_project_BBDL.LandingToBronze manual__2025-04-21T08:57:20.228002+00:00 [queued]>
[2025-04-21T08:57:22.367+0000] {taskinstance.py:2076} INFO - Dependencies all met for dep_context=requeueable deps ti=<TaskInstance: final_project_BBDL.LandingToBronze manual__2025-04-21T08:57:20.228002+00:00 [queued]>
[2025-04-21T08:57:22.367+0000] {taskinstance.py:2306} INFO - Starting attempt 1 of 1
[2025-04-21T08:57:22.453+0000] {taskinstance.py:2330} INFO - Executing <Task(PythonOperator): LandingToBronze> on 2025-04-21 08:57:20.228002+00:00
[2025-04-21T08:57:22.466+0000] {logging_mixin.py:188} WARNING - /home/airflow/.local/lib/python3.12/site-packages/airflow/task/task_runner/standard_task_runner.py:61 DeprecationWarning: This process (pid=717) is multi-threaded, use of fork() may lead to deadlocks in the child.
[2025-04-21T08:57:22.467+0000] {standard_task_runner.py:63} INFO - Started process 723 to run task
[2025-04-21T08:57:22.466+0000] {standard_task_runner.py:90} INFO - Running: ['airflow', 'tasks', 'run', 'final_project_BBDL', 'LandingToBronze', 'manual__2025-04-21T08:57:20.228002+00:00', '--job-id', '13', '--raw', '--subdir', 'DAGS_FOLDER/project_solution.py', '--cfg-path', '/tmp/tmpf_5f7j4m']
[2025-04-21T08:57:22.474+0000] {standard_task_runner.py:91} INFO - Job 13: Subtask LandingToBronze
[2025-04-21T08:57:22.655+0000] {logging_mixin.py:188} WARNING - /home/airflow/.local/lib/python3.12/site-packages/airflow/settings.py:195 DeprecationWarning: The sql_alchemy_conn option in [core] has been moved to the sql_alchemy_conn option in [database] - the old setting has been used, but please update your config.
[2025-04-21T08:57:22.856+0000] {task_command.py:426} INFO - Running <TaskInstance: final_project_BBDL.LandingToBronze manual__2025-04-21T08:57:20.228002+00:00 [running]> on host e5b516e25ae0
[2025-04-21T08:57:23.306+0000] {taskinstance.py:2648} INFO - Exporting env vars: AIRFLOW_CTX_DAG_OWNER='airflow' AIRFLOW_CTX_DAG_ID='final_project_BBDL' AIRFLOW_CTX_TASK_ID='LandingToBronze' AIRFLOW_CTX_EXECUTION_DATE='2025-04-21T08:57:20.228002+00:00' AIRFLOW_CTX_TRY_NUMBER='1' AIRFLOW_CTX_DAG_RUN_ID='manual__2025-04-21T08:57:20.228002+00:00'
[2025-04-21T08:57:23.307+0000] {taskinstance.py:430} INFO - ::endgroup::
[2025-04-21T08:57:29.527+0000] {logging_mixin.py:188} INFO - Завантаження з https://ftp.goit.study/neoversity/athlete_bio.csv
[2025-04-21T08:57:32.758+0000] {logging_mixin.py:188} INFO - Файл збережено як landing/athlete_bio.csv
[2025-04-21T08:57:45.272+0000] {logging_mixin.py:188} INFO - +----------+--------------------+------+----------------+------+------+-------------------+-----------+--------------------+--------------------+
|athlete_id|                name|   sex|            born|height|weight|            country|country_noc|         description|       special_notes|
+----------+--------------------+------+----------------+------+------+-------------------+-----------+--------------------+--------------------+
|     65649|       Ivanka Bonova|Female|    4 April 1949|   166|    55|           Bulgaria|        BUL|Personal Best: 40...|                NULL|
|    112510|   Nataliya Uryadova|Female|   15 March 1977|   184|    70| Russian Federation|        RUS|                NULL|Listed in Olympia...|
|    114973|  Essa Ismail Rashed|  Male|14 December 1986|   165|    55|              Qatar|        QAT|Personal Best: 10...|Listed in Olympia...|
|     30359|         Péter Boros|  Male| 12 January 1908|  NULL|  NULL|            Hungary|        HUN|Between 1927 and ...|                NULL|
|     50557|      Rudolf Piowatý|  Male|   28 April 1900|  NULL|  NULL|     Czechoslovakia|        TCH|Rudolf Piowaty jo...|                NULL|
|    146111|  Svetlana Kholomina|Female| 9 November 1997|  NULL|  NULL|                ROC|        ROC|                NULL|                NULL|
|    133041|    Vincent Riendeau|  Male|13 December 1996|   178|    68|             Canada|        CAN|                NULL|Listed in Olympia...|
|    110425|         Tanja Morel|Female|  4 October 1975|   164|    58|        Switzerland|        SUI|                NULL|Listed in Olympia...|
|    110705|     Maksim Shabalin|  Male| 25 January 1982|   183|    76| Russian Federation|        RUS|                NULL|Listed in Olympia...|
|     54541|           Gé Regter|  Male|    6 March 1916|  NULL|  NULL|        Netherlands|        NED|                NULL|                NULL|
|     22721|  Aristide Pontenani|  Male|            NULL|  NULL|  NULL|              Italy|        ITA|                NULL|                NULL|
|     56266|      Go Yeong-Chang|  Male|   21 March 1926|   167|    75|  Republic of Korea|        KOR|                NULL|                NULL|
|     82227|     Marlies Rostock|Female|   20 April 1960|  NULL|  NULL|       East Germany|        GDR|Marlies Rostock w...|Wife (divorced) o...|
|     93334|     Craig Hutchison|  Male|     26 May 1975|   198|    97|             Canada|        CAN|                NULL|Listed in Olympia...|
|    146013|      Raquel Queirós|Female|    4 March 2000|   167|    56|           Portugal|        POR|                NULL|                NULL|
|    109912|Vyacheslav Kurginyan|  Male|22 December 1986|   170|    65| Russian Federation|        RUS|                NULL|Listed in Olympia...|
|     37019|        Philippe Lot|  Male|    13 June 1967|   189|    85|             France|        FRA|                NULL|Listed in Olympia...|
|     22885|        Rudy Kugeler|  Male|  11 August 1928|   187|    86|         Luxembourg|        LUX|                NULL|                NULL|
|     95497|  Yoshihiro Miyazaki|  Male|     10 May 1930|   173|    70|              Japan|        JPN|                NULL|                NULL|
|        76|       Roper Barrett|  Male|24 November 1873|  NULL|  NULL|      Great Britain|        GBR|Roper Barrett lea...|                NULL|
+----------+--------------------+------+----------------+------+------+-------------------+-----------+--------------------+--------------------+
only showing top 20 rows
[2025-04-21T08:57:45.273+0000] {logging_mixin.py:188} INFO - Дані збережено в bronze/athlete_bio
[2025-04-21T08:57:45.273+0000] {logging_mixin.py:188} INFO - Завантаження з https://ftp.goit.study/neoversity/athlete_event_results.csv
[2025-04-21T08:57:47.317+0000] {logging_mixin.py:188} INFO - Файл збережено як landing/athlete_event_results.csv
[2025-04-21T08:57:49.952+0000] {logging_mixin.py:188} INFO - +--------------------+----------+-----------+---------+--------------------+---------+---------------+----------+----------+-----+-----------+
|             edition|edition_id|country_noc|    sport|               event|result_id|        athlete|athlete_id|       pos|medal|isTeamSport|
+--------------------+----------+-----------+---------+--------------------+---------+---------------+----------+----------+-----+-----------+
|1908 Summer Olympics|         5|        ANZ|Athletics|     100 metres, Men|    56265|Ernest Hutcheon|     64710|       DNS| NULL|      False|
|1908 Summer Olympics|         5|        ANZ|Athletics|     400 metres, Men|    56313|   Henry Murray|     64756|       DNS| NULL|      False|
|1908 Summer Olympics|         5|        ANZ|Athletics|     800 metres, Men|    56338|  Harvey Sutton|     64808| 3 h8 r1/2| NULL|      False|
|1908 Summer Olympics|         5|        ANZ|Athletics|     800 metres, Men|    56338|    Guy Haskins|    922519|       DNS| NULL|      False|
|1908 Summer Olympics|         5|        ANZ|Athletics|     800 metres, Men|    56338|   Joseph Lynch|     64735|       DNS| NULL|      False|
|1908 Summer Olympics|         5|        ANZ|Athletics|     800 metres, Men|    56338|   Henry Murray|     64756|       DNS| NULL|      False|
|1908 Summer Olympics|         5|        ANZ|Athletics|   1,500 metres, Men|    56349|   Joseph Lynch|     64735| 5 h2 r1/2| NULL|      False|
|1908 Summer Olympics|         5|        ANZ|Athletics|   1,500 metres, Men|    56349|  Charles Swain|     79576|AC h3 r1/2| NULL|      False|
|1908 Summer Olympics|         5|        ANZ|Athletics|   1,500 metres, Men|    56349|    Guy Haskins|    922519|       DNS| NULL|      False|
|1908 Summer Olympics|         5|        ANZ|Athletics|   1,500 metres, Men|    56349|   George Blake|     64619|       DNS| NULL|      False|
|1908 Summer Olympics|         5|        ANZ|Athletics|        5 miles, Men|    56360|   George Blake|     64619| 3 h1 r1/2| NULL|      False|
|1908 Summer Olympics|         5|        ANZ|Athletics|        5 miles, Men|    56360|   Joseph Lynch|     64735|AC h5 r1/2| NULL|      False|
|1908 Summer Olympics|         5|        ANZ|Athletics|        5 miles, Men|    56360|    Guy Haskins|    922519|       DNS| NULL|      False|
|1908 Summer Olympics|         5|        ANZ|Athletics|        5 miles, Men|    56360|  Victor Aitken|     64594|       DNS| NULL|      False|
|1908 Summer Olympics|         5|        ANZ|Athletics|       Marathon, Men|    56369|  Victor Aitken|     64594|       DNF| NULL|      False|
|1908 Summer Olympics|         5|        ANZ|Athletics|       Marathon, Men|    56369|   George Blake|     64619|       DNF| NULL|      False|
|1908 Summer Olympics|         5|        ANZ|Athletics|       Marathon, Men|    56369|   Joseph Lynch|     64735|       DNF| NULL|      False|
|1908 Summer Olympics|         5|        ANZ|Athletics|110 metres Hurdle...|    56370|   Henry Murray|     64756| 2 h1 r1/3| NULL|      False|
|1908 Summer Olympics|         5|        ANZ|Athletics|400 metres Hurdle...|    56392|   Henry Murray|     64756| 2 h3 r1/3| NULL|      False|
|1908 Summer Olympics|         5|        ANZ|Athletics|3,200 metres Stee...|    56412|    Guy Haskins|    922519|       DNS| NULL|      False|
+--------------------+----------+-----------+---------+--------------------+---------+---------------+----------+----------+-----+-----------+
only showing top 20 rows
[2025-04-21T08:57:49.953+0000] {logging_mixin.py:188} INFO - Дані збережено в bronze/athlete_event_results
[2025-04-21T08:57:50.311+0000] {python.py:237} INFO - Done. Returned value was: None
[2025-04-21T08:57:50.312+0000] {taskinstance.py:441} INFO - ::group::Post task execution logs
[2025-04-21T08:57:50.417+0000] {taskinstance.py:1206} INFO - Marking task as SUCCESS. dag_id=final_project_BBDL, task_id=LandingToBronze, run_id=manual__2025-04-21T08:57:20.228002+00:00, execution_date=20250421T085720, start_date=20250421T085722, end_date=20250421T085750
[2025-04-21T08:57:50.512+0000] {local_task_job_runner.py:240} INFO - Task exited with return code 0
[2025-04-21T08:57:50.651+0000] {taskinstance.py:3498} INFO - 1 downstream tasks scheduled from follow-on schedule check
[2025-04-21T08:57:50.717+0000] {local_task_job_runner.py:222} INFO - ::endgroup::
