[2025-05-06T10:26:52.089+0000] {taskinstance.py:1103} INFO - Dependencies all met for dep_context=non-requeueable deps ti=<TaskInstance: final_project_BBDL.BronzeToSilver manual__2025-05-06T10:26:26.932670+00:00 [queued]>
[2025-05-06T10:26:52.100+0000] {taskinstance.py:1103} INFO - Dependencies all met for dep_context=requeueable deps ti=<TaskInstance: final_project_BBDL.BronzeToSilver manual__2025-05-06T10:26:26.932670+00:00 [queued]>
[2025-05-06T10:26:52.100+0000] {taskinstance.py:1308} INFO - Starting attempt 1 of 1
[2025-05-06T10:26:52.173+0000] {taskinstance.py:1327} INFO - Executing <Task(SparkSubmitOperator): BronzeToSilver> on 2025-05-06 10:26:26.932670+00:00
[2025-05-06T10:26:52.177+0000] {standard_task_runner.py:57} INFO - Started process 21037 to run task
[2025-05-06T10:26:52.180+0000] {standard_task_runner.py:84} INFO - Running: ['airflow', 'tasks', 'run', 'final_project_BBDL', 'BronzeToSilver', 'manual__2025-05-06T10:26:26.932670+00:00', '--job-id', '55', '--raw', '--subdir', 'DAGS_FOLDER/project_solution.py', '--cfg-path', '/tmp/tmptzsfy8cg']
[2025-05-06T10:26:52.181+0000] {standard_task_runner.py:85} INFO - Job 55: Subtask BronzeToSilver
[2025-05-06T10:26:52.236+0000] {logging_mixin.py:150} WARNING - /home/airflow/.local/lib/python3.7/site-packages/airflow/settings.py:195 DeprecationWarning: The sql_alchemy_conn option in [core] has been moved to the sql_alchemy_conn option in [database] - the old setting has been used, but please update your config.
[2025-05-06T10:26:52.282+0000] {task_command.py:410} INFO - Running <TaskInstance: final_project_BBDL.BronzeToSilver manual__2025-05-06T10:26:26.932670+00:00 [running]> on host b431f09a1fa6
[2025-05-06T10:26:52.457+0000] {taskinstance.py:1547} INFO - Exporting env vars: AIRFLOW_CTX_DAG_OWNER='airflow' AIRFLOW_CTX_DAG_ID='final_project_BBDL' AIRFLOW_CTX_TASK_ID='BronzeToSilver' AIRFLOW_CTX_EXECUTION_DATE='2025-05-06T10:26:26.932670+00:00' AIRFLOW_CTX_TRY_NUMBER='1' AIRFLOW_CTX_DAG_RUN_ID='manual__2025-05-06T10:26:26.932670+00:00'
[2025-05-06T10:26:52.467+0000] {base.py:73} INFO - Using connection ID 'spark_default' for task execution.
[2025-05-06T10:26:52.470+0000] {spark_submit.py:339} INFO - Spark-Submit cmd: spark-submit --master spark://spark-master:7077 --conf spark.master=spark://spark-master:7077 --conf spark.submit.deployMode=client --conf spark.pyspark.python=/usr/bin/python3 --conf spark.executorEnv.PYSPARK_PYTHON=/usr/bin/python3 --name BronzeToSilver --verbose --queue root.default /opt/airflow/dags/bronze_to_silver.py
[2025-05-06T10:26:54.086+0000] {spark_submit.py:490} INFO - Using properties file: null
[2025-05-06T10:26:54.196+0000] {spark_submit.py:490} INFO - Parsed arguments:
[2025-05-06T10:26:54.196+0000] {spark_submit.py:490} INFO - master                  spark://spark-master:7077
[2025-05-06T10:26:54.196+0000] {spark_submit.py:490} INFO - deployMode              client
[2025-05-06T10:26:54.196+0000] {spark_submit.py:490} INFO - executorMemory          null
[2025-05-06T10:26:54.196+0000] {spark_submit.py:490} INFO - executorCores           null
[2025-05-06T10:26:54.196+0000] {spark_submit.py:490} INFO - totalExecutorCores      null
[2025-05-06T10:26:54.196+0000] {spark_submit.py:490} INFO - propertiesFile          null
[2025-05-06T10:26:54.196+0000] {spark_submit.py:490} INFO - driverMemory            null
[2025-05-06T10:26:54.196+0000] {spark_submit.py:490} INFO - driverCores             null
[2025-05-06T10:26:54.196+0000] {spark_submit.py:490} INFO - driverExtraClassPath    null
[2025-05-06T10:26:54.196+0000] {spark_submit.py:490} INFO - driverExtraLibraryPath  null
[2025-05-06T10:26:54.196+0000] {spark_submit.py:490} INFO - driverExtraJavaOptions  null
[2025-05-06T10:26:54.197+0000] {spark_submit.py:490} INFO - supervise               false
[2025-05-06T10:26:54.197+0000] {spark_submit.py:490} INFO - queue                   root.default
[2025-05-06T10:26:54.197+0000] {spark_submit.py:490} INFO - numExecutors            null
[2025-05-06T10:26:54.197+0000] {spark_submit.py:490} INFO - files                   null
[2025-05-06T10:26:54.197+0000] {spark_submit.py:490} INFO - pyFiles                 null
[2025-05-06T10:26:54.197+0000] {spark_submit.py:490} INFO - archives                null
[2025-05-06T10:26:54.197+0000] {spark_submit.py:490} INFO - mainClass               null
[2025-05-06T10:26:54.197+0000] {spark_submit.py:490} INFO - primaryResource         file:/opt/airflow/dags/bronze_to_silver.py
[2025-05-06T10:26:54.197+0000] {spark_submit.py:490} INFO - name                    BronzeToSilver
[2025-05-06T10:26:54.197+0000] {spark_submit.py:490} INFO - childArgs               []
[2025-05-06T10:26:54.197+0000] {spark_submit.py:490} INFO - jars                    null
[2025-05-06T10:26:54.197+0000] {spark_submit.py:490} INFO - packages                null
[2025-05-06T10:26:54.197+0000] {spark_submit.py:490} INFO - packagesExclusions      null
[2025-05-06T10:26:54.197+0000] {spark_submit.py:490} INFO - repositories            null
[2025-05-06T10:26:54.197+0000] {spark_submit.py:490} INFO - verbose                 true
[2025-05-06T10:26:54.197+0000] {spark_submit.py:490} INFO - 
[2025-05-06T10:26:54.197+0000] {spark_submit.py:490} INFO - Spark properties used, including those specified through
[2025-05-06T10:26:54.198+0000] {spark_submit.py:490} INFO - --conf and those from the properties file null:
[2025-05-06T10:26:54.198+0000] {spark_submit.py:490} INFO - (spark.executorEnv.PYSPARK_PYTHON,/usr/bin/python3)
[2025-05-06T10:26:54.198+0000] {spark_submit.py:490} INFO - (spark.master,spark://spark-master:7077)
[2025-05-06T10:26:54.198+0000] {spark_submit.py:490} INFO - (spark.pyspark.python,/usr/bin/python3)
[2025-05-06T10:26:54.198+0000] {spark_submit.py:490} INFO - (spark.submit.deployMode,client)
[2025-05-06T10:26:54.198+0000] {spark_submit.py:490} INFO - 
[2025-05-06T10:26:54.198+0000] {spark_submit.py:490} INFO - 
[2025-05-06T10:26:54.451+0000] {spark_submit.py:490} INFO - Main class:
[2025-05-06T10:26:54.452+0000] {spark_submit.py:490} INFO - org.apache.spark.deploy.PythonRunner
[2025-05-06T10:26:54.452+0000] {spark_submit.py:490} INFO - Arguments:
[2025-05-06T10:26:54.453+0000] {spark_submit.py:490} INFO - file:/opt/airflow/dags/bronze_to_silver.py
[2025-05-06T10:26:54.453+0000] {spark_submit.py:490} INFO - null
[2025-05-06T10:26:54.454+0000] {spark_submit.py:490} INFO - Spark config:
[2025-05-06T10:26:54.454+0000] {spark_submit.py:490} INFO - (spark.app.name,BronzeToSilver)
[2025-05-06T10:26:54.454+0000] {spark_submit.py:490} INFO - (spark.app.submitTime,1746527214434)
[2025-05-06T10:26:54.454+0000] {spark_submit.py:490} INFO - (spark.executorEnv.PYSPARK_PYTHON,/usr/bin/python3)
[2025-05-06T10:26:54.454+0000] {spark_submit.py:490} INFO - (spark.master,spark://spark-master:7077)
[2025-05-06T10:26:54.454+0000] {spark_submit.py:490} INFO - (spark.pyspark.python,/usr/bin/python3)
[2025-05-06T10:26:54.455+0000] {spark_submit.py:490} INFO - (spark.submit.deployMode,client)
[2025-05-06T10:26:54.455+0000] {spark_submit.py:490} INFO - (spark.submit.pyFiles,)
[2025-05-06T10:26:54.455+0000] {spark_submit.py:490} INFO - Classpath elements:
[2025-05-06T10:26:54.455+0000] {spark_submit.py:490} INFO - 
[2025-05-06T10:26:54.455+0000] {spark_submit.py:490} INFO - 
[2025-05-06T10:26:54.455+0000] {spark_submit.py:490} INFO - 
[2025-05-06T10:26:54.973+0000] {spark_submit.py:490} INFO - 25/05/06 10:26:54 INFO SparkContext: Running Spark version 3.3.0
[2025-05-06T10:26:55.040+0000] {spark_submit.py:490} INFO - 25/05/06 10:26:55 WARN NativeCodeLoader: Unable to load native-hadoop library for your platform... using builtin-java classes where applicable
[2025-05-06T10:26:55.118+0000] {spark_submit.py:490} INFO - 25/05/06 10:26:55 INFO ResourceUtils: ==============================================================
[2025-05-06T10:26:55.118+0000] {spark_submit.py:490} INFO - 25/05/06 10:26:55 INFO ResourceUtils: No custom resources configured for spark.driver.
[2025-05-06T10:26:55.118+0000] {spark_submit.py:490} INFO - 25/05/06 10:26:55 INFO ResourceUtils: ==============================================================
[2025-05-06T10:26:55.119+0000] {spark_submit.py:490} INFO - 25/05/06 10:26:55 INFO SparkContext: Submitted application: Bronze to Silver ETL
[2025-05-06T10:26:55.139+0000] {spark_submit.py:490} INFO - 25/05/06 10:26:55 INFO ResourceProfile: Default ResourceProfile created, executor resources: Map(cores -> name: cores, amount: 1, script: , vendor: , memory -> name: memory, amount: 1024, script: , vendor: , offHeap -> name: offHeap, amount: 0, script: , vendor: ), task resources: Map(cpus -> name: cpus, amount: 1.0)
[2025-05-06T10:26:55.149+0000] {spark_submit.py:490} INFO - 25/05/06 10:26:55 INFO ResourceProfile: Limiting resource is cpu
[2025-05-06T10:26:55.149+0000] {spark_submit.py:490} INFO - 25/05/06 10:26:55 INFO ResourceProfileManager: Added ResourceProfile id: 0
[2025-05-06T10:26:55.196+0000] {spark_submit.py:490} INFO - 25/05/06 10:26:55 INFO SecurityManager: Changing view acls to: root
[2025-05-06T10:26:55.197+0000] {spark_submit.py:490} INFO - 25/05/06 10:26:55 INFO SecurityManager: Changing modify acls to: root
[2025-05-06T10:26:55.197+0000] {spark_submit.py:490} INFO - 25/05/06 10:26:55 INFO SecurityManager: Changing view acls groups to:
[2025-05-06T10:26:55.197+0000] {spark_submit.py:490} INFO - 25/05/06 10:26:55 INFO SecurityManager: Changing modify acls groups to:
[2025-05-06T10:26:55.198+0000] {spark_submit.py:490} INFO - 25/05/06 10:26:55 INFO SecurityManager: SecurityManager: authentication disabled; ui acls disabled; users  with view permissions: Set(root); groups with view permissions: Set(); users  with modify permissions: Set(root); groups with modify permissions: Set()
[2025-05-06T10:26:55.419+0000] {spark_submit.py:490} INFO - 25/05/06 10:26:55 INFO Utils: Successfully started service 'sparkDriver' on port 32841.
[2025-05-06T10:26:55.444+0000] {spark_submit.py:490} INFO - 25/05/06 10:26:55 INFO SparkEnv: Registering MapOutputTracker
[2025-05-06T10:26:55.474+0000] {spark_submit.py:490} INFO - 25/05/06 10:26:55 INFO SparkEnv: Registering BlockManagerMaster
[2025-05-06T10:26:55.494+0000] {spark_submit.py:490} INFO - 25/05/06 10:26:55 INFO BlockManagerMasterEndpoint: Using org.apache.spark.storage.DefaultTopologyMapper for getting topology information
[2025-05-06T10:26:55.495+0000] {spark_submit.py:490} INFO - 25/05/06 10:26:55 INFO BlockManagerMasterEndpoint: BlockManagerMasterEndpoint up
[2025-05-06T10:26:55.499+0000] {spark_submit.py:490} INFO - 25/05/06 10:26:55 INFO SparkEnv: Registering BlockManagerMasterHeartbeat
[2025-05-06T10:26:55.521+0000] {spark_submit.py:490} INFO - 25/05/06 10:26:55 INFO DiskBlockManager: Created local directory at /tmp/blockmgr-a816ac8d-0547-434d-972a-359713a3a5c5
[2025-05-06T10:26:55.543+0000] {spark_submit.py:490} INFO - 25/05/06 10:26:55 INFO MemoryStore: MemoryStore started with capacity 434.4 MiB
[2025-05-06T10:26:55.575+0000] {spark_submit.py:490} INFO - 25/05/06 10:26:55 INFO SparkEnv: Registering OutputCommitCoordinator
[2025-05-06T10:26:55.757+0000] {spark_submit.py:490} INFO - 25/05/06 10:26:55 INFO Utils: Successfully started service 'SparkUI' on port 4040.
[2025-05-06T10:26:55.866+0000] {spark_submit.py:490} INFO - 25/05/06 10:26:55 INFO StandaloneAppClient$ClientEndpoint: Connecting to master spark://spark-master:7077...
[2025-05-06T10:26:55.910+0000] {spark_submit.py:490} INFO - 25/05/06 10:26:55 INFO TransportClientFactory: Successfully created connection to spark-master/172.18.0.3:7077 after 26 ms (0 ms spent in bootstraps)
[2025-05-06T10:26:55.986+0000] {spark_submit.py:490} INFO - 25/05/06 10:26:55 INFO StandaloneSchedulerBackend: Connected to Spark cluster with app ID app-20250506102655-0047
[2025-05-06T10:26:55.988+0000] {spark_submit.py:490} INFO - 25/05/06 10:26:55 INFO StandaloneAppClient$ClientEndpoint: Executor added: app-20250506102655-0047/0 on worker-20250505201940-172.18.0.6-38439 (172.18.0.6:38439) with 2 core(s)
[2025-05-06T10:26:55.991+0000] {spark_submit.py:490} INFO - 25/05/06 10:26:55 INFO StandaloneSchedulerBackend: Granted executor ID app-20250506102655-0047/0 on hostPort 172.18.0.6:38439 with 2 core(s), 1024.0 MiB RAM
[2025-05-06T10:26:55.996+0000] {spark_submit.py:490} INFO - 25/05/06 10:26:55 INFO Utils: Successfully started service 'org.apache.spark.network.netty.NettyBlockTransferService' on port 43375.
[2025-05-06T10:26:55.996+0000] {spark_submit.py:490} INFO - 25/05/06 10:26:55 INFO NettyBlockTransferService: Server created on b431f09a1fa6:43375
[2025-05-06T10:26:55.998+0000] {spark_submit.py:490} INFO - 25/05/06 10:26:55 INFO BlockManager: Using org.apache.spark.storage.RandomBlockReplicationPolicy for block replication policy
[2025-05-06T10:26:56.006+0000] {spark_submit.py:490} INFO - 25/05/06 10:26:56 INFO BlockManagerMaster: Registering BlockManager BlockManagerId(driver, b431f09a1fa6, 43375, None)
[2025-05-06T10:26:56.010+0000] {spark_submit.py:490} INFO - 25/05/06 10:26:56 INFO BlockManagerMasterEndpoint: Registering block manager b431f09a1fa6:43375 with 434.4 MiB RAM, BlockManagerId(driver, b431f09a1fa6, 43375, None)
[2025-05-06T10:26:56.013+0000] {spark_submit.py:490} INFO - 25/05/06 10:26:56 INFO BlockManagerMaster: Registered BlockManager BlockManagerId(driver, b431f09a1fa6, 43375, None)
[2025-05-06T10:26:56.015+0000] {spark_submit.py:490} INFO - 25/05/06 10:26:56 INFO BlockManager: Initialized BlockManager: BlockManagerId(driver, b431f09a1fa6, 43375, None)
[2025-05-06T10:26:56.020+0000] {spark_submit.py:490} INFO - 25/05/06 10:26:56 INFO StandaloneAppClient$ClientEndpoint: Executor updated: app-20250506102655-0047/0 is now RUNNING
[2025-05-06T10:26:56.220+0000] {spark_submit.py:490} INFO - 25/05/06 10:26:56 INFO StandaloneSchedulerBackend: SchedulerBackend is ready for scheduling beginning after reached minRegisteredResourcesRatio: 0.0
[2025-05-06T10:26:56.368+0000] {spark_submit.py:490} INFO - 🔍 Читання з: /tmp/spark_data/bronze/athlete_event_results/20250506_*
[2025-05-06T10:26:56.427+0000] {spark_submit.py:490} INFO - 25/05/06 10:26:56 INFO SharedState: Setting hive.metastore.warehouse.dir ('null') to the value of spark.sql.warehouse.dir.
[2025-05-06T10:26:56.436+0000] {spark_submit.py:490} INFO - 25/05/06 10:26:56 INFO SharedState: Warehouse path is 'file:/opt/airflow/spark-warehouse'.
[2025-05-06T10:26:57.356+0000] {spark_submit.py:490} INFO - 25/05/06 10:26:57 INFO InMemoryFileIndex: It took 71 ms to list leaf files for 8 paths.
[2025-05-06T10:26:57.846+0000] {spark_submit.py:490} INFO - 25/05/06 10:26:57 INFO SparkContext: Starting job: load at NativeMethodAccessorImpl.java:0
[2025-05-06T10:26:57.864+0000] {spark_submit.py:490} INFO - 25/05/06 10:26:57 INFO DAGScheduler: Got job 0 (load at NativeMethodAccessorImpl.java:0) with 1 output partitions
[2025-05-06T10:26:57.865+0000] {spark_submit.py:490} INFO - 25/05/06 10:26:57 INFO DAGScheduler: Final stage: ResultStage 0 (load at NativeMethodAccessorImpl.java:0)
[2025-05-06T10:26:57.865+0000] {spark_submit.py:490} INFO - 25/05/06 10:26:57 INFO DAGScheduler: Parents of final stage: List()
[2025-05-06T10:26:57.867+0000] {spark_submit.py:490} INFO - 25/05/06 10:26:57 INFO DAGScheduler: Missing parents: List()
[2025-05-06T10:26:57.873+0000] {spark_submit.py:490} INFO - 25/05/06 10:26:57 INFO DAGScheduler: Submitting ResultStage 0 (MapPartitionsRDD[1] at load at NativeMethodAccessorImpl.java:0), which has no missing parents
[2025-05-06T10:26:57.938+0000] {spark_submit.py:490} INFO - 25/05/06 10:26:57 INFO MemoryStore: Block broadcast_0 stored as values in memory (estimated size 102.8 KiB, free 434.3 MiB)
[2025-05-06T10:26:57.978+0000] {spark_submit.py:490} INFO - 25/05/06 10:26:57 INFO MemoryStore: Block broadcast_0_piece0 stored as bytes in memory (estimated size 36.9 KiB, free 434.3 MiB)
[2025-05-06T10:26:57.982+0000] {spark_submit.py:490} INFO - 25/05/06 10:26:57 INFO BlockManagerInfo: Added broadcast_0_piece0 in memory on b431f09a1fa6:43375 (size: 36.9 KiB, free: 434.4 MiB)
[2025-05-06T10:26:57.986+0000] {spark_submit.py:490} INFO - 25/05/06 10:26:57 INFO SparkContext: Created broadcast 0 from broadcast at DAGScheduler.scala:1513
[2025-05-06T10:26:58.014+0000] {spark_submit.py:490} INFO - 25/05/06 10:26:58 INFO DAGScheduler: Submitting 1 missing tasks from ResultStage 0 (MapPartitionsRDD[1] at load at NativeMethodAccessorImpl.java:0) (first 15 tasks are for partitions Vector(0))
[2025-05-06T10:26:58.015+0000] {spark_submit.py:490} INFO - 25/05/06 10:26:58 INFO TaskSchedulerImpl: Adding task set 0.0 with 1 tasks resource profile 0
[2025-05-06T10:26:58.825+0000] {spark_submit.py:490} INFO - 25/05/06 10:26:58 INFO CoarseGrainedSchedulerBackend$DriverEndpoint: Registered executor NettyRpcEndpointRef(spark-client://Executor) (172.18.0.6:34980) with ID 0,  ResourceProfileId 0
[2025-05-06T10:26:58.892+0000] {spark_submit.py:490} INFO - 25/05/06 10:26:58 INFO BlockManagerMasterEndpoint: Registering block manager 172.18.0.6:43393 with 366.3 MiB RAM, BlockManagerId(0, 172.18.0.6, 43393, None)
[2025-05-06T10:26:58.953+0000] {spark_submit.py:490} INFO - 25/05/06 10:26:58 INFO TaskSetManager: Starting task 0.0 in stage 0.0 (TID 0) (172.18.0.6, executor 0, partition 0, PROCESS_LOCAL, 4685 bytes) taskResourceAssignments Map()
[2025-05-06T10:26:59.168+0000] {spark_submit.py:490} INFO - 25/05/06 10:26:59 INFO BlockManagerInfo: Added broadcast_0_piece0 in memory on 172.18.0.6:43393 (size: 36.9 KiB, free: 366.3 MiB)
[2025-05-06T10:27:00.067+0000] {spark_submit.py:490} INFO - 25/05/06 10:27:00 INFO TaskSetManager: Finished task 0.0 in stage 0.0 (TID 0) in 1124 ms on 172.18.0.6 (executor 0) (1/1)
[2025-05-06T10:27:00.068+0000] {spark_submit.py:490} INFO - 25/05/06 10:27:00 INFO TaskSchedulerImpl: Removed TaskSet 0.0, whose tasks have all completed, from pool
[2025-05-06T10:27:00.073+0000] {spark_submit.py:490} INFO - 25/05/06 10:27:00 INFO DAGScheduler: ResultStage 0 (load at NativeMethodAccessorImpl.java:0) finished in 2.186 s
[2025-05-06T10:27:00.078+0000] {spark_submit.py:490} INFO - 25/05/06 10:27:00 INFO DAGScheduler: Job 0 is finished. Cancelling potential speculative or zombie tasks for this job
[2025-05-06T10:27:00.079+0000] {spark_submit.py:490} INFO - 25/05/06 10:27:00 INFO TaskSchedulerImpl: Killing all running tasks in stage 0: Stage finished
[2025-05-06T10:27:00.081+0000] {spark_submit.py:490} INFO - 25/05/06 10:27:00 INFO DAGScheduler: Job 0 finished: load at NativeMethodAccessorImpl.java:0, took 2.235339 s
[2025-05-06T10:27:00.592+0000] {spark_submit.py:490} INFO - 25/05/06 10:27:00 INFO BlockManagerInfo: Removed broadcast_0_piece0 on b431f09a1fa6:43375 in memory (size: 36.9 KiB, free: 434.4 MiB)
[2025-05-06T10:27:00.598+0000] {spark_submit.py:490} INFO - 25/05/06 10:27:00 INFO BlockManagerInfo: Removed broadcast_0_piece0 on 172.18.0.6:43393 in memory (size: 36.9 KiB, free: 366.3 MiB)
[2025-05-06T10:27:01.435+0000] {spark_submit.py:490} INFO - 📑 Схема початкового датафрейму:
[2025-05-06T10:27:01.453+0000] {spark_submit.py:490} INFO - root
[2025-05-06T10:27:01.453+0000] {spark_submit.py:490} INFO - |-- edition: string (nullable = true)
[2025-05-06T10:27:01.454+0000] {spark_submit.py:490} INFO - |-- edition_id: string (nullable = true)
[2025-05-06T10:27:01.454+0000] {spark_submit.py:490} INFO - |-- country_noc: string (nullable = true)
[2025-05-06T10:27:01.454+0000] {spark_submit.py:490} INFO - |-- sport: string (nullable = true)
[2025-05-06T10:27:01.454+0000] {spark_submit.py:490} INFO - |-- event: string (nullable = true)
[2025-05-06T10:27:01.454+0000] {spark_submit.py:490} INFO - |-- result_id: string (nullable = true)
[2025-05-06T10:27:01.454+0000] {spark_submit.py:490} INFO - |-- athlete: string (nullable = true)
[2025-05-06T10:27:01.454+0000] {spark_submit.py:490} INFO - |-- athlete_id: string (nullable = true)
[2025-05-06T10:27:01.454+0000] {spark_submit.py:490} INFO - |-- pos: string (nullable = true)
[2025-05-06T10:27:01.454+0000] {spark_submit.py:490} INFO - |-- medal: string (nullable = true)
[2025-05-06T10:27:01.454+0000] {spark_submit.py:490} INFO - |-- isTeamSport: string (nullable = true)
[2025-05-06T10:27:01.454+0000] {spark_submit.py:490} INFO - 
[2025-05-06T10:27:01.455+0000] {spark_submit.py:490} INFO - 🔎 Перші 5 рядків з Bronze:
[2025-05-06T10:27:01.817+0000] {spark_submit.py:490} INFO - 25/05/06 10:27:01 INFO FileSourceStrategy: Pushed Filters:
[2025-05-06T10:27:01.818+0000] {spark_submit.py:490} INFO - 25/05/06 10:27:01 INFO FileSourceStrategy: Post-Scan Filters:
[2025-05-06T10:27:01.820+0000] {spark_submit.py:490} INFO - 25/05/06 10:27:01 INFO FileSourceStrategy: Output Data Schema: struct<edition: string, edition_id: string, country_noc: string, sport: string, event: string ... 9 more fields>
[2025-05-06T10:27:02.157+0000] {spark_submit.py:490} INFO - 25/05/06 10:27:02 INFO CodeGenerator: Code generated in 197.069489 ms
[2025-05-06T10:27:02.188+0000] {spark_submit.py:490} INFO - 25/05/06 10:27:02 INFO MemoryStore: Block broadcast_1 stored as values in memory (estimated size 202.0 KiB, free 434.2 MiB)
[2025-05-06T10:27:02.201+0000] {spark_submit.py:490} INFO - 25/05/06 10:27:02 INFO MemoryStore: Block broadcast_1_piece0 stored as bytes in memory (estimated size 34.8 KiB, free 434.2 MiB)
[2025-05-06T10:27:02.202+0000] {spark_submit.py:490} INFO - 25/05/06 10:27:02 INFO BlockManagerInfo: Added broadcast_1_piece0 in memory on b431f09a1fa6:43375 (size: 34.8 KiB, free: 434.4 MiB)
[2025-05-06T10:27:02.203+0000] {spark_submit.py:490} INFO - 25/05/06 10:27:02 INFO SparkContext: Created broadcast 1 from showString at NativeMethodAccessorImpl.java:0
[2025-05-06T10:27:02.214+0000] {spark_submit.py:490} INFO - 25/05/06 10:27:02 INFO FileSourceScanExec: Planning scan with bin packing, max size: 54360016 bytes, open cost is considered as scanning 4194304 bytes.
[2025-05-06T10:27:02.257+0000] {spark_submit.py:490} INFO - 25/05/06 10:27:02 INFO SparkContext: Starting job: showString at NativeMethodAccessorImpl.java:0
[2025-05-06T10:27:02.259+0000] {spark_submit.py:490} INFO - 25/05/06 10:27:02 INFO DAGScheduler: Got job 1 (showString at NativeMethodAccessorImpl.java:0) with 1 output partitions
[2025-05-06T10:27:02.259+0000] {spark_submit.py:490} INFO - 25/05/06 10:27:02 INFO DAGScheduler: Final stage: ResultStage 1 (showString at NativeMethodAccessorImpl.java:0)
[2025-05-06T10:27:02.259+0000] {spark_submit.py:490} INFO - 25/05/06 10:27:02 INFO DAGScheduler: Parents of final stage: List()
[2025-05-06T10:27:02.259+0000] {spark_submit.py:490} INFO - 25/05/06 10:27:02 INFO DAGScheduler: Missing parents: List()
[2025-05-06T10:27:02.263+0000] {spark_submit.py:490} INFO - 25/05/06 10:27:02 INFO DAGScheduler: Submitting ResultStage 1 (MapPartitionsRDD[5] at showString at NativeMethodAccessorImpl.java:0), which has no missing parents
[2025-05-06T10:27:02.292+0000] {spark_submit.py:490} INFO - 25/05/06 10:27:02 INFO MemoryStore: Block broadcast_2 stored as values in memory (estimated size 18.4 KiB, free 434.2 MiB)
[2025-05-06T10:27:02.296+0000] {spark_submit.py:490} INFO - 25/05/06 10:27:02 INFO MemoryStore: Block broadcast_2_piece0 stored as bytes in memory (estimated size 6.5 KiB, free 434.1 MiB)
[2025-05-06T10:27:02.298+0000] {spark_submit.py:490} INFO - 25/05/06 10:27:02 INFO BlockManagerInfo: Added broadcast_2_piece0 in memory on b431f09a1fa6:43375 (size: 6.5 KiB, free: 434.4 MiB)
[2025-05-06T10:27:02.299+0000] {spark_submit.py:490} INFO - 25/05/06 10:27:02 INFO SparkContext: Created broadcast 2 from broadcast at DAGScheduler.scala:1513
[2025-05-06T10:27:02.299+0000] {spark_submit.py:490} INFO - 25/05/06 10:27:02 INFO DAGScheduler: Submitting 1 missing tasks from ResultStage 1 (MapPartitionsRDD[5] at showString at NativeMethodAccessorImpl.java:0) (first 15 tasks are for partitions Vector(0))
[2025-05-06T10:27:02.300+0000] {spark_submit.py:490} INFO - 25/05/06 10:27:02 INFO TaskSchedulerImpl: Adding task set 1.0 with 1 tasks resource profile 0
[2025-05-06T10:27:02.304+0000] {spark_submit.py:490} INFO - 25/05/06 10:27:02 INFO TaskSetManager: Starting task 0.0 in stage 1.0 (TID 1) (172.18.0.6, executor 0, partition 0, PROCESS_LOCAL, 6277 bytes) taskResourceAssignments Map()
[2025-05-06T10:27:02.349+0000] {spark_submit.py:490} INFO - 25/05/06 10:27:02 INFO BlockManagerInfo: Added broadcast_2_piece0 in memory on 172.18.0.6:43393 (size: 6.5 KiB, free: 366.3 MiB)
[2025-05-06T10:27:02.956+0000] {spark_submit.py:490} INFO - 25/05/06 10:27:02 INFO BlockManagerInfo: Added broadcast_1_piece0 in memory on 172.18.0.6:43393 (size: 34.8 KiB, free: 366.3 MiB)
[2025-05-06T10:27:03.418+0000] {spark_submit.py:490} INFO - 25/05/06 10:27:03 INFO TaskSetManager: Finished task 0.0 in stage 1.0 (TID 1) in 1116 ms on 172.18.0.6 (executor 0) (1/1)
[2025-05-06T10:27:03.418+0000] {spark_submit.py:490} INFO - 25/05/06 10:27:03 INFO TaskSchedulerImpl: Removed TaskSet 1.0, whose tasks have all completed, from pool
[2025-05-06T10:27:03.419+0000] {spark_submit.py:490} INFO - 25/05/06 10:27:03 INFO DAGScheduler: ResultStage 1 (showString at NativeMethodAccessorImpl.java:0) finished in 1.152 s
[2025-05-06T10:27:03.419+0000] {spark_submit.py:490} INFO - 25/05/06 10:27:03 INFO DAGScheduler: Job 1 is finished. Cancelling potential speculative or zombie tasks for this job
[2025-05-06T10:27:03.419+0000] {spark_submit.py:490} INFO - 25/05/06 10:27:03 INFO TaskSchedulerImpl: Killing all running tasks in stage 1: Stage finished
[2025-05-06T10:27:03.420+0000] {spark_submit.py:490} INFO - 25/05/06 10:27:03 INFO DAGScheduler: Job 1 finished: showString at NativeMethodAccessorImpl.java:0, took 1.162813 s
[2025-05-06T10:27:03.465+0000] {spark_submit.py:490} INFO - 25/05/06 10:27:03 INFO CodeGenerator: Code generated in 21.049615 ms
[2025-05-06T10:27:03.477+0000] {spark_submit.py:490} INFO - +--------------------+----------+-----------+---------+---------------+---------+---------------+----------+---------+-----+-----------+
[2025-05-06T10:27:03.478+0000] {spark_submit.py:490} INFO - |edition             |edition_id|country_noc|sport    |event          |result_id|athlete        |athlete_id|pos      |medal|isTeamSport|
[2025-05-06T10:27:03.478+0000] {spark_submit.py:490} INFO - +--------------------+----------+-----------+---------+---------------+---------+---------------+----------+---------+-----+-----------+
[2025-05-06T10:27:03.478+0000] {spark_submit.py:490} INFO - |1908 Summer Olympics|5         |ANZ        |Athletics|100 metres, Men|56265    |Ernest Hutcheon|64710     |DNS      |null |False      |
[2025-05-06T10:27:03.478+0000] {spark_submit.py:490} INFO - |1908 Summer Olympics|5         |ANZ        |Athletics|400 metres, Men|56313    |Henry Murray   |64756     |DNS      |null |False      |
[2025-05-06T10:27:03.478+0000] {spark_submit.py:490} INFO - |1908 Summer Olympics|5         |ANZ        |Athletics|800 metres, Men|56338    |Harvey Sutton  |64808     |3 h8 r1/2|null |False      |
[2025-05-06T10:27:03.478+0000] {spark_submit.py:490} INFO - |1908 Summer Olympics|5         |ANZ        |Athletics|800 metres, Men|56338    |Guy Haskins    |922519    |DNS      |null |False      |
[2025-05-06T10:27:03.478+0000] {spark_submit.py:490} INFO - |1908 Summer Olympics|5         |ANZ        |Athletics|800 metres, Men|56338    |Joseph Lynch   |64735     |DNS      |null |False      |
[2025-05-06T10:27:03.478+0000] {spark_submit.py:490} INFO - +--------------------+----------+-----------+---------+---------------+---------+---------------+----------+---------+-----+-----------+
[2025-05-06T10:27:03.478+0000] {spark_submit.py:490} INFO - only showing top 5 rows
[2025-05-06T10:27:03.479+0000] {spark_submit.py:490} INFO - 
[2025-05-06T10:27:03.479+0000] {spark_submit.py:490} INFO - 🧼 Чищення датафрейму...
[2025-05-06T10:27:03.772+0000] {spark_submit.py:490} INFO - 📑 Схема очищеного датафрейму:
[2025-05-06T10:27:03.772+0000] {spark_submit.py:490} INFO - root
[2025-05-06T10:27:03.772+0000] {spark_submit.py:490} INFO - |-- edition: string (nullable = true)
[2025-05-06T10:27:03.773+0000] {spark_submit.py:490} INFO - |-- edition_id: string (nullable = true)
[2025-05-06T10:27:03.773+0000] {spark_submit.py:490} INFO - |-- country_noc: string (nullable = true)
[2025-05-06T10:27:03.773+0000] {spark_submit.py:490} INFO - |-- sport: string (nullable = true)
[2025-05-06T10:27:03.773+0000] {spark_submit.py:490} INFO - |-- event: string (nullable = true)
[2025-05-06T10:27:03.773+0000] {spark_submit.py:490} INFO - |-- result_id: string (nullable = true)
[2025-05-06T10:27:03.773+0000] {spark_submit.py:490} INFO - |-- athlete: string (nullable = true)
[2025-05-06T10:27:03.773+0000] {spark_submit.py:490} INFO - |-- athlete_id: string (nullable = true)
[2025-05-06T10:27:03.773+0000] {spark_submit.py:490} INFO - |-- pos: string (nullable = true)
[2025-05-06T10:27:03.773+0000] {spark_submit.py:490} INFO - |-- medal: string (nullable = true)
[2025-05-06T10:27:03.773+0000] {spark_submit.py:490} INFO - |-- isTeamSport: string (nullable = true)
[2025-05-06T10:27:03.773+0000] {spark_submit.py:490} INFO - 
[2025-05-06T10:27:03.773+0000] {spark_submit.py:490} INFO - 🔎 Перші 10 рядків після очищення:
[2025-05-06T10:27:03.847+0000] {spark_submit.py:490} INFO - 25/05/06 10:27:03 INFO FileSourceStrategy: Pushed Filters:
[2025-05-06T10:27:03.847+0000] {spark_submit.py:490} INFO - 25/05/06 10:27:03 INFO FileSourceStrategy: Post-Scan Filters:
[2025-05-06T10:27:03.848+0000] {spark_submit.py:490} INFO - 25/05/06 10:27:03 INFO FileSourceStrategy: Output Data Schema: struct<edition: string, edition_id: string, country_noc: string, sport: string, event: string ... 9 more fields>
[2025-05-06T10:27:03.912+0000] {spark_submit.py:490} INFO - 25/05/06 10:27:03 INFO CodeGenerator: Code generated in 20.645045 ms
[2025-05-06T10:27:03.925+0000] {spark_submit.py:490} INFO - 25/05/06 10:27:03 INFO MemoryStore: Block broadcast_3 stored as values in memory (estimated size 202.0 KiB, free 433.9 MiB)
[2025-05-06T10:27:03.936+0000] {spark_submit.py:490} INFO - 25/05/06 10:27:03 INFO MemoryStore: Block broadcast_3_piece0 stored as bytes in memory (estimated size 34.8 KiB, free 433.9 MiB)
[2025-05-06T10:27:03.937+0000] {spark_submit.py:490} INFO - 25/05/06 10:27:03 INFO BlockManagerInfo: Added broadcast_3_piece0 in memory on b431f09a1fa6:43375 (size: 34.8 KiB, free: 434.3 MiB)
[2025-05-06T10:27:03.939+0000] {spark_submit.py:490} INFO - 25/05/06 10:27:03 INFO SparkContext: Created broadcast 3 from showString at NativeMethodAccessorImpl.java:0
[2025-05-06T10:27:03.943+0000] {spark_submit.py:490} INFO - 25/05/06 10:27:03 INFO FileSourceScanExec: Planning scan with bin packing, max size: 54360016 bytes, open cost is considered as scanning 4194304 bytes.
[2025-05-06T10:27:04.007+0000] {spark_submit.py:490} INFO - 25/05/06 10:27:04 INFO SparkContext: Starting job: showString at NativeMethodAccessorImpl.java:0
[2025-05-06T10:27:04.009+0000] {spark_submit.py:490} INFO - 25/05/06 10:27:04 INFO DAGScheduler: Got job 2 (showString at NativeMethodAccessorImpl.java:0) with 1 output partitions
[2025-05-06T10:27:04.009+0000] {spark_submit.py:490} INFO - 25/05/06 10:27:04 INFO DAGScheduler: Final stage: ResultStage 2 (showString at NativeMethodAccessorImpl.java:0)
[2025-05-06T10:27:04.009+0000] {spark_submit.py:490} INFO - 25/05/06 10:27:04 INFO DAGScheduler: Parents of final stage: List()
[2025-05-06T10:27:04.009+0000] {spark_submit.py:490} INFO - 25/05/06 10:27:04 INFO DAGScheduler: Missing parents: List()
[2025-05-06T10:27:04.011+0000] {spark_submit.py:490} INFO - 25/05/06 10:27:04 INFO DAGScheduler: Submitting ResultStage 2 (MapPartitionsRDD[12] at showString at NativeMethodAccessorImpl.java:0), which has no missing parents
[2025-05-06T10:27:04.020+0000] {spark_submit.py:490} INFO - 25/05/06 10:27:04 INFO MemoryStore: Block broadcast_4 stored as values in memory (estimated size 48.1 KiB, free 433.9 MiB)
[2025-05-06T10:27:04.025+0000] {spark_submit.py:490} INFO - 25/05/06 10:27:04 INFO MemoryStore: Block broadcast_4_piece0 stored as bytes in memory (estimated size 16.0 KiB, free 433.9 MiB)
[2025-05-06T10:27:04.027+0000] {spark_submit.py:490} INFO - 25/05/06 10:27:04 INFO BlockManagerInfo: Added broadcast_4_piece0 in memory on b431f09a1fa6:43375 (size: 16.0 KiB, free: 434.3 MiB)
[2025-05-06T10:27:04.027+0000] {spark_submit.py:490} INFO - 25/05/06 10:27:04 INFO SparkContext: Created broadcast 4 from broadcast at DAGScheduler.scala:1513
[2025-05-06T10:27:04.028+0000] {spark_submit.py:490} INFO - 25/05/06 10:27:04 INFO DAGScheduler: Submitting 1 missing tasks from ResultStage 2 (MapPartitionsRDD[12] at showString at NativeMethodAccessorImpl.java:0) (first 15 tasks are for partitions Vector(0))
[2025-05-06T10:27:04.029+0000] {spark_submit.py:490} INFO - 25/05/06 10:27:04 INFO TaskSchedulerImpl: Adding task set 2.0 with 1 tasks resource profile 0
[2025-05-06T10:27:04.030+0000] {spark_submit.py:490} INFO - 25/05/06 10:27:04 INFO TaskSetManager: Starting task 0.0 in stage 2.0 (TID 2) (172.18.0.6, executor 0, partition 0, PROCESS_LOCAL, 6277 bytes) taskResourceAssignments Map()
[2025-05-06T10:27:04.049+0000] {spark_submit.py:490} INFO - 25/05/06 10:27:04 INFO BlockManagerInfo: Added broadcast_4_piece0 in memory on 172.18.0.6:43393 (size: 16.0 KiB, free: 366.2 MiB)
[2025-05-06T10:27:04.784+0000] {spark_submit.py:490} INFO - 25/05/06 10:27:04 INFO BlockManagerInfo: Added broadcast_3_piece0 in memory on 172.18.0.6:43393 (size: 34.8 KiB, free: 366.2 MiB)
[2025-05-06T10:27:04.925+0000] {spark_submit.py:490} INFO - 25/05/06 10:27:04 INFO TaskSetManager: Finished task 0.0 in stage 2.0 (TID 2) in 895 ms on 172.18.0.6 (executor 0) (1/1)
[2025-05-06T10:27:04.926+0000] {spark_submit.py:490} INFO - 25/05/06 10:27:04 INFO TaskSchedulerImpl: Removed TaskSet 2.0, whose tasks have all completed, from pool
[2025-05-06T10:27:04.931+0000] {spark_submit.py:490} INFO - 25/05/06 10:27:04 INFO PythonAccumulatorV2: Connected to AccumulatorServer at host: 127.0.0.1 port: 47891
[2025-05-06T10:27:04.933+0000] {spark_submit.py:490} INFO - 25/05/06 10:27:04 INFO DAGScheduler: ResultStage 2 (showString at NativeMethodAccessorImpl.java:0) finished in 0.921 s
[2025-05-06T10:27:04.934+0000] {spark_submit.py:490} INFO - 25/05/06 10:27:04 INFO DAGScheduler: Job 2 is finished. Cancelling potential speculative or zombie tasks for this job
[2025-05-06T10:27:04.934+0000] {spark_submit.py:490} INFO - 25/05/06 10:27:04 INFO TaskSchedulerImpl: Killing all running tasks in stage 2: Stage finished
[2025-05-06T10:27:04.935+0000] {spark_submit.py:490} INFO - 25/05/06 10:27:04 INFO DAGScheduler: Job 2 finished: showString at NativeMethodAccessorImpl.java:0, took 0.927311 s
[2025-05-06T10:27:04.947+0000] {spark_submit.py:490} INFO - +--------------------+----------+-----------+---------+---------------+---------+---------------+----------+---------+-----+-----------+
[2025-05-06T10:27:04.947+0000] {spark_submit.py:490} INFO - |edition             |edition_id|country_noc|sport    |event          |result_id|athlete        |athlete_id|pos      |medal|isTeamSport|
[2025-05-06T10:27:04.948+0000] {spark_submit.py:490} INFO - +--------------------+----------+-----------+---------+---------------+---------+---------------+----------+---------+-----+-----------+
[2025-05-06T10:27:04.948+0000] {spark_submit.py:490} INFO - |1908 summer olympics|5         |anz        |athletics|100 metres men |56265    |ernest hutcheon|64710     |dns      |     |false      |
[2025-05-06T10:27:04.948+0000] {spark_submit.py:490} INFO - |1908 summer olympics|5         |anz        |athletics|400 metres men |56313    |henry murray   |64756     |dns      |     |false      |
[2025-05-06T10:27:04.948+0000] {spark_submit.py:490} INFO - |1908 summer olympics|5         |anz        |athletics|800 metres men |56338    |harvey sutton  |64808     |3 h8 r12 |     |false      |
[2025-05-06T10:27:04.948+0000] {spark_submit.py:490} INFO - |1908 summer olympics|5         |anz        |athletics|800 metres men |56338    |guy haskins    |922519    |dns      |     |false      |
[2025-05-06T10:27:04.948+0000] {spark_submit.py:490} INFO - |1908 summer olympics|5         |anz        |athletics|800 metres men |56338    |joseph lynch   |64735     |dns      |     |false      |
[2025-05-06T10:27:04.948+0000] {spark_submit.py:490} INFO - |1908 summer olympics|5         |anz        |athletics|800 metres men |56338    |henry murray   |64756     |dns      |     |false      |
[2025-05-06T10:27:04.948+0000] {spark_submit.py:490} INFO - |1908 summer olympics|5         |anz        |athletics|1500 metres men|56349    |joseph lynch   |64735     |5 h2 r12 |     |false      |
[2025-05-06T10:27:04.949+0000] {spark_submit.py:490} INFO - |1908 summer olympics|5         |anz        |athletics|1500 metres men|56349    |charles swain  |79576     |ac h3 r12|     |false      |
[2025-05-06T10:27:04.949+0000] {spark_submit.py:490} INFO - |1908 summer olympics|5         |anz        |athletics|1500 metres men|56349    |guy haskins    |922519    |dns      |     |false      |
[2025-05-06T10:27:04.949+0000] {spark_submit.py:490} INFO - |1908 summer olympics|5         |anz        |athletics|1500 metres men|56349    |george blake   |64619     |dns      |     |false      |
[2025-05-06T10:27:04.949+0000] {spark_submit.py:490} INFO - +--------------------+----------+-----------+---------+---------------+---------+---------------+----------+---------+-----+-----------+
[2025-05-06T10:27:04.949+0000] {spark_submit.py:490} INFO - only showing top 10 rows
[2025-05-06T10:27:04.949+0000] {spark_submit.py:490} INFO - 
[2025-05-06T10:27:04.949+0000] {spark_submit.py:490} INFO - 💾 Збереження до Silver рівня: /tmp/spark_data/silver/athlete_event_results/20250506
[2025-05-06T10:27:04.998+0000] {spark_submit.py:490} INFO - 25/05/06 10:27:04 INFO FileSourceStrategy: Pushed Filters:
[2025-05-06T10:27:04.998+0000] {spark_submit.py:490} INFO - 25/05/06 10:27:04 INFO FileSourceStrategy: Post-Scan Filters:
[2025-05-06T10:27:04.998+0000] {spark_submit.py:490} INFO - 25/05/06 10:27:04 INFO FileSourceStrategy: Output Data Schema: struct<edition: string, edition_id: string, country_noc: string, sport: string, event: string ... 9 more fields>
[2025-05-06T10:27:05.035+0000] {spark_submit.py:490} INFO - 25/05/06 10:27:05 INFO ParquetFileFormat: Using default output committer for Parquet: org.apache.parquet.hadoop.ParquetOutputCommitter
[2025-05-06T10:27:05.047+0000] {spark_submit.py:490} INFO - 25/05/06 10:27:05 INFO FileOutputCommitter: File Output Committer Algorithm version is 1
[2025-05-06T10:27:05.047+0000] {spark_submit.py:490} INFO - 25/05/06 10:27:05 INFO FileOutputCommitter: FileOutputCommitter skip cleanup _temporary folders under output directory:false, ignore cleanup failures: false
[2025-05-06T10:27:05.048+0000] {spark_submit.py:490} INFO - 25/05/06 10:27:05 INFO SQLHadoopMapReduceCommitProtocol: Using user defined output committer class org.apache.parquet.hadoop.ParquetOutputCommitter
[2025-05-06T10:27:05.048+0000] {spark_submit.py:490} INFO - 25/05/06 10:27:05 INFO FileOutputCommitter: File Output Committer Algorithm version is 1
[2025-05-06T10:27:05.048+0000] {spark_submit.py:490} INFO - 25/05/06 10:27:05 INFO FileOutputCommitter: FileOutputCommitter skip cleanup _temporary folders under output directory:false, ignore cleanup failures: false
[2025-05-06T10:27:05.049+0000] {spark_submit.py:490} INFO - 25/05/06 10:27:05 INFO SQLHadoopMapReduceCommitProtocol: Using output committer class org.apache.parquet.hadoop.ParquetOutputCommitter
[2025-05-06T10:27:05.096+0000] {spark_submit.py:490} INFO - 25/05/06 10:27:05 INFO BlockManagerInfo: Removed broadcast_2_piece0 on b431f09a1fa6:43375 in memory (size: 6.5 KiB, free: 434.3 MiB)
[2025-05-06T10:27:05.099+0000] {spark_submit.py:490} INFO - 25/05/06 10:27:05 INFO MemoryStore: Block broadcast_5 stored as values in memory (estimated size 202.0 KiB, free 433.7 MiB)
[2025-05-06T10:27:05.099+0000] {spark_submit.py:490} INFO - 25/05/06 10:27:05 INFO BlockManagerInfo: Removed broadcast_2_piece0 on 172.18.0.6:43393 in memory (size: 6.5 KiB, free: 366.2 MiB)
[2025-05-06T10:27:05.107+0000] {spark_submit.py:490} INFO - 25/05/06 10:27:05 INFO BlockManagerInfo: Removed broadcast_4_piece0 on b431f09a1fa6:43375 in memory (size: 16.0 KiB, free: 434.3 MiB)
[2025-05-06T10:27:05.110+0000] {spark_submit.py:490} INFO - 25/05/06 10:27:05 INFO BlockManagerInfo: Removed broadcast_4_piece0 on 172.18.0.6:43393 in memory (size: 16.0 KiB, free: 366.2 MiB)
[2025-05-06T10:27:05.110+0000] {spark_submit.py:490} INFO - 25/05/06 10:27:05 INFO MemoryStore: Block broadcast_5_piece0 stored as bytes in memory (estimated size 34.8 KiB, free 433.7 MiB)
[2025-05-06T10:27:05.112+0000] {spark_submit.py:490} INFO - 25/05/06 10:27:05 INFO BlockManagerInfo: Added broadcast_5_piece0 in memory on b431f09a1fa6:43375 (size: 34.8 KiB, free: 434.3 MiB)
[2025-05-06T10:27:05.113+0000] {spark_submit.py:490} INFO - 25/05/06 10:27:05 INFO SparkContext: Created broadcast 5 from parquet at NativeMethodAccessorImpl.java:0
[2025-05-06T10:27:05.115+0000] {spark_submit.py:490} INFO - 25/05/06 10:27:05 INFO FileSourceScanExec: Planning scan with bin packing, max size: 54360016 bytes, open cost is considered as scanning 4194304 bytes.
[2025-05-06T10:27:05.120+0000] {spark_submit.py:490} INFO - 25/05/06 10:27:05 INFO BlockManagerInfo: Removed broadcast_3_piece0 on b431f09a1fa6:43375 in memory (size: 34.8 KiB, free: 434.3 MiB)
[2025-05-06T10:27:05.122+0000] {spark_submit.py:490} INFO - 25/05/06 10:27:05 INFO BlockManagerInfo: Removed broadcast_3_piece0 on 172.18.0.6:43393 in memory (size: 34.8 KiB, free: 366.3 MiB)
[2025-05-06T10:27:05.137+0000] {spark_submit.py:490} INFO - 25/05/06 10:27:05 INFO BlockManagerInfo: Removed broadcast_1_piece0 on b431f09a1fa6:43375 in memory (size: 34.8 KiB, free: 434.4 MiB)
[2025-05-06T10:27:05.138+0000] {spark_submit.py:490} INFO - 25/05/06 10:27:05 INFO BlockManagerInfo: Removed broadcast_1_piece0 on 172.18.0.6:43393 in memory (size: 34.8 KiB, free: 366.3 MiB)
[2025-05-06T10:27:05.160+0000] {spark_submit.py:490} INFO - 25/05/06 10:27:05 INFO SparkContext: Starting job: parquet at NativeMethodAccessorImpl.java:0
[2025-05-06T10:27:05.161+0000] {spark_submit.py:490} INFO - 25/05/06 10:27:05 INFO DAGScheduler: Got job 3 (parquet at NativeMethodAccessorImpl.java:0) with 2 output partitions
[2025-05-06T10:27:05.161+0000] {spark_submit.py:490} INFO - 25/05/06 10:27:05 INFO DAGScheduler: Final stage: ResultStage 3 (parquet at NativeMethodAccessorImpl.java:0)
[2025-05-06T10:27:05.161+0000] {spark_submit.py:490} INFO - 25/05/06 10:27:05 INFO DAGScheduler: Parents of final stage: List()
[2025-05-06T10:27:05.162+0000] {spark_submit.py:490} INFO - 25/05/06 10:27:05 INFO DAGScheduler: Missing parents: List()
[2025-05-06T10:27:05.163+0000] {spark_submit.py:490} INFO - 25/05/06 10:27:05 INFO DAGScheduler: Submitting ResultStage 3 (MapPartitionsRDD[18] at parquet at NativeMethodAccessorImpl.java:0), which has no missing parents
[2025-05-06T10:27:05.178+0000] {spark_submit.py:490} INFO - 25/05/06 10:27:05 INFO MemoryStore: Block broadcast_6 stored as values in memory (estimated size 248.7 KiB, free 433.9 MiB)
[2025-05-06T10:27:05.181+0000] {spark_submit.py:490} INFO - 25/05/06 10:27:05 INFO MemoryStore: Block broadcast_6_piece0 stored as bytes in memory (estimated size 85.9 KiB, free 433.8 MiB)
[2025-05-06T10:27:05.183+0000] {spark_submit.py:490} INFO - 25/05/06 10:27:05 INFO BlockManagerInfo: Added broadcast_6_piece0 in memory on b431f09a1fa6:43375 (size: 85.9 KiB, free: 434.3 MiB)
[2025-05-06T10:27:05.184+0000] {spark_submit.py:490} INFO - 25/05/06 10:27:05 INFO SparkContext: Created broadcast 6 from broadcast at DAGScheduler.scala:1513
[2025-05-06T10:27:05.184+0000] {spark_submit.py:490} INFO - 25/05/06 10:27:05 INFO DAGScheduler: Submitting 2 missing tasks from ResultStage 3 (MapPartitionsRDD[18] at parquet at NativeMethodAccessorImpl.java:0) (first 15 tasks are for partitions Vector(0, 1))
[2025-05-06T10:27:05.185+0000] {spark_submit.py:490} INFO - 25/05/06 10:27:05 INFO TaskSchedulerImpl: Adding task set 3.0 with 2 tasks resource profile 0
[2025-05-06T10:27:05.186+0000] {spark_submit.py:490} INFO - 25/05/06 10:27:05 INFO TaskSetManager: Starting task 0.0 in stage 3.0 (TID 3) (172.18.0.6, executor 0, partition 0, PROCESS_LOCAL, 6277 bytes) taskResourceAssignments Map()
[2025-05-06T10:27:05.186+0000] {spark_submit.py:490} INFO - 25/05/06 10:27:05 INFO TaskSetManager: Starting task 1.0 in stage 3.0 (TID 4) (172.18.0.6, executor 0, partition 1, PROCESS_LOCAL, 6277 bytes) taskResourceAssignments Map()
[2025-05-06T10:27:05.205+0000] {spark_submit.py:490} INFO - 25/05/06 10:27:05 INFO BlockManagerInfo: Added broadcast_6_piece0 in memory on 172.18.0.6:43393 (size: 85.9 KiB, free: 366.2 MiB)
[2025-05-06T10:27:05.389+0000] {spark_submit.py:490} INFO - 25/05/06 10:27:05 INFO BlockManagerInfo: Added broadcast_5_piece0 in memory on 172.18.0.6:43393 (size: 34.8 KiB, free: 366.2 MiB)
[2025-05-06T10:27:39.391+0000] {spark_submit.py:490} INFO - 25/05/06 10:27:39 INFO TaskSetManager: Finished task 1.0 in stage 3.0 (TID 4) in 34204 ms on 172.18.0.6 (executor 0) (1/2)
[2025-05-06T10:27:47.779+0000] {spark_submit.py:490} INFO - 25/05/06 10:27:47 INFO TaskSetManager: Finished task 0.0 in stage 3.0 (TID 3) in 42593 ms on 172.18.0.6 (executor 0) (2/2)
[2025-05-06T10:27:47.779+0000] {spark_submit.py:490} INFO - 25/05/06 10:27:47 INFO TaskSchedulerImpl: Removed TaskSet 3.0, whose tasks have all completed, from pool
[2025-05-06T10:27:47.780+0000] {spark_submit.py:490} INFO - 25/05/06 10:27:47 INFO DAGScheduler: ResultStage 3 (parquet at NativeMethodAccessorImpl.java:0) finished in 42.617 s
[2025-05-06T10:27:47.781+0000] {spark_submit.py:490} INFO - 25/05/06 10:27:47 INFO DAGScheduler: Job 3 is finished. Cancelling potential speculative or zombie tasks for this job
[2025-05-06T10:27:47.781+0000] {spark_submit.py:490} INFO - 25/05/06 10:27:47 INFO TaskSchedulerImpl: Killing all running tasks in stage 3: Stage finished
[2025-05-06T10:27:47.782+0000] {spark_submit.py:490} INFO - 25/05/06 10:27:47 INFO DAGScheduler: Job 3 finished: parquet at NativeMethodAccessorImpl.java:0, took 42.631584 s
[2025-05-06T10:27:47.784+0000] {spark_submit.py:490} INFO - 25/05/06 10:27:47 INFO FileFormatWriter: Start to commit write Job 596adb12-5427-487c-847c-21fbcb4c5d58.
[2025-05-06T10:27:47.807+0000] {spark_submit.py:490} INFO - 25/05/06 10:27:47 INFO FileFormatWriter: Write Job 596adb12-5427-487c-847c-21fbcb4c5d58 committed. Elapsed time: 22 ms.
[2025-05-06T10:27:47.810+0000] {spark_submit.py:490} INFO - 25/05/06 10:27:47 INFO FileFormatWriter: Finished processing stats for write job 596adb12-5427-487c-847c-21fbcb4c5d58.
[2025-05-06T10:27:47.813+0000] {spark_submit.py:490} INFO - ✅ Збережено до Silver: /tmp/spark_data/silver/athlete_event_results/20250506
[2025-05-06T10:27:47.813+0000] {spark_submit.py:490} INFO - 📁 Шлях збереження Silver: /tmp/spark_data/silver/athlete_event_results/20250506
[2025-05-06T10:27:47.813+0000] {spark_submit.py:490} INFO - 📂 Вміст директорії:
[2025-05-06T10:27:47.813+0000] {spark_submit.py:490} INFO - ['part-00000-c8f3447f-6874-4e6f-99a9-aa26c1302456-c000.snappy.parquet', '.part-00001-c8f3447f-6874-4e6f-99a9-aa26c1302456-c000.snappy.parquet.crc', '.part-00000-c8f3447f-6874-4e6f-99a9-aa26c1302456-c000.snappy.parquet.crc', '_SUCCESS', 'part-00001-c8f3447f-6874-4e6f-99a9-aa26c1302456-c000.snappy.parquet', '._SUCCESS.crc']
[2025-05-06T10:27:47.822+0000] {spark_submit.py:490} INFO - 25/05/06 10:27:47 INFO SparkUI: Stopped Spark web UI at http://b431f09a1fa6:4040
[2025-05-06T10:27:47.826+0000] {spark_submit.py:490} INFO - 25/05/06 10:27:47 INFO StandaloneSchedulerBackend: Shutting down all executors
[2025-05-06T10:27:47.827+0000] {spark_submit.py:490} INFO - 25/05/06 10:27:47 INFO CoarseGrainedSchedulerBackend$DriverEndpoint: Asking each executor to shut down
[2025-05-06T10:27:47.847+0000] {spark_submit.py:490} INFO - 25/05/06 10:27:47 INFO MapOutputTrackerMasterEndpoint: MapOutputTrackerMasterEndpoint stopped!
[2025-05-06T10:27:47.869+0000] {spark_submit.py:490} INFO - 25/05/06 10:27:47 INFO MemoryStore: MemoryStore cleared
[2025-05-06T10:27:47.869+0000] {spark_submit.py:490} INFO - 25/05/06 10:27:47 INFO BlockManager: BlockManager stopped
[2025-05-06T10:27:47.871+0000] {spark_submit.py:490} INFO - 25/05/06 10:27:47 INFO BlockManagerMaster: BlockManagerMaster stopped
[2025-05-06T10:27:47.875+0000] {spark_submit.py:490} INFO - 25/05/06 10:27:47 INFO OutputCommitCoordinator$OutputCommitCoordinatorEndpoint: OutputCommitCoordinator stopped!
[2025-05-06T10:27:47.886+0000] {spark_submit.py:490} INFO - 25/05/06 10:27:47 INFO SparkContext: Successfully stopped SparkContext
[2025-05-06T10:27:48.815+0000] {spark_submit.py:490} INFO - 25/05/06 10:27:48 INFO ShutdownHookManager: Shutdown hook called
[2025-05-06T10:27:48.816+0000] {spark_submit.py:490} INFO - 25/05/06 10:27:48 INFO ShutdownHookManager: Deleting directory /tmp/spark-7133ba99-b4f1-48af-94f0-514839fb2e41
[2025-05-06T10:27:48.820+0000] {spark_submit.py:490} INFO - 25/05/06 10:27:48 INFO ShutdownHookManager: Deleting directory /tmp/spark-7133ba99-b4f1-48af-94f0-514839fb2e41/pyspark-a765c1e8-0b7a-48e4-9bc5-65d041ca50dc
[2025-05-06T10:27:48.823+0000] {spark_submit.py:490} INFO - 25/05/06 10:27:48 INFO ShutdownHookManager: Deleting directory /tmp/spark-d5a95314-95a7-4f0b-b063-39edeba93e51
[2025-05-06T10:27:48.865+0000] {taskinstance.py:1350} INFO - Marking task as SUCCESS. dag_id=final_project_BBDL, task_id=BronzeToSilver, execution_date=20250506T102626, start_date=20250506T102652, end_date=20250506T102748
[2025-05-06T10:27:48.905+0000] {local_task_job_runner.py:225} INFO - Task exited with return code 0
[2025-05-06T10:27:48.927+0000] {taskinstance.py:2653} INFO - 1 downstream tasks scheduled from follow-on schedule check
