[2025-05-07 20:00:13,922] {taskinstance.py:1043} INFO - Dependencies all met for <TaskInstance: final_project_BBDL.LandingToBronze manual__2025-05-07T20:00:12.492055+00:00 [queued]>
[2025-05-07 20:00:13,931] {taskinstance.py:1043} INFO - Dependencies all met for <TaskInstance: final_project_BBDL.LandingToBronze manual__2025-05-07T20:00:12.492055+00:00 [queued]>
[2025-05-07 20:00:13,931] {taskinstance.py:1249} INFO - 
--------------------------------------------------------------------------------
[2025-05-07 20:00:13,931] {taskinstance.py:1250} INFO - Starting attempt 1 of 1
[2025-05-07 20:00:13,931] {taskinstance.py:1251} INFO - 
--------------------------------------------------------------------------------
[2025-05-07 20:00:13,956] {taskinstance.py:1270} INFO - Executing <Task(SparkSubmitOperator): LandingToBronze> on 2025-05-07 20:00:12.492055+00:00
[2025-05-07 20:00:13,960] {standard_task_runner.py:52} INFO - Started process 685 to run task
[2025-05-07 20:00:13,967] {standard_task_runner.py:79} INFO - Running: ['airflow', 'tasks', 'run', 'final_project_BBDL', 'LandingToBronze', 'manual__2025-05-07T20:00:12.492055+00:00', '--job-id', '4', '--raw', '--subdir', 'DAGS_FOLDER/project_solution.py', '--cfg-path', '/tmp/tmpoleivroe', '--error-file', '/tmp/tmp_8buwsvg']
[2025-05-07 20:00:13,969] {standard_task_runner.py:80} INFO - Job 4: Subtask LandingToBronze
[2025-05-07 20:00:14,049] {logging_mixin.py:109} INFO - Running <TaskInstance: final_project_BBDL.LandingToBronze manual__2025-05-07T20:00:12.492055+00:00 [running]> on host 8e8e9d6702f3
[2025-05-07 20:00:14,132] {taskinstance.py:1448} INFO - Exporting the following env vars:
AIRFLOW_CTX_DAG_OWNER=airflow
AIRFLOW_CTX_DAG_ID=final_project_BBDL
AIRFLOW_CTX_TASK_ID=LandingToBronze
AIRFLOW_CTX_EXECUTION_DATE=2025-05-07T20:00:12.492055+00:00
AIRFLOW_CTX_DAG_RUN_ID=manual__2025-05-07T20:00:12.492055+00:00
[2025-05-07 20:00:14,142] {spark_submit.py:204} INFO - Could not load connection string spark_default, defaulting to yarn
[2025-05-07 20:00:14,142] {spark_submit.py:334} INFO - Spark-Submit cmd: spark-submit --master yarn --conf spark.master=spark://spark-master:7077 --name LandingToBronze --verbose /opt/airflow/dags/landing_to_bronze.py
[2025-05-07 20:00:16,278] {spark_submit.py:485} INFO - Using properties file: null
[2025-05-07 20:00:16,400] {spark_submit.py:485} INFO - Exception in thread "main" org.apache.spark.SparkException: When running with master 'yarn' either HADOOP_CONF_DIR or YARN_CONF_DIR must be set in the environment.
[2025-05-07 20:00:16,400] {spark_submit.py:485} INFO - at org.apache.spark.deploy.SparkSubmitArguments.error(SparkSubmitArguments.scala:634)
[2025-05-07 20:00:16,400] {spark_submit.py:485} INFO - at org.apache.spark.deploy.SparkSubmitArguments.validateSubmitArguments(SparkSubmitArguments.scala:274)
[2025-05-07 20:00:16,400] {spark_submit.py:485} INFO - at org.apache.spark.deploy.SparkSubmitArguments.validateArguments(SparkSubmitArguments.scala:234)
[2025-05-07 20:00:16,400] {spark_submit.py:485} INFO - at org.apache.spark.deploy.SparkSubmitArguments.<init>(SparkSubmitArguments.scala:119)
[2025-05-07 20:00:16,400] {spark_submit.py:485} INFO - at org.apache.spark.deploy.SparkSubmit$$anon$2$$anon$3.<init>(SparkSubmit.scala:1029)
[2025-05-07 20:00:16,400] {spark_submit.py:485} INFO - at org.apache.spark.deploy.SparkSubmit$$anon$2.parseArguments(SparkSubmit.scala:1029)
[2025-05-07 20:00:16,400] {spark_submit.py:485} INFO - at org.apache.spark.deploy.SparkSubmit.doSubmit(SparkSubmit.scala:85)
[2025-05-07 20:00:16,400] {spark_submit.py:485} INFO - at org.apache.spark.deploy.SparkSubmit$$anon$2.doSubmit(SparkSubmit.scala:1046)
[2025-05-07 20:00:16,400] {spark_submit.py:485} INFO - at org.apache.spark.deploy.SparkSubmit$.main(SparkSubmit.scala:1055)
[2025-05-07 20:00:16,400] {spark_submit.py:485} INFO - at org.apache.spark.deploy.SparkSubmit.main(SparkSubmit.scala)
[2025-05-07 20:00:16,427] {taskinstance.py:1774} ERROR - Task failed with exception
Traceback (most recent call last):
  File "/root/.local/lib/python3.7/site-packages/airflow/providers/apache/spark/operators/spark_submit.py", line 157, in execute
    self._hook.submit(self._application)
  File "/root/.local/lib/python3.7/site-packages/airflow/providers/apache/spark/hooks/spark_submit.py", line 417, in submit
    f"Cannot execute: {self._mask_cmd(spark_submit_cmd)}. Error code is: {returncode}."
airflow.exceptions.AirflowException: Cannot execute: spark-submit --master yarn --conf spark.master=spark://spark-master:7077 --name LandingToBronze --verbose /opt/airflow/dags/landing_to_bronze.py. Error code is: 1.
[2025-05-07 20:00:16,433] {taskinstance.py:1288} INFO - Marking task as FAILED. dag_id=final_project_BBDL, task_id=LandingToBronze, execution_date=20250507T200012, start_date=20250507T200013, end_date=20250507T200016
[2025-05-07 20:00:16,460] {standard_task_runner.py:98} ERROR - Failed to execute job 4 for task LandingToBronze (Cannot execute: spark-submit --master yarn --conf spark.master=spark://spark-master:7077 --name LandingToBronze --verbose /opt/airflow/dags/landing_to_bronze.py. Error code is: 1.; 685)
[2025-05-07 20:00:16,482] {local_task_job.py:154} INFO - Task exited with return code 1
[2025-05-07 20:00:16,533] {local_task_job.py:264} INFO - 0 downstream tasks scheduled from follow-on schedule check
