[2025-05-05T21:33:53.249+0000] {taskinstance.py:1103} INFO - Dependencies all met for dep_context=non-requeueable deps ti=<TaskInstance: final_project_BBDL.SilverToGold manual__2025-05-05T21:32:40.359719+00:00 [queued]>
[2025-05-05T21:33:53.258+0000] {taskinstance.py:1103} INFO - Dependencies all met for dep_context=requeueable deps ti=<TaskInstance: final_project_BBDL.SilverToGold manual__2025-05-05T21:32:40.359719+00:00 [queued]>
[2025-05-05T21:33:53.259+0000] {taskinstance.py:1308} INFO - Starting attempt 1 of 1
[2025-05-05T21:33:53.291+0000] {taskinstance.py:1327} INFO - Executing <Task(SparkSubmitOperator): SilverToGold> on 2025-05-05 21:32:40.359719+00:00
[2025-05-05T21:33:53.295+0000] {standard_task_runner.py:57} INFO - Started process 5596 to run task
[2025-05-05T21:33:53.297+0000] {standard_task_runner.py:84} INFO - Running: ['airflow', 'tasks', 'run', 'final_project_BBDL', 'SilverToGold', 'manual__2025-05-05T21:32:40.359719+00:00', '--job-id', '20', '--raw', '--subdir', 'DAGS_FOLDER/project_solution.py', '--cfg-path', '/tmp/tmp_uak0oo5']
[2025-05-05T21:33:53.299+0000] {standard_task_runner.py:85} INFO - Job 20: Subtask SilverToGold
[2025-05-05T21:33:53.336+0000] {logging_mixin.py:150} WARNING - /home/airflow/.local/lib/python3.7/site-packages/airflow/settings.py:195 DeprecationWarning: The sql_alchemy_conn option in [core] has been moved to the sql_alchemy_conn option in [database] - the old setting has been used, but please update your config.
[2025-05-05T21:33:53.374+0000] {task_command.py:410} INFO - Running <TaskInstance: final_project_BBDL.SilverToGold manual__2025-05-05T21:32:40.359719+00:00 [running]> on host b431f09a1fa6
[2025-05-05T21:33:53.552+0000] {taskinstance.py:1547} INFO - Exporting env vars: AIRFLOW_CTX_DAG_OWNER='airflow' AIRFLOW_CTX_DAG_ID='final_project_BBDL' AIRFLOW_CTX_TASK_ID='SilverToGold' AIRFLOW_CTX_EXECUTION_DATE='2025-05-05T21:32:40.359719+00:00' AIRFLOW_CTX_TRY_NUMBER='1' AIRFLOW_CTX_DAG_RUN_ID='manual__2025-05-05T21:32:40.359719+00:00'
[2025-05-05T21:33:53.564+0000] {base.py:73} INFO - Using connection ID 'spark_default' for task execution.
[2025-05-05T21:33:53.566+0000] {spark_submit.py:339} INFO - Spark-Submit cmd: spark-submit --master spark://spark-master:7077 --conf spark.master=spark://spark-master:7077 --name SilverToGold --verbose --queue root.default /opt/airflow/dags/silver_to_gold.py
[2025-05-05T21:33:55.292+0000] {spark_submit.py:490} INFO - Using properties file: null
[2025-05-05T21:33:55.401+0000] {spark_submit.py:490} INFO - Parsed arguments:
[2025-05-05T21:33:55.401+0000] {spark_submit.py:490} INFO - master                  spark://spark-master:7077
[2025-05-05T21:33:55.401+0000] {spark_submit.py:490} INFO - deployMode              null
[2025-05-05T21:33:55.401+0000] {spark_submit.py:490} INFO - executorMemory          null
[2025-05-05T21:33:55.401+0000] {spark_submit.py:490} INFO - executorCores           null
[2025-05-05T21:33:55.401+0000] {spark_submit.py:490} INFO - totalExecutorCores      null
[2025-05-05T21:33:55.402+0000] {spark_submit.py:490} INFO - propertiesFile          null
[2025-05-05T21:33:55.402+0000] {spark_submit.py:490} INFO - driverMemory            null
[2025-05-05T21:33:55.402+0000] {spark_submit.py:490} INFO - driverCores             null
[2025-05-05T21:33:55.402+0000] {spark_submit.py:490} INFO - driverExtraClassPath    null
[2025-05-05T21:33:55.402+0000] {spark_submit.py:490} INFO - driverExtraLibraryPath  null
[2025-05-05T21:33:55.402+0000] {spark_submit.py:490} INFO - driverExtraJavaOptions  null
[2025-05-05T21:33:55.402+0000] {spark_submit.py:490} INFO - supervise               false
[2025-05-05T21:33:55.402+0000] {spark_submit.py:490} INFO - queue                   root.default
[2025-05-05T21:33:55.402+0000] {spark_submit.py:490} INFO - numExecutors            null
[2025-05-05T21:33:55.402+0000] {spark_submit.py:490} INFO - files                   null
[2025-05-05T21:33:55.402+0000] {spark_submit.py:490} INFO - pyFiles                 null
[2025-05-05T21:33:55.402+0000] {spark_submit.py:490} INFO - archives                null
[2025-05-05T21:33:55.402+0000] {spark_submit.py:490} INFO - mainClass               null
[2025-05-05T21:33:55.402+0000] {spark_submit.py:490} INFO - primaryResource         file:/opt/airflow/dags/silver_to_gold.py
[2025-05-05T21:33:55.402+0000] {spark_submit.py:490} INFO - name                    SilverToGold
[2025-05-05T21:33:55.403+0000] {spark_submit.py:490} INFO - childArgs               []
[2025-05-05T21:33:55.403+0000] {spark_submit.py:490} INFO - jars                    null
[2025-05-05T21:33:55.403+0000] {spark_submit.py:490} INFO - packages                null
[2025-05-05T21:33:55.403+0000] {spark_submit.py:490} INFO - packagesExclusions      null
[2025-05-05T21:33:55.403+0000] {spark_submit.py:490} INFO - repositories            null
[2025-05-05T21:33:55.403+0000] {spark_submit.py:490} INFO - verbose                 true
[2025-05-05T21:33:55.403+0000] {spark_submit.py:490} INFO - 
[2025-05-05T21:33:55.403+0000] {spark_submit.py:490} INFO - Spark properties used, including those specified through
[2025-05-05T21:33:55.403+0000] {spark_submit.py:490} INFO - --conf and those from the properties file null:
[2025-05-05T21:33:55.403+0000] {spark_submit.py:490} INFO - (spark.master,spark://spark-master:7077)
[2025-05-05T21:33:55.403+0000] {spark_submit.py:490} INFO - 
[2025-05-05T21:33:55.403+0000] {spark_submit.py:490} INFO - 
[2025-05-05T21:33:55.665+0000] {spark_submit.py:490} INFO - Main class:
[2025-05-05T21:33:55.665+0000] {spark_submit.py:490} INFO - org.apache.spark.deploy.PythonRunner
[2025-05-05T21:33:55.665+0000] {spark_submit.py:490} INFO - Arguments:
[2025-05-05T21:33:55.665+0000] {spark_submit.py:490} INFO - file:/opt/airflow/dags/silver_to_gold.py
[2025-05-05T21:33:55.665+0000] {spark_submit.py:490} INFO - null
[2025-05-05T21:33:55.669+0000] {spark_submit.py:490} INFO - Spark config:
[2025-05-05T21:33:55.669+0000] {spark_submit.py:490} INFO - (spark.app.name,SilverToGold)
[2025-05-05T21:33:55.669+0000] {spark_submit.py:490} INFO - (spark.app.submitTime,1746480835651)
[2025-05-05T21:33:55.669+0000] {spark_submit.py:490} INFO - (spark.master,spark://spark-master:7077)
[2025-05-05T21:33:55.669+0000] {spark_submit.py:490} INFO - (spark.submit.deployMode,client)
[2025-05-05T21:33:55.669+0000] {spark_submit.py:490} INFO - (spark.submit.pyFiles,)
[2025-05-05T21:33:55.670+0000] {spark_submit.py:490} INFO - Classpath elements:
[2025-05-05T21:33:55.670+0000] {spark_submit.py:490} INFO - 
[2025-05-05T21:33:55.670+0000] {spark_submit.py:490} INFO - 
[2025-05-05T21:33:55.670+0000] {spark_submit.py:490} INFO - 
[2025-05-05T21:33:56.124+0000] {spark_submit.py:490} INFO - 25/05/05 21:33:56 INFO SparkContext: Running Spark version 3.3.0
[2025-05-05T21:33:56.186+0000] {spark_submit.py:490} INFO - 25/05/05 21:33:56 WARN NativeCodeLoader: Unable to load native-hadoop library for your platform... using builtin-java classes where applicable
[2025-05-05T21:33:56.260+0000] {spark_submit.py:490} INFO - 25/05/05 21:33:56 INFO ResourceUtils: ==============================================================
[2025-05-05T21:33:56.261+0000] {spark_submit.py:490} INFO - 25/05/05 21:33:56 INFO ResourceUtils: No custom resources configured for spark.driver.
[2025-05-05T21:33:56.261+0000] {spark_submit.py:490} INFO - 25/05/05 21:33:56 INFO ResourceUtils: ==============================================================
[2025-05-05T21:33:56.261+0000] {spark_submit.py:490} INFO - 25/05/05 21:33:56 INFO SparkContext: Submitted application: SilverToGold
[2025-05-05T21:33:56.280+0000] {spark_submit.py:490} INFO - 25/05/05 21:33:56 INFO ResourceProfile: Default ResourceProfile created, executor resources: Map(cores -> name: cores, amount: 1, script: , vendor: , memory -> name: memory, amount: 1024, script: , vendor: , offHeap -> name: offHeap, amount: 0, script: , vendor: ), task resources: Map(cpus -> name: cpus, amount: 1.0)
[2025-05-05T21:33:56.289+0000] {spark_submit.py:490} INFO - 25/05/05 21:33:56 INFO ResourceProfile: Limiting resource is cpu
[2025-05-05T21:33:56.290+0000] {spark_submit.py:490} INFO - 25/05/05 21:33:56 INFO ResourceProfileManager: Added ResourceProfile id: 0
[2025-05-05T21:33:56.331+0000] {spark_submit.py:490} INFO - 25/05/05 21:33:56 INFO SecurityManager: Changing view acls to: root
[2025-05-05T21:33:56.332+0000] {spark_submit.py:490} INFO - 25/05/05 21:33:56 INFO SecurityManager: Changing modify acls to: root
[2025-05-05T21:33:56.332+0000] {spark_submit.py:490} INFO - 25/05/05 21:33:56 INFO SecurityManager: Changing view acls groups to:
[2025-05-05T21:33:56.333+0000] {spark_submit.py:490} INFO - 25/05/05 21:33:56 INFO SecurityManager: Changing modify acls groups to:
[2025-05-05T21:33:56.333+0000] {spark_submit.py:490} INFO - 25/05/05 21:33:56 INFO SecurityManager: SecurityManager: authentication disabled; ui acls disabled; users  with view permissions: Set(root); groups with view permissions: Set(); users  with modify permissions: Set(root); groups with modify permissions: Set()
[2025-05-05T21:33:56.540+0000] {spark_submit.py:490} INFO - 25/05/05 21:33:56 INFO Utils: Successfully started service 'sparkDriver' on port 42973.
[2025-05-05T21:33:56.563+0000] {spark_submit.py:490} INFO - 25/05/05 21:33:56 INFO SparkEnv: Registering MapOutputTracker
[2025-05-05T21:33:56.598+0000] {spark_submit.py:490} INFO - 25/05/05 21:33:56 INFO SparkEnv: Registering BlockManagerMaster
[2025-05-05T21:33:56.635+0000] {spark_submit.py:490} INFO - 25/05/05 21:33:56 INFO BlockManagerMasterEndpoint: Using org.apache.spark.storage.DefaultTopologyMapper for getting topology information
[2025-05-05T21:33:56.636+0000] {spark_submit.py:490} INFO - 25/05/05 21:33:56 INFO BlockManagerMasterEndpoint: BlockManagerMasterEndpoint up
[2025-05-05T21:33:56.640+0000] {spark_submit.py:490} INFO - 25/05/05 21:33:56 INFO SparkEnv: Registering BlockManagerMasterHeartbeat
[2025-05-05T21:33:56.661+0000] {spark_submit.py:490} INFO - 25/05/05 21:33:56 INFO DiskBlockManager: Created local directory at /tmp/blockmgr-533d1aaf-a9d1-422a-937a-dc922cfbfc2c
[2025-05-05T21:33:56.678+0000] {spark_submit.py:490} INFO - 25/05/05 21:33:56 INFO MemoryStore: MemoryStore started with capacity 434.4 MiB
[2025-05-05T21:33:56.692+0000] {spark_submit.py:490} INFO - 25/05/05 21:33:56 INFO SparkEnv: Registering OutputCommitCoordinator
[2025-05-05T21:33:56.856+0000] {spark_submit.py:490} INFO - 25/05/05 21:33:56 INFO Utils: Successfully started service 'SparkUI' on port 4040.
[2025-05-05T21:33:56.963+0000] {spark_submit.py:490} INFO - 25/05/05 21:33:56 INFO StandaloneAppClient$ClientEndpoint: Connecting to master spark://spark-master:7077...
[2025-05-05T21:33:57.005+0000] {spark_submit.py:490} INFO - 25/05/05 21:33:57 INFO TransportClientFactory: Successfully created connection to spark-master/172.18.0.3:7077 after 25 ms (0 ms spent in bootstraps)
[2025-05-05T21:33:57.085+0000] {spark_submit.py:490} INFO - 25/05/05 21:33:57 INFO StandaloneSchedulerBackend: Connected to Spark cluster with app ID app-20250505213357-0017
[2025-05-05T21:33:57.086+0000] {spark_submit.py:490} INFO - 25/05/05 21:33:57 INFO StandaloneAppClient$ClientEndpoint: Executor added: app-20250505213357-0017/0 on worker-20250505201940-172.18.0.6-38439 (172.18.0.6:38439) with 2 core(s)
[2025-05-05T21:33:57.089+0000] {spark_submit.py:490} INFO - 25/05/05 21:33:57 INFO StandaloneSchedulerBackend: Granted executor ID app-20250505213357-0017/0 on hostPort 172.18.0.6:38439 with 2 core(s), 1024.0 MiB RAM
[2025-05-05T21:33:57.095+0000] {spark_submit.py:490} INFO - 25/05/05 21:33:57 INFO Utils: Successfully started service 'org.apache.spark.network.netty.NettyBlockTransferService' on port 38055.
[2025-05-05T21:33:57.095+0000] {spark_submit.py:490} INFO - 25/05/05 21:33:57 INFO NettyBlockTransferService: Server created on b431f09a1fa6:38055
[2025-05-05T21:33:57.098+0000] {spark_submit.py:490} INFO - 25/05/05 21:33:57 INFO BlockManager: Using org.apache.spark.storage.RandomBlockReplicationPolicy for block replication policy
[2025-05-05T21:33:57.107+0000] {spark_submit.py:490} INFO - 25/05/05 21:33:57 INFO BlockManagerMaster: Registering BlockManager BlockManagerId(driver, b431f09a1fa6, 38055, None)
[2025-05-05T21:33:57.110+0000] {spark_submit.py:490} INFO - 25/05/05 21:33:57 INFO BlockManagerMasterEndpoint: Registering block manager b431f09a1fa6:38055 with 434.4 MiB RAM, BlockManagerId(driver, b431f09a1fa6, 38055, None)
[2025-05-05T21:33:57.114+0000] {spark_submit.py:490} INFO - 25/05/05 21:33:57 INFO BlockManagerMaster: Registered BlockManager BlockManagerId(driver, b431f09a1fa6, 38055, None)
[2025-05-05T21:33:57.115+0000] {spark_submit.py:490} INFO - 25/05/05 21:33:57 INFO BlockManager: Initialized BlockManager: BlockManagerId(driver, b431f09a1fa6, 38055, None)
[2025-05-05T21:33:57.119+0000] {spark_submit.py:490} INFO - 25/05/05 21:33:57 INFO StandaloneAppClient$ClientEndpoint: Executor updated: app-20250505213357-0017/0 is now RUNNING
[2025-05-05T21:33:57.308+0000] {spark_submit.py:490} INFO - 25/05/05 21:33:57 INFO StandaloneSchedulerBackend: SchedulerBackend is ready for scheduling beginning after reached minRegisteredResourcesRatio: 0.0
[2025-05-05T21:33:57.470+0000] {spark_submit.py:490} INFO - 2025-05-05 21:33:57,469 [ERROR] ❌ Не знайдено необхідних даних у silver директориях!
[2025-05-05T21:33:57.480+0000] {spark_submit.py:490} INFO - 25/05/05 21:33:57 INFO SparkUI: Stopped Spark web UI at http://b431f09a1fa6:4040
[2025-05-05T21:33:57.483+0000] {spark_submit.py:490} INFO - 25/05/05 21:33:57 INFO StandaloneSchedulerBackend: Shutting down all executors
[2025-05-05T21:33:57.486+0000] {spark_submit.py:490} INFO - 25/05/05 21:33:57 INFO CoarseGrainedSchedulerBackend$DriverEndpoint: Asking each executor to shut down
[2025-05-05T21:33:57.510+0000] {spark_submit.py:490} INFO - 25/05/05 21:33:57 INFO MapOutputTrackerMasterEndpoint: MapOutputTrackerMasterEndpoint stopped!
[2025-05-05T21:33:57.526+0000] {spark_submit.py:490} INFO - 25/05/05 21:33:57 INFO MemoryStore: MemoryStore cleared
[2025-05-05T21:33:57.526+0000] {spark_submit.py:490} INFO - 25/05/05 21:33:57 INFO BlockManager: BlockManager stopped
[2025-05-05T21:33:57.531+0000] {spark_submit.py:490} INFO - 25/05/05 21:33:57 INFO BlockManagerMaster: BlockManagerMaster stopped
[2025-05-05T21:33:57.533+0000] {spark_submit.py:490} INFO - 25/05/05 21:33:57 INFO OutputCommitCoordinator$OutputCommitCoordinatorEndpoint: OutputCommitCoordinator stopped!
[2025-05-05T21:33:57.543+0000] {spark_submit.py:490} INFO - 25/05/05 21:33:57 INFO SparkContext: Successfully stopped SparkContext
[2025-05-05T21:33:57.868+0000] {spark_submit.py:490} INFO - 25/05/05 21:33:57 INFO ShutdownHookManager: Shutdown hook called
[2025-05-05T21:33:57.868+0000] {spark_submit.py:490} INFO - 25/05/05 21:33:57 INFO ShutdownHookManager: Deleting directory /tmp/spark-572602a6-b3a3-4134-a856-5901415a8e24/pyspark-9546ef81-5410-4898-8351-134f36ad9b6c
[2025-05-05T21:33:57.872+0000] {spark_submit.py:490} INFO - 25/05/05 21:33:57 INFO ShutdownHookManager: Deleting directory /tmp/spark-572602a6-b3a3-4134-a856-5901415a8e24
[2025-05-05T21:33:57.875+0000] {spark_submit.py:490} INFO - 25/05/05 21:33:57 INFO ShutdownHookManager: Deleting directory /tmp/spark-41cf9e10-dcbb-4d15-a0de-ea9c1c597e2a
[2025-05-05T21:33:57.908+0000] {taskinstance.py:1350} INFO - Marking task as SUCCESS. dag_id=final_project_BBDL, task_id=SilverToGold, execution_date=20250505T213240, start_date=20250505T213353, end_date=20250505T213357
[2025-05-05T21:33:58.014+0000] {local_task_job_runner.py:225} INFO - Task exited with return code 0
[2025-05-05T21:33:58.032+0000] {taskinstance.py:2653} INFO - 0 downstream tasks scheduled from follow-on schedule check
