[2025-05-06T09:33:39.876+0000] {taskinstance.py:1103} INFO - Dependencies all met for dep_context=non-requeueable deps ti=<TaskInstance: final_project_BBDL.BronzeToSilver manual__2025-05-06T09:33:18.782872+00:00 [queued]>
[2025-05-06T09:33:39.885+0000] {taskinstance.py:1103} INFO - Dependencies all met for dep_context=requeueable deps ti=<TaskInstance: final_project_BBDL.BronzeToSilver manual__2025-05-06T09:33:18.782872+00:00 [queued]>
[2025-05-06T09:33:39.885+0000] {taskinstance.py:1308} INFO - Starting attempt 1 of 1
[2025-05-06T09:33:39.922+0000] {taskinstance.py:1327} INFO - Executing <Task(SparkSubmitOperator): BronzeToSilver> on 2025-05-06 09:33:18.782872+00:00
[2025-05-06T09:33:39.925+0000] {standard_task_runner.py:57} INFO - Started process 18021 to run task
[2025-05-06T09:33:39.928+0000] {standard_task_runner.py:84} INFO - Running: ['airflow', 'tasks', 'run', 'final_project_BBDL', 'BronzeToSilver', 'manual__2025-05-06T09:33:18.782872+00:00', '--job-id', '46', '--raw', '--subdir', 'DAGS_FOLDER/project_solution.py', '--cfg-path', '/tmp/tmpn0hptreo']
[2025-05-06T09:33:39.929+0000] {standard_task_runner.py:85} INFO - Job 46: Subtask BronzeToSilver
[2025-05-06T09:33:39.966+0000] {logging_mixin.py:150} WARNING - /home/airflow/.local/lib/python3.7/site-packages/airflow/settings.py:195 DeprecationWarning: The sql_alchemy_conn option in [core] has been moved to the sql_alchemy_conn option in [database] - the old setting has been used, but please update your config.
[2025-05-06T09:33:40.000+0000] {task_command.py:410} INFO - Running <TaskInstance: final_project_BBDL.BronzeToSilver manual__2025-05-06T09:33:18.782872+00:00 [running]> on host b431f09a1fa6
[2025-05-06T09:33:40.135+0000] {taskinstance.py:1547} INFO - Exporting env vars: AIRFLOW_CTX_DAG_OWNER='airflow' AIRFLOW_CTX_DAG_ID='final_project_BBDL' AIRFLOW_CTX_TASK_ID='BronzeToSilver' AIRFLOW_CTX_EXECUTION_DATE='2025-05-06T09:33:18.782872+00:00' AIRFLOW_CTX_TRY_NUMBER='1' AIRFLOW_CTX_DAG_RUN_ID='manual__2025-05-06T09:33:18.782872+00:00'
[2025-05-06T09:33:40.146+0000] {base.py:73} INFO - Using connection ID 'spark_default' for task execution.
[2025-05-06T09:33:40.148+0000] {spark_submit.py:339} INFO - Spark-Submit cmd: spark-submit --master spark://spark-master:7077 --conf spark.master=spark://spark-master:7077 --conf spark.submit.deployMode=client --conf spark.pyspark.python=/usr/bin/python3 --conf spark.executorEnv.PYSPARK_PYTHON=/usr/bin/python3 --name BronzeToSilver --verbose --queue root.default /opt/airflow/dags/bronze_to_silver.py
[2025-05-06T09:33:41.488+0000] {spark_submit.py:490} INFO - Using properties file: null
[2025-05-06T09:33:41.591+0000] {spark_submit.py:490} INFO - Parsed arguments:
[2025-05-06T09:33:41.591+0000] {spark_submit.py:490} INFO - master                  spark://spark-master:7077
[2025-05-06T09:33:41.591+0000] {spark_submit.py:490} INFO - deployMode              client
[2025-05-06T09:33:41.591+0000] {spark_submit.py:490} INFO - executorMemory          null
[2025-05-06T09:33:41.591+0000] {spark_submit.py:490} INFO - executorCores           null
[2025-05-06T09:33:41.591+0000] {spark_submit.py:490} INFO - totalExecutorCores      null
[2025-05-06T09:33:41.591+0000] {spark_submit.py:490} INFO - propertiesFile          null
[2025-05-06T09:33:41.592+0000] {spark_submit.py:490} INFO - driverMemory            null
[2025-05-06T09:33:41.592+0000] {spark_submit.py:490} INFO - driverCores             null
[2025-05-06T09:33:41.592+0000] {spark_submit.py:490} INFO - driverExtraClassPath    null
[2025-05-06T09:33:41.592+0000] {spark_submit.py:490} INFO - driverExtraLibraryPath  null
[2025-05-06T09:33:41.592+0000] {spark_submit.py:490} INFO - driverExtraJavaOptions  null
[2025-05-06T09:33:41.592+0000] {spark_submit.py:490} INFO - supervise               false
[2025-05-06T09:33:41.592+0000] {spark_submit.py:490} INFO - queue                   root.default
[2025-05-06T09:33:41.592+0000] {spark_submit.py:490} INFO - numExecutors            null
[2025-05-06T09:33:41.592+0000] {spark_submit.py:490} INFO - files                   null
[2025-05-06T09:33:41.592+0000] {spark_submit.py:490} INFO - pyFiles                 null
[2025-05-06T09:33:41.592+0000] {spark_submit.py:490} INFO - archives                null
[2025-05-06T09:33:41.592+0000] {spark_submit.py:490} INFO - mainClass               null
[2025-05-06T09:33:41.592+0000] {spark_submit.py:490} INFO - primaryResource         file:/opt/airflow/dags/bronze_to_silver.py
[2025-05-06T09:33:41.592+0000] {spark_submit.py:490} INFO - name                    BronzeToSilver
[2025-05-06T09:33:41.592+0000] {spark_submit.py:490} INFO - childArgs               []
[2025-05-06T09:33:41.592+0000] {spark_submit.py:490} INFO - jars                    null
[2025-05-06T09:33:41.592+0000] {spark_submit.py:490} INFO - packages                null
[2025-05-06T09:33:41.593+0000] {spark_submit.py:490} INFO - packagesExclusions      null
[2025-05-06T09:33:41.593+0000] {spark_submit.py:490} INFO - repositories            null
[2025-05-06T09:33:41.593+0000] {spark_submit.py:490} INFO - verbose                 true
[2025-05-06T09:33:41.593+0000] {spark_submit.py:490} INFO - 
[2025-05-06T09:33:41.593+0000] {spark_submit.py:490} INFO - Spark properties used, including those specified through
[2025-05-06T09:33:41.593+0000] {spark_submit.py:490} INFO - --conf and those from the properties file null:
[2025-05-06T09:33:41.593+0000] {spark_submit.py:490} INFO - (spark.executorEnv.PYSPARK_PYTHON,/usr/bin/python3)
[2025-05-06T09:33:41.593+0000] {spark_submit.py:490} INFO - (spark.master,spark://spark-master:7077)
[2025-05-06T09:33:41.593+0000] {spark_submit.py:490} INFO - (spark.pyspark.python,/usr/bin/python3)
[2025-05-06T09:33:41.593+0000] {spark_submit.py:490} INFO - (spark.submit.deployMode,client)
[2025-05-06T09:33:41.593+0000] {spark_submit.py:490} INFO - 
[2025-05-06T09:33:41.593+0000] {spark_submit.py:490} INFO - 
[2025-05-06T09:33:41.861+0000] {spark_submit.py:490} INFO - Main class:
[2025-05-06T09:33:41.862+0000] {spark_submit.py:490} INFO - org.apache.spark.deploy.PythonRunner
[2025-05-06T09:33:41.862+0000] {spark_submit.py:490} INFO - Arguments:
[2025-05-06T09:33:41.862+0000] {spark_submit.py:490} INFO - file:/opt/airflow/dags/bronze_to_silver.py
[2025-05-06T09:33:41.862+0000] {spark_submit.py:490} INFO - null
[2025-05-06T09:33:41.864+0000] {spark_submit.py:490} INFO - Spark config:
[2025-05-06T09:33:41.864+0000] {spark_submit.py:490} INFO - (spark.app.name,BronzeToSilver)
[2025-05-06T09:33:41.865+0000] {spark_submit.py:490} INFO - (spark.app.submitTime,1746524021841)
[2025-05-06T09:33:41.865+0000] {spark_submit.py:490} INFO - (spark.executorEnv.PYSPARK_PYTHON,/usr/bin/python3)
[2025-05-06T09:33:41.865+0000] {spark_submit.py:490} INFO - (spark.master,spark://spark-master:7077)
[2025-05-06T09:33:41.865+0000] {spark_submit.py:490} INFO - (spark.pyspark.python,/usr/bin/python3)
[2025-05-06T09:33:41.865+0000] {spark_submit.py:490} INFO - (spark.submit.deployMode,client)
[2025-05-06T09:33:41.865+0000] {spark_submit.py:490} INFO - (spark.submit.pyFiles,)
[2025-05-06T09:33:41.865+0000] {spark_submit.py:490} INFO - Classpath elements:
[2025-05-06T09:33:41.865+0000] {spark_submit.py:490} INFO - 
[2025-05-06T09:33:41.866+0000] {spark_submit.py:490} INFO - 
[2025-05-06T09:33:41.866+0000] {spark_submit.py:490} INFO - 
[2025-05-06T09:33:42.309+0000] {spark_submit.py:490} INFO - 25/05/06 09:33:42 INFO SparkContext: Running Spark version 3.3.0
[2025-05-06T09:33:42.375+0000] {spark_submit.py:490} INFO - 25/05/06 09:33:42 WARN NativeCodeLoader: Unable to load native-hadoop library for your platform... using builtin-java classes where applicable
[2025-05-06T09:33:42.454+0000] {spark_submit.py:490} INFO - 25/05/06 09:33:42 INFO ResourceUtils: ==============================================================
[2025-05-06T09:33:42.454+0000] {spark_submit.py:490} INFO - 25/05/06 09:33:42 INFO ResourceUtils: No custom resources configured for spark.driver.
[2025-05-06T09:33:42.455+0000] {spark_submit.py:490} INFO - 25/05/06 09:33:42 INFO ResourceUtils: ==============================================================
[2025-05-06T09:33:42.455+0000] {spark_submit.py:490} INFO - 25/05/06 09:33:42 INFO SparkContext: Submitted application: Bronze to Silver ETL
[2025-05-06T09:33:42.473+0000] {spark_submit.py:490} INFO - 25/05/06 09:33:42 INFO ResourceProfile: Default ResourceProfile created, executor resources: Map(cores -> name: cores, amount: 1, script: , vendor: , memory -> name: memory, amount: 1024, script: , vendor: , offHeap -> name: offHeap, amount: 0, script: , vendor: ), task resources: Map(cpus -> name: cpus, amount: 1.0)
[2025-05-06T09:33:42.483+0000] {spark_submit.py:490} INFO - 25/05/06 09:33:42 INFO ResourceProfile: Limiting resource is cpu
[2025-05-06T09:33:42.483+0000] {spark_submit.py:490} INFO - 25/05/06 09:33:42 INFO ResourceProfileManager: Added ResourceProfile id: 0
[2025-05-06T09:33:42.540+0000] {spark_submit.py:490} INFO - 25/05/06 09:33:42 INFO SecurityManager: Changing view acls to: root
[2025-05-06T09:33:42.541+0000] {spark_submit.py:490} INFO - 25/05/06 09:33:42 INFO SecurityManager: Changing modify acls to: root
[2025-05-06T09:33:42.541+0000] {spark_submit.py:490} INFO - 25/05/06 09:33:42 INFO SecurityManager: Changing view acls groups to:
[2025-05-06T09:33:42.542+0000] {spark_submit.py:490} INFO - 25/05/06 09:33:42 INFO SecurityManager: Changing modify acls groups to:
[2025-05-06T09:33:42.543+0000] {spark_submit.py:490} INFO - 25/05/06 09:33:42 INFO SecurityManager: SecurityManager: authentication disabled; ui acls disabled; users  with view permissions: Set(root); groups with view permissions: Set(); users  with modify permissions: Set(root); groups with modify permissions: Set()
[2025-05-06T09:33:42.781+0000] {spark_submit.py:490} INFO - 25/05/06 09:33:42 INFO Utils: Successfully started service 'sparkDriver' on port 46307.
[2025-05-06T09:33:42.806+0000] {spark_submit.py:490} INFO - 25/05/06 09:33:42 INFO SparkEnv: Registering MapOutputTracker
[2025-05-06T09:33:42.838+0000] {spark_submit.py:490} INFO - 25/05/06 09:33:42 INFO SparkEnv: Registering BlockManagerMaster
[2025-05-06T09:33:42.854+0000] {spark_submit.py:490} INFO - 25/05/06 09:33:42 INFO BlockManagerMasterEndpoint: Using org.apache.spark.storage.DefaultTopologyMapper for getting topology information
[2025-05-06T09:33:42.855+0000] {spark_submit.py:490} INFO - 25/05/06 09:33:42 INFO BlockManagerMasterEndpoint: BlockManagerMasterEndpoint up
[2025-05-06T09:33:42.859+0000] {spark_submit.py:490} INFO - 25/05/06 09:33:42 INFO SparkEnv: Registering BlockManagerMasterHeartbeat
[2025-05-06T09:33:42.875+0000] {spark_submit.py:490} INFO - 25/05/06 09:33:42 INFO DiskBlockManager: Created local directory at /tmp/blockmgr-a7b4afb3-3587-4ead-b278-c16d5adee664
[2025-05-06T09:33:42.894+0000] {spark_submit.py:490} INFO - 25/05/06 09:33:42 INFO MemoryStore: MemoryStore started with capacity 434.4 MiB
[2025-05-06T09:33:42.915+0000] {spark_submit.py:490} INFO - 25/05/06 09:33:42 INFO SparkEnv: Registering OutputCommitCoordinator
[2025-05-06T09:33:43.088+0000] {spark_submit.py:490} INFO - 25/05/06 09:33:43 INFO Utils: Successfully started service 'SparkUI' on port 4040.
[2025-05-06T09:33:43.187+0000] {spark_submit.py:490} INFO - 25/05/06 09:33:43 INFO StandaloneAppClient$ClientEndpoint: Connecting to master spark://spark-master:7077...
[2025-05-06T09:33:43.228+0000] {spark_submit.py:490} INFO - 25/05/06 09:33:43 INFO TransportClientFactory: Successfully created connection to spark-master/172.18.0.3:7077 after 24 ms (0 ms spent in bootstraps)
[2025-05-06T09:33:43.319+0000] {spark_submit.py:490} INFO - 25/05/06 09:33:43 INFO StandaloneSchedulerBackend: Connected to Spark cluster with app ID app-20250506093343-0041
[2025-05-06T09:33:43.320+0000] {spark_submit.py:490} INFO - 25/05/06 09:33:43 INFO StandaloneAppClient$ClientEndpoint: Executor added: app-20250506093343-0041/0 on worker-20250505201940-172.18.0.6-38439 (172.18.0.6:38439) with 2 core(s)
[2025-05-06T09:33:43.327+0000] {spark_submit.py:490} INFO - 25/05/06 09:33:43 INFO StandaloneSchedulerBackend: Granted executor ID app-20250506093343-0041/0 on hostPort 172.18.0.6:38439 with 2 core(s), 1024.0 MiB RAM
[2025-05-06T09:33:43.331+0000] {spark_submit.py:490} INFO - 25/05/06 09:33:43 INFO Utils: Successfully started service 'org.apache.spark.network.netty.NettyBlockTransferService' on port 43805.
[2025-05-06T09:33:43.331+0000] {spark_submit.py:490} INFO - 25/05/06 09:33:43 INFO NettyBlockTransferService: Server created on b431f09a1fa6:43805
[2025-05-06T09:33:43.333+0000] {spark_submit.py:490} INFO - 25/05/06 09:33:43 INFO BlockManager: Using org.apache.spark.storage.RandomBlockReplicationPolicy for block replication policy
[2025-05-06T09:33:43.341+0000] {spark_submit.py:490} INFO - 25/05/06 09:33:43 INFO BlockManagerMaster: Registering BlockManager BlockManagerId(driver, b431f09a1fa6, 43805, None)
[2025-05-06T09:33:43.345+0000] {spark_submit.py:490} INFO - 25/05/06 09:33:43 INFO BlockManagerMasterEndpoint: Registering block manager b431f09a1fa6:43805 with 434.4 MiB RAM, BlockManagerId(driver, b431f09a1fa6, 43805, None)
[2025-05-06T09:33:43.348+0000] {spark_submit.py:490} INFO - 25/05/06 09:33:43 INFO BlockManagerMaster: Registered BlockManager BlockManagerId(driver, b431f09a1fa6, 43805, None)
[2025-05-06T09:33:43.349+0000] {spark_submit.py:490} INFO - 25/05/06 09:33:43 INFO BlockManager: Initialized BlockManager: BlockManagerId(driver, b431f09a1fa6, 43805, None)
[2025-05-06T09:33:43.355+0000] {spark_submit.py:490} INFO - 25/05/06 09:33:43 INFO StandaloneAppClient$ClientEndpoint: Executor updated: app-20250506093343-0041/0 is now RUNNING
[2025-05-06T09:33:43.549+0000] {spark_submit.py:490} INFO - 25/05/06 09:33:43 INFO StandaloneSchedulerBackend: SchedulerBackend is ready for scheduling beginning after reached minRegisteredResourcesRatio: 0.0
[2025-05-06T09:33:43.710+0000] {spark_submit.py:490} INFO - 🔍 Читання з: /tmp/spark_data/bronze/athlete_event_results/20250506_*
[2025-05-06T09:33:43.773+0000] {spark_submit.py:490} INFO - 25/05/06 09:33:43 INFO SharedState: Setting hive.metastore.warehouse.dir ('null') to the value of spark.sql.warehouse.dir.
[2025-05-06T09:33:43.780+0000] {spark_submit.py:490} INFO - 25/05/06 09:33:43 INFO SharedState: Warehouse path is 'file:/opt/airflow/spark-warehouse'.
[2025-05-06T09:33:44.732+0000] {spark_submit.py:490} INFO - 25/05/06 09:33:44 INFO InMemoryFileIndex: It took 94 ms to list leaf files for 5 paths.
[2025-05-06T09:33:45.218+0000] {spark_submit.py:490} INFO - 25/05/06 09:33:45 INFO SparkContext: Starting job: load at NativeMethodAccessorImpl.java:0
[2025-05-06T09:33:45.239+0000] {spark_submit.py:490} INFO - 25/05/06 09:33:45 INFO DAGScheduler: Got job 0 (load at NativeMethodAccessorImpl.java:0) with 1 output partitions
[2025-05-06T09:33:45.240+0000] {spark_submit.py:490} INFO - 25/05/06 09:33:45 INFO DAGScheduler: Final stage: ResultStage 0 (load at NativeMethodAccessorImpl.java:0)
[2025-05-06T09:33:45.240+0000] {spark_submit.py:490} INFO - 25/05/06 09:33:45 INFO DAGScheduler: Parents of final stage: List()
[2025-05-06T09:33:45.240+0000] {spark_submit.py:490} INFO - 25/05/06 09:33:45 INFO DAGScheduler: Missing parents: List()
[2025-05-06T09:33:45.245+0000] {spark_submit.py:490} INFO - 25/05/06 09:33:45 INFO DAGScheduler: Submitting ResultStage 0 (MapPartitionsRDD[1] at load at NativeMethodAccessorImpl.java:0), which has no missing parents
[2025-05-06T09:33:45.319+0000] {spark_submit.py:490} INFO - 25/05/06 09:33:45 INFO MemoryStore: Block broadcast_0 stored as values in memory (estimated size 102.8 KiB, free 434.3 MiB)
[2025-05-06T09:33:45.356+0000] {spark_submit.py:490} INFO - 25/05/06 09:33:45 INFO MemoryStore: Block broadcast_0_piece0 stored as bytes in memory (estimated size 36.9 KiB, free 434.3 MiB)
[2025-05-06T09:33:45.359+0000] {spark_submit.py:490} INFO - 25/05/06 09:33:45 INFO BlockManagerInfo: Added broadcast_0_piece0 in memory on b431f09a1fa6:43805 (size: 36.9 KiB, free: 434.4 MiB)
[2025-05-06T09:33:45.363+0000] {spark_submit.py:490} INFO - 25/05/06 09:33:45 INFO SparkContext: Created broadcast 0 from broadcast at DAGScheduler.scala:1513
[2025-05-06T09:33:45.384+0000] {spark_submit.py:490} INFO - 25/05/06 09:33:45 INFO DAGScheduler: Submitting 1 missing tasks from ResultStage 0 (MapPartitionsRDD[1] at load at NativeMethodAccessorImpl.java:0) (first 15 tasks are for partitions Vector(0))
[2025-05-06T09:33:45.385+0000] {spark_submit.py:490} INFO - 25/05/06 09:33:45 INFO TaskSchedulerImpl: Adding task set 0.0 with 1 tasks resource profile 0
[2025-05-06T09:33:46.196+0000] {spark_submit.py:490} INFO - 25/05/06 09:33:46 INFO CoarseGrainedSchedulerBackend$DriverEndpoint: Registered executor NettyRpcEndpointRef(spark-client://Executor) (172.18.0.6:45766) with ID 0,  ResourceProfileId 0
[2025-05-06T09:33:46.262+0000] {spark_submit.py:490} INFO - 25/05/06 09:33:46 INFO BlockManagerMasterEndpoint: Registering block manager 172.18.0.6:41961 with 366.3 MiB RAM, BlockManagerId(0, 172.18.0.6, 41961, None)
[2025-05-06T09:33:46.319+0000] {spark_submit.py:490} INFO - 25/05/06 09:33:46 INFO TaskSetManager: Starting task 0.0 in stage 0.0 (TID 0) (172.18.0.6, executor 0, partition 0, PROCESS_LOCAL, 4685 bytes) taskResourceAssignments Map()
[2025-05-06T09:33:46.537+0000] {spark_submit.py:490} INFO - 25/05/06 09:33:46 INFO BlockManagerInfo: Added broadcast_0_piece0 in memory on 172.18.0.6:41961 (size: 36.9 KiB, free: 366.3 MiB)
[2025-05-06T09:33:47.400+0000] {spark_submit.py:490} INFO - 25/05/06 09:33:47 INFO TaskSetManager: Finished task 0.0 in stage 0.0 (TID 0) in 1092 ms on 172.18.0.6 (executor 0) (1/1)
[2025-05-06T09:33:47.401+0000] {spark_submit.py:490} INFO - 25/05/06 09:33:47 INFO TaskSchedulerImpl: Removed TaskSet 0.0, whose tasks have all completed, from pool
[2025-05-06T09:33:47.405+0000] {spark_submit.py:490} INFO - 25/05/06 09:33:47 INFO DAGScheduler: ResultStage 0 (load at NativeMethodAccessorImpl.java:0) finished in 2.145 s
[2025-05-06T09:33:47.408+0000] {spark_submit.py:490} INFO - 25/05/06 09:33:47 INFO DAGScheduler: Job 0 is finished. Cancelling potential speculative or zombie tasks for this job
[2025-05-06T09:33:47.409+0000] {spark_submit.py:490} INFO - 25/05/06 09:33:47 INFO TaskSchedulerImpl: Killing all running tasks in stage 0: Stage finished
[2025-05-06T09:33:47.410+0000] {spark_submit.py:490} INFO - 25/05/06 09:33:47 INFO DAGScheduler: Job 0 finished: load at NativeMethodAccessorImpl.java:0, took 2.192402 s
[2025-05-06T09:33:47.662+0000] {spark_submit.py:490} INFO - 25/05/06 09:33:47 INFO BlockManagerInfo: Removed broadcast_0_piece0 on b431f09a1fa6:43805 in memory (size: 36.9 KiB, free: 434.4 MiB)
[2025-05-06T09:33:47.671+0000] {spark_submit.py:490} INFO - 25/05/06 09:33:47 INFO BlockManagerInfo: Removed broadcast_0_piece0 on 172.18.0.6:41961 in memory (size: 36.9 KiB, free: 366.3 MiB)
[2025-05-06T09:33:48.654+0000] {spark_submit.py:490} INFO - 📑 Схема початкового датафрейму:
[2025-05-06T09:33:48.675+0000] {spark_submit.py:490} INFO - root
[2025-05-06T09:33:48.675+0000] {spark_submit.py:490} INFO - |-- edition: string (nullable = true)
[2025-05-06T09:33:48.675+0000] {spark_submit.py:490} INFO - |-- edition_id: string (nullable = true)
[2025-05-06T09:33:48.675+0000] {spark_submit.py:490} INFO - |-- country_noc: string (nullable = true)
[2025-05-06T09:33:48.675+0000] {spark_submit.py:490} INFO - |-- sport: string (nullable = true)
[2025-05-06T09:33:48.675+0000] {spark_submit.py:490} INFO - |-- event: string (nullable = true)
[2025-05-06T09:33:48.675+0000] {spark_submit.py:490} INFO - |-- result_id: string (nullable = true)
[2025-05-06T09:33:48.675+0000] {spark_submit.py:490} INFO - |-- athlete: string (nullable = true)
[2025-05-06T09:33:48.675+0000] {spark_submit.py:490} INFO - |-- athlete_id: string (nullable = true)
[2025-05-06T09:33:48.676+0000] {spark_submit.py:490} INFO - |-- pos: string (nullable = true)
[2025-05-06T09:33:48.676+0000] {spark_submit.py:490} INFO - |-- medal: string (nullable = true)
[2025-05-06T09:33:48.676+0000] {spark_submit.py:490} INFO - |-- isTeamSport: string (nullable = true)
[2025-05-06T09:33:48.676+0000] {spark_submit.py:490} INFO - 
[2025-05-06T09:33:48.676+0000] {spark_submit.py:490} INFO - 🔎 Перші 5 рядків з Bronze:
[2025-05-06T09:33:49.006+0000] {spark_submit.py:490} INFO - 25/05/06 09:33:49 INFO FileSourceStrategy: Pushed Filters:
[2025-05-06T09:33:49.007+0000] {spark_submit.py:490} INFO - 25/05/06 09:33:49 INFO FileSourceStrategy: Post-Scan Filters:
[2025-05-06T09:33:49.009+0000] {spark_submit.py:490} INFO - 25/05/06 09:33:49 INFO FileSourceStrategy: Output Data Schema: struct<edition: string, edition_id: string, country_noc: string, sport: string, event: string ... 9 more fields>
[2025-05-06T09:33:49.384+0000] {spark_submit.py:490} INFO - 25/05/06 09:33:49 INFO CodeGenerator: Code generated in 232.640576 ms
[2025-05-06T09:33:49.417+0000] {spark_submit.py:490} INFO - 25/05/06 09:33:49 INFO MemoryStore: Block broadcast_1 stored as values in memory (estimated size 202.0 KiB, free 434.2 MiB)
[2025-05-06T09:33:49.426+0000] {spark_submit.py:490} INFO - 25/05/06 09:33:49 INFO MemoryStore: Block broadcast_1_piece0 stored as bytes in memory (estimated size 34.8 KiB, free 434.2 MiB)
[2025-05-06T09:33:49.427+0000] {spark_submit.py:490} INFO - 25/05/06 09:33:49 INFO BlockManagerInfo: Added broadcast_1_piece0 in memory on b431f09a1fa6:43805 (size: 34.8 KiB, free: 434.4 MiB)
[2025-05-06T09:33:49.428+0000] {spark_submit.py:490} INFO - 25/05/06 09:33:49 INFO SparkContext: Created broadcast 1 from showString at NativeMethodAccessorImpl.java:0
[2025-05-06T09:33:49.439+0000] {spark_submit.py:490} INFO - 25/05/06 09:33:49 INFO FileSourceScanExec: Planning scan with bin packing, max size: 33975010 bytes, open cost is considered as scanning 4194304 bytes.
[2025-05-06T09:33:49.478+0000] {spark_submit.py:490} INFO - 25/05/06 09:33:49 INFO SparkContext: Starting job: showString at NativeMethodAccessorImpl.java:0
[2025-05-06T09:33:49.479+0000] {spark_submit.py:490} INFO - 25/05/06 09:33:49 INFO DAGScheduler: Got job 1 (showString at NativeMethodAccessorImpl.java:0) with 1 output partitions
[2025-05-06T09:33:49.480+0000] {spark_submit.py:490} INFO - 25/05/06 09:33:49 INFO DAGScheduler: Final stage: ResultStage 1 (showString at NativeMethodAccessorImpl.java:0)
[2025-05-06T09:33:49.480+0000] {spark_submit.py:490} INFO - 25/05/06 09:33:49 INFO DAGScheduler: Parents of final stage: List()
[2025-05-06T09:33:49.480+0000] {spark_submit.py:490} INFO - 25/05/06 09:33:49 INFO DAGScheduler: Missing parents: List()
[2025-05-06T09:33:49.482+0000] {spark_submit.py:490} INFO - 25/05/06 09:33:49 INFO DAGScheduler: Submitting ResultStage 1 (MapPartitionsRDD[5] at showString at NativeMethodAccessorImpl.java:0), which has no missing parents
[2025-05-06T09:33:49.508+0000] {spark_submit.py:490} INFO - 25/05/06 09:33:49 INFO MemoryStore: Block broadcast_2 stored as values in memory (estimated size 18.4 KiB, free 434.2 MiB)
[2025-05-06T09:33:49.512+0000] {spark_submit.py:490} INFO - 25/05/06 09:33:49 INFO MemoryStore: Block broadcast_2_piece0 stored as bytes in memory (estimated size 6.5 KiB, free 434.1 MiB)
[2025-05-06T09:33:49.513+0000] {spark_submit.py:490} INFO - 25/05/06 09:33:49 INFO BlockManagerInfo: Added broadcast_2_piece0 in memory on b431f09a1fa6:43805 (size: 6.5 KiB, free: 434.4 MiB)
[2025-05-06T09:33:49.514+0000] {spark_submit.py:490} INFO - 25/05/06 09:33:49 INFO SparkContext: Created broadcast 2 from broadcast at DAGScheduler.scala:1513
[2025-05-06T09:33:49.515+0000] {spark_submit.py:490} INFO - 25/05/06 09:33:49 INFO DAGScheduler: Submitting 1 missing tasks from ResultStage 1 (MapPartitionsRDD[5] at showString at NativeMethodAccessorImpl.java:0) (first 15 tasks are for partitions Vector(0))
[2025-05-06T09:33:49.515+0000] {spark_submit.py:490} INFO - 25/05/06 09:33:49 INFO TaskSchedulerImpl: Adding task set 1.0 with 1 tasks resource profile 0
[2025-05-06T09:33:49.519+0000] {spark_submit.py:490} INFO - 25/05/06 09:33:49 INFO TaskSetManager: Starting task 0.0 in stage 1.0 (TID 1) (172.18.0.6, executor 0, partition 0, PROCESS_LOCAL, 5734 bytes) taskResourceAssignments Map()
[2025-05-06T09:33:49.558+0000] {spark_submit.py:490} INFO - 25/05/06 09:33:49 INFO BlockManagerInfo: Added broadcast_2_piece0 in memory on 172.18.0.6:41961 (size: 6.5 KiB, free: 366.3 MiB)
[2025-05-06T09:33:50.128+0000] {spark_submit.py:490} INFO - 25/05/06 09:33:50 INFO BlockManagerInfo: Added broadcast_1_piece0 in memory on 172.18.0.6:41961 (size: 34.8 KiB, free: 366.3 MiB)
[2025-05-06T09:33:50.595+0000] {spark_submit.py:490} INFO - 25/05/06 09:33:50 INFO TaskSetManager: Finished task 0.0 in stage 1.0 (TID 1) in 1079 ms on 172.18.0.6 (executor 0) (1/1)
[2025-05-06T09:33:50.595+0000] {spark_submit.py:490} INFO - 25/05/06 09:33:50 INFO TaskSchedulerImpl: Removed TaskSet 1.0, whose tasks have all completed, from pool
[2025-05-06T09:33:50.596+0000] {spark_submit.py:490} INFO - 25/05/06 09:33:50 INFO DAGScheduler: ResultStage 1 (showString at NativeMethodAccessorImpl.java:0) finished in 1.110 s
[2025-05-06T09:33:50.597+0000] {spark_submit.py:490} INFO - 25/05/06 09:33:50 INFO DAGScheduler: Job 1 is finished. Cancelling potential speculative or zombie tasks for this job
[2025-05-06T09:33:50.597+0000] {spark_submit.py:490} INFO - 25/05/06 09:33:50 INFO TaskSchedulerImpl: Killing all running tasks in stage 1: Stage finished
[2025-05-06T09:33:50.598+0000] {spark_submit.py:490} INFO - 25/05/06 09:33:50 INFO DAGScheduler: Job 1 finished: showString at NativeMethodAccessorImpl.java:0, took 1.119254 s
[2025-05-06T09:33:50.641+0000] {spark_submit.py:490} INFO - 25/05/06 09:33:50 INFO CodeGenerator: Code generated in 19.079283 ms
[2025-05-06T09:33:50.653+0000] {spark_submit.py:490} INFO - +--------------------+----------+-----------+---------+---------------+---------+---------------+----------+---------+-----+-----------+
[2025-05-06T09:33:50.654+0000] {spark_submit.py:490} INFO - |edition             |edition_id|country_noc|sport    |event          |result_id|athlete        |athlete_id|pos      |medal|isTeamSport|
[2025-05-06T09:33:50.654+0000] {spark_submit.py:490} INFO - +--------------------+----------+-----------+---------+---------------+---------+---------------+----------+---------+-----+-----------+
[2025-05-06T09:33:50.654+0000] {spark_submit.py:490} INFO - |1908 Summer Olympics|5         |ANZ        |Athletics|100 metres, Men|56265    |Ernest Hutcheon|64710     |DNS      |null |False      |
[2025-05-06T09:33:50.654+0000] {spark_submit.py:490} INFO - |1908 Summer Olympics|5         |ANZ        |Athletics|400 metres, Men|56313    |Henry Murray   |64756     |DNS      |null |False      |
[2025-05-06T09:33:50.654+0000] {spark_submit.py:490} INFO - |1908 Summer Olympics|5         |ANZ        |Athletics|800 metres, Men|56338    |Harvey Sutton  |64808     |3 h8 r1/2|null |False      |
[2025-05-06T09:33:50.654+0000] {spark_submit.py:490} INFO - |1908 Summer Olympics|5         |ANZ        |Athletics|800 metres, Men|56338    |Guy Haskins    |922519    |DNS      |null |False      |
[2025-05-06T09:33:50.654+0000] {spark_submit.py:490} INFO - |1908 Summer Olympics|5         |ANZ        |Athletics|800 metres, Men|56338    |Joseph Lynch   |64735     |DNS      |null |False      |
[2025-05-06T09:33:50.655+0000] {spark_submit.py:490} INFO - +--------------------+----------+-----------+---------+---------------+---------+---------------+----------+---------+-----+-----------+
[2025-05-06T09:33:50.655+0000] {spark_submit.py:490} INFO - only showing top 5 rows
[2025-05-06T09:33:50.655+0000] {spark_submit.py:490} INFO - 
[2025-05-06T09:33:50.655+0000] {spark_submit.py:490} INFO - 🧼 Чищення датафрейму...
[2025-05-06T09:33:50.983+0000] {spark_submit.py:490} INFO - 📑 Схема очищеного датафрейму:
[2025-05-06T09:33:50.984+0000] {spark_submit.py:490} INFO - root
[2025-05-06T09:33:50.985+0000] {spark_submit.py:490} INFO - |-- edition: string (nullable = true)
[2025-05-06T09:33:50.985+0000] {spark_submit.py:490} INFO - |-- edition_id: string (nullable = true)
[2025-05-06T09:33:50.985+0000] {spark_submit.py:490} INFO - |-- country_noc: string (nullable = true)
[2025-05-06T09:33:50.985+0000] {spark_submit.py:490} INFO - |-- sport: string (nullable = true)
[2025-05-06T09:33:50.985+0000] {spark_submit.py:490} INFO - |-- event: string (nullable = true)
[2025-05-06T09:33:50.985+0000] {spark_submit.py:490} INFO - |-- result_id: string (nullable = true)
[2025-05-06T09:33:50.985+0000] {spark_submit.py:490} INFO - |-- athlete: string (nullable = true)
[2025-05-06T09:33:50.985+0000] {spark_submit.py:490} INFO - |-- athlete_id: string (nullable = true)
[2025-05-06T09:33:50.985+0000] {spark_submit.py:490} INFO - |-- pos: string (nullable = true)
[2025-05-06T09:33:50.985+0000] {spark_submit.py:490} INFO - |-- medal: string (nullable = true)
[2025-05-06T09:33:50.985+0000] {spark_submit.py:490} INFO - |-- isTeamSport: string (nullable = true)
[2025-05-06T09:33:50.985+0000] {spark_submit.py:490} INFO - 
[2025-05-06T09:33:50.985+0000] {spark_submit.py:490} INFO - 🔎 Перші 10 рядків після очищення:
[2025-05-06T09:33:51.068+0000] {spark_submit.py:490} INFO - 25/05/06 09:33:51 INFO FileSourceStrategy: Pushed Filters:
[2025-05-06T09:33:51.068+0000] {spark_submit.py:490} INFO - 25/05/06 09:33:51 INFO FileSourceStrategy: Post-Scan Filters:
[2025-05-06T09:33:51.068+0000] {spark_submit.py:490} INFO - 25/05/06 09:33:51 INFO FileSourceStrategy: Output Data Schema: struct<edition: string, edition_id: string, country_noc: string, sport: string, event: string ... 9 more fields>
[2025-05-06T09:33:51.131+0000] {spark_submit.py:490} INFO - 25/05/06 09:33:51 INFO CodeGenerator: Code generated in 17.854098 ms
[2025-05-06T09:33:51.142+0000] {spark_submit.py:490} INFO - 25/05/06 09:33:51 INFO MemoryStore: Block broadcast_3 stored as values in memory (estimated size 202.0 KiB, free 433.9 MiB)
[2025-05-06T09:33:51.156+0000] {spark_submit.py:490} INFO - 25/05/06 09:33:51 INFO MemoryStore: Block broadcast_3_piece0 stored as bytes in memory (estimated size 34.8 KiB, free 433.9 MiB)
[2025-05-06T09:33:51.157+0000] {spark_submit.py:490} INFO - 25/05/06 09:33:51 INFO BlockManagerInfo: Added broadcast_3_piece0 in memory on b431f09a1fa6:43805 (size: 34.8 KiB, free: 434.3 MiB)
[2025-05-06T09:33:51.158+0000] {spark_submit.py:490} INFO - 25/05/06 09:33:51 INFO SparkContext: Created broadcast 3 from showString at NativeMethodAccessorImpl.java:0
[2025-05-06T09:33:51.160+0000] {spark_submit.py:490} INFO - 25/05/06 09:33:51 INFO FileSourceScanExec: Planning scan with bin packing, max size: 33975010 bytes, open cost is considered as scanning 4194304 bytes.
[2025-05-06T09:33:51.222+0000] {spark_submit.py:490} INFO - 25/05/06 09:33:51 INFO SparkContext: Starting job: showString at NativeMethodAccessorImpl.java:0
[2025-05-06T09:33:51.223+0000] {spark_submit.py:490} INFO - 25/05/06 09:33:51 INFO DAGScheduler: Got job 2 (showString at NativeMethodAccessorImpl.java:0) with 1 output partitions
[2025-05-06T09:33:51.223+0000] {spark_submit.py:490} INFO - 25/05/06 09:33:51 INFO DAGScheduler: Final stage: ResultStage 2 (showString at NativeMethodAccessorImpl.java:0)
[2025-05-06T09:33:51.224+0000] {spark_submit.py:490} INFO - 25/05/06 09:33:51 INFO DAGScheduler: Parents of final stage: List()
[2025-05-06T09:33:51.224+0000] {spark_submit.py:490} INFO - 25/05/06 09:33:51 INFO DAGScheduler: Missing parents: List()
[2025-05-06T09:33:51.225+0000] {spark_submit.py:490} INFO - 25/05/06 09:33:51 INFO DAGScheduler: Submitting ResultStage 2 (MapPartitionsRDD[12] at showString at NativeMethodAccessorImpl.java:0), which has no missing parents
[2025-05-06T09:33:51.236+0000] {spark_submit.py:490} INFO - 25/05/06 09:33:51 INFO MemoryStore: Block broadcast_4 stored as values in memory (estimated size 48.1 KiB, free 433.9 MiB)
[2025-05-06T09:33:51.241+0000] {spark_submit.py:490} INFO - 25/05/06 09:33:51 INFO MemoryStore: Block broadcast_4_piece0 stored as bytes in memory (estimated size 16.0 KiB, free 433.9 MiB)
[2025-05-06T09:33:51.242+0000] {spark_submit.py:490} INFO - 25/05/06 09:33:51 INFO BlockManagerInfo: Added broadcast_4_piece0 in memory on b431f09a1fa6:43805 (size: 16.0 KiB, free: 434.3 MiB)
[2025-05-06T09:33:51.243+0000] {spark_submit.py:490} INFO - 25/05/06 09:33:51 INFO SparkContext: Created broadcast 4 from broadcast at DAGScheduler.scala:1513
[2025-05-06T09:33:51.244+0000] {spark_submit.py:490} INFO - 25/05/06 09:33:51 INFO DAGScheduler: Submitting 1 missing tasks from ResultStage 2 (MapPartitionsRDD[12] at showString at NativeMethodAccessorImpl.java:0) (first 15 tasks are for partitions Vector(0))
[2025-05-06T09:33:51.244+0000] {spark_submit.py:490} INFO - 25/05/06 09:33:51 INFO TaskSchedulerImpl: Adding task set 2.0 with 1 tasks resource profile 0
[2025-05-06T09:33:51.246+0000] {spark_submit.py:490} INFO - 25/05/06 09:33:51 INFO TaskSetManager: Starting task 0.0 in stage 2.0 (TID 2) (172.18.0.6, executor 0, partition 0, PROCESS_LOCAL, 5734 bytes) taskResourceAssignments Map()
[2025-05-06T09:33:51.270+0000] {spark_submit.py:490} INFO - 25/05/06 09:33:51 INFO BlockManagerInfo: Added broadcast_4_piece0 in memory on 172.18.0.6:41961 (size: 16.0 KiB, free: 366.2 MiB)
[2025-05-06T09:33:51.955+0000] {spark_submit.py:490} INFO - 25/05/06 09:33:51 INFO BlockManagerInfo: Added broadcast_3_piece0 in memory on 172.18.0.6:41961 (size: 34.8 KiB, free: 366.2 MiB)
[2025-05-06T09:33:52.101+0000] {spark_submit.py:490} INFO - 25/05/06 09:33:52 INFO TaskSetManager: Finished task 0.0 in stage 2.0 (TID 2) in 855 ms on 172.18.0.6 (executor 0) (1/1)
[2025-05-06T09:33:52.101+0000] {spark_submit.py:490} INFO - 25/05/06 09:33:52 INFO TaskSchedulerImpl: Removed TaskSet 2.0, whose tasks have all completed, from pool
[2025-05-06T09:33:52.104+0000] {spark_submit.py:490} INFO - 25/05/06 09:33:52 INFO PythonAccumulatorV2: Connected to AccumulatorServer at host: 127.0.0.1 port: 38227
[2025-05-06T09:33:52.106+0000] {spark_submit.py:490} INFO - 25/05/06 09:33:52 INFO DAGScheduler: ResultStage 2 (showString at NativeMethodAccessorImpl.java:0) finished in 0.879 s
[2025-05-06T09:33:52.106+0000] {spark_submit.py:490} INFO - 25/05/06 09:33:52 INFO DAGScheduler: Job 2 is finished. Cancelling potential speculative or zombie tasks for this job
[2025-05-06T09:33:52.106+0000] {spark_submit.py:490} INFO - 25/05/06 09:33:52 INFO TaskSchedulerImpl: Killing all running tasks in stage 2: Stage finished
[2025-05-06T09:33:52.107+0000] {spark_submit.py:490} INFO - 25/05/06 09:33:52 INFO DAGScheduler: Job 2 finished: showString at NativeMethodAccessorImpl.java:0, took 0.884535 s
[2025-05-06T09:33:52.119+0000] {spark_submit.py:490} INFO - +--------------------+----------+-----------+---------+---------------+---------+---------------+----------+---------+-----+-----------+
[2025-05-06T09:33:52.119+0000] {spark_submit.py:490} INFO - |edition             |edition_id|country_noc|sport    |event          |result_id|athlete        |athlete_id|pos      |medal|isTeamSport|
[2025-05-06T09:33:52.119+0000] {spark_submit.py:490} INFO - +--------------------+----------+-----------+---------+---------------+---------+---------------+----------+---------+-----+-----------+
[2025-05-06T09:33:52.119+0000] {spark_submit.py:490} INFO - |1908 summer olympics|5         |anz        |athletics|100 metres men |56265    |ernest hutcheon|64710     |dns      |     |false      |
[2025-05-06T09:33:52.120+0000] {spark_submit.py:490} INFO - |1908 summer olympics|5         |anz        |athletics|400 metres men |56313    |henry murray   |64756     |dns      |     |false      |
[2025-05-06T09:33:52.120+0000] {spark_submit.py:490} INFO - |1908 summer olympics|5         |anz        |athletics|800 metres men |56338    |harvey sutton  |64808     |3 h8 r12 |     |false      |
[2025-05-06T09:33:52.120+0000] {spark_submit.py:490} INFO - |1908 summer olympics|5         |anz        |athletics|800 metres men |56338    |guy haskins    |922519    |dns      |     |false      |
[2025-05-06T09:33:52.120+0000] {spark_submit.py:490} INFO - |1908 summer olympics|5         |anz        |athletics|800 metres men |56338    |joseph lynch   |64735     |dns      |     |false      |
[2025-05-06T09:33:52.120+0000] {spark_submit.py:490} INFO - |1908 summer olympics|5         |anz        |athletics|800 metres men |56338    |henry murray   |64756     |dns      |     |false      |
[2025-05-06T09:33:52.120+0000] {spark_submit.py:490} INFO - |1908 summer olympics|5         |anz        |athletics|1500 metres men|56349    |joseph lynch   |64735     |5 h2 r12 |     |false      |
[2025-05-06T09:33:52.120+0000] {spark_submit.py:490} INFO - |1908 summer olympics|5         |anz        |athletics|1500 metres men|56349    |charles swain  |79576     |ac h3 r12|     |false      |
[2025-05-06T09:33:52.120+0000] {spark_submit.py:490} INFO - |1908 summer olympics|5         |anz        |athletics|1500 metres men|56349    |guy haskins    |922519    |dns      |     |false      |
[2025-05-06T09:33:52.120+0000] {spark_submit.py:490} INFO - |1908 summer olympics|5         |anz        |athletics|1500 metres men|56349    |george blake   |64619     |dns      |     |false      |
[2025-05-06T09:33:52.121+0000] {spark_submit.py:490} INFO - +--------------------+----------+-----------+---------+---------------+---------+---------------+----------+---------+-----+-----------+
[2025-05-06T09:33:52.121+0000] {spark_submit.py:490} INFO - only showing top 10 rows
[2025-05-06T09:33:52.121+0000] {spark_submit.py:490} INFO - 
[2025-05-06T09:33:52.121+0000] {spark_submit.py:490} INFO - 💾 Збереження до Silver рівня: /tmp/spark_data/silver/athlete_event_results/20250506
[2025-05-06T09:33:52.170+0000] {spark_submit.py:490} INFO - 25/05/06 09:33:52 INFO FileSourceStrategy: Pushed Filters:
[2025-05-06T09:33:52.171+0000] {spark_submit.py:490} INFO - 25/05/06 09:33:52 INFO FileSourceStrategy: Post-Scan Filters:
[2025-05-06T09:33:52.171+0000] {spark_submit.py:490} INFO - 25/05/06 09:33:52 INFO FileSourceStrategy: Output Data Schema: struct<edition: string, edition_id: string, country_noc: string, sport: string, event: string ... 9 more fields>
[2025-05-06T09:33:52.230+0000] {spark_submit.py:490} INFO - 25/05/06 09:33:52 INFO BlockManagerInfo: Removed broadcast_4_piece0 on b431f09a1fa6:43805 in memory (size: 16.0 KiB, free: 434.3 MiB)
[2025-05-06T09:33:52.240+0000] {spark_submit.py:490} INFO - 25/05/06 09:33:52 INFO BlockManagerInfo: Removed broadcast_4_piece0 on 172.18.0.6:41961 in memory (size: 16.0 KiB, free: 366.2 MiB)
[2025-05-06T09:33:52.249+0000] {spark_submit.py:490} INFO - 25/05/06 09:33:52 INFO ParquetFileFormat: Using default output committer for Parquet: org.apache.parquet.hadoop.ParquetOutputCommitter
[2025-05-06T09:33:52.250+0000] {spark_submit.py:490} INFO - 25/05/06 09:33:52 INFO BlockManagerInfo: Removed broadcast_1_piece0 on b431f09a1fa6:43805 in memory (size: 34.8 KiB, free: 434.4 MiB)
[2025-05-06T09:33:52.261+0000] {spark_submit.py:490} INFO - 25/05/06 09:33:52 INFO BlockManagerInfo: Removed broadcast_1_piece0 on 172.18.0.6:41961 in memory (size: 34.8 KiB, free: 366.3 MiB)
[2025-05-06T09:33:52.275+0000] {spark_submit.py:490} INFO - 25/05/06 09:33:52 INFO FileOutputCommitter: File Output Committer Algorithm version is 1
[2025-05-06T09:33:52.276+0000] {spark_submit.py:490} INFO - 25/05/06 09:33:52 INFO FileOutputCommitter: FileOutputCommitter skip cleanup _temporary folders under output directory:false, ignore cleanup failures: false
[2025-05-06T09:33:52.276+0000] {spark_submit.py:490} INFO - 25/05/06 09:33:52 INFO SQLHadoopMapReduceCommitProtocol: Using user defined output committer class org.apache.parquet.hadoop.ParquetOutputCommitter
[2025-05-06T09:33:52.277+0000] {spark_submit.py:490} INFO - 25/05/06 09:33:52 INFO FileOutputCommitter: File Output Committer Algorithm version is 1
[2025-05-06T09:33:52.277+0000] {spark_submit.py:490} INFO - 25/05/06 09:33:52 INFO FileOutputCommitter: FileOutputCommitter skip cleanup _temporary folders under output directory:false, ignore cleanup failures: false
[2025-05-06T09:33:52.278+0000] {spark_submit.py:490} INFO - 25/05/06 09:33:52 INFO SQLHadoopMapReduceCommitProtocol: Using output committer class org.apache.parquet.hadoop.ParquetOutputCommitter
[2025-05-06T09:33:52.280+0000] {spark_submit.py:490} INFO - 25/05/06 09:33:52 INFO BlockManagerInfo: Removed broadcast_2_piece0 on b431f09a1fa6:43805 in memory (size: 6.5 KiB, free: 434.4 MiB)
[2025-05-06T09:33:52.283+0000] {spark_submit.py:490} INFO - 25/05/06 09:33:52 INFO BlockManagerInfo: Removed broadcast_2_piece0 on 172.18.0.6:41961 in memory (size: 6.5 KiB, free: 366.3 MiB)
[2025-05-06T09:33:52.299+0000] {spark_submit.py:490} INFO - 25/05/06 09:33:52 INFO BlockManagerInfo: Removed broadcast_3_piece0 on b431f09a1fa6:43805 in memory (size: 34.8 KiB, free: 434.4 MiB)
[2025-05-06T09:33:52.301+0000] {spark_submit.py:490} INFO - 25/05/06 09:33:52 INFO BlockManagerInfo: Removed broadcast_3_piece0 on 172.18.0.6:41961 in memory (size: 34.8 KiB, free: 366.3 MiB)
[2025-05-06T09:33:52.325+0000] {spark_submit.py:490} INFO - 25/05/06 09:33:52 INFO MemoryStore: Block broadcast_5 stored as values in memory (estimated size 202.0 KiB, free 434.2 MiB)
[2025-05-06T09:33:52.332+0000] {spark_submit.py:490} INFO - 25/05/06 09:33:52 INFO MemoryStore: Block broadcast_5_piece0 stored as bytes in memory (estimated size 34.8 KiB, free 434.2 MiB)
[2025-05-06T09:33:52.333+0000] {spark_submit.py:490} INFO - 25/05/06 09:33:52 INFO BlockManagerInfo: Added broadcast_5_piece0 in memory on b431f09a1fa6:43805 (size: 34.8 KiB, free: 434.4 MiB)
[2025-05-06T09:33:52.334+0000] {spark_submit.py:490} INFO - 25/05/06 09:33:52 INFO SparkContext: Created broadcast 5 from parquet at NativeMethodAccessorImpl.java:0
[2025-05-06T09:33:52.335+0000] {spark_submit.py:490} INFO - 25/05/06 09:33:52 INFO FileSourceScanExec: Planning scan with bin packing, max size: 33975010 bytes, open cost is considered as scanning 4194304 bytes.
[2025-05-06T09:33:52.382+0000] {spark_submit.py:490} INFO - 25/05/06 09:33:52 INFO SparkContext: Starting job: parquet at NativeMethodAccessorImpl.java:0
[2025-05-06T09:33:52.383+0000] {spark_submit.py:490} INFO - 25/05/06 09:33:52 INFO DAGScheduler: Got job 3 (parquet at NativeMethodAccessorImpl.java:0) with 2 output partitions
[2025-05-06T09:33:52.384+0000] {spark_submit.py:490} INFO - 25/05/06 09:33:52 INFO DAGScheduler: Final stage: ResultStage 3 (parquet at NativeMethodAccessorImpl.java:0)
[2025-05-06T09:33:52.384+0000] {spark_submit.py:490} INFO - 25/05/06 09:33:52 INFO DAGScheduler: Parents of final stage: List()
[2025-05-06T09:33:52.384+0000] {spark_submit.py:490} INFO - 25/05/06 09:33:52 INFO DAGScheduler: Missing parents: List()
[2025-05-06T09:33:52.385+0000] {spark_submit.py:490} INFO - 25/05/06 09:33:52 INFO DAGScheduler: Submitting ResultStage 3 (MapPartitionsRDD[18] at parquet at NativeMethodAccessorImpl.java:0), which has no missing parents
[2025-05-06T09:33:52.406+0000] {spark_submit.py:490} INFO - 25/05/06 09:33:52 INFO MemoryStore: Block broadcast_6 stored as values in memory (estimated size 248.7 KiB, free 433.9 MiB)
[2025-05-06T09:33:52.409+0000] {spark_submit.py:490} INFO - 25/05/06 09:33:52 INFO MemoryStore: Block broadcast_6_piece0 stored as bytes in memory (estimated size 85.9 KiB, free 433.8 MiB)
[2025-05-06T09:33:52.410+0000] {spark_submit.py:490} INFO - 25/05/06 09:33:52 INFO BlockManagerInfo: Added broadcast_6_piece0 in memory on b431f09a1fa6:43805 (size: 85.9 KiB, free: 434.3 MiB)
[2025-05-06T09:33:52.411+0000] {spark_submit.py:490} INFO - 25/05/06 09:33:52 INFO SparkContext: Created broadcast 6 from broadcast at DAGScheduler.scala:1513
[2025-05-06T09:33:52.411+0000] {spark_submit.py:490} INFO - 25/05/06 09:33:52 INFO DAGScheduler: Submitting 2 missing tasks from ResultStage 3 (MapPartitionsRDD[18] at parquet at NativeMethodAccessorImpl.java:0) (first 15 tasks are for partitions Vector(0, 1))
[2025-05-06T09:33:52.412+0000] {spark_submit.py:490} INFO - 25/05/06 09:33:52 INFO TaskSchedulerImpl: Adding task set 3.0 with 2 tasks resource profile 0
[2025-05-06T09:33:52.414+0000] {spark_submit.py:490} INFO - 25/05/06 09:33:52 INFO TaskSetManager: Starting task 0.0 in stage 3.0 (TID 3) (172.18.0.6, executor 0, partition 0, PROCESS_LOCAL, 5734 bytes) taskResourceAssignments Map()
[2025-05-06T09:33:52.415+0000] {spark_submit.py:490} INFO - 25/05/06 09:33:52 INFO TaskSetManager: Starting task 1.0 in stage 3.0 (TID 4) (172.18.0.6, executor 0, partition 1, PROCESS_LOCAL, 5734 bytes) taskResourceAssignments Map()
[2025-05-06T09:33:52.457+0000] {spark_submit.py:490} INFO - 25/05/06 09:33:52 INFO BlockManagerInfo: Added broadcast_6_piece0 in memory on 172.18.0.6:41961 (size: 85.9 KiB, free: 366.2 MiB)
[2025-05-06T09:33:52.631+0000] {spark_submit.py:490} INFO - 25/05/06 09:33:52 INFO BlockManagerInfo: Added broadcast_5_piece0 in memory on 172.18.0.6:41961 (size: 34.8 KiB, free: 366.2 MiB)
[2025-05-06T09:34:15.676+0000] {spark_submit.py:490} INFO - 25/05/06 09:34:15 INFO TaskSetManager: Finished task 1.0 in stage 3.0 (TID 4) in 23261 ms on 172.18.0.6 (executor 0) (1/2)
[2025-05-06T09:34:21.172+0000] {spark_submit.py:490} INFO - 25/05/06 09:34:21 INFO TaskSetManager: Finished task 0.0 in stage 3.0 (TID 3) in 28758 ms on 172.18.0.6 (executor 0) (2/2)
[2025-05-06T09:34:21.173+0000] {spark_submit.py:490} INFO - 25/05/06 09:34:21 INFO TaskSchedulerImpl: Removed TaskSet 3.0, whose tasks have all completed, from pool
[2025-05-06T09:34:21.174+0000] {spark_submit.py:490} INFO - 25/05/06 09:34:21 INFO DAGScheduler: ResultStage 3 (parquet at NativeMethodAccessorImpl.java:0) finished in 28.788 s
[2025-05-06T09:34:21.175+0000] {spark_submit.py:490} INFO - 25/05/06 09:34:21 INFO DAGScheduler: Job 3 is finished. Cancelling potential speculative or zombie tasks for this job
[2025-05-06T09:34:21.175+0000] {spark_submit.py:490} INFO - 25/05/06 09:34:21 INFO TaskSchedulerImpl: Killing all running tasks in stage 3: Stage finished
[2025-05-06T09:34:21.176+0000] {spark_submit.py:490} INFO - 25/05/06 09:34:21 INFO DAGScheduler: Job 3 finished: parquet at NativeMethodAccessorImpl.java:0, took 28.803503 s
[2025-05-06T09:34:21.178+0000] {spark_submit.py:490} INFO - 25/05/06 09:34:21 INFO FileFormatWriter: Start to commit write Job 2157bc54-1b2e-4ec1-8994-dbd66112bcec.
[2025-05-06T09:34:21.208+0000] {spark_submit.py:490} INFO - 25/05/06 09:34:21 INFO FileFormatWriter: Write Job 2157bc54-1b2e-4ec1-8994-dbd66112bcec committed. Elapsed time: 28 ms.
[2025-05-06T09:34:21.211+0000] {spark_submit.py:490} INFO - 25/05/06 09:34:21 INFO FileFormatWriter: Finished processing stats for write job 2157bc54-1b2e-4ec1-8994-dbd66112bcec.
[2025-05-06T09:34:21.214+0000] {spark_submit.py:490} INFO - ✅ Збережено до Silver: /tmp/spark_data/silver/athlete_event_results/20250506
[2025-05-06T09:34:21.214+0000] {spark_submit.py:490} INFO - 📁 Шлях збереження Silver: /tmp/spark_data/silver/athlete_event_results/20250506
[2025-05-06T09:34:21.214+0000] {spark_submit.py:490} INFO - 📂 Вміст директорії:
[2025-05-06T09:34:21.214+0000] {spark_submit.py:490} INFO - ['part-00000-448d39ac-10a3-4ff5-91d1-c23e59e84e61-c000.snappy.parquet', '.part-00001-448d39ac-10a3-4ff5-91d1-c23e59e84e61-c000.snappy.parquet.crc', 'part-00001-448d39ac-10a3-4ff5-91d1-c23e59e84e61-c000.snappy.parquet', '.part-00000-448d39ac-10a3-4ff5-91d1-c23e59e84e61-c000.snappy.parquet.crc', '_SUCCESS', '._SUCCESS.crc']
[2025-05-06T09:34:21.224+0000] {spark_submit.py:490} INFO - 25/05/06 09:34:21 INFO SparkUI: Stopped Spark web UI at http://b431f09a1fa6:4040
[2025-05-06T09:34:21.228+0000] {spark_submit.py:490} INFO - 25/05/06 09:34:21 INFO StandaloneSchedulerBackend: Shutting down all executors
[2025-05-06T09:34:21.229+0000] {spark_submit.py:490} INFO - 25/05/06 09:34:21 INFO CoarseGrainedSchedulerBackend$DriverEndpoint: Asking each executor to shut down
[2025-05-06T09:34:21.255+0000] {spark_submit.py:490} INFO - 25/05/06 09:34:21 INFO MapOutputTrackerMasterEndpoint: MapOutputTrackerMasterEndpoint stopped!
[2025-05-06T09:34:21.305+0000] {spark_submit.py:490} INFO - 25/05/06 09:34:21 INFO MemoryStore: MemoryStore cleared
[2025-05-06T09:34:21.305+0000] {spark_submit.py:490} INFO - 25/05/06 09:34:21 INFO BlockManager: BlockManager stopped
[2025-05-06T09:34:21.309+0000] {spark_submit.py:490} INFO - 25/05/06 09:34:21 INFO BlockManagerMaster: BlockManagerMaster stopped
[2025-05-06T09:34:21.312+0000] {spark_submit.py:490} INFO - 25/05/06 09:34:21 INFO OutputCommitCoordinator$OutputCommitCoordinatorEndpoint: OutputCommitCoordinator stopped!
[2025-05-06T09:34:21.333+0000] {spark_submit.py:490} INFO - 25/05/06 09:34:21 INFO SparkContext: Successfully stopped SparkContext
[2025-05-06T09:34:22.204+0000] {spark_submit.py:490} INFO - 25/05/06 09:34:22 INFO ShutdownHookManager: Shutdown hook called
[2025-05-06T09:34:22.205+0000] {spark_submit.py:490} INFO - 25/05/06 09:34:22 INFO ShutdownHookManager: Deleting directory /tmp/spark-e2a65507-776d-4838-9dbe-fd4462830e45
[2025-05-06T09:34:22.209+0000] {spark_submit.py:490} INFO - 25/05/06 09:34:22 INFO ShutdownHookManager: Deleting directory /tmp/spark-f0edf80e-c2d8-4be2-bee9-f893b224e46f
[2025-05-06T09:34:22.212+0000] {spark_submit.py:490} INFO - 25/05/06 09:34:22 INFO ShutdownHookManager: Deleting directory /tmp/spark-e2a65507-776d-4838-9dbe-fd4462830e45/pyspark-00dac288-ce6b-4217-8463-883b7409033b
[2025-05-06T09:34:22.252+0000] {taskinstance.py:1350} INFO - Marking task as SUCCESS. dag_id=final_project_BBDL, task_id=BronzeToSilver, execution_date=20250506T093318, start_date=20250506T093339, end_date=20250506T093422
[2025-05-06T09:34:22.300+0000] {local_task_job_runner.py:225} INFO - Task exited with return code 0
[2025-05-06T09:34:22.320+0000] {taskinstance.py:2653} INFO - 1 downstream tasks scheduled from follow-on schedule check
