[2025-05-06T09:31:40.689+0000] {taskinstance.py:1103} INFO - Dependencies all met for dep_context=non-requeueable deps ti=<TaskInstance: final_project_BBDL.BronzeToSilver manual__2025-05-06T09:31:19.108184+00:00 [queued]>
[2025-05-06T09:31:40.698+0000] {taskinstance.py:1103} INFO - Dependencies all met for dep_context=requeueable deps ti=<TaskInstance: final_project_BBDL.BronzeToSilver manual__2025-05-06T09:31:19.108184+00:00 [queued]>
[2025-05-06T09:31:40.698+0000] {taskinstance.py:1308} INFO - Starting attempt 1 of 1
[2025-05-06T09:31:40.731+0000] {taskinstance.py:1327} INFO - Executing <Task(SparkSubmitOperator): BronzeToSilver> on 2025-05-06 09:31:19.108184+00:00
[2025-05-06T09:31:40.735+0000] {standard_task_runner.py:57} INFO - Started process 17415 to run task
[2025-05-06T09:31:40.737+0000] {standard_task_runner.py:84} INFO - Running: ['airflow', 'tasks', 'run', 'final_project_BBDL', 'BronzeToSilver', 'manual__2025-05-06T09:31:19.108184+00:00', '--job-id', '43', '--raw', '--subdir', 'DAGS_FOLDER/project_solution.py', '--cfg-path', '/tmp/tmpdvqmbntf']
[2025-05-06T09:31:40.738+0000] {standard_task_runner.py:85} INFO - Job 43: Subtask BronzeToSilver
[2025-05-06T09:31:40.967+0000] {logging_mixin.py:150} WARNING - /home/airflow/.local/lib/python3.7/site-packages/airflow/settings.py:195 DeprecationWarning: The sql_alchemy_conn option in [core] has been moved to the sql_alchemy_conn option in [database] - the old setting has been used, but please update your config.
[2025-05-06T09:31:41.005+0000] {task_command.py:410} INFO - Running <TaskInstance: final_project_BBDL.BronzeToSilver manual__2025-05-06T09:31:19.108184+00:00 [running]> on host b431f09a1fa6
[2025-05-06T09:31:41.138+0000] {taskinstance.py:1547} INFO - Exporting env vars: AIRFLOW_CTX_DAG_OWNER='airflow' AIRFLOW_CTX_DAG_ID='final_project_BBDL' AIRFLOW_CTX_TASK_ID='BronzeToSilver' AIRFLOW_CTX_EXECUTION_DATE='2025-05-06T09:31:19.108184+00:00' AIRFLOW_CTX_TRY_NUMBER='1' AIRFLOW_CTX_DAG_RUN_ID='manual__2025-05-06T09:31:19.108184+00:00'
[2025-05-06T09:31:41.148+0000] {base.py:73} INFO - Using connection ID 'spark_default' for task execution.
[2025-05-06T09:31:41.150+0000] {spark_submit.py:339} INFO - Spark-Submit cmd: spark-submit --master spark://spark-master:7077 --conf spark.master=spark://spark-master:7077 --conf spark.submit.deployMode=client --conf spark.pyspark.python=/usr/bin/python3 --conf spark.executorEnv.PYSPARK_PYTHON=/usr/bin/python3 --name BronzeToSilver --verbose --queue root.default /opt/airflow/dags/bronze_to_silver.py
[2025-05-06T09:31:42.496+0000] {spark_submit.py:490} INFO - Using properties file: null
[2025-05-06T09:31:42.602+0000] {spark_submit.py:490} INFO - Parsed arguments:
[2025-05-06T09:31:42.603+0000] {spark_submit.py:490} INFO - master                  spark://spark-master:7077
[2025-05-06T09:31:42.603+0000] {spark_submit.py:490} INFO - deployMode              client
[2025-05-06T09:31:42.603+0000] {spark_submit.py:490} INFO - executorMemory          null
[2025-05-06T09:31:42.603+0000] {spark_submit.py:490} INFO - executorCores           null
[2025-05-06T09:31:42.603+0000] {spark_submit.py:490} INFO - totalExecutorCores      null
[2025-05-06T09:31:42.603+0000] {spark_submit.py:490} INFO - propertiesFile          null
[2025-05-06T09:31:42.603+0000] {spark_submit.py:490} INFO - driverMemory            null
[2025-05-06T09:31:42.603+0000] {spark_submit.py:490} INFO - driverCores             null
[2025-05-06T09:31:42.603+0000] {spark_submit.py:490} INFO - driverExtraClassPath    null
[2025-05-06T09:31:42.603+0000] {spark_submit.py:490} INFO - driverExtraLibraryPath  null
[2025-05-06T09:31:42.604+0000] {spark_submit.py:490} INFO - driverExtraJavaOptions  null
[2025-05-06T09:31:42.604+0000] {spark_submit.py:490} INFO - supervise               false
[2025-05-06T09:31:42.604+0000] {spark_submit.py:490} INFO - queue                   root.default
[2025-05-06T09:31:42.604+0000] {spark_submit.py:490} INFO - numExecutors            null
[2025-05-06T09:31:42.604+0000] {spark_submit.py:490} INFO - files                   null
[2025-05-06T09:31:42.604+0000] {spark_submit.py:490} INFO - pyFiles                 null
[2025-05-06T09:31:42.604+0000] {spark_submit.py:490} INFO - archives                null
[2025-05-06T09:31:42.604+0000] {spark_submit.py:490} INFO - mainClass               null
[2025-05-06T09:31:42.604+0000] {spark_submit.py:490} INFO - primaryResource         file:/opt/airflow/dags/bronze_to_silver.py
[2025-05-06T09:31:42.604+0000] {spark_submit.py:490} INFO - name                    BronzeToSilver
[2025-05-06T09:31:42.604+0000] {spark_submit.py:490} INFO - childArgs               []
[2025-05-06T09:31:42.604+0000] {spark_submit.py:490} INFO - jars                    null
[2025-05-06T09:31:42.604+0000] {spark_submit.py:490} INFO - packages                null
[2025-05-06T09:31:42.604+0000] {spark_submit.py:490} INFO - packagesExclusions      null
[2025-05-06T09:31:42.605+0000] {spark_submit.py:490} INFO - repositories            null
[2025-05-06T09:31:42.605+0000] {spark_submit.py:490} INFO - verbose                 true
[2025-05-06T09:31:42.605+0000] {spark_submit.py:490} INFO - 
[2025-05-06T09:31:42.605+0000] {spark_submit.py:490} INFO - Spark properties used, including those specified through
[2025-05-06T09:31:42.605+0000] {spark_submit.py:490} INFO - --conf and those from the properties file null:
[2025-05-06T09:31:42.605+0000] {spark_submit.py:490} INFO - (spark.executorEnv.PYSPARK_PYTHON,/usr/bin/python3)
[2025-05-06T09:31:42.605+0000] {spark_submit.py:490} INFO - (spark.master,spark://spark-master:7077)
[2025-05-06T09:31:42.606+0000] {spark_submit.py:490} INFO - (spark.pyspark.python,/usr/bin/python3)
[2025-05-06T09:31:42.606+0000] {spark_submit.py:490} INFO - (spark.submit.deployMode,client)
[2025-05-06T09:31:42.606+0000] {spark_submit.py:490} INFO - 
[2025-05-06T09:31:42.606+0000] {spark_submit.py:490} INFO - 
[2025-05-06T09:31:42.871+0000] {spark_submit.py:490} INFO - Main class:
[2025-05-06T09:31:42.871+0000] {spark_submit.py:490} INFO - org.apache.spark.deploy.PythonRunner
[2025-05-06T09:31:42.871+0000] {spark_submit.py:490} INFO - Arguments:
[2025-05-06T09:31:42.871+0000] {spark_submit.py:490} INFO - file:/opt/airflow/dags/bronze_to_silver.py
[2025-05-06T09:31:42.871+0000] {spark_submit.py:490} INFO - null
[2025-05-06T09:31:42.874+0000] {spark_submit.py:490} INFO - Spark config:
[2025-05-06T09:31:42.874+0000] {spark_submit.py:490} INFO - (spark.app.name,BronzeToSilver)
[2025-05-06T09:31:42.875+0000] {spark_submit.py:490} INFO - (spark.app.submitTime,1746523902852)
[2025-05-06T09:31:42.875+0000] {spark_submit.py:490} INFO - (spark.executorEnv.PYSPARK_PYTHON,/usr/bin/python3)
[2025-05-06T09:31:42.875+0000] {spark_submit.py:490} INFO - (spark.master,spark://spark-master:7077)
[2025-05-06T09:31:42.875+0000] {spark_submit.py:490} INFO - (spark.pyspark.python,/usr/bin/python3)
[2025-05-06T09:31:42.875+0000] {spark_submit.py:490} INFO - (spark.submit.deployMode,client)
[2025-05-06T09:31:42.875+0000] {spark_submit.py:490} INFO - (spark.submit.pyFiles,)
[2025-05-06T09:31:42.875+0000] {spark_submit.py:490} INFO - Classpath elements:
[2025-05-06T09:31:42.875+0000] {spark_submit.py:490} INFO - 
[2025-05-06T09:31:42.875+0000] {spark_submit.py:490} INFO - 
[2025-05-06T09:31:42.875+0000] {spark_submit.py:490} INFO - 
[2025-05-06T09:31:43.343+0000] {spark_submit.py:490} INFO - 25/05/06 09:31:43 INFO SparkContext: Running Spark version 3.3.0
[2025-05-06T09:31:43.403+0000] {spark_submit.py:490} INFO - 25/05/06 09:31:43 WARN NativeCodeLoader: Unable to load native-hadoop library for your platform... using builtin-java classes where applicable
[2025-05-06T09:31:43.477+0000] {spark_submit.py:490} INFO - 25/05/06 09:31:43 INFO ResourceUtils: ==============================================================
[2025-05-06T09:31:43.477+0000] {spark_submit.py:490} INFO - 25/05/06 09:31:43 INFO ResourceUtils: No custom resources configured for spark.driver.
[2025-05-06T09:31:43.478+0000] {spark_submit.py:490} INFO - 25/05/06 09:31:43 INFO ResourceUtils: ==============================================================
[2025-05-06T09:31:43.478+0000] {spark_submit.py:490} INFO - 25/05/06 09:31:43 INFO SparkContext: Submitted application: Bronze to Silver ETL
[2025-05-06T09:31:43.496+0000] {spark_submit.py:490} INFO - 25/05/06 09:31:43 INFO ResourceProfile: Default ResourceProfile created, executor resources: Map(cores -> name: cores, amount: 1, script: , vendor: , memory -> name: memory, amount: 1024, script: , vendor: , offHeap -> name: offHeap, amount: 0, script: , vendor: ), task resources: Map(cpus -> name: cpus, amount: 1.0)
[2025-05-06T09:31:43.506+0000] {spark_submit.py:490} INFO - 25/05/06 09:31:43 INFO ResourceProfile: Limiting resource is cpu
[2025-05-06T09:31:43.506+0000] {spark_submit.py:490} INFO - 25/05/06 09:31:43 INFO ResourceProfileManager: Added ResourceProfile id: 0
[2025-05-06T09:31:43.553+0000] {spark_submit.py:490} INFO - 25/05/06 09:31:43 INFO SecurityManager: Changing view acls to: root
[2025-05-06T09:31:43.554+0000] {spark_submit.py:490} INFO - 25/05/06 09:31:43 INFO SecurityManager: Changing modify acls to: root
[2025-05-06T09:31:43.555+0000] {spark_submit.py:490} INFO - 25/05/06 09:31:43 INFO SecurityManager: Changing view acls groups to:
[2025-05-06T09:31:43.555+0000] {spark_submit.py:490} INFO - 25/05/06 09:31:43 INFO SecurityManager: Changing modify acls groups to:
[2025-05-06T09:31:43.556+0000] {spark_submit.py:490} INFO - 25/05/06 09:31:43 INFO SecurityManager: SecurityManager: authentication disabled; ui acls disabled; users  with view permissions: Set(root); groups with view permissions: Set(); users  with modify permissions: Set(root); groups with modify permissions: Set()
[2025-05-06T09:31:43.912+0000] {spark_submit.py:490} INFO - 25/05/06 09:31:43 INFO Utils: Successfully started service 'sparkDriver' on port 39151.
[2025-05-06T09:31:43.942+0000] {spark_submit.py:490} INFO - 25/05/06 09:31:43 INFO SparkEnv: Registering MapOutputTracker
[2025-05-06T09:31:43.977+0000] {spark_submit.py:490} INFO - 25/05/06 09:31:43 INFO SparkEnv: Registering BlockManagerMaster
[2025-05-06T09:31:44.004+0000] {spark_submit.py:490} INFO - 25/05/06 09:31:44 INFO BlockManagerMasterEndpoint: Using org.apache.spark.storage.DefaultTopologyMapper for getting topology information
[2025-05-06T09:31:44.005+0000] {spark_submit.py:490} INFO - 25/05/06 09:31:44 INFO BlockManagerMasterEndpoint: BlockManagerMasterEndpoint up
[2025-05-06T09:31:44.010+0000] {spark_submit.py:490} INFO - 25/05/06 09:31:44 INFO SparkEnv: Registering BlockManagerMasterHeartbeat
[2025-05-06T09:31:44.035+0000] {spark_submit.py:490} INFO - 25/05/06 09:31:44 INFO DiskBlockManager: Created local directory at /tmp/blockmgr-2e5716ca-635b-4a36-b57f-23b9f098584e
[2025-05-06T09:31:44.058+0000] {spark_submit.py:490} INFO - 25/05/06 09:31:44 INFO MemoryStore: MemoryStore started with capacity 434.4 MiB
[2025-05-06T09:31:44.076+0000] {spark_submit.py:490} INFO - 25/05/06 09:31:44 INFO SparkEnv: Registering OutputCommitCoordinator
[2025-05-06T09:31:44.289+0000] {spark_submit.py:490} INFO - 25/05/06 09:31:44 INFO Utils: Successfully started service 'SparkUI' on port 4040.
[2025-05-06T09:31:44.407+0000] {spark_submit.py:490} INFO - 25/05/06 09:31:44 INFO StandaloneAppClient$ClientEndpoint: Connecting to master spark://spark-master:7077...
[2025-05-06T09:31:44.475+0000] {spark_submit.py:490} INFO - 25/05/06 09:31:44 INFO TransportClientFactory: Successfully created connection to spark-master/172.18.0.3:7077 after 47 ms (0 ms spent in bootstraps)
[2025-05-06T09:31:44.569+0000] {spark_submit.py:490} INFO - 25/05/06 09:31:44 INFO StandaloneSchedulerBackend: Connected to Spark cluster with app ID app-20250506093144-0039
[2025-05-06T09:31:44.578+0000] {spark_submit.py:490} INFO - 25/05/06 09:31:44 INFO StandaloneAppClient$ClientEndpoint: Executor added: app-20250506093144-0039/0 on worker-20250505201940-172.18.0.6-38439 (172.18.0.6:38439) with 2 core(s)
[2025-05-06T09:31:44.587+0000] {spark_submit.py:490} INFO - 25/05/06 09:31:44 INFO StandaloneSchedulerBackend: Granted executor ID app-20250506093144-0039/0 on hostPort 172.18.0.6:38439 with 2 core(s), 1024.0 MiB RAM
[2025-05-06T09:31:44.587+0000] {spark_submit.py:490} INFO - 25/05/06 09:31:44 INFO Utils: Successfully started service 'org.apache.spark.network.netty.NettyBlockTransferService' on port 43439.
[2025-05-06T09:31:44.587+0000] {spark_submit.py:490} INFO - 25/05/06 09:31:44 INFO NettyBlockTransferService: Server created on b431f09a1fa6:43439
[2025-05-06T09:31:44.595+0000] {spark_submit.py:490} INFO - 25/05/06 09:31:44 INFO BlockManager: Using org.apache.spark.storage.RandomBlockReplicationPolicy for block replication policy
[2025-05-06T09:31:44.610+0000] {spark_submit.py:490} INFO - 25/05/06 09:31:44 INFO BlockManagerMaster: Registering BlockManager BlockManagerId(driver, b431f09a1fa6, 43439, None)
[2025-05-06T09:31:44.614+0000] {spark_submit.py:490} INFO - 25/05/06 09:31:44 INFO StandaloneAppClient$ClientEndpoint: Executor updated: app-20250506093144-0039/0 is now RUNNING
[2025-05-06T09:31:44.615+0000] {spark_submit.py:490} INFO - 25/05/06 09:31:44 INFO BlockManagerMasterEndpoint: Registering block manager b431f09a1fa6:43439 with 434.4 MiB RAM, BlockManagerId(driver, b431f09a1fa6, 43439, None)
[2025-05-06T09:31:44.620+0000] {spark_submit.py:490} INFO - 25/05/06 09:31:44 INFO BlockManagerMaster: Registered BlockManager BlockManagerId(driver, b431f09a1fa6, 43439, None)
[2025-05-06T09:31:44.621+0000] {spark_submit.py:490} INFO - 25/05/06 09:31:44 INFO BlockManager: Initialized BlockManager: BlockManagerId(driver, b431f09a1fa6, 43439, None)
[2025-05-06T09:31:44.873+0000] {spark_submit.py:490} INFO - 25/05/06 09:31:44 INFO StandaloneSchedulerBackend: SchedulerBackend is ready for scheduling beginning after reached minRegisteredResourcesRatio: 0.0
[2025-05-06T09:31:45.048+0000] {spark_submit.py:490} INFO - 🔍 Читання з: /tmp/spark_data/bronze/athlete_event_results/20250506_*
[2025-05-06T09:31:45.127+0000] {spark_submit.py:490} INFO - 25/05/06 09:31:45 INFO SharedState: Setting hive.metastore.warehouse.dir ('null') to the value of spark.sql.warehouse.dir.
[2025-05-06T09:31:45.136+0000] {spark_submit.py:490} INFO - 25/05/06 09:31:45 INFO SharedState: Warehouse path is 'file:/opt/airflow/spark-warehouse'.
[2025-05-06T09:31:46.261+0000] {spark_submit.py:490} INFO - 25/05/06 09:31:46 INFO InMemoryFileIndex: It took 81 ms to list leaf files for 4 paths.
[2025-05-06T09:31:46.818+0000] {spark_submit.py:490} INFO - 25/05/06 09:31:46 INFO SparkContext: Starting job: load at NativeMethodAccessorImpl.java:0
[2025-05-06T09:31:46.835+0000] {spark_submit.py:490} INFO - 25/05/06 09:31:46 INFO DAGScheduler: Got job 0 (load at NativeMethodAccessorImpl.java:0) with 1 output partitions
[2025-05-06T09:31:46.835+0000] {spark_submit.py:490} INFO - 25/05/06 09:31:46 INFO DAGScheduler: Final stage: ResultStage 0 (load at NativeMethodAccessorImpl.java:0)
[2025-05-06T09:31:46.836+0000] {spark_submit.py:490} INFO - 25/05/06 09:31:46 INFO DAGScheduler: Parents of final stage: List()
[2025-05-06T09:31:46.838+0000] {spark_submit.py:490} INFO - 25/05/06 09:31:46 INFO DAGScheduler: Missing parents: List()
[2025-05-06T09:31:46.844+0000] {spark_submit.py:490} INFO - 25/05/06 09:31:46 INFO DAGScheduler: Submitting ResultStage 0 (MapPartitionsRDD[1] at load at NativeMethodAccessorImpl.java:0), which has no missing parents
[2025-05-06T09:31:46.944+0000] {spark_submit.py:490} INFO - 25/05/06 09:31:46 INFO MemoryStore: Block broadcast_0 stored as values in memory (estimated size 102.8 KiB, free 434.3 MiB)
[2025-05-06T09:31:46.985+0000] {spark_submit.py:490} INFO - 25/05/06 09:31:46 INFO MemoryStore: Block broadcast_0_piece0 stored as bytes in memory (estimated size 36.9 KiB, free 434.3 MiB)
[2025-05-06T09:31:46.989+0000] {spark_submit.py:490} INFO - 25/05/06 09:31:46 INFO BlockManagerInfo: Added broadcast_0_piece0 in memory on b431f09a1fa6:43439 (size: 36.9 KiB, free: 434.4 MiB)
[2025-05-06T09:31:46.993+0000] {spark_submit.py:490} INFO - 25/05/06 09:31:46 INFO SparkContext: Created broadcast 0 from broadcast at DAGScheduler.scala:1513
[2025-05-06T09:31:47.020+0000] {spark_submit.py:490} INFO - 25/05/06 09:31:47 INFO DAGScheduler: Submitting 1 missing tasks from ResultStage 0 (MapPartitionsRDD[1] at load at NativeMethodAccessorImpl.java:0) (first 15 tasks are for partitions Vector(0))
[2025-05-06T09:31:47.020+0000] {spark_submit.py:490} INFO - 25/05/06 09:31:47 INFO TaskSchedulerImpl: Adding task set 0.0 with 1 tasks resource profile 0
[2025-05-06T09:31:47.985+0000] {spark_submit.py:490} INFO - 25/05/06 09:31:47 INFO CoarseGrainedSchedulerBackend$DriverEndpoint: Registered executor NettyRpcEndpointRef(spark-client://Executor) (172.18.0.6:49156) with ID 0,  ResourceProfileId 0
[2025-05-06T09:31:48.064+0000] {spark_submit.py:490} INFO - 25/05/06 09:31:48 INFO BlockManagerMasterEndpoint: Registering block manager 172.18.0.6:42559 with 366.3 MiB RAM, BlockManagerId(0, 172.18.0.6, 42559, None)
[2025-05-06T09:31:48.130+0000] {spark_submit.py:490} INFO - 25/05/06 09:31:48 INFO TaskSetManager: Starting task 0.0 in stage 0.0 (TID 0) (172.18.0.6, executor 0, partition 0, PROCESS_LOCAL, 4685 bytes) taskResourceAssignments Map()
[2025-05-06T09:31:48.391+0000] {spark_submit.py:490} INFO - 25/05/06 09:31:48 INFO BlockManagerInfo: Added broadcast_0_piece0 in memory on 172.18.0.6:42559 (size: 36.9 KiB, free: 366.3 MiB)
[2025-05-06T09:31:49.321+0000] {spark_submit.py:490} INFO - 25/05/06 09:31:49 INFO TaskSetManager: Finished task 0.0 in stage 0.0 (TID 0) in 1203 ms on 172.18.0.6 (executor 0) (1/1)
[2025-05-06T09:31:49.322+0000] {spark_submit.py:490} INFO - 25/05/06 09:31:49 INFO TaskSchedulerImpl: Removed TaskSet 0.0, whose tasks have all completed, from pool
[2025-05-06T09:31:49.327+0000] {spark_submit.py:490} INFO - 25/05/06 09:31:49 INFO DAGScheduler: ResultStage 0 (load at NativeMethodAccessorImpl.java:0) finished in 2.448 s
[2025-05-06T09:31:49.329+0000] {spark_submit.py:490} INFO - 25/05/06 09:31:49 INFO DAGScheduler: Job 0 is finished. Cancelling potential speculative or zombie tasks for this job
[2025-05-06T09:31:49.330+0000] {spark_submit.py:490} INFO - 25/05/06 09:31:49 INFO TaskSchedulerImpl: Killing all running tasks in stage 0: Stage finished
[2025-05-06T09:31:49.331+0000] {spark_submit.py:490} INFO - 25/05/06 09:31:49 INFO DAGScheduler: Job 0 finished: load at NativeMethodAccessorImpl.java:0, took 2.513932 s
[2025-05-06T09:31:49.738+0000] {spark_submit.py:490} INFO - 25/05/06 09:31:49 INFO BlockManagerInfo: Removed broadcast_0_piece0 on b431f09a1fa6:43439 in memory (size: 36.9 KiB, free: 434.4 MiB)
[2025-05-06T09:31:49.750+0000] {spark_submit.py:490} INFO - 25/05/06 09:31:49 INFO BlockManagerInfo: Removed broadcast_0_piece0 on 172.18.0.6:42559 in memory (size: 36.9 KiB, free: 366.3 MiB)
[2025-05-06T09:31:50.663+0000] {spark_submit.py:490} INFO - 📑 Схема початкового датафрейму:
[2025-05-06T09:31:50.685+0000] {spark_submit.py:490} INFO - root
[2025-05-06T09:31:50.685+0000] {spark_submit.py:490} INFO - |-- edition: string (nullable = true)
[2025-05-06T09:31:50.685+0000] {spark_submit.py:490} INFO - |-- edition_id: string (nullable = true)
[2025-05-06T09:31:50.685+0000] {spark_submit.py:490} INFO - |-- country_noc: string (nullable = true)
[2025-05-06T09:31:50.685+0000] {spark_submit.py:490} INFO - |-- sport: string (nullable = true)
[2025-05-06T09:31:50.685+0000] {spark_submit.py:490} INFO - |-- event: string (nullable = true)
[2025-05-06T09:31:50.685+0000] {spark_submit.py:490} INFO - |-- result_id: string (nullable = true)
[2025-05-06T09:31:50.685+0000] {spark_submit.py:490} INFO - |-- athlete: string (nullable = true)
[2025-05-06T09:31:50.685+0000] {spark_submit.py:490} INFO - |-- athlete_id: string (nullable = true)
[2025-05-06T09:31:50.685+0000] {spark_submit.py:490} INFO - |-- pos: string (nullable = true)
[2025-05-06T09:31:50.685+0000] {spark_submit.py:490} INFO - |-- medal: string (nullable = true)
[2025-05-06T09:31:50.685+0000] {spark_submit.py:490} INFO - |-- isTeamSport: string (nullable = true)
[2025-05-06T09:31:50.685+0000] {spark_submit.py:490} INFO - 
[2025-05-06T09:31:50.686+0000] {spark_submit.py:490} INFO - 🔎 Перші 5 рядків з Bronze:
[2025-05-06T09:31:51.043+0000] {spark_submit.py:490} INFO - 25/05/06 09:31:51 INFO FileSourceStrategy: Pushed Filters:
[2025-05-06T09:31:51.045+0000] {spark_submit.py:490} INFO - 25/05/06 09:31:51 INFO FileSourceStrategy: Post-Scan Filters:
[2025-05-06T09:31:51.047+0000] {spark_submit.py:490} INFO - 25/05/06 09:31:51 INFO FileSourceStrategy: Output Data Schema: struct<edition: string, edition_id: string, country_noc: string, sport: string, event: string ... 9 more fields>
[2025-05-06T09:31:51.387+0000] {spark_submit.py:490} INFO - 25/05/06 09:31:51 INFO CodeGenerator: Code generated in 209.973496 ms
[2025-05-06T09:31:51.416+0000] {spark_submit.py:490} INFO - 25/05/06 09:31:51 INFO MemoryStore: Block broadcast_1 stored as values in memory (estimated size 202.0 KiB, free 434.2 MiB)
[2025-05-06T09:31:51.426+0000] {spark_submit.py:490} INFO - 25/05/06 09:31:51 INFO MemoryStore: Block broadcast_1_piece0 stored as bytes in memory (estimated size 34.8 KiB, free 434.2 MiB)
[2025-05-06T09:31:51.427+0000] {spark_submit.py:490} INFO - 25/05/06 09:31:51 INFO BlockManagerInfo: Added broadcast_1_piece0 in memory on b431f09a1fa6:43439 (size: 34.8 KiB, free: 434.4 MiB)
[2025-05-06T09:31:51.428+0000] {spark_submit.py:490} INFO - 25/05/06 09:31:51 INFO SparkContext: Created broadcast 1 from showString at NativeMethodAccessorImpl.java:0
[2025-05-06T09:31:51.438+0000] {spark_submit.py:490} INFO - 25/05/06 09:31:51 INFO FileSourceScanExec: Planning scan with bin packing, max size: 27180008 bytes, open cost is considered as scanning 4194304 bytes.
[2025-05-06T09:31:51.476+0000] {spark_submit.py:490} INFO - 25/05/06 09:31:51 INFO SparkContext: Starting job: showString at NativeMethodAccessorImpl.java:0
[2025-05-06T09:31:51.477+0000] {spark_submit.py:490} INFO - 25/05/06 09:31:51 INFO DAGScheduler: Got job 1 (showString at NativeMethodAccessorImpl.java:0) with 1 output partitions
[2025-05-06T09:31:51.477+0000] {spark_submit.py:490} INFO - 25/05/06 09:31:51 INFO DAGScheduler: Final stage: ResultStage 1 (showString at NativeMethodAccessorImpl.java:0)
[2025-05-06T09:31:51.478+0000] {spark_submit.py:490} INFO - 25/05/06 09:31:51 INFO DAGScheduler: Parents of final stage: List()
[2025-05-06T09:31:51.478+0000] {spark_submit.py:490} INFO - 25/05/06 09:31:51 INFO DAGScheduler: Missing parents: List()
[2025-05-06T09:31:51.479+0000] {spark_submit.py:490} INFO - 25/05/06 09:31:51 INFO DAGScheduler: Submitting ResultStage 1 (MapPartitionsRDD[5] at showString at NativeMethodAccessorImpl.java:0), which has no missing parents
[2025-05-06T09:31:51.509+0000] {spark_submit.py:490} INFO - 25/05/06 09:31:51 INFO MemoryStore: Block broadcast_2 stored as values in memory (estimated size 18.4 KiB, free 434.2 MiB)
[2025-05-06T09:31:51.513+0000] {spark_submit.py:490} INFO - 25/05/06 09:31:51 INFO MemoryStore: Block broadcast_2_piece0 stored as bytes in memory (estimated size 6.5 KiB, free 434.1 MiB)
[2025-05-06T09:31:51.514+0000] {spark_submit.py:490} INFO - 25/05/06 09:31:51 INFO BlockManagerInfo: Added broadcast_2_piece0 in memory on b431f09a1fa6:43439 (size: 6.5 KiB, free: 434.4 MiB)
[2025-05-06T09:31:51.515+0000] {spark_submit.py:490} INFO - 25/05/06 09:31:51 INFO SparkContext: Created broadcast 2 from broadcast at DAGScheduler.scala:1513
[2025-05-06T09:31:51.517+0000] {spark_submit.py:490} INFO - 25/05/06 09:31:51 INFO DAGScheduler: Submitting 1 missing tasks from ResultStage 1 (MapPartitionsRDD[5] at showString at NativeMethodAccessorImpl.java:0) (first 15 tasks are for partitions Vector(0))
[2025-05-06T09:31:51.517+0000] {spark_submit.py:490} INFO - 25/05/06 09:31:51 INFO TaskSchedulerImpl: Adding task set 1.0 with 1 tasks resource profile 0
[2025-05-06T09:31:51.522+0000] {spark_submit.py:490} INFO - 25/05/06 09:31:51 INFO TaskSetManager: Starting task 0.0 in stage 1.0 (TID 1) (172.18.0.6, executor 0, partition 0, PROCESS_LOCAL, 5553 bytes) taskResourceAssignments Map()
[2025-05-06T09:31:51.563+0000] {spark_submit.py:490} INFO - 25/05/06 09:31:51 INFO BlockManagerInfo: Added broadcast_2_piece0 in memory on 172.18.0.6:42559 (size: 6.5 KiB, free: 366.3 MiB)
[2025-05-06T09:31:52.241+0000] {spark_submit.py:490} INFO - 25/05/06 09:31:52 INFO BlockManagerInfo: Added broadcast_1_piece0 in memory on 172.18.0.6:42559 (size: 34.8 KiB, free: 366.3 MiB)
[2025-05-06T09:31:52.692+0000] {spark_submit.py:490} INFO - 25/05/06 09:31:52 INFO TaskSetManager: Finished task 0.0 in stage 1.0 (TID 1) in 1173 ms on 172.18.0.6 (executor 0) (1/1)
[2025-05-06T09:31:52.692+0000] {spark_submit.py:490} INFO - 25/05/06 09:31:52 INFO TaskSchedulerImpl: Removed TaskSet 1.0, whose tasks have all completed, from pool
[2025-05-06T09:31:52.693+0000] {spark_submit.py:490} INFO - 25/05/06 09:31:52 INFO DAGScheduler: ResultStage 1 (showString at NativeMethodAccessorImpl.java:0) finished in 1.210 s
[2025-05-06T09:31:52.693+0000] {spark_submit.py:490} INFO - 25/05/06 09:31:52 INFO DAGScheduler: Job 1 is finished. Cancelling potential speculative or zombie tasks for this job
[2025-05-06T09:31:52.693+0000] {spark_submit.py:490} INFO - 25/05/06 09:31:52 INFO TaskSchedulerImpl: Killing all running tasks in stage 1: Stage finished
[2025-05-06T09:31:52.694+0000] {spark_submit.py:490} INFO - 25/05/06 09:31:52 INFO DAGScheduler: Job 1 finished: showString at NativeMethodAccessorImpl.java:0, took 1.217380 s
[2025-05-06T09:31:52.744+0000] {spark_submit.py:490} INFO - 25/05/06 09:31:52 INFO CodeGenerator: Code generated in 25.901312 ms
[2025-05-06T09:31:52.755+0000] {spark_submit.py:490} INFO - +--------------------+----------+-----------+---------+---------------+---------+---------------+----------+---------+-----+-----------+
[2025-05-06T09:31:52.756+0000] {spark_submit.py:490} INFO - |edition             |edition_id|country_noc|sport    |event          |result_id|athlete        |athlete_id|pos      |medal|isTeamSport|
[2025-05-06T09:31:52.756+0000] {spark_submit.py:490} INFO - +--------------------+----------+-----------+---------+---------------+---------+---------------+----------+---------+-----+-----------+
[2025-05-06T09:31:52.756+0000] {spark_submit.py:490} INFO - |1908 Summer Olympics|5         |ANZ        |Athletics|100 metres, Men|56265    |Ernest Hutcheon|64710     |DNS      |null |False      |
[2025-05-06T09:31:52.756+0000] {spark_submit.py:490} INFO - |1908 Summer Olympics|5         |ANZ        |Athletics|400 metres, Men|56313    |Henry Murray   |64756     |DNS      |null |False      |
[2025-05-06T09:31:52.756+0000] {spark_submit.py:490} INFO - |1908 Summer Olympics|5         |ANZ        |Athletics|800 metres, Men|56338    |Harvey Sutton  |64808     |3 h8 r1/2|null |False      |
[2025-05-06T09:31:52.756+0000] {spark_submit.py:490} INFO - |1908 Summer Olympics|5         |ANZ        |Athletics|800 metres, Men|56338    |Guy Haskins    |922519    |DNS      |null |False      |
[2025-05-06T09:31:52.756+0000] {spark_submit.py:490} INFO - |1908 Summer Olympics|5         |ANZ        |Athletics|800 metres, Men|56338    |Joseph Lynch   |64735     |DNS      |null |False      |
[2025-05-06T09:31:52.756+0000] {spark_submit.py:490} INFO - +--------------------+----------+-----------+---------+---------------+---------+---------------+----------+---------+-----+-----------+
[2025-05-06T09:31:52.756+0000] {spark_submit.py:490} INFO - only showing top 5 rows
[2025-05-06T09:31:52.756+0000] {spark_submit.py:490} INFO - 
[2025-05-06T09:31:52.757+0000] {spark_submit.py:490} INFO - 🧼 Чищення датафрейму...
[2025-05-06T09:31:53.048+0000] {spark_submit.py:490} INFO - 📑 Схема очищеного датафрейму:
[2025-05-06T09:31:53.049+0000] {spark_submit.py:490} INFO - root
[2025-05-06T09:31:53.049+0000] {spark_submit.py:490} INFO - |-- edition: string (nullable = true)
[2025-05-06T09:31:53.049+0000] {spark_submit.py:490} INFO - |-- edition_id: string (nullable = true)
[2025-05-06T09:31:53.049+0000] {spark_submit.py:490} INFO - |-- country_noc: string (nullable = true)
[2025-05-06T09:31:53.050+0000] {spark_submit.py:490} INFO - |-- sport: string (nullable = true)
[2025-05-06T09:31:53.050+0000] {spark_submit.py:490} INFO - |-- event: string (nullable = true)
[2025-05-06T09:31:53.050+0000] {spark_submit.py:490} INFO - |-- result_id: string (nullable = true)
[2025-05-06T09:31:53.050+0000] {spark_submit.py:490} INFO - |-- athlete: string (nullable = true)
[2025-05-06T09:31:53.050+0000] {spark_submit.py:490} INFO - |-- athlete_id: string (nullable = true)
[2025-05-06T09:31:53.050+0000] {spark_submit.py:490} INFO - |-- pos: string (nullable = true)
[2025-05-06T09:31:53.050+0000] {spark_submit.py:490} INFO - |-- medal: string (nullable = true)
[2025-05-06T09:31:53.050+0000] {spark_submit.py:490} INFO - |-- isTeamSport: string (nullable = true)
[2025-05-06T09:31:53.050+0000] {spark_submit.py:490} INFO - 
[2025-05-06T09:31:53.050+0000] {spark_submit.py:490} INFO - 🔎 Перші 10 рядків після очищення:
[2025-05-06T09:31:53.118+0000] {spark_submit.py:490} INFO - 25/05/06 09:31:53 INFO FileSourceStrategy: Pushed Filters:
[2025-05-06T09:31:53.118+0000] {spark_submit.py:490} INFO - 25/05/06 09:31:53 INFO FileSourceStrategy: Post-Scan Filters:
[2025-05-06T09:31:53.119+0000] {spark_submit.py:490} INFO - 25/05/06 09:31:53 INFO FileSourceStrategy: Output Data Schema: struct<edition: string, edition_id: string, country_noc: string, sport: string, event: string ... 9 more fields>
[2025-05-06T09:31:53.176+0000] {spark_submit.py:490} INFO - 25/05/06 09:31:53 INFO CodeGenerator: Code generated in 14.558596 ms
[2025-05-06T09:31:53.185+0000] {spark_submit.py:490} INFO - 25/05/06 09:31:53 INFO MemoryStore: Block broadcast_3 stored as values in memory (estimated size 202.0 KiB, free 433.9 MiB)
[2025-05-06T09:31:53.194+0000] {spark_submit.py:490} INFO - 25/05/06 09:31:53 INFO MemoryStore: Block broadcast_3_piece0 stored as bytes in memory (estimated size 34.8 KiB, free 433.9 MiB)
[2025-05-06T09:31:53.195+0000] {spark_submit.py:490} INFO - 25/05/06 09:31:53 INFO BlockManagerInfo: Added broadcast_3_piece0 in memory on b431f09a1fa6:43439 (size: 34.8 KiB, free: 434.3 MiB)
[2025-05-06T09:31:53.196+0000] {spark_submit.py:490} INFO - 25/05/06 09:31:53 INFO SparkContext: Created broadcast 3 from showString at NativeMethodAccessorImpl.java:0
[2025-05-06T09:31:53.197+0000] {spark_submit.py:490} INFO - 25/05/06 09:31:53 INFO FileSourceScanExec: Planning scan with bin packing, max size: 27180008 bytes, open cost is considered as scanning 4194304 bytes.
[2025-05-06T09:31:53.249+0000] {spark_submit.py:490} INFO - 25/05/06 09:31:53 INFO SparkContext: Starting job: showString at NativeMethodAccessorImpl.java:0
[2025-05-06T09:31:53.250+0000] {spark_submit.py:490} INFO - 25/05/06 09:31:53 INFO DAGScheduler: Got job 2 (showString at NativeMethodAccessorImpl.java:0) with 1 output partitions
[2025-05-06T09:31:53.250+0000] {spark_submit.py:490} INFO - 25/05/06 09:31:53 INFO DAGScheduler: Final stage: ResultStage 2 (showString at NativeMethodAccessorImpl.java:0)
[2025-05-06T09:31:53.251+0000] {spark_submit.py:490} INFO - 25/05/06 09:31:53 INFO DAGScheduler: Parents of final stage: List()
[2025-05-06T09:31:53.251+0000] {spark_submit.py:490} INFO - 25/05/06 09:31:53 INFO DAGScheduler: Missing parents: List()
[2025-05-06T09:31:53.252+0000] {spark_submit.py:490} INFO - 25/05/06 09:31:53 INFO DAGScheduler: Submitting ResultStage 2 (MapPartitionsRDD[12] at showString at NativeMethodAccessorImpl.java:0), which has no missing parents
[2025-05-06T09:31:53.261+0000] {spark_submit.py:490} INFO - 25/05/06 09:31:53 INFO MemoryStore: Block broadcast_4 stored as values in memory (estimated size 48.1 KiB, free 433.9 MiB)
[2025-05-06T09:31:53.264+0000] {spark_submit.py:490} INFO - 25/05/06 09:31:53 INFO MemoryStore: Block broadcast_4_piece0 stored as bytes in memory (estimated size 16.0 KiB, free 433.9 MiB)
[2025-05-06T09:31:53.265+0000] {spark_submit.py:490} INFO - 25/05/06 09:31:53 INFO BlockManagerInfo: Added broadcast_4_piece0 in memory on b431f09a1fa6:43439 (size: 16.0 KiB, free: 434.3 MiB)
[2025-05-06T09:31:53.266+0000] {spark_submit.py:490} INFO - 25/05/06 09:31:53 INFO SparkContext: Created broadcast 4 from broadcast at DAGScheduler.scala:1513
[2025-05-06T09:31:53.267+0000] {spark_submit.py:490} INFO - 25/05/06 09:31:53 INFO DAGScheduler: Submitting 1 missing tasks from ResultStage 2 (MapPartitionsRDD[12] at showString at NativeMethodAccessorImpl.java:0) (first 15 tasks are for partitions Vector(0))
[2025-05-06T09:31:53.267+0000] {spark_submit.py:490} INFO - 25/05/06 09:31:53 INFO TaskSchedulerImpl: Adding task set 2.0 with 1 tasks resource profile 0
[2025-05-06T09:31:53.268+0000] {spark_submit.py:490} INFO - 25/05/06 09:31:53 INFO TaskSetManager: Starting task 0.0 in stage 2.0 (TID 2) (172.18.0.6, executor 0, partition 0, PROCESS_LOCAL, 5553 bytes) taskResourceAssignments Map()
[2025-05-06T09:31:53.285+0000] {spark_submit.py:490} INFO - 25/05/06 09:31:53 INFO BlockManagerInfo: Added broadcast_4_piece0 in memory on 172.18.0.6:42559 (size: 16.0 KiB, free: 366.2 MiB)
[2025-05-06T09:31:53.939+0000] {spark_submit.py:490} INFO - 25/05/06 09:31:53 INFO BlockManagerInfo: Added broadcast_3_piece0 in memory on 172.18.0.6:42559 (size: 34.8 KiB, free: 366.2 MiB)
[2025-05-06T09:31:54.065+0000] {spark_submit.py:490} INFO - 25/05/06 09:31:54 INFO TaskSetManager: Finished task 0.0 in stage 2.0 (TID 2) in 797 ms on 172.18.0.6 (executor 0) (1/1)
[2025-05-06T09:31:54.066+0000] {spark_submit.py:490} INFO - 25/05/06 09:31:54 INFO TaskSchedulerImpl: Removed TaskSet 2.0, whose tasks have all completed, from pool
[2025-05-06T09:31:54.069+0000] {spark_submit.py:490} INFO - 25/05/06 09:31:54 INFO PythonAccumulatorV2: Connected to AccumulatorServer at host: 127.0.0.1 port: 51007
[2025-05-06T09:31:54.071+0000] {spark_submit.py:490} INFO - 25/05/06 09:31:54 INFO DAGScheduler: ResultStage 2 (showString at NativeMethodAccessorImpl.java:0) finished in 0.818 s
[2025-05-06T09:31:54.072+0000] {spark_submit.py:490} INFO - 25/05/06 09:31:54 INFO DAGScheduler: Job 2 is finished. Cancelling potential speculative or zombie tasks for this job
[2025-05-06T09:31:54.072+0000] {spark_submit.py:490} INFO - 25/05/06 09:31:54 INFO TaskSchedulerImpl: Killing all running tasks in stage 2: Stage finished
[2025-05-06T09:31:54.073+0000] {spark_submit.py:490} INFO - 25/05/06 09:31:54 INFO DAGScheduler: Job 2 finished: showString at NativeMethodAccessorImpl.java:0, took 0.823712 s
[2025-05-06T09:31:54.086+0000] {spark_submit.py:490} INFO - +--------------------+----------+-----------+---------+---------------+---------+---------------+----------+---------+-----+-----------+
[2025-05-06T09:31:54.086+0000] {spark_submit.py:490} INFO - |edition             |edition_id|country_noc|sport    |event          |result_id|athlete        |athlete_id|pos      |medal|isTeamSport|
[2025-05-06T09:31:54.086+0000] {spark_submit.py:490} INFO - +--------------------+----------+-----------+---------+---------------+---------+---------------+----------+---------+-----+-----------+
[2025-05-06T09:31:54.086+0000] {spark_submit.py:490} INFO - |1908 summer olympics|5         |anz        |athletics|100 metres men |56265    |ernest hutcheon|64710     |dns      |     |false      |
[2025-05-06T09:31:54.086+0000] {spark_submit.py:490} INFO - |1908 summer olympics|5         |anz        |athletics|400 metres men |56313    |henry murray   |64756     |dns      |     |false      |
[2025-05-06T09:31:54.086+0000] {spark_submit.py:490} INFO - |1908 summer olympics|5         |anz        |athletics|800 metres men |56338    |harvey sutton  |64808     |3 h8 r12 |     |false      |
[2025-05-06T09:31:54.086+0000] {spark_submit.py:490} INFO - |1908 summer olympics|5         |anz        |athletics|800 metres men |56338    |guy haskins    |922519    |dns      |     |false      |
[2025-05-06T09:31:54.087+0000] {spark_submit.py:490} INFO - |1908 summer olympics|5         |anz        |athletics|800 metres men |56338    |joseph lynch   |64735     |dns      |     |false      |
[2025-05-06T09:31:54.087+0000] {spark_submit.py:490} INFO - |1908 summer olympics|5         |anz        |athletics|800 metres men |56338    |henry murray   |64756     |dns      |     |false      |
[2025-05-06T09:31:54.087+0000] {spark_submit.py:490} INFO - |1908 summer olympics|5         |anz        |athletics|1500 metres men|56349    |joseph lynch   |64735     |5 h2 r12 |     |false      |
[2025-05-06T09:31:54.087+0000] {spark_submit.py:490} INFO - |1908 summer olympics|5         |anz        |athletics|1500 metres men|56349    |charles swain  |79576     |ac h3 r12|     |false      |
[2025-05-06T09:31:54.087+0000] {spark_submit.py:490} INFO - |1908 summer olympics|5         |anz        |athletics|1500 metres men|56349    |guy haskins    |922519    |dns      |     |false      |
[2025-05-06T09:31:54.087+0000] {spark_submit.py:490} INFO - |1908 summer olympics|5         |anz        |athletics|1500 metres men|56349    |george blake   |64619     |dns      |     |false      |
[2025-05-06T09:31:54.087+0000] {spark_submit.py:490} INFO - +--------------------+----------+-----------+---------+---------------+---------+---------------+----------+---------+-----+-----------+
[2025-05-06T09:31:54.087+0000] {spark_submit.py:490} INFO - only showing top 10 rows
[2025-05-06T09:31:54.087+0000] {spark_submit.py:490} INFO - 
[2025-05-06T09:31:54.087+0000] {spark_submit.py:490} INFO - 💾 Збереження до Silver рівня: /tmp/spark_data/silver/athlete_event_results/20250506
[2025-05-06T09:31:54.129+0000] {spark_submit.py:490} INFO - 25/05/06 09:31:54 INFO FileSourceStrategy: Pushed Filters:
[2025-05-06T09:31:54.129+0000] {spark_submit.py:490} INFO - 25/05/06 09:31:54 INFO FileSourceStrategy: Post-Scan Filters:
[2025-05-06T09:31:54.129+0000] {spark_submit.py:490} INFO - 25/05/06 09:31:54 INFO FileSourceStrategy: Output Data Schema: struct<edition: string, edition_id: string, country_noc: string, sport: string, event: string ... 9 more fields>
[2025-05-06T09:31:54.165+0000] {spark_submit.py:490} INFO - 25/05/06 09:31:54 INFO ParquetFileFormat: Using default output committer for Parquet: org.apache.parquet.hadoop.ParquetOutputCommitter
[2025-05-06T09:31:54.178+0000] {spark_submit.py:490} INFO - 25/05/06 09:31:54 INFO FileOutputCommitter: File Output Committer Algorithm version is 1
[2025-05-06T09:31:54.178+0000] {spark_submit.py:490} INFO - 25/05/06 09:31:54 INFO FileOutputCommitter: FileOutputCommitter skip cleanup _temporary folders under output directory:false, ignore cleanup failures: false
[2025-05-06T09:31:54.179+0000] {spark_submit.py:490} INFO - 25/05/06 09:31:54 INFO SQLHadoopMapReduceCommitProtocol: Using user defined output committer class org.apache.parquet.hadoop.ParquetOutputCommitter
[2025-05-06T09:31:54.179+0000] {spark_submit.py:490} INFO - 25/05/06 09:31:54 INFO FileOutputCommitter: File Output Committer Algorithm version is 1
[2025-05-06T09:31:54.180+0000] {spark_submit.py:490} INFO - 25/05/06 09:31:54 INFO FileOutputCommitter: FileOutputCommitter skip cleanup _temporary folders under output directory:false, ignore cleanup failures: false
[2025-05-06T09:31:54.180+0000] {spark_submit.py:490} INFO - 25/05/06 09:31:54 INFO SQLHadoopMapReduceCommitProtocol: Using output committer class org.apache.parquet.hadoop.ParquetOutputCommitter
[2025-05-06T09:31:54.227+0000] {spark_submit.py:490} INFO - 25/05/06 09:31:54 INFO BlockManagerInfo: Removed broadcast_4_piece0 on b431f09a1fa6:43439 in memory (size: 16.0 KiB, free: 434.3 MiB)
[2025-05-06T09:31:54.230+0000] {spark_submit.py:490} INFO - 25/05/06 09:31:54 INFO BlockManagerInfo: Removed broadcast_4_piece0 on 172.18.0.6:42559 in memory (size: 16.0 KiB, free: 366.2 MiB)
[2025-05-06T09:31:54.230+0000] {spark_submit.py:490} INFO - 25/05/06 09:31:54 INFO MemoryStore: Block broadcast_5 stored as values in memory (estimated size 202.0 KiB, free 433.7 MiB)
[2025-05-06T09:31:54.241+0000] {spark_submit.py:490} INFO - 25/05/06 09:31:54 INFO MemoryStore: Block broadcast_5_piece0 stored as bytes in memory (estimated size 34.8 KiB, free 433.7 MiB)
[2025-05-06T09:31:54.242+0000] {spark_submit.py:490} INFO - 25/05/06 09:31:54 INFO BlockManagerInfo: Added broadcast_5_piece0 in memory on b431f09a1fa6:43439 (size: 34.8 KiB, free: 434.3 MiB)
[2025-05-06T09:31:54.243+0000] {spark_submit.py:490} INFO - 25/05/06 09:31:54 INFO SparkContext: Created broadcast 5 from parquet at NativeMethodAccessorImpl.java:0
[2025-05-06T09:31:54.244+0000] {spark_submit.py:490} INFO - 25/05/06 09:31:54 INFO FileSourceScanExec: Planning scan with bin packing, max size: 27180008 bytes, open cost is considered as scanning 4194304 bytes.
[2025-05-06T09:31:54.264+0000] {spark_submit.py:490} INFO - 25/05/06 09:31:54 INFO BlockManagerInfo: Removed broadcast_1_piece0 on b431f09a1fa6:43439 in memory (size: 34.8 KiB, free: 434.3 MiB)
[2025-05-06T09:31:54.265+0000] {spark_submit.py:490} INFO - 25/05/06 09:31:54 INFO BlockManagerInfo: Removed broadcast_1_piece0 on 172.18.0.6:42559 in memory (size: 34.8 KiB, free: 366.3 MiB)
[2025-05-06T09:31:54.280+0000] {spark_submit.py:490} INFO - 25/05/06 09:31:54 INFO BlockManagerInfo: Removed broadcast_2_piece0 on b431f09a1fa6:43439 in memory (size: 6.5 KiB, free: 434.3 MiB)
[2025-05-06T09:31:54.292+0000] {spark_submit.py:490} INFO - 25/05/06 09:31:54 INFO BlockManagerInfo: Removed broadcast_2_piece0 on 172.18.0.6:42559 in memory (size: 6.5 KiB, free: 366.3 MiB)
[2025-05-06T09:31:54.304+0000] {spark_submit.py:490} INFO - 25/05/06 09:31:54 INFO BlockManagerInfo: Removed broadcast_3_piece0 on b431f09a1fa6:43439 in memory (size: 34.8 KiB, free: 434.4 MiB)
[2025-05-06T09:31:54.312+0000] {spark_submit.py:490} INFO - 25/05/06 09:31:54 INFO BlockManagerInfo: Removed broadcast_3_piece0 on 172.18.0.6:42559 in memory (size: 34.8 KiB, free: 366.3 MiB)
[2025-05-06T09:31:54.313+0000] {spark_submit.py:490} INFO - 25/05/06 09:31:54 INFO SparkContext: Starting job: parquet at NativeMethodAccessorImpl.java:0
[2025-05-06T09:31:54.315+0000] {spark_submit.py:490} INFO - 25/05/06 09:31:54 INFO DAGScheduler: Got job 3 (parquet at NativeMethodAccessorImpl.java:0) with 2 output partitions
[2025-05-06T09:31:54.316+0000] {spark_submit.py:490} INFO - 25/05/06 09:31:54 INFO DAGScheduler: Final stage: ResultStage 3 (parquet at NativeMethodAccessorImpl.java:0)
[2025-05-06T09:31:54.316+0000] {spark_submit.py:490} INFO - 25/05/06 09:31:54 INFO DAGScheduler: Parents of final stage: List()
[2025-05-06T09:31:54.317+0000] {spark_submit.py:490} INFO - 25/05/06 09:31:54 INFO DAGScheduler: Missing parents: List()
[2025-05-06T09:31:54.317+0000] {spark_submit.py:490} INFO - 25/05/06 09:31:54 INFO DAGScheduler: Submitting ResultStage 3 (MapPartitionsRDD[18] at parquet at NativeMethodAccessorImpl.java:0), which has no missing parents
[2025-05-06T09:31:54.335+0000] {spark_submit.py:490} INFO - 25/05/06 09:31:54 INFO MemoryStore: Block broadcast_6 stored as values in memory (estimated size 248.7 KiB, free 433.9 MiB)
[2025-05-06T09:31:54.337+0000] {spark_submit.py:490} INFO - 25/05/06 09:31:54 INFO MemoryStore: Block broadcast_6_piece0 stored as bytes in memory (estimated size 85.9 KiB, free 433.8 MiB)
[2025-05-06T09:31:54.339+0000] {spark_submit.py:490} INFO - 25/05/06 09:31:54 INFO BlockManagerInfo: Added broadcast_6_piece0 in memory on b431f09a1fa6:43439 (size: 85.9 KiB, free: 434.3 MiB)
[2025-05-06T09:31:54.340+0000] {spark_submit.py:490} INFO - 25/05/06 09:31:54 INFO SparkContext: Created broadcast 6 from broadcast at DAGScheduler.scala:1513
[2025-05-06T09:31:54.341+0000] {spark_submit.py:490} INFO - 25/05/06 09:31:54 INFO DAGScheduler: Submitting 2 missing tasks from ResultStage 3 (MapPartitionsRDD[18] at parquet at NativeMethodAccessorImpl.java:0) (first 15 tasks are for partitions Vector(0, 1))
[2025-05-06T09:31:54.342+0000] {spark_submit.py:490} INFO - 25/05/06 09:31:54 INFO TaskSchedulerImpl: Adding task set 3.0 with 2 tasks resource profile 0
[2025-05-06T09:31:54.345+0000] {spark_submit.py:490} INFO - 25/05/06 09:31:54 INFO TaskSetManager: Starting task 0.0 in stage 3.0 (TID 3) (172.18.0.6, executor 0, partition 0, PROCESS_LOCAL, 5553 bytes) taskResourceAssignments Map()
[2025-05-06T09:31:54.345+0000] {spark_submit.py:490} INFO - 25/05/06 09:31:54 INFO TaskSetManager: Starting task 1.0 in stage 3.0 (TID 4) (172.18.0.6, executor 0, partition 1, PROCESS_LOCAL, 5553 bytes) taskResourceAssignments Map()
[2025-05-06T09:31:54.372+0000] {spark_submit.py:490} INFO - 25/05/06 09:31:54 INFO BlockManagerInfo: Added broadcast_6_piece0 in memory on 172.18.0.6:42559 (size: 85.9 KiB, free: 366.2 MiB)
[2025-05-06T09:31:54.514+0000] {spark_submit.py:490} INFO - 25/05/06 09:31:54 INFO BlockManagerInfo: Added broadcast_5_piece0 in memory on 172.18.0.6:42559 (size: 34.8 KiB, free: 366.2 MiB)
[2025-05-06T09:32:11.202+0000] {spark_submit.py:490} INFO - 25/05/06 09:32:11 INFO TaskSetManager: Finished task 1.0 in stage 3.0 (TID 4) in 16857 ms on 172.18.0.6 (executor 0) (1/2)
[2025-05-06T09:32:15.297+0000] {spark_submit.py:490} INFO - 25/05/06 09:32:15 INFO TaskSetManager: Finished task 0.0 in stage 3.0 (TID 3) in 20954 ms on 172.18.0.6 (executor 0) (2/2)
[2025-05-06T09:32:15.298+0000] {spark_submit.py:490} INFO - 25/05/06 09:32:15 INFO TaskSchedulerImpl: Removed TaskSet 3.0, whose tasks have all completed, from pool
[2025-05-06T09:32:15.299+0000] {spark_submit.py:490} INFO - 25/05/06 09:32:15 INFO DAGScheduler: ResultStage 3 (parquet at NativeMethodAccessorImpl.java:0) finished in 20.982 s
[2025-05-06T09:32:15.300+0000] {spark_submit.py:490} INFO - 25/05/06 09:32:15 INFO DAGScheduler: Job 3 is finished. Cancelling potential speculative or zombie tasks for this job
[2025-05-06T09:32:15.301+0000] {spark_submit.py:490} INFO - 25/05/06 09:32:15 INFO TaskSchedulerImpl: Killing all running tasks in stage 3: Stage finished
[2025-05-06T09:32:15.301+0000] {spark_submit.py:490} INFO - 25/05/06 09:32:15 INFO DAGScheduler: Job 3 finished: parquet at NativeMethodAccessorImpl.java:0, took 20.996990 s
[2025-05-06T09:32:15.303+0000] {spark_submit.py:490} INFO - 25/05/06 09:32:15 INFO FileFormatWriter: Start to commit write Job 6bd8605e-ddeb-413e-8425-0fa72f1cc833.
[2025-05-06T09:32:15.331+0000] {spark_submit.py:490} INFO - 25/05/06 09:32:15 INFO FileFormatWriter: Write Job 6bd8605e-ddeb-413e-8425-0fa72f1cc833 committed. Elapsed time: 26 ms.
[2025-05-06T09:32:15.334+0000] {spark_submit.py:490} INFO - 25/05/06 09:32:15 INFO FileFormatWriter: Finished processing stats for write job 6bd8605e-ddeb-413e-8425-0fa72f1cc833.
[2025-05-06T09:32:15.338+0000] {spark_submit.py:490} INFO - ✅ Збережено до Silver: /tmp/spark_data/silver/athlete_event_results/20250506
[2025-05-06T09:32:15.338+0000] {spark_submit.py:490} INFO - 📁 Шлях збереження Silver: /tmp/spark_data/silver/athlete_event_results/20250506
[2025-05-06T09:32:15.338+0000] {spark_submit.py:490} INFO - 📂 Вміст директорії:
[2025-05-06T09:32:15.338+0000] {spark_submit.py:490} INFO - ['.part-00001-86bba084-1e6e-40fc-9e12-0f7a18c7624e-c000.snappy.parquet.crc', '.part-00000-86bba084-1e6e-40fc-9e12-0f7a18c7624e-c000.snappy.parquet.crc', 'part-00001-86bba084-1e6e-40fc-9e12-0f7a18c7624e-c000.snappy.parquet', 'part-00000-86bba084-1e6e-40fc-9e12-0f7a18c7624e-c000.snappy.parquet', '_SUCCESS', '._SUCCESS.crc']
[2025-05-06T09:32:15.350+0000] {spark_submit.py:490} INFO - 25/05/06 09:32:15 INFO SparkUI: Stopped Spark web UI at http://b431f09a1fa6:4040
[2025-05-06T09:32:15.354+0000] {spark_submit.py:490} INFO - 25/05/06 09:32:15 INFO StandaloneSchedulerBackend: Shutting down all executors
[2025-05-06T09:32:15.355+0000] {spark_submit.py:490} INFO - 25/05/06 09:32:15 INFO CoarseGrainedSchedulerBackend$DriverEndpoint: Asking each executor to shut down
[2025-05-06T09:32:15.394+0000] {spark_submit.py:490} INFO - 25/05/06 09:32:15 INFO MapOutputTrackerMasterEndpoint: MapOutputTrackerMasterEndpoint stopped!
[2025-05-06T09:32:15.414+0000] {spark_submit.py:490} INFO - 25/05/06 09:32:15 INFO MemoryStore: MemoryStore cleared
[2025-05-06T09:32:15.414+0000] {spark_submit.py:490} INFO - 25/05/06 09:32:15 INFO BlockManager: BlockManager stopped
[2025-05-06T09:32:15.416+0000] {spark_submit.py:490} INFO - 25/05/06 09:32:15 INFO BlockManagerMaster: BlockManagerMaster stopped
[2025-05-06T09:32:15.420+0000] {spark_submit.py:490} INFO - 25/05/06 09:32:15 INFO OutputCommitCoordinator$OutputCommitCoordinatorEndpoint: OutputCommitCoordinator stopped!
[2025-05-06T09:32:15.436+0000] {spark_submit.py:490} INFO - 25/05/06 09:32:15 INFO SparkContext: Successfully stopped SparkContext
[2025-05-06T09:32:16.330+0000] {spark_submit.py:490} INFO - 25/05/06 09:32:16 INFO ShutdownHookManager: Shutdown hook called
[2025-05-06T09:32:16.331+0000] {spark_submit.py:490} INFO - 25/05/06 09:32:16 INFO ShutdownHookManager: Deleting directory /tmp/spark-47667a92-41c6-45c3-a475-8f410f4d53f9
[2025-05-06T09:32:16.334+0000] {spark_submit.py:490} INFO - 25/05/06 09:32:16 INFO ShutdownHookManager: Deleting directory /tmp/spark-47667a92-41c6-45c3-a475-8f410f4d53f9/pyspark-08d6803b-d275-4ac9-9d3e-c47921eaec06
[2025-05-06T09:32:16.337+0000] {spark_submit.py:490} INFO - 25/05/06 09:32:16 INFO ShutdownHookManager: Deleting directory /tmp/spark-579121fe-652b-4223-910e-ac00e8c90602
[2025-05-06T09:32:16.381+0000] {taskinstance.py:1350} INFO - Marking task as SUCCESS. dag_id=final_project_BBDL, task_id=BronzeToSilver, execution_date=20250506T093119, start_date=20250506T093140, end_date=20250506T093216
[2025-05-06T09:32:16.462+0000] {local_task_job_runner.py:225} INFO - Task exited with return code 0
[2025-05-06T09:32:16.528+0000] {taskinstance.py:2653} INFO - 1 downstream tasks scheduled from follow-on schedule check
