[2025-05-08T07:12:27.101+0000] {taskinstance.py:1103} INFO - Dependencies all met for dep_context=non-requeueable deps ti=<TaskInstance: final_project_BBDL.LandingToBronze manual__2025-05-08T07:12:24.831955+00:00 [queued]>
[2025-05-08T07:12:27.111+0000] {taskinstance.py:1103} INFO - Dependencies all met for dep_context=requeueable deps ti=<TaskInstance: final_project_BBDL.LandingToBronze manual__2025-05-08T07:12:24.831955+00:00 [queued]>
[2025-05-08T07:12:27.111+0000] {taskinstance.py:1308} INFO - Starting attempt 1 of 1
[2025-05-08T07:12:27.154+0000] {taskinstance.py:1327} INFO - Executing <Task(SparkSubmitOperator): LandingToBronze> on 2025-05-08 07:12:24.831955+00:00
[2025-05-08T07:12:27.157+0000] {standard_task_runner.py:57} INFO - Started process 413 to run task
[2025-05-08T07:12:27.160+0000] {standard_task_runner.py:84} INFO - Running: ['airflow', 'tasks', 'run', 'final_project_BBDL', 'LandingToBronze', 'manual__2025-05-08T07:12:24.831955+00:00', '--job-id', '8', '--raw', '--subdir', 'DAGS_FOLDER/project_solution.py', '--cfg-path', '/tmp/tmpzlvq74f8']
[2025-05-08T07:12:27.161+0000] {standard_task_runner.py:85} INFO - Job 8: Subtask LandingToBronze
[2025-05-08T07:12:27.211+0000] {logging_mixin.py:150} WARNING - /home/airflow/.local/lib/python3.7/site-packages/airflow/settings.py:195 DeprecationWarning: The sql_alchemy_conn option in [core] has been moved to the sql_alchemy_conn option in [database] - the old setting has been used, but please update your config.
[2025-05-08T07:12:27.268+0000] {task_command.py:410} INFO - Running <TaskInstance: final_project_BBDL.LandingToBronze manual__2025-05-08T07:12:24.831955+00:00 [running]> on host 2527f5cb9fb8
[2025-05-08T07:12:27.434+0000] {taskinstance.py:1547} INFO - Exporting env vars: AIRFLOW_CTX_DAG_OWNER='airflow' AIRFLOW_CTX_DAG_ID='final_project_BBDL' AIRFLOW_CTX_TASK_ID='LandingToBronze' AIRFLOW_CTX_EXECUTION_DATE='2025-05-08T07:12:24.831955+00:00' AIRFLOW_CTX_TRY_NUMBER='1' AIRFLOW_CTX_DAG_RUN_ID='manual__2025-05-08T07:12:24.831955+00:00'
[2025-05-08T07:12:27.445+0000] {spark_submit.py:218} INFO - Could not load connection string spark_default, defaulting to yarn
[2025-05-08T07:12:27.446+0000] {spark_submit.py:339} INFO - Spark-Submit cmd: spark-submit --master yarn --conf spark.master=spark://spark-master:7077 --name LandingToBronze --verbose /opt/airflow/dags/landing_to_bronze.py
[2025-05-08T07:12:27.534+0000] {spark_submit.py:490} INFO - /opt/spark/bin/spark-class: line 71: /usr/lib/jvm/java-11-openjdk-amd64/bin/java: No such file or directory
[2025-05-08T07:12:27.536+0000] {spark_submit.py:490} INFO - /opt/spark/bin/spark-class: line 96: CMD: bad array subscript
[2025-05-08T07:12:27.557+0000] {taskinstance.py:1824} ERROR - Task failed with exception
Traceback (most recent call last):
  File "/home/airflow/.local/lib/python3.7/site-packages/airflow/providers/apache/spark/operators/spark_submit.py", line 157, in execute
    self._hook.submit(self._application)
  File "/home/airflow/.local/lib/python3.7/site-packages/airflow/providers/apache/spark/hooks/spark_submit.py", line 422, in submit
    f"Cannot execute: {self._mask_cmd(spark_submit_cmd)}. Error code is: {returncode}."
airflow.exceptions.AirflowException: Cannot execute: spark-submit --master yarn --conf spark.master=spark://spark-master:7077 --name LandingToBronze --verbose /opt/airflow/dags/landing_to_bronze.py. Error code is: 1.
[2025-05-08T07:12:27.563+0000] {taskinstance.py:1350} INFO - Marking task as FAILED. dag_id=final_project_BBDL, task_id=LandingToBronze, execution_date=20250508T071224, start_date=20250508T071227, end_date=20250508T071227
[2025-05-08T07:12:27.690+0000] {standard_task_runner.py:109} ERROR - Failed to execute job 8 for task LandingToBronze (Cannot execute: spark-submit --master yarn --conf spark.master=spark://spark-master:7077 --name LandingToBronze --verbose /opt/airflow/dags/landing_to_bronze.py. Error code is: 1.; 413)
[2025-05-08T07:12:27.722+0000] {local_task_job_runner.py:225} INFO - Task exited with return code 1
[2025-05-08T07:12:27.748+0000] {taskinstance.py:2653} INFO - 0 downstream tasks scheduled from follow-on schedule check
