[2025-05-02T21:00:11.826+0000] {local_task_job_runner.py:120} INFO - ::group::Pre task execution logs
[2025-05-02T21:00:11.879+0000] {taskinstance.py:2076} INFO - Dependencies all met for dep_context=non-requeueable deps ti=<TaskInstance: final_project_BBDL.LandingToBronze manual__2025-05-02T21:00:10.830760+00:00 [queued]>
[2025-05-02T21:00:11.887+0000] {taskinstance.py:2076} INFO - Dependencies all met for dep_context=requeueable deps ti=<TaskInstance: final_project_BBDL.LandingToBronze manual__2025-05-02T21:00:10.830760+00:00 [queued]>
[2025-05-02T21:00:11.887+0000] {taskinstance.py:2306} INFO - Starting attempt 1 of 1
[2025-05-02T21:00:11.918+0000] {taskinstance.py:2330} INFO - Executing <Task(SparkSubmitOperator): LandingToBronze> on 2025-05-02 21:00:10.830760+00:00
[2025-05-02T21:00:11.923+0000] {standard_task_runner.py:63} INFO - Started process 2412 to run task
[2025-05-02T21:00:11.926+0000] {standard_task_runner.py:90} INFO - Running: ['airflow', 'tasks', 'run', 'final_project_BBDL', 'LandingToBronze', 'manual__2025-05-02T21:00:10.830760+00:00', '--job-id', '29', '--raw', '--subdir', 'DAGS_FOLDER/project_solution.py', '--cfg-path', '/tmp/tmp6tiz145e']
[2025-05-02T21:00:11.928+0000] {standard_task_runner.py:91} INFO - Job 29: Subtask LandingToBronze
[2025-05-02T21:00:11.991+0000] {logging_mixin.py:188} WARNING - /home/airflow/.local/lib/python3.10/site-packages/airflow/settings.py:195 DeprecationWarning: The sql_alchemy_conn option in [core] has been moved to the sql_alchemy_conn option in [database] - the old setting has been used, but please update your config.
[2025-05-02T21:00:12.077+0000] {task_command.py:426} INFO - Running <TaskInstance: final_project_BBDL.LandingToBronze manual__2025-05-02T21:00:10.830760+00:00 [running]> on host 6ca5a7f6558e
[2025-05-02T21:00:12.330+0000] {taskinstance.py:2648} INFO - Exporting env vars: AIRFLOW_CTX_DAG_OWNER='airflow' AIRFLOW_CTX_DAG_ID='final_project_BBDL' AIRFLOW_CTX_TASK_ID='LandingToBronze' AIRFLOW_CTX_EXECUTION_DATE='2025-05-02T21:00:10.830760+00:00' AIRFLOW_CTX_TRY_NUMBER='1' AIRFLOW_CTX_DAG_RUN_ID='manual__2025-05-02T21:00:10.830760+00:00'
[2025-05-02T21:00:12.331+0000] {taskinstance.py:430} INFO - ::endgroup::
[2025-05-02T21:00:12.384+0000] {base.py:84} INFO - Using connection ID 'spark_default' for task execution.
[2025-05-02T21:00:12.385+0000] {spark_submit.py:328} ERROR - Failed to decode base64 keytab: Invalid base64-encoded string: number of data characters (5) cannot be 1 more than a multiple of 4
[2025-05-02T21:00:12.385+0000] {spark_submit.py:305} INFO - Could not load connection string spark_default, defaulting to spark://spark-master:7077
[2025-05-02T21:00:12.386+0000] {spark_submit.py:474} INFO - Spark-Submit cmd: spark-submit --master spark://spark-master:7077 --conf spark.master=spark://spark-master:7077 --name LandingToBronze --verbose --queue root.default --deploy-mode client /opt/airflow/dags/landing_to_bronze.py
[2025-05-02T21:00:13.522+0000] {spark_submit.py:644} INFO - Using properties file: null
[2025-05-02T21:00:13.624+0000] {spark_submit.py:644} INFO - Parsed arguments:
[2025-05-02T21:00:13.625+0000] {spark_submit.py:644} INFO - master                  spark://spark-master:7077
[2025-05-02T21:00:13.625+0000] {spark_submit.py:644} INFO - deployMode              client
[2025-05-02T21:00:13.625+0000] {spark_submit.py:644} INFO - executorMemory          null
[2025-05-02T21:00:13.625+0000] {spark_submit.py:644} INFO - executorCores           null
[2025-05-02T21:00:13.625+0000] {spark_submit.py:644} INFO - totalExecutorCores      null
[2025-05-02T21:00:13.625+0000] {spark_submit.py:644} INFO - propertiesFile          null
[2025-05-02T21:00:13.625+0000] {spark_submit.py:644} INFO - driverMemory            null
[2025-05-02T21:00:13.625+0000] {spark_submit.py:644} INFO - driverCores             null
[2025-05-02T21:00:13.626+0000] {spark_submit.py:644} INFO - driverExtraClassPath    null
[2025-05-02T21:00:13.626+0000] {spark_submit.py:644} INFO - driverExtraLibraryPath  null
[2025-05-02T21:00:13.626+0000] {spark_submit.py:644} INFO - driverExtraJavaOptions  null
[2025-05-02T21:00:13.626+0000] {spark_submit.py:644} INFO - supervise               false
[2025-05-02T21:00:13.626+0000] {spark_submit.py:644} INFO - queue                   root.default
[2025-05-02T21:00:13.626+0000] {spark_submit.py:644} INFO - numExecutors            null
[2025-05-02T21:00:13.627+0000] {spark_submit.py:644} INFO - files                   null
[2025-05-02T21:00:13.627+0000] {spark_submit.py:644} INFO - pyFiles                 null
[2025-05-02T21:00:13.627+0000] {spark_submit.py:644} INFO - archives                null
[2025-05-02T21:00:13.627+0000] {spark_submit.py:644} INFO - mainClass               null
[2025-05-02T21:00:13.628+0000] {spark_submit.py:644} INFO - primaryResource         file:/opt/airflow/dags/landing_to_bronze.py
[2025-05-02T21:00:13.628+0000] {spark_submit.py:644} INFO - name                    LandingToBronze
[2025-05-02T21:00:13.628+0000] {spark_submit.py:644} INFO - childArgs               []
[2025-05-02T21:00:13.628+0000] {spark_submit.py:644} INFO - jars                    null
[2025-05-02T21:00:13.628+0000] {spark_submit.py:644} INFO - packages                null
[2025-05-02T21:00:13.628+0000] {spark_submit.py:644} INFO - packagesExclusions      null
[2025-05-02T21:00:13.628+0000] {spark_submit.py:644} INFO - repositories            null
[2025-05-02T21:00:13.628+0000] {spark_submit.py:644} INFO - verbose                 true
[2025-05-02T21:00:13.628+0000] {spark_submit.py:644} INFO - 
[2025-05-02T21:00:13.628+0000] {spark_submit.py:644} INFO - Spark properties used, including those specified through
[2025-05-02T21:00:13.629+0000] {spark_submit.py:644} INFO - --conf and those from the properties file null:
[2025-05-02T21:00:13.629+0000] {spark_submit.py:644} INFO - (spark.master,spark://spark-master:7077)
[2025-05-02T21:00:13.629+0000] {spark_submit.py:644} INFO - 
[2025-05-02T21:00:13.629+0000] {spark_submit.py:644} INFO - 
[2025-05-02T21:00:13.931+0000] {spark_submit.py:644} INFO - Main class:
[2025-05-02T21:00:13.932+0000] {spark_submit.py:644} INFO - org.apache.spark.deploy.PythonRunner
[2025-05-02T21:00:13.932+0000] {spark_submit.py:644} INFO - Arguments:
[2025-05-02T21:00:13.932+0000] {spark_submit.py:644} INFO - file:/opt/airflow/dags/landing_to_bronze.py
[2025-05-02T21:00:13.932+0000] {spark_submit.py:644} INFO - null
[2025-05-02T21:00:13.935+0000] {spark_submit.py:644} INFO - Spark config:
[2025-05-02T21:00:13.935+0000] {spark_submit.py:644} INFO - (spark.app.name,LandingToBronze)
[2025-05-02T21:00:13.935+0000] {spark_submit.py:644} INFO - (spark.app.submitTime,1746219613915)
[2025-05-02T21:00:13.935+0000] {spark_submit.py:644} INFO - (spark.master,spark://spark-master:7077)
[2025-05-02T21:00:13.935+0000] {spark_submit.py:644} INFO - (spark.submit.deployMode,client)
[2025-05-02T21:00:13.935+0000] {spark_submit.py:644} INFO - (spark.submit.pyFiles,)
[2025-05-02T21:00:13.935+0000] {spark_submit.py:644} INFO - Classpath elements:
[2025-05-02T21:00:13.935+0000] {spark_submit.py:644} INFO - 
[2025-05-02T21:00:13.936+0000] {spark_submit.py:644} INFO - 
[2025-05-02T21:00:13.936+0000] {spark_submit.py:644} INFO - 
[2025-05-02T21:00:14.867+0000] {spark_submit.py:644} INFO - 25/05/02 21:00:14 INFO SparkContext: Running Spark version 3.3.0
[2025-05-02T21:00:14.912+0000] {spark_submit.py:644} INFO - 25/05/02 21:00:14 WARN NativeCodeLoader: Unable to load native-hadoop library for your platform... using builtin-java classes where applicable
[2025-05-02T21:00:14.990+0000] {spark_submit.py:644} INFO - 25/05/02 21:00:14 INFO ResourceUtils: ==============================================================
[2025-05-02T21:00:14.990+0000] {spark_submit.py:644} INFO - 25/05/02 21:00:14 INFO ResourceUtils: No custom resources configured for spark.driver.
[2025-05-02T21:00:14.990+0000] {spark_submit.py:644} INFO - 25/05/02 21:00:14 INFO ResourceUtils: ==============================================================
[2025-05-02T21:00:14.991+0000] {spark_submit.py:644} INFO - 25/05/02 21:00:14 INFO SparkContext: Submitted application: LandingToBronze
[2025-05-02T21:00:15.009+0000] {spark_submit.py:644} INFO - 25/05/02 21:00:15 INFO ResourceProfile: Default ResourceProfile created, executor resources: Map(cores -> name: cores, amount: 1, script: , vendor: , memory -> name: memory, amount: 1024, script: , vendor: , offHeap -> name: offHeap, amount: 0, script: , vendor: ), task resources: Map(cpus -> name: cpus, amount: 1.0)
[2025-05-02T21:00:15.016+0000] {spark_submit.py:644} INFO - 25/05/02 21:00:15 INFO ResourceProfile: Limiting resource is cpu
[2025-05-02T21:00:15.017+0000] {spark_submit.py:644} INFO - 25/05/02 21:00:15 INFO ResourceProfileManager: Added ResourceProfile id: 0
[2025-05-02T21:00:15.054+0000] {spark_submit.py:644} INFO - 25/05/02 21:00:15 INFO SecurityManager: Changing view acls to: airflow
[2025-05-02T21:00:15.054+0000] {spark_submit.py:644} INFO - 25/05/02 21:00:15 INFO SecurityManager: Changing modify acls to: airflow
[2025-05-02T21:00:15.055+0000] {spark_submit.py:644} INFO - 25/05/02 21:00:15 INFO SecurityManager: Changing view acls groups to:
[2025-05-02T21:00:15.055+0000] {spark_submit.py:644} INFO - 25/05/02 21:00:15 INFO SecurityManager: Changing modify acls groups to:
[2025-05-02T21:00:15.056+0000] {spark_submit.py:644} INFO - 25/05/02 21:00:15 INFO SecurityManager: SecurityManager: authentication disabled; ui acls disabled; users  with view permissions: Set(airflow); groups with view permissions: Set(); users  with modify permissions: Set(airflow); groups with modify permissions: Set()
[2025-05-02T21:00:15.251+0000] {spark_submit.py:644} INFO - 25/05/02 21:00:15 INFO Utils: Successfully started service 'sparkDriver' on port 36083.
[2025-05-02T21:00:15.280+0000] {spark_submit.py:644} INFO - 25/05/02 21:00:15 INFO SparkEnv: Registering MapOutputTracker
[2025-05-02T21:00:15.309+0000] {spark_submit.py:644} INFO - 25/05/02 21:00:15 INFO SparkEnv: Registering BlockManagerMaster
[2025-05-02T21:00:15.326+0000] {spark_submit.py:644} INFO - 25/05/02 21:00:15 INFO BlockManagerMasterEndpoint: Using org.apache.spark.storage.DefaultTopologyMapper for getting topology information
[2025-05-02T21:00:15.327+0000] {spark_submit.py:644} INFO - 25/05/02 21:00:15 INFO BlockManagerMasterEndpoint: BlockManagerMasterEndpoint up
[2025-05-02T21:00:15.332+0000] {spark_submit.py:644} INFO - 25/05/02 21:00:15 INFO SparkEnv: Registering BlockManagerMasterHeartbeat
[2025-05-02T21:00:15.368+0000] {spark_submit.py:644} INFO - 25/05/02 21:00:15 INFO DiskBlockManager: Created local directory at /tmp/blockmgr-ab86ea1f-dba9-4066-99da-ff3e15c485cc
[2025-05-02T21:00:15.389+0000] {spark_submit.py:644} INFO - 25/05/02 21:00:15 INFO MemoryStore: MemoryStore started with capacity 434.4 MiB
[2025-05-02T21:00:15.401+0000] {spark_submit.py:644} INFO - 25/05/02 21:00:15 INFO SparkEnv: Registering OutputCommitCoordinator
[2025-05-02T21:00:15.562+0000] {spark_submit.py:644} INFO - 25/05/02 21:00:15 INFO Utils: Successfully started service 'SparkUI' on port 4040.
[2025-05-02T21:00:15.674+0000] {spark_submit.py:644} INFO - 25/05/02 21:00:15 INFO StandaloneAppClient$ClientEndpoint: Connecting to master spark://spark-master:7077...
[2025-05-02T21:00:15.715+0000] {spark_submit.py:644} INFO - 25/05/02 21:00:15 INFO TransportClientFactory: Successfully created connection to spark-master/172.19.0.2:7077 after 23 ms (0 ms spent in bootstraps)
[2025-05-02T21:00:15.809+0000] {spark_submit.py:644} INFO - 25/05/02 21:00:15 INFO StandaloneSchedulerBackend: Connected to Spark cluster with app ID app-20250502210015-0006
[2025-05-02T21:00:15.811+0000] {spark_submit.py:644} INFO - 25/05/02 21:00:15 INFO StandaloneAppClient$ClientEndpoint: Executor added: app-20250502210015-0006/0 on worker-20250502201254-172.19.0.5-36485 (172.19.0.5:36485) with 2 core(s)
[2025-05-02T21:00:15.813+0000] {spark_submit.py:644} INFO - 25/05/02 21:00:15 INFO StandaloneSchedulerBackend: Granted executor ID app-20250502210015-0006/0 on hostPort 172.19.0.5:36485 with 2 core(s), 1024.0 MiB RAM
[2025-05-02T21:00:15.819+0000] {spark_submit.py:644} INFO - 25/05/02 21:00:15 INFO Utils: Successfully started service 'org.apache.spark.network.netty.NettyBlockTransferService' on port 34359.
[2025-05-02T21:00:15.820+0000] {spark_submit.py:644} INFO - 25/05/02 21:00:15 INFO NettyBlockTransferService: Server created on 6ca5a7f6558e:34359
[2025-05-02T21:00:15.820+0000] {spark_submit.py:644} INFO - 25/05/02 21:00:15 INFO BlockManager: Using org.apache.spark.storage.RandomBlockReplicationPolicy for block replication policy
[2025-05-02T21:00:15.830+0000] {spark_submit.py:644} INFO - 25/05/02 21:00:15 INFO BlockManagerMaster: Registering BlockManager BlockManagerId(driver, 6ca5a7f6558e, 34359, None)
[2025-05-02T21:00:15.835+0000] {spark_submit.py:644} INFO - 25/05/02 21:00:15 INFO BlockManagerMasterEndpoint: Registering block manager 6ca5a7f6558e:34359 with 434.4 MiB RAM, BlockManagerId(driver, 6ca5a7f6558e, 34359, None)
[2025-05-02T21:00:15.838+0000] {spark_submit.py:644} INFO - 25/05/02 21:00:15 INFO BlockManagerMaster: Registered BlockManager BlockManagerId(driver, 6ca5a7f6558e, 34359, None)
[2025-05-02T21:00:15.840+0000] {spark_submit.py:644} INFO - 25/05/02 21:00:15 INFO BlockManager: Initialized BlockManager: BlockManagerId(driver, 6ca5a7f6558e, 34359, None)
[2025-05-02T21:00:15.852+0000] {spark_submit.py:644} INFO - 25/05/02 21:00:15 INFO StandaloneAppClient$ClientEndpoint: Executor updated: app-20250502210015-0006/0 is now RUNNING
[2025-05-02T21:00:16.005+0000] {spark_submit.py:644} INFO - 25/05/02 21:00:16 INFO StandaloneSchedulerBackend: SchedulerBackend is ready for scheduling beginning after reached minRegisteredResourcesRatio: 0.0
[2025-05-02T21:00:16.148+0000] {spark_submit.py:644} INFO - 📥 Завантаження: https://ftp.goit.study/neoversity/athlete_bio.csv
[2025-05-02T21:00:18.860+0000] {spark_submit.py:644} INFO - ✅ CSV збережено: /tmp/spark_data/landing/athlete_bio.csv
[2025-05-02T21:00:18.861+0000] {spark_submit.py:644} INFO - 📊 Обробка файлу /tmp/spark_data/landing/athlete_bio.csv
[2025-05-02T21:00:18.936+0000] {spark_submit.py:644} INFO - 25/05/02 21:00:18 INFO SharedState: Setting hive.metastore.warehouse.dir ('null') to the value of spark.sql.warehouse.dir.
[2025-05-02T21:00:18.947+0000] {spark_submit.py:644} INFO - 25/05/02 21:00:18 INFO SharedState: Warehouse path is 'file:/opt/airflow/spark-warehouse'.
[2025-05-02T21:00:19.639+0000] {spark_submit.py:644} INFO - 25/05/02 21:00:19 INFO InMemoryFileIndex: It took 35 ms to list leaf files for 1 paths.
[2025-05-02T21:00:19.709+0000] {spark_submit.py:644} INFO - 25/05/02 21:00:19 INFO InMemoryFileIndex: It took 3 ms to list leaf files for 1 paths.
[2025-05-02T21:00:20.198+0000] {spark_submit.py:644} INFO - 25/05/02 21:00:20 INFO CoarseGrainedSchedulerBackend$DriverEndpoint: Registered executor NettyRpcEndpointRef(spark-client://Executor) (172.19.0.5:43162) with ID 0,  ResourceProfileId 0
[2025-05-02T21:00:20.295+0000] {spark_submit.py:644} INFO - 25/05/02 21:00:20 INFO BlockManagerMasterEndpoint: Registering block manager 172.19.0.5:42249 with 366.3 MiB RAM, BlockManagerId(0, 172.19.0.5, 42249, None)
[2025-05-02T21:00:21.524+0000] {spark_submit.py:644} INFO - 25/05/02 21:00:21 INFO FileSourceStrategy: Pushed Filters:
[2025-05-02T21:00:21.526+0000] {spark_submit.py:644} INFO - 25/05/02 21:00:21 INFO FileSourceStrategy: Post-Scan Filters: (length(trim(value#0, None)) > 0)
[2025-05-02T21:00:21.528+0000] {spark_submit.py:644} INFO - 25/05/02 21:00:21 INFO FileSourceStrategy: Output Data Schema: struct<value: string>
[2025-05-02T21:00:21.859+0000] {spark_submit.py:644} INFO - 25/05/02 21:00:21 INFO CodeGenerator: Code generated in 102.104372 ms
[2025-05-02T21:00:21.901+0000] {spark_submit.py:644} INFO - 25/05/02 21:00:21 INFO MemoryStore: Block broadcast_0 stored as values in memory (estimated size 199.2 KiB, free 434.2 MiB)
[2025-05-02T21:00:21.943+0000] {spark_submit.py:644} INFO - 25/05/02 21:00:21 INFO MemoryStore: Block broadcast_0_piece0 stored as bytes in memory (estimated size 33.9 KiB, free 434.2 MiB)
[2025-05-02T21:00:21.946+0000] {spark_submit.py:644} INFO - 25/05/02 21:00:21 INFO BlockManagerInfo: Added broadcast_0_piece0 in memory on 6ca5a7f6558e:34359 (size: 33.9 KiB, free: 434.4 MiB)
[2025-05-02T21:00:21.949+0000] {spark_submit.py:644} INFO - 25/05/02 21:00:21 INFO SparkContext: Created broadcast 0 from csv at NativeMethodAccessorImpl.java:0
[2025-05-02T21:00:21.956+0000] {spark_submit.py:644} INFO - 25/05/02 21:00:21 INFO FileSourceScanExec: Planning scan with bin packing, max size: 29844437 bytes, open cost is considered as scanning 4194304 bytes.
[2025-05-02T21:00:22.028+0000] {spark_submit.py:644} INFO - 25/05/02 21:00:22 INFO SparkContext: Starting job: csv at NativeMethodAccessorImpl.java:0
[2025-05-02T21:00:22.040+0000] {spark_submit.py:644} INFO - 25/05/02 21:00:22 INFO DAGScheduler: Got job 0 (csv at NativeMethodAccessorImpl.java:0) with 1 output partitions
[2025-05-02T21:00:22.040+0000] {spark_submit.py:644} INFO - 25/05/02 21:00:22 INFO DAGScheduler: Final stage: ResultStage 0 (csv at NativeMethodAccessorImpl.java:0)
[2025-05-02T21:00:22.041+0000] {spark_submit.py:644} INFO - 25/05/02 21:00:22 INFO DAGScheduler: Parents of final stage: List()
[2025-05-02T21:00:22.042+0000] {spark_submit.py:644} INFO - 25/05/02 21:00:22 INFO DAGScheduler: Missing parents: List()
[2025-05-02T21:00:22.045+0000] {spark_submit.py:644} INFO - 25/05/02 21:00:22 INFO DAGScheduler: Submitting ResultStage 0 (MapPartitionsRDD[3] at csv at NativeMethodAccessorImpl.java:0), which has no missing parents
[2025-05-02T21:00:22.090+0000] {spark_submit.py:644} INFO - 25/05/02 21:00:22 INFO MemoryStore: Block broadcast_1 stored as values in memory (estimated size 11.8 KiB, free 434.2 MiB)
[2025-05-02T21:00:22.093+0000] {spark_submit.py:644} INFO - 25/05/02 21:00:22 INFO MemoryStore: Block broadcast_1_piece0 stored as bytes in memory (estimated size 5.9 KiB, free 434.2 MiB)
[2025-05-02T21:00:22.094+0000] {spark_submit.py:644} INFO - 25/05/02 21:00:22 INFO BlockManagerInfo: Added broadcast_1_piece0 in memory on 6ca5a7f6558e:34359 (size: 5.9 KiB, free: 434.4 MiB)
[2025-05-02T21:00:22.095+0000] {spark_submit.py:644} INFO - 25/05/02 21:00:22 INFO SparkContext: Created broadcast 1 from broadcast at DAGScheduler.scala:1513
[2025-05-02T21:00:22.111+0000] {spark_submit.py:644} INFO - 25/05/02 21:00:22 INFO DAGScheduler: Submitting 1 missing tasks from ResultStage 0 (MapPartitionsRDD[3] at csv at NativeMethodAccessorImpl.java:0) (first 15 tasks are for partitions Vector(0))
[2025-05-02T21:00:22.112+0000] {spark_submit.py:644} INFO - 25/05/02 21:00:22 INFO TaskSchedulerImpl: Adding task set 0.0 with 1 tasks resource profile 0
[2025-05-02T21:00:22.144+0000] {spark_submit.py:644} INFO - 25/05/02 21:00:22 INFO TaskSetManager: Starting task 0.0 in stage 0.0 (TID 0) (172.19.0.5, executor 0, partition 0, PROCESS_LOCAL, 4921 bytes) taskResourceAssignments Map()
[2025-05-02T21:00:22.426+0000] {spark_submit.py:644} INFO - 25/05/02 21:00:22 INFO BlockManagerInfo: Added broadcast_1_piece0 in memory on 172.19.0.5:42249 (size: 5.9 KiB, free: 366.3 MiB)
[2025-05-02T21:00:23.448+0000] {spark_submit.py:644} INFO - 25/05/02 21:00:23 INFO BlockManagerInfo: Added broadcast_0_piece0 in memory on 172.19.0.5:42249 (size: 33.9 KiB, free: 366.3 MiB)
[2025-05-02T21:00:23.634+0000] {spark_submit.py:644} INFO - 25/05/02 21:00:23 INFO TaskSetManager: Finished task 0.0 in stage 0.0 (TID 0) in 1498 ms on 172.19.0.5 (executor 0) (1/1)
[2025-05-02T21:00:23.635+0000] {spark_submit.py:644} INFO - 25/05/02 21:00:23 INFO TaskSchedulerImpl: Removed TaskSet 0.0, whose tasks have all completed, from pool
[2025-05-02T21:00:23.640+0000] {spark_submit.py:644} INFO - 25/05/02 21:00:23 INFO DAGScheduler: ResultStage 0 (csv at NativeMethodAccessorImpl.java:0) finished in 1.585 s
[2025-05-02T21:00:23.642+0000] {spark_submit.py:644} INFO - 25/05/02 21:00:23 INFO DAGScheduler: Job 0 is finished. Cancelling potential speculative or zombie tasks for this job
[2025-05-02T21:00:23.642+0000] {spark_submit.py:644} INFO - 25/05/02 21:00:23 INFO TaskSchedulerImpl: Killing all running tasks in stage 0: Stage finished
[2025-05-02T21:00:23.644+0000] {spark_submit.py:644} INFO - 25/05/02 21:00:23 INFO DAGScheduler: Job 0 finished: csv at NativeMethodAccessorImpl.java:0, took 1.615715 s
[2025-05-02T21:00:23.665+0000] {spark_submit.py:644} INFO - 25/05/02 21:00:23 INFO CodeGenerator: Code generated in 10.382535 ms
[2025-05-02T21:00:23.716+0000] {spark_submit.py:644} INFO - 25/05/02 21:00:23 INFO BlockManagerInfo: Removed broadcast_1_piece0 on 6ca5a7f6558e:34359 in memory (size: 5.9 KiB, free: 434.4 MiB)
[2025-05-02T21:00:23.721+0000] {spark_submit.py:644} INFO - 25/05/02 21:00:23 INFO BlockManagerInfo: Removed broadcast_1_piece0 on 172.19.0.5:42249 in memory (size: 5.9 KiB, free: 366.3 MiB)
[2025-05-02T21:00:23.728+0000] {spark_submit.py:644} INFO - 25/05/02 21:00:23 INFO FileSourceStrategy: Pushed Filters:
[2025-05-02T21:00:23.729+0000] {spark_submit.py:644} INFO - 25/05/02 21:00:23 INFO FileSourceStrategy: Post-Scan Filters:
[2025-05-02T21:00:23.729+0000] {spark_submit.py:644} INFO - 25/05/02 21:00:23 INFO FileSourceStrategy: Output Data Schema: struct<value: string>
[2025-05-02T21:00:23.736+0000] {spark_submit.py:644} INFO - 25/05/02 21:00:23 INFO MemoryStore: Block broadcast_2 stored as values in memory (estimated size 199.2 KiB, free 434.0 MiB)
[2025-05-02T21:00:23.744+0000] {spark_submit.py:644} INFO - 25/05/02 21:00:23 INFO MemoryStore: Block broadcast_2_piece0 stored as bytes in memory (estimated size 33.9 KiB, free 433.9 MiB)
[2025-05-02T21:00:23.746+0000] {spark_submit.py:644} INFO - 25/05/02 21:00:23 INFO BlockManagerInfo: Added broadcast_2_piece0 in memory on 6ca5a7f6558e:34359 (size: 33.9 KiB, free: 434.3 MiB)
[2025-05-02T21:00:23.748+0000] {spark_submit.py:644} INFO - 25/05/02 21:00:23 INFO SparkContext: Created broadcast 2 from csv at NativeMethodAccessorImpl.java:0
[2025-05-02T21:00:23.749+0000] {spark_submit.py:644} INFO - 25/05/02 21:00:23 INFO FileSourceScanExec: Planning scan with bin packing, max size: 29844437 bytes, open cost is considered as scanning 4194304 bytes.
[2025-05-02T21:00:23.795+0000] {spark_submit.py:644} INFO - 🗑️ Видалення старого каталогу: /tmp/spark_data/bronze/athlete_bio
[2025-05-02T21:00:23.829+0000] {spark_submit.py:644} INFO - 25/05/02 21:00:23 INFO FileSourceStrategy: Pushed Filters:
[2025-05-02T21:00:23.830+0000] {spark_submit.py:644} INFO - 25/05/02 21:00:23 INFO FileSourceStrategy: Post-Scan Filters:
[2025-05-02T21:00:23.830+0000] {spark_submit.py:644} INFO - 25/05/02 21:00:23 INFO FileSourceStrategy: Output Data Schema: struct<athlete_id: string, name: string, sex: string, born: string, height: string ... 8 more fields>
[2025-05-02T21:00:23.865+0000] {spark_submit.py:644} INFO - 25/05/02 21:00:23 INFO ParquetFileFormat: Using default output committer for Parquet: org.apache.parquet.hadoop.ParquetOutputCommitter
[2025-05-02T21:00:23.887+0000] {spark_submit.py:644} INFO - 25/05/02 21:00:23 INFO FileOutputCommitter: File Output Committer Algorithm version is 1
[2025-05-02T21:00:23.887+0000] {spark_submit.py:644} INFO - 25/05/02 21:00:23 INFO FileOutputCommitter: FileOutputCommitter skip cleanup _temporary folders under output directory:false, ignore cleanup failures: false
[2025-05-02T21:00:23.888+0000] {spark_submit.py:644} INFO - 25/05/02 21:00:23 INFO SQLHadoopMapReduceCommitProtocol: Using user defined output committer class org.apache.parquet.hadoop.ParquetOutputCommitter
[2025-05-02T21:00:23.888+0000] {spark_submit.py:644} INFO - 25/05/02 21:00:23 INFO FileOutputCommitter: File Output Committer Algorithm version is 1
[2025-05-02T21:00:23.889+0000] {spark_submit.py:644} INFO - 25/05/02 21:00:23 INFO FileOutputCommitter: FileOutputCommitter skip cleanup _temporary folders under output directory:false, ignore cleanup failures: false
[2025-05-02T21:00:23.889+0000] {spark_submit.py:644} INFO - 25/05/02 21:00:23 INFO SQLHadoopMapReduceCommitProtocol: Using output committer class org.apache.parquet.hadoop.ParquetOutputCommitter
[2025-05-02T21:00:23.911+0000] {spark_submit.py:644} INFO - 25/05/02 21:00:23 INFO MemoryStore: Block broadcast_3 stored as values in memory (estimated size 199.1 KiB, free 433.8 MiB)
[2025-05-02T21:00:23.920+0000] {spark_submit.py:644} INFO - 25/05/02 21:00:23 INFO MemoryStore: Block broadcast_3_piece0 stored as bytes in memory (estimated size 33.9 KiB, free 433.7 MiB)
[2025-05-02T21:00:23.921+0000] {spark_submit.py:644} INFO - 25/05/02 21:00:23 INFO BlockManagerInfo: Added broadcast_3_piece0 in memory on 6ca5a7f6558e:34359 (size: 33.9 KiB, free: 434.3 MiB)
[2025-05-02T21:00:23.922+0000] {spark_submit.py:644} INFO - 25/05/02 21:00:23 INFO SparkContext: Created broadcast 3 from parquet at NativeMethodAccessorImpl.java:0
[2025-05-02T21:00:23.926+0000] {spark_submit.py:644} INFO - 25/05/02 21:00:23 INFO FileSourceScanExec: Planning scan with bin packing, max size: 29844437 bytes, open cost is considered as scanning 4194304 bytes.
[2025-05-02T21:00:23.951+0000] {spark_submit.py:644} INFO - 25/05/02 21:00:23 INFO SparkContext: Starting job: parquet at NativeMethodAccessorImpl.java:0
[2025-05-02T21:00:23.953+0000] {spark_submit.py:644} INFO - 25/05/02 21:00:23 INFO DAGScheduler: Got job 1 (parquet at NativeMethodAccessorImpl.java:0) with 2 output partitions
[2025-05-02T21:00:23.953+0000] {spark_submit.py:644} INFO - 25/05/02 21:00:23 INFO DAGScheduler: Final stage: ResultStage 1 (parquet at NativeMethodAccessorImpl.java:0)
[2025-05-02T21:00:23.953+0000] {spark_submit.py:644} INFO - 25/05/02 21:00:23 INFO DAGScheduler: Parents of final stage: List()
[2025-05-02T21:00:23.954+0000] {spark_submit.py:644} INFO - 25/05/02 21:00:23 INFO DAGScheduler: Missing parents: List()
[2025-05-02T21:00:23.954+0000] {spark_submit.py:644} INFO - 25/05/02 21:00:23 INFO DAGScheduler: Submitting ResultStage 1 (MapPartitionsRDD[11] at parquet at NativeMethodAccessorImpl.java:0), which has no missing parents
[2025-05-02T21:00:23.978+0000] {spark_submit.py:644} INFO - 25/05/02 21:00:23 INFO MemoryStore: Block broadcast_4 stored as values in memory (estimated size 211.6 KiB, free 433.5 MiB)
[2025-05-02T21:00:23.991+0000] {spark_submit.py:644} INFO - 25/05/02 21:00:23 INFO MemoryStore: Block broadcast_4_piece0 stored as bytes in memory (estimated size 76.2 KiB, free 433.5 MiB)
[2025-05-02T21:00:23.992+0000] {spark_submit.py:644} INFO - 25/05/02 21:00:23 INFO BlockManagerInfo: Removed broadcast_2_piece0 on 6ca5a7f6558e:34359 in memory (size: 33.9 KiB, free: 434.3 MiB)
[2025-05-02T21:00:23.993+0000] {spark_submit.py:644} INFO - 25/05/02 21:00:23 INFO BlockManagerInfo: Added broadcast_4_piece0 in memory on 6ca5a7f6558e:34359 (size: 76.2 KiB, free: 434.3 MiB)
[2025-05-02T21:00:23.994+0000] {spark_submit.py:644} INFO - 25/05/02 21:00:23 INFO SparkContext: Created broadcast 4 from broadcast at DAGScheduler.scala:1513
[2025-05-02T21:00:23.995+0000] {spark_submit.py:644} INFO - 25/05/02 21:00:23 INFO DAGScheduler: Submitting 2 missing tasks from ResultStage 1 (MapPartitionsRDD[11] at parquet at NativeMethodAccessorImpl.java:0) (first 15 tasks are for partitions Vector(0, 1))
[2025-05-02T21:00:23.995+0000] {spark_submit.py:644} INFO - 25/05/02 21:00:23 INFO TaskSchedulerImpl: Adding task set 1.0 with 2 tasks resource profile 0
[2025-05-02T21:00:23.997+0000] {spark_submit.py:644} INFO - 25/05/02 21:00:23 INFO TaskSetManager: Starting task 0.0 in stage 1.0 (TID 1) (172.19.0.5, executor 0, partition 0, PROCESS_LOCAL, 4921 bytes) taskResourceAssignments Map()
[2025-05-02T21:00:23.998+0000] {spark_submit.py:644} INFO - 25/05/02 21:00:23 INFO TaskSetManager: Starting task 1.0 in stage 1.0 (TID 2) (172.19.0.5, executor 0, partition 1, PROCESS_LOCAL, 4921 bytes) taskResourceAssignments Map()
[2025-05-02T21:00:24.000+0000] {spark_submit.py:644} INFO - 25/05/02 21:00:24 INFO BlockManagerInfo: Removed broadcast_0_piece0 on 6ca5a7f6558e:34359 in memory (size: 33.9 KiB, free: 434.3 MiB)
[2025-05-02T21:00:24.003+0000] {spark_submit.py:644} INFO - 25/05/02 21:00:24 INFO BlockManagerInfo: Removed broadcast_0_piece0 on 172.19.0.5:42249 in memory (size: 33.9 KiB, free: 366.3 MiB)
[2025-05-02T21:00:24.030+0000] {spark_submit.py:644} INFO - 25/05/02 21:00:24 INFO BlockManagerInfo: Added broadcast_4_piece0 in memory on 172.19.0.5:42249 (size: 76.2 KiB, free: 366.2 MiB)
[2025-05-02T21:00:24.373+0000] {spark_submit.py:644} INFO - 25/05/02 21:00:24 INFO BlockManagerInfo: Added broadcast_3_piece0 in memory on 172.19.0.5:42249 (size: 33.9 KiB, free: 366.2 MiB)
[2025-05-02T21:00:26.057+0000] {spark_submit.py:644} INFO - 25/05/02 21:00:26 INFO TaskSetManager: Finished task 0.0 in stage 1.0 (TID 1) in 2060 ms on 172.19.0.5 (executor 0) (1/2)
[2025-05-02T21:00:26.058+0000] {spark_submit.py:644} INFO - 25/05/02 21:00:26 INFO TaskSetManager: Finished task 1.0 in stage 1.0 (TID 2) in 2059 ms on 172.19.0.5 (executor 0) (2/2)
[2025-05-02T21:00:26.058+0000] {spark_submit.py:644} INFO - 25/05/02 21:00:26 INFO TaskSchedulerImpl: Removed TaskSet 1.0, whose tasks have all completed, from pool
[2025-05-02T21:00:26.060+0000] {spark_submit.py:644} INFO - 25/05/02 21:00:26 INFO DAGScheduler: ResultStage 1 (parquet at NativeMethodAccessorImpl.java:0) finished in 2.103 s
[2025-05-02T21:00:26.060+0000] {spark_submit.py:644} INFO - 25/05/02 21:00:26 INFO DAGScheduler: Job 1 is finished. Cancelling potential speculative or zombie tasks for this job
[2025-05-02T21:00:26.060+0000] {spark_submit.py:644} INFO - 25/05/02 21:00:26 INFO TaskSchedulerImpl: Killing all running tasks in stage 1: Stage finished
[2025-05-02T21:00:26.061+0000] {spark_submit.py:644} INFO - 25/05/02 21:00:26 INFO DAGScheduler: Job 1 finished: parquet at NativeMethodAccessorImpl.java:0, took 2.117275 s
[2025-05-02T21:00:26.062+0000] {spark_submit.py:644} INFO - 25/05/02 21:00:26 INFO FileFormatWriter: Start to commit write Job b02c05b4-1154-4fdd-afec-7c4a2bf8ddce.
[2025-05-02T21:00:26.093+0000] {spark_submit.py:644} INFO - 25/05/02 21:00:26 ERROR FileFormatWriter: Aborting job b02c05b4-1154-4fdd-afec-7c4a2bf8ddce.
[2025-05-02T21:00:26.093+0000] {spark_submit.py:644} INFO - java.io.IOException: Failed to rename DeprecatedRawLocalFileStatus{path=file:/tmp/spark_data/bronze/athlete_bio/_temporary/0/task_202505022100235520914362101220470_0001_m_000001/part-00001-fd66ee2c-058c-4763-a39a-839e8239c567-c000.snappy.parquet; isDirectory=false; length=12669132; replication=1; blocksize=33554432; modification_time=1746219626014; access_time=1746219624502; owner=; group=; permission=rw-rw-rw-; isSymlink=false; hasAcl=false; isEncrypted=false; isErasureCoded=false} to file:/tmp/spark_data/bronze/athlete_bio/part-00001-fd66ee2c-058c-4763-a39a-839e8239c567-c000.snappy.parquet
[2025-05-02T21:00:26.093+0000] {spark_submit.py:644} INFO - at org.apache.hadoop.mapreduce.lib.output.FileOutputCommitter.mergePaths(FileOutputCommitter.java:477)
[2025-05-02T21:00:26.093+0000] {spark_submit.py:644} INFO - at org.apache.hadoop.mapreduce.lib.output.FileOutputCommitter.mergePaths(FileOutputCommitter.java:490)
[2025-05-02T21:00:26.093+0000] {spark_submit.py:644} INFO - at org.apache.hadoop.mapreduce.lib.output.FileOutputCommitter.commitJobInternal(FileOutputCommitter.java:405)
[2025-05-02T21:00:26.093+0000] {spark_submit.py:644} INFO - at org.apache.hadoop.mapreduce.lib.output.FileOutputCommitter.commitJob(FileOutputCommitter.java:377)
[2025-05-02T21:00:26.094+0000] {spark_submit.py:644} INFO - at org.apache.parquet.hadoop.ParquetOutputCommitter.commitJob(ParquetOutputCommitter.java:48)
[2025-05-02T21:00:26.094+0000] {spark_submit.py:644} INFO - at org.apache.spark.internal.io.HadoopMapReduceCommitProtocol.commitJob(HadoopMapReduceCommitProtocol.scala:192)
[2025-05-02T21:00:26.094+0000] {spark_submit.py:644} INFO - at org.apache.spark.sql.execution.datasources.FileFormatWriter$.$anonfun$write$25(FileFormatWriter.scala:267)
[2025-05-02T21:00:26.094+0000] {spark_submit.py:644} INFO - at scala.runtime.java8.JFunction0$mcV$sp.apply(JFunction0$mcV$sp.java:23)
[2025-05-02T21:00:26.094+0000] {spark_submit.py:644} INFO - at org.apache.spark.util.Utils$.timeTakenMs(Utils.scala:642)
[2025-05-02T21:00:26.094+0000] {spark_submit.py:644} INFO - at org.apache.spark.sql.execution.datasources.FileFormatWriter$.write(FileFormatWriter.scala:267)
[2025-05-02T21:00:26.094+0000] {spark_submit.py:644} INFO - at org.apache.spark.sql.execution.datasources.InsertIntoHadoopFsRelationCommand.run(InsertIntoHadoopFsRelationCommand.scala:186)
[2025-05-02T21:00:26.094+0000] {spark_submit.py:644} INFO - at org.apache.spark.sql.execution.command.DataWritingCommandExec.sideEffectResult$lzycompute(commands.scala:113)
[2025-05-02T21:00:26.094+0000] {spark_submit.py:644} INFO - at org.apache.spark.sql.execution.command.DataWritingCommandExec.sideEffectResult(commands.scala:111)
[2025-05-02T21:00:26.094+0000] {spark_submit.py:644} INFO - at org.apache.spark.sql.execution.command.DataWritingCommandExec.executeCollect(commands.scala:125)
[2025-05-02T21:00:26.094+0000] {spark_submit.py:644} INFO - at org.apache.spark.sql.execution.QueryExecution$$anonfun$eagerlyExecuteCommands$1.$anonfun$applyOrElse$1(QueryExecution.scala:98)
[2025-05-02T21:00:26.094+0000] {spark_submit.py:644} INFO - at org.apache.spark.sql.execution.SQLExecution$.$anonfun$withNewExecutionId$6(SQLExecution.scala:109)
[2025-05-02T21:00:26.095+0000] {spark_submit.py:644} INFO - at org.apache.spark.sql.execution.SQLExecution$.withSQLConfPropagated(SQLExecution.scala:169)
[2025-05-02T21:00:26.095+0000] {spark_submit.py:644} INFO - at org.apache.spark.sql.execution.SQLExecution$.$anonfun$withNewExecutionId$1(SQLExecution.scala:95)
[2025-05-02T21:00:26.095+0000] {spark_submit.py:644} INFO - at org.apache.spark.sql.SparkSession.withActive(SparkSession.scala:779)
[2025-05-02T21:00:26.095+0000] {spark_submit.py:644} INFO - at org.apache.spark.sql.execution.SQLExecution$.withNewExecutionId(SQLExecution.scala:64)
[2025-05-02T21:00:26.095+0000] {spark_submit.py:644} INFO - at org.apache.spark.sql.execution.QueryExecution$$anonfun$eagerlyExecuteCommands$1.applyOrElse(QueryExecution.scala:98)
[2025-05-02T21:00:26.095+0000] {spark_submit.py:644} INFO - at org.apache.spark.sql.execution.QueryExecution$$anonfun$eagerlyExecuteCommands$1.applyOrElse(QueryExecution.scala:94)
[2025-05-02T21:00:26.095+0000] {spark_submit.py:644} INFO - at org.apache.spark.sql.catalyst.trees.TreeNode.$anonfun$transformDownWithPruning$1(TreeNode.scala:584)
[2025-05-02T21:00:26.095+0000] {spark_submit.py:644} INFO - at org.apache.spark.sql.catalyst.trees.CurrentOrigin$.withOrigin(TreeNode.scala:176)
[2025-05-02T21:00:26.095+0000] {spark_submit.py:644} INFO - at org.apache.spark.sql.catalyst.trees.TreeNode.transformDownWithPruning(TreeNode.scala:584)
[2025-05-02T21:00:26.095+0000] {spark_submit.py:644} INFO - at org.apache.spark.sql.catalyst.plans.logical.LogicalPlan.org$apache$spark$sql$catalyst$plans$logical$AnalysisHelper$$super$transformDownWithPruning(LogicalPlan.scala:30)
[2025-05-02T21:00:26.096+0000] {spark_submit.py:644} INFO - at org.apache.spark.sql.catalyst.plans.logical.AnalysisHelper.transformDownWithPruning(AnalysisHelper.scala:267)
[2025-05-02T21:00:26.096+0000] {spark_submit.py:644} INFO - at org.apache.spark.sql.catalyst.plans.logical.AnalysisHelper.transformDownWithPruning$(AnalysisHelper.scala:263)
[2025-05-02T21:00:26.096+0000] {spark_submit.py:644} INFO - at org.apache.spark.sql.catalyst.plans.logical.LogicalPlan.transformDownWithPruning(LogicalPlan.scala:30)
[2025-05-02T21:00:26.096+0000] {spark_submit.py:644} INFO - at org.apache.spark.sql.catalyst.plans.logical.LogicalPlan.transformDownWithPruning(LogicalPlan.scala:30)
[2025-05-02T21:00:26.096+0000] {spark_submit.py:644} INFO - at org.apache.spark.sql.catalyst.trees.TreeNode.transformDown(TreeNode.scala:560)
[2025-05-02T21:00:26.096+0000] {spark_submit.py:644} INFO - at org.apache.spark.sql.execution.QueryExecution.eagerlyExecuteCommands(QueryExecution.scala:94)
[2025-05-02T21:00:26.096+0000] {spark_submit.py:644} INFO - at org.apache.spark.sql.execution.QueryExecution.commandExecuted$lzycompute(QueryExecution.scala:81)
[2025-05-02T21:00:26.096+0000] {spark_submit.py:644} INFO - at org.apache.spark.sql.execution.QueryExecution.commandExecuted(QueryExecution.scala:79)
[2025-05-02T21:00:26.096+0000] {spark_submit.py:644} INFO - at org.apache.spark.sql.execution.QueryExecution.assertCommandExecuted(QueryExecution.scala:116)
[2025-05-02T21:00:26.097+0000] {spark_submit.py:644} INFO - at org.apache.spark.sql.DataFrameWriter.runCommand(DataFrameWriter.scala:860)
[2025-05-02T21:00:26.097+0000] {spark_submit.py:644} INFO - at org.apache.spark.sql.DataFrameWriter.saveToV1Source(DataFrameWriter.scala:390)
[2025-05-02T21:00:26.097+0000] {spark_submit.py:644} INFO - at org.apache.spark.sql.DataFrameWriter.saveInternal(DataFrameWriter.scala:363)
[2025-05-02T21:00:26.097+0000] {spark_submit.py:644} INFO - at org.apache.spark.sql.DataFrameWriter.save(DataFrameWriter.scala:239)
[2025-05-02T21:00:26.097+0000] {spark_submit.py:644} INFO - at org.apache.spark.sql.DataFrameWriter.parquet(DataFrameWriter.scala:793)
[2025-05-02T21:00:26.097+0000] {spark_submit.py:644} INFO - at java.base/jdk.internal.reflect.NativeMethodAccessorImpl.invoke0(Native Method)
[2025-05-02T21:00:26.098+0000] {spark_submit.py:644} INFO - at java.base/jdk.internal.reflect.NativeMethodAccessorImpl.invoke(NativeMethodAccessorImpl.java:77)
[2025-05-02T21:00:26.098+0000] {spark_submit.py:644} INFO - at java.base/jdk.internal.reflect.DelegatingMethodAccessorImpl.invoke(DelegatingMethodAccessorImpl.java:43)
[2025-05-02T21:00:26.098+0000] {spark_submit.py:644} INFO - at java.base/java.lang.reflect.Method.invoke(Method.java:569)
[2025-05-02T21:00:26.098+0000] {spark_submit.py:644} INFO - at py4j.reflection.MethodInvoker.invoke(MethodInvoker.java:244)
[2025-05-02T21:00:26.098+0000] {spark_submit.py:644} INFO - at py4j.reflection.ReflectionEngine.invoke(ReflectionEngine.java:357)
[2025-05-02T21:00:26.098+0000] {spark_submit.py:644} INFO - at py4j.Gateway.invoke(Gateway.java:282)
[2025-05-02T21:00:26.098+0000] {spark_submit.py:644} INFO - at py4j.commands.AbstractCommand.invokeMethod(AbstractCommand.java:132)
[2025-05-02T21:00:26.098+0000] {spark_submit.py:644} INFO - at py4j.commands.CallCommand.execute(CallCommand.java:79)
[2025-05-02T21:00:26.098+0000] {spark_submit.py:644} INFO - at py4j.ClientServerConnection.waitForCommands(ClientServerConnection.java:182)
[2025-05-02T21:00:26.098+0000] {spark_submit.py:644} INFO - at py4j.ClientServerConnection.run(ClientServerConnection.java:106)
[2025-05-02T21:00:26.098+0000] {spark_submit.py:644} INFO - at java.base/java.lang.Thread.run(Thread.java:840)
[2025-05-02T21:00:26.098+0000] {spark_submit.py:644} INFO - 25/05/02 21:00:26 WARN FileUtil: Failed to delete file or dir [/tmp/spark_data/bronze/athlete_bio/_temporary/0/task_202505022100235520914362101220470_0001_m_000001/part-00001-fd66ee2c-058c-4763-a39a-839e8239c567-c000.snappy.parquet]: it still exists.
[2025-05-02T21:00:26.098+0000] {spark_submit.py:644} INFO - 25/05/02 21:00:26 WARN FileUtil: Failed to delete file or dir [/tmp/spark_data/bronze/athlete_bio/_temporary/0/task_202505022100235520914362101220470_0001_m_000001/.part-00001-fd66ee2c-058c-4763-a39a-839e8239c567-c000.snappy.parquet.crc]: it still exists.
[2025-05-02T21:00:26.099+0000] {spark_submit.py:644} INFO - 25/05/02 21:00:26 WARN FileUtil: Failed to delete file or dir [/tmp/spark_data/bronze/athlete_bio/_temporary/0/task_202505022100234935210028268640884_0001_m_000000/part-00000-fd66ee2c-058c-4763-a39a-839e8239c567-c000.snappy.parquet]: it still exists.
[2025-05-02T21:00:26.099+0000] {spark_submit.py:644} INFO - 25/05/02 21:00:26 WARN FileUtil: Failed to delete file or dir [/tmp/spark_data/bronze/athlete_bio/_temporary/0/task_202505022100234935210028268640884_0001_m_000000/.part-00000-fd66ee2c-058c-4763-a39a-839e8239c567-c000.snappy.parquet.crc]: it still exists.
[2025-05-02T21:00:26.123+0000] {spark_submit.py:644} INFO - Traceback (most recent call last):
[2025-05-02T21:00:26.123+0000] {spark_submit.py:644} INFO - File "/opt/airflow/dags/landing_to_bronze.py", line 66, in <module>
[2025-05-02T21:00:26.123+0000] {spark_submit.py:644} INFO - main()
[2025-05-02T21:00:26.123+0000] {spark_submit.py:644} INFO - File "/opt/airflow/dags/landing_to_bronze.py", line 57, in main
[2025-05-02T21:00:26.123+0000] {spark_submit.py:644} INFO - df.write.mode("overwrite").parquet(bronze_path)
[2025-05-02T21:00:26.123+0000] {spark_submit.py:644} INFO - File "/home/airflow/.local/lib/python3.10/site-packages/pyspark/python/lib/pyspark.zip/pyspark/sql/readwriter.py", line 1140, in parquet
[2025-05-02T21:00:26.124+0000] {spark_submit.py:644} INFO - File "/home/airflow/.local/lib/python3.10/site-packages/pyspark/python/lib/py4j-0.10.9.5-src.zip/py4j/java_gateway.py", line 1321, in __call__
[2025-05-02T21:00:26.124+0000] {spark_submit.py:644} INFO - File "/home/airflow/.local/lib/python3.10/site-packages/pyspark/python/lib/pyspark.zip/pyspark/sql/utils.py", line 190, in deco
[2025-05-02T21:00:26.124+0000] {spark_submit.py:644} INFO - File "/home/airflow/.local/lib/python3.10/site-packages/pyspark/python/lib/py4j-0.10.9.5-src.zip/py4j/protocol.py", line 326, in get_return_value
[2025-05-02T21:00:26.124+0000] {spark_submit.py:644} INFO - py4j.protocol.Py4JJavaError: An error occurred while calling o30.parquet.
[2025-05-02T21:00:26.124+0000] {spark_submit.py:644} INFO - : org.apache.spark.SparkException: Job aborted.
[2025-05-02T21:00:26.124+0000] {spark_submit.py:644} INFO - at org.apache.spark.sql.errors.QueryExecutionErrors$.jobAbortedError(QueryExecutionErrors.scala:638)
[2025-05-02T21:00:26.124+0000] {spark_submit.py:644} INFO - at org.apache.spark.sql.execution.datasources.FileFormatWriter$.write(FileFormatWriter.scala:278)
[2025-05-02T21:00:26.124+0000] {spark_submit.py:644} INFO - at org.apache.spark.sql.execution.datasources.InsertIntoHadoopFsRelationCommand.run(InsertIntoHadoopFsRelationCommand.scala:186)
[2025-05-02T21:00:26.124+0000] {spark_submit.py:644} INFO - at org.apache.spark.sql.execution.command.DataWritingCommandExec.sideEffectResult$lzycompute(commands.scala:113)
[2025-05-02T21:00:26.124+0000] {spark_submit.py:644} INFO - at org.apache.spark.sql.execution.command.DataWritingCommandExec.sideEffectResult(commands.scala:111)
[2025-05-02T21:00:26.124+0000] {spark_submit.py:644} INFO - at org.apache.spark.sql.execution.command.DataWritingCommandExec.executeCollect(commands.scala:125)
[2025-05-02T21:00:26.125+0000] {spark_submit.py:644} INFO - at org.apache.spark.sql.execution.QueryExecution$$anonfun$eagerlyExecuteCommands$1.$anonfun$applyOrElse$1(QueryExecution.scala:98)
[2025-05-02T21:00:26.125+0000] {spark_submit.py:644} INFO - at org.apache.spark.sql.execution.SQLExecution$.$anonfun$withNewExecutionId$6(SQLExecution.scala:109)
[2025-05-02T21:00:26.125+0000] {spark_submit.py:644} INFO - at org.apache.spark.sql.execution.SQLExecution$.withSQLConfPropagated(SQLExecution.scala:169)
[2025-05-02T21:00:26.125+0000] {spark_submit.py:644} INFO - at org.apache.spark.sql.execution.SQLExecution$.$anonfun$withNewExecutionId$1(SQLExecution.scala:95)
[2025-05-02T21:00:26.125+0000] {spark_submit.py:644} INFO - at org.apache.spark.sql.SparkSession.withActive(SparkSession.scala:779)
[2025-05-02T21:00:26.125+0000] {spark_submit.py:644} INFO - at org.apache.spark.sql.execution.SQLExecution$.withNewExecutionId(SQLExecution.scala:64)
[2025-05-02T21:00:26.125+0000] {spark_submit.py:644} INFO - at org.apache.spark.sql.execution.QueryExecution$$anonfun$eagerlyExecuteCommands$1.applyOrElse(QueryExecution.scala:98)
[2025-05-02T21:00:26.125+0000] {spark_submit.py:644} INFO - at org.apache.spark.sql.execution.QueryExecution$$anonfun$eagerlyExecuteCommands$1.applyOrElse(QueryExecution.scala:94)
[2025-05-02T21:00:26.125+0000] {spark_submit.py:644} INFO - at org.apache.spark.sql.catalyst.trees.TreeNode.$anonfun$transformDownWithPruning$1(TreeNode.scala:584)
[2025-05-02T21:00:26.125+0000] {spark_submit.py:644} INFO - at org.apache.spark.sql.catalyst.trees.CurrentOrigin$.withOrigin(TreeNode.scala:176)
[2025-05-02T21:00:26.125+0000] {spark_submit.py:644} INFO - at org.apache.spark.sql.catalyst.trees.TreeNode.transformDownWithPruning(TreeNode.scala:584)
[2025-05-02T21:00:26.125+0000] {spark_submit.py:644} INFO - at org.apache.spark.sql.catalyst.plans.logical.LogicalPlan.org$apache$spark$sql$catalyst$plans$logical$AnalysisHelper$$super$transformDownWithPruning(LogicalPlan.scala:30)
[2025-05-02T21:00:26.126+0000] {spark_submit.py:644} INFO - at org.apache.spark.sql.catalyst.plans.logical.AnalysisHelper.transformDownWithPruning(AnalysisHelper.scala:267)
[2025-05-02T21:00:26.126+0000] {spark_submit.py:644} INFO - at org.apache.spark.sql.catalyst.plans.logical.AnalysisHelper.transformDownWithPruning$(AnalysisHelper.scala:263)
[2025-05-02T21:00:26.126+0000] {spark_submit.py:644} INFO - at org.apache.spark.sql.catalyst.plans.logical.LogicalPlan.transformDownWithPruning(LogicalPlan.scala:30)
[2025-05-02T21:00:26.126+0000] {spark_submit.py:644} INFO - at org.apache.spark.sql.catalyst.plans.logical.LogicalPlan.transformDownWithPruning(LogicalPlan.scala:30)
[2025-05-02T21:00:26.126+0000] {spark_submit.py:644} INFO - at org.apache.spark.sql.catalyst.trees.TreeNode.transformDown(TreeNode.scala:560)
[2025-05-02T21:00:26.126+0000] {spark_submit.py:644} INFO - at org.apache.spark.sql.execution.QueryExecution.eagerlyExecuteCommands(QueryExecution.scala:94)
[2025-05-02T21:00:26.126+0000] {spark_submit.py:644} INFO - at org.apache.spark.sql.execution.QueryExecution.commandExecuted$lzycompute(QueryExecution.scala:81)
[2025-05-02T21:00:26.126+0000] {spark_submit.py:644} INFO - at org.apache.spark.sql.execution.QueryExecution.commandExecuted(QueryExecution.scala:79)
[2025-05-02T21:00:26.126+0000] {spark_submit.py:644} INFO - at org.apache.spark.sql.execution.QueryExecution.assertCommandExecuted(QueryExecution.scala:116)
[2025-05-02T21:00:26.126+0000] {spark_submit.py:644} INFO - at org.apache.spark.sql.DataFrameWriter.runCommand(DataFrameWriter.scala:860)
[2025-05-02T21:00:26.126+0000] {spark_submit.py:644} INFO - at org.apache.spark.sql.DataFrameWriter.saveToV1Source(DataFrameWriter.scala:390)
[2025-05-02T21:00:26.126+0000] {spark_submit.py:644} INFO - at org.apache.spark.sql.DataFrameWriter.saveInternal(DataFrameWriter.scala:363)
[2025-05-02T21:00:26.126+0000] {spark_submit.py:644} INFO - at org.apache.spark.sql.DataFrameWriter.save(DataFrameWriter.scala:239)
[2025-05-02T21:00:26.127+0000] {spark_submit.py:644} INFO - at org.apache.spark.sql.DataFrameWriter.parquet(DataFrameWriter.scala:793)
[2025-05-02T21:00:26.127+0000] {spark_submit.py:644} INFO - at java.base/jdk.internal.reflect.NativeMethodAccessorImpl.invoke0(Native Method)
[2025-05-02T21:00:26.127+0000] {spark_submit.py:644} INFO - at java.base/jdk.internal.reflect.NativeMethodAccessorImpl.invoke(NativeMethodAccessorImpl.java:77)
[2025-05-02T21:00:26.127+0000] {spark_submit.py:644} INFO - at java.base/jdk.internal.reflect.DelegatingMethodAccessorImpl.invoke(DelegatingMethodAccessorImpl.java:43)
[2025-05-02T21:00:26.127+0000] {spark_submit.py:644} INFO - at java.base/java.lang.reflect.Method.invoke(Method.java:569)
[2025-05-02T21:00:26.127+0000] {spark_submit.py:644} INFO - at py4j.reflection.MethodInvoker.invoke(MethodInvoker.java:244)
[2025-05-02T21:00:26.127+0000] {spark_submit.py:644} INFO - at py4j.reflection.ReflectionEngine.invoke(ReflectionEngine.java:357)
[2025-05-02T21:00:26.127+0000] {spark_submit.py:644} INFO - at py4j.Gateway.invoke(Gateway.java:282)
[2025-05-02T21:00:26.127+0000] {spark_submit.py:644} INFO - at py4j.commands.AbstractCommand.invokeMethod(AbstractCommand.java:132)
[2025-05-02T21:00:26.127+0000] {spark_submit.py:644} INFO - at py4j.commands.CallCommand.execute(CallCommand.java:79)
[2025-05-02T21:00:26.127+0000] {spark_submit.py:644} INFO - at py4j.ClientServerConnection.waitForCommands(ClientServerConnection.java:182)
[2025-05-02T21:00:26.127+0000] {spark_submit.py:644} INFO - at py4j.ClientServerConnection.run(ClientServerConnection.java:106)
[2025-05-02T21:00:26.127+0000] {spark_submit.py:644} INFO - at java.base/java.lang.Thread.run(Thread.java:840)
[2025-05-02T21:00:26.128+0000] {spark_submit.py:644} INFO - Caused by: java.io.IOException: Failed to rename DeprecatedRawLocalFileStatus{path=file:/tmp/spark_data/bronze/athlete_bio/_temporary/0/task_202505022100235520914362101220470_0001_m_000001/part-00001-fd66ee2c-058c-4763-a39a-839e8239c567-c000.snappy.parquet; isDirectory=false; length=12669132; replication=1; blocksize=33554432; modification_time=1746219626014; access_time=1746219624502; owner=; group=; permission=rw-rw-rw-; isSymlink=false; hasAcl=false; isEncrypted=false; isErasureCoded=false} to file:/tmp/spark_data/bronze/athlete_bio/part-00001-fd66ee2c-058c-4763-a39a-839e8239c567-c000.snappy.parquet
[2025-05-02T21:00:26.128+0000] {spark_submit.py:644} INFO - at org.apache.hadoop.mapreduce.lib.output.FileOutputCommitter.mergePaths(FileOutputCommitter.java:477)
[2025-05-02T21:00:26.128+0000] {spark_submit.py:644} INFO - at org.apache.hadoop.mapreduce.lib.output.FileOutputCommitter.mergePaths(FileOutputCommitter.java:490)
[2025-05-02T21:00:26.128+0000] {spark_submit.py:644} INFO - at org.apache.hadoop.mapreduce.lib.output.FileOutputCommitter.commitJobInternal(FileOutputCommitter.java:405)
[2025-05-02T21:00:26.128+0000] {spark_submit.py:644} INFO - at org.apache.hadoop.mapreduce.lib.output.FileOutputCommitter.commitJob(FileOutputCommitter.java:377)
[2025-05-02T21:00:26.128+0000] {spark_submit.py:644} INFO - at org.apache.parquet.hadoop.ParquetOutputCommitter.commitJob(ParquetOutputCommitter.java:48)
[2025-05-02T21:00:26.128+0000] {spark_submit.py:644} INFO - at org.apache.spark.internal.io.HadoopMapReduceCommitProtocol.commitJob(HadoopMapReduceCommitProtocol.scala:192)
[2025-05-02T21:00:26.128+0000] {spark_submit.py:644} INFO - at org.apache.spark.sql.execution.datasources.FileFormatWriter$.$anonfun$write$25(FileFormatWriter.scala:267)
[2025-05-02T21:00:26.128+0000] {spark_submit.py:644} INFO - at scala.runtime.java8.JFunction0$mcV$sp.apply(JFunction0$mcV$sp.java:23)
[2025-05-02T21:00:26.128+0000] {spark_submit.py:644} INFO - at org.apache.spark.util.Utils$.timeTakenMs(Utils.scala:642)
[2025-05-02T21:00:26.128+0000] {spark_submit.py:644} INFO - at org.apache.spark.sql.execution.datasources.FileFormatWriter$.write(FileFormatWriter.scala:267)
[2025-05-02T21:00:26.129+0000] {spark_submit.py:644} INFO - ... 42 more
[2025-05-02T21:00:26.129+0000] {spark_submit.py:644} INFO - 
[2025-05-02T21:00:26.168+0000] {spark_submit.py:644} INFO - 25/05/02 21:00:26 INFO SparkContext: Invoking stop() from shutdown hook
[2025-05-02T21:00:26.177+0000] {spark_submit.py:644} INFO - 25/05/02 21:00:26 INFO SparkUI: Stopped Spark web UI at http://6ca5a7f6558e:4040
[2025-05-02T21:00:26.179+0000] {spark_submit.py:644} INFO - 25/05/02 21:00:26 INFO StandaloneSchedulerBackend: Shutting down all executors
[2025-05-02T21:00:26.180+0000] {spark_submit.py:644} INFO - 25/05/02 21:00:26 INFO CoarseGrainedSchedulerBackend$DriverEndpoint: Asking each executor to shut down
[2025-05-02T21:00:26.196+0000] {spark_submit.py:644} INFO - 25/05/02 21:00:26 INFO MapOutputTrackerMasterEndpoint: MapOutputTrackerMasterEndpoint stopped!
[2025-05-02T21:00:26.212+0000] {spark_submit.py:644} INFO - 25/05/02 21:00:26 INFO MemoryStore: MemoryStore cleared
[2025-05-02T21:00:26.213+0000] {spark_submit.py:644} INFO - 25/05/02 21:00:26 INFO BlockManager: BlockManager stopped
[2025-05-02T21:00:26.216+0000] {spark_submit.py:644} INFO - 25/05/02 21:00:26 INFO BlockManagerMaster: BlockManagerMaster stopped
[2025-05-02T21:00:26.218+0000] {spark_submit.py:644} INFO - 25/05/02 21:00:26 INFO OutputCommitCoordinator$OutputCommitCoordinatorEndpoint: OutputCommitCoordinator stopped!
[2025-05-02T21:00:26.233+0000] {spark_submit.py:644} INFO - 25/05/02 21:00:26 INFO SparkContext: Successfully stopped SparkContext
[2025-05-02T21:00:26.233+0000] {spark_submit.py:644} INFO - 25/05/02 21:00:26 INFO ShutdownHookManager: Shutdown hook called
[2025-05-02T21:00:26.233+0000] {spark_submit.py:644} INFO - 25/05/02 21:00:26 INFO ShutdownHookManager: Deleting directory /tmp/spark-5685fd84-e2f8-45d4-a852-8f6151ed6d4f
[2025-05-02T21:00:26.237+0000] {spark_submit.py:644} INFO - 25/05/02 21:00:26 INFO ShutdownHookManager: Deleting directory /tmp/spark-f8fcbd26-00d7-467e-9fec-8d1134c3227d/pyspark-47fa341b-d089-4f9d-90d0-1d0ebddbe03a
[2025-05-02T21:00:26.241+0000] {spark_submit.py:644} INFO - 25/05/02 21:00:26 INFO ShutdownHookManager: Deleting directory /tmp/spark-f8fcbd26-00d7-467e-9fec-8d1134c3227d
[2025-05-02T21:00:26.276+0000] {taskinstance.py:441} INFO - ::group::Post task execution logs
[2025-05-02T21:00:26.313+0000] {taskinstance.py:2905} ERROR - Task failed with exception
Traceback (most recent call last):
  File "/home/airflow/.local/lib/python3.10/site-packages/airflow/models/taskinstance.py", line 465, in _execute_task
    result = _execute_callable(context=context, **execute_callable_kwargs)
  File "/home/airflow/.local/lib/python3.10/site-packages/airflow/models/taskinstance.py", line 432, in _execute_callable
    return execute_callable(context=context, **execute_callable_kwargs)
  File "/home/airflow/.local/lib/python3.10/site-packages/airflow/models/baseoperator.py", line 400, in wrapper
    return func(self, *args, **kwargs)
  File "/home/airflow/.local/lib/python3.10/site-packages/airflow/providers/apache/spark/operators/spark_submit.py", line 197, in execute
    self._hook.submit(self.application)
  File "/home/airflow/.local/lib/python3.10/site-packages/airflow/providers/apache/spark/hooks/spark_submit.py", line 566, in submit
    raise AirflowException(
airflow.exceptions.AirflowException: Cannot execute: spark-submit --master spark://spark-master:7077 --conf spark.master=spark://spark-master:7077 --name LandingToBronze --verbose --queue root.default --deploy-mode client /opt/airflow/dags/landing_to_bronze.py. Error code is: 1.
[2025-05-02T21:00:26.317+0000] {taskinstance.py:1206} INFO - Marking task as FAILED. dag_id=final_project_BBDL, task_id=LandingToBronze, run_id=manual__2025-05-02T21:00:10.830760+00:00, execution_date=20250502T210010, start_date=20250502T210011, end_date=20250502T210026
[2025-05-02T21:00:26.359+0000] {standard_task_runner.py:110} ERROR - Failed to execute job 29 for task LandingToBronze (Cannot execute: spark-submit --master spark://spark-master:7077 --conf spark.master=spark://spark-master:7077 --name LandingToBronze --verbose --queue root.default --deploy-mode client /opt/airflow/dags/landing_to_bronze.py. Error code is: 1.; 2412)
[2025-05-02T21:00:26.370+0000] {local_task_job_runner.py:240} INFO - Task exited with return code 1
[2025-05-02T21:00:26.418+0000] {taskinstance.py:3498} INFO - 0 downstream tasks scheduled from follow-on schedule check
[2025-05-02T21:00:26.445+0000] {local_task_job_runner.py:222} INFO - ::endgroup::
