[2025-05-03T17:31:01.119+0000] {local_task_job_runner.py:120} INFO - ::group::Pre task execution logs
[2025-05-03T17:31:01.175+0000] {taskinstance.py:2076} INFO - Dependencies all met for dep_context=non-requeueable deps ti=<TaskInstance: final_project_BBDL.LandingToBronze manual__2025-05-03T17:30:59.857101+00:00 [queued]>
[2025-05-03T17:31:01.184+0000] {taskinstance.py:2076} INFO - Dependencies all met for dep_context=requeueable deps ti=<TaskInstance: final_project_BBDL.LandingToBronze manual__2025-05-03T17:30:59.857101+00:00 [queued]>
[2025-05-03T17:31:01.185+0000] {taskinstance.py:2306} INFO - Starting attempt 1 of 1
[2025-05-03T17:31:01.233+0000] {taskinstance.py:2330} INFO - Executing <Task(SparkSubmitOperator): LandingToBronze> on 2025-05-03 17:30:59.857101+00:00
[2025-05-03T17:31:01.238+0000] {standard_task_runner.py:63} INFO - Started process 245 to run task
[2025-05-03T17:31:01.244+0000] {standard_task_runner.py:90} INFO - Running: ['airflow', 'tasks', 'run', 'final_project_BBDL', 'LandingToBronze', 'manual__2025-05-03T17:30:59.857101+00:00', '--job-id', '60', '--raw', '--subdir', 'DAGS_FOLDER/project_solution.py', '--cfg-path', '/tmp/tmpa0b71aum']
[2025-05-03T17:31:01.247+0000] {standard_task_runner.py:91} INFO - Job 60: Subtask LandingToBronze
[2025-05-03T17:31:01.335+0000] {logging_mixin.py:188} WARNING - /home/airflow/.local/lib/python3.10/site-packages/airflow/settings.py:195 DeprecationWarning: The sql_alchemy_conn option in [core] has been moved to the sql_alchemy_conn option in [database] - the old setting has been used, but please update your config.
[2025-05-03T17:31:01.426+0000] {task_command.py:426} INFO - Running <TaskInstance: final_project_BBDL.LandingToBronze manual__2025-05-03T17:30:59.857101+00:00 [running]> on host 90ff5d651ba2
[2025-05-03T17:31:01.759+0000] {taskinstance.py:2648} INFO - Exporting env vars: AIRFLOW_CTX_DAG_OWNER='airflow' AIRFLOW_CTX_DAG_ID='final_project_BBDL' AIRFLOW_CTX_TASK_ID='LandingToBronze' AIRFLOW_CTX_EXECUTION_DATE='2025-05-03T17:30:59.857101+00:00' AIRFLOW_CTX_TRY_NUMBER='1' AIRFLOW_CTX_DAG_RUN_ID='manual__2025-05-03T17:30:59.857101+00:00'
[2025-05-03T17:31:01.760+0000] {taskinstance.py:430} INFO - ::endgroup::
[2025-05-03T17:31:01.818+0000] {base.py:84} INFO - Using connection ID 'spark_default' for task execution.
[2025-05-03T17:31:01.819+0000] {spark_submit.py:328} ERROR - Failed to decode base64 keytab: Invalid base64-encoded string: number of data characters (5) cannot be 1 more than a multiple of 4
[2025-05-03T17:31:01.819+0000] {spark_submit.py:305} INFO - Could not load connection string spark_default, defaulting to spark://spark-master:7077
[2025-05-03T17:31:01.820+0000] {spark_submit.py:474} INFO - Spark-Submit cmd: spark-submit --master spark://spark-master:7077 --conf spark.master=spark://spark-master:7077 --name LandingToBronze --verbose --queue root.default --deploy-mode client /opt/airflow/dags/landing_to_bronze.py
[2025-05-03T17:31:01.829+0000] {spark_submit.py:644} INFO - /home/airflow/.local/bin/find-spark-home: line 40: /usr/bin/python3.10: No such file or directory
[2025-05-03T17:31:01.830+0000] {spark_submit.py:644} INFO - /home/airflow/.local/bin/spark-submit: line 27: /bin/spark-class: No such file or directory
[2025-05-03T17:31:01.830+0000] {taskinstance.py:441} INFO - ::group::Post task execution logs
[2025-05-03T17:31:01.864+0000] {taskinstance.py:2905} ERROR - Task failed with exception
Traceback (most recent call last):
  File "/home/airflow/.local/lib/python3.10/site-packages/airflow/models/taskinstance.py", line 465, in _execute_task
    result = _execute_callable(context=context, **execute_callable_kwargs)
  File "/home/airflow/.local/lib/python3.10/site-packages/airflow/models/taskinstance.py", line 432, in _execute_callable
    return execute_callable(context=context, **execute_callable_kwargs)
  File "/home/airflow/.local/lib/python3.10/site-packages/airflow/models/baseoperator.py", line 400, in wrapper
    return func(self, *args, **kwargs)
  File "/home/airflow/.local/lib/python3.10/site-packages/airflow/providers/apache/spark/operators/spark_submit.py", line 197, in execute
    self._hook.submit(self.application)
  File "/home/airflow/.local/lib/python3.10/site-packages/airflow/providers/apache/spark/hooks/spark_submit.py", line 566, in submit
    raise AirflowException(
airflow.exceptions.AirflowException: Cannot execute: spark-submit --master spark://spark-master:7077 --conf spark.master=spark://spark-master:7077 --name LandingToBronze --verbose --queue root.default --deploy-mode client /opt/airflow/dags/landing_to_bronze.py. Error code is: 127.
[2025-05-03T17:31:01.868+0000] {taskinstance.py:1206} INFO - Marking task as FAILED. dag_id=final_project_BBDL, task_id=LandingToBronze, run_id=manual__2025-05-03T17:30:59.857101+00:00, execution_date=20250503T173059, start_date=20250503T173101, end_date=20250503T173101
[2025-05-03T17:31:01.955+0000] {standard_task_runner.py:110} ERROR - Failed to execute job 60 for task LandingToBronze (Cannot execute: spark-submit --master spark://spark-master:7077 --conf spark.master=spark://spark-master:7077 --name LandingToBronze --verbose --queue root.default --deploy-mode client /opt/airflow/dags/landing_to_bronze.py. Error code is: 127.; 245)
[2025-05-03T17:31:01.985+0000] {local_task_job_runner.py:240} INFO - Task exited with return code 1
[2025-05-03T17:31:02.038+0000] {taskinstance.py:3498} INFO - 0 downstream tasks scheduled from follow-on schedule check
[2025-05-03T17:31:02.074+0000] {local_task_job_runner.py:222} INFO - ::endgroup::
