[2025-05-06T06:55:43.528+0000] {taskinstance.py:1103} INFO - Dependencies all met for dep_context=non-requeueable deps ti=<TaskInstance: final_project_BBDL.BronzeToSilver manual__2025-05-06T06:54:59.491808+00:00 [queued]>
[2025-05-06T06:55:43.538+0000] {taskinstance.py:1103} INFO - Dependencies all met for dep_context=requeueable deps ti=<TaskInstance: final_project_BBDL.BronzeToSilver manual__2025-05-06T06:54:59.491808+00:00 [queued]>
[2025-05-06T06:55:43.538+0000] {taskinstance.py:1308} INFO - Starting attempt 1 of 1
[2025-05-06T06:55:43.592+0000] {taskinstance.py:1327} INFO - Executing <Task(SparkSubmitOperator): BronzeToSilver> on 2025-05-06 06:54:59.491808+00:00
[2025-05-06T06:55:43.596+0000] {standard_task_runner.py:57} INFO - Started process 11410 to run task
[2025-05-06T06:55:43.598+0000] {standard_task_runner.py:84} INFO - Running: ['airflow', 'tasks', 'run', 'final_project_BBDL', 'BronzeToSilver', 'manual__2025-05-06T06:54:59.491808+00:00', '--job-id', '34', '--raw', '--subdir', 'DAGS_FOLDER/project_solution.py', '--cfg-path', '/tmp/tmp6euxbbyw']
[2025-05-06T06:55:43.600+0000] {standard_task_runner.py:85} INFO - Job 34: Subtask BronzeToSilver
[2025-05-06T06:55:43.654+0000] {logging_mixin.py:150} WARNING - /home/airflow/.local/lib/python3.7/site-packages/airflow/settings.py:195 DeprecationWarning: The sql_alchemy_conn option in [core] has been moved to the sql_alchemy_conn option in [database] - the old setting has been used, but please update your config.
[2025-05-06T06:55:43.688+0000] {task_command.py:410} INFO - Running <TaskInstance: final_project_BBDL.BronzeToSilver manual__2025-05-06T06:54:59.491808+00:00 [running]> on host b431f09a1fa6
[2025-05-06T06:55:43.856+0000] {taskinstance.py:1547} INFO - Exporting env vars: AIRFLOW_CTX_DAG_OWNER='airflow' AIRFLOW_CTX_DAG_ID='final_project_BBDL' AIRFLOW_CTX_TASK_ID='BronzeToSilver' AIRFLOW_CTX_EXECUTION_DATE='2025-05-06T06:54:59.491808+00:00' AIRFLOW_CTX_TRY_NUMBER='1' AIRFLOW_CTX_DAG_RUN_ID='manual__2025-05-06T06:54:59.491808+00:00'
[2025-05-06T06:55:43.867+0000] {base.py:73} INFO - Using connection ID 'spark_default' for task execution.
[2025-05-06T06:55:43.870+0000] {spark_submit.py:339} INFO - Spark-Submit cmd: spark-submit --master spark://spark-master:7077 --conf spark.master=spark://spark-master:7077 --conf spark.submit.deployMode=client --conf spark.pyspark.python=/usr/bin/python3 --conf spark.executorEnv.PYSPARK_PYTHON=/usr/bin/python3 --name BronzeToSilver --verbose --queue root.default /opt/airflow/dags/bronze_to_silver.py
[2025-05-06T06:55:45.394+0000] {spark_submit.py:490} INFO - Using properties file: null
[2025-05-06T06:55:45.498+0000] {spark_submit.py:490} INFO - Parsed arguments:
[2025-05-06T06:55:45.498+0000] {spark_submit.py:490} INFO - master                  spark://spark-master:7077
[2025-05-06T06:55:45.498+0000] {spark_submit.py:490} INFO - deployMode              client
[2025-05-06T06:55:45.498+0000] {spark_submit.py:490} INFO - executorMemory          null
[2025-05-06T06:55:45.499+0000] {spark_submit.py:490} INFO - executorCores           null
[2025-05-06T06:55:45.499+0000] {spark_submit.py:490} INFO - totalExecutorCores      null
[2025-05-06T06:55:45.499+0000] {spark_submit.py:490} INFO - propertiesFile          null
[2025-05-06T06:55:45.499+0000] {spark_submit.py:490} INFO - driverMemory            null
[2025-05-06T06:55:45.499+0000] {spark_submit.py:490} INFO - driverCores             null
[2025-05-06T06:55:45.499+0000] {spark_submit.py:490} INFO - driverExtraClassPath    null
[2025-05-06T06:55:45.499+0000] {spark_submit.py:490} INFO - driverExtraLibraryPath  null
[2025-05-06T06:55:45.499+0000] {spark_submit.py:490} INFO - driverExtraJavaOptions  null
[2025-05-06T06:55:45.499+0000] {spark_submit.py:490} INFO - supervise               false
[2025-05-06T06:55:45.499+0000] {spark_submit.py:490} INFO - queue                   root.default
[2025-05-06T06:55:45.499+0000] {spark_submit.py:490} INFO - numExecutors            null
[2025-05-06T06:55:45.499+0000] {spark_submit.py:490} INFO - files                   null
[2025-05-06T06:55:45.499+0000] {spark_submit.py:490} INFO - pyFiles                 null
[2025-05-06T06:55:45.499+0000] {spark_submit.py:490} INFO - archives                null
[2025-05-06T06:55:45.499+0000] {spark_submit.py:490} INFO - mainClass               null
[2025-05-06T06:55:45.499+0000] {spark_submit.py:490} INFO - primaryResource         file:/opt/airflow/dags/bronze_to_silver.py
[2025-05-06T06:55:45.500+0000] {spark_submit.py:490} INFO - name                    BronzeToSilver
[2025-05-06T06:55:45.500+0000] {spark_submit.py:490} INFO - childArgs               []
[2025-05-06T06:55:45.500+0000] {spark_submit.py:490} INFO - jars                    null
[2025-05-06T06:55:45.500+0000] {spark_submit.py:490} INFO - packages                null
[2025-05-06T06:55:45.500+0000] {spark_submit.py:490} INFO - packagesExclusions      null
[2025-05-06T06:55:45.500+0000] {spark_submit.py:490} INFO - repositories            null
[2025-05-06T06:55:45.500+0000] {spark_submit.py:490} INFO - verbose                 true
[2025-05-06T06:55:45.500+0000] {spark_submit.py:490} INFO - 
[2025-05-06T06:55:45.500+0000] {spark_submit.py:490} INFO - Spark properties used, including those specified through
[2025-05-06T06:55:45.500+0000] {spark_submit.py:490} INFO - --conf and those from the properties file null:
[2025-05-06T06:55:45.500+0000] {spark_submit.py:490} INFO - (spark.executorEnv.PYSPARK_PYTHON,/usr/bin/python3)
[2025-05-06T06:55:45.500+0000] {spark_submit.py:490} INFO - (spark.master,spark://spark-master:7077)
[2025-05-06T06:55:45.500+0000] {spark_submit.py:490} INFO - (spark.pyspark.python,/usr/bin/python3)
[2025-05-06T06:55:45.500+0000] {spark_submit.py:490} INFO - (spark.submit.deployMode,client)
[2025-05-06T06:55:45.500+0000] {spark_submit.py:490} INFO - 
[2025-05-06T06:55:45.500+0000] {spark_submit.py:490} INFO - 
[2025-05-06T06:55:45.747+0000] {spark_submit.py:490} INFO - Main class:
[2025-05-06T06:55:45.747+0000] {spark_submit.py:490} INFO - org.apache.spark.deploy.PythonRunner
[2025-05-06T06:55:45.747+0000] {spark_submit.py:490} INFO - Arguments:
[2025-05-06T06:55:45.747+0000] {spark_submit.py:490} INFO - file:/opt/airflow/dags/bronze_to_silver.py
[2025-05-06T06:55:45.747+0000] {spark_submit.py:490} INFO - null
[2025-05-06T06:55:45.749+0000] {spark_submit.py:490} INFO - Spark config:
[2025-05-06T06:55:45.749+0000] {spark_submit.py:490} INFO - (spark.app.name,BronzeToSilver)
[2025-05-06T06:55:45.749+0000] {spark_submit.py:490} INFO - (spark.app.submitTime,1746514545733)
[2025-05-06T06:55:45.749+0000] {spark_submit.py:490} INFO - (spark.executorEnv.PYSPARK_PYTHON,/usr/bin/python3)
[2025-05-06T06:55:45.750+0000] {spark_submit.py:490} INFO - (spark.master,spark://spark-master:7077)
[2025-05-06T06:55:45.750+0000] {spark_submit.py:490} INFO - (spark.pyspark.python,/usr/bin/python3)
[2025-05-06T06:55:45.750+0000] {spark_submit.py:490} INFO - (spark.submit.deployMode,client)
[2025-05-06T06:55:45.750+0000] {spark_submit.py:490} INFO - (spark.submit.pyFiles,)
[2025-05-06T06:55:45.750+0000] {spark_submit.py:490} INFO - Classpath elements:
[2025-05-06T06:55:45.750+0000] {spark_submit.py:490} INFO - 
[2025-05-06T06:55:45.750+0000] {spark_submit.py:490} INFO - 
[2025-05-06T06:55:45.750+0000] {spark_submit.py:490} INFO - 
[2025-05-06T06:55:47.134+0000] {spark_submit.py:490} INFO - 25/05/06 06:55:47 INFO SparkContext: Running Spark version 3.3.0
[2025-05-06T06:55:47.195+0000] {spark_submit.py:490} INFO - 25/05/06 06:55:47 WARN NativeCodeLoader: Unable to load native-hadoop library for your platform... using builtin-java classes where applicable
[2025-05-06T06:55:47.282+0000] {spark_submit.py:490} INFO - 25/05/06 06:55:47 INFO ResourceUtils: ==============================================================
[2025-05-06T06:55:47.282+0000] {spark_submit.py:490} INFO - 25/05/06 06:55:47 INFO ResourceUtils: No custom resources configured for spark.driver.
[2025-05-06T06:55:47.282+0000] {spark_submit.py:490} INFO - 25/05/06 06:55:47 INFO ResourceUtils: ==============================================================
[2025-05-06T06:55:47.283+0000] {spark_submit.py:490} INFO - 25/05/06 06:55:47 INFO SparkContext: Submitted application: Bronze to Silver ETL
[2025-05-06T06:55:47.302+0000] {spark_submit.py:490} INFO - 25/05/06 06:55:47 INFO ResourceProfile: Default ResourceProfile created, executor resources: Map(cores -> name: cores, amount: 1, script: , vendor: , memory -> name: memory, amount: 1024, script: , vendor: , offHeap -> name: offHeap, amount: 0, script: , vendor: ), task resources: Map(cpus -> name: cpus, amount: 1.0)
[2025-05-06T06:55:47.318+0000] {spark_submit.py:490} INFO - 25/05/06 06:55:47 INFO ResourceProfile: Limiting resource is cpu
[2025-05-06T06:55:47.320+0000] {spark_submit.py:490} INFO - 25/05/06 06:55:47 INFO ResourceProfileManager: Added ResourceProfile id: 0
[2025-05-06T06:55:47.406+0000] {spark_submit.py:490} INFO - 25/05/06 06:55:47 INFO SecurityManager: Changing view acls to: root
[2025-05-06T06:55:47.407+0000] {spark_submit.py:490} INFO - 25/05/06 06:55:47 INFO SecurityManager: Changing modify acls to: root
[2025-05-06T06:55:47.407+0000] {spark_submit.py:490} INFO - 25/05/06 06:55:47 INFO SecurityManager: Changing view acls groups to:
[2025-05-06T06:55:47.408+0000] {spark_submit.py:490} INFO - 25/05/06 06:55:47 INFO SecurityManager: Changing modify acls groups to:
[2025-05-06T06:55:47.408+0000] {spark_submit.py:490} INFO - 25/05/06 06:55:47 INFO SecurityManager: SecurityManager: authentication disabled; ui acls disabled; users  with view permissions: Set(root); groups with view permissions: Set(); users  with modify permissions: Set(root); groups with modify permissions: Set()
[2025-05-06T06:55:48.103+0000] {spark_submit.py:490} INFO - 25/05/06 06:55:48 INFO Utils: Successfully started service 'sparkDriver' on port 39359.
[2025-05-06T06:55:48.201+0000] {spark_submit.py:490} INFO - 25/05/06 06:55:48 INFO SparkEnv: Registering MapOutputTracker
[2025-05-06T06:55:48.313+0000] {spark_submit.py:490} INFO - 25/05/06 06:55:48 INFO SparkEnv: Registering BlockManagerMaster
[2025-05-06T06:55:48.454+0000] {spark_submit.py:490} INFO - 25/05/06 06:55:48 INFO BlockManagerMasterEndpoint: Using org.apache.spark.storage.DefaultTopologyMapper for getting topology information
[2025-05-06T06:55:48.454+0000] {spark_submit.py:490} INFO - 25/05/06 06:55:48 INFO BlockManagerMasterEndpoint: BlockManagerMasterEndpoint up
[2025-05-06T06:55:48.469+0000] {spark_submit.py:490} INFO - 25/05/06 06:55:48 INFO SparkEnv: Registering BlockManagerMasterHeartbeat
[2025-05-06T06:55:48.544+0000] {spark_submit.py:490} INFO - 25/05/06 06:55:48 INFO DiskBlockManager: Created local directory at /tmp/blockmgr-6f923528-21f8-4210-a488-51e1457606d0
[2025-05-06T06:55:48.602+0000] {spark_submit.py:490} INFO - 25/05/06 06:55:48 INFO MemoryStore: MemoryStore started with capacity 434.4 MiB
[2025-05-06T06:55:48.666+0000] {spark_submit.py:490} INFO - 25/05/06 06:55:48 INFO SparkEnv: Registering OutputCommitCoordinator
[2025-05-06T06:55:49.199+0000] {spark_submit.py:490} INFO - 25/05/06 06:55:49 INFO Utils: Successfully started service 'SparkUI' on port 4040.
[2025-05-06T06:55:49.485+0000] {spark_submit.py:490} INFO - 25/05/06 06:55:49 INFO StandaloneAppClient$ClientEndpoint: Connecting to master spark://spark-master:7077...
[2025-05-06T06:55:49.604+0000] {spark_submit.py:490} INFO - 25/05/06 06:55:49 INFO TransportClientFactory: Successfully created connection to spark-master/172.18.0.3:7077 after 78 ms (0 ms spent in bootstraps)
[2025-05-06T06:55:49.848+0000] {spark_submit.py:490} INFO - 25/05/06 06:55:49 INFO StandaloneSchedulerBackend: Connected to Spark cluster with app ID app-20250506065549-0030
[2025-05-06T06:55:49.850+0000] {spark_submit.py:490} INFO - 25/05/06 06:55:49 INFO StandaloneAppClient$ClientEndpoint: Executor added: app-20250506065549-0030/0 on worker-20250505201940-172.18.0.6-38439 (172.18.0.6:38439) with 2 core(s)
[2025-05-06T06:55:49.853+0000] {spark_submit.py:490} INFO - 25/05/06 06:55:49 INFO StandaloneSchedulerBackend: Granted executor ID app-20250506065549-0030/0 on hostPort 172.18.0.6:38439 with 2 core(s), 1024.0 MiB RAM
[2025-05-06T06:55:49.868+0000] {spark_submit.py:490} INFO - 25/05/06 06:55:49 INFO Utils: Successfully started service 'org.apache.spark.network.netty.NettyBlockTransferService' on port 41413.
[2025-05-06T06:55:49.868+0000] {spark_submit.py:490} INFO - 25/05/06 06:55:49 INFO NettyBlockTransferService: Server created on b431f09a1fa6:41413
[2025-05-06T06:55:49.870+0000] {spark_submit.py:490} INFO - 25/05/06 06:55:49 INFO BlockManager: Using org.apache.spark.storage.RandomBlockReplicationPolicy for block replication policy
[2025-05-06T06:55:49.900+0000] {spark_submit.py:490} INFO - 25/05/06 06:55:49 INFO BlockManagerMaster: Registering BlockManager BlockManagerId(driver, b431f09a1fa6, 41413, None)
[2025-05-06T06:55:49.917+0000] {spark_submit.py:490} INFO - 25/05/06 06:55:49 INFO BlockManagerMasterEndpoint: Registering block manager b431f09a1fa6:41413 with 434.4 MiB RAM, BlockManagerId(driver, b431f09a1fa6, 41413, None)
[2025-05-06T06:55:49.932+0000] {spark_submit.py:490} INFO - 25/05/06 06:55:49 INFO BlockManagerMaster: Registered BlockManager BlockManagerId(driver, b431f09a1fa6, 41413, None)
[2025-05-06T06:55:49.933+0000] {spark_submit.py:490} INFO - 25/05/06 06:55:49 INFO BlockManager: Initialized BlockManager: BlockManagerId(driver, b431f09a1fa6, 41413, None)
[2025-05-06T06:55:49.968+0000] {spark_submit.py:490} INFO - 25/05/06 06:55:49 INFO StandaloneAppClient$ClientEndpoint: Executor updated: app-20250506065549-0030/0 is now RUNNING
[2025-05-06T06:55:50.604+0000] {spark_submit.py:490} INFO - 25/05/06 06:55:50 INFO StandaloneSchedulerBackend: SchedulerBackend is ready for scheduling beginning after reached minRegisteredResourcesRatio: 0.0
[2025-05-06T06:55:51.039+0000] {spark_submit.py:490} INFO - 🔍 Читання з: /tmp/spark_data/bronze/athlete_event_results/20250506_*
[2025-05-06T06:55:51.289+0000] {spark_submit.py:490} INFO - 25/05/06 06:55:51 INFO SharedState: Setting hive.metastore.warehouse.dir ('null') to the value of spark.sql.warehouse.dir.
[2025-05-06T06:55:51.320+0000] {spark_submit.py:490} INFO - 25/05/06 06:55:51 INFO SharedState: Warehouse path is 'file:/opt/airflow/spark-warehouse'.
[2025-05-06T06:55:54.729+0000] {spark_submit.py:490} INFO - 25/05/06 06:55:54 INFO InMemoryFileIndex: It took 181 ms to list leaf files for 1 paths.
[2025-05-06T06:55:55.795+0000] {spark_submit.py:490} INFO - 25/05/06 06:55:55 INFO SparkContext: Starting job: load at NativeMethodAccessorImpl.java:0
[2025-05-06T06:55:55.829+0000] {spark_submit.py:490} INFO - 25/05/06 06:55:55 INFO DAGScheduler: Got job 0 (load at NativeMethodAccessorImpl.java:0) with 1 output partitions
[2025-05-06T06:55:55.830+0000] {spark_submit.py:490} INFO - 25/05/06 06:55:55 INFO DAGScheduler: Final stage: ResultStage 0 (load at NativeMethodAccessorImpl.java:0)
[2025-05-06T06:55:55.830+0000] {spark_submit.py:490} INFO - 25/05/06 06:55:55 INFO DAGScheduler: Parents of final stage: List()
[2025-05-06T06:55:55.832+0000] {spark_submit.py:490} INFO - 25/05/06 06:55:55 INFO DAGScheduler: Missing parents: List()
[2025-05-06T06:55:55.839+0000] {spark_submit.py:490} INFO - 25/05/06 06:55:55 INFO DAGScheduler: Submitting ResultStage 0 (MapPartitionsRDD[1] at load at NativeMethodAccessorImpl.java:0), which has no missing parents
[2025-05-06T06:55:55.943+0000] {spark_submit.py:490} INFO - 25/05/06 06:55:55 INFO MemoryStore: Block broadcast_0 stored as values in memory (estimated size 102.8 KiB, free 434.3 MiB)
[2025-05-06T06:55:56.003+0000] {spark_submit.py:490} INFO - 25/05/06 06:55:56 INFO MemoryStore: Block broadcast_0_piece0 stored as bytes in memory (estimated size 36.9 KiB, free 434.3 MiB)
[2025-05-06T06:55:56.012+0000] {spark_submit.py:490} INFO - 25/05/06 06:55:56 INFO BlockManagerInfo: Added broadcast_0_piece0 in memory on b431f09a1fa6:41413 (size: 36.9 KiB, free: 434.4 MiB)
[2025-05-06T06:55:56.017+0000] {spark_submit.py:490} INFO - 25/05/06 06:55:56 INFO SparkContext: Created broadcast 0 from broadcast at DAGScheduler.scala:1513
[2025-05-06T06:55:56.042+0000] {spark_submit.py:490} INFO - 25/05/06 06:55:56 INFO DAGScheduler: Submitting 1 missing tasks from ResultStage 0 (MapPartitionsRDD[1] at load at NativeMethodAccessorImpl.java:0) (first 15 tasks are for partitions Vector(0))
[2025-05-06T06:55:56.044+0000] {spark_submit.py:490} INFO - 25/05/06 06:55:56 INFO TaskSchedulerImpl: Adding task set 0.0 with 1 tasks resource profile 0
[2025-05-06T06:55:58.301+0000] {spark_submit.py:490} INFO - 25/05/06 06:55:58 INFO CoarseGrainedSchedulerBackend$DriverEndpoint: Registered executor NettyRpcEndpointRef(spark-client://Executor) (172.18.0.6:35658) with ID 0,  ResourceProfileId 0
[2025-05-06T06:55:58.560+0000] {spark_submit.py:490} INFO - 25/05/06 06:55:58 INFO BlockManagerMasterEndpoint: Registering block manager 172.18.0.6:41841 with 366.3 MiB RAM, BlockManagerId(0, 172.18.0.6, 41841, None)
[2025-05-06T06:55:58.715+0000] {spark_submit.py:490} INFO - 25/05/06 06:55:58 INFO TaskSetManager: Starting task 0.0 in stage 0.0 (TID 0) (172.18.0.6, executor 0, partition 0, PROCESS_LOCAL, 4685 bytes) taskResourceAssignments Map()
[2025-05-06T06:55:59.472+0000] {spark_submit.py:490} INFO - 25/05/06 06:55:59 INFO BlockManagerInfo: Added broadcast_0_piece0 in memory on 172.18.0.6:41841 (size: 36.9 KiB, free: 366.3 MiB)
[2025-05-06T06:56:02.641+0000] {spark_submit.py:490} INFO - 25/05/06 06:56:02 INFO TaskSetManager: Finished task 0.0 in stage 0.0 (TID 0) in 3962 ms on 172.18.0.6 (executor 0) (1/1)
[2025-05-06T06:56:02.643+0000] {spark_submit.py:490} INFO - 25/05/06 06:56:02 INFO TaskSchedulerImpl: Removed TaskSet 0.0, whose tasks have all completed, from pool
[2025-05-06T06:56:02.648+0000] {spark_submit.py:490} INFO - 25/05/06 06:56:02 INFO DAGScheduler: ResultStage 0 (load at NativeMethodAccessorImpl.java:0) finished in 6.791 s
[2025-05-06T06:56:02.651+0000] {spark_submit.py:490} INFO - 25/05/06 06:56:02 INFO DAGScheduler: Job 0 is finished. Cancelling potential speculative or zombie tasks for this job
[2025-05-06T06:56:02.662+0000] {spark_submit.py:490} INFO - 25/05/06 06:56:02 INFO TaskSchedulerImpl: Killing all running tasks in stage 0: Stage finished
[2025-05-06T06:56:02.674+0000] {spark_submit.py:490} INFO - 25/05/06 06:56:02 INFO DAGScheduler: Job 0 finished: load at NativeMethodAccessorImpl.java:0, took 6.877667 s
[2025-05-06T06:56:03.923+0000] {spark_submit.py:490} INFO - 25/05/06 06:56:03 INFO BlockManagerInfo: Removed broadcast_0_piece0 on b431f09a1fa6:41413 in memory (size: 36.9 KiB, free: 434.4 MiB)
[2025-05-06T06:56:03.933+0000] {spark_submit.py:490} INFO - 25/05/06 06:56:03 INFO BlockManagerInfo: Removed broadcast_0_piece0 on 172.18.0.6:41841 in memory (size: 36.9 KiB, free: 366.3 MiB)
[2025-05-06T06:56:07.088+0000] {spark_submit.py:490} INFO - 📑 Схема початкового датафрейму:
[2025-05-06T06:56:07.159+0000] {spark_submit.py:490} INFO - root
[2025-05-06T06:56:07.160+0000] {spark_submit.py:490} INFO - |-- edition: string (nullable = true)
[2025-05-06T06:56:07.160+0000] {spark_submit.py:490} INFO - |-- edition_id: string (nullable = true)
[2025-05-06T06:56:07.160+0000] {spark_submit.py:490} INFO - |-- country_noc: string (nullable = true)
[2025-05-06T06:56:07.160+0000] {spark_submit.py:490} INFO - |-- sport: string (nullable = true)
[2025-05-06T06:56:07.160+0000] {spark_submit.py:490} INFO - |-- event: string (nullable = true)
[2025-05-06T06:56:07.160+0000] {spark_submit.py:490} INFO - |-- result_id: string (nullable = true)
[2025-05-06T06:56:07.160+0000] {spark_submit.py:490} INFO - |-- athlete: string (nullable = true)
[2025-05-06T06:56:07.160+0000] {spark_submit.py:490} INFO - |-- athlete_id: string (nullable = true)
[2025-05-06T06:56:07.161+0000] {spark_submit.py:490} INFO - |-- pos: string (nullable = true)
[2025-05-06T06:56:07.161+0000] {spark_submit.py:490} INFO - |-- medal: string (nullable = true)
[2025-05-06T06:56:07.161+0000] {spark_submit.py:490} INFO - |-- isTeamSport: string (nullable = true)
[2025-05-06T06:56:07.161+0000] {spark_submit.py:490} INFO - 
[2025-05-06T06:56:07.161+0000] {spark_submit.py:490} INFO - 🔎 Перші 5 рядків з Bronze:
[2025-05-06T06:56:08.322+0000] {spark_submit.py:490} INFO - 25/05/06 06:56:08 INFO FileSourceStrategy: Pushed Filters:
[2025-05-06T06:56:08.324+0000] {spark_submit.py:490} INFO - 25/05/06 06:56:08 INFO FileSourceStrategy: Post-Scan Filters:
[2025-05-06T06:56:08.327+0000] {spark_submit.py:490} INFO - 25/05/06 06:56:08 INFO FileSourceStrategy: Output Data Schema: struct<edition: string, edition_id: string, country_noc: string, sport: string, event: string ... 9 more fields>
[2025-05-06T06:56:09.171+0000] {spark_submit.py:490} INFO - 25/05/06 06:56:09 INFO CodeGenerator: Code generated in 540.548554 ms
[2025-05-06T06:56:09.268+0000] {spark_submit.py:490} INFO - 25/05/06 06:56:09 INFO MemoryStore: Block broadcast_1 stored as values in memory (estimated size 202.0 KiB, free 434.2 MiB)
[2025-05-06T06:56:09.330+0000] {spark_submit.py:490} INFO - 25/05/06 06:56:09 INFO MemoryStore: Block broadcast_1_piece0 stored as bytes in memory (estimated size 34.8 KiB, free 434.2 MiB)
[2025-05-06T06:56:09.332+0000] {spark_submit.py:490} INFO - 25/05/06 06:56:09 INFO BlockManagerInfo: Added broadcast_1_piece0 in memory on b431f09a1fa6:41413 (size: 34.8 KiB, free: 434.4 MiB)
[2025-05-06T06:56:09.333+0000] {spark_submit.py:490} INFO - 25/05/06 06:56:09 INFO SparkContext: Created broadcast 1 from showString at NativeMethodAccessorImpl.java:0
[2025-05-06T06:56:09.348+0000] {spark_submit.py:490} INFO - 25/05/06 06:56:09 INFO FileSourceScanExec: Planning scan with bin packing, max size: 6795002 bytes, open cost is considered as scanning 4194304 bytes.
[2025-05-06T06:56:09.479+0000] {spark_submit.py:490} INFO - 25/05/06 06:56:09 INFO SparkContext: Starting job: showString at NativeMethodAccessorImpl.java:0
[2025-05-06T06:56:09.481+0000] {spark_submit.py:490} INFO - 25/05/06 06:56:09 INFO DAGScheduler: Got job 1 (showString at NativeMethodAccessorImpl.java:0) with 1 output partitions
[2025-05-06T06:56:09.481+0000] {spark_submit.py:490} INFO - 25/05/06 06:56:09 INFO DAGScheduler: Final stage: ResultStage 1 (showString at NativeMethodAccessorImpl.java:0)
[2025-05-06T06:56:09.481+0000] {spark_submit.py:490} INFO - 25/05/06 06:56:09 INFO DAGScheduler: Parents of final stage: List()
[2025-05-06T06:56:09.482+0000] {spark_submit.py:490} INFO - 25/05/06 06:56:09 INFO DAGScheduler: Missing parents: List()
[2025-05-06T06:56:09.486+0000] {spark_submit.py:490} INFO - 25/05/06 06:56:09 INFO DAGScheduler: Submitting ResultStage 1 (MapPartitionsRDD[5] at showString at NativeMethodAccessorImpl.java:0), which has no missing parents
[2025-05-06T06:56:09.577+0000] {spark_submit.py:490} INFO - 25/05/06 06:56:09 INFO MemoryStore: Block broadcast_2 stored as values in memory (estimated size 18.4 KiB, free 434.2 MiB)
[2025-05-06T06:56:09.607+0000] {spark_submit.py:490} INFO - 25/05/06 06:56:09 INFO MemoryStore: Block broadcast_2_piece0 stored as bytes in memory (estimated size 6.6 KiB, free 434.1 MiB)
[2025-05-06T06:56:09.616+0000] {spark_submit.py:490} INFO - 25/05/06 06:56:09 INFO BlockManagerInfo: Added broadcast_2_piece0 in memory on b431f09a1fa6:41413 (size: 6.6 KiB, free: 434.4 MiB)
[2025-05-06T06:56:09.617+0000] {spark_submit.py:490} INFO - 25/05/06 06:56:09 INFO SparkContext: Created broadcast 2 from broadcast at DAGScheduler.scala:1513
[2025-05-06T06:56:09.618+0000] {spark_submit.py:490} INFO - 25/05/06 06:56:09 INFO DAGScheduler: Submitting 1 missing tasks from ResultStage 1 (MapPartitionsRDD[5] at showString at NativeMethodAccessorImpl.java:0) (first 15 tasks are for partitions Vector(0))
[2025-05-06T06:56:09.618+0000] {spark_submit.py:490} INFO - 25/05/06 06:56:09 INFO TaskSchedulerImpl: Adding task set 1.0 with 1 tasks resource profile 0
[2025-05-06T06:56:09.623+0000] {spark_submit.py:490} INFO - 25/05/06 06:56:09 INFO TaskSetManager: Starting task 0.0 in stage 1.0 (TID 1) (172.18.0.6, executor 0, partition 0, PROCESS_LOCAL, 5010 bytes) taskResourceAssignments Map()
[2025-05-06T06:56:09.715+0000] {spark_submit.py:490} INFO - 25/05/06 06:56:09 INFO BlockManagerInfo: Added broadcast_2_piece0 in memory on 172.18.0.6:41841 (size: 6.6 KiB, free: 366.3 MiB)
[2025-05-06T06:56:10.849+0000] {spark_submit.py:490} INFO - 25/05/06 06:56:10 INFO BlockManagerInfo: Added broadcast_1_piece0 in memory on 172.18.0.6:41841 (size: 34.8 KiB, free: 366.3 MiB)
[2025-05-06T06:56:11.632+0000] {spark_submit.py:490} INFO - 25/05/06 06:56:11 INFO TaskSetManager: Finished task 0.0 in stage 1.0 (TID 1) in 2013 ms on 172.18.0.6 (executor 0) (1/1)
[2025-05-06T06:56:11.633+0000] {spark_submit.py:490} INFO - 25/05/06 06:56:11 INFO TaskSchedulerImpl: Removed TaskSet 1.0, whose tasks have all completed, from pool
[2025-05-06T06:56:11.634+0000] {spark_submit.py:490} INFO - 25/05/06 06:56:11 INFO DAGScheduler: ResultStage 1 (showString at NativeMethodAccessorImpl.java:0) finished in 2.135 s
[2025-05-06T06:56:11.634+0000] {spark_submit.py:490} INFO - 25/05/06 06:56:11 INFO DAGScheduler: Job 1 is finished. Cancelling potential speculative or zombie tasks for this job
[2025-05-06T06:56:11.635+0000] {spark_submit.py:490} INFO - 25/05/06 06:56:11 INFO TaskSchedulerImpl: Killing all running tasks in stage 1: Stage finished
[2025-05-06T06:56:11.635+0000] {spark_submit.py:490} INFO - 25/05/06 06:56:11 INFO DAGScheduler: Job 1 finished: showString at NativeMethodAccessorImpl.java:0, took 2.156185 s
[2025-05-06T06:56:11.732+0000] {spark_submit.py:490} INFO - 25/05/06 06:56:11 INFO CodeGenerator: Code generated in 55.372045 ms
[2025-05-06T06:56:11.749+0000] {spark_submit.py:490} INFO - +--------------------+----------+-----------+---------+---------------+---------+---------------+----------+---------+-----+-----------+
[2025-05-06T06:56:11.749+0000] {spark_submit.py:490} INFO - |edition             |edition_id|country_noc|sport    |event          |result_id|athlete        |athlete_id|pos      |medal|isTeamSport|
[2025-05-06T06:56:11.750+0000] {spark_submit.py:490} INFO - +--------------------+----------+-----------+---------+---------------+---------+---------------+----------+---------+-----+-----------+
[2025-05-06T06:56:11.750+0000] {spark_submit.py:490} INFO - |1908 Summer Olympics|5         |ANZ        |Athletics|100 metres, Men|56265    |Ernest Hutcheon|64710     |DNS      |null |False      |
[2025-05-06T06:56:11.750+0000] {spark_submit.py:490} INFO - |1908 Summer Olympics|5         |ANZ        |Athletics|400 metres, Men|56313    |Henry Murray   |64756     |DNS      |null |False      |
[2025-05-06T06:56:11.750+0000] {spark_submit.py:490} INFO - |1908 Summer Olympics|5         |ANZ        |Athletics|800 metres, Men|56338    |Harvey Sutton  |64808     |3 h8 r1/2|null |False      |
[2025-05-06T06:56:11.750+0000] {spark_submit.py:490} INFO - |1908 Summer Olympics|5         |ANZ        |Athletics|800 metres, Men|56338    |Guy Haskins    |922519    |DNS      |null |False      |
[2025-05-06T06:56:11.750+0000] {spark_submit.py:490} INFO - |1908 Summer Olympics|5         |ANZ        |Athletics|800 metres, Men|56338    |Joseph Lynch   |64735     |DNS      |null |False      |
[2025-05-06T06:56:11.750+0000] {spark_submit.py:490} INFO - +--------------------+----------+-----------+---------+---------------+---------+---------------+----------+---------+-----+-----------+
[2025-05-06T06:56:11.750+0000] {spark_submit.py:490} INFO - only showing top 5 rows
[2025-05-06T06:56:11.750+0000] {spark_submit.py:490} INFO - 
[2025-05-06T06:56:11.750+0000] {spark_submit.py:490} INFO - 🧼 Чищення датафрейму...
[2025-05-06T06:56:12.325+0000] {spark_submit.py:490} INFO - 📑 Схема очищеного датафрейму:
[2025-05-06T06:56:12.328+0000] {spark_submit.py:490} INFO - root
[2025-05-06T06:56:12.332+0000] {spark_submit.py:490} INFO - |-- edition: string (nullable = true)
[2025-05-06T06:56:12.332+0000] {spark_submit.py:490} INFO - |-- edition_id: string (nullable = true)
[2025-05-06T06:56:12.332+0000] {spark_submit.py:490} INFO - |-- country_noc: string (nullable = true)
[2025-05-06T06:56:12.332+0000] {spark_submit.py:490} INFO - |-- sport: string (nullable = true)
[2025-05-06T06:56:12.332+0000] {spark_submit.py:490} INFO - |-- event: string (nullable = true)
[2025-05-06T06:56:12.332+0000] {spark_submit.py:490} INFO - |-- result_id: string (nullable = true)
[2025-05-06T06:56:12.332+0000] {spark_submit.py:490} INFO - |-- athlete: string (nullable = true)
[2025-05-06T06:56:12.332+0000] {spark_submit.py:490} INFO - |-- athlete_id: string (nullable = true)
[2025-05-06T06:56:12.332+0000] {spark_submit.py:490} INFO - |-- pos: string (nullable = true)
[2025-05-06T06:56:12.333+0000] {spark_submit.py:490} INFO - |-- medal: string (nullable = true)
[2025-05-06T06:56:12.333+0000] {spark_submit.py:490} INFO - |-- isTeamSport: string (nullable = true)
[2025-05-06T06:56:12.333+0000] {spark_submit.py:490} INFO - 
[2025-05-06T06:56:12.334+0000] {spark_submit.py:490} INFO - 🔎 Перші 10 рядків після очищення:
[2025-05-06T06:56:12.466+0000] {spark_submit.py:490} INFO - 25/05/06 06:56:12 INFO FileSourceStrategy: Pushed Filters:
[2025-05-06T06:56:12.475+0000] {spark_submit.py:490} INFO - 25/05/06 06:56:12 INFO FileSourceStrategy: Post-Scan Filters:
[2025-05-06T06:56:12.475+0000] {spark_submit.py:490} INFO - 25/05/06 06:56:12 INFO FileSourceStrategy: Output Data Schema: struct<edition: string, edition_id: string, country_noc: string, sport: string, event: string ... 9 more fields>
[2025-05-06T06:56:12.586+0000] {spark_submit.py:490} INFO - 25/05/06 06:56:12 INFO CodeGenerator: Code generated in 32.230111 ms
[2025-05-06T06:56:12.614+0000] {spark_submit.py:490} INFO - 25/05/06 06:56:12 INFO MemoryStore: Block broadcast_3 stored as values in memory (estimated size 202.0 KiB, free 433.9 MiB)
[2025-05-06T06:56:12.674+0000] {spark_submit.py:490} INFO - 25/05/06 06:56:12 INFO MemoryStore: Block broadcast_3_piece0 stored as bytes in memory (estimated size 34.8 KiB, free 433.9 MiB)
[2025-05-06T06:56:12.676+0000] {spark_submit.py:490} INFO - 25/05/06 06:56:12 INFO BlockManagerInfo: Added broadcast_3_piece0 in memory on b431f09a1fa6:41413 (size: 34.8 KiB, free: 434.3 MiB)
[2025-05-06T06:56:12.680+0000] {spark_submit.py:490} INFO - 25/05/06 06:56:12 INFO SparkContext: Created broadcast 3 from showString at NativeMethodAccessorImpl.java:0
[2025-05-06T06:56:12.683+0000] {spark_submit.py:490} INFO - 25/05/06 06:56:12 INFO FileSourceScanExec: Planning scan with bin packing, max size: 6795002 bytes, open cost is considered as scanning 4194304 bytes.
[2025-05-06T06:56:12.785+0000] {spark_submit.py:490} INFO - 25/05/06 06:56:12 INFO SparkContext: Starting job: showString at NativeMethodAccessorImpl.java:0
[2025-05-06T06:56:12.787+0000] {spark_submit.py:490} INFO - 25/05/06 06:56:12 INFO DAGScheduler: Got job 2 (showString at NativeMethodAccessorImpl.java:0) with 1 output partitions
[2025-05-06T06:56:12.787+0000] {spark_submit.py:490} INFO - 25/05/06 06:56:12 INFO DAGScheduler: Final stage: ResultStage 2 (showString at NativeMethodAccessorImpl.java:0)
[2025-05-06T06:56:12.787+0000] {spark_submit.py:490} INFO - 25/05/06 06:56:12 INFO DAGScheduler: Parents of final stage: List()
[2025-05-06T06:56:12.787+0000] {spark_submit.py:490} INFO - 25/05/06 06:56:12 INFO DAGScheduler: Missing parents: List()
[2025-05-06T06:56:12.790+0000] {spark_submit.py:490} INFO - 25/05/06 06:56:12 INFO DAGScheduler: Submitting ResultStage 2 (MapPartitionsRDD[12] at showString at NativeMethodAccessorImpl.java:0), which has no missing parents
[2025-05-06T06:56:12.799+0000] {spark_submit.py:490} INFO - 25/05/06 06:56:12 INFO MemoryStore: Block broadcast_4 stored as values in memory (estimated size 48.0 KiB, free 433.9 MiB)
[2025-05-06T06:56:12.855+0000] {spark_submit.py:490} INFO - 25/05/06 06:56:12 INFO MemoryStore: Block broadcast_4_piece0 stored as bytes in memory (estimated size 16.0 KiB, free 433.9 MiB)
[2025-05-06T06:56:12.858+0000] {spark_submit.py:490} INFO - 25/05/06 06:56:12 INFO BlockManagerInfo: Added broadcast_4_piece0 in memory on b431f09a1fa6:41413 (size: 16.0 KiB, free: 434.3 MiB)
[2025-05-06T06:56:12.859+0000] {spark_submit.py:490} INFO - 25/05/06 06:56:12 INFO SparkContext: Created broadcast 4 from broadcast at DAGScheduler.scala:1513
[2025-05-06T06:56:12.860+0000] {spark_submit.py:490} INFO - 25/05/06 06:56:12 INFO DAGScheduler: Submitting 1 missing tasks from ResultStage 2 (MapPartitionsRDD[12] at showString at NativeMethodAccessorImpl.java:0) (first 15 tasks are for partitions Vector(0))
[2025-05-06T06:56:12.860+0000] {spark_submit.py:490} INFO - 25/05/06 06:56:12 INFO TaskSchedulerImpl: Adding task set 2.0 with 1 tasks resource profile 0
[2025-05-06T06:56:12.862+0000] {spark_submit.py:490} INFO - 25/05/06 06:56:12 INFO TaskSetManager: Starting task 0.0 in stage 2.0 (TID 2) (172.18.0.6, executor 0, partition 0, PROCESS_LOCAL, 5010 bytes) taskResourceAssignments Map()
[2025-05-06T06:56:12.918+0000] {spark_submit.py:490} INFO - 25/05/06 06:56:12 INFO BlockManagerInfo: Added broadcast_4_piece0 in memory on 172.18.0.6:41841 (size: 16.0 KiB, free: 366.2 MiB)
[2025-05-06T06:56:14.871+0000] {spark_submit.py:490} INFO - 25/05/06 06:56:14 INFO BlockManagerInfo: Added broadcast_3_piece0 in memory on 172.18.0.6:41841 (size: 34.8 KiB, free: 366.2 MiB)
[2025-05-06T06:56:15.028+0000] {spark_submit.py:490} INFO - 25/05/06 06:56:15 INFO TaskSetManager: Finished task 0.0 in stage 2.0 (TID 2) in 2166 ms on 172.18.0.6 (executor 0) (1/1)
[2025-05-06T06:56:15.028+0000] {spark_submit.py:490} INFO - 25/05/06 06:56:15 INFO TaskSchedulerImpl: Removed TaskSet 2.0, whose tasks have all completed, from pool
[2025-05-06T06:56:15.042+0000] {spark_submit.py:490} INFO - 25/05/06 06:56:15 INFO PythonAccumulatorV2: Connected to AccumulatorServer at host: 127.0.0.1 port: 43789
[2025-05-06T06:56:15.043+0000] {spark_submit.py:490} INFO - 25/05/06 06:56:15 INFO DAGScheduler: ResultStage 2 (showString at NativeMethodAccessorImpl.java:0) finished in 2.253 s
[2025-05-06T06:56:15.044+0000] {spark_submit.py:490} INFO - 25/05/06 06:56:15 INFO DAGScheduler: Job 2 is finished. Cancelling potential speculative or zombie tasks for this job
[2025-05-06T06:56:15.044+0000] {spark_submit.py:490} INFO - 25/05/06 06:56:15 INFO TaskSchedulerImpl: Killing all running tasks in stage 2: Stage finished
[2025-05-06T06:56:15.045+0000] {spark_submit.py:490} INFO - 25/05/06 06:56:15 INFO DAGScheduler: Job 2 finished: showString at NativeMethodAccessorImpl.java:0, took 2.259218 s
[2025-05-06T06:56:15.056+0000] {spark_submit.py:490} INFO - +--------------------+----------+-----------+---------+---------------+---------+---------------+----------+---------+-----+-----------+
[2025-05-06T06:56:15.056+0000] {spark_submit.py:490} INFO - |edition             |edition_id|country_noc|sport    |event          |result_id|athlete        |athlete_id|pos      |medal|isTeamSport|
[2025-05-06T06:56:15.057+0000] {spark_submit.py:490} INFO - +--------------------+----------+-----------+---------+---------------+---------+---------------+----------+---------+-----+-----------+
[2025-05-06T06:56:15.057+0000] {spark_submit.py:490} INFO - |1908 summer olympics|5         |anz        |athletics|100 metres men |56265    |ernest hutcheon|64710     |dns      |     |false      |
[2025-05-06T06:56:15.058+0000] {spark_submit.py:490} INFO - |1908 summer olympics|5         |anz        |athletics|400 metres men |56313    |henry murray   |64756     |dns      |     |false      |
[2025-05-06T06:56:15.058+0000] {spark_submit.py:490} INFO - |1908 summer olympics|5         |anz        |athletics|800 metres men |56338    |harvey sutton  |64808     |3 h8 r12 |     |false      |
[2025-05-06T06:56:15.058+0000] {spark_submit.py:490} INFO - |1908 summer olympics|5         |anz        |athletics|800 metres men |56338    |guy haskins    |922519    |dns      |     |false      |
[2025-05-06T06:56:15.058+0000] {spark_submit.py:490} INFO - |1908 summer olympics|5         |anz        |athletics|800 metres men |56338    |joseph lynch   |64735     |dns      |     |false      |
[2025-05-06T06:56:15.058+0000] {spark_submit.py:490} INFO - |1908 summer olympics|5         |anz        |athletics|800 metres men |56338    |henry murray   |64756     |dns      |     |false      |
[2025-05-06T06:56:15.058+0000] {spark_submit.py:490} INFO - |1908 summer olympics|5         |anz        |athletics|1500 metres men|56349    |joseph lynch   |64735     |5 h2 r12 |     |false      |
[2025-05-06T06:56:15.058+0000] {spark_submit.py:490} INFO - |1908 summer olympics|5         |anz        |athletics|1500 metres men|56349    |charles swain  |79576     |ac h3 r12|     |false      |
[2025-05-06T06:56:15.058+0000] {spark_submit.py:490} INFO - |1908 summer olympics|5         |anz        |athletics|1500 metres men|56349    |guy haskins    |922519    |dns      |     |false      |
[2025-05-06T06:56:15.059+0000] {spark_submit.py:490} INFO - |1908 summer olympics|5         |anz        |athletics|1500 metres men|56349    |george blake   |64619     |dns      |     |false      |
[2025-05-06T06:56:15.059+0000] {spark_submit.py:490} INFO - +--------------------+----------+-----------+---------+---------------+---------+---------------+----------+---------+-----+-----------+
[2025-05-06T06:56:15.059+0000] {spark_submit.py:490} INFO - only showing top 10 rows
[2025-05-06T06:56:15.059+0000] {spark_submit.py:490} INFO - 
[2025-05-06T06:56:15.059+0000] {spark_submit.py:490} INFO - 💾 Збереження до Silver рівня: /tmp/spark_data/silver/athlete_event_results/20250506
[2025-05-06T06:56:15.098+0000] {spark_submit.py:490} INFO - 25/05/06 06:56:15 INFO FileSourceStrategy: Pushed Filters:
[2025-05-06T06:56:15.098+0000] {spark_submit.py:490} INFO - 25/05/06 06:56:15 INFO FileSourceStrategy: Post-Scan Filters:
[2025-05-06T06:56:15.098+0000] {spark_submit.py:490} INFO - 25/05/06 06:56:15 INFO FileSourceStrategy: Output Data Schema: struct<edition: string, edition_id: string, country_noc: string, sport: string, event: string ... 9 more fields>
[2025-05-06T06:56:15.131+0000] {spark_submit.py:490} INFO - 25/05/06 06:56:15 INFO ParquetFileFormat: Using default output committer for Parquet: org.apache.parquet.hadoop.ParquetOutputCommitter
[2025-05-06T06:56:15.154+0000] {spark_submit.py:490} INFO - 25/05/06 06:56:15 INFO BlockManagerInfo: Removed broadcast_4_piece0 on b431f09a1fa6:41413 in memory (size: 16.0 KiB, free: 434.3 MiB)
[2025-05-06T06:56:15.156+0000] {spark_submit.py:490} INFO - 25/05/06 06:56:15 INFO BlockManagerInfo: Removed broadcast_4_piece0 on 172.18.0.6:41841 in memory (size: 16.0 KiB, free: 366.2 MiB)
[2025-05-06T06:56:15.160+0000] {spark_submit.py:490} INFO - 25/05/06 06:56:15 INFO FileOutputCommitter: File Output Committer Algorithm version is 1
[2025-05-06T06:56:15.160+0000] {spark_submit.py:490} INFO - 25/05/06 06:56:15 INFO FileOutputCommitter: FileOutputCommitter skip cleanup _temporary folders under output directory:false, ignore cleanup failures: false
[2025-05-06T06:56:15.161+0000] {spark_submit.py:490} INFO - 25/05/06 06:56:15 INFO SQLHadoopMapReduceCommitProtocol: Using user defined output committer class org.apache.parquet.hadoop.ParquetOutputCommitter
[2025-05-06T06:56:15.161+0000] {spark_submit.py:490} INFO - 25/05/06 06:56:15 INFO FileOutputCommitter: File Output Committer Algorithm version is 1
[2025-05-06T06:56:15.161+0000] {spark_submit.py:490} INFO - 25/05/06 06:56:15 INFO FileOutputCommitter: FileOutputCommitter skip cleanup _temporary folders under output directory:false, ignore cleanup failures: false
[2025-05-06T06:56:15.162+0000] {spark_submit.py:490} INFO - 25/05/06 06:56:15 INFO SQLHadoopMapReduceCommitProtocol: Using output committer class org.apache.parquet.hadoop.ParquetOutputCommitter
[2025-05-06T06:56:15.165+0000] {spark_submit.py:490} INFO - 25/05/06 06:56:15 INFO BlockManagerInfo: Removed broadcast_1_piece0 on b431f09a1fa6:41413 in memory (size: 34.8 KiB, free: 434.4 MiB)
[2025-05-06T06:56:15.167+0000] {spark_submit.py:490} INFO - 25/05/06 06:56:15 INFO BlockManagerInfo: Removed broadcast_1_piece0 on 172.18.0.6:41841 in memory (size: 34.8 KiB, free: 366.3 MiB)
[2025-05-06T06:56:15.175+0000] {spark_submit.py:490} INFO - 25/05/06 06:56:15 INFO BlockManagerInfo: Removed broadcast_3_piece0 on b431f09a1fa6:41413 in memory (size: 34.8 KiB, free: 434.4 MiB)
[2025-05-06T06:56:15.178+0000] {spark_submit.py:490} INFO - 25/05/06 06:56:15 INFO BlockManagerInfo: Removed broadcast_3_piece0 on 172.18.0.6:41841 in memory (size: 34.8 KiB, free: 366.3 MiB)
[2025-05-06T06:56:15.185+0000] {spark_submit.py:490} INFO - 25/05/06 06:56:15 INFO BlockManagerInfo: Removed broadcast_2_piece0 on b431f09a1fa6:41413 in memory (size: 6.6 KiB, free: 434.4 MiB)
[2025-05-06T06:56:15.186+0000] {spark_submit.py:490} INFO - 25/05/06 06:56:15 INFO BlockManagerInfo: Removed broadcast_2_piece0 on 172.18.0.6:41841 in memory (size: 6.6 KiB, free: 366.3 MiB)
[2025-05-06T06:56:15.266+0000] {spark_submit.py:490} INFO - 25/05/06 06:56:15 INFO MemoryStore: Block broadcast_5 stored as values in memory (estimated size 202.0 KiB, free 434.2 MiB)
[2025-05-06T06:56:15.327+0000] {spark_submit.py:490} INFO - 25/05/06 06:56:15 INFO MemoryStore: Block broadcast_5_piece0 stored as bytes in memory (estimated size 34.8 KiB, free 434.2 MiB)
[2025-05-06T06:56:15.333+0000] {spark_submit.py:490} INFO - 25/05/06 06:56:15 INFO BlockManagerInfo: Added broadcast_5_piece0 in memory on b431f09a1fa6:41413 (size: 34.8 KiB, free: 434.4 MiB)
[2025-05-06T06:56:15.334+0000] {spark_submit.py:490} INFO - 25/05/06 06:56:15 INFO SparkContext: Created broadcast 5 from parquet at NativeMethodAccessorImpl.java:0
[2025-05-06T06:56:15.336+0000] {spark_submit.py:490} INFO - 25/05/06 06:56:15 INFO FileSourceScanExec: Planning scan with bin packing, max size: 6795002 bytes, open cost is considered as scanning 4194304 bytes.
[2025-05-06T06:56:15.387+0000] {spark_submit.py:490} INFO - 25/05/06 06:56:15 INFO SparkContext: Starting job: parquet at NativeMethodAccessorImpl.java:0
[2025-05-06T06:56:15.388+0000] {spark_submit.py:490} INFO - 25/05/06 06:56:15 INFO DAGScheduler: Got job 3 (parquet at NativeMethodAccessorImpl.java:0) with 2 output partitions
[2025-05-06T06:56:15.388+0000] {spark_submit.py:490} INFO - 25/05/06 06:56:15 INFO DAGScheduler: Final stage: ResultStage 3 (parquet at NativeMethodAccessorImpl.java:0)
[2025-05-06T06:56:15.388+0000] {spark_submit.py:490} INFO - 25/05/06 06:56:15 INFO DAGScheduler: Parents of final stage: List()
[2025-05-06T06:56:15.388+0000] {spark_submit.py:490} INFO - 25/05/06 06:56:15 INFO DAGScheduler: Missing parents: List()
[2025-05-06T06:56:15.390+0000] {spark_submit.py:490} INFO - 25/05/06 06:56:15 INFO DAGScheduler: Submitting ResultStage 3 (MapPartitionsRDD[18] at parquet at NativeMethodAccessorImpl.java:0), which has no missing parents
[2025-05-06T06:56:15.407+0000] {spark_submit.py:490} INFO - 25/05/06 06:56:15 INFO MemoryStore: Block broadcast_6 stored as values in memory (estimated size 248.7 KiB, free 433.9 MiB)
[2025-05-06T06:56:15.412+0000] {spark_submit.py:490} INFO - 25/05/06 06:56:15 INFO MemoryStore: Block broadcast_6_piece0 stored as bytes in memory (estimated size 85.9 KiB, free 433.8 MiB)
[2025-05-06T06:56:15.458+0000] {spark_submit.py:490} INFO - 25/05/06 06:56:15 INFO BlockManagerInfo: Added broadcast_6_piece0 in memory on b431f09a1fa6:41413 (size: 85.9 KiB, free: 434.3 MiB)
[2025-05-06T06:56:15.459+0000] {spark_submit.py:490} INFO - 25/05/06 06:56:15 INFO SparkContext: Created broadcast 6 from broadcast at DAGScheduler.scala:1513
[2025-05-06T06:56:15.460+0000] {spark_submit.py:490} INFO - 25/05/06 06:56:15 INFO DAGScheduler: Submitting 2 missing tasks from ResultStage 3 (MapPartitionsRDD[18] at parquet at NativeMethodAccessorImpl.java:0) (first 15 tasks are for partitions Vector(0, 1))
[2025-05-06T06:56:15.460+0000] {spark_submit.py:490} INFO - 25/05/06 06:56:15 INFO TaskSchedulerImpl: Adding task set 3.0 with 2 tasks resource profile 0
[2025-05-06T06:56:15.461+0000] {spark_submit.py:490} INFO - 25/05/06 06:56:15 INFO TaskSetManager: Starting task 0.0 in stage 3.0 (TID 3) (172.18.0.6, executor 0, partition 0, PROCESS_LOCAL, 5010 bytes) taskResourceAssignments Map()
[2025-05-06T06:56:15.462+0000] {spark_submit.py:490} INFO - 25/05/06 06:56:15 INFO TaskSetManager: Starting task 1.0 in stage 3.0 (TID 4) (172.18.0.6, executor 0, partition 1, PROCESS_LOCAL, 5010 bytes) taskResourceAssignments Map()
[2025-05-06T06:56:15.484+0000] {spark_submit.py:490} INFO - 25/05/06 06:56:15 INFO BlockManagerInfo: Added broadcast_6_piece0 in memory on 172.18.0.6:41841 (size: 85.9 KiB, free: 366.2 MiB)
[2025-05-06T06:56:15.668+0000] {spark_submit.py:490} INFO - 25/05/06 06:56:15 INFO BlockManagerInfo: Added broadcast_5_piece0 in memory on 172.18.0.6:41841 (size: 34.8 KiB, free: 366.2 MiB)
[2025-05-06T06:56:20.897+0000] {spark_submit.py:490} INFO - 25/05/06 06:56:20 INFO TaskSetManager: Finished task 1.0 in stage 3.0 (TID 4) in 5435 ms on 172.18.0.6 (executor 0) (1/2)
[2025-05-06T06:56:21.916+0000] {spark_submit.py:490} INFO - 25/05/06 06:56:21 INFO TaskSetManager: Finished task 0.0 in stage 3.0 (TID 3) in 6454 ms on 172.18.0.6 (executor 0) (2/2)
[2025-05-06T06:56:21.916+0000] {spark_submit.py:490} INFO - 25/05/06 06:56:21 INFO TaskSchedulerImpl: Removed TaskSet 3.0, whose tasks have all completed, from pool
[2025-05-06T06:56:21.918+0000] {spark_submit.py:490} INFO - 25/05/06 06:56:21 INFO DAGScheduler: ResultStage 3 (parquet at NativeMethodAccessorImpl.java:0) finished in 6.527 s
[2025-05-06T06:56:21.919+0000] {spark_submit.py:490} INFO - 25/05/06 06:56:21 INFO DAGScheduler: Job 3 is finished. Cancelling potential speculative or zombie tasks for this job
[2025-05-06T06:56:21.919+0000] {spark_submit.py:490} INFO - 25/05/06 06:56:21 INFO TaskSchedulerImpl: Killing all running tasks in stage 3: Stage finished
[2025-05-06T06:56:21.919+0000] {spark_submit.py:490} INFO - 25/05/06 06:56:21 INFO DAGScheduler: Job 3 finished: parquet at NativeMethodAccessorImpl.java:0, took 6.532154 s
[2025-05-06T06:56:21.921+0000] {spark_submit.py:490} INFO - 25/05/06 06:56:21 INFO FileFormatWriter: Start to commit write Job 733bfbc6-5bb9-489f-a62e-1f5c624d7654.
[2025-05-06T06:56:21.946+0000] {spark_submit.py:490} INFO - 25/05/06 06:56:21 INFO FileFormatWriter: Write Job 733bfbc6-5bb9-489f-a62e-1f5c624d7654 committed. Elapsed time: 23 ms.
[2025-05-06T06:56:21.948+0000] {spark_submit.py:490} INFO - 25/05/06 06:56:21 INFO FileFormatWriter: Finished processing stats for write job 733bfbc6-5bb9-489f-a62e-1f5c624d7654.
[2025-05-06T06:56:21.951+0000] {spark_submit.py:490} INFO - ✅ Збережено до Silver: /tmp/spark_data/silver/athlete_event_results/20250506
[2025-05-06T06:56:21.951+0000] {spark_submit.py:490} INFO - 📁 Шлях збереження Silver: /tmp/spark_data/silver/athlete_event_results/20250506
[2025-05-06T06:56:21.951+0000] {spark_submit.py:490} INFO - 📂 Вміст директорії:
[2025-05-06T06:56:21.951+0000] {spark_submit.py:490} INFO - ['part-00000-0b8a68d1-464d-4f1a-be68-8254278a371e-c000.snappy.parquet', '.part-00000-0b8a68d1-464d-4f1a-be68-8254278a371e-c000.snappy.parquet.crc', 'part-00001-0b8a68d1-464d-4f1a-be68-8254278a371e-c000.snappy.parquet', '_SUCCESS', '._SUCCESS.crc', '.part-00001-0b8a68d1-464d-4f1a-be68-8254278a371e-c000.snappy.parquet.crc']
[2025-05-06T06:56:21.960+0000] {spark_submit.py:490} INFO - 25/05/06 06:56:21 INFO SparkUI: Stopped Spark web UI at http://b431f09a1fa6:4040
[2025-05-06T06:56:21.964+0000] {spark_submit.py:490} INFO - 25/05/06 06:56:21 INFO StandaloneSchedulerBackend: Shutting down all executors
[2025-05-06T06:56:21.965+0000] {spark_submit.py:490} INFO - 25/05/06 06:56:21 INFO CoarseGrainedSchedulerBackend$DriverEndpoint: Asking each executor to shut down
[2025-05-06T06:56:21.988+0000] {spark_submit.py:490} INFO - 25/05/06 06:56:21 INFO MapOutputTrackerMasterEndpoint: MapOutputTrackerMasterEndpoint stopped!
[2025-05-06T06:56:22.003+0000] {spark_submit.py:490} INFO - 25/05/06 06:56:22 INFO MemoryStore: MemoryStore cleared
[2025-05-06T06:56:22.004+0000] {spark_submit.py:490} INFO - 25/05/06 06:56:22 INFO BlockManager: BlockManager stopped
[2025-05-06T06:56:22.010+0000] {spark_submit.py:490} INFO - 25/05/06 06:56:22 INFO BlockManagerMaster: BlockManagerMaster stopped
[2025-05-06T06:56:22.012+0000] {spark_submit.py:490} INFO - 25/05/06 06:56:22 INFO OutputCommitCoordinator$OutputCommitCoordinatorEndpoint: OutputCommitCoordinator stopped!
[2025-05-06T06:56:22.029+0000] {spark_submit.py:490} INFO - 25/05/06 06:56:22 INFO SparkContext: Successfully stopped SparkContext
[2025-05-06T06:56:22.952+0000] {spark_submit.py:490} INFO - 25/05/06 06:56:22 INFO ShutdownHookManager: Shutdown hook called
[2025-05-06T06:56:22.953+0000] {spark_submit.py:490} INFO - 25/05/06 06:56:22 INFO ShutdownHookManager: Deleting directory /tmp/spark-5690b55b-d71b-4721-a22c-a4a5212ec362
[2025-05-06T06:56:22.956+0000] {spark_submit.py:490} INFO - 25/05/06 06:56:22 INFO ShutdownHookManager: Deleting directory /tmp/spark-b2ab09bb-e0b4-4d2a-b442-c26b3efd7212
[2025-05-06T06:56:22.959+0000] {spark_submit.py:490} INFO - 25/05/06 06:56:22 INFO ShutdownHookManager: Deleting directory /tmp/spark-b2ab09bb-e0b4-4d2a-b442-c26b3efd7212/pyspark-35a43546-1525-4ecb-8539-ab379ba4f307
[2025-05-06T06:56:22.999+0000] {taskinstance.py:1350} INFO - Marking task as SUCCESS. dag_id=final_project_BBDL, task_id=BronzeToSilver, execution_date=20250506T065459, start_date=20250506T065543, end_date=20250506T065622
[2025-05-06T06:56:23.055+0000] {local_task_job_runner.py:225} INFO - Task exited with return code 0
[2025-05-06T06:56:23.076+0000] {taskinstance.py:2653} INFO - 1 downstream tasks scheduled from follow-on schedule check
