[2025-05-03T16:42:59.261+0000] {local_task_job_runner.py:120} INFO - ::group::Pre task execution logs
[2025-05-03T16:42:59.333+0000] {taskinstance.py:2076} INFO - Dependencies all met for dep_context=non-requeueable deps ti=<TaskInstance: final_project_BBDL.BronzeToSilver manual__2025-05-03T16:42:30.243433+00:00 [queued]>
[2025-05-03T16:42:59.342+0000] {taskinstance.py:2076} INFO - Dependencies all met for dep_context=requeueable deps ti=<TaskInstance: final_project_BBDL.BronzeToSilver manual__2025-05-03T16:42:30.243433+00:00 [queued]>
[2025-05-03T16:42:59.342+0000] {taskinstance.py:2306} INFO - Starting attempt 1 of 1
[2025-05-03T16:42:59.415+0000] {taskinstance.py:2330} INFO - Executing <Task(SparkSubmitOperator): BronzeToSilver> on 2025-05-03 16:42:30.243433+00:00
[2025-05-03T16:42:59.419+0000] {standard_task_runner.py:63} INFO - Started process 5236 to run task
[2025-05-03T16:42:59.423+0000] {standard_task_runner.py:90} INFO - Running: ['airflow', 'tasks', 'run', 'final_project_BBDL', 'BronzeToSilver', 'manual__2025-05-03T16:42:30.243433+00:00', '--job-id', '55', '--raw', '--subdir', 'DAGS_FOLDER/project_solution.py', '--cfg-path', '/tmp/tmphnuglfo4']
[2025-05-03T16:42:59.425+0000] {standard_task_runner.py:91} INFO - Job 55: Subtask BronzeToSilver
[2025-05-03T16:42:59.525+0000] {logging_mixin.py:188} WARNING - /home/airflow/.local/lib/python3.10/site-packages/airflow/settings.py:195 DeprecationWarning: The sql_alchemy_conn option in [core] has been moved to the sql_alchemy_conn option in [database] - the old setting has been used, but please update your config.
[2025-05-03T16:42:59.614+0000] {task_command.py:426} INFO - Running <TaskInstance: final_project_BBDL.BronzeToSilver manual__2025-05-03T16:42:30.243433+00:00 [running]> on host fc9aa3bec43b
[2025-05-03T16:42:59.867+0000] {taskinstance.py:2648} INFO - Exporting env vars: AIRFLOW_CTX_DAG_OWNER='airflow' AIRFLOW_CTX_DAG_ID='final_project_BBDL' AIRFLOW_CTX_TASK_ID='BronzeToSilver' AIRFLOW_CTX_EXECUTION_DATE='2025-05-03T16:42:30.243433+00:00' AIRFLOW_CTX_TRY_NUMBER='1' AIRFLOW_CTX_DAG_RUN_ID='manual__2025-05-03T16:42:30.243433+00:00'
[2025-05-03T16:42:59.869+0000] {taskinstance.py:430} INFO - ::endgroup::
[2025-05-03T16:42:59.925+0000] {base.py:84} INFO - Using connection ID 'spark_default' for task execution.
[2025-05-03T16:42:59.926+0000] {spark_submit.py:328} ERROR - Failed to decode base64 keytab: Invalid base64-encoded string: number of data characters (5) cannot be 1 more than a multiple of 4
[2025-05-03T16:42:59.926+0000] {spark_submit.py:305} INFO - Could not load connection string spark_default, defaulting to spark://spark-master:7077
[2025-05-03T16:42:59.927+0000] {spark_submit.py:474} INFO - Spark-Submit cmd: spark-submit --master spark://spark-master:7077 --conf spark.master=spark://spark-master:7077 --name BronzeToSilver --verbose --queue root.default --deploy-mode client /opt/airflow/dags/bronze_to_silver.py
[2025-05-03T16:43:01.220+0000] {spark_submit.py:644} INFO - Using properties file: null
[2025-05-03T16:43:01.335+0000] {spark_submit.py:644} INFO - Parsed arguments:
[2025-05-03T16:43:01.335+0000] {spark_submit.py:644} INFO - master                  spark://spark-master:7077
[2025-05-03T16:43:01.335+0000] {spark_submit.py:644} INFO - deployMode              client
[2025-05-03T16:43:01.335+0000] {spark_submit.py:644} INFO - executorMemory          null
[2025-05-03T16:43:01.335+0000] {spark_submit.py:644} INFO - executorCores           null
[2025-05-03T16:43:01.335+0000] {spark_submit.py:644} INFO - totalExecutorCores      null
[2025-05-03T16:43:01.336+0000] {spark_submit.py:644} INFO - propertiesFile          null
[2025-05-03T16:43:01.336+0000] {spark_submit.py:644} INFO - driverMemory            null
[2025-05-03T16:43:01.336+0000] {spark_submit.py:644} INFO - driverCores             null
[2025-05-03T16:43:01.336+0000] {spark_submit.py:644} INFO - driverExtraClassPath    null
[2025-05-03T16:43:01.336+0000] {spark_submit.py:644} INFO - driverExtraLibraryPath  null
[2025-05-03T16:43:01.336+0000] {spark_submit.py:644} INFO - driverExtraJavaOptions  null
[2025-05-03T16:43:01.336+0000] {spark_submit.py:644} INFO - supervise               false
[2025-05-03T16:43:01.336+0000] {spark_submit.py:644} INFO - queue                   root.default
[2025-05-03T16:43:01.336+0000] {spark_submit.py:644} INFO - numExecutors            null
[2025-05-03T16:43:01.336+0000] {spark_submit.py:644} INFO - files                   null
[2025-05-03T16:43:01.336+0000] {spark_submit.py:644} INFO - pyFiles                 null
[2025-05-03T16:43:01.336+0000] {spark_submit.py:644} INFO - archives                null
[2025-05-03T16:43:01.337+0000] {spark_submit.py:644} INFO - mainClass               null
[2025-05-03T16:43:01.337+0000] {spark_submit.py:644} INFO - primaryResource         file:/opt/airflow/dags/bronze_to_silver.py
[2025-05-03T16:43:01.337+0000] {spark_submit.py:644} INFO - name                    BronzeToSilver
[2025-05-03T16:43:01.337+0000] {spark_submit.py:644} INFO - childArgs               []
[2025-05-03T16:43:01.337+0000] {spark_submit.py:644} INFO - jars                    null
[2025-05-03T16:43:01.337+0000] {spark_submit.py:644} INFO - packages                null
[2025-05-03T16:43:01.337+0000] {spark_submit.py:644} INFO - packagesExclusions      null
[2025-05-03T16:43:01.337+0000] {spark_submit.py:644} INFO - repositories            null
[2025-05-03T16:43:01.337+0000] {spark_submit.py:644} INFO - verbose                 true
[2025-05-03T16:43:01.337+0000] {spark_submit.py:644} INFO - 
[2025-05-03T16:43:01.337+0000] {spark_submit.py:644} INFO - Spark properties used, including those specified through
[2025-05-03T16:43:01.337+0000] {spark_submit.py:644} INFO - --conf and those from the properties file null:
[2025-05-03T16:43:01.337+0000] {spark_submit.py:644} INFO - (spark.master,spark://spark-master:7077)
[2025-05-03T16:43:01.338+0000] {spark_submit.py:644} INFO - 
[2025-05-03T16:43:01.338+0000] {spark_submit.py:644} INFO - 
[2025-05-03T16:43:01.650+0000] {spark_submit.py:644} INFO - Main class:
[2025-05-03T16:43:01.651+0000] {spark_submit.py:644} INFO - org.apache.spark.deploy.PythonRunner
[2025-05-03T16:43:01.651+0000] {spark_submit.py:644} INFO - Arguments:
[2025-05-03T16:43:01.651+0000] {spark_submit.py:644} INFO - file:/opt/airflow/dags/bronze_to_silver.py
[2025-05-03T16:43:01.651+0000] {spark_submit.py:644} INFO - null
[2025-05-03T16:43:01.653+0000] {spark_submit.py:644} INFO - Spark config:
[2025-05-03T16:43:01.653+0000] {spark_submit.py:644} INFO - (spark.app.name,BronzeToSilver)
[2025-05-03T16:43:01.653+0000] {spark_submit.py:644} INFO - (spark.app.submitTime,1746290581633)
[2025-05-03T16:43:01.654+0000] {spark_submit.py:644} INFO - (spark.master,spark://spark-master:7077)
[2025-05-03T16:43:01.654+0000] {spark_submit.py:644} INFO - (spark.submit.deployMode,client)
[2025-05-03T16:43:01.654+0000] {spark_submit.py:644} INFO - (spark.submit.pyFiles,)
[2025-05-03T16:43:01.654+0000] {spark_submit.py:644} INFO - Classpath elements:
[2025-05-03T16:43:01.654+0000] {spark_submit.py:644} INFO - 
[2025-05-03T16:43:01.654+0000] {spark_submit.py:644} INFO - 
[2025-05-03T16:43:01.654+0000] {spark_submit.py:644} INFO - 
[2025-05-03T16:43:02.240+0000] {spark_submit.py:644} INFO - 25/05/03 16:43:02 INFO SparkContext: Running Spark version 3.3.0
[2025-05-03T16:43:02.287+0000] {spark_submit.py:644} INFO - 25/05/03 16:43:02 WARN NativeCodeLoader: Unable to load native-hadoop library for your platform... using builtin-java classes where applicable
[2025-05-03T16:43:02.368+0000] {spark_submit.py:644} INFO - 25/05/03 16:43:02 INFO ResourceUtils: ==============================================================
[2025-05-03T16:43:02.369+0000] {spark_submit.py:644} INFO - 25/05/03 16:43:02 INFO ResourceUtils: No custom resources configured for spark.driver.
[2025-05-03T16:43:02.369+0000] {spark_submit.py:644} INFO - 25/05/03 16:43:02 INFO ResourceUtils: ==============================================================
[2025-05-03T16:43:02.370+0000] {spark_submit.py:644} INFO - 25/05/03 16:43:02 INFO SparkContext: Submitted application: BronzeToSilver
[2025-05-03T16:43:02.388+0000] {spark_submit.py:644} INFO - 25/05/03 16:43:02 INFO ResourceProfile: Default ResourceProfile created, executor resources: Map(cores -> name: cores, amount: 1, script: , vendor: , memory -> name: memory, amount: 1024, script: , vendor: , offHeap -> name: offHeap, amount: 0, script: , vendor: ), task resources: Map(cpus -> name: cpus, amount: 1.0)
[2025-05-03T16:43:02.395+0000] {spark_submit.py:644} INFO - 25/05/03 16:43:02 INFO ResourceProfile: Limiting resource is cpu
[2025-05-03T16:43:02.396+0000] {spark_submit.py:644} INFO - 25/05/03 16:43:02 INFO ResourceProfileManager: Added ResourceProfile id: 0
[2025-05-03T16:43:02.435+0000] {spark_submit.py:644} INFO - 25/05/03 16:43:02 INFO SecurityManager: Changing view acls to: root
[2025-05-03T16:43:02.435+0000] {spark_submit.py:644} INFO - 25/05/03 16:43:02 INFO SecurityManager: Changing modify acls to: root
[2025-05-03T16:43:02.436+0000] {spark_submit.py:644} INFO - 25/05/03 16:43:02 INFO SecurityManager: Changing view acls groups to:
[2025-05-03T16:43:02.436+0000] {spark_submit.py:644} INFO - 25/05/03 16:43:02 INFO SecurityManager: Changing modify acls groups to:
[2025-05-03T16:43:02.437+0000] {spark_submit.py:644} INFO - 25/05/03 16:43:02 INFO SecurityManager: SecurityManager: authentication disabled; ui acls disabled; users  with view permissions: Set(root); groups with view permissions: Set(); users  with modify permissions: Set(root); groups with modify permissions: Set()
[2025-05-03T16:43:02.655+0000] {spark_submit.py:644} INFO - 25/05/03 16:43:02 INFO Utils: Successfully started service 'sparkDriver' on port 33045.
[2025-05-03T16:43:02.686+0000] {spark_submit.py:644} INFO - 25/05/03 16:43:02 INFO SparkEnv: Registering MapOutputTracker
[2025-05-03T16:43:02.722+0000] {spark_submit.py:644} INFO - 25/05/03 16:43:02 INFO SparkEnv: Registering BlockManagerMaster
[2025-05-03T16:43:02.739+0000] {spark_submit.py:644} INFO - 25/05/03 16:43:02 INFO BlockManagerMasterEndpoint: Using org.apache.spark.storage.DefaultTopologyMapper for getting topology information
[2025-05-03T16:43:02.740+0000] {spark_submit.py:644} INFO - 25/05/03 16:43:02 INFO BlockManagerMasterEndpoint: BlockManagerMasterEndpoint up
[2025-05-03T16:43:02.744+0000] {spark_submit.py:644} INFO - 25/05/03 16:43:02 INFO SparkEnv: Registering BlockManagerMasterHeartbeat
[2025-05-03T16:43:02.765+0000] {spark_submit.py:644} INFO - 25/05/03 16:43:02 INFO DiskBlockManager: Created local directory at /tmp/blockmgr-077aacea-b19a-4ce0-8e94-1ad170eb6f15
[2025-05-03T16:43:02.779+0000] {spark_submit.py:644} INFO - 25/05/03 16:43:02 INFO MemoryStore: MemoryStore started with capacity 434.4 MiB
[2025-05-03T16:43:02.797+0000] {spark_submit.py:644} INFO - 25/05/03 16:43:02 INFO SparkEnv: Registering OutputCommitCoordinator
[2025-05-03T16:43:02.982+0000] {spark_submit.py:644} INFO - 25/05/03 16:43:02 INFO Utils: Successfully started service 'SparkUI' on port 4040.
[2025-05-03T16:43:03.100+0000] {spark_submit.py:644} INFO - 25/05/03 16:43:03 INFO StandaloneAppClient$ClientEndpoint: Connecting to master spark://spark-master:7077...
[2025-05-03T16:43:03.135+0000] {spark_submit.py:644} INFO - 25/05/03 16:43:03 INFO TransportClientFactory: Successfully created connection to spark-master/172.19.0.2:7077 after 19 ms (0 ms spent in bootstraps)
[2025-05-03T16:43:03.208+0000] {spark_submit.py:644} INFO - 25/05/03 16:43:03 INFO StandaloneSchedulerBackend: Connected to Spark cluster with app ID app-20250503164303-0011
[2025-05-03T16:43:03.212+0000] {spark_submit.py:644} INFO - 25/05/03 16:43:03 INFO StandaloneAppClient$ClientEndpoint: Executor added: app-20250503164303-0011/0 on worker-20250503145210-172.19.0.5-44931 (172.19.0.5:44931) with 2 core(s)
[2025-05-03T16:43:03.215+0000] {spark_submit.py:644} INFO - 25/05/03 16:43:03 INFO StandaloneSchedulerBackend: Granted executor ID app-20250503164303-0011/0 on hostPort 172.19.0.5:44931 with 2 core(s), 1024.0 MiB RAM
[2025-05-03T16:43:03.216+0000] {spark_submit.py:644} INFO - 25/05/03 16:43:03 INFO Utils: Successfully started service 'org.apache.spark.network.netty.NettyBlockTransferService' on port 43623.
[2025-05-03T16:43:03.217+0000] {spark_submit.py:644} INFO - 25/05/03 16:43:03 INFO NettyBlockTransferService: Server created on fc9aa3bec43b:43623
[2025-05-03T16:43:03.218+0000] {spark_submit.py:644} INFO - 25/05/03 16:43:03 INFO BlockManager: Using org.apache.spark.storage.RandomBlockReplicationPolicy for block replication policy
[2025-05-03T16:43:03.223+0000] {spark_submit.py:644} INFO - 25/05/03 16:43:03 INFO BlockManagerMaster: Registering BlockManager BlockManagerId(driver, fc9aa3bec43b, 43623, None)
[2025-05-03T16:43:03.226+0000] {spark_submit.py:644} INFO - 25/05/03 16:43:03 INFO BlockManagerMasterEndpoint: Registering block manager fc9aa3bec43b:43623 with 434.4 MiB RAM, BlockManagerId(driver, fc9aa3bec43b, 43623, None)
[2025-05-03T16:43:03.229+0000] {spark_submit.py:644} INFO - 25/05/03 16:43:03 INFO BlockManagerMaster: Registered BlockManager BlockManagerId(driver, fc9aa3bec43b, 43623, None)
[2025-05-03T16:43:03.230+0000] {spark_submit.py:644} INFO - 25/05/03 16:43:03 INFO BlockManager: Initialized BlockManager: BlockManagerId(driver, fc9aa3bec43b, 43623, None)
[2025-05-03T16:43:03.253+0000] {spark_submit.py:644} INFO - 25/05/03 16:43:03 INFO StandaloneAppClient$ClientEndpoint: Executor updated: app-20250503164303-0011/0 is now RUNNING
[2025-05-03T16:43:03.396+0000] {spark_submit.py:644} INFO - 25/05/03 16:43:03 INFO StandaloneSchedulerBackend: SchedulerBackend is ready for scheduling beginning after reached minRegisteredResourcesRatio: 0.0
[2025-05-03T16:43:03.557+0000] {spark_submit.py:644} INFO - 📂 Використовуємо latest_dir: /tmp/spark_data/bronze/athlete_event_results/20250503_164255
[2025-05-03T16:43:03.613+0000] {spark_submit.py:644} INFO - 25/05/03 16:43:03 INFO SharedState: Setting hive.metastore.warehouse.dir ('null') to the value of spark.sql.warehouse.dir.
[2025-05-03T16:43:03.620+0000] {spark_submit.py:644} INFO - 25/05/03 16:43:03 INFO SharedState: Warehouse path is 'file:/opt/airflow/spark-warehouse'.
[2025-05-03T16:43:04.349+0000] {spark_submit.py:644} INFO - 25/05/03 16:43:04 INFO InMemoryFileIndex: It took 36 ms to list leaf files for 1 paths.
[2025-05-03T16:43:04.869+0000] {spark_submit.py:644} INFO - 25/05/03 16:43:04 INFO SparkContext: Starting job: load at NativeMethodAccessorImpl.java:0
[2025-05-03T16:43:04.891+0000] {spark_submit.py:644} INFO - 25/05/03 16:43:04 INFO DAGScheduler: Got job 0 (load at NativeMethodAccessorImpl.java:0) with 1 output partitions
[2025-05-03T16:43:04.892+0000] {spark_submit.py:644} INFO - 25/05/03 16:43:04 INFO DAGScheduler: Final stage: ResultStage 0 (load at NativeMethodAccessorImpl.java:0)
[2025-05-03T16:43:04.893+0000] {spark_submit.py:644} INFO - 25/05/03 16:43:04 INFO DAGScheduler: Parents of final stage: List()
[2025-05-03T16:43:04.894+0000] {spark_submit.py:644} INFO - 25/05/03 16:43:04 INFO DAGScheduler: Missing parents: List()
[2025-05-03T16:43:04.899+0000] {spark_submit.py:644} INFO - 25/05/03 16:43:04 INFO DAGScheduler: Submitting ResultStage 0 (MapPartitionsRDD[1] at load at NativeMethodAccessorImpl.java:0), which has no missing parents
[2025-05-03T16:43:04.973+0000] {spark_submit.py:644} INFO - 25/05/03 16:43:04 INFO MemoryStore: Block broadcast_0 stored as values in memory (estimated size 102.6 KiB, free 434.3 MiB)
[2025-05-03T16:43:05.009+0000] {spark_submit.py:644} INFO - 25/05/03 16:43:05 INFO MemoryStore: Block broadcast_0_piece0 stored as bytes in memory (estimated size 36.8 KiB, free 434.3 MiB)
[2025-05-03T16:43:05.013+0000] {spark_submit.py:644} INFO - 25/05/03 16:43:05 INFO BlockManagerInfo: Added broadcast_0_piece0 in memory on fc9aa3bec43b:43623 (size: 36.8 KiB, free: 434.4 MiB)
[2025-05-03T16:43:05.018+0000] {spark_submit.py:644} INFO - 25/05/03 16:43:05 INFO SparkContext: Created broadcast 0 from broadcast at DAGScheduler.scala:1513
[2025-05-03T16:43:05.038+0000] {spark_submit.py:644} INFO - 25/05/03 16:43:05 INFO DAGScheduler: Submitting 1 missing tasks from ResultStage 0 (MapPartitionsRDD[1] at load at NativeMethodAccessorImpl.java:0) (first 15 tasks are for partitions Vector(0))
[2025-05-03T16:43:05.039+0000] {spark_submit.py:644} INFO - 25/05/03 16:43:05 INFO TaskSchedulerImpl: Adding task set 0.0 with 1 tasks resource profile 0
[2025-05-03T16:43:06.083+0000] {spark_submit.py:644} INFO - 25/05/03 16:43:06 INFO CoarseGrainedSchedulerBackend$DriverEndpoint: Registered executor NettyRpcEndpointRef(spark-client://Executor) (172.19.0.5:58300) with ID 0,  ResourceProfileId 0
[2025-05-03T16:43:06.153+0000] {spark_submit.py:644} INFO - 25/05/03 16:43:06 INFO BlockManagerMasterEndpoint: Registering block manager 172.19.0.5:42405 with 366.3 MiB RAM, BlockManagerId(0, 172.19.0.5, 42405, None)
[2025-05-03T16:43:06.226+0000] {spark_submit.py:644} INFO - 25/05/03 16:43:06 INFO TaskSetManager: Starting task 0.0 in stage 0.0 (TID 0) (172.19.0.5, executor 0, partition 0, PROCESS_LOCAL, 4685 bytes) taskResourceAssignments Map()
[2025-05-03T16:43:06.478+0000] {spark_submit.py:644} INFO - 25/05/03 16:43:06 INFO BlockManagerInfo: Added broadcast_0_piece0 in memory on 172.19.0.5:42405 (size: 36.8 KiB, free: 366.3 MiB)
[2025-05-03T16:43:07.465+0000] {spark_submit.py:644} INFO - 25/05/03 16:43:07 INFO TaskSetManager: Finished task 0.0 in stage 0.0 (TID 0) in 1254 ms on 172.19.0.5 (executor 0) (1/1)
[2025-05-03T16:43:07.466+0000] {spark_submit.py:644} INFO - 25/05/03 16:43:07 INFO TaskSchedulerImpl: Removed TaskSet 0.0, whose tasks have all completed, from pool
[2025-05-03T16:43:07.471+0000] {spark_submit.py:644} INFO - 25/05/03 16:43:07 INFO DAGScheduler: ResultStage 0 (load at NativeMethodAccessorImpl.java:0) finished in 2.543 s
[2025-05-03T16:43:07.473+0000] {spark_submit.py:644} INFO - 25/05/03 16:43:07 INFO DAGScheduler: Job 0 is finished. Cancelling potential speculative or zombie tasks for this job
[2025-05-03T16:43:07.473+0000] {spark_submit.py:644} INFO - 25/05/03 16:43:07 INFO TaskSchedulerImpl: Killing all running tasks in stage 0: Stage finished
[2025-05-03T16:43:07.475+0000] {spark_submit.py:644} INFO - 25/05/03 16:43:07 INFO DAGScheduler: Job 0 finished: load at NativeMethodAccessorImpl.java:0, took 2.605638 s
[2025-05-03T16:43:07.829+0000] {spark_submit.py:644} INFO - 25/05/03 16:43:07 INFO BlockManagerInfo: Removed broadcast_0_piece0 on fc9aa3bec43b:43623 in memory (size: 36.8 KiB, free: 434.4 MiB)
[2025-05-03T16:43:07.839+0000] {spark_submit.py:644} INFO - 25/05/03 16:43:07 INFO BlockManagerInfo: Removed broadcast_0_piece0 on 172.19.0.5:42405 in memory (size: 36.8 KiB, free: 366.3 MiB)
[2025-05-03T16:43:08.749+0000] {spark_submit.py:644} INFO - Traceback (most recent call last):
[2025-05-03T16:43:08.750+0000] {spark_submit.py:644} INFO - File "/opt/airflow/dags/bronze_to_silver.py", line 50, in <module>
[2025-05-03T16:43:08.788+0000] {spark_submit.py:644} INFO - process_table(table)
[2025-05-03T16:43:08.788+0000] {spark_submit.py:644} INFO - File "/opt/airflow/dags/bronze_to_silver.py", line 34, in process_table
[2025-05-03T16:43:08.788+0000] {spark_submit.py:644} INFO - df_cleaned = clean_dataframe(df)
[2025-05-03T16:43:08.788+0000] {spark_submit.py:644} INFO - File "/opt/airflow/dags/bronze_to_silver.py", line 14, in clean_dataframe
[2025-05-03T16:43:08.788+0000] {spark_submit.py:644} INFO - df = df.withColumn(column, df[column].alias(column)) \
[2025-05-03T16:43:08.789+0000] {spark_submit.py:644} INFO - File "/home/airflow/.local/lib/python3.10/site-packages/pyspark/python/lib/pyspark.zip/pyspark/sql/dataframe.py", line 2686, in replace
[2025-05-03T16:43:08.789+0000] {spark_submit.py:644} INFO - TypeError: to_replace should be a bool, float, int, string, list, tuple, or dict. Got <class 'NoneType'>
[2025-05-03T16:43:08.789+0000] {spark_submit.py:644} INFO - 25/05/03 16:43:08 INFO SparkContext: Invoking stop() from shutdown hook
[2025-05-03T16:43:08.792+0000] {spark_submit.py:644} INFO - 25/05/03 16:43:08 INFO SparkUI: Stopped Spark web UI at http://fc9aa3bec43b:4040
[2025-05-03T16:43:08.795+0000] {spark_submit.py:644} INFO - 25/05/03 16:43:08 INFO StandaloneSchedulerBackend: Shutting down all executors
[2025-05-03T16:43:08.796+0000] {spark_submit.py:644} INFO - 25/05/03 16:43:08 INFO CoarseGrainedSchedulerBackend$DriverEndpoint: Asking each executor to shut down
[2025-05-03T16:43:08.812+0000] {spark_submit.py:644} INFO - 25/05/03 16:43:08 INFO MapOutputTrackerMasterEndpoint: MapOutputTrackerMasterEndpoint stopped!
[2025-05-03T16:43:08.830+0000] {spark_submit.py:644} INFO - 25/05/03 16:43:08 INFO MemoryStore: MemoryStore cleared
[2025-05-03T16:43:08.831+0000] {spark_submit.py:644} INFO - 25/05/03 16:43:08 INFO BlockManager: BlockManager stopped
[2025-05-03T16:43:08.839+0000] {spark_submit.py:644} INFO - 25/05/03 16:43:08 INFO BlockManagerMaster: BlockManagerMaster stopped
[2025-05-03T16:43:08.841+0000] {spark_submit.py:644} INFO - 25/05/03 16:43:08 INFO OutputCommitCoordinator$OutputCommitCoordinatorEndpoint: OutputCommitCoordinator stopped!
[2025-05-03T16:43:08.857+0000] {spark_submit.py:644} INFO - 25/05/03 16:43:08 INFO SparkContext: Successfully stopped SparkContext
[2025-05-03T16:43:08.858+0000] {spark_submit.py:644} INFO - 25/05/03 16:43:08 INFO ShutdownHookManager: Shutdown hook called
[2025-05-03T16:43:08.859+0000] {spark_submit.py:644} INFO - 25/05/03 16:43:08 INFO ShutdownHookManager: Deleting directory /tmp/spark-7f67bb57-560b-4096-b8b4-c3c7f082bceb
[2025-05-03T16:43:08.863+0000] {spark_submit.py:644} INFO - 25/05/03 16:43:08 INFO ShutdownHookManager: Deleting directory /tmp/spark-7f67bb57-560b-4096-b8b4-c3c7f082bceb/pyspark-cd97d7b5-7768-4f1c-bbdd-98ba16abd400
[2025-05-03T16:43:08.866+0000] {spark_submit.py:644} INFO - 25/05/03 16:43:08 INFO ShutdownHookManager: Deleting directory /tmp/spark-8c8795b1-b694-4575-90f8-5a1e158a9856
[2025-05-03T16:43:08.899+0000] {taskinstance.py:441} INFO - ::group::Post task execution logs
[2025-05-03T16:43:08.938+0000] {taskinstance.py:2905} ERROR - Task failed with exception
Traceback (most recent call last):
  File "/home/airflow/.local/lib/python3.10/site-packages/airflow/models/taskinstance.py", line 465, in _execute_task
    result = _execute_callable(context=context, **execute_callable_kwargs)
  File "/home/airflow/.local/lib/python3.10/site-packages/airflow/models/taskinstance.py", line 432, in _execute_callable
    return execute_callable(context=context, **execute_callable_kwargs)
  File "/home/airflow/.local/lib/python3.10/site-packages/airflow/models/baseoperator.py", line 400, in wrapper
    return func(self, *args, **kwargs)
  File "/home/airflow/.local/lib/python3.10/site-packages/airflow/providers/apache/spark/operators/spark_submit.py", line 197, in execute
    self._hook.submit(self.application)
  File "/home/airflow/.local/lib/python3.10/site-packages/airflow/providers/apache/spark/hooks/spark_submit.py", line 566, in submit
    raise AirflowException(
airflow.exceptions.AirflowException: Cannot execute: spark-submit --master spark://spark-master:7077 --conf spark.master=spark://spark-master:7077 --name BronzeToSilver --verbose --queue root.default --deploy-mode client /opt/airflow/dags/bronze_to_silver.py. Error code is: 1.
[2025-05-03T16:43:08.951+0000] {taskinstance.py:1206} INFO - Marking task as FAILED. dag_id=final_project_BBDL, task_id=BronzeToSilver, run_id=manual__2025-05-03T16:42:30.243433+00:00, execution_date=20250503T164230, start_date=20250503T164259, end_date=20250503T164308
[2025-05-03T16:43:09.017+0000] {standard_task_runner.py:110} ERROR - Failed to execute job 55 for task BronzeToSilver (Cannot execute: spark-submit --master spark://spark-master:7077 --conf spark.master=spark://spark-master:7077 --name BronzeToSilver --verbose --queue root.default --deploy-mode client /opt/airflow/dags/bronze_to_silver.py. Error code is: 1.; 5236)
[2025-05-03T16:43:09.032+0000] {local_task_job_runner.py:240} INFO - Task exited with return code 1
[2025-05-03T16:43:09.076+0000] {taskinstance.py:3498} INFO - 0 downstream tasks scheduled from follow-on schedule check
[2025-05-03T16:43:09.116+0000] {local_task_job_runner.py:222} INFO - ::endgroup::
