[2025-05-01T13:36:18.529+0000] {local_task_job_runner.py:120} INFO - ::group::Pre task execution logs
[2025-05-01T13:36:18.602+0000] {taskinstance.py:2076} INFO - Dependencies all met for dep_context=non-requeueable deps ti=<TaskInstance: final_project_BBDL.LandingToBronze manual__2025-05-01T13:36:17.223439+00:00 [queued]>
[2025-05-01T13:36:18.609+0000] {taskinstance.py:2076} INFO - Dependencies all met for dep_context=requeueable deps ti=<TaskInstance: final_project_BBDL.LandingToBronze manual__2025-05-01T13:36:17.223439+00:00 [queued]>
[2025-05-01T13:36:18.610+0000] {taskinstance.py:2306} INFO - Starting attempt 1 of 1
[2025-05-01T13:36:18.642+0000] {taskinstance.py:2330} INFO - Executing <Task(SparkSubmitOperator): LandingToBronze> on 2025-05-01 13:36:17.223439+00:00
[2025-05-01T13:36:18.645+0000] {standard_task_runner.py:63} INFO - Started process 734 to run task
[2025-05-01T13:36:18.648+0000] {standard_task_runner.py:90} INFO - Running: ['airflow', 'tasks', 'run', 'final_project_BBDL', 'LandingToBronze', 'manual__2025-05-01T13:36:17.223439+00:00', '--job-id', '5', '--raw', '--subdir', 'DAGS_FOLDER/project_solution.py', '--cfg-path', '/tmp/tmpe8xv1hb5']
[2025-05-01T13:36:18.650+0000] {standard_task_runner.py:91} INFO - Job 5: Subtask LandingToBronze
[2025-05-01T13:36:18.717+0000] {logging_mixin.py:188} WARNING - /home/airflow/.local/lib/python3.10/site-packages/airflow/settings.py:195 DeprecationWarning: The sql_alchemy_conn option in [core] has been moved to the sql_alchemy_conn option in [database] - the old setting has been used, but please update your config.
[2025-05-01T13:36:18.810+0000] {task_command.py:426} INFO - Running <TaskInstance: final_project_BBDL.LandingToBronze manual__2025-05-01T13:36:17.223439+00:00 [running]> on host 04f32c845fd6
[2025-05-01T13:36:19.044+0000] {taskinstance.py:2648} INFO - Exporting env vars: AIRFLOW_CTX_DAG_OWNER='airflow' AIRFLOW_CTX_DAG_ID='final_project_BBDL' AIRFLOW_CTX_TASK_ID='LandingToBronze' AIRFLOW_CTX_EXECUTION_DATE='2025-05-01T13:36:17.223439+00:00' AIRFLOW_CTX_TRY_NUMBER='1' AIRFLOW_CTX_DAG_RUN_ID='manual__2025-05-01T13:36:17.223439+00:00'
[2025-05-01T13:36:19.045+0000] {taskinstance.py:430} INFO - ::endgroup::
[2025-05-01T13:36:19.105+0000] {base.py:84} INFO - Using connection ID 'spark_default' for task execution.
[2025-05-01T13:36:19.106+0000] {spark_submit.py:474} INFO - Spark-Submit cmd: spark-submit --master spark://spark-master:7077 --conf spark.master=spark://spark-master:7077 --name LandingToBronze --verbose --queue root.default --deploy-mode client /opt/airflow/dags/landing_to_bronze.py
[2025-05-01T13:36:21.371+0000] {spark_submit.py:644} INFO - Using properties file: null
[2025-05-01T13:36:21.501+0000] {spark_submit.py:644} INFO - Parsed arguments:
[2025-05-01T13:36:21.501+0000] {spark_submit.py:644} INFO - master                  spark://spark-master:7077
[2025-05-01T13:36:21.501+0000] {spark_submit.py:644} INFO - deployMode              client
[2025-05-01T13:36:21.501+0000] {spark_submit.py:644} INFO - executorMemory          null
[2025-05-01T13:36:21.501+0000] {spark_submit.py:644} INFO - executorCores           null
[2025-05-01T13:36:21.501+0000] {spark_submit.py:644} INFO - totalExecutorCores      null
[2025-05-01T13:36:21.502+0000] {spark_submit.py:644} INFO - propertiesFile          null
[2025-05-01T13:36:21.502+0000] {spark_submit.py:644} INFO - driverMemory            null
[2025-05-01T13:36:21.502+0000] {spark_submit.py:644} INFO - driverCores             null
[2025-05-01T13:36:21.502+0000] {spark_submit.py:644} INFO - driverExtraClassPath    null
[2025-05-01T13:36:21.502+0000] {spark_submit.py:644} INFO - driverExtraLibraryPath  null
[2025-05-01T13:36:21.502+0000] {spark_submit.py:644} INFO - driverExtraJavaOptions  null
[2025-05-01T13:36:21.502+0000] {spark_submit.py:644} INFO - supervise               false
[2025-05-01T13:36:21.502+0000] {spark_submit.py:644} INFO - queue                   root.default
[2025-05-01T13:36:21.502+0000] {spark_submit.py:644} INFO - numExecutors            null
[2025-05-01T13:36:21.503+0000] {spark_submit.py:644} INFO - files                   null
[2025-05-01T13:36:21.503+0000] {spark_submit.py:644} INFO - pyFiles                 null
[2025-05-01T13:36:21.503+0000] {spark_submit.py:644} INFO - archives                null
[2025-05-01T13:36:21.503+0000] {spark_submit.py:644} INFO - mainClass               null
[2025-05-01T13:36:21.503+0000] {spark_submit.py:644} INFO - primaryResource         file:/opt/airflow/dags/landing_to_bronze.py
[2025-05-01T13:36:21.503+0000] {spark_submit.py:644} INFO - name                    LandingToBronze
[2025-05-01T13:36:21.503+0000] {spark_submit.py:644} INFO - childArgs               []
[2025-05-01T13:36:21.503+0000] {spark_submit.py:644} INFO - jars                    null
[2025-05-01T13:36:21.503+0000] {spark_submit.py:644} INFO - packages                null
[2025-05-01T13:36:21.503+0000] {spark_submit.py:644} INFO - packagesExclusions      null
[2025-05-01T13:36:21.504+0000] {spark_submit.py:644} INFO - repositories            null
[2025-05-01T13:36:21.504+0000] {spark_submit.py:644} INFO - verbose                 true
[2025-05-01T13:36:21.504+0000] {spark_submit.py:644} INFO - 
[2025-05-01T13:36:21.504+0000] {spark_submit.py:644} INFO - Spark properties used, including those specified through
[2025-05-01T13:36:21.504+0000] {spark_submit.py:644} INFO - --conf and those from the properties file null:
[2025-05-01T13:36:21.504+0000] {spark_submit.py:644} INFO - (spark.master,spark://spark-master:7077)
[2025-05-01T13:36:21.504+0000] {spark_submit.py:644} INFO - 
[2025-05-01T13:36:21.504+0000] {spark_submit.py:644} INFO - 
[2025-05-01T13:36:21.948+0000] {spark_submit.py:644} INFO - Main class:
[2025-05-01T13:36:21.948+0000] {spark_submit.py:644} INFO - org.apache.spark.deploy.PythonRunner
[2025-05-01T13:36:21.948+0000] {spark_submit.py:644} INFO - Arguments:
[2025-05-01T13:36:21.949+0000] {spark_submit.py:644} INFO - file:/opt/airflow/dags/landing_to_bronze.py
[2025-05-01T13:36:21.949+0000] {spark_submit.py:644} INFO - null
[2025-05-01T13:36:21.952+0000] {spark_submit.py:644} INFO - Spark config:
[2025-05-01T13:36:21.952+0000] {spark_submit.py:644} INFO - (spark.app.name,LandingToBronze)
[2025-05-01T13:36:21.952+0000] {spark_submit.py:644} INFO - (spark.app.submitTime,1746106581931)
[2025-05-01T13:36:21.952+0000] {spark_submit.py:644} INFO - (spark.master,spark://spark-master:7077)
[2025-05-01T13:36:21.952+0000] {spark_submit.py:644} INFO - (spark.submit.deployMode,client)
[2025-05-01T13:36:21.952+0000] {spark_submit.py:644} INFO - (spark.submit.pyFiles,)
[2025-05-01T13:36:21.952+0000] {spark_submit.py:644} INFO - Classpath elements:
[2025-05-01T13:36:21.952+0000] {spark_submit.py:644} INFO - 
[2025-05-01T13:36:21.952+0000] {spark_submit.py:644} INFO - 
[2025-05-01T13:36:21.953+0000] {spark_submit.py:644} INFO - 
[2025-05-01T13:36:23.326+0000] {spark_submit.py:644} INFO - 25/05/01 13:36:23 INFO SparkContext: Running Spark version 3.3.0
[2025-05-01T13:36:23.424+0000] {spark_submit.py:644} INFO - 25/05/01 13:36:23 WARN NativeCodeLoader: Unable to load native-hadoop library for your platform... using builtin-java classes where applicable
[2025-05-01T13:36:23.558+0000] {spark_submit.py:644} INFO - 25/05/01 13:36:23 INFO ResourceUtils: ==============================================================
[2025-05-01T13:36:23.558+0000] {spark_submit.py:644} INFO - 25/05/01 13:36:23 INFO ResourceUtils: No custom resources configured for spark.driver.
[2025-05-01T13:36:23.558+0000] {spark_submit.py:644} INFO - 25/05/01 13:36:23 INFO ResourceUtils: ==============================================================
[2025-05-01T13:36:23.559+0000] {spark_submit.py:644} INFO - 25/05/01 13:36:23 INFO SparkContext: Submitted application: LandingToBronze
[2025-05-01T13:36:23.585+0000] {spark_submit.py:644} INFO - 25/05/01 13:36:23 INFO ResourceProfile: Default ResourceProfile created, executor resources: Map(cores -> name: cores, amount: 1, script: , vendor: , memory -> name: memory, amount: 1024, script: , vendor: , offHeap -> name: offHeap, amount: 0, script: , vendor: ), task resources: Map(cpus -> name: cpus, amount: 1.0)
[2025-05-01T13:36:23.592+0000] {spark_submit.py:644} INFO - 25/05/01 13:36:23 INFO ResourceProfile: Limiting resource is cpu
[2025-05-01T13:36:23.593+0000] {spark_submit.py:644} INFO - 25/05/01 13:36:23 INFO ResourceProfileManager: Added ResourceProfile id: 0
[2025-05-01T13:36:23.665+0000] {spark_submit.py:644} INFO - 25/05/01 13:36:23 INFO SecurityManager: Changing view acls to: airflow
[2025-05-01T13:36:23.666+0000] {spark_submit.py:644} INFO - 25/05/01 13:36:23 INFO SecurityManager: Changing modify acls to: airflow
[2025-05-01T13:36:23.666+0000] {spark_submit.py:644} INFO - 25/05/01 13:36:23 INFO SecurityManager: Changing view acls groups to:
[2025-05-01T13:36:23.667+0000] {spark_submit.py:644} INFO - 25/05/01 13:36:23 INFO SecurityManager: Changing modify acls groups to:
[2025-05-01T13:36:23.668+0000] {spark_submit.py:644} INFO - 25/05/01 13:36:23 INFO SecurityManager: SecurityManager: authentication disabled; ui acls disabled; users  with view permissions: Set(airflow); groups with view permissions: Set(); users  with modify permissions: Set(airflow); groups with modify permissions: Set()
[2025-05-01T13:36:24.010+0000] {spark_submit.py:644} INFO - 25/05/01 13:36:24 INFO Utils: Successfully started service 'sparkDriver' on port 44285.
[2025-05-01T13:36:24.059+0000] {spark_submit.py:644} INFO - 25/05/01 13:36:24 INFO SparkEnv: Registering MapOutputTracker
[2025-05-01T13:36:24.098+0000] {spark_submit.py:644} INFO - 25/05/01 13:36:24 INFO SparkEnv: Registering BlockManagerMaster
[2025-05-01T13:36:24.124+0000] {spark_submit.py:644} INFO - 25/05/01 13:36:24 INFO BlockManagerMasterEndpoint: Using org.apache.spark.storage.DefaultTopologyMapper for getting topology information
[2025-05-01T13:36:24.125+0000] {spark_submit.py:644} INFO - 25/05/01 13:36:24 INFO BlockManagerMasterEndpoint: BlockManagerMasterEndpoint up
[2025-05-01T13:36:24.129+0000] {spark_submit.py:644} INFO - 25/05/01 13:36:24 INFO SparkEnv: Registering BlockManagerMasterHeartbeat
[2025-05-01T13:36:24.182+0000] {spark_submit.py:644} INFO - 25/05/01 13:36:24 INFO DiskBlockManager: Created local directory at /tmp/blockmgr-77ba910f-dba6-4f07-9553-915b238fb871
[2025-05-01T13:36:24.203+0000] {spark_submit.py:644} INFO - 25/05/01 13:36:24 INFO MemoryStore: MemoryStore started with capacity 434.4 MiB
[2025-05-01T13:36:24.220+0000] {spark_submit.py:644} INFO - 25/05/01 13:36:24 INFO SparkEnv: Registering OutputCommitCoordinator
[2025-05-01T13:36:24.470+0000] {spark_submit.py:644} INFO - 25/05/01 13:36:24 INFO Utils: Successfully started service 'SparkUI' on port 4040.
[2025-05-01T13:36:24.636+0000] {spark_submit.py:644} INFO - 25/05/01 13:36:24 INFO StandaloneAppClient$ClientEndpoint: Connecting to master spark://spark-master:7077...
[2025-05-01T13:36:27.994+0000] {spark_submit.py:644} INFO - 25/05/01 13:36:27 WARN TransportClientFactory: DNS resolution failed for spark-master/<unresolved>:7077 took 3340 ms
[2025-05-01T13:36:28.024+0000] {spark_submit.py:644} INFO - 25/05/01 13:36:28 WARN StandaloneAppClient$ClientEndpoint: Failed to connect to master spark-master:7077
[2025-05-01T13:36:28.025+0000] {spark_submit.py:644} INFO - org.apache.spark.SparkException: Exception thrown in awaitResult:
[2025-05-01T13:36:28.025+0000] {spark_submit.py:644} INFO - at org.apache.spark.util.ThreadUtils$.awaitResult(ThreadUtils.scala:301)
[2025-05-01T13:36:28.025+0000] {spark_submit.py:644} INFO - at org.apache.spark.rpc.RpcTimeout.awaitResult(RpcTimeout.scala:75)
[2025-05-01T13:36:28.025+0000] {spark_submit.py:644} INFO - at org.apache.spark.rpc.RpcEnv.setupEndpointRefByURI(RpcEnv.scala:102)
[2025-05-01T13:36:28.025+0000] {spark_submit.py:644} INFO - at org.apache.spark.rpc.RpcEnv.setupEndpointRef(RpcEnv.scala:110)
[2025-05-01T13:36:28.025+0000] {spark_submit.py:644} INFO - at org.apache.spark.deploy.client.StandaloneAppClient$ClientEndpoint$$anon$1.run(StandaloneAppClient.scala:107)
[2025-05-01T13:36:28.025+0000] {spark_submit.py:644} INFO - at java.base/java.util.concurrent.Executors$RunnableAdapter.call(Executors.java:539)
[2025-05-01T13:36:28.025+0000] {spark_submit.py:644} INFO - at java.base/java.util.concurrent.FutureTask.run(FutureTask.java:264)
[2025-05-01T13:36:28.026+0000] {spark_submit.py:644} INFO - at java.base/java.util.concurrent.ThreadPoolExecutor.runWorker(ThreadPoolExecutor.java:1136)
[2025-05-01T13:36:28.026+0000] {spark_submit.py:644} INFO - at java.base/java.util.concurrent.ThreadPoolExecutor$Worker.run(ThreadPoolExecutor.java:635)
[2025-05-01T13:36:28.026+0000] {spark_submit.py:644} INFO - at java.base/java.lang.Thread.run(Thread.java:840)
[2025-05-01T13:36:28.026+0000] {spark_submit.py:644} INFO - Caused by: java.io.IOException: Failed to connect to spark-master/<unresolved>:7077
[2025-05-01T13:36:28.026+0000] {spark_submit.py:644} INFO - at org.apache.spark.network.client.TransportClientFactory.createClient(TransportClientFactory.java:288)
[2025-05-01T13:36:28.026+0000] {spark_submit.py:644} INFO - at org.apache.spark.network.client.TransportClientFactory.createClient(TransportClientFactory.java:218)
[2025-05-01T13:36:28.026+0000] {spark_submit.py:644} INFO - at org.apache.spark.network.client.TransportClientFactory.createClient(TransportClientFactory.java:230)
[2025-05-01T13:36:28.026+0000] {spark_submit.py:644} INFO - at org.apache.spark.rpc.netty.NettyRpcEnv.createClient(NettyRpcEnv.scala:204)
[2025-05-01T13:36:28.026+0000] {spark_submit.py:644} INFO - at org.apache.spark.rpc.netty.Outbox$$anon$1.call(Outbox.scala:202)
[2025-05-01T13:36:28.026+0000] {spark_submit.py:644} INFO - at org.apache.spark.rpc.netty.Outbox$$anon$1.call(Outbox.scala:198)
[2025-05-01T13:36:28.026+0000] {spark_submit.py:644} INFO - ... 4 more
[2025-05-01T13:36:28.026+0000] {spark_submit.py:644} INFO - Caused by: java.net.UnknownHostException: spark-master
[2025-05-01T13:36:28.026+0000] {spark_submit.py:644} INFO - at java.base/java.net.InetAddress$CachedAddresses.get(InetAddress.java:801)
[2025-05-01T13:36:28.027+0000] {spark_submit.py:644} INFO - at java.base/java.net.InetAddress.getAllByName0(InetAddress.java:1533)
[2025-05-01T13:36:28.027+0000] {spark_submit.py:644} INFO - at java.base/java.net.InetAddress.getAllByName(InetAddress.java:1385)
[2025-05-01T13:36:28.027+0000] {spark_submit.py:644} INFO - at java.base/java.net.InetAddress.getAllByName(InetAddress.java:1306)
[2025-05-01T13:36:28.027+0000] {spark_submit.py:644} INFO - at java.base/java.net.InetAddress.getByName(InetAddress.java:1256)
[2025-05-01T13:36:28.027+0000] {spark_submit.py:644} INFO - at io.netty.util.internal.SocketUtils$8.run(SocketUtils.java:156)
[2025-05-01T13:36:28.027+0000] {spark_submit.py:644} INFO - at io.netty.util.internal.SocketUtils$8.run(SocketUtils.java:153)
[2025-05-01T13:36:28.027+0000] {spark_submit.py:644} INFO - at java.base/java.security.AccessController.doPrivileged(AccessController.java:569)
[2025-05-01T13:36:28.027+0000] {spark_submit.py:644} INFO - at io.netty.util.internal.SocketUtils.addressByName(SocketUtils.java:153)
[2025-05-01T13:36:28.027+0000] {spark_submit.py:644} INFO - at io.netty.resolver.DefaultNameResolver.doResolve(DefaultNameResolver.java:41)
[2025-05-01T13:36:28.027+0000] {spark_submit.py:644} INFO - at io.netty.resolver.SimpleNameResolver.resolve(SimpleNameResolver.java:61)
[2025-05-01T13:36:28.027+0000] {spark_submit.py:644} INFO - at io.netty.resolver.SimpleNameResolver.resolve(SimpleNameResolver.java:53)
[2025-05-01T13:36:28.028+0000] {spark_submit.py:644} INFO - at io.netty.resolver.InetSocketAddressResolver.doResolve(InetSocketAddressResolver.java:55)
[2025-05-01T13:36:28.028+0000] {spark_submit.py:644} INFO - at io.netty.resolver.InetSocketAddressResolver.doResolve(InetSocketAddressResolver.java:31)
[2025-05-01T13:36:28.028+0000] {spark_submit.py:644} INFO - at io.netty.resolver.AbstractAddressResolver.resolve(AbstractAddressResolver.java:106)
[2025-05-01T13:36:28.028+0000] {spark_submit.py:644} INFO - at io.netty.bootstrap.Bootstrap.doResolveAndConnect0(Bootstrap.java:206)
[2025-05-01T13:36:28.028+0000] {spark_submit.py:644} INFO - at io.netty.bootstrap.Bootstrap.access$000(Bootstrap.java:46)
[2025-05-01T13:36:28.028+0000] {spark_submit.py:644} INFO - at io.netty.bootstrap.Bootstrap$1.operationComplete(Bootstrap.java:180)
[2025-05-01T13:36:28.028+0000] {spark_submit.py:644} INFO - at io.netty.bootstrap.Bootstrap$1.operationComplete(Bootstrap.java:166)
[2025-05-01T13:36:28.028+0000] {spark_submit.py:644} INFO - at io.netty.util.concurrent.DefaultPromise.notifyListener0(DefaultPromise.java:578)
[2025-05-01T13:36:28.028+0000] {spark_submit.py:644} INFO - at io.netty.util.concurrent.DefaultPromise.notifyListenersNow(DefaultPromise.java:552)
[2025-05-01T13:36:28.028+0000] {spark_submit.py:644} INFO - at io.netty.util.concurrent.DefaultPromise.notifyListeners(DefaultPromise.java:491)
[2025-05-01T13:36:28.028+0000] {spark_submit.py:644} INFO - at io.netty.util.concurrent.DefaultPromise.setValue0(DefaultPromise.java:616)
[2025-05-01T13:36:28.028+0000] {spark_submit.py:644} INFO - at io.netty.util.concurrent.DefaultPromise.setSuccess0(DefaultPromise.java:605)
[2025-05-01T13:36:28.029+0000] {spark_submit.py:644} INFO - at io.netty.util.concurrent.DefaultPromise.trySuccess(DefaultPromise.java:104)
[2025-05-01T13:36:28.029+0000] {spark_submit.py:644} INFO - at io.netty.channel.DefaultChannelPromise.trySuccess(DefaultChannelPromise.java:84)
[2025-05-01T13:36:28.029+0000] {spark_submit.py:644} INFO - at io.netty.channel.AbstractChannel$AbstractUnsafe.safeSetSuccess(AbstractChannel.java:990)
[2025-05-01T13:36:28.029+0000] {spark_submit.py:644} INFO - at io.netty.channel.AbstractChannel$AbstractUnsafe.register0(AbstractChannel.java:516)
[2025-05-01T13:36:28.029+0000] {spark_submit.py:644} INFO - at io.netty.channel.AbstractChannel$AbstractUnsafe.access$200(AbstractChannel.java:429)
[2025-05-01T13:36:28.029+0000] {spark_submit.py:644} INFO - at io.netty.channel.AbstractChannel$AbstractUnsafe$1.run(AbstractChannel.java:486)
[2025-05-01T13:36:28.029+0000] {spark_submit.py:644} INFO - at io.netty.util.concurrent.AbstractEventExecutor.safeExecute(AbstractEventExecutor.java:164)
[2025-05-01T13:36:28.029+0000] {spark_submit.py:644} INFO - at io.netty.util.concurrent.SingleThreadEventExecutor.runAllTasks(SingleThreadEventExecutor.java:469)
[2025-05-01T13:36:28.029+0000] {spark_submit.py:644} INFO - at io.netty.channel.nio.NioEventLoop.run(NioEventLoop.java:503)
[2025-05-01T13:36:28.029+0000] {spark_submit.py:644} INFO - at io.netty.util.concurrent.SingleThreadEventExecutor$4.run(SingleThreadEventExecutor.java:986)
[2025-05-01T13:36:28.029+0000] {spark_submit.py:644} INFO - at io.netty.util.internal.ThreadExecutorMap$2.run(ThreadExecutorMap.java:74)
[2025-05-01T13:36:28.029+0000] {spark_submit.py:644} INFO - at io.netty.util.concurrent.FastThreadLocalRunnable.run(FastThreadLocalRunnable.java:30)
[2025-05-01T13:36:28.029+0000] {spark_submit.py:644} INFO - ... 1 more
[2025-05-01T13:36:44.584+0000] {spark_submit.py:644} INFO - 25/05/01 13:36:44 INFO StandaloneAppClient$ClientEndpoint: Connecting to master spark://spark-master:7077...
[2025-05-01T13:36:47.918+0000] {spark_submit.py:644} INFO - 25/05/01 13:36:47 WARN TransportClientFactory: DNS resolution failed for spark-master/<unresolved>:7077 took 3331 ms
[2025-05-01T13:36:47.923+0000] {spark_submit.py:644} INFO - 25/05/01 13:36:47 WARN StandaloneAppClient$ClientEndpoint: Failed to connect to master spark-master:7077
[2025-05-01T13:36:47.923+0000] {spark_submit.py:644} INFO - org.apache.spark.SparkException: Exception thrown in awaitResult:
[2025-05-01T13:36:47.924+0000] {spark_submit.py:644} INFO - at org.apache.spark.util.ThreadUtils$.awaitResult(ThreadUtils.scala:301)
[2025-05-01T13:36:47.924+0000] {spark_submit.py:644} INFO - at org.apache.spark.rpc.RpcTimeout.awaitResult(RpcTimeout.scala:75)
[2025-05-01T13:36:47.924+0000] {spark_submit.py:644} INFO - at org.apache.spark.rpc.RpcEnv.setupEndpointRefByURI(RpcEnv.scala:102)
[2025-05-01T13:36:47.924+0000] {spark_submit.py:644} INFO - at org.apache.spark.rpc.RpcEnv.setupEndpointRef(RpcEnv.scala:110)
[2025-05-01T13:36:47.924+0000] {spark_submit.py:644} INFO - at org.apache.spark.deploy.client.StandaloneAppClient$ClientEndpoint$$anon$1.run(StandaloneAppClient.scala:107)
[2025-05-01T13:36:47.925+0000] {spark_submit.py:644} INFO - at java.base/java.util.concurrent.Executors$RunnableAdapter.call(Executors.java:539)
[2025-05-01T13:36:47.925+0000] {spark_submit.py:644} INFO - at java.base/java.util.concurrent.FutureTask.run(FutureTask.java:264)
[2025-05-01T13:36:47.925+0000] {spark_submit.py:644} INFO - at java.base/java.util.concurrent.ThreadPoolExecutor.runWorker(ThreadPoolExecutor.java:1136)
[2025-05-01T13:36:47.925+0000] {spark_submit.py:644} INFO - at java.base/java.util.concurrent.ThreadPoolExecutor$Worker.run(ThreadPoolExecutor.java:635)
[2025-05-01T13:36:47.926+0000] {spark_submit.py:644} INFO - at java.base/java.lang.Thread.run(Thread.java:840)
[2025-05-01T13:36:47.926+0000] {spark_submit.py:644} INFO - Caused by: java.io.IOException: Failed to connect to spark-master/<unresolved>:7077
[2025-05-01T13:36:47.926+0000] {spark_submit.py:644} INFO - at org.apache.spark.network.client.TransportClientFactory.createClient(TransportClientFactory.java:288)
[2025-05-01T13:36:47.927+0000] {spark_submit.py:644} INFO - at org.apache.spark.network.client.TransportClientFactory.createClient(TransportClientFactory.java:218)
[2025-05-01T13:36:47.927+0000] {spark_submit.py:644} INFO - at org.apache.spark.network.client.TransportClientFactory.createClient(TransportClientFactory.java:230)
[2025-05-01T13:36:47.927+0000] {spark_submit.py:644} INFO - at org.apache.spark.rpc.netty.NettyRpcEnv.createClient(NettyRpcEnv.scala:204)
[2025-05-01T13:36:47.927+0000] {spark_submit.py:644} INFO - at org.apache.spark.rpc.netty.Outbox$$anon$1.call(Outbox.scala:202)
[2025-05-01T13:36:47.927+0000] {spark_submit.py:644} INFO - at org.apache.spark.rpc.netty.Outbox$$anon$1.call(Outbox.scala:198)
[2025-05-01T13:36:47.927+0000] {spark_submit.py:644} INFO - ... 4 more
[2025-05-01T13:36:47.927+0000] {spark_submit.py:644} INFO - Caused by: java.net.UnknownHostException: spark-master
[2025-05-01T13:36:47.927+0000] {spark_submit.py:644} INFO - at java.base/java.net.InetAddress$CachedAddresses.get(InetAddress.java:801)
[2025-05-01T13:36:47.927+0000] {spark_submit.py:644} INFO - at java.base/java.net.InetAddress.getAllByName0(InetAddress.java:1533)
[2025-05-01T13:36:47.927+0000] {spark_submit.py:644} INFO - at java.base/java.net.InetAddress.getAllByName(InetAddress.java:1385)
[2025-05-01T13:36:47.928+0000] {spark_submit.py:644} INFO - at java.base/java.net.InetAddress.getAllByName(InetAddress.java:1306)
[2025-05-01T13:36:47.928+0000] {spark_submit.py:644} INFO - at java.base/java.net.InetAddress.getByName(InetAddress.java:1256)
[2025-05-01T13:36:47.928+0000] {spark_submit.py:644} INFO - at io.netty.util.internal.SocketUtils$8.run(SocketUtils.java:156)
[2025-05-01T13:36:47.928+0000] {spark_submit.py:644} INFO - at io.netty.util.internal.SocketUtils$8.run(SocketUtils.java:153)
[2025-05-01T13:36:47.928+0000] {spark_submit.py:644} INFO - at java.base/java.security.AccessController.doPrivileged(AccessController.java:569)
[2025-05-01T13:36:47.929+0000] {spark_submit.py:644} INFO - at io.netty.util.internal.SocketUtils.addressByName(SocketUtils.java:153)
[2025-05-01T13:36:47.929+0000] {spark_submit.py:644} INFO - at io.netty.resolver.DefaultNameResolver.doResolve(DefaultNameResolver.java:41)
[2025-05-01T13:36:47.929+0000] {spark_submit.py:644} INFO - at io.netty.resolver.SimpleNameResolver.resolve(SimpleNameResolver.java:61)
[2025-05-01T13:36:47.929+0000] {spark_submit.py:644} INFO - at io.netty.resolver.SimpleNameResolver.resolve(SimpleNameResolver.java:53)
[2025-05-01T13:36:47.929+0000] {spark_submit.py:644} INFO - at io.netty.resolver.InetSocketAddressResolver.doResolve(InetSocketAddressResolver.java:55)
[2025-05-01T13:36:47.929+0000] {spark_submit.py:644} INFO - at io.netty.resolver.InetSocketAddressResolver.doResolve(InetSocketAddressResolver.java:31)
[2025-05-01T13:36:47.929+0000] {spark_submit.py:644} INFO - at io.netty.resolver.AbstractAddressResolver.resolve(AbstractAddressResolver.java:106)
[2025-05-01T13:36:47.929+0000] {spark_submit.py:644} INFO - at io.netty.bootstrap.Bootstrap.doResolveAndConnect0(Bootstrap.java:206)
[2025-05-01T13:36:47.929+0000] {spark_submit.py:644} INFO - at io.netty.bootstrap.Bootstrap.access$000(Bootstrap.java:46)
[2025-05-01T13:36:47.929+0000] {spark_submit.py:644} INFO - at io.netty.bootstrap.Bootstrap$1.operationComplete(Bootstrap.java:180)
[2025-05-01T13:36:47.930+0000] {spark_submit.py:644} INFO - at io.netty.bootstrap.Bootstrap$1.operationComplete(Bootstrap.java:166)
[2025-05-01T13:36:47.930+0000] {spark_submit.py:644} INFO - at io.netty.util.concurrent.DefaultPromise.notifyListener0(DefaultPromise.java:578)
[2025-05-01T13:36:47.930+0000] {spark_submit.py:644} INFO - at io.netty.util.concurrent.DefaultPromise.notifyListenersNow(DefaultPromise.java:552)
[2025-05-01T13:36:47.930+0000] {spark_submit.py:644} INFO - at io.netty.util.concurrent.DefaultPromise.notifyListeners(DefaultPromise.java:491)
[2025-05-01T13:36:47.930+0000] {spark_submit.py:644} INFO - at io.netty.util.concurrent.DefaultPromise.setValue0(DefaultPromise.java:616)
[2025-05-01T13:36:47.930+0000] {spark_submit.py:644} INFO - at io.netty.util.concurrent.DefaultPromise.setSuccess0(DefaultPromise.java:605)
[2025-05-01T13:36:47.930+0000] {spark_submit.py:644} INFO - at io.netty.util.concurrent.DefaultPromise.trySuccess(DefaultPromise.java:104)
[2025-05-01T13:36:47.930+0000] {spark_submit.py:644} INFO - at io.netty.channel.DefaultChannelPromise.trySuccess(DefaultChannelPromise.java:84)
[2025-05-01T13:36:47.930+0000] {spark_submit.py:644} INFO - at io.netty.channel.AbstractChannel$AbstractUnsafe.safeSetSuccess(AbstractChannel.java:990)
[2025-05-01T13:36:47.930+0000] {spark_submit.py:644} INFO - at io.netty.channel.AbstractChannel$AbstractUnsafe.register0(AbstractChannel.java:516)
[2025-05-01T13:36:47.930+0000] {spark_submit.py:644} INFO - at io.netty.channel.AbstractChannel$AbstractUnsafe.access$200(AbstractChannel.java:429)
[2025-05-01T13:36:47.931+0000] {spark_submit.py:644} INFO - at io.netty.channel.AbstractChannel$AbstractUnsafe$1.run(AbstractChannel.java:486)
[2025-05-01T13:36:47.931+0000] {spark_submit.py:644} INFO - at io.netty.util.concurrent.AbstractEventExecutor.safeExecute(AbstractEventExecutor.java:164)
[2025-05-01T13:36:47.931+0000] {spark_submit.py:644} INFO - at io.netty.util.concurrent.SingleThreadEventExecutor.runAllTasks(SingleThreadEventExecutor.java:469)
[2025-05-01T13:36:47.931+0000] {spark_submit.py:644} INFO - at io.netty.channel.nio.NioEventLoop.run(NioEventLoop.java:503)
[2025-05-01T13:36:47.931+0000] {spark_submit.py:644} INFO - at io.netty.util.concurrent.SingleThreadEventExecutor$4.run(SingleThreadEventExecutor.java:986)
[2025-05-01T13:36:47.931+0000] {spark_submit.py:644} INFO - at io.netty.util.internal.ThreadExecutorMap$2.run(ThreadExecutorMap.java:74)
[2025-05-01T13:36:47.931+0000] {spark_submit.py:644} INFO - at io.netty.util.concurrent.FastThreadLocalRunnable.run(FastThreadLocalRunnable.java:30)
[2025-05-01T13:36:47.931+0000] {spark_submit.py:644} INFO - ... 1 more
[2025-05-01T13:37:04.522+0000] {spark_submit.py:644} INFO - 25/05/01 13:37:04 INFO StandaloneAppClient$ClientEndpoint: Connecting to master spark://spark-master:7077...
[2025-05-01T13:37:07.859+0000] {spark_submit.py:644} INFO - 25/05/01 13:37:07 WARN TransportClientFactory: DNS resolution failed for spark-master/<unresolved>:7077 took 3334 ms
[2025-05-01T13:37:07.862+0000] {spark_submit.py:644} INFO - 25/05/01 13:37:07 WARN StandaloneAppClient$ClientEndpoint: Failed to connect to master spark-master:7077
[2025-05-01T13:37:07.863+0000] {spark_submit.py:644} INFO - org.apache.spark.SparkException: Exception thrown in awaitResult:
[2025-05-01T13:37:07.863+0000] {spark_submit.py:644} INFO - at org.apache.spark.util.ThreadUtils$.awaitResult(ThreadUtils.scala:301)
[2025-05-01T13:37:07.863+0000] {spark_submit.py:644} INFO - at org.apache.spark.rpc.RpcTimeout.awaitResult(RpcTimeout.scala:75)
[2025-05-01T13:37:07.863+0000] {spark_submit.py:644} INFO - at org.apache.spark.rpc.RpcEnv.setupEndpointRefByURI(RpcEnv.scala:102)
[2025-05-01T13:37:07.863+0000] {spark_submit.py:644} INFO - at org.apache.spark.rpc.RpcEnv.setupEndpointRef(RpcEnv.scala:110)
[2025-05-01T13:37:07.863+0000] {spark_submit.py:644} INFO - at org.apache.spark.deploy.client.StandaloneAppClient$ClientEndpoint$$anon$1.run(StandaloneAppClient.scala:107)
[2025-05-01T13:37:07.863+0000] {spark_submit.py:644} INFO - at java.base/java.util.concurrent.Executors$RunnableAdapter.call(Executors.java:539)
[2025-05-01T13:37:07.863+0000] {spark_submit.py:644} INFO - at java.base/java.util.concurrent.FutureTask.run(FutureTask.java:264)
[2025-05-01T13:37:07.864+0000] {spark_submit.py:644} INFO - at java.base/java.util.concurrent.ThreadPoolExecutor.runWorker(ThreadPoolExecutor.java:1136)
[2025-05-01T13:37:07.864+0000] {spark_submit.py:644} INFO - at java.base/java.util.concurrent.ThreadPoolExecutor$Worker.run(ThreadPoolExecutor.java:635)
[2025-05-01T13:37:07.864+0000] {spark_submit.py:644} INFO - at java.base/java.lang.Thread.run(Thread.java:840)
[2025-05-01T13:37:07.864+0000] {spark_submit.py:644} INFO - Caused by: java.io.IOException: Failed to connect to spark-master/<unresolved>:7077
[2025-05-01T13:37:07.864+0000] {spark_submit.py:644} INFO - at org.apache.spark.network.client.TransportClientFactory.createClient(TransportClientFactory.java:288)
[2025-05-01T13:37:07.864+0000] {spark_submit.py:644} INFO - at org.apache.spark.network.client.TransportClientFactory.createClient(TransportClientFactory.java:218)
[2025-05-01T13:37:07.864+0000] {spark_submit.py:644} INFO - at org.apache.spark.network.client.TransportClientFactory.createClient(TransportClientFactory.java:230)
[2025-05-01T13:37:07.864+0000] {spark_submit.py:644} INFO - at org.apache.spark.rpc.netty.NettyRpcEnv.createClient(NettyRpcEnv.scala:204)
[2025-05-01T13:37:07.865+0000] {spark_submit.py:644} INFO - at org.apache.spark.rpc.netty.Outbox$$anon$1.call(Outbox.scala:202)
[2025-05-01T13:37:07.865+0000] {spark_submit.py:644} INFO - at org.apache.spark.rpc.netty.Outbox$$anon$1.call(Outbox.scala:198)
[2025-05-01T13:37:07.865+0000] {spark_submit.py:644} INFO - ... 4 more
[2025-05-01T13:37:07.865+0000] {spark_submit.py:644} INFO - Caused by: java.net.UnknownHostException: spark-master
[2025-05-01T13:37:07.865+0000] {spark_submit.py:644} INFO - at java.base/java.net.InetAddress$CachedAddresses.get(InetAddress.java:801)
[2025-05-01T13:37:07.866+0000] {spark_submit.py:644} INFO - at java.base/java.net.InetAddress.getAllByName0(InetAddress.java:1533)
[2025-05-01T13:37:07.866+0000] {spark_submit.py:644} INFO - at java.base/java.net.InetAddress.getAllByName(InetAddress.java:1385)
[2025-05-01T13:37:07.866+0000] {spark_submit.py:644} INFO - at java.base/java.net.InetAddress.getAllByName(InetAddress.java:1306)
[2025-05-01T13:37:07.866+0000] {spark_submit.py:644} INFO - at java.base/java.net.InetAddress.getByName(InetAddress.java:1256)
[2025-05-01T13:37:07.866+0000] {spark_submit.py:644} INFO - at io.netty.util.internal.SocketUtils$8.run(SocketUtils.java:156)
[2025-05-01T13:37:07.867+0000] {spark_submit.py:644} INFO - at io.netty.util.internal.SocketUtils$8.run(SocketUtils.java:153)
[2025-05-01T13:37:07.867+0000] {spark_submit.py:644} INFO - at java.base/java.security.AccessController.doPrivileged(AccessController.java:569)
[2025-05-01T13:37:07.867+0000] {spark_submit.py:644} INFO - at io.netty.util.internal.SocketUtils.addressByName(SocketUtils.java:153)
[2025-05-01T13:37:07.867+0000] {spark_submit.py:644} INFO - at io.netty.resolver.DefaultNameResolver.doResolve(DefaultNameResolver.java:41)
[2025-05-01T13:37:07.867+0000] {spark_submit.py:644} INFO - at io.netty.resolver.SimpleNameResolver.resolve(SimpleNameResolver.java:61)
[2025-05-01T13:37:07.867+0000] {spark_submit.py:644} INFO - at io.netty.resolver.SimpleNameResolver.resolve(SimpleNameResolver.java:53)
[2025-05-01T13:37:07.867+0000] {spark_submit.py:644} INFO - at io.netty.resolver.InetSocketAddressResolver.doResolve(InetSocketAddressResolver.java:55)
[2025-05-01T13:37:07.867+0000] {spark_submit.py:644} INFO - at io.netty.resolver.InetSocketAddressResolver.doResolve(InetSocketAddressResolver.java:31)
[2025-05-01T13:37:07.868+0000] {spark_submit.py:644} INFO - at io.netty.resolver.AbstractAddressResolver.resolve(AbstractAddressResolver.java:106)
[2025-05-01T13:37:07.869+0000] {spark_submit.py:644} INFO - at io.netty.bootstrap.Bootstrap.doResolveAndConnect0(Bootstrap.java:206)
[2025-05-01T13:37:07.869+0000] {spark_submit.py:644} INFO - at io.netty.bootstrap.Bootstrap.access$000(Bootstrap.java:46)
[2025-05-01T13:37:07.869+0000] {spark_submit.py:644} INFO - at io.netty.bootstrap.Bootstrap$1.operationComplete(Bootstrap.java:180)
[2025-05-01T13:37:07.869+0000] {spark_submit.py:644} INFO - at io.netty.bootstrap.Bootstrap$1.operationComplete(Bootstrap.java:166)
[2025-05-01T13:37:07.869+0000] {spark_submit.py:644} INFO - at io.netty.util.concurrent.DefaultPromise.notifyListener0(DefaultPromise.java:578)
[2025-05-01T13:37:07.869+0000] {spark_submit.py:644} INFO - at io.netty.util.concurrent.DefaultPromise.notifyListenersNow(DefaultPromise.java:552)
[2025-05-01T13:37:07.869+0000] {spark_submit.py:644} INFO - at io.netty.util.concurrent.DefaultPromise.notifyListeners(DefaultPromise.java:491)
[2025-05-01T13:37:07.869+0000] {spark_submit.py:644} INFO - at io.netty.util.concurrent.DefaultPromise.setValue0(DefaultPromise.java:616)
[2025-05-01T13:37:07.869+0000] {spark_submit.py:644} INFO - at io.netty.util.concurrent.DefaultPromise.setSuccess0(DefaultPromise.java:605)
[2025-05-01T13:37:07.869+0000] {spark_submit.py:644} INFO - at io.netty.util.concurrent.DefaultPromise.trySuccess(DefaultPromise.java:104)
[2025-05-01T13:37:07.870+0000] {spark_submit.py:644} INFO - at io.netty.channel.DefaultChannelPromise.trySuccess(DefaultChannelPromise.java:84)
[2025-05-01T13:37:07.870+0000] {spark_submit.py:644} INFO - at io.netty.channel.AbstractChannel$AbstractUnsafe.safeSetSuccess(AbstractChannel.java:990)
[2025-05-01T13:37:07.870+0000] {spark_submit.py:644} INFO - at io.netty.channel.AbstractChannel$AbstractUnsafe.register0(AbstractChannel.java:516)
[2025-05-01T13:37:07.870+0000] {spark_submit.py:644} INFO - at io.netty.channel.AbstractChannel$AbstractUnsafe.access$200(AbstractChannel.java:429)
[2025-05-01T13:37:07.870+0000] {spark_submit.py:644} INFO - at io.netty.channel.AbstractChannel$AbstractUnsafe$1.run(AbstractChannel.java:486)
[2025-05-01T13:37:07.870+0000] {spark_submit.py:644} INFO - at io.netty.util.concurrent.AbstractEventExecutor.safeExecute(AbstractEventExecutor.java:164)
[2025-05-01T13:37:07.870+0000] {spark_submit.py:644} INFO - at io.netty.util.concurrent.SingleThreadEventExecutor.runAllTasks(SingleThreadEventExecutor.java:469)
[2025-05-01T13:37:07.870+0000] {spark_submit.py:644} INFO - at io.netty.channel.nio.NioEventLoop.run(NioEventLoop.java:503)
[2025-05-01T13:37:07.870+0000] {spark_submit.py:644} INFO - at io.netty.util.concurrent.SingleThreadEventExecutor$4.run(SingleThreadEventExecutor.java:986)
[2025-05-01T13:37:07.870+0000] {spark_submit.py:644} INFO - at io.netty.util.internal.ThreadExecutorMap$2.run(ThreadExecutorMap.java:74)
[2025-05-01T13:37:07.870+0000] {spark_submit.py:644} INFO - at io.netty.util.concurrent.FastThreadLocalRunnable.run(FastThreadLocalRunnable.java:30)
[2025-05-01T13:37:07.871+0000] {spark_submit.py:644} INFO - ... 1 more
[2025-05-01T13:37:24.525+0000] {spark_submit.py:644} INFO - 25/05/01 13:37:24 ERROR StandaloneSchedulerBackend: Application has been killed. Reason: All masters are unresponsive! Giving up.
[2025-05-01T13:37:24.526+0000] {spark_submit.py:644} INFO - 25/05/01 13:37:24 WARN StandaloneSchedulerBackend: Application ID is not initialized yet.
[2025-05-01T13:37:24.537+0000] {spark_submit.py:644} INFO - 25/05/01 13:37:24 INFO Utils: Successfully started service 'org.apache.spark.network.netty.NettyBlockTransferService' on port 42813.
[2025-05-01T13:37:24.538+0000] {spark_submit.py:644} INFO - 25/05/01 13:37:24 INFO NettyBlockTransferService: Server created on 04f32c845fd6:42813
[2025-05-01T13:37:24.540+0000] {spark_submit.py:644} INFO - 25/05/01 13:37:24 INFO BlockManager: Using org.apache.spark.storage.RandomBlockReplicationPolicy for block replication policy
[2025-05-01T13:37:24.553+0000] {spark_submit.py:644} INFO - 25/05/01 13:37:24 INFO SparkUI: Stopped Spark web UI at http://04f32c845fd6:4040
[2025-05-01T13:37:24.554+0000] {spark_submit.py:644} INFO - 25/05/01 13:37:24 INFO BlockManagerMaster: Registering BlockManager BlockManagerId(driver, 04f32c845fd6, 42813, None)
[2025-05-01T13:37:24.559+0000] {spark_submit.py:644} INFO - 25/05/01 13:37:24 INFO BlockManagerMasterEndpoint: Registering block manager 04f32c845fd6:42813 with 434.4 MiB RAM, BlockManagerId(driver, 04f32c845fd6, 42813, None)
[2025-05-01T13:37:24.562+0000] {spark_submit.py:644} INFO - 25/05/01 13:37:24 INFO StandaloneSchedulerBackend: Shutting down all executors
[2025-05-01T13:37:24.563+0000] {spark_submit.py:644} INFO - 25/05/01 13:37:24 INFO BlockManagerMaster: Registered BlockManager BlockManagerId(driver, 04f32c845fd6, 42813, None)
[2025-05-01T13:37:24.565+0000] {spark_submit.py:644} INFO - 25/05/01 13:37:24 INFO BlockManager: Initialized BlockManager: BlockManagerId(driver, 04f32c845fd6, 42813, None)
[2025-05-01T13:37:24.573+0000] {spark_submit.py:644} INFO - 25/05/01 13:37:24 INFO CoarseGrainedSchedulerBackend$DriverEndpoint: Asking each executor to shut down
[2025-05-01T13:37:24.582+0000] {spark_submit.py:644} INFO - 25/05/01 13:37:24 WARN StandaloneAppClient$ClientEndpoint: Drop UnregisterApplication(null) because has not yet connected to master
[2025-05-01T13:37:24.596+0000] {spark_submit.py:644} INFO - 25/05/01 13:37:24 INFO MapOutputTrackerMasterEndpoint: MapOutputTrackerMasterEndpoint stopped!
[2025-05-01T13:37:24.625+0000] {spark_submit.py:644} INFO - 25/05/01 13:37:24 INFO MemoryStore: MemoryStore cleared
[2025-05-01T13:37:24.625+0000] {spark_submit.py:644} INFO - 25/05/01 13:37:24 INFO BlockManager: BlockManager stopped
[2025-05-01T13:37:24.648+0000] {spark_submit.py:644} INFO - 25/05/01 13:37:24 INFO BlockManagerMaster: BlockManagerMaster stopped
[2025-05-01T13:37:24.653+0000] {spark_submit.py:644} INFO - 25/05/01 13:37:24 INFO OutputCommitCoordinator$OutputCommitCoordinatorEndpoint: OutputCommitCoordinator stopped!
[2025-05-01T13:37:24.664+0000] {spark_submit.py:644} INFO - 25/05/01 13:37:24 INFO SparkContext: Successfully stopped SparkContext
[2025-05-01T13:37:24.787+0000] {spark_submit.py:644} INFO - 25/05/01 13:37:24 ERROR AsyncEventQueue: Listener AppStatusListener threw an exception
[2025-05-01T13:37:24.787+0000] {spark_submit.py:644} INFO - java.lang.NullPointerException: Cannot invoke "org.apache.spark.status.api.v1.ApplicationInfo.attempts()" because the return value of "org.apache.spark.status.AppStatusListener.appInfo()" is null
[2025-05-01T13:37:24.788+0000] {spark_submit.py:644} INFO - at org.apache.spark.status.AppStatusListener.onApplicationEnd(AppStatusListener.scala:192)
[2025-05-01T13:37:24.788+0000] {spark_submit.py:644} INFO - at org.apache.spark.scheduler.SparkListenerBus.doPostEvent(SparkListenerBus.scala:57)
[2025-05-01T13:37:24.788+0000] {spark_submit.py:644} INFO - at org.apache.spark.scheduler.SparkListenerBus.doPostEvent$(SparkListenerBus.scala:28)
[2025-05-01T13:37:24.788+0000] {spark_submit.py:644} INFO - at org.apache.spark.scheduler.AsyncEventQueue.doPostEvent(AsyncEventQueue.scala:37)
[2025-05-01T13:37:24.788+0000] {spark_submit.py:644} INFO - at org.apache.spark.scheduler.AsyncEventQueue.doPostEvent(AsyncEventQueue.scala:37)
[2025-05-01T13:37:24.788+0000] {spark_submit.py:644} INFO - at org.apache.spark.util.ListenerBus.postToAll(ListenerBus.scala:117)
[2025-05-01T13:37:24.788+0000] {spark_submit.py:644} INFO - at org.apache.spark.util.ListenerBus.postToAll$(ListenerBus.scala:101)
[2025-05-01T13:37:24.788+0000] {spark_submit.py:644} INFO - at org.apache.spark.scheduler.AsyncEventQueue.super$postToAll(AsyncEventQueue.scala:105)
[2025-05-01T13:37:24.788+0000] {spark_submit.py:644} INFO - at org.apache.spark.scheduler.AsyncEventQueue.$anonfun$dispatch$1(AsyncEventQueue.scala:105)
[2025-05-01T13:37:24.788+0000] {spark_submit.py:644} INFO - at scala.runtime.java8.JFunction0$mcJ$sp.apply(JFunction0$mcJ$sp.java:23)
[2025-05-01T13:37:24.788+0000] {spark_submit.py:644} INFO - at scala.util.DynamicVariable.withValue(DynamicVariable.scala:62)
[2025-05-01T13:37:24.788+0000] {spark_submit.py:644} INFO - at org.apache.spark.scheduler.AsyncEventQueue.org$apache$spark$scheduler$AsyncEventQueue$$dispatch(AsyncEventQueue.scala:100)
[2025-05-01T13:37:24.789+0000] {spark_submit.py:644} INFO - at org.apache.spark.scheduler.AsyncEventQueue$$anon$2.$anonfun$run$1(AsyncEventQueue.scala:96)
[2025-05-01T13:37:24.789+0000] {spark_submit.py:644} INFO - at org.apache.spark.util.Utils$.tryOrStopSparkContext(Utils.scala:1446)
[2025-05-01T13:37:24.789+0000] {spark_submit.py:644} INFO - at org.apache.spark.scheduler.AsyncEventQueue$$anon$2.run(AsyncEventQueue.scala:96)
[2025-05-01T13:37:24.791+0000] {spark_submit.py:644} INFO - 25/05/01 13:37:24 ERROR SparkContext: Error initializing SparkContext.
[2025-05-01T13:37:24.791+0000] {spark_submit.py:644} INFO - java.lang.IllegalArgumentException: requirement failed: Can only call getServletHandlers on a running MetricsSystem
[2025-05-01T13:37:24.791+0000] {spark_submit.py:644} INFO - at scala.Predef$.require(Predef.scala:281)
[2025-05-01T13:37:24.791+0000] {spark_submit.py:644} INFO - at org.apache.spark.metrics.MetricsSystem.getServletHandlers(MetricsSystem.scala:89)
[2025-05-01T13:37:24.791+0000] {spark_submit.py:644} INFO - at org.apache.spark.SparkContext.<init>(SparkContext.scala:650)
[2025-05-01T13:37:24.791+0000] {spark_submit.py:644} INFO - at org.apache.spark.api.java.JavaSparkContext.<init>(JavaSparkContext.scala:58)
[2025-05-01T13:37:24.792+0000] {spark_submit.py:644} INFO - at java.base/jdk.internal.reflect.NativeConstructorAccessorImpl.newInstance0(Native Method)
[2025-05-01T13:37:24.792+0000] {spark_submit.py:644} INFO - at java.base/jdk.internal.reflect.NativeConstructorAccessorImpl.newInstance(NativeConstructorAccessorImpl.java:77)
[2025-05-01T13:37:24.792+0000] {spark_submit.py:644} INFO - at java.base/jdk.internal.reflect.DelegatingConstructorAccessorImpl.newInstance(DelegatingConstructorAccessorImpl.java:45)
[2025-05-01T13:37:24.792+0000] {spark_submit.py:644} INFO - at java.base/java.lang.reflect.Constructor.newInstanceWithCaller(Constructor.java:500)
[2025-05-01T13:37:24.792+0000] {spark_submit.py:644} INFO - at java.base/java.lang.reflect.Constructor.newInstance(Constructor.java:481)
[2025-05-01T13:37:24.792+0000] {spark_submit.py:644} INFO - at py4j.reflection.MethodInvoker.invoke(MethodInvoker.java:247)
[2025-05-01T13:37:24.792+0000] {spark_submit.py:644} INFO - at py4j.reflection.ReflectionEngine.invoke(ReflectionEngine.java:357)
[2025-05-01T13:37:24.792+0000] {spark_submit.py:644} INFO - at py4j.Gateway.invoke(Gateway.java:238)
[2025-05-01T13:37:24.793+0000] {spark_submit.py:644} INFO - at py4j.commands.ConstructorCommand.invokeConstructor(ConstructorCommand.java:80)
[2025-05-01T13:37:24.793+0000] {spark_submit.py:644} INFO - at py4j.commands.ConstructorCommand.execute(ConstructorCommand.java:69)
[2025-05-01T13:37:24.793+0000] {spark_submit.py:644} INFO - at py4j.ClientServerConnection.waitForCommands(ClientServerConnection.java:182)
[2025-05-01T13:37:24.793+0000] {spark_submit.py:644} INFO - at py4j.ClientServerConnection.run(ClientServerConnection.java:106)
[2025-05-01T13:37:24.793+0000] {spark_submit.py:644} INFO - at java.base/java.lang.Thread.run(Thread.java:840)
[2025-05-01T13:37:24.794+0000] {spark_submit.py:644} INFO - 25/05/01 13:37:24 INFO SparkContext: SparkContext already stopped.
[2025-05-01T13:37:24.794+0000] {spark_submit.py:644} INFO - Traceback (most recent call last):
[2025-05-01T13:37:24.794+0000] {spark_submit.py:644} INFO - File "/opt/airflow/dags/landing_to_bronze.py", line 55, in <module>
[2025-05-01T13:37:24.794+0000] {spark_submit.py:644} INFO - main()
[2025-05-01T13:37:24.794+0000] {spark_submit.py:644} INFO - File "/opt/airflow/dags/landing_to_bronze.py", line 24, in main
[2025-05-01T13:37:24.794+0000] {spark_submit.py:644} INFO - .getOrCreate()
[2025-05-01T13:37:24.794+0000] {spark_submit.py:644} INFO - File "/home/airflow/.local/lib/python3.10/site-packages/pyspark/python/lib/pyspark.zip/pyspark/sql/session.py", line 269, in getOrCreate
[2025-05-01T13:37:24.795+0000] {spark_submit.py:644} INFO - File "/home/airflow/.local/lib/python3.10/site-packages/pyspark/python/lib/pyspark.zip/pyspark/context.py", line 483, in getOrCreate
[2025-05-01T13:37:24.796+0000] {spark_submit.py:644} INFO - File "/home/airflow/.local/lib/python3.10/site-packages/pyspark/python/lib/pyspark.zip/pyspark/context.py", line 197, in __init__
[2025-05-01T13:37:24.796+0000] {spark_submit.py:644} INFO - File "/home/airflow/.local/lib/python3.10/site-packages/pyspark/python/lib/pyspark.zip/pyspark/context.py", line 282, in _do_init
[2025-05-01T13:37:24.796+0000] {spark_submit.py:644} INFO - File "/home/airflow/.local/lib/python3.10/site-packages/pyspark/python/lib/pyspark.zip/pyspark/context.py", line 402, in _initialize_context
[2025-05-01T13:37:24.796+0000] {spark_submit.py:644} INFO - File "/home/airflow/.local/lib/python3.10/site-packages/pyspark/python/lib/py4j-0.10.9.5-src.zip/py4j/java_gateway.py", line 1585, in __call__
[2025-05-01T13:37:24.797+0000] {spark_submit.py:644} INFO - File "/home/airflow/.local/lib/python3.10/site-packages/pyspark/python/lib/py4j-0.10.9.5-src.zip/py4j/protocol.py", line 326, in get_return_value
[2025-05-01T13:37:24.798+0000] {spark_submit.py:644} INFO - py4j.protocol.Py4JJavaError: An error occurred while calling None.org.apache.spark.api.java.JavaSparkContext.
[2025-05-01T13:37:24.798+0000] {spark_submit.py:644} INFO - : java.lang.IllegalArgumentException: requirement failed: Can only call getServletHandlers on a running MetricsSystem
[2025-05-01T13:37:24.798+0000] {spark_submit.py:644} INFO - at scala.Predef$.require(Predef.scala:281)
[2025-05-01T13:37:24.798+0000] {spark_submit.py:644} INFO - at org.apache.spark.metrics.MetricsSystem.getServletHandlers(MetricsSystem.scala:89)
[2025-05-01T13:37:24.798+0000] {spark_submit.py:644} INFO - at org.apache.spark.SparkContext.<init>(SparkContext.scala:650)
[2025-05-01T13:37:24.798+0000] {spark_submit.py:644} INFO - at org.apache.spark.api.java.JavaSparkContext.<init>(JavaSparkContext.scala:58)
[2025-05-01T13:37:24.798+0000] {spark_submit.py:644} INFO - at java.base/jdk.internal.reflect.NativeConstructorAccessorImpl.newInstance0(Native Method)
[2025-05-01T13:37:24.798+0000] {spark_submit.py:644} INFO - at java.base/jdk.internal.reflect.NativeConstructorAccessorImpl.newInstance(NativeConstructorAccessorImpl.java:77)
[2025-05-01T13:37:24.798+0000] {spark_submit.py:644} INFO - at java.base/jdk.internal.reflect.DelegatingConstructorAccessorImpl.newInstance(DelegatingConstructorAccessorImpl.java:45)
[2025-05-01T13:37:24.798+0000] {spark_submit.py:644} INFO - at java.base/java.lang.reflect.Constructor.newInstanceWithCaller(Constructor.java:500)
[2025-05-01T13:37:24.798+0000] {spark_submit.py:644} INFO - at java.base/java.lang.reflect.Constructor.newInstance(Constructor.java:481)
[2025-05-01T13:37:24.799+0000] {spark_submit.py:644} INFO - at py4j.reflection.MethodInvoker.invoke(MethodInvoker.java:247)
[2025-05-01T13:37:24.799+0000] {spark_submit.py:644} INFO - at py4j.reflection.ReflectionEngine.invoke(ReflectionEngine.java:357)
[2025-05-01T13:37:24.799+0000] {spark_submit.py:644} INFO - at py4j.Gateway.invoke(Gateway.java:238)
[2025-05-01T13:37:24.799+0000] {spark_submit.py:644} INFO - at py4j.commands.ConstructorCommand.invokeConstructor(ConstructorCommand.java:80)
[2025-05-01T13:37:24.799+0000] {spark_submit.py:644} INFO - at py4j.commands.ConstructorCommand.execute(ConstructorCommand.java:69)
[2025-05-01T13:37:24.799+0000] {spark_submit.py:644} INFO - at py4j.ClientServerConnection.waitForCommands(ClientServerConnection.java:182)
[2025-05-01T13:37:24.799+0000] {spark_submit.py:644} INFO - at py4j.ClientServerConnection.run(ClientServerConnection.java:106)
[2025-05-01T13:37:24.799+0000] {spark_submit.py:644} INFO - at java.base/java.lang.Thread.run(Thread.java:840)
[2025-05-01T13:37:24.799+0000] {spark_submit.py:644} INFO - 
[2025-05-01T13:37:24.854+0000] {spark_submit.py:644} INFO - 25/05/01 13:37:24 INFO ShutdownHookManager: Shutdown hook called
[2025-05-01T13:37:24.855+0000] {spark_submit.py:644} INFO - 25/05/01 13:37:24 INFO ShutdownHookManager: Deleting directory /tmp/spark-c790a4d0-a069-4577-99d4-7cdc139af670
[2025-05-01T13:37:24.860+0000] {spark_submit.py:644} INFO - 25/05/01 13:37:24 INFO ShutdownHookManager: Deleting directory /tmp/spark-9117fdd3-0e37-47ed-9657-9921fa05dba0
[2025-05-01T13:37:24.902+0000] {taskinstance.py:441} INFO - ::group::Post task execution logs
[2025-05-01T13:37:24.936+0000] {taskinstance.py:2905} ERROR - Task failed with exception
Traceback (most recent call last):
  File "/home/airflow/.local/lib/python3.10/site-packages/airflow/models/taskinstance.py", line 465, in _execute_task
    result = _execute_callable(context=context, **execute_callable_kwargs)
  File "/home/airflow/.local/lib/python3.10/site-packages/airflow/models/taskinstance.py", line 432, in _execute_callable
    return execute_callable(context=context, **execute_callable_kwargs)
  File "/home/airflow/.local/lib/python3.10/site-packages/airflow/models/baseoperator.py", line 400, in wrapper
    return func(self, *args, **kwargs)
  File "/home/airflow/.local/lib/python3.10/site-packages/airflow/providers/apache/spark/operators/spark_submit.py", line 197, in execute
    self._hook.submit(self.application)
  File "/home/airflow/.local/lib/python3.10/site-packages/airflow/providers/apache/spark/hooks/spark_submit.py", line 566, in submit
    raise AirflowException(
airflow.exceptions.AirflowException: Cannot execute: spark-submit --master spark://spark-master:7077 --conf spark.master=spark://spark-master:7077 --name LandingToBronze --verbose --queue root.default --deploy-mode client /opt/airflow/dags/landing_to_bronze.py. Error code is: 1.
[2025-05-01T13:37:24.943+0000] {taskinstance.py:1206} INFO - Marking task as FAILED. dag_id=final_project_BBDL, task_id=LandingToBronze, run_id=manual__2025-05-01T13:36:17.223439+00:00, execution_date=20250501T133617, start_date=20250501T133618, end_date=20250501T133724
[2025-05-01T13:37:24.980+0000] {standard_task_runner.py:110} ERROR - Failed to execute job 5 for task LandingToBronze (Cannot execute: spark-submit --master spark://spark-master:7077 --conf spark.master=spark://spark-master:7077 --name LandingToBronze --verbose --queue root.default --deploy-mode client /opt/airflow/dags/landing_to_bronze.py. Error code is: 1.; 734)
[2025-05-01T13:37:25.002+0000] {local_task_job_runner.py:240} INFO - Task exited with return code 1
[2025-05-01T13:37:25.049+0000] {taskinstance.py:3498} INFO - 0 downstream tasks scheduled from follow-on schedule check
[2025-05-01T13:37:25.082+0000] {local_task_job_runner.py:222} INFO - ::endgroup::
