[2025-05-01T13:34:23.834+0000] {local_task_job_runner.py:120} INFO - ::group::Pre task execution logs
[2025-05-01T13:34:23.916+0000] {taskinstance.py:2076} INFO - Dependencies all met for dep_context=non-requeueable deps ti=<TaskInstance: final_project_BBDL.LandingToBronze manual__2025-05-01T13:33:47.484151+00:00 [queued]>
[2025-05-01T13:34:23.924+0000] {taskinstance.py:2076} INFO - Dependencies all met for dep_context=requeueable deps ti=<TaskInstance: final_project_BBDL.LandingToBronze manual__2025-05-01T13:33:47.484151+00:00 [queued]>
[2025-05-01T13:34:23.924+0000] {taskinstance.py:2306} INFO - Starting attempt 1 of 1
[2025-05-01T13:34:23.998+0000] {taskinstance.py:2330} INFO - Executing <Task(SparkSubmitOperator): LandingToBronze> on 2025-05-01 13:33:47.484151+00:00
[2025-05-01T13:34:24.003+0000] {standard_task_runner.py:63} INFO - Started process 580 to run task
[2025-05-01T13:34:24.006+0000] {standard_task_runner.py:90} INFO - Running: ['airflow', 'tasks', 'run', 'final_project_BBDL', 'LandingToBronze', 'manual__2025-05-01T13:33:47.484151+00:00', '--job-id', '4', '--raw', '--subdir', 'DAGS_FOLDER/project_solution.py', '--cfg-path', '/tmp/tmpllju39hq']
[2025-05-01T13:34:24.008+0000] {standard_task_runner.py:91} INFO - Job 4: Subtask LandingToBronze
[2025-05-01T13:34:24.094+0000] {logging_mixin.py:188} WARNING - /home/airflow/.local/lib/python3.10/site-packages/airflow/settings.py:195 DeprecationWarning: The sql_alchemy_conn option in [core] has been moved to the sql_alchemy_conn option in [database] - the old setting has been used, but please update your config.
[2025-05-01T13:34:24.188+0000] {task_command.py:426} INFO - Running <TaskInstance: final_project_BBDL.LandingToBronze manual__2025-05-01T13:33:47.484151+00:00 [running]> on host 04f32c845fd6
[2025-05-01T13:34:24.450+0000] {taskinstance.py:2648} INFO - Exporting env vars: AIRFLOW_CTX_DAG_OWNER='airflow' AIRFLOW_CTX_DAG_ID='final_project_BBDL' AIRFLOW_CTX_TASK_ID='LandingToBronze' AIRFLOW_CTX_EXECUTION_DATE='2025-05-01T13:33:47.484151+00:00' AIRFLOW_CTX_TRY_NUMBER='1' AIRFLOW_CTX_DAG_RUN_ID='manual__2025-05-01T13:33:47.484151+00:00'
[2025-05-01T13:34:24.451+0000] {taskinstance.py:430} INFO - ::endgroup::
[2025-05-01T13:34:24.513+0000] {base.py:84} INFO - Using connection ID 'spark_default' for task execution.
[2025-05-01T13:34:24.514+0000] {spark_submit.py:474} INFO - Spark-Submit cmd: spark-submit --master yarn --conf spark.master=spark://spark-master:7077 --name LandingToBronze --verbose --queue root.default /opt/airflow/dags/landing_to_bronze.py
[2025-05-01T13:34:30.121+0000] {spark_submit.py:644} INFO - Using properties file: null
[2025-05-01T13:34:30.258+0000] {spark_submit.py:644} INFO - Exception in thread "main" org.apache.spark.SparkException: When running with master 'yarn' either HADOOP_CONF_DIR or YARN_CONF_DIR must be set in the environment.
[2025-05-01T13:34:30.258+0000] {spark_submit.py:644} INFO - at org.apache.spark.deploy.SparkSubmitArguments.error(SparkSubmitArguments.scala:634)
[2025-05-01T13:34:30.258+0000] {spark_submit.py:644} INFO - at org.apache.spark.deploy.SparkSubmitArguments.validateSubmitArguments(SparkSubmitArguments.scala:274)
[2025-05-01T13:34:30.259+0000] {spark_submit.py:644} INFO - at org.apache.spark.deploy.SparkSubmitArguments.validateArguments(SparkSubmitArguments.scala:234)
[2025-05-01T13:34:30.259+0000] {spark_submit.py:644} INFO - at org.apache.spark.deploy.SparkSubmitArguments.<init>(SparkSubmitArguments.scala:119)
[2025-05-01T13:34:30.259+0000] {spark_submit.py:644} INFO - at org.apache.spark.deploy.SparkSubmit$$anon$2$$anon$3.<init>(SparkSubmit.scala:1029)
[2025-05-01T13:34:30.259+0000] {spark_submit.py:644} INFO - at org.apache.spark.deploy.SparkSubmit$$anon$2.parseArguments(SparkSubmit.scala:1029)
[2025-05-01T13:34:30.259+0000] {spark_submit.py:644} INFO - at org.apache.spark.deploy.SparkSubmit.doSubmit(SparkSubmit.scala:85)
[2025-05-01T13:34:30.259+0000] {spark_submit.py:644} INFO - at org.apache.spark.deploy.SparkSubmit$$anon$2.doSubmit(SparkSubmit.scala:1046)
[2025-05-01T13:34:30.259+0000] {spark_submit.py:644} INFO - at org.apache.spark.deploy.SparkSubmit$.main(SparkSubmit.scala:1055)
[2025-05-01T13:34:30.260+0000] {spark_submit.py:644} INFO - at org.apache.spark.deploy.SparkSubmit.main(SparkSubmit.scala)
[2025-05-01T13:34:30.281+0000] {taskinstance.py:441} INFO - ::group::Post task execution logs
[2025-05-01T13:34:30.318+0000] {taskinstance.py:2905} ERROR - Task failed with exception
Traceback (most recent call last):
  File "/home/airflow/.local/lib/python3.10/site-packages/airflow/models/taskinstance.py", line 465, in _execute_task
    result = _execute_callable(context=context, **execute_callable_kwargs)
  File "/home/airflow/.local/lib/python3.10/site-packages/airflow/models/taskinstance.py", line 432, in _execute_callable
    return execute_callable(context=context, **execute_callable_kwargs)
  File "/home/airflow/.local/lib/python3.10/site-packages/airflow/models/baseoperator.py", line 400, in wrapper
    return func(self, *args, **kwargs)
  File "/home/airflow/.local/lib/python3.10/site-packages/airflow/providers/apache/spark/operators/spark_submit.py", line 197, in execute
    self._hook.submit(self.application)
  File "/home/airflow/.local/lib/python3.10/site-packages/airflow/providers/apache/spark/hooks/spark_submit.py", line 566, in submit
    raise AirflowException(
airflow.exceptions.AirflowException: Cannot execute: spark-submit --master yarn --conf spark.master=spark://spark-master:7077 --name LandingToBronze --verbose --queue root.default /opt/airflow/dags/landing_to_bronze.py. Error code is: 1.
[2025-05-01T13:34:30.322+0000] {taskinstance.py:1206} INFO - Marking task as FAILED. dag_id=final_project_BBDL, task_id=LandingToBronze, run_id=manual__2025-05-01T13:33:47.484151+00:00, execution_date=20250501T133347, start_date=20250501T133423, end_date=20250501T133430
[2025-05-01T13:34:30.363+0000] {standard_task_runner.py:110} ERROR - Failed to execute job 4 for task LandingToBronze (Cannot execute: spark-submit --master yarn --conf spark.master=spark://spark-master:7077 --name LandingToBronze --verbose --queue root.default /opt/airflow/dags/landing_to_bronze.py. Error code is: 1.; 580)
[2025-05-01T13:34:30.371+0000] {local_task_job_runner.py:240} INFO - Task exited with return code 1
[2025-05-01T13:34:30.432+0000] {taskinstance.py:3498} INFO - 0 downstream tasks scheduled from follow-on schedule check
[2025-05-01T13:34:30.459+0000] {local_task_job_runner.py:222} INFO - ::endgroup::
