[2025-05-01T18:32:50.271+0000] {local_task_job_runner.py:120} INFO - ::group::Pre task execution logs
[2025-05-01T18:32:50.341+0000] {taskinstance.py:2076} INFO - Dependencies all met for dep_context=non-requeueable deps ti=<TaskInstance: final_project_BBDL.LandingToBronze manual__2025-05-01T18:32:48.115375+00:00 [queued]>
[2025-05-01T18:32:50.349+0000] {taskinstance.py:2076} INFO - Dependencies all met for dep_context=requeueable deps ti=<TaskInstance: final_project_BBDL.LandingToBronze manual__2025-05-01T18:32:48.115375+00:00 [queued]>
[2025-05-01T18:32:50.349+0000] {taskinstance.py:2306} INFO - Starting attempt 1 of 1
[2025-05-01T18:32:50.388+0000] {taskinstance.py:2330} INFO - Executing <Task(SparkSubmitOperator): LandingToBronze> on 2025-05-01 18:32:48.115375+00:00
[2025-05-01T18:32:50.393+0000] {standard_task_runner.py:63} INFO - Started process 1582 to run task
[2025-05-01T18:32:50.396+0000] {standard_task_runner.py:90} INFO - Running: ['airflow', 'tasks', 'run', 'final_project_BBDL', 'LandingToBronze', 'manual__2025-05-01T18:32:48.115375+00:00', '--job-id', '8', '--raw', '--subdir', 'DAGS_FOLDER/project_solution.py', '--cfg-path', '/tmp/tmp6jjjc7gr']
[2025-05-01T18:32:50.399+0000] {standard_task_runner.py:91} INFO - Job 8: Subtask LandingToBronze
[2025-05-01T18:32:50.472+0000] {logging_mixin.py:188} WARNING - /home/airflow/.local/lib/python3.10/site-packages/airflow/settings.py:195 DeprecationWarning: The sql_alchemy_conn option in [core] has been moved to the sql_alchemy_conn option in [database] - the old setting has been used, but please update your config.
[2025-05-01T18:32:50.560+0000] {task_command.py:426} INFO - Running <TaskInstance: final_project_BBDL.LandingToBronze manual__2025-05-01T18:32:48.115375+00:00 [running]> on host 5dc6ae9cc66f
[2025-05-01T18:32:50.807+0000] {taskinstance.py:2648} INFO - Exporting env vars: AIRFLOW_CTX_DAG_OWNER='airflow' AIRFLOW_CTX_DAG_ID='final_project_BBDL' AIRFLOW_CTX_TASK_ID='LandingToBronze' AIRFLOW_CTX_EXECUTION_DATE='2025-05-01T18:32:48.115375+00:00' AIRFLOW_CTX_TRY_NUMBER='1' AIRFLOW_CTX_DAG_RUN_ID='manual__2025-05-01T18:32:48.115375+00:00'
[2025-05-01T18:32:50.808+0000] {taskinstance.py:430} INFO - ::endgroup::
[2025-05-01T18:32:50.873+0000] {base.py:84} INFO - Using connection ID 'spark_default' for task execution.
[2025-05-01T18:32:50.874+0000] {spark_submit.py:474} INFO - Spark-Submit cmd: spark-submit --master spark://spark-master:7077 --conf spark.master=spark://spark-master:7077 --name LandingToBronze --verbose --queue root.default --deploy-mode client /opt/airflow/dags/landing_to_bronze.py
[2025-05-01T18:32:53.333+0000] {spark_submit.py:644} INFO - Using properties file: null
[2025-05-01T18:32:53.452+0000] {spark_submit.py:644} INFO - Parsed arguments:
[2025-05-01T18:32:53.453+0000] {spark_submit.py:644} INFO - master                  spark://spark-master:7077
[2025-05-01T18:32:53.453+0000] {spark_submit.py:644} INFO - deployMode              client
[2025-05-01T18:32:53.453+0000] {spark_submit.py:644} INFO - executorMemory          null
[2025-05-01T18:32:53.453+0000] {spark_submit.py:644} INFO - executorCores           null
[2025-05-01T18:32:53.453+0000] {spark_submit.py:644} INFO - totalExecutorCores      null
[2025-05-01T18:32:53.453+0000] {spark_submit.py:644} INFO - propertiesFile          null
[2025-05-01T18:32:53.453+0000] {spark_submit.py:644} INFO - driverMemory            null
[2025-05-01T18:32:53.453+0000] {spark_submit.py:644} INFO - driverCores             null
[2025-05-01T18:32:53.453+0000] {spark_submit.py:644} INFO - driverExtraClassPath    null
[2025-05-01T18:32:53.454+0000] {spark_submit.py:644} INFO - driverExtraLibraryPath  null
[2025-05-01T18:32:53.454+0000] {spark_submit.py:644} INFO - driverExtraJavaOptions  null
[2025-05-01T18:32:53.454+0000] {spark_submit.py:644} INFO - supervise               false
[2025-05-01T18:32:53.454+0000] {spark_submit.py:644} INFO - queue                   root.default
[2025-05-01T18:32:53.454+0000] {spark_submit.py:644} INFO - numExecutors            null
[2025-05-01T18:32:53.454+0000] {spark_submit.py:644} INFO - files                   null
[2025-05-01T18:32:53.454+0000] {spark_submit.py:644} INFO - pyFiles                 null
[2025-05-01T18:32:53.454+0000] {spark_submit.py:644} INFO - archives                null
[2025-05-01T18:32:53.454+0000] {spark_submit.py:644} INFO - mainClass               null
[2025-05-01T18:32:53.454+0000] {spark_submit.py:644} INFO - primaryResource         file:/opt/airflow/dags/landing_to_bronze.py
[2025-05-01T18:32:53.454+0000] {spark_submit.py:644} INFO - name                    LandingToBronze
[2025-05-01T18:32:53.454+0000] {spark_submit.py:644} INFO - childArgs               []
[2025-05-01T18:32:53.455+0000] {spark_submit.py:644} INFO - jars                    null
[2025-05-01T18:32:53.455+0000] {spark_submit.py:644} INFO - packages                null
[2025-05-01T18:32:53.455+0000] {spark_submit.py:644} INFO - packagesExclusions      null
[2025-05-01T18:32:53.455+0000] {spark_submit.py:644} INFO - repositories            null
[2025-05-01T18:32:53.455+0000] {spark_submit.py:644} INFO - verbose                 true
[2025-05-01T18:32:53.455+0000] {spark_submit.py:644} INFO - 
[2025-05-01T18:32:53.455+0000] {spark_submit.py:644} INFO - Spark properties used, including those specified through
[2025-05-01T18:32:53.455+0000] {spark_submit.py:644} INFO - --conf and those from the properties file null:
[2025-05-01T18:32:53.455+0000] {spark_submit.py:644} INFO - (spark.master,spark://spark-master:7077)
[2025-05-01T18:32:53.455+0000] {spark_submit.py:644} INFO - 
[2025-05-01T18:32:53.455+0000] {spark_submit.py:644} INFO - 
[2025-05-01T18:32:53.971+0000] {spark_submit.py:644} INFO - Main class:
[2025-05-01T18:32:53.972+0000] {spark_submit.py:644} INFO - org.apache.spark.deploy.PythonRunner
[2025-05-01T18:32:53.972+0000] {spark_submit.py:644} INFO - Arguments:
[2025-05-01T18:32:53.972+0000] {spark_submit.py:644} INFO - file:/opt/airflow/dags/landing_to_bronze.py
[2025-05-01T18:32:53.972+0000] {spark_submit.py:644} INFO - null
[2025-05-01T18:32:53.974+0000] {spark_submit.py:644} INFO - Spark config:
[2025-05-01T18:32:53.975+0000] {spark_submit.py:644} INFO - (spark.app.name,LandingToBronze)
[2025-05-01T18:32:53.975+0000] {spark_submit.py:644} INFO - (spark.app.submitTime,1746124373952)
[2025-05-01T18:32:53.975+0000] {spark_submit.py:644} INFO - (spark.master,spark://spark-master:7077)
[2025-05-01T18:32:53.975+0000] {spark_submit.py:644} INFO - (spark.submit.deployMode,client)
[2025-05-01T18:32:53.975+0000] {spark_submit.py:644} INFO - (spark.submit.pyFiles,)
[2025-05-01T18:32:53.975+0000] {spark_submit.py:644} INFO - Classpath elements:
[2025-05-01T18:32:53.976+0000] {spark_submit.py:644} INFO - 
[2025-05-01T18:32:53.976+0000] {spark_submit.py:644} INFO - 
[2025-05-01T18:32:53.976+0000] {spark_submit.py:644} INFO - 
[2025-05-01T18:32:55.275+0000] {spark_submit.py:644} INFO - 25/05/01 18:32:55 INFO SparkContext: Running Spark version 3.3.0
[2025-05-01T18:32:55.372+0000] {spark_submit.py:644} INFO - 25/05/01 18:32:55 WARN NativeCodeLoader: Unable to load native-hadoop library for your platform... using builtin-java classes where applicable
[2025-05-01T18:32:55.527+0000] {spark_submit.py:644} INFO - 25/05/01 18:32:55 INFO ResourceUtils: ==============================================================
[2025-05-01T18:32:55.528+0000] {spark_submit.py:644} INFO - 25/05/01 18:32:55 INFO ResourceUtils: No custom resources configured for spark.driver.
[2025-05-01T18:32:55.528+0000] {spark_submit.py:644} INFO - 25/05/01 18:32:55 INFO ResourceUtils: ==============================================================
[2025-05-01T18:32:55.528+0000] {spark_submit.py:644} INFO - 25/05/01 18:32:55 INFO SparkContext: Submitted application: LandingToBronze
[2025-05-01T18:32:55.555+0000] {spark_submit.py:644} INFO - 25/05/01 18:32:55 INFO ResourceProfile: Default ResourceProfile created, executor resources: Map(cores -> name: cores, amount: 1, script: , vendor: , memory -> name: memory, amount: 1024, script: , vendor: , offHeap -> name: offHeap, amount: 0, script: , vendor: ), task resources: Map(cpus -> name: cpus, amount: 1.0)
[2025-05-01T18:32:55.562+0000] {spark_submit.py:644} INFO - 25/05/01 18:32:55 INFO ResourceProfile: Limiting resource is cpu
[2025-05-01T18:32:55.563+0000] {spark_submit.py:644} INFO - 25/05/01 18:32:55 INFO ResourceProfileManager: Added ResourceProfile id: 0
[2025-05-01T18:32:55.628+0000] {spark_submit.py:644} INFO - 25/05/01 18:32:55 INFO SecurityManager: Changing view acls to: airflow
[2025-05-01T18:32:55.629+0000] {spark_submit.py:644} INFO - 25/05/01 18:32:55 INFO SecurityManager: Changing modify acls to: airflow
[2025-05-01T18:32:55.630+0000] {spark_submit.py:644} INFO - 25/05/01 18:32:55 INFO SecurityManager: Changing view acls groups to:
[2025-05-01T18:32:55.630+0000] {spark_submit.py:644} INFO - 25/05/01 18:32:55 INFO SecurityManager: Changing modify acls groups to:
[2025-05-01T18:32:55.631+0000] {spark_submit.py:644} INFO - 25/05/01 18:32:55 INFO SecurityManager: SecurityManager: authentication disabled; ui acls disabled; users  with view permissions: Set(airflow); groups with view permissions: Set(); users  with modify permissions: Set(airflow); groups with modify permissions: Set()
[2025-05-01T18:32:55.905+0000] {spark_submit.py:644} INFO - 25/05/01 18:32:55 INFO Utils: Successfully started service 'sparkDriver' on port 36915.
[2025-05-01T18:32:55.949+0000] {spark_submit.py:644} INFO - 25/05/01 18:32:55 INFO SparkEnv: Registering MapOutputTracker
[2025-05-01T18:32:55.988+0000] {spark_submit.py:644} INFO - 25/05/01 18:32:55 INFO SparkEnv: Registering BlockManagerMaster
[2025-05-01T18:32:56.012+0000] {spark_submit.py:644} INFO - 25/05/01 18:32:56 INFO BlockManagerMasterEndpoint: Using org.apache.spark.storage.DefaultTopologyMapper for getting topology information
[2025-05-01T18:32:56.013+0000] {spark_submit.py:644} INFO - 25/05/01 18:32:56 INFO BlockManagerMasterEndpoint: BlockManagerMasterEndpoint up
[2025-05-01T18:32:56.017+0000] {spark_submit.py:644} INFO - 25/05/01 18:32:56 INFO SparkEnv: Registering BlockManagerMasterHeartbeat
[2025-05-01T18:32:56.057+0000] {spark_submit.py:644} INFO - 25/05/01 18:32:56 INFO DiskBlockManager: Created local directory at /tmp/blockmgr-9345c729-bc9b-4e51-a22f-113184221ae6
[2025-05-01T18:32:56.075+0000] {spark_submit.py:644} INFO - 25/05/01 18:32:56 INFO MemoryStore: MemoryStore started with capacity 434.4 MiB
[2025-05-01T18:32:56.096+0000] {spark_submit.py:644} INFO - 25/05/01 18:32:56 INFO SparkEnv: Registering OutputCommitCoordinator
[2025-05-01T18:32:56.381+0000] {spark_submit.py:644} INFO - 25/05/01 18:32:56 INFO Utils: Successfully started service 'SparkUI' on port 4040.
[2025-05-01T18:32:56.569+0000] {spark_submit.py:644} INFO - 25/05/01 18:32:56 INFO StandaloneAppClient$ClientEndpoint: Connecting to master spark://spark-master:7077...
[2025-05-01T18:32:59.966+0000] {spark_submit.py:644} INFO - 25/05/01 18:32:59 WARN TransportClientFactory: DNS resolution failed for spark-master/<unresolved>:7077 took 3383 ms
[2025-05-01T18:33:00.037+0000] {spark_submit.py:644} INFO - 25/05/01 18:33:00 WARN StandaloneAppClient$ClientEndpoint: Failed to connect to master spark-master:7077
[2025-05-01T18:33:00.037+0000] {spark_submit.py:644} INFO - org.apache.spark.SparkException: Exception thrown in awaitResult:
[2025-05-01T18:33:00.037+0000] {spark_submit.py:644} INFO - at org.apache.spark.util.ThreadUtils$.awaitResult(ThreadUtils.scala:301)
[2025-05-01T18:33:00.037+0000] {spark_submit.py:644} INFO - at org.apache.spark.rpc.RpcTimeout.awaitResult(RpcTimeout.scala:75)
[2025-05-01T18:33:00.038+0000] {spark_submit.py:644} INFO - at org.apache.spark.rpc.RpcEnv.setupEndpointRefByURI(RpcEnv.scala:102)
[2025-05-01T18:33:00.038+0000] {spark_submit.py:644} INFO - at org.apache.spark.rpc.RpcEnv.setupEndpointRef(RpcEnv.scala:110)
[2025-05-01T18:33:00.038+0000] {spark_submit.py:644} INFO - at org.apache.spark.deploy.client.StandaloneAppClient$ClientEndpoint$$anon$1.run(StandaloneAppClient.scala:107)
[2025-05-01T18:33:00.038+0000] {spark_submit.py:644} INFO - at java.base/java.util.concurrent.Executors$RunnableAdapter.call(Executors.java:539)
[2025-05-01T18:33:00.038+0000] {spark_submit.py:644} INFO - at java.base/java.util.concurrent.FutureTask.run(FutureTask.java:264)
[2025-05-01T18:33:00.038+0000] {spark_submit.py:644} INFO - at java.base/java.util.concurrent.ThreadPoolExecutor.runWorker(ThreadPoolExecutor.java:1136)
[2025-05-01T18:33:00.038+0000] {spark_submit.py:644} INFO - at java.base/java.util.concurrent.ThreadPoolExecutor$Worker.run(ThreadPoolExecutor.java:635)
[2025-05-01T18:33:00.038+0000] {spark_submit.py:644} INFO - at java.base/java.lang.Thread.run(Thread.java:840)
[2025-05-01T18:33:00.038+0000] {spark_submit.py:644} INFO - Caused by: java.io.IOException: Failed to connect to spark-master/<unresolved>:7077
[2025-05-01T18:33:00.038+0000] {spark_submit.py:644} INFO - at org.apache.spark.network.client.TransportClientFactory.createClient(TransportClientFactory.java:288)
[2025-05-01T18:33:00.038+0000] {spark_submit.py:644} INFO - at org.apache.spark.network.client.TransportClientFactory.createClient(TransportClientFactory.java:218)
[2025-05-01T18:33:00.038+0000] {spark_submit.py:644} INFO - at org.apache.spark.network.client.TransportClientFactory.createClient(TransportClientFactory.java:230)
[2025-05-01T18:33:00.038+0000] {spark_submit.py:644} INFO - at org.apache.spark.rpc.netty.NettyRpcEnv.createClient(NettyRpcEnv.scala:204)
[2025-05-01T18:33:00.039+0000] {spark_submit.py:644} INFO - at org.apache.spark.rpc.netty.Outbox$$anon$1.call(Outbox.scala:202)
[2025-05-01T18:33:00.039+0000] {spark_submit.py:644} INFO - at org.apache.spark.rpc.netty.Outbox$$anon$1.call(Outbox.scala:198)
[2025-05-01T18:33:00.039+0000] {spark_submit.py:644} INFO - ... 4 more
[2025-05-01T18:33:00.039+0000] {spark_submit.py:644} INFO - Caused by: java.net.UnknownHostException: spark-master
[2025-05-01T18:33:00.039+0000] {spark_submit.py:644} INFO - at java.base/java.net.InetAddress$CachedAddresses.get(InetAddress.java:801)
[2025-05-01T18:33:00.039+0000] {spark_submit.py:644} INFO - at java.base/java.net.InetAddress.getAllByName0(InetAddress.java:1533)
[2025-05-01T18:33:00.039+0000] {spark_submit.py:644} INFO - at java.base/java.net.InetAddress.getAllByName(InetAddress.java:1385)
[2025-05-01T18:33:00.039+0000] {spark_submit.py:644} INFO - at java.base/java.net.InetAddress.getAllByName(InetAddress.java:1306)
[2025-05-01T18:33:00.039+0000] {spark_submit.py:644} INFO - at java.base/java.net.InetAddress.getByName(InetAddress.java:1256)
[2025-05-01T18:33:00.039+0000] {spark_submit.py:644} INFO - at io.netty.util.internal.SocketUtils$8.run(SocketUtils.java:156)
[2025-05-01T18:33:00.039+0000] {spark_submit.py:644} INFO - at io.netty.util.internal.SocketUtils$8.run(SocketUtils.java:153)
[2025-05-01T18:33:00.040+0000] {spark_submit.py:644} INFO - at java.base/java.security.AccessController.doPrivileged(AccessController.java:569)
[2025-05-01T18:33:00.040+0000] {spark_submit.py:644} INFO - at io.netty.util.internal.SocketUtils.addressByName(SocketUtils.java:153)
[2025-05-01T18:33:00.040+0000] {spark_submit.py:644} INFO - at io.netty.resolver.DefaultNameResolver.doResolve(DefaultNameResolver.java:41)
[2025-05-01T18:33:00.040+0000] {spark_submit.py:644} INFO - at io.netty.resolver.SimpleNameResolver.resolve(SimpleNameResolver.java:61)
[2025-05-01T18:33:00.040+0000] {spark_submit.py:644} INFO - at io.netty.resolver.SimpleNameResolver.resolve(SimpleNameResolver.java:53)
[2025-05-01T18:33:00.040+0000] {spark_submit.py:644} INFO - at io.netty.resolver.InetSocketAddressResolver.doResolve(InetSocketAddressResolver.java:55)
[2025-05-01T18:33:00.040+0000] {spark_submit.py:644} INFO - at io.netty.resolver.InetSocketAddressResolver.doResolve(InetSocketAddressResolver.java:31)
[2025-05-01T18:33:00.040+0000] {spark_submit.py:644} INFO - at io.netty.resolver.AbstractAddressResolver.resolve(AbstractAddressResolver.java:106)
[2025-05-01T18:33:00.040+0000] {spark_submit.py:644} INFO - at io.netty.bootstrap.Bootstrap.doResolveAndConnect0(Bootstrap.java:206)
[2025-05-01T18:33:00.040+0000] {spark_submit.py:644} INFO - at io.netty.bootstrap.Bootstrap.access$000(Bootstrap.java:46)
[2025-05-01T18:33:00.041+0000] {spark_submit.py:644} INFO - at io.netty.bootstrap.Bootstrap$1.operationComplete(Bootstrap.java:180)
[2025-05-01T18:33:00.041+0000] {spark_submit.py:644} INFO - at io.netty.bootstrap.Bootstrap$1.operationComplete(Bootstrap.java:166)
[2025-05-01T18:33:00.041+0000] {spark_submit.py:644} INFO - at io.netty.util.concurrent.DefaultPromise.notifyListener0(DefaultPromise.java:578)
[2025-05-01T18:33:00.041+0000] {spark_submit.py:644} INFO - at io.netty.util.concurrent.DefaultPromise.notifyListenersNow(DefaultPromise.java:552)
[2025-05-01T18:33:00.041+0000] {spark_submit.py:644} INFO - at io.netty.util.concurrent.DefaultPromise.notifyListeners(DefaultPromise.java:491)
[2025-05-01T18:33:00.041+0000] {spark_submit.py:644} INFO - at io.netty.util.concurrent.DefaultPromise.setValue0(DefaultPromise.java:616)
[2025-05-01T18:33:00.041+0000] {spark_submit.py:644} INFO - at io.netty.util.concurrent.DefaultPromise.setSuccess0(DefaultPromise.java:605)
[2025-05-01T18:33:00.041+0000] {spark_submit.py:644} INFO - at io.netty.util.concurrent.DefaultPromise.trySuccess(DefaultPromise.java:104)
[2025-05-01T18:33:00.041+0000] {spark_submit.py:644} INFO - at io.netty.channel.DefaultChannelPromise.trySuccess(DefaultChannelPromise.java:84)
[2025-05-01T18:33:00.041+0000] {spark_submit.py:644} INFO - at io.netty.channel.AbstractChannel$AbstractUnsafe.safeSetSuccess(AbstractChannel.java:990)
[2025-05-01T18:33:00.041+0000] {spark_submit.py:644} INFO - at io.netty.channel.AbstractChannel$AbstractUnsafe.register0(AbstractChannel.java:516)
[2025-05-01T18:33:00.041+0000] {spark_submit.py:644} INFO - at io.netty.channel.AbstractChannel$AbstractUnsafe.access$200(AbstractChannel.java:429)
[2025-05-01T18:33:00.041+0000] {spark_submit.py:644} INFO - at io.netty.channel.AbstractChannel$AbstractUnsafe$1.run(AbstractChannel.java:486)
[2025-05-01T18:33:00.042+0000] {spark_submit.py:644} INFO - at io.netty.util.concurrent.AbstractEventExecutor.safeExecute(AbstractEventExecutor.java:164)
[2025-05-01T18:33:00.042+0000] {spark_submit.py:644} INFO - at io.netty.util.concurrent.SingleThreadEventExecutor.runAllTasks(SingleThreadEventExecutor.java:469)
[2025-05-01T18:33:00.042+0000] {spark_submit.py:644} INFO - at io.netty.channel.nio.NioEventLoop.run(NioEventLoop.java:503)
[2025-05-01T18:33:00.042+0000] {spark_submit.py:644} INFO - at io.netty.util.concurrent.SingleThreadEventExecutor$4.run(SingleThreadEventExecutor.java:986)
[2025-05-01T18:33:00.042+0000] {spark_submit.py:644} INFO - at io.netty.util.internal.ThreadExecutorMap$2.run(ThreadExecutorMap.java:74)
[2025-05-01T18:33:00.042+0000] {spark_submit.py:644} INFO - at io.netty.util.concurrent.FastThreadLocalRunnable.run(FastThreadLocalRunnable.java:30)
[2025-05-01T18:33:00.043+0000] {spark_submit.py:644} INFO - ... 1 more
[2025-05-01T18:33:16.510+0000] {spark_submit.py:644} INFO - 25/05/01 18:33:16 INFO StandaloneAppClient$ClientEndpoint: Connecting to master spark://spark-master:7077...
[2025-05-01T18:33:19.844+0000] {spark_submit.py:644} INFO - 25/05/01 18:33:19 WARN TransportClientFactory: DNS resolution failed for spark-master/<unresolved>:7077 took 3330 ms
[2025-05-01T18:33:19.848+0000] {spark_submit.py:644} INFO - 25/05/01 18:33:19 WARN StandaloneAppClient$ClientEndpoint: Failed to connect to master spark-master:7077
[2025-05-01T18:33:19.849+0000] {spark_submit.py:644} INFO - org.apache.spark.SparkException: Exception thrown in awaitResult:
[2025-05-01T18:33:19.849+0000] {spark_submit.py:644} INFO - at org.apache.spark.util.ThreadUtils$.awaitResult(ThreadUtils.scala:301)
[2025-05-01T18:33:19.849+0000] {spark_submit.py:644} INFO - at org.apache.spark.rpc.RpcTimeout.awaitResult(RpcTimeout.scala:75)
[2025-05-01T18:33:19.849+0000] {spark_submit.py:644} INFO - at org.apache.spark.rpc.RpcEnv.setupEndpointRefByURI(RpcEnv.scala:102)
[2025-05-01T18:33:19.849+0000] {spark_submit.py:644} INFO - at org.apache.spark.rpc.RpcEnv.setupEndpointRef(RpcEnv.scala:110)
[2025-05-01T18:33:19.849+0000] {spark_submit.py:644} INFO - at org.apache.spark.deploy.client.StandaloneAppClient$ClientEndpoint$$anon$1.run(StandaloneAppClient.scala:107)
[2025-05-01T18:33:19.849+0000] {spark_submit.py:644} INFO - at java.base/java.util.concurrent.Executors$RunnableAdapter.call(Executors.java:539)
[2025-05-01T18:33:19.849+0000] {spark_submit.py:644} INFO - at java.base/java.util.concurrent.FutureTask.run(FutureTask.java:264)
[2025-05-01T18:33:19.849+0000] {spark_submit.py:644} INFO - at java.base/java.util.concurrent.ThreadPoolExecutor.runWorker(ThreadPoolExecutor.java:1136)
[2025-05-01T18:33:19.850+0000] {spark_submit.py:644} INFO - at java.base/java.util.concurrent.ThreadPoolExecutor$Worker.run(ThreadPoolExecutor.java:635)
[2025-05-01T18:33:19.850+0000] {spark_submit.py:644} INFO - at java.base/java.lang.Thread.run(Thread.java:840)
[2025-05-01T18:33:19.850+0000] {spark_submit.py:644} INFO - Caused by: java.io.IOException: Failed to connect to spark-master/<unresolved>:7077
[2025-05-01T18:33:19.850+0000] {spark_submit.py:644} INFO - at org.apache.spark.network.client.TransportClientFactory.createClient(TransportClientFactory.java:288)
[2025-05-01T18:33:19.850+0000] {spark_submit.py:644} INFO - at org.apache.spark.network.client.TransportClientFactory.createClient(TransportClientFactory.java:218)
[2025-05-01T18:33:19.850+0000] {spark_submit.py:644} INFO - at org.apache.spark.network.client.TransportClientFactory.createClient(TransportClientFactory.java:230)
[2025-05-01T18:33:19.850+0000] {spark_submit.py:644} INFO - at org.apache.spark.rpc.netty.NettyRpcEnv.createClient(NettyRpcEnv.scala:204)
[2025-05-01T18:33:19.850+0000] {spark_submit.py:644} INFO - at org.apache.spark.rpc.netty.Outbox$$anon$1.call(Outbox.scala:202)
[2025-05-01T18:33:19.850+0000] {spark_submit.py:644} INFO - at org.apache.spark.rpc.netty.Outbox$$anon$1.call(Outbox.scala:198)
[2025-05-01T18:33:19.850+0000] {spark_submit.py:644} INFO - ... 4 more
[2025-05-01T18:33:19.850+0000] {spark_submit.py:644} INFO - Caused by: java.net.UnknownHostException: spark-master
[2025-05-01T18:33:19.850+0000] {spark_submit.py:644} INFO - at java.base/java.net.InetAddress$CachedAddresses.get(InetAddress.java:801)
[2025-05-01T18:33:19.851+0000] {spark_submit.py:644} INFO - at java.base/java.net.InetAddress.getAllByName0(InetAddress.java:1533)
[2025-05-01T18:33:19.851+0000] {spark_submit.py:644} INFO - at java.base/java.net.InetAddress.getAllByName(InetAddress.java:1385)
[2025-05-01T18:33:19.851+0000] {spark_submit.py:644} INFO - at java.base/java.net.InetAddress.getAllByName(InetAddress.java:1306)
[2025-05-01T18:33:19.851+0000] {spark_submit.py:644} INFO - at java.base/java.net.InetAddress.getByName(InetAddress.java:1256)
[2025-05-01T18:33:19.851+0000] {spark_submit.py:644} INFO - at io.netty.util.internal.SocketUtils$8.run(SocketUtils.java:156)
[2025-05-01T18:33:19.851+0000] {spark_submit.py:644} INFO - at io.netty.util.internal.SocketUtils$8.run(SocketUtils.java:153)
[2025-05-01T18:33:19.851+0000] {spark_submit.py:644} INFO - at java.base/java.security.AccessController.doPrivileged(AccessController.java:569)
[2025-05-01T18:33:19.851+0000] {spark_submit.py:644} INFO - at io.netty.util.internal.SocketUtils.addressByName(SocketUtils.java:153)
[2025-05-01T18:33:19.851+0000] {spark_submit.py:644} INFO - at io.netty.resolver.DefaultNameResolver.doResolve(DefaultNameResolver.java:41)
[2025-05-01T18:33:19.851+0000] {spark_submit.py:644} INFO - at io.netty.resolver.SimpleNameResolver.resolve(SimpleNameResolver.java:61)
[2025-05-01T18:33:19.851+0000] {spark_submit.py:644} INFO - at io.netty.resolver.SimpleNameResolver.resolve(SimpleNameResolver.java:53)
[2025-05-01T18:33:19.851+0000] {spark_submit.py:644} INFO - at io.netty.resolver.InetSocketAddressResolver.doResolve(InetSocketAddressResolver.java:55)
[2025-05-01T18:33:19.851+0000] {spark_submit.py:644} INFO - at io.netty.resolver.InetSocketAddressResolver.doResolve(InetSocketAddressResolver.java:31)
[2025-05-01T18:33:19.852+0000] {spark_submit.py:644} INFO - at io.netty.resolver.AbstractAddressResolver.resolve(AbstractAddressResolver.java:106)
[2025-05-01T18:33:19.852+0000] {spark_submit.py:644} INFO - at io.netty.bootstrap.Bootstrap.doResolveAndConnect0(Bootstrap.java:206)
[2025-05-01T18:33:19.852+0000] {spark_submit.py:644} INFO - at io.netty.bootstrap.Bootstrap.access$000(Bootstrap.java:46)
[2025-05-01T18:33:19.852+0000] {spark_submit.py:644} INFO - at io.netty.bootstrap.Bootstrap$1.operationComplete(Bootstrap.java:180)
[2025-05-01T18:33:19.852+0000] {spark_submit.py:644} INFO - at io.netty.bootstrap.Bootstrap$1.operationComplete(Bootstrap.java:166)
[2025-05-01T18:33:19.852+0000] {spark_submit.py:644} INFO - at io.netty.util.concurrent.DefaultPromise.notifyListener0(DefaultPromise.java:578)
[2025-05-01T18:33:19.852+0000] {spark_submit.py:644} INFO - at io.netty.util.concurrent.DefaultPromise.notifyListenersNow(DefaultPromise.java:552)
[2025-05-01T18:33:19.852+0000] {spark_submit.py:644} INFO - at io.netty.util.concurrent.DefaultPromise.notifyListeners(DefaultPromise.java:491)
[2025-05-01T18:33:19.852+0000] {spark_submit.py:644} INFO - at io.netty.util.concurrent.DefaultPromise.setValue0(DefaultPromise.java:616)
[2025-05-01T18:33:19.852+0000] {spark_submit.py:644} INFO - at io.netty.util.concurrent.DefaultPromise.setSuccess0(DefaultPromise.java:605)
[2025-05-01T18:33:19.852+0000] {spark_submit.py:644} INFO - at io.netty.util.concurrent.DefaultPromise.trySuccess(DefaultPromise.java:104)
[2025-05-01T18:33:19.852+0000] {spark_submit.py:644} INFO - at io.netty.channel.DefaultChannelPromise.trySuccess(DefaultChannelPromise.java:84)
[2025-05-01T18:33:19.853+0000] {spark_submit.py:644} INFO - at io.netty.channel.AbstractChannel$AbstractUnsafe.safeSetSuccess(AbstractChannel.java:990)
[2025-05-01T18:33:19.853+0000] {spark_submit.py:644} INFO - at io.netty.channel.AbstractChannel$AbstractUnsafe.register0(AbstractChannel.java:516)
[2025-05-01T18:33:19.853+0000] {spark_submit.py:644} INFO - at io.netty.channel.AbstractChannel$AbstractUnsafe.access$200(AbstractChannel.java:429)
[2025-05-01T18:33:19.853+0000] {spark_submit.py:644} INFO - at io.netty.channel.AbstractChannel$AbstractUnsafe$1.run(AbstractChannel.java:486)
[2025-05-01T18:33:19.853+0000] {spark_submit.py:644} INFO - at io.netty.util.concurrent.AbstractEventExecutor.safeExecute(AbstractEventExecutor.java:164)
[2025-05-01T18:33:19.853+0000] {spark_submit.py:644} INFO - at io.netty.util.concurrent.SingleThreadEventExecutor.runAllTasks(SingleThreadEventExecutor.java:469)
[2025-05-01T18:33:19.853+0000] {spark_submit.py:644} INFO - at io.netty.channel.nio.NioEventLoop.run(NioEventLoop.java:503)
[2025-05-01T18:33:19.853+0000] {spark_submit.py:644} INFO - at io.netty.util.concurrent.SingleThreadEventExecutor$4.run(SingleThreadEventExecutor.java:986)
[2025-05-01T18:33:19.853+0000] {spark_submit.py:644} INFO - at io.netty.util.internal.ThreadExecutorMap$2.run(ThreadExecutorMap.java:74)
[2025-05-01T18:33:19.853+0000] {spark_submit.py:644} INFO - at io.netty.util.concurrent.FastThreadLocalRunnable.run(FastThreadLocalRunnable.java:30)
[2025-05-01T18:33:19.854+0000] {spark_submit.py:644} INFO - ... 1 more
[2025-05-01T18:33:36.527+0000] {spark_submit.py:644} INFO - 25/05/01 18:33:36 INFO StandaloneAppClient$ClientEndpoint: Connecting to master spark://spark-master:7077...
[2025-05-01T18:33:39.783+0000] {spark_submit.py:644} INFO - 25/05/01 18:33:39 WARN TransportClientFactory: DNS resolution failed for spark-master/<unresolved>:7077 took 3334 ms
[2025-05-01T18:33:39.788+0000] {spark_submit.py:644} INFO - 25/05/01 18:33:39 WARN StandaloneAppClient$ClientEndpoint: Failed to connect to master spark-master:7077
[2025-05-01T18:33:39.789+0000] {spark_submit.py:644} INFO - org.apache.spark.SparkException: Exception thrown in awaitResult:
[2025-05-01T18:33:39.789+0000] {spark_submit.py:644} INFO - at org.apache.spark.util.ThreadUtils$.awaitResult(ThreadUtils.scala:301)
[2025-05-01T18:33:39.789+0000] {spark_submit.py:644} INFO - at org.apache.spark.rpc.RpcTimeout.awaitResult(RpcTimeout.scala:75)
[2025-05-01T18:33:39.789+0000] {spark_submit.py:644} INFO - at org.apache.spark.rpc.RpcEnv.setupEndpointRefByURI(RpcEnv.scala:102)
[2025-05-01T18:33:39.789+0000] {spark_submit.py:644} INFO - at org.apache.spark.rpc.RpcEnv.setupEndpointRef(RpcEnv.scala:110)
[2025-05-01T18:33:39.789+0000] {spark_submit.py:644} INFO - at org.apache.spark.deploy.client.StandaloneAppClient$ClientEndpoint$$anon$1.run(StandaloneAppClient.scala:107)
[2025-05-01T18:33:39.789+0000] {spark_submit.py:644} INFO - at java.base/java.util.concurrent.Executors$RunnableAdapter.call(Executors.java:539)
[2025-05-01T18:33:39.789+0000] {spark_submit.py:644} INFO - at java.base/java.util.concurrent.FutureTask.run(FutureTask.java:264)
[2025-05-01T18:33:39.789+0000] {spark_submit.py:644} INFO - at java.base/java.util.concurrent.ThreadPoolExecutor.runWorker(ThreadPoolExecutor.java:1136)
[2025-05-01T18:33:39.789+0000] {spark_submit.py:644} INFO - at java.base/java.util.concurrent.ThreadPoolExecutor$Worker.run(ThreadPoolExecutor.java:635)
[2025-05-01T18:33:39.790+0000] {spark_submit.py:644} INFO - at java.base/java.lang.Thread.run(Thread.java:840)
[2025-05-01T18:33:39.790+0000] {spark_submit.py:644} INFO - Caused by: java.io.IOException: Failed to connect to spark-master/<unresolved>:7077
[2025-05-01T18:33:39.790+0000] {spark_submit.py:644} INFO - at org.apache.spark.network.client.TransportClientFactory.createClient(TransportClientFactory.java:288)
[2025-05-01T18:33:39.790+0000] {spark_submit.py:644} INFO - at org.apache.spark.network.client.TransportClientFactory.createClient(TransportClientFactory.java:218)
[2025-05-01T18:33:39.790+0000] {spark_submit.py:644} INFO - at org.apache.spark.network.client.TransportClientFactory.createClient(TransportClientFactory.java:230)
[2025-05-01T18:33:39.790+0000] {spark_submit.py:644} INFO - at org.apache.spark.rpc.netty.NettyRpcEnv.createClient(NettyRpcEnv.scala:204)
[2025-05-01T18:33:39.790+0000] {spark_submit.py:644} INFO - at org.apache.spark.rpc.netty.Outbox$$anon$1.call(Outbox.scala:202)
[2025-05-01T18:33:39.790+0000] {spark_submit.py:644} INFO - at org.apache.spark.rpc.netty.Outbox$$anon$1.call(Outbox.scala:198)
[2025-05-01T18:33:39.790+0000] {spark_submit.py:644} INFO - ... 4 more
[2025-05-01T18:33:39.790+0000] {spark_submit.py:644} INFO - Caused by: java.net.UnknownHostException: spark-master
[2025-05-01T18:33:39.790+0000] {spark_submit.py:644} INFO - at java.base/java.net.InetAddress$CachedAddresses.get(InetAddress.java:801)
[2025-05-01T18:33:39.790+0000] {spark_submit.py:644} INFO - at java.base/java.net.InetAddress.getAllByName0(InetAddress.java:1533)
[2025-05-01T18:33:39.791+0000] {spark_submit.py:644} INFO - at java.base/java.net.InetAddress.getAllByName(InetAddress.java:1385)
[2025-05-01T18:33:39.791+0000] {spark_submit.py:644} INFO - at java.base/java.net.InetAddress.getAllByName(InetAddress.java:1306)
[2025-05-01T18:33:39.791+0000] {spark_submit.py:644} INFO - at java.base/java.net.InetAddress.getByName(InetAddress.java:1256)
[2025-05-01T18:33:39.791+0000] {spark_submit.py:644} INFO - at io.netty.util.internal.SocketUtils$8.run(SocketUtils.java:156)
[2025-05-01T18:33:39.791+0000] {spark_submit.py:644} INFO - at io.netty.util.internal.SocketUtils$8.run(SocketUtils.java:153)
[2025-05-01T18:33:39.791+0000] {spark_submit.py:644} INFO - at java.base/java.security.AccessController.doPrivileged(AccessController.java:569)
[2025-05-01T18:33:39.791+0000] {spark_submit.py:644} INFO - at io.netty.util.internal.SocketUtils.addressByName(SocketUtils.java:153)
[2025-05-01T18:33:39.791+0000] {spark_submit.py:644} INFO - at io.netty.resolver.DefaultNameResolver.doResolve(DefaultNameResolver.java:41)
[2025-05-01T18:33:39.791+0000] {spark_submit.py:644} INFO - at io.netty.resolver.SimpleNameResolver.resolve(SimpleNameResolver.java:61)
[2025-05-01T18:33:39.791+0000] {spark_submit.py:644} INFO - at io.netty.resolver.SimpleNameResolver.resolve(SimpleNameResolver.java:53)
[2025-05-01T18:33:39.791+0000] {spark_submit.py:644} INFO - at io.netty.resolver.InetSocketAddressResolver.doResolve(InetSocketAddressResolver.java:55)
[2025-05-01T18:33:39.792+0000] {spark_submit.py:644} INFO - at io.netty.resolver.InetSocketAddressResolver.doResolve(InetSocketAddressResolver.java:31)
[2025-05-01T18:33:39.792+0000] {spark_submit.py:644} INFO - at io.netty.resolver.AbstractAddressResolver.resolve(AbstractAddressResolver.java:106)
[2025-05-01T18:33:39.792+0000] {spark_submit.py:644} INFO - at io.netty.bootstrap.Bootstrap.doResolveAndConnect0(Bootstrap.java:206)
[2025-05-01T18:33:39.792+0000] {spark_submit.py:644} INFO - at io.netty.bootstrap.Bootstrap.access$000(Bootstrap.java:46)
[2025-05-01T18:33:39.792+0000] {spark_submit.py:644} INFO - at io.netty.bootstrap.Bootstrap$1.operationComplete(Bootstrap.java:180)
[2025-05-01T18:33:39.792+0000] {spark_submit.py:644} INFO - at io.netty.bootstrap.Bootstrap$1.operationComplete(Bootstrap.java:166)
[2025-05-01T18:33:39.792+0000] {spark_submit.py:644} INFO - at io.netty.util.concurrent.DefaultPromise.notifyListener0(DefaultPromise.java:578)
[2025-05-01T18:33:39.792+0000] {spark_submit.py:644} INFO - at io.netty.util.concurrent.DefaultPromise.notifyListenersNow(DefaultPromise.java:552)
[2025-05-01T18:33:39.792+0000] {spark_submit.py:644} INFO - at io.netty.util.concurrent.DefaultPromise.notifyListeners(DefaultPromise.java:491)
[2025-05-01T18:33:39.792+0000] {spark_submit.py:644} INFO - at io.netty.util.concurrent.DefaultPromise.setValue0(DefaultPromise.java:616)
[2025-05-01T18:33:39.792+0000] {spark_submit.py:644} INFO - at io.netty.util.concurrent.DefaultPromise.setSuccess0(DefaultPromise.java:605)
[2025-05-01T18:33:39.792+0000] {spark_submit.py:644} INFO - at io.netty.util.concurrent.DefaultPromise.trySuccess(DefaultPromise.java:104)
[2025-05-01T18:33:39.793+0000] {spark_submit.py:644} INFO - at io.netty.channel.DefaultChannelPromise.trySuccess(DefaultChannelPromise.java:84)
[2025-05-01T18:33:39.793+0000] {spark_submit.py:644} INFO - at io.netty.channel.AbstractChannel$AbstractUnsafe.safeSetSuccess(AbstractChannel.java:990)
[2025-05-01T18:33:39.793+0000] {spark_submit.py:644} INFO - at io.netty.channel.AbstractChannel$AbstractUnsafe.register0(AbstractChannel.java:516)
[2025-05-01T18:33:39.793+0000] {spark_submit.py:644} INFO - at io.netty.channel.AbstractChannel$AbstractUnsafe.access$200(AbstractChannel.java:429)
[2025-05-01T18:33:39.793+0000] {spark_submit.py:644} INFO - at io.netty.channel.AbstractChannel$AbstractUnsafe$1.run(AbstractChannel.java:486)
[2025-05-01T18:33:39.793+0000] {spark_submit.py:644} INFO - at io.netty.util.concurrent.AbstractEventExecutor.safeExecute(AbstractEventExecutor.java:164)
[2025-05-01T18:33:39.793+0000] {spark_submit.py:644} INFO - at io.netty.util.concurrent.SingleThreadEventExecutor.runAllTasks(SingleThreadEventExecutor.java:469)
[2025-05-01T18:33:39.793+0000] {spark_submit.py:644} INFO - at io.netty.channel.nio.NioEventLoop.run(NioEventLoop.java:503)
[2025-05-01T18:33:39.793+0000] {spark_submit.py:644} INFO - at io.netty.util.concurrent.SingleThreadEventExecutor$4.run(SingleThreadEventExecutor.java:986)
[2025-05-01T18:33:39.793+0000] {spark_submit.py:644} INFO - at io.netty.util.internal.ThreadExecutorMap$2.run(ThreadExecutorMap.java:74)
[2025-05-01T18:33:39.793+0000] {spark_submit.py:644} INFO - at io.netty.util.concurrent.FastThreadLocalRunnable.run(FastThreadLocalRunnable.java:30)
[2025-05-01T18:33:39.793+0000] {spark_submit.py:644} INFO - ... 1 more
[2025-05-01T18:33:56.478+0000] {spark_submit.py:644} INFO - 25/05/01 18:33:56 ERROR StandaloneSchedulerBackend: Application has been killed. Reason: All masters are unresponsive! Giving up.
[2025-05-01T18:33:56.478+0000] {spark_submit.py:644} INFO - 25/05/01 18:33:56 WARN StandaloneSchedulerBackend: Application ID is not initialized yet.
[2025-05-01T18:33:56.488+0000] {spark_submit.py:644} INFO - 25/05/01 18:33:56 INFO Utils: Successfully started service 'org.apache.spark.network.netty.NettyBlockTransferService' on port 34271.
[2025-05-01T18:33:56.488+0000] {spark_submit.py:644} INFO - 25/05/01 18:33:56 INFO NettyBlockTransferService: Server created on 5dc6ae9cc66f:34271
[2025-05-01T18:33:56.491+0000] {spark_submit.py:644} INFO - 25/05/01 18:33:56 INFO BlockManager: Using org.apache.spark.storage.RandomBlockReplicationPolicy for block replication policy
[2025-05-01T18:33:56.503+0000] {spark_submit.py:644} INFO - 25/05/01 18:33:56 INFO SparkUI: Stopped Spark web UI at http://5dc6ae9cc66f:4040
[2025-05-01T18:33:56.504+0000] {spark_submit.py:644} INFO - 25/05/01 18:33:56 INFO BlockManagerMaster: Registering BlockManager BlockManagerId(driver, 5dc6ae9cc66f, 34271, None)
[2025-05-01T18:33:56.509+0000] {spark_submit.py:644} INFO - 25/05/01 18:33:56 INFO StandaloneSchedulerBackend: Shutting down all executors
[2025-05-01T18:33:56.509+0000] {spark_submit.py:644} INFO - 25/05/01 18:33:56 INFO BlockManagerMasterEndpoint: Registering block manager 5dc6ae9cc66f:34271 with 434.4 MiB RAM, BlockManagerId(driver, 5dc6ae9cc66f, 34271, None)
[2025-05-01T18:33:56.516+0000] {spark_submit.py:644} INFO - 25/05/01 18:33:56 INFO BlockManagerMaster: Registered BlockManager BlockManagerId(driver, 5dc6ae9cc66f, 34271, None)
[2025-05-01T18:33:56.517+0000] {spark_submit.py:644} INFO - 25/05/01 18:33:56 INFO BlockManager: Initialized BlockManager: BlockManagerId(driver, 5dc6ae9cc66f, 34271, None)
[2025-05-01T18:33:56.519+0000] {spark_submit.py:644} INFO - 25/05/01 18:33:56 INFO CoarseGrainedSchedulerBackend$DriverEndpoint: Asking each executor to shut down
[2025-05-01T18:33:56.525+0000] {spark_submit.py:644} INFO - 25/05/01 18:33:56 WARN StandaloneAppClient$ClientEndpoint: Drop UnregisterApplication(null) because has not yet connected to master
[2025-05-01T18:33:56.538+0000] {spark_submit.py:644} INFO - 25/05/01 18:33:56 INFO MapOutputTrackerMasterEndpoint: MapOutputTrackerMasterEndpoint stopped!
[2025-05-01T18:33:56.561+0000] {spark_submit.py:644} INFO - 25/05/01 18:33:56 INFO MemoryStore: MemoryStore cleared
[2025-05-01T18:33:56.562+0000] {spark_submit.py:644} INFO - 25/05/01 18:33:56 INFO BlockManager: BlockManager stopped
[2025-05-01T18:33:56.574+0000] {spark_submit.py:644} INFO - 25/05/01 18:33:56 INFO BlockManagerMaster: BlockManagerMaster stopped
[2025-05-01T18:33:56.578+0000] {spark_submit.py:644} INFO - 25/05/01 18:33:56 INFO OutputCommitCoordinator$OutputCommitCoordinatorEndpoint: OutputCommitCoordinator stopped!
[2025-05-01T18:33:56.590+0000] {spark_submit.py:644} INFO - 25/05/01 18:33:56 INFO SparkContext: Successfully stopped SparkContext
[2025-05-01T18:33:56.756+0000] {spark_submit.py:644} INFO - 25/05/01 18:33:56 ERROR AsyncEventQueue: Listener AppStatusListener threw an exception
[2025-05-01T18:33:56.757+0000] {spark_submit.py:644} INFO - java.lang.NullPointerException: Cannot invoke "org.apache.spark.status.api.v1.ApplicationInfo.attempts()" because the return value of "org.apache.spark.status.AppStatusListener.appInfo()" is null
[2025-05-01T18:33:56.757+0000] {spark_submit.py:644} INFO - at org.apache.spark.status.AppStatusListener.onApplicationEnd(AppStatusListener.scala:192)
[2025-05-01T18:33:56.757+0000] {spark_submit.py:644} INFO - at org.apache.spark.scheduler.SparkListenerBus.doPostEvent(SparkListenerBus.scala:57)
[2025-05-01T18:33:56.757+0000] {spark_submit.py:644} INFO - at org.apache.spark.scheduler.SparkListenerBus.doPostEvent$(SparkListenerBus.scala:28)
[2025-05-01T18:33:56.757+0000] {spark_submit.py:644} INFO - at org.apache.spark.scheduler.AsyncEventQueue.doPostEvent(AsyncEventQueue.scala:37)
[2025-05-01T18:33:56.757+0000] {spark_submit.py:644} INFO - at org.apache.spark.scheduler.AsyncEventQueue.doPostEvent(AsyncEventQueue.scala:37)
[2025-05-01T18:33:56.758+0000] {spark_submit.py:644} INFO - at org.apache.spark.util.ListenerBus.postToAll(ListenerBus.scala:117)
[2025-05-01T18:33:56.758+0000] {spark_submit.py:644} INFO - at org.apache.spark.util.ListenerBus.postToAll$(ListenerBus.scala:101)
[2025-05-01T18:33:56.758+0000] {spark_submit.py:644} INFO - at org.apache.spark.scheduler.AsyncEventQueue.super$postToAll(AsyncEventQueue.scala:105)
[2025-05-01T18:33:56.758+0000] {spark_submit.py:644} INFO - at org.apache.spark.scheduler.AsyncEventQueue.$anonfun$dispatch$1(AsyncEventQueue.scala:105)
[2025-05-01T18:33:56.758+0000] {spark_submit.py:644} INFO - at scala.runtime.java8.JFunction0$mcJ$sp.apply(JFunction0$mcJ$sp.java:23)
[2025-05-01T18:33:56.758+0000] {spark_submit.py:644} INFO - at scala.util.DynamicVariable.withValue(DynamicVariable.scala:62)
[2025-05-01T18:33:56.759+0000] {spark_submit.py:644} INFO - at org.apache.spark.scheduler.AsyncEventQueue.org$apache$spark$scheduler$AsyncEventQueue$$dispatch(AsyncEventQueue.scala:100)
[2025-05-01T18:33:56.759+0000] {spark_submit.py:644} INFO - at org.apache.spark.scheduler.AsyncEventQueue$$anon$2.$anonfun$run$1(AsyncEventQueue.scala:96)
[2025-05-01T18:33:56.759+0000] {spark_submit.py:644} INFO - at org.apache.spark.util.Utils$.tryOrStopSparkContext(Utils.scala:1446)
[2025-05-01T18:33:56.759+0000] {spark_submit.py:644} INFO - at org.apache.spark.scheduler.AsyncEventQueue$$anon$2.run(AsyncEventQueue.scala:96)
[2025-05-01T18:33:56.759+0000] {spark_submit.py:644} INFO - 25/05/01 18:33:56 ERROR SparkContext: Error initializing SparkContext.
[2025-05-01T18:33:56.759+0000] {spark_submit.py:644} INFO - java.lang.IllegalArgumentException: requirement failed: Can only call getServletHandlers on a running MetricsSystem
[2025-05-01T18:33:56.760+0000] {spark_submit.py:644} INFO - at scala.Predef$.require(Predef.scala:281)
[2025-05-01T18:33:56.760+0000] {spark_submit.py:644} INFO - at org.apache.spark.metrics.MetricsSystem.getServletHandlers(MetricsSystem.scala:89)
[2025-05-01T18:33:56.760+0000] {spark_submit.py:644} INFO - at org.apache.spark.SparkContext.<init>(SparkContext.scala:650)
[2025-05-01T18:33:56.760+0000] {spark_submit.py:644} INFO - at org.apache.spark.api.java.JavaSparkContext.<init>(JavaSparkContext.scala:58)
[2025-05-01T18:33:56.760+0000] {spark_submit.py:644} INFO - at java.base/jdk.internal.reflect.NativeConstructorAccessorImpl.newInstance0(Native Method)
[2025-05-01T18:33:56.760+0000] {spark_submit.py:644} INFO - at java.base/jdk.internal.reflect.NativeConstructorAccessorImpl.newInstance(NativeConstructorAccessorImpl.java:77)
[2025-05-01T18:33:56.760+0000] {spark_submit.py:644} INFO - at java.base/jdk.internal.reflect.DelegatingConstructorAccessorImpl.newInstance(DelegatingConstructorAccessorImpl.java:45)
[2025-05-01T18:33:56.761+0000] {spark_submit.py:644} INFO - at java.base/java.lang.reflect.Constructor.newInstanceWithCaller(Constructor.java:500)
[2025-05-01T18:33:56.761+0000] {spark_submit.py:644} INFO - at java.base/java.lang.reflect.Constructor.newInstance(Constructor.java:481)
[2025-05-01T18:33:56.761+0000] {spark_submit.py:644} INFO - at py4j.reflection.MethodInvoker.invoke(MethodInvoker.java:247)
[2025-05-01T18:33:56.761+0000] {spark_submit.py:644} INFO - at py4j.reflection.ReflectionEngine.invoke(ReflectionEngine.java:357)
[2025-05-01T18:33:56.761+0000] {spark_submit.py:644} INFO - at py4j.Gateway.invoke(Gateway.java:238)
[2025-05-01T18:33:56.761+0000] {spark_submit.py:644} INFO - at py4j.commands.ConstructorCommand.invokeConstructor(ConstructorCommand.java:80)
[2025-05-01T18:33:56.762+0000] {spark_submit.py:644} INFO - at py4j.commands.ConstructorCommand.execute(ConstructorCommand.java:69)
[2025-05-01T18:33:56.762+0000] {spark_submit.py:644} INFO - at py4j.ClientServerConnection.waitForCommands(ClientServerConnection.java:182)
[2025-05-01T18:33:56.762+0000] {spark_submit.py:644} INFO - at py4j.ClientServerConnection.run(ClientServerConnection.java:106)
[2025-05-01T18:33:56.762+0000] {spark_submit.py:644} INFO - at java.base/java.lang.Thread.run(Thread.java:840)
[2025-05-01T18:33:56.762+0000] {spark_submit.py:644} INFO - 25/05/01 18:33:56 INFO SparkContext: SparkContext already stopped.
[2025-05-01T18:33:56.762+0000] {spark_submit.py:644} INFO - Traceback (most recent call last):
[2025-05-01T18:33:56.762+0000] {spark_submit.py:644} INFO - File "/opt/airflow/dags/landing_to_bronze.py", line 55, in <module>
[2025-05-01T18:33:56.762+0000] {spark_submit.py:644} INFO - main()
[2025-05-01T18:33:56.762+0000] {spark_submit.py:644} INFO - File "/opt/airflow/dags/landing_to_bronze.py", line 24, in main
[2025-05-01T18:33:56.763+0000] {spark_submit.py:644} INFO - .getOrCreate()
[2025-05-01T18:33:56.763+0000] {spark_submit.py:644} INFO - File "/home/airflow/.local/lib/python3.10/site-packages/pyspark/python/lib/pyspark.zip/pyspark/sql/session.py", line 269, in getOrCreate
[2025-05-01T18:33:56.763+0000] {spark_submit.py:644} INFO - File "/home/airflow/.local/lib/python3.10/site-packages/pyspark/python/lib/pyspark.zip/pyspark/context.py", line 483, in getOrCreate
[2025-05-01T18:33:56.763+0000] {spark_submit.py:644} INFO - File "/home/airflow/.local/lib/python3.10/site-packages/pyspark/python/lib/pyspark.zip/pyspark/context.py", line 197, in __init__
[2025-05-01T18:33:56.763+0000] {spark_submit.py:644} INFO - File "/home/airflow/.local/lib/python3.10/site-packages/pyspark/python/lib/pyspark.zip/pyspark/context.py", line 282, in _do_init
[2025-05-01T18:33:56.763+0000] {spark_submit.py:644} INFO - File "/home/airflow/.local/lib/python3.10/site-packages/pyspark/python/lib/pyspark.zip/pyspark/context.py", line 402, in _initialize_context
[2025-05-01T18:33:56.763+0000] {spark_submit.py:644} INFO - File "/home/airflow/.local/lib/python3.10/site-packages/pyspark/python/lib/py4j-0.10.9.5-src.zip/py4j/java_gateway.py", line 1585, in __call__
[2025-05-01T18:33:56.763+0000] {spark_submit.py:644} INFO - File "/home/airflow/.local/lib/python3.10/site-packages/pyspark/python/lib/py4j-0.10.9.5-src.zip/py4j/protocol.py", line 326, in get_return_value
[2025-05-01T18:33:56.763+0000] {spark_submit.py:644} INFO - py4j.protocol.Py4JJavaError: An error occurred while calling None.org.apache.spark.api.java.JavaSparkContext.
[2025-05-01T18:33:56.763+0000] {spark_submit.py:644} INFO - : java.lang.IllegalArgumentException: requirement failed: Can only call getServletHandlers on a running MetricsSystem
[2025-05-01T18:33:56.763+0000] {spark_submit.py:644} INFO - at scala.Predef$.require(Predef.scala:281)
[2025-05-01T18:33:56.763+0000] {spark_submit.py:644} INFO - at org.apache.spark.metrics.MetricsSystem.getServletHandlers(MetricsSystem.scala:89)
[2025-05-01T18:33:56.764+0000] {spark_submit.py:644} INFO - at org.apache.spark.SparkContext.<init>(SparkContext.scala:650)
[2025-05-01T18:33:56.764+0000] {spark_submit.py:644} INFO - at org.apache.spark.api.java.JavaSparkContext.<init>(JavaSparkContext.scala:58)
[2025-05-01T18:33:56.764+0000] {spark_submit.py:644} INFO - at java.base/jdk.internal.reflect.NativeConstructorAccessorImpl.newInstance0(Native Method)
[2025-05-01T18:33:56.764+0000] {spark_submit.py:644} INFO - at java.base/jdk.internal.reflect.NativeConstructorAccessorImpl.newInstance(NativeConstructorAccessorImpl.java:77)
[2025-05-01T18:33:56.764+0000] {spark_submit.py:644} INFO - at java.base/jdk.internal.reflect.DelegatingConstructorAccessorImpl.newInstance(DelegatingConstructorAccessorImpl.java:45)
[2025-05-01T18:33:56.764+0000] {spark_submit.py:644} INFO - at java.base/java.lang.reflect.Constructor.newInstanceWithCaller(Constructor.java:500)
[2025-05-01T18:33:56.764+0000] {spark_submit.py:644} INFO - at java.base/java.lang.reflect.Constructor.newInstance(Constructor.java:481)
[2025-05-01T18:33:56.764+0000] {spark_submit.py:644} INFO - at py4j.reflection.MethodInvoker.invoke(MethodInvoker.java:247)
[2025-05-01T18:33:56.764+0000] {spark_submit.py:644} INFO - at py4j.reflection.ReflectionEngine.invoke(ReflectionEngine.java:357)
[2025-05-01T18:33:56.764+0000] {spark_submit.py:644} INFO - at py4j.Gateway.invoke(Gateway.java:238)
[2025-05-01T18:33:56.764+0000] {spark_submit.py:644} INFO - at py4j.commands.ConstructorCommand.invokeConstructor(ConstructorCommand.java:80)
[2025-05-01T18:33:56.764+0000] {spark_submit.py:644} INFO - at py4j.commands.ConstructorCommand.execute(ConstructorCommand.java:69)
[2025-05-01T18:33:56.764+0000] {spark_submit.py:644} INFO - at py4j.ClientServerConnection.waitForCommands(ClientServerConnection.java:182)
[2025-05-01T18:33:56.765+0000] {spark_submit.py:644} INFO - at py4j.ClientServerConnection.run(ClientServerConnection.java:106)
[2025-05-01T18:33:56.765+0000] {spark_submit.py:644} INFO - at java.base/java.lang.Thread.run(Thread.java:840)
[2025-05-01T18:33:56.765+0000] {spark_submit.py:644} INFO - 
[2025-05-01T18:33:56.807+0000] {spark_submit.py:644} INFO - 25/05/01 18:33:56 INFO ShutdownHookManager: Shutdown hook called
[2025-05-01T18:33:56.808+0000] {spark_submit.py:644} INFO - 25/05/01 18:33:56 INFO ShutdownHookManager: Deleting directory /tmp/spark-531b4224-6cc1-4a2a-a765-67995885528b
[2025-05-01T18:33:56.813+0000] {spark_submit.py:644} INFO - 25/05/01 18:33:56 INFO ShutdownHookManager: Deleting directory /tmp/spark-deaec51e-06c1-420a-a730-70ba503c9c47
[2025-05-01T18:33:56.916+0000] {taskinstance.py:441} INFO - ::group::Post task execution logs
[2025-05-01T18:33:56.950+0000] {taskinstance.py:2905} ERROR - Task failed with exception
Traceback (most recent call last):
  File "/home/airflow/.local/lib/python3.10/site-packages/airflow/models/taskinstance.py", line 465, in _execute_task
    result = _execute_callable(context=context, **execute_callable_kwargs)
  File "/home/airflow/.local/lib/python3.10/site-packages/airflow/models/taskinstance.py", line 432, in _execute_callable
    return execute_callable(context=context, **execute_callable_kwargs)
  File "/home/airflow/.local/lib/python3.10/site-packages/airflow/models/baseoperator.py", line 400, in wrapper
    return func(self, *args, **kwargs)
  File "/home/airflow/.local/lib/python3.10/site-packages/airflow/providers/apache/spark/operators/spark_submit.py", line 197, in execute
    self._hook.submit(self.application)
  File "/home/airflow/.local/lib/python3.10/site-packages/airflow/providers/apache/spark/hooks/spark_submit.py", line 566, in submit
    raise AirflowException(
airflow.exceptions.AirflowException: Cannot execute: spark-submit --master spark://spark-master:7077 --conf spark.master=spark://spark-master:7077 --name LandingToBronze --verbose --queue root.default --deploy-mode client /opt/airflow/dags/landing_to_bronze.py. Error code is: 1.
[2025-05-01T18:33:56.955+0000] {taskinstance.py:1206} INFO - Marking task as FAILED. dag_id=final_project_BBDL, task_id=LandingToBronze, run_id=manual__2025-05-01T18:32:48.115375+00:00, execution_date=20250501T183248, start_date=20250501T183250, end_date=20250501T183356
[2025-05-01T18:33:56.989+0000] {standard_task_runner.py:110} ERROR - Failed to execute job 8 for task LandingToBronze (Cannot execute: spark-submit --master spark://spark-master:7077 --conf spark.master=spark://spark-master:7077 --name LandingToBronze --verbose --queue root.default --deploy-mode client /opt/airflow/dags/landing_to_bronze.py. Error code is: 1.; 1582)
[2025-05-01T18:33:56.996+0000] {local_task_job_runner.py:240} INFO - Task exited with return code 1
[2025-05-01T18:33:57.041+0000] {taskinstance.py:3498} INFO - 0 downstream tasks scheduled from follow-on schedule check
[2025-05-01T18:33:57.069+0000] {local_task_job_runner.py:222} INFO - ::endgroup::
