[2025-05-06T09:22:06.134+0000] {taskinstance.py:1103} INFO - Dependencies all met for dep_context=non-requeueable deps ti=<TaskInstance: final_project_BBDL.SilverToGold manual__2025-05-06T09:21:10.007027+00:00 [queued]>
[2025-05-06T09:22:06.145+0000] {taskinstance.py:1103} INFO - Dependencies all met for dep_context=requeueable deps ti=<TaskInstance: final_project_BBDL.SilverToGold manual__2025-05-06T09:21:10.007027+00:00 [queued]>
[2025-05-06T09:22:06.145+0000] {taskinstance.py:1308} INFO - Starting attempt 1 of 1
[2025-05-06T09:22:06.192+0000] {taskinstance.py:1327} INFO - Executing <Task(SparkSubmitOperator): SilverToGold> on 2025-05-06 09:21:10.007027+00:00
[2025-05-06T09:22:06.196+0000] {standard_task_runner.py:57} INFO - Started process 16736 to run task
[2025-05-06T09:22:06.198+0000] {standard_task_runner.py:84} INFO - Running: ['airflow', 'tasks', 'run', 'final_project_BBDL', 'SilverToGold', 'manual__2025-05-06T09:21:10.007027+00:00', '--job-id', '41', '--raw', '--subdir', 'DAGS_FOLDER/project_solution.py', '--cfg-path', '/tmp/tmph5v1043a']
[2025-05-06T09:22:06.200+0000] {standard_task_runner.py:85} INFO - Job 41: Subtask SilverToGold
[2025-05-06T09:22:06.238+0000] {logging_mixin.py:150} WARNING - /home/airflow/.local/lib/python3.7/site-packages/airflow/settings.py:195 DeprecationWarning: The sql_alchemy_conn option in [core] has been moved to the sql_alchemy_conn option in [database] - the old setting has been used, but please update your config.
[2025-05-06T09:22:06.271+0000] {task_command.py:410} INFO - Running <TaskInstance: final_project_BBDL.SilverToGold manual__2025-05-06T09:21:10.007027+00:00 [running]> on host b431f09a1fa6
[2025-05-06T09:22:06.405+0000] {taskinstance.py:1547} INFO - Exporting env vars: AIRFLOW_CTX_DAG_OWNER='airflow' AIRFLOW_CTX_DAG_ID='final_project_BBDL' AIRFLOW_CTX_TASK_ID='SilverToGold' AIRFLOW_CTX_EXECUTION_DATE='2025-05-06T09:21:10.007027+00:00' AIRFLOW_CTX_TRY_NUMBER='1' AIRFLOW_CTX_DAG_RUN_ID='manual__2025-05-06T09:21:10.007027+00:00'
[2025-05-06T09:22:06.415+0000] {base.py:73} INFO - Using connection ID 'spark_default' for task execution.
[2025-05-06T09:22:06.417+0000] {spark_submit.py:339} INFO - Spark-Submit cmd: spark-submit --master spark://spark-master:7077 --conf spark.master=spark://spark-master:7077 --name SilverToGold --verbose --queue root.default /opt/airflow/dags/silver_to_gold.py
[2025-05-06T09:22:07.922+0000] {spark_submit.py:490} INFO - Using properties file: null
[2025-05-06T09:22:08.025+0000] {spark_submit.py:490} INFO - Parsed arguments:
[2025-05-06T09:22:08.026+0000] {spark_submit.py:490} INFO - master                  spark://spark-master:7077
[2025-05-06T09:22:08.026+0000] {spark_submit.py:490} INFO - deployMode              null
[2025-05-06T09:22:08.026+0000] {spark_submit.py:490} INFO - executorMemory          null
[2025-05-06T09:22:08.026+0000] {spark_submit.py:490} INFO - executorCores           null
[2025-05-06T09:22:08.026+0000] {spark_submit.py:490} INFO - totalExecutorCores      null
[2025-05-06T09:22:08.026+0000] {spark_submit.py:490} INFO - propertiesFile          null
[2025-05-06T09:22:08.026+0000] {spark_submit.py:490} INFO - driverMemory            null
[2025-05-06T09:22:08.026+0000] {spark_submit.py:490} INFO - driverCores             null
[2025-05-06T09:22:08.026+0000] {spark_submit.py:490} INFO - driverExtraClassPath    null
[2025-05-06T09:22:08.026+0000] {spark_submit.py:490} INFO - driverExtraLibraryPath  null
[2025-05-06T09:22:08.026+0000] {spark_submit.py:490} INFO - driverExtraJavaOptions  null
[2025-05-06T09:22:08.026+0000] {spark_submit.py:490} INFO - supervise               false
[2025-05-06T09:22:08.026+0000] {spark_submit.py:490} INFO - queue                   root.default
[2025-05-06T09:22:08.026+0000] {spark_submit.py:490} INFO - numExecutors            null
[2025-05-06T09:22:08.026+0000] {spark_submit.py:490} INFO - files                   null
[2025-05-06T09:22:08.026+0000] {spark_submit.py:490} INFO - pyFiles                 null
[2025-05-06T09:22:08.026+0000] {spark_submit.py:490} INFO - archives                null
[2025-05-06T09:22:08.027+0000] {spark_submit.py:490} INFO - mainClass               null
[2025-05-06T09:22:08.027+0000] {spark_submit.py:490} INFO - primaryResource         file:/opt/airflow/dags/silver_to_gold.py
[2025-05-06T09:22:08.027+0000] {spark_submit.py:490} INFO - name                    SilverToGold
[2025-05-06T09:22:08.027+0000] {spark_submit.py:490} INFO - childArgs               []
[2025-05-06T09:22:08.027+0000] {spark_submit.py:490} INFO - jars                    null
[2025-05-06T09:22:08.027+0000] {spark_submit.py:490} INFO - packages                null
[2025-05-06T09:22:08.027+0000] {spark_submit.py:490} INFO - packagesExclusions      null
[2025-05-06T09:22:08.027+0000] {spark_submit.py:490} INFO - repositories            null
[2025-05-06T09:22:08.027+0000] {spark_submit.py:490} INFO - verbose                 true
[2025-05-06T09:22:08.027+0000] {spark_submit.py:490} INFO - 
[2025-05-06T09:22:08.027+0000] {spark_submit.py:490} INFO - Spark properties used, including those specified through
[2025-05-06T09:22:08.027+0000] {spark_submit.py:490} INFO - --conf and those from the properties file null:
[2025-05-06T09:22:08.027+0000] {spark_submit.py:490} INFO - (spark.master,spark://spark-master:7077)
[2025-05-06T09:22:08.027+0000] {spark_submit.py:490} INFO - 
[2025-05-06T09:22:08.027+0000] {spark_submit.py:490} INFO - 
[2025-05-06T09:22:08.319+0000] {spark_submit.py:490} INFO - Main class:
[2025-05-06T09:22:08.319+0000] {spark_submit.py:490} INFO - org.apache.spark.deploy.PythonRunner
[2025-05-06T09:22:08.319+0000] {spark_submit.py:490} INFO - Arguments:
[2025-05-06T09:22:08.319+0000] {spark_submit.py:490} INFO - file:/opt/airflow/dags/silver_to_gold.py
[2025-05-06T09:22:08.319+0000] {spark_submit.py:490} INFO - null
[2025-05-06T09:22:08.323+0000] {spark_submit.py:490} INFO - Spark config:
[2025-05-06T09:22:08.324+0000] {spark_submit.py:490} INFO - (spark.app.name,SilverToGold)
[2025-05-06T09:22:08.324+0000] {spark_submit.py:490} INFO - (spark.app.submitTime,1746523328291)
[2025-05-06T09:22:08.324+0000] {spark_submit.py:490} INFO - (spark.master,spark://spark-master:7077)
[2025-05-06T09:22:08.324+0000] {spark_submit.py:490} INFO - (spark.submit.deployMode,client)
[2025-05-06T09:22:08.324+0000] {spark_submit.py:490} INFO - (spark.submit.pyFiles,)
[2025-05-06T09:22:08.324+0000] {spark_submit.py:490} INFO - Classpath elements:
[2025-05-06T09:22:08.324+0000] {spark_submit.py:490} INFO - 
[2025-05-06T09:22:08.324+0000] {spark_submit.py:490} INFO - 
[2025-05-06T09:22:08.324+0000] {spark_submit.py:490} INFO - 
[2025-05-06T09:22:08.794+0000] {spark_submit.py:490} INFO - 25/05/06 09:22:08 INFO SparkContext: Running Spark version 3.3.0
[2025-05-06T09:22:08.856+0000] {spark_submit.py:490} INFO - 25/05/06 09:22:08 WARN NativeCodeLoader: Unable to load native-hadoop library for your platform... using builtin-java classes where applicable
[2025-05-06T09:22:08.934+0000] {spark_submit.py:490} INFO - 25/05/06 09:22:08 INFO ResourceUtils: ==============================================================
[2025-05-06T09:22:08.934+0000] {spark_submit.py:490} INFO - 25/05/06 09:22:08 INFO ResourceUtils: No custom resources configured for spark.driver.
[2025-05-06T09:22:08.935+0000] {spark_submit.py:490} INFO - 25/05/06 09:22:08 INFO ResourceUtils: ==============================================================
[2025-05-06T09:22:08.935+0000] {spark_submit.py:490} INFO - 25/05/06 09:22:08 INFO SparkContext: Submitted application: SilverToGold
[2025-05-06T09:22:08.956+0000] {spark_submit.py:490} INFO - 25/05/06 09:22:08 INFO ResourceProfile: Default ResourceProfile created, executor resources: Map(cores -> name: cores, amount: 1, script: , vendor: , memory -> name: memory, amount: 1024, script: , vendor: , offHeap -> name: offHeap, amount: 0, script: , vendor: ), task resources: Map(cpus -> name: cpus, amount: 1.0)
[2025-05-06T09:22:08.966+0000] {spark_submit.py:490} INFO - 25/05/06 09:22:08 INFO ResourceProfile: Limiting resource is cpu
[2025-05-06T09:22:08.966+0000] {spark_submit.py:490} INFO - 25/05/06 09:22:08 INFO ResourceProfileManager: Added ResourceProfile id: 0
[2025-05-06T09:22:09.009+0000] {spark_submit.py:490} INFO - 25/05/06 09:22:09 INFO SecurityManager: Changing view acls to: root
[2025-05-06T09:22:09.010+0000] {spark_submit.py:490} INFO - 25/05/06 09:22:09 INFO SecurityManager: Changing modify acls to: root
[2025-05-06T09:22:09.011+0000] {spark_submit.py:490} INFO - 25/05/06 09:22:09 INFO SecurityManager: Changing view acls groups to:
[2025-05-06T09:22:09.011+0000] {spark_submit.py:490} INFO - 25/05/06 09:22:09 INFO SecurityManager: Changing modify acls groups to:
[2025-05-06T09:22:09.011+0000] {spark_submit.py:490} INFO - 25/05/06 09:22:09 INFO SecurityManager: SecurityManager: authentication disabled; ui acls disabled; users  with view permissions: Set(root); groups with view permissions: Set(); users  with modify permissions: Set(root); groups with modify permissions: Set()
[2025-05-06T09:22:09.257+0000] {spark_submit.py:490} INFO - 25/05/06 09:22:09 INFO Utils: Successfully started service 'sparkDriver' on port 35643.
[2025-05-06T09:22:09.288+0000] {spark_submit.py:490} INFO - 25/05/06 09:22:09 INFO SparkEnv: Registering MapOutputTracker
[2025-05-06T09:22:09.318+0000] {spark_submit.py:490} INFO - 25/05/06 09:22:09 INFO SparkEnv: Registering BlockManagerMaster
[2025-05-06T09:22:09.342+0000] {spark_submit.py:490} INFO - 25/05/06 09:22:09 INFO BlockManagerMasterEndpoint: Using org.apache.spark.storage.DefaultTopologyMapper for getting topology information
[2025-05-06T09:22:09.342+0000] {spark_submit.py:490} INFO - 25/05/06 09:22:09 INFO BlockManagerMasterEndpoint: BlockManagerMasterEndpoint up
[2025-05-06T09:22:09.347+0000] {spark_submit.py:490} INFO - 25/05/06 09:22:09 INFO SparkEnv: Registering BlockManagerMasterHeartbeat
[2025-05-06T09:22:09.382+0000] {spark_submit.py:490} INFO - 25/05/06 09:22:09 INFO DiskBlockManager: Created local directory at /tmp/blockmgr-19801208-e2af-422d-909c-aba3cf5abe8b
[2025-05-06T09:22:09.398+0000] {spark_submit.py:490} INFO - 25/05/06 09:22:09 INFO MemoryStore: MemoryStore started with capacity 434.4 MiB
[2025-05-06T09:22:09.413+0000] {spark_submit.py:490} INFO - 25/05/06 09:22:09 INFO SparkEnv: Registering OutputCommitCoordinator
[2025-05-06T09:22:09.590+0000] {spark_submit.py:490} INFO - 25/05/06 09:22:09 INFO Utils: Successfully started service 'SparkUI' on port 4040.
[2025-05-06T09:22:09.712+0000] {spark_submit.py:490} INFO - 25/05/06 09:22:09 INFO StandaloneAppClient$ClientEndpoint: Connecting to master spark://spark-master:7077...
[2025-05-06T09:22:09.767+0000] {spark_submit.py:490} INFO - 25/05/06 09:22:09 INFO TransportClientFactory: Successfully created connection to spark-master/172.18.0.3:7077 after 33 ms (0 ms spent in bootstraps)
[2025-05-06T09:22:09.851+0000] {spark_submit.py:490} INFO - 25/05/06 09:22:09 INFO StandaloneSchedulerBackend: Connected to Spark cluster with app ID app-20250506092209-0037
[2025-05-06T09:22:09.853+0000] {spark_submit.py:490} INFO - 25/05/06 09:22:09 INFO StandaloneAppClient$ClientEndpoint: Executor added: app-20250506092209-0037/0 on worker-20250505201940-172.18.0.6-38439 (172.18.0.6:38439) with 2 core(s)
[2025-05-06T09:22:09.859+0000] {spark_submit.py:490} INFO - 25/05/06 09:22:09 INFO StandaloneSchedulerBackend: Granted executor ID app-20250506092209-0037/0 on hostPort 172.18.0.6:38439 with 2 core(s), 1024.0 MiB RAM
[2025-05-06T09:22:09.861+0000] {spark_submit.py:490} INFO - 25/05/06 09:22:09 INFO Utils: Successfully started service 'org.apache.spark.network.netty.NettyBlockTransferService' on port 45963.
[2025-05-06T09:22:09.862+0000] {spark_submit.py:490} INFO - 25/05/06 09:22:09 INFO NettyBlockTransferService: Server created on b431f09a1fa6:45963
[2025-05-06T09:22:09.863+0000] {spark_submit.py:490} INFO - 25/05/06 09:22:09 INFO BlockManager: Using org.apache.spark.storage.RandomBlockReplicationPolicy for block replication policy
[2025-05-06T09:22:09.871+0000] {spark_submit.py:490} INFO - 25/05/06 09:22:09 INFO BlockManagerMaster: Registering BlockManager BlockManagerId(driver, b431f09a1fa6, 45963, None)
[2025-05-06T09:22:09.875+0000] {spark_submit.py:490} INFO - 25/05/06 09:22:09 INFO BlockManagerMasterEndpoint: Registering block manager b431f09a1fa6:45963 with 434.4 MiB RAM, BlockManagerId(driver, b431f09a1fa6, 45963, None)
[2025-05-06T09:22:09.878+0000] {spark_submit.py:490} INFO - 25/05/06 09:22:09 INFO BlockManagerMaster: Registered BlockManager BlockManagerId(driver, b431f09a1fa6, 45963, None)
[2025-05-06T09:22:09.880+0000] {spark_submit.py:490} INFO - 25/05/06 09:22:09 INFO BlockManager: Initialized BlockManager: BlockManagerId(driver, b431f09a1fa6, 45963, None)
[2025-05-06T09:22:09.894+0000] {spark_submit.py:490} INFO - 25/05/06 09:22:09 INFO StandaloneAppClient$ClientEndpoint: Executor updated: app-20250506092209-0037/0 is now RUNNING
[2025-05-06T09:22:10.075+0000] {spark_submit.py:490} INFO - 25/05/06 09:22:10 INFO StandaloneSchedulerBackend: SchedulerBackend is ready for scheduling beginning after reached minRegisteredResourcesRatio: 0.0
[2025-05-06T09:22:10.228+0000] {spark_submit.py:490} INFO - 2025-05-06 09:22:10,228 [INFO] 📁 Очікуваний шлях до silver athlete_event_results: /tmp/spark_data/silver/athlete_event_results/20250506
[2025-05-06T09:22:10.228+0000] {spark_submit.py:490} INFO - 2025-05-06 09:22:10,228 [INFO] 📥 Зчитування athlete_event_results
[2025-05-06T09:22:10.286+0000] {spark_submit.py:490} INFO - 25/05/06 09:22:10 INFO SharedState: Setting hive.metastore.warehouse.dir ('null') to the value of spark.sql.warehouse.dir.
[2025-05-06T09:22:10.294+0000] {spark_submit.py:490} INFO - 25/05/06 09:22:10 INFO SharedState: Warehouse path is 'file:/opt/airflow/spark-warehouse'.
[2025-05-06T09:22:11.263+0000] {spark_submit.py:490} INFO - 25/05/06 09:22:11 INFO InMemoryFileIndex: It took 57 ms to list leaf files for 1 paths.
[2025-05-06T09:22:11.709+0000] {spark_submit.py:490} INFO - 25/05/06 09:22:11 INFO SparkContext: Starting job: parquet at NativeMethodAccessorImpl.java:0
[2025-05-06T09:22:11.732+0000] {spark_submit.py:490} INFO - 25/05/06 09:22:11 INFO DAGScheduler: Got job 0 (parquet at NativeMethodAccessorImpl.java:0) with 1 output partitions
[2025-05-06T09:22:11.732+0000] {spark_submit.py:490} INFO - 25/05/06 09:22:11 INFO DAGScheduler: Final stage: ResultStage 0 (parquet at NativeMethodAccessorImpl.java:0)
[2025-05-06T09:22:11.733+0000] {spark_submit.py:490} INFO - 25/05/06 09:22:11 INFO DAGScheduler: Parents of final stage: List()
[2025-05-06T09:22:11.733+0000] {spark_submit.py:490} INFO - 25/05/06 09:22:11 INFO DAGScheduler: Missing parents: List()
[2025-05-06T09:22:11.740+0000] {spark_submit.py:490} INFO - 25/05/06 09:22:11 INFO DAGScheduler: Submitting ResultStage 0 (MapPartitionsRDD[1] at parquet at NativeMethodAccessorImpl.java:0), which has no missing parents
[2025-05-06T09:22:11.802+0000] {spark_submit.py:490} INFO - 25/05/06 09:22:11 INFO MemoryStore: Block broadcast_0 stored as values in memory (estimated size 102.6 KiB, free 434.3 MiB)
[2025-05-06T09:22:11.838+0000] {spark_submit.py:490} INFO - 25/05/06 09:22:11 INFO MemoryStore: Block broadcast_0_piece0 stored as bytes in memory (estimated size 36.8 KiB, free 434.3 MiB)
[2025-05-06T09:22:11.844+0000] {spark_submit.py:490} INFO - 25/05/06 09:22:11 INFO BlockManagerInfo: Added broadcast_0_piece0 in memory on b431f09a1fa6:45963 (size: 36.8 KiB, free: 434.4 MiB)
[2025-05-06T09:22:11.846+0000] {spark_submit.py:490} INFO - 25/05/06 09:22:11 INFO SparkContext: Created broadcast 0 from broadcast at DAGScheduler.scala:1513
[2025-05-06T09:22:11.866+0000] {spark_submit.py:490} INFO - 25/05/06 09:22:11 INFO DAGScheduler: Submitting 1 missing tasks from ResultStage 0 (MapPartitionsRDD[1] at parquet at NativeMethodAccessorImpl.java:0) (first 15 tasks are for partitions Vector(0))
[2025-05-06T09:22:11.867+0000] {spark_submit.py:490} INFO - 25/05/06 09:22:11 INFO TaskSchedulerImpl: Adding task set 0.0 with 1 tasks resource profile 0
[2025-05-06T09:22:12.689+0000] {spark_submit.py:490} INFO - 25/05/06 09:22:12 INFO CoarseGrainedSchedulerBackend$DriverEndpoint: Registered executor NettyRpcEndpointRef(spark-client://Executor) (172.18.0.6:58340) with ID 0,  ResourceProfileId 0
[2025-05-06T09:22:12.758+0000] {spark_submit.py:490} INFO - 25/05/06 09:22:12 INFO BlockManagerMasterEndpoint: Registering block manager 172.18.0.6:35921 with 366.3 MiB RAM, BlockManagerId(0, 172.18.0.6, 35921, None)
[2025-05-06T09:22:12.816+0000] {spark_submit.py:490} INFO - 25/05/06 09:22:12 INFO TaskSetManager: Starting task 0.0 in stage 0.0 (TID 0) (172.18.0.6, executor 0, partition 0, PROCESS_LOCAL, 4678 bytes) taskResourceAssignments Map()
[2025-05-06T09:22:13.045+0000] {spark_submit.py:490} INFO - 25/05/06 09:22:13 INFO BlockManagerInfo: Added broadcast_0_piece0 in memory on 172.18.0.6:35921 (size: 36.8 KiB, free: 366.3 MiB)
[2025-05-06T09:22:13.907+0000] {spark_submit.py:490} INFO - 25/05/06 09:22:13 INFO TaskSetManager: Finished task 0.0 in stage 0.0 (TID 0) in 1104 ms on 172.18.0.6 (executor 0) (1/1)
[2025-05-06T09:22:13.909+0000] {spark_submit.py:490} INFO - 25/05/06 09:22:13 INFO TaskSchedulerImpl: Removed TaskSet 0.0, whose tasks have all completed, from pool
[2025-05-06T09:22:13.913+0000] {spark_submit.py:490} INFO - 25/05/06 09:22:13 INFO DAGScheduler: ResultStage 0 (parquet at NativeMethodAccessorImpl.java:0) finished in 2.152 s
[2025-05-06T09:22:13.916+0000] {spark_submit.py:490} INFO - 25/05/06 09:22:13 INFO DAGScheduler: Job 0 is finished. Cancelling potential speculative or zombie tasks for this job
[2025-05-06T09:22:13.917+0000] {spark_submit.py:490} INFO - 25/05/06 09:22:13 INFO TaskSchedulerImpl: Killing all running tasks in stage 0: Stage finished
[2025-05-06T09:22:13.918+0000] {spark_submit.py:490} INFO - 25/05/06 09:22:13 INFO DAGScheduler: Job 0 finished: parquet at NativeMethodAccessorImpl.java:0, took 2.209034 s
[2025-05-06T09:22:14.006+0000] {spark_submit.py:490} INFO - 25/05/06 09:22:14 INFO BlockManagerInfo: Removed broadcast_0_piece0 on b431f09a1fa6:45963 in memory (size: 36.8 KiB, free: 434.4 MiB)
[2025-05-06T09:22:14.017+0000] {spark_submit.py:490} INFO - 25/05/06 09:22:14 INFO BlockManagerInfo: Removed broadcast_0_piece0 on 172.18.0.6:35921 in memory (size: 36.8 KiB, free: 366.3 MiB)
[2025-05-06T09:22:15.212+0000] {spark_submit.py:490} INFO - 2025-05-06 09:22:15,212 [INFO] 📥 Зчитування athletes.parquet
[2025-05-06T09:22:15.258+0000] {spark_submit.py:490} INFO - Traceback (most recent call last):
[2025-05-06T09:22:15.258+0000] {spark_submit.py:490} INFO - File "/opt/airflow/dags/silver_to_gold.py", line 79, in <module>
[2025-05-06T09:22:15.259+0000] {spark_submit.py:490} INFO - main()
[2025-05-06T09:22:15.259+0000] {spark_submit.py:490} INFO - File "/opt/airflow/dags/silver_to_gold.py", line 74, in main
[2025-05-06T09:22:15.259+0000] {spark_submit.py:490} INFO - process_to_gold(spark, silver_dir, gold_dir)
[2025-05-06T09:22:15.259+0000] {spark_submit.py:490} INFO - File "/opt/airflow/dags/silver_to_gold.py", line 40, in process_to_gold
[2025-05-06T09:22:15.259+0000] {spark_submit.py:490} INFO - df_athletes = spark.read.parquet(silver_athletes_path)
[2025-05-06T09:22:15.260+0000] {spark_submit.py:490} INFO - File "/opt/spark/python/lib/pyspark.zip/pyspark/sql/readwriter.py", line 364, in parquet
[2025-05-06T09:22:15.260+0000] {spark_submit.py:490} INFO - File "/opt/spark/python/lib/py4j-0.10.9.5-src.zip/py4j/java_gateway.py", line 1322, in __call__
[2025-05-06T09:22:15.260+0000] {spark_submit.py:490} INFO - File "/opt/spark/python/lib/pyspark.zip/pyspark/sql/utils.py", line 196, in deco
[2025-05-06T09:22:15.270+0000] {spark_submit.py:490} INFO - pyspark.sql.utils.AnalysisException: Path does not exist: file:/tmp/spark_data/silver/athletes.parquet
[2025-05-06T09:22:15.308+0000] {spark_submit.py:490} INFO - 25/05/06 09:22:15 INFO SparkContext: Invoking stop() from shutdown hook
[2025-05-06T09:22:15.321+0000] {spark_submit.py:490} INFO - 25/05/06 09:22:15 INFO SparkUI: Stopped Spark web UI at http://b431f09a1fa6:4040
[2025-05-06T09:22:15.325+0000] {spark_submit.py:490} INFO - 25/05/06 09:22:15 INFO StandaloneSchedulerBackend: Shutting down all executors
[2025-05-06T09:22:15.326+0000] {spark_submit.py:490} INFO - 25/05/06 09:22:15 INFO CoarseGrainedSchedulerBackend$DriverEndpoint: Asking each executor to shut down
[2025-05-06T09:22:15.356+0000] {spark_submit.py:490} INFO - 25/05/06 09:22:15 INFO MapOutputTrackerMasterEndpoint: MapOutputTrackerMasterEndpoint stopped!
[2025-05-06T09:22:15.378+0000] {spark_submit.py:490} INFO - 25/05/06 09:22:15 INFO MemoryStore: MemoryStore cleared
[2025-05-06T09:22:15.378+0000] {spark_submit.py:490} INFO - 25/05/06 09:22:15 INFO BlockManager: BlockManager stopped
[2025-05-06T09:22:15.382+0000] {spark_submit.py:490} INFO - 25/05/06 09:22:15 INFO BlockManagerMaster: BlockManagerMaster stopped
[2025-05-06T09:22:15.386+0000] {spark_submit.py:490} INFO - 25/05/06 09:22:15 INFO OutputCommitCoordinator$OutputCommitCoordinatorEndpoint: OutputCommitCoordinator stopped!
[2025-05-06T09:22:15.402+0000] {spark_submit.py:490} INFO - 25/05/06 09:22:15 INFO SparkContext: Successfully stopped SparkContext
[2025-05-06T09:22:15.402+0000] {spark_submit.py:490} INFO - 25/05/06 09:22:15 INFO ShutdownHookManager: Shutdown hook called
[2025-05-06T09:22:15.403+0000] {spark_submit.py:490} INFO - 25/05/06 09:22:15 INFO ShutdownHookManager: Deleting directory /tmp/spark-bf748b09-eac2-4af7-a6cb-9c0b8789923c
[2025-05-06T09:22:15.407+0000] {spark_submit.py:490} INFO - 25/05/06 09:22:15 INFO ShutdownHookManager: Deleting directory /tmp/spark-85500ca3-6344-41ae-b8de-50eeebbbe436
[2025-05-06T09:22:15.411+0000] {spark_submit.py:490} INFO - 25/05/06 09:22:15 INFO ShutdownHookManager: Deleting directory /tmp/spark-bf748b09-eac2-4af7-a6cb-9c0b8789923c/pyspark-0dc458be-2ae4-4439-8187-2066dcc400c6
[2025-05-06T09:22:15.483+0000] {taskinstance.py:1824} ERROR - Task failed with exception
Traceback (most recent call last):
  File "/home/airflow/.local/lib/python3.7/site-packages/airflow/providers/apache/spark/operators/spark_submit.py", line 157, in execute
    self._hook.submit(self._application)
  File "/home/airflow/.local/lib/python3.7/site-packages/airflow/providers/apache/spark/hooks/spark_submit.py", line 422, in submit
    f"Cannot execute: {self._mask_cmd(spark_submit_cmd)}. Error code is: {returncode}."
airflow.exceptions.AirflowException: Cannot execute: spark-submit --master spark://spark-master:7077 --conf spark.master=spark://spark-master:7077 --name SilverToGold --verbose --queue root.default /opt/airflow/dags/silver_to_gold.py. Error code is: 1.
[2025-05-06T09:22:15.488+0000] {taskinstance.py:1350} INFO - Marking task as FAILED. dag_id=final_project_BBDL, task_id=SilverToGold, execution_date=20250506T092110, start_date=20250506T092206, end_date=20250506T092215
[2025-05-06T09:22:15.541+0000] {standard_task_runner.py:109} ERROR - Failed to execute job 41 for task SilverToGold (Cannot execute: spark-submit --master spark://spark-master:7077 --conf spark.master=spark://spark-master:7077 --name SilverToGold --verbose --queue root.default /opt/airflow/dags/silver_to_gold.py. Error code is: 1.; 16736)
[2025-05-06T09:22:15.553+0000] {local_task_job_runner.py:225} INFO - Task exited with return code 1
[2025-05-06T09:22:15.571+0000] {taskinstance.py:2653} INFO - 0 downstream tasks scheduled from follow-on schedule check
