[2025-05-02T21:32:57.300+0000] {local_task_job_runner.py:120} INFO - ::group::Pre task execution logs
[2025-05-02T21:32:57.351+0000] {taskinstance.py:2076} INFO - Dependencies all met for dep_context=non-requeueable deps ti=<TaskInstance: final_project_BBDL.LandingToBronze manual__2025-05-02T21:32:55.620048+00:00 [queued]>
[2025-05-02T21:32:57.359+0000] {taskinstance.py:2076} INFO - Dependencies all met for dep_context=requeueable deps ti=<TaskInstance: final_project_BBDL.LandingToBronze manual__2025-05-02T21:32:55.620048+00:00 [queued]>
[2025-05-02T21:32:57.359+0000] {taskinstance.py:2306} INFO - Starting attempt 1 of 1
[2025-05-02T21:32:57.392+0000] {taskinstance.py:2330} INFO - Executing <Task(SparkSubmitOperator): LandingToBronze> on 2025-05-02 21:32:55.620048+00:00
[2025-05-02T21:32:57.397+0000] {standard_task_runner.py:63} INFO - Started process 3936 to run task
[2025-05-02T21:32:57.400+0000] {standard_task_runner.py:90} INFO - Running: ['airflow', 'tasks', 'run', 'final_project_BBDL', 'LandingToBronze', 'manual__2025-05-02T21:32:55.620048+00:00', '--job-id', '33', '--raw', '--subdir', 'DAGS_FOLDER/project_solution.py', '--cfg-path', '/tmp/tmpe8p9p6ln']
[2025-05-02T21:32:57.402+0000] {standard_task_runner.py:91} INFO - Job 33: Subtask LandingToBronze
[2025-05-02T21:32:57.466+0000] {logging_mixin.py:188} WARNING - /home/airflow/.local/lib/python3.10/site-packages/airflow/settings.py:195 DeprecationWarning: The sql_alchemy_conn option in [core] has been moved to the sql_alchemy_conn option in [database] - the old setting has been used, but please update your config.
[2025-05-02T21:32:57.550+0000] {task_command.py:426} INFO - Running <TaskInstance: final_project_BBDL.LandingToBronze manual__2025-05-02T21:32:55.620048+00:00 [running]> on host 6ca5a7f6558e
[2025-05-02T21:32:57.817+0000] {taskinstance.py:2648} INFO - Exporting env vars: AIRFLOW_CTX_DAG_OWNER='airflow' AIRFLOW_CTX_DAG_ID='final_project_BBDL' AIRFLOW_CTX_TASK_ID='LandingToBronze' AIRFLOW_CTX_EXECUTION_DATE='2025-05-02T21:32:55.620048+00:00' AIRFLOW_CTX_TRY_NUMBER='1' AIRFLOW_CTX_DAG_RUN_ID='manual__2025-05-02T21:32:55.620048+00:00'
[2025-05-02T21:32:57.818+0000] {taskinstance.py:430} INFO - ::endgroup::
[2025-05-02T21:32:57.868+0000] {base.py:84} INFO - Using connection ID 'spark_default' for task execution.
[2025-05-02T21:32:57.869+0000] {spark_submit.py:328} ERROR - Failed to decode base64 keytab: Invalid base64-encoded string: number of data characters (5) cannot be 1 more than a multiple of 4
[2025-05-02T21:32:57.869+0000] {spark_submit.py:305} INFO - Could not load connection string spark_default, defaulting to spark://spark-master:7077
[2025-05-02T21:32:57.870+0000] {spark_submit.py:474} INFO - Spark-Submit cmd: spark-submit --master spark://spark-master:7077 --conf spark.master=spark://spark-master:7077 --name LandingToBronze --verbose --queue root.default --deploy-mode client /opt/airflow/dags/landing_to_bronze.py
[2025-05-02T21:32:59.039+0000] {spark_submit.py:644} INFO - Using properties file: null
[2025-05-02T21:32:59.136+0000] {spark_submit.py:644} INFO - Parsed arguments:
[2025-05-02T21:32:59.137+0000] {spark_submit.py:644} INFO - master                  spark://spark-master:7077
[2025-05-02T21:32:59.137+0000] {spark_submit.py:644} INFO - deployMode              client
[2025-05-02T21:32:59.137+0000] {spark_submit.py:644} INFO - executorMemory          null
[2025-05-02T21:32:59.137+0000] {spark_submit.py:644} INFO - executorCores           null
[2025-05-02T21:32:59.137+0000] {spark_submit.py:644} INFO - totalExecutorCores      null
[2025-05-02T21:32:59.137+0000] {spark_submit.py:644} INFO - propertiesFile          null
[2025-05-02T21:32:59.137+0000] {spark_submit.py:644} INFO - driverMemory            null
[2025-05-02T21:32:59.137+0000] {spark_submit.py:644} INFO - driverCores             null
[2025-05-02T21:32:59.138+0000] {spark_submit.py:644} INFO - driverExtraClassPath    null
[2025-05-02T21:32:59.138+0000] {spark_submit.py:644} INFO - driverExtraLibraryPath  null
[2025-05-02T21:32:59.138+0000] {spark_submit.py:644} INFO - driverExtraJavaOptions  null
[2025-05-02T21:32:59.138+0000] {spark_submit.py:644} INFO - supervise               false
[2025-05-02T21:32:59.138+0000] {spark_submit.py:644} INFO - queue                   root.default
[2025-05-02T21:32:59.138+0000] {spark_submit.py:644} INFO - numExecutors            null
[2025-05-02T21:32:59.138+0000] {spark_submit.py:644} INFO - files                   null
[2025-05-02T21:32:59.138+0000] {spark_submit.py:644} INFO - pyFiles                 null
[2025-05-02T21:32:59.138+0000] {spark_submit.py:644} INFO - archives                null
[2025-05-02T21:32:59.138+0000] {spark_submit.py:644} INFO - mainClass               null
[2025-05-02T21:32:59.138+0000] {spark_submit.py:644} INFO - primaryResource         file:/opt/airflow/dags/landing_to_bronze.py
[2025-05-02T21:32:59.139+0000] {spark_submit.py:644} INFO - name                    LandingToBronze
[2025-05-02T21:32:59.139+0000] {spark_submit.py:644} INFO - childArgs               []
[2025-05-02T21:32:59.139+0000] {spark_submit.py:644} INFO - jars                    null
[2025-05-02T21:32:59.139+0000] {spark_submit.py:644} INFO - packages                null
[2025-05-02T21:32:59.139+0000] {spark_submit.py:644} INFO - packagesExclusions      null
[2025-05-02T21:32:59.139+0000] {spark_submit.py:644} INFO - repositories            null
[2025-05-02T21:32:59.139+0000] {spark_submit.py:644} INFO - verbose                 true
[2025-05-02T21:32:59.139+0000] {spark_submit.py:644} INFO - 
[2025-05-02T21:32:59.139+0000] {spark_submit.py:644} INFO - Spark properties used, including those specified through
[2025-05-02T21:32:59.139+0000] {spark_submit.py:644} INFO - --conf and those from the properties file null:
[2025-05-02T21:32:59.139+0000] {spark_submit.py:644} INFO - (spark.master,spark://spark-master:7077)
[2025-05-02T21:32:59.140+0000] {spark_submit.py:644} INFO - 
[2025-05-02T21:32:59.140+0000] {spark_submit.py:644} INFO - 
[2025-05-02T21:32:59.438+0000] {spark_submit.py:644} INFO - Main class:
[2025-05-02T21:32:59.439+0000] {spark_submit.py:644} INFO - org.apache.spark.deploy.PythonRunner
[2025-05-02T21:32:59.439+0000] {spark_submit.py:644} INFO - Arguments:
[2025-05-02T21:32:59.439+0000] {spark_submit.py:644} INFO - file:/opt/airflow/dags/landing_to_bronze.py
[2025-05-02T21:32:59.439+0000] {spark_submit.py:644} INFO - null
[2025-05-02T21:32:59.442+0000] {spark_submit.py:644} INFO - Spark config:
[2025-05-02T21:32:59.442+0000] {spark_submit.py:644} INFO - (spark.app.name,LandingToBronze)
[2025-05-02T21:32:59.442+0000] {spark_submit.py:644} INFO - (spark.app.submitTime,1746221579423)
[2025-05-02T21:32:59.442+0000] {spark_submit.py:644} INFO - (spark.master,spark://spark-master:7077)
[2025-05-02T21:32:59.442+0000] {spark_submit.py:644} INFO - (spark.submit.deployMode,client)
[2025-05-02T21:32:59.443+0000] {spark_submit.py:644} INFO - (spark.submit.pyFiles,)
[2025-05-02T21:32:59.443+0000] {spark_submit.py:644} INFO - Classpath elements:
[2025-05-02T21:32:59.443+0000] {spark_submit.py:644} INFO - 
[2025-05-02T21:32:59.443+0000] {spark_submit.py:644} INFO - 
[2025-05-02T21:32:59.443+0000] {spark_submit.py:644} INFO - 
[2025-05-02T21:33:00.502+0000] {spark_submit.py:644} INFO - 25/05/02 21:33:00 INFO SparkContext: Running Spark version 3.3.0
[2025-05-02T21:33:00.558+0000] {spark_submit.py:644} INFO - 25/05/02 21:33:00 WARN NativeCodeLoader: Unable to load native-hadoop library for your platform... using builtin-java classes where applicable
[2025-05-02T21:33:00.663+0000] {spark_submit.py:644} INFO - 25/05/02 21:33:00 INFO ResourceUtils: ==============================================================
[2025-05-02T21:33:00.663+0000] {spark_submit.py:644} INFO - 25/05/02 21:33:00 INFO ResourceUtils: No custom resources configured for spark.driver.
[2025-05-02T21:33:00.664+0000] {spark_submit.py:644} INFO - 25/05/02 21:33:00 INFO ResourceUtils: ==============================================================
[2025-05-02T21:33:00.664+0000] {spark_submit.py:644} INFO - 25/05/02 21:33:00 INFO SparkContext: Submitted application: LandingToBronze
[2025-05-02T21:33:00.690+0000] {spark_submit.py:644} INFO - 25/05/02 21:33:00 INFO ResourceProfile: Default ResourceProfile created, executor resources: Map(cores -> name: cores, amount: 1, script: , vendor: , memory -> name: memory, amount: 1024, script: , vendor: , offHeap -> name: offHeap, amount: 0, script: , vendor: ), task resources: Map(cpus -> name: cpus, amount: 1.0)
[2025-05-02T21:33:00.700+0000] {spark_submit.py:644} INFO - 25/05/02 21:33:00 INFO ResourceProfile: Limiting resource is cpu
[2025-05-02T21:33:00.701+0000] {spark_submit.py:644} INFO - 25/05/02 21:33:00 INFO ResourceProfileManager: Added ResourceProfile id: 0
[2025-05-02T21:33:00.747+0000] {spark_submit.py:644} INFO - 25/05/02 21:33:00 INFO SecurityManager: Changing view acls to: airflow
[2025-05-02T21:33:00.748+0000] {spark_submit.py:644} INFO - 25/05/02 21:33:00 INFO SecurityManager: Changing modify acls to: airflow
[2025-05-02T21:33:00.748+0000] {spark_submit.py:644} INFO - 25/05/02 21:33:00 INFO SecurityManager: Changing view acls groups to:
[2025-05-02T21:33:00.748+0000] {spark_submit.py:644} INFO - 25/05/02 21:33:00 INFO SecurityManager: Changing modify acls groups to:
[2025-05-02T21:33:00.750+0000] {spark_submit.py:644} INFO - 25/05/02 21:33:00 INFO SecurityManager: SecurityManager: authentication disabled; ui acls disabled; users  with view permissions: Set(airflow); groups with view permissions: Set(); users  with modify permissions: Set(airflow); groups with modify permissions: Set()
[2025-05-02T21:33:01.006+0000] {spark_submit.py:644} INFO - 25/05/02 21:33:01 INFO Utils: Successfully started service 'sparkDriver' on port 36003.
[2025-05-02T21:33:01.037+0000] {spark_submit.py:644} INFO - 25/05/02 21:33:01 INFO SparkEnv: Registering MapOutputTracker
[2025-05-02T21:33:01.073+0000] {spark_submit.py:644} INFO - 25/05/02 21:33:01 INFO SparkEnv: Registering BlockManagerMaster
[2025-05-02T21:33:01.095+0000] {spark_submit.py:644} INFO - 25/05/02 21:33:01 INFO BlockManagerMasterEndpoint: Using org.apache.spark.storage.DefaultTopologyMapper for getting topology information
[2025-05-02T21:33:01.095+0000] {spark_submit.py:644} INFO - 25/05/02 21:33:01 INFO BlockManagerMasterEndpoint: BlockManagerMasterEndpoint up
[2025-05-02T21:33:01.100+0000] {spark_submit.py:644} INFO - 25/05/02 21:33:01 INFO SparkEnv: Registering BlockManagerMasterHeartbeat
[2025-05-02T21:33:01.122+0000] {spark_submit.py:644} INFO - 25/05/02 21:33:01 INFO DiskBlockManager: Created local directory at /tmp/blockmgr-5fc2b89d-ff0a-4528-bacc-4dfbc5d75fee
[2025-05-02T21:33:01.137+0000] {spark_submit.py:644} INFO - 25/05/02 21:33:01 INFO MemoryStore: MemoryStore started with capacity 434.4 MiB
[2025-05-02T21:33:01.155+0000] {spark_submit.py:644} INFO - 25/05/02 21:33:01 INFO SparkEnv: Registering OutputCommitCoordinator
[2025-05-02T21:33:01.340+0000] {spark_submit.py:644} INFO - 25/05/02 21:33:01 INFO Utils: Successfully started service 'SparkUI' on port 4040.
[2025-05-02T21:33:01.480+0000] {spark_submit.py:644} INFO - 25/05/02 21:33:01 INFO StandaloneAppClient$ClientEndpoint: Connecting to master spark://spark-master:7077...
[2025-05-02T21:33:01.521+0000] {spark_submit.py:644} INFO - 25/05/02 21:33:01 INFO TransportClientFactory: Successfully created connection to spark-master/172.19.0.2:7077 after 22 ms (0 ms spent in bootstraps)
[2025-05-02T21:33:01.591+0000] {spark_submit.py:644} INFO - 25/05/02 21:33:01 INFO StandaloneSchedulerBackend: Connected to Spark cluster with app ID app-20250502213301-0010
[2025-05-02T21:33:01.592+0000] {spark_submit.py:644} INFO - 25/05/02 21:33:01 INFO StandaloneAppClient$ClientEndpoint: Executor added: app-20250502213301-0010/0 on worker-20250502201254-172.19.0.5-36485 (172.19.0.5:36485) with 2 core(s)
[2025-05-02T21:33:01.596+0000] {spark_submit.py:644} INFO - 25/05/02 21:33:01 INFO StandaloneSchedulerBackend: Granted executor ID app-20250502213301-0010/0 on hostPort 172.19.0.5:36485 with 2 core(s), 1024.0 MiB RAM
[2025-05-02T21:33:01.601+0000] {spark_submit.py:644} INFO - 25/05/02 21:33:01 INFO Utils: Successfully started service 'org.apache.spark.network.netty.NettyBlockTransferService' on port 45895.
[2025-05-02T21:33:01.601+0000] {spark_submit.py:644} INFO - 25/05/02 21:33:01 INFO NettyBlockTransferService: Server created on 6ca5a7f6558e:45895
[2025-05-02T21:33:01.601+0000] {spark_submit.py:644} INFO - 25/05/02 21:33:01 INFO BlockManager: Using org.apache.spark.storage.RandomBlockReplicationPolicy for block replication policy
[2025-05-02T21:33:01.607+0000] {spark_submit.py:644} INFO - 25/05/02 21:33:01 INFO BlockManagerMaster: Registering BlockManager BlockManagerId(driver, 6ca5a7f6558e, 45895, None)
[2025-05-02T21:33:01.611+0000] {spark_submit.py:644} INFO - 25/05/02 21:33:01 INFO BlockManagerMasterEndpoint: Registering block manager 6ca5a7f6558e:45895 with 434.4 MiB RAM, BlockManagerId(driver, 6ca5a7f6558e, 45895, None)
[2025-05-02T21:33:01.613+0000] {spark_submit.py:644} INFO - 25/05/02 21:33:01 INFO BlockManagerMaster: Registered BlockManager BlockManagerId(driver, 6ca5a7f6558e, 45895, None)
[2025-05-02T21:33:01.621+0000] {spark_submit.py:644} INFO - 25/05/02 21:33:01 INFO BlockManager: Initialized BlockManager: BlockManagerId(driver, 6ca5a7f6558e, 45895, None)
[2025-05-02T21:33:01.633+0000] {spark_submit.py:644} INFO - 25/05/02 21:33:01 INFO StandaloneAppClient$ClientEndpoint: Executor updated: app-20250502213301-0010/0 is now RUNNING
[2025-05-02T21:33:01.783+0000] {spark_submit.py:644} INFO - 25/05/02 21:33:01 INFO StandaloneSchedulerBackend: SchedulerBackend is ready for scheduling beginning after reached minRegisteredResourcesRatio: 0.0
[2025-05-02T21:33:01.927+0000] {spark_submit.py:644} INFO - 📥 Завантаження: https://ftp.goit.study/neoversity/athlete_bio.csv
[2025-05-02T21:33:04.507+0000] {spark_submit.py:644} INFO - ✅ CSV збережено: /tmp/spark_data/landing/athlete_bio.csv
[2025-05-02T21:33:04.509+0000] {spark_submit.py:644} INFO - 📊 Обробка файлу /tmp/spark_data/landing/athlete_bio.csv
[2025-05-02T21:33:04.579+0000] {spark_submit.py:644} INFO - 25/05/02 21:33:04 INFO SharedState: Setting hive.metastore.warehouse.dir ('null') to the value of spark.sql.warehouse.dir.
[2025-05-02T21:33:04.586+0000] {spark_submit.py:644} INFO - 25/05/02 21:33:04 INFO SharedState: Warehouse path is 'file:/opt/airflow/spark-warehouse'.
[2025-05-02T21:33:05.239+0000] {spark_submit.py:644} INFO - 25/05/02 21:33:05 INFO InMemoryFileIndex: It took 34 ms to list leaf files for 1 paths.
[2025-05-02T21:33:05.334+0000] {spark_submit.py:644} INFO - 25/05/02 21:33:05 INFO InMemoryFileIndex: It took 3 ms to list leaf files for 1 paths.
[2025-05-02T21:33:05.560+0000] {spark_submit.py:644} INFO - 25/05/02 21:33:05 INFO CoarseGrainedSchedulerBackend$DriverEndpoint: Registered executor NettyRpcEndpointRef(spark-client://Executor) (172.19.0.5:43088) with ID 0,  ResourceProfileId 0
[2025-05-02T21:33:05.634+0000] {spark_submit.py:644} INFO - 25/05/02 21:33:05 INFO BlockManagerMasterEndpoint: Registering block manager 172.19.0.5:36909 with 366.3 MiB RAM, BlockManagerId(0, 172.19.0.5, 36909, None)
[2025-05-02T21:33:07.090+0000] {spark_submit.py:644} INFO - 25/05/02 21:33:07 INFO FileSourceStrategy: Pushed Filters:
[2025-05-02T21:33:07.092+0000] {spark_submit.py:644} INFO - 25/05/02 21:33:07 INFO FileSourceStrategy: Post-Scan Filters: (length(trim(value#0, None)) > 0)
[2025-05-02T21:33:07.095+0000] {spark_submit.py:644} INFO - 25/05/02 21:33:07 INFO FileSourceStrategy: Output Data Schema: struct<value: string>
[2025-05-02T21:33:07.438+0000] {spark_submit.py:644} INFO - 25/05/02 21:33:07 INFO CodeGenerator: Code generated in 98.057003 ms
[2025-05-02T21:33:07.484+0000] {spark_submit.py:644} INFO - 25/05/02 21:33:07 INFO MemoryStore: Block broadcast_0 stored as values in memory (estimated size 199.2 KiB, free 434.2 MiB)
[2025-05-02T21:33:07.540+0000] {spark_submit.py:644} INFO - 25/05/02 21:33:07 INFO MemoryStore: Block broadcast_0_piece0 stored as bytes in memory (estimated size 33.9 KiB, free 434.2 MiB)
[2025-05-02T21:33:07.544+0000] {spark_submit.py:644} INFO - 25/05/02 21:33:07 INFO BlockManagerInfo: Added broadcast_0_piece0 in memory on 6ca5a7f6558e:45895 (size: 33.9 KiB, free: 434.4 MiB)
[2025-05-02T21:33:07.547+0000] {spark_submit.py:644} INFO - 25/05/02 21:33:07 INFO SparkContext: Created broadcast 0 from csv at NativeMethodAccessorImpl.java:0
[2025-05-02T21:33:07.555+0000] {spark_submit.py:644} INFO - 25/05/02 21:33:07 INFO FileSourceScanExec: Planning scan with bin packing, max size: 29844437 bytes, open cost is considered as scanning 4194304 bytes.
[2025-05-02T21:33:07.627+0000] {spark_submit.py:644} INFO - 25/05/02 21:33:07 INFO SparkContext: Starting job: csv at NativeMethodAccessorImpl.java:0
[2025-05-02T21:33:07.638+0000] {spark_submit.py:644} INFO - 25/05/02 21:33:07 INFO DAGScheduler: Got job 0 (csv at NativeMethodAccessorImpl.java:0) with 1 output partitions
[2025-05-02T21:33:07.639+0000] {spark_submit.py:644} INFO - 25/05/02 21:33:07 INFO DAGScheduler: Final stage: ResultStage 0 (csv at NativeMethodAccessorImpl.java:0)
[2025-05-02T21:33:07.639+0000] {spark_submit.py:644} INFO - 25/05/02 21:33:07 INFO DAGScheduler: Parents of final stage: List()
[2025-05-02T21:33:07.640+0000] {spark_submit.py:644} INFO - 25/05/02 21:33:07 INFO DAGScheduler: Missing parents: List()
[2025-05-02T21:33:07.643+0000] {spark_submit.py:644} INFO - 25/05/02 21:33:07 INFO DAGScheduler: Submitting ResultStage 0 (MapPartitionsRDD[3] at csv at NativeMethodAccessorImpl.java:0), which has no missing parents
[2025-05-02T21:33:07.686+0000] {spark_submit.py:644} INFO - 25/05/02 21:33:07 INFO MemoryStore: Block broadcast_1 stored as values in memory (estimated size 11.8 KiB, free 434.2 MiB)
[2025-05-02T21:33:07.695+0000] {spark_submit.py:644} INFO - 25/05/02 21:33:07 INFO MemoryStore: Block broadcast_1_piece0 stored as bytes in memory (estimated size 5.9 KiB, free 434.2 MiB)
[2025-05-02T21:33:07.696+0000] {spark_submit.py:644} INFO - 25/05/02 21:33:07 INFO BlockManagerInfo: Added broadcast_1_piece0 in memory on 6ca5a7f6558e:45895 (size: 5.9 KiB, free: 434.4 MiB)
[2025-05-02T21:33:07.697+0000] {spark_submit.py:644} INFO - 25/05/02 21:33:07 INFO SparkContext: Created broadcast 1 from broadcast at DAGScheduler.scala:1513
[2025-05-02T21:33:07.710+0000] {spark_submit.py:644} INFO - 25/05/02 21:33:07 INFO DAGScheduler: Submitting 1 missing tasks from ResultStage 0 (MapPartitionsRDD[3] at csv at NativeMethodAccessorImpl.java:0) (first 15 tasks are for partitions Vector(0))
[2025-05-02T21:33:07.711+0000] {spark_submit.py:644} INFO - 25/05/02 21:33:07 INFO TaskSchedulerImpl: Adding task set 0.0 with 1 tasks resource profile 0
[2025-05-02T21:33:07.745+0000] {spark_submit.py:644} INFO - 25/05/02 21:33:07 INFO TaskSetManager: Starting task 0.0 in stage 0.0 (TID 0) (172.19.0.5, executor 0, partition 0, PROCESS_LOCAL, 4921 bytes) taskResourceAssignments Map()
[2025-05-02T21:33:07.993+0000] {spark_submit.py:644} INFO - 25/05/02 21:33:07 INFO BlockManagerInfo: Added broadcast_1_piece0 in memory on 172.19.0.5:36909 (size: 5.9 KiB, free: 366.3 MiB)
[2025-05-02T21:33:09.058+0000] {spark_submit.py:644} INFO - 25/05/02 21:33:09 INFO BlockManagerInfo: Added broadcast_0_piece0 in memory on 172.19.0.5:36909 (size: 33.9 KiB, free: 366.3 MiB)
[2025-05-02T21:33:09.298+0000] {spark_submit.py:644} INFO - 25/05/02 21:33:09 INFO TaskSetManager: Finished task 0.0 in stage 0.0 (TID 0) in 1560 ms on 172.19.0.5 (executor 0) (1/1)
[2025-05-02T21:33:09.300+0000] {spark_submit.py:644} INFO - 25/05/02 21:33:09 INFO TaskSchedulerImpl: Removed TaskSet 0.0, whose tasks have all completed, from pool
[2025-05-02T21:33:09.304+0000] {spark_submit.py:644} INFO - 25/05/02 21:33:09 INFO DAGScheduler: ResultStage 0 (csv at NativeMethodAccessorImpl.java:0) finished in 1.652 s
[2025-05-02T21:33:09.306+0000] {spark_submit.py:644} INFO - 25/05/02 21:33:09 INFO DAGScheduler: Job 0 is finished. Cancelling potential speculative or zombie tasks for this job
[2025-05-02T21:33:09.307+0000] {spark_submit.py:644} INFO - 25/05/02 21:33:09 INFO TaskSchedulerImpl: Killing all running tasks in stage 0: Stage finished
[2025-05-02T21:33:09.308+0000] {spark_submit.py:644} INFO - 25/05/02 21:33:09 INFO DAGScheduler: Job 0 finished: csv at NativeMethodAccessorImpl.java:0, took 1.681112 s
[2025-05-02T21:33:09.328+0000] {spark_submit.py:644} INFO - 25/05/02 21:33:09 INFO CodeGenerator: Code generated in 9.228243 ms
[2025-05-02T21:33:09.367+0000] {spark_submit.py:644} INFO - 25/05/02 21:33:09 INFO BlockManagerInfo: Removed broadcast_1_piece0 on 6ca5a7f6558e:45895 in memory (size: 5.9 KiB, free: 434.4 MiB)
[2025-05-02T21:33:09.370+0000] {spark_submit.py:644} INFO - 25/05/02 21:33:09 INFO FileSourceStrategy: Pushed Filters:
[2025-05-02T21:33:09.371+0000] {spark_submit.py:644} INFO - 25/05/02 21:33:09 INFO FileSourceStrategy: Post-Scan Filters:
[2025-05-02T21:33:09.371+0000] {spark_submit.py:644} INFO - 25/05/02 21:33:09 INFO FileSourceStrategy: Output Data Schema: struct<value: string>
[2025-05-02T21:33:09.378+0000] {spark_submit.py:644} INFO - 25/05/02 21:33:09 INFO MemoryStore: Block broadcast_2 stored as values in memory (estimated size 199.2 KiB, free 434.0 MiB)
[2025-05-02T21:33:09.382+0000] {spark_submit.py:644} INFO - 25/05/02 21:33:09 INFO BlockManagerInfo: Removed broadcast_1_piece0 on 172.19.0.5:36909 in memory (size: 5.9 KiB, free: 366.3 MiB)
[2025-05-02T21:33:09.396+0000] {spark_submit.py:644} INFO - 25/05/02 21:33:09 INFO MemoryStore: Block broadcast_2_piece0 stored as bytes in memory (estimated size 33.9 KiB, free 433.9 MiB)
[2025-05-02T21:33:09.398+0000] {spark_submit.py:644} INFO - 25/05/02 21:33:09 INFO BlockManagerInfo: Added broadcast_2_piece0 in memory on 6ca5a7f6558e:45895 (size: 33.9 KiB, free: 434.3 MiB)
[2025-05-02T21:33:09.399+0000] {spark_submit.py:644} INFO - 25/05/02 21:33:09 INFO SparkContext: Created broadcast 2 from csv at NativeMethodAccessorImpl.java:0
[2025-05-02T21:33:09.400+0000] {spark_submit.py:644} INFO - 25/05/02 21:33:09 INFO FileSourceScanExec: Planning scan with bin packing, max size: 29844437 bytes, open cost is considered as scanning 4194304 bytes.
[2025-05-02T21:33:09.443+0000] {spark_submit.py:644} INFO - 🗑️ Видалення тимчасової директорії: /tmp/spark_data/bronze/athlete_bio/_temporary
[2025-05-02T21:33:09.450+0000] {spark_submit.py:644} INFO - root
[2025-05-02T21:33:09.450+0000] {spark_submit.py:644} INFO - |-- athlete_id: string (nullable = true)
[2025-05-02T21:33:09.451+0000] {spark_submit.py:644} INFO - |-- name: string (nullable = true)
[2025-05-02T21:33:09.451+0000] {spark_submit.py:644} INFO - |-- sex: string (nullable = true)
[2025-05-02T21:33:09.451+0000] {spark_submit.py:644} INFO - |-- born: string (nullable = true)
[2025-05-02T21:33:09.451+0000] {spark_submit.py:644} INFO - |-- height: string (nullable = true)
[2025-05-02T21:33:09.451+0000] {spark_submit.py:644} INFO - |-- weight: string (nullable = true)
[2025-05-02T21:33:09.451+0000] {spark_submit.py:644} INFO - |-- country: string (nullable = true)
[2025-05-02T21:33:09.451+0000] {spark_submit.py:644} INFO - |-- country_noc: string (nullable = true)
[2025-05-02T21:33:09.451+0000] {spark_submit.py:644} INFO - |-- description: string (nullable = true)
[2025-05-02T21:33:09.451+0000] {spark_submit.py:644} INFO - |-- special_notes: string (nullable = true)
[2025-05-02T21:33:09.451+0000] {spark_submit.py:644} INFO - 
[2025-05-02T21:33:09.496+0000] {spark_submit.py:644} INFO - 25/05/02 21:33:09 INFO FileSourceStrategy: Pushed Filters:
[2025-05-02T21:33:09.496+0000] {spark_submit.py:644} INFO - 25/05/02 21:33:09 INFO FileSourceStrategy: Post-Scan Filters:
[2025-05-02T21:33:09.497+0000] {spark_submit.py:644} INFO - 25/05/02 21:33:09 INFO FileSourceStrategy: Output Data Schema: struct<athlete_id: string, name: string, sex: string, born: string, height: string ... 8 more fields>
[2025-05-02T21:33:09.519+0000] {spark_submit.py:644} INFO - 25/05/02 21:33:09 INFO MemoryStore: Block broadcast_3 stored as values in memory (estimated size 199.1 KiB, free 433.8 MiB)
[2025-05-02T21:33:09.539+0000] {spark_submit.py:644} INFO - 25/05/02 21:33:09 INFO MemoryStore: Block broadcast_3_piece0 stored as bytes in memory (estimated size 33.9 KiB, free 433.7 MiB)
[2025-05-02T21:33:09.540+0000] {spark_submit.py:644} INFO - 25/05/02 21:33:09 INFO BlockManagerInfo: Added broadcast_3_piece0 in memory on 6ca5a7f6558e:45895 (size: 33.9 KiB, free: 434.3 MiB)
[2025-05-02T21:33:09.541+0000] {spark_submit.py:644} INFO - 25/05/02 21:33:09 INFO SparkContext: Created broadcast 3 from showString at NativeMethodAccessorImpl.java:0
[2025-05-02T21:33:09.545+0000] {spark_submit.py:644} INFO - 25/05/02 21:33:09 INFO FileSourceScanExec: Planning scan with bin packing, max size: 29844437 bytes, open cost is considered as scanning 4194304 bytes.
[2025-05-02T21:33:09.556+0000] {spark_submit.py:644} INFO - 25/05/02 21:33:09 INFO SparkContext: Starting job: showString at NativeMethodAccessorImpl.java:0
[2025-05-02T21:33:09.557+0000] {spark_submit.py:644} INFO - 25/05/02 21:33:09 INFO DAGScheduler: Got job 1 (showString at NativeMethodAccessorImpl.java:0) with 1 output partitions
[2025-05-02T21:33:09.558+0000] {spark_submit.py:644} INFO - 25/05/02 21:33:09 INFO DAGScheduler: Final stage: ResultStage 1 (showString at NativeMethodAccessorImpl.java:0)
[2025-05-02T21:33:09.558+0000] {spark_submit.py:644} INFO - 25/05/02 21:33:09 INFO DAGScheduler: Parents of final stage: List()
[2025-05-02T21:33:09.558+0000] {spark_submit.py:644} INFO - 25/05/02 21:33:09 INFO DAGScheduler: Missing parents: List()
[2025-05-02T21:33:09.559+0000] {spark_submit.py:644} INFO - 25/05/02 21:33:09 INFO DAGScheduler: Submitting ResultStage 1 (MapPartitionsRDD[12] at showString at NativeMethodAccessorImpl.java:0), which has no missing parents
[2025-05-02T21:33:09.575+0000] {spark_submit.py:644} INFO - 25/05/02 21:33:09 INFO MemoryStore: Block broadcast_4 stored as values in memory (estimated size 11.1 KiB, free 433.7 MiB)
[2025-05-02T21:33:09.584+0000] {spark_submit.py:644} INFO - 25/05/02 21:33:09 INFO MemoryStore: Block broadcast_4_piece0 stored as bytes in memory (estimated size 5.9 KiB, free 433.7 MiB)
[2025-05-02T21:33:09.586+0000] {spark_submit.py:644} INFO - 25/05/02 21:33:09 INFO BlockManagerInfo: Added broadcast_4_piece0 in memory on 6ca5a7f6558e:45895 (size: 5.9 KiB, free: 434.3 MiB)
[2025-05-02T21:33:09.587+0000] {spark_submit.py:644} INFO - 25/05/02 21:33:09 INFO SparkContext: Created broadcast 4 from broadcast at DAGScheduler.scala:1513
[2025-05-02T21:33:09.589+0000] {spark_submit.py:644} INFO - 25/05/02 21:33:09 INFO DAGScheduler: Submitting 1 missing tasks from ResultStage 1 (MapPartitionsRDD[12] at showString at NativeMethodAccessorImpl.java:0) (first 15 tasks are for partitions Vector(0))
[2025-05-02T21:33:09.589+0000] {spark_submit.py:644} INFO - 25/05/02 21:33:09 INFO TaskSchedulerImpl: Adding task set 1.0 with 1 tasks resource profile 0
[2025-05-02T21:33:09.591+0000] {spark_submit.py:644} INFO - 25/05/02 21:33:09 INFO TaskSetManager: Starting task 0.0 in stage 1.0 (TID 1) (172.19.0.5, executor 0, partition 0, PROCESS_LOCAL, 4921 bytes) taskResourceAssignments Map()
[2025-05-02T21:33:09.619+0000] {spark_submit.py:644} INFO - 25/05/02 21:33:09 INFO BlockManagerInfo: Added broadcast_4_piece0 in memory on 172.19.0.5:36909 (size: 5.9 KiB, free: 366.3 MiB)
[2025-05-02T21:33:09.725+0000] {spark_submit.py:644} INFO - 25/05/02 21:33:09 INFO BlockManagerInfo: Added broadcast_3_piece0 in memory on 172.19.0.5:36909 (size: 33.9 KiB, free: 366.2 MiB)
[2025-05-02T21:33:09.814+0000] {spark_submit.py:644} INFO - 25/05/02 21:33:09 INFO TaskSetManager: Finished task 0.0 in stage 1.0 (TID 1) in 223 ms on 172.19.0.5 (executor 0) (1/1)
[2025-05-02T21:33:09.814+0000] {spark_submit.py:644} INFO - 25/05/02 21:33:09 INFO TaskSchedulerImpl: Removed TaskSet 1.0, whose tasks have all completed, from pool
[2025-05-02T21:33:09.815+0000] {spark_submit.py:644} INFO - 25/05/02 21:33:09 INFO DAGScheduler: ResultStage 1 (showString at NativeMethodAccessorImpl.java:0) finished in 0.255 s
[2025-05-02T21:33:09.815+0000] {spark_submit.py:644} INFO - 25/05/02 21:33:09 INFO DAGScheduler: Job 1 is finished. Cancelling potential speculative or zombie tasks for this job
[2025-05-02T21:33:09.816+0000] {spark_submit.py:644} INFO - 25/05/02 21:33:09 INFO TaskSchedulerImpl: Killing all running tasks in stage 1: Stage finished
[2025-05-02T21:33:09.816+0000] {spark_submit.py:644} INFO - 25/05/02 21:33:09 INFO DAGScheduler: Job 1 finished: showString at NativeMethodAccessorImpl.java:0, took 0.259636 s
[2025-05-02T21:33:09.847+0000] {spark_submit.py:644} INFO - 25/05/02 21:33:09 INFO CodeGenerator: Code generated in 17.784114 ms
[2025-05-02T21:33:09.899+0000] {spark_submit.py:644} INFO - +----------+------------------+------+----------------+------+------+-------------------+-----------+--------------------------------------------------------------------------------------------------------------------------------------------------------------------------------------------------------------------------------------------------------------------------------------------------------------------------------------------------------------------------------------------------------------------------------------------------------------------------------------------------------------------------------------------------------------------------------------------------------------------------------------------------------------------------------------------------------------------------------------------------------------------------------------------------------------------------------------------------------------------------------------------------------------------------------------------------------------------------------------------------------------------------------------------------------------------------------------------------------------------------------------------------------------------------------------------------------------------------------------------------------------------------------------------------------------------------------------------------+--------------------------------------------------------------------------------------------------------------------------------+
[2025-05-02T21:33:09.900+0000] {spark_submit.py:644} INFO - |athlete_id|name              |sex   |born            |height|weight|country            |country_noc|description                                                                                                                                                                                                                                                                                                                                                                                                                                                                                                                                                                                                                                                                                                                                                                                                                                                                                                                                                                                                                                                                                                                                                                                                                                                                                                                                       |special_notes                                                                                                                   |
[2025-05-02T21:33:09.900+0000] {spark_submit.py:644} INFO - +----------+------------------+------+----------------+------+------+-------------------+-----------+--------------------------------------------------------------------------------------------------------------------------------------------------------------------------------------------------------------------------------------------------------------------------------------------------------------------------------------------------------------------------------------------------------------------------------------------------------------------------------------------------------------------------------------------------------------------------------------------------------------------------------------------------------------------------------------------------------------------------------------------------------------------------------------------------------------------------------------------------------------------------------------------------------------------------------------------------------------------------------------------------------------------------------------------------------------------------------------------------------------------------------------------------------------------------------------------------------------------------------------------------------------------------------------------------------------------------------------------------+--------------------------------------------------------------------------------------------------------------------------------+
[2025-05-02T21:33:09.900+0000] {spark_submit.py:644} INFO - |65649     |Ivanka Bonova     |Female|4 April 1949    |166   |55    | Bulgaria          |BUL        |Personal Best: 400 – 53.54 (1980).                                                                                                                                                                                                                                                                                                                                                                                                                                                                                                                                                                                                                                                                                                                                                                                                                                                                                                                                                                                                                                                                                                                                                                                                                                                                                                                |null                                                                                                                            |
[2025-05-02T21:33:09.900+0000] {spark_submit.py:644} INFO - |112510    |Nataliya Uryadova |Female|15 March 1977   |184   |70    | Russian Federation|RUS        |null                                                                                                                                                                                                                                                                                                                                                                                                                                                                                                                                                                                                                                                                                                                                                                                                                                                                                                                                                                                                                                                                                                                                                                                                                                                                                                                                              |Listed in Olympians Who Won a Medal at the European Beach Volleyball Championships (1–0–0 2006 Den Haag gold)                   |
[2025-05-02T21:33:09.901+0000] {spark_submit.py:644} INFO - |114973    |Essa Ismail Rashed|Male  |14 December 1986|165   |55    | Qatar             |QAT        |Personal Best: 10000 – 27:20.97 (2006).                                                                                                                                                                                                                                                                                                                                                                                                                                                                                                                                                                                                                                                                                                                                                                                                                                                                                                                                                                                                                                                                                                                                                                                                                                                                                                           |Listed in Olympians Who Won a Medal at the Asian Games (0–2–0 2006 Doha ATH silver: 10000 m; 2010 Guangzhou ATH silver: 10000 m)|
[2025-05-02T21:33:09.901+0000] {spark_submit.py:644} INFO - |30359     |Péter Boros       |Male  |12 January 1908 |null  |null  | Hungary           |HUN        |Between 1927 and 1938, Péter Boros competed as a gymnast of BBTE. He won the Hungarian championship in rope climbing in 1932, and as part of the winning team in 1932, 1937 and 1938. As a member of the Hungarian national team, he took part in the 1930 World Championships and the 1932 Olympics both times finishing fourth in the team event. In individual events, he took two 5th places (pommelled horse and rope climbing). After the Olympics due to a series of injuries he did not regain his old form. After completing his career, he worked as a paper merchant.                                                                                                                                                                                                                                                                                                                                                                                                                                                                                                                                                                                                                                                                                                                                                                  |null                                                                                                                            |
[2025-05-02T21:33:09.901+0000] {spark_submit.py:644} INFO - |50557     |Rudolf Piowatý    |Male  |28 April 1900   |null  |null  | Czechoslovakia    |TCH        |Rudolf Piowaty joined the Czechoslovak military near the end of World War I, and began his full-time military service in October 1921, leading to his career as a military officer. He also became a top swimmer while in the Army and won his first Czechoslovak title in 1921. He continued to win national titles over the next few years, allowing him to compete at the 1924 Paris Olympics. During World War II Piowaty left occupied Czechoslovakia in July 1942, and made his way to Germany, near Lake Constance. He used his swimming prowess to get to Switzerland, swimming across the lake. Piowaty settled in Genève where he worked for the League of Nations in the Office of the Permanent Delegation to the Czechoslovak Republic. After the liberation of France, Piowaty was sent across that country to Great Britain where he served in the Czechoslovak reserves as a lieutenant and became interim commander of his company. He returned to Czechoslovakia on 14 November 1945 and was awarded the Czechoslovak Military Medal of Merit, 2nd degree, and the Czechoslovak Military Commemorative Medal, after which he was transferred to the reserves permanently. After the Communist takeover Piowaty left his home country in 1948 to settle in Canada where he worked in the furniture trade and leisure and tourism.|null                                                                                                                            |
[2025-05-02T21:33:09.901+0000] {spark_submit.py:644} INFO - +----------+------------------+------+----------------+------+------+-------------------+-----------+--------------------------------------------------------------------------------------------------------------------------------------------------------------------------------------------------------------------------------------------------------------------------------------------------------------------------------------------------------------------------------------------------------------------------------------------------------------------------------------------------------------------------------------------------------------------------------------------------------------------------------------------------------------------------------------------------------------------------------------------------------------------------------------------------------------------------------------------------------------------------------------------------------------------------------------------------------------------------------------------------------------------------------------------------------------------------------------------------------------------------------------------------------------------------------------------------------------------------------------------------------------------------------------------------------------------------------------------------+--------------------------------------------------------------------------------------------------------------------------------+
[2025-05-02T21:33:09.901+0000] {spark_submit.py:644} INFO - only showing top 5 rows
[2025-05-02T21:33:09.901+0000] {spark_submit.py:644} INFO - 
[2025-05-02T21:33:09.949+0000] {spark_submit.py:644} INFO - 25/05/02 21:33:09 INFO FileSourceStrategy: Pushed Filters:
[2025-05-02T21:33:09.949+0000] {spark_submit.py:644} INFO - 25/05/02 21:33:09 INFO FileSourceStrategy: Post-Scan Filters:
[2025-05-02T21:33:09.949+0000] {spark_submit.py:644} INFO - 25/05/02 21:33:09 INFO FileSourceStrategy: Output Data Schema: struct<athlete_id: string, name: string, sex: string, born: string, height: string ... 8 more fields>
[2025-05-02T21:33:09.993+0000] {spark_submit.py:644} INFO - 25/05/02 21:33:09 INFO ParquetFileFormat: Using default output committer for Parquet: org.apache.parquet.hadoop.ParquetOutputCommitter
[2025-05-02T21:33:10.021+0000] {spark_submit.py:644} INFO - 25/05/02 21:33:10 INFO FileOutputCommitter: File Output Committer Algorithm version is 1
[2025-05-02T21:33:10.021+0000] {spark_submit.py:644} INFO - 25/05/02 21:33:10 INFO FileOutputCommitter: FileOutputCommitter skip cleanup _temporary folders under output directory:false, ignore cleanup failures: false
[2025-05-02T21:33:10.022+0000] {spark_submit.py:644} INFO - 25/05/02 21:33:10 INFO SQLHadoopMapReduceCommitProtocol: Using user defined output committer class org.apache.parquet.hadoop.ParquetOutputCommitter
[2025-05-02T21:33:10.022+0000] {spark_submit.py:644} INFO - 25/05/02 21:33:10 INFO FileOutputCommitter: File Output Committer Algorithm version is 1
[2025-05-02T21:33:10.023+0000] {spark_submit.py:644} INFO - 25/05/02 21:33:10 INFO FileOutputCommitter: FileOutputCommitter skip cleanup _temporary folders under output directory:false, ignore cleanup failures: false
[2025-05-02T21:33:10.024+0000] {spark_submit.py:644} INFO - 25/05/02 21:33:10 INFO SQLHadoopMapReduceCommitProtocol: Using output committer class org.apache.parquet.hadoop.ParquetOutputCommitter
[2025-05-02T21:33:10.099+0000] {spark_submit.py:644} INFO - 25/05/02 21:33:10 INFO MemoryStore: Block broadcast_5 stored as values in memory (estimated size 199.1 KiB, free 433.5 MiB)
[2025-05-02T21:33:10.113+0000] {spark_submit.py:644} INFO - 25/05/02 21:33:10 INFO BlockManagerInfo: Removed broadcast_4_piece0 on 6ca5a7f6558e:45895 in memory (size: 5.9 KiB, free: 434.3 MiB)
[2025-05-02T21:33:10.116+0000] {spark_submit.py:644} INFO - 25/05/02 21:33:10 INFO BlockManagerInfo: Removed broadcast_4_piece0 on 172.19.0.5:36909 in memory (size: 5.9 KiB, free: 366.2 MiB)
[2025-05-02T21:33:10.116+0000] {spark_submit.py:644} INFO - 25/05/02 21:33:10 INFO MemoryStore: Block broadcast_5_piece0 stored as bytes in memory (estimated size 33.9 KiB, free 433.5 MiB)
[2025-05-02T21:33:10.118+0000] {spark_submit.py:644} INFO - 25/05/02 21:33:10 INFO BlockManagerInfo: Added broadcast_5_piece0 in memory on 6ca5a7f6558e:45895 (size: 33.9 KiB, free: 434.3 MiB)
[2025-05-02T21:33:10.119+0000] {spark_submit.py:644} INFO - 25/05/02 21:33:10 INFO SparkContext: Created broadcast 5 from parquet at NativeMethodAccessorImpl.java:0
[2025-05-02T21:33:10.121+0000] {spark_submit.py:644} INFO - 25/05/02 21:33:10 INFO FileSourceScanExec: Planning scan with bin packing, max size: 29844437 bytes, open cost is considered as scanning 4194304 bytes.
[2025-05-02T21:33:10.124+0000] {spark_submit.py:644} INFO - 25/05/02 21:33:10 INFO BlockManagerInfo: Removed broadcast_3_piece0 on 6ca5a7f6558e:45895 in memory (size: 33.9 KiB, free: 434.3 MiB)
[2025-05-02T21:33:10.127+0000] {spark_submit.py:644} INFO - 25/05/02 21:33:10 INFO BlockManagerInfo: Removed broadcast_3_piece0 on 172.19.0.5:36909 in memory (size: 33.9 KiB, free: 366.3 MiB)
[2025-05-02T21:33:10.149+0000] {spark_submit.py:644} INFO - 25/05/02 21:33:10 INFO SparkContext: Starting job: parquet at NativeMethodAccessorImpl.java:0
[2025-05-02T21:33:10.150+0000] {spark_submit.py:644} INFO - 25/05/02 21:33:10 INFO DAGScheduler: Got job 2 (parquet at NativeMethodAccessorImpl.java:0) with 2 output partitions
[2025-05-02T21:33:10.150+0000] {spark_submit.py:644} INFO - 25/05/02 21:33:10 INFO DAGScheduler: Final stage: ResultStage 2 (parquet at NativeMethodAccessorImpl.java:0)
[2025-05-02T21:33:10.150+0000] {spark_submit.py:644} INFO - 25/05/02 21:33:10 INFO DAGScheduler: Parents of final stage: List()
[2025-05-02T21:33:10.150+0000] {spark_submit.py:644} INFO - 25/05/02 21:33:10 INFO DAGScheduler: Missing parents: List()
[2025-05-02T21:33:10.151+0000] {spark_submit.py:644} INFO - 25/05/02 21:33:10 INFO DAGScheduler: Submitting ResultStage 2 (MapPartitionsRDD[14] at parquet at NativeMethodAccessorImpl.java:0), which has no missing parents
[2025-05-02T21:33:10.170+0000] {spark_submit.py:644} INFO - 25/05/02 21:33:10 INFO MemoryStore: Block broadcast_6 stored as values in memory (estimated size 211.9 KiB, free 433.5 MiB)
[2025-05-02T21:33:10.178+0000] {spark_submit.py:644} INFO - 25/05/02 21:33:10 INFO MemoryStore: Block broadcast_6_piece0 stored as bytes in memory (estimated size 76.2 KiB, free 433.4 MiB)
[2025-05-02T21:33:10.180+0000] {spark_submit.py:644} INFO - 25/05/02 21:33:10 INFO BlockManagerInfo: Added broadcast_6_piece0 in memory on 6ca5a7f6558e:45895 (size: 76.2 KiB, free: 434.2 MiB)
[2025-05-02T21:33:10.181+0000] {spark_submit.py:644} INFO - 25/05/02 21:33:10 INFO SparkContext: Created broadcast 6 from broadcast at DAGScheduler.scala:1513
[2025-05-02T21:33:10.182+0000] {spark_submit.py:644} INFO - 25/05/02 21:33:10 INFO DAGScheduler: Submitting 2 missing tasks from ResultStage 2 (MapPartitionsRDD[14] at parquet at NativeMethodAccessorImpl.java:0) (first 15 tasks are for partitions Vector(0, 1))
[2025-05-02T21:33:10.182+0000] {spark_submit.py:644} INFO - 25/05/02 21:33:10 INFO TaskSchedulerImpl: Adding task set 2.0 with 2 tasks resource profile 0
[2025-05-02T21:33:10.184+0000] {spark_submit.py:644} INFO - 25/05/02 21:33:10 INFO TaskSetManager: Starting task 0.0 in stage 2.0 (TID 2) (172.19.0.5, executor 0, partition 0, PROCESS_LOCAL, 4921 bytes) taskResourceAssignments Map()
[2025-05-02T21:33:10.184+0000] {spark_submit.py:644} INFO - 25/05/02 21:33:10 INFO TaskSetManager: Starting task 1.0 in stage 2.0 (TID 3) (172.19.0.5, executor 0, partition 1, PROCESS_LOCAL, 4921 bytes) taskResourceAssignments Map()
[2025-05-02T21:33:10.205+0000] {spark_submit.py:644} INFO - 25/05/02 21:33:10 INFO BlockManagerInfo: Added broadcast_6_piece0 in memory on 172.19.0.5:36909 (size: 76.2 KiB, free: 366.2 MiB)
[2025-05-02T21:33:10.528+0000] {spark_submit.py:644} INFO - 25/05/02 21:33:10 INFO BlockManagerInfo: Added broadcast_5_piece0 in memory on 172.19.0.5:36909 (size: 33.9 KiB, free: 366.2 MiB)
[2025-05-02T21:33:12.476+0000] {spark_submit.py:644} INFO - 25/05/02 21:33:12 INFO TaskSetManager: Finished task 0.0 in stage 2.0 (TID 2) in 2292 ms on 172.19.0.5 (executor 0) (1/2)
[2025-05-02T21:33:12.476+0000] {spark_submit.py:644} INFO - 25/05/02 21:33:12 INFO TaskSetManager: Finished task 1.0 in stage 2.0 (TID 3) in 2292 ms on 172.19.0.5 (executor 0) (2/2)
[2025-05-02T21:33:12.477+0000] {spark_submit.py:644} INFO - 25/05/02 21:33:12 INFO TaskSchedulerImpl: Removed TaskSet 2.0, whose tasks have all completed, from pool
[2025-05-02T21:33:12.478+0000] {spark_submit.py:644} INFO - 25/05/02 21:33:12 INFO DAGScheduler: ResultStage 2 (parquet at NativeMethodAccessorImpl.java:0) finished in 2.324 s
[2025-05-02T21:33:12.478+0000] {spark_submit.py:644} INFO - 25/05/02 21:33:12 INFO DAGScheduler: Job 2 is finished. Cancelling potential speculative or zombie tasks for this job
[2025-05-02T21:33:12.479+0000] {spark_submit.py:644} INFO - 25/05/02 21:33:12 INFO TaskSchedulerImpl: Killing all running tasks in stage 2: Stage finished
[2025-05-02T21:33:12.479+0000] {spark_submit.py:644} INFO - 25/05/02 21:33:12 INFO DAGScheduler: Job 2 finished: parquet at NativeMethodAccessorImpl.java:0, took 2.329947 s
[2025-05-02T21:33:12.480+0000] {spark_submit.py:644} INFO - 25/05/02 21:33:12 INFO FileFormatWriter: Start to commit write Job ccb39f39-0c85-4c75-8493-90469c20ffdf.
[2025-05-02T21:33:12.511+0000] {spark_submit.py:644} INFO - 25/05/02 21:33:12 ERROR FileFormatWriter: Aborting job ccb39f39-0c85-4c75-8493-90469c20ffdf.
[2025-05-02T21:33:12.511+0000] {spark_submit.py:644} INFO - java.io.IOException: Failed to rename DeprecatedRawLocalFileStatus{path=file:/tmp/spark_data/bronze/athlete_bio/_temporary/0/task_202505022133107768399705216197385_0002_m_000001/part-00001-840efc6b-54b5-48a8-bdc8-4a0ae33cf081-c000.snappy.parquet; isDirectory=false; length=12669132; replication=1; blocksize=33554432; modification_time=1746221592433; access_time=1746221590703; owner=; group=; permission=rw-rw-rw-; isSymlink=false; hasAcl=false; isEncrypted=false; isErasureCoded=false} to file:/tmp/spark_data/bronze/athlete_bio/part-00001-840efc6b-54b5-48a8-bdc8-4a0ae33cf081-c000.snappy.parquet
[2025-05-02T21:33:12.511+0000] {spark_submit.py:644} INFO - at org.apache.hadoop.mapreduce.lib.output.FileOutputCommitter.mergePaths(FileOutputCommitter.java:477)
[2025-05-02T21:33:12.512+0000] {spark_submit.py:644} INFO - at org.apache.hadoop.mapreduce.lib.output.FileOutputCommitter.mergePaths(FileOutputCommitter.java:490)
[2025-05-02T21:33:12.512+0000] {spark_submit.py:644} INFO - at org.apache.hadoop.mapreduce.lib.output.FileOutputCommitter.commitJobInternal(FileOutputCommitter.java:405)
[2025-05-02T21:33:12.512+0000] {spark_submit.py:644} INFO - at org.apache.hadoop.mapreduce.lib.output.FileOutputCommitter.commitJob(FileOutputCommitter.java:377)
[2025-05-02T21:33:12.512+0000] {spark_submit.py:644} INFO - at org.apache.parquet.hadoop.ParquetOutputCommitter.commitJob(ParquetOutputCommitter.java:48)
[2025-05-02T21:33:12.512+0000] {spark_submit.py:644} INFO - at org.apache.spark.internal.io.HadoopMapReduceCommitProtocol.commitJob(HadoopMapReduceCommitProtocol.scala:192)
[2025-05-02T21:33:12.512+0000] {spark_submit.py:644} INFO - at org.apache.spark.sql.execution.datasources.FileFormatWriter$.$anonfun$write$25(FileFormatWriter.scala:267)
[2025-05-02T21:33:12.513+0000] {spark_submit.py:644} INFO - at scala.runtime.java8.JFunction0$mcV$sp.apply(JFunction0$mcV$sp.java:23)
[2025-05-02T21:33:12.513+0000] {spark_submit.py:644} INFO - at org.apache.spark.util.Utils$.timeTakenMs(Utils.scala:642)
[2025-05-02T21:33:12.513+0000] {spark_submit.py:644} INFO - at org.apache.spark.sql.execution.datasources.FileFormatWriter$.write(FileFormatWriter.scala:267)
[2025-05-02T21:33:12.513+0000] {spark_submit.py:644} INFO - at org.apache.spark.sql.execution.datasources.InsertIntoHadoopFsRelationCommand.run(InsertIntoHadoopFsRelationCommand.scala:186)
[2025-05-02T21:33:12.513+0000] {spark_submit.py:644} INFO - at org.apache.spark.sql.execution.command.DataWritingCommandExec.sideEffectResult$lzycompute(commands.scala:113)
[2025-05-02T21:33:12.513+0000] {spark_submit.py:644} INFO - at org.apache.spark.sql.execution.command.DataWritingCommandExec.sideEffectResult(commands.scala:111)
[2025-05-02T21:33:12.514+0000] {spark_submit.py:644} INFO - at org.apache.spark.sql.execution.command.DataWritingCommandExec.executeCollect(commands.scala:125)
[2025-05-02T21:33:12.514+0000] {spark_submit.py:644} INFO - at org.apache.spark.sql.execution.QueryExecution$$anonfun$eagerlyExecuteCommands$1.$anonfun$applyOrElse$1(QueryExecution.scala:98)
[2025-05-02T21:33:12.514+0000] {spark_submit.py:644} INFO - at org.apache.spark.sql.execution.SQLExecution$.$anonfun$withNewExecutionId$6(SQLExecution.scala:109)
[2025-05-02T21:33:12.514+0000] {spark_submit.py:644} INFO - at org.apache.spark.sql.execution.SQLExecution$.withSQLConfPropagated(SQLExecution.scala:169)
[2025-05-02T21:33:12.514+0000] {spark_submit.py:644} INFO - at org.apache.spark.sql.execution.SQLExecution$.$anonfun$withNewExecutionId$1(SQLExecution.scala:95)
[2025-05-02T21:33:12.514+0000] {spark_submit.py:644} INFO - at org.apache.spark.sql.SparkSession.withActive(SparkSession.scala:779)
[2025-05-02T21:33:12.515+0000] {spark_submit.py:644} INFO - at org.apache.spark.sql.execution.SQLExecution$.withNewExecutionId(SQLExecution.scala:64)
[2025-05-02T21:33:12.515+0000] {spark_submit.py:644} INFO - at org.apache.spark.sql.execution.QueryExecution$$anonfun$eagerlyExecuteCommands$1.applyOrElse(QueryExecution.scala:98)
[2025-05-02T21:33:12.515+0000] {spark_submit.py:644} INFO - at org.apache.spark.sql.execution.QueryExecution$$anonfun$eagerlyExecuteCommands$1.applyOrElse(QueryExecution.scala:94)
[2025-05-02T21:33:12.515+0000] {spark_submit.py:644} INFO - at org.apache.spark.sql.catalyst.trees.TreeNode.$anonfun$transformDownWithPruning$1(TreeNode.scala:584)
[2025-05-02T21:33:12.515+0000] {spark_submit.py:644} INFO - at org.apache.spark.sql.catalyst.trees.CurrentOrigin$.withOrigin(TreeNode.scala:176)
[2025-05-02T21:33:12.515+0000] {spark_submit.py:644} INFO - at org.apache.spark.sql.catalyst.trees.TreeNode.transformDownWithPruning(TreeNode.scala:584)
[2025-05-02T21:33:12.515+0000] {spark_submit.py:644} INFO - at org.apache.spark.sql.catalyst.plans.logical.LogicalPlan.org$apache$spark$sql$catalyst$plans$logical$AnalysisHelper$$super$transformDownWithPruning(LogicalPlan.scala:30)
[2025-05-02T21:33:12.515+0000] {spark_submit.py:644} INFO - at org.apache.spark.sql.catalyst.plans.logical.AnalysisHelper.transformDownWithPruning(AnalysisHelper.scala:267)
[2025-05-02T21:33:12.515+0000] {spark_submit.py:644} INFO - at org.apache.spark.sql.catalyst.plans.logical.AnalysisHelper.transformDownWithPruning$(AnalysisHelper.scala:263)
[2025-05-02T21:33:12.515+0000] {spark_submit.py:644} INFO - at org.apache.spark.sql.catalyst.plans.logical.LogicalPlan.transformDownWithPruning(LogicalPlan.scala:30)
[2025-05-02T21:33:12.515+0000] {spark_submit.py:644} INFO - at org.apache.spark.sql.catalyst.plans.logical.LogicalPlan.transformDownWithPruning(LogicalPlan.scala:30)
[2025-05-02T21:33:12.515+0000] {spark_submit.py:644} INFO - at org.apache.spark.sql.catalyst.trees.TreeNode.transformDown(TreeNode.scala:560)
[2025-05-02T21:33:12.516+0000] {spark_submit.py:644} INFO - at org.apache.spark.sql.execution.QueryExecution.eagerlyExecuteCommands(QueryExecution.scala:94)
[2025-05-02T21:33:12.516+0000] {spark_submit.py:644} INFO - at org.apache.spark.sql.execution.QueryExecution.commandExecuted$lzycompute(QueryExecution.scala:81)
[2025-05-02T21:33:12.516+0000] {spark_submit.py:644} INFO - at org.apache.spark.sql.execution.QueryExecution.commandExecuted(QueryExecution.scala:79)
[2025-05-02T21:33:12.516+0000] {spark_submit.py:644} INFO - at org.apache.spark.sql.execution.QueryExecution.assertCommandExecuted(QueryExecution.scala:116)
[2025-05-02T21:33:12.516+0000] {spark_submit.py:644} INFO - at org.apache.spark.sql.DataFrameWriter.runCommand(DataFrameWriter.scala:860)
[2025-05-02T21:33:12.516+0000] {spark_submit.py:644} INFO - at org.apache.spark.sql.DataFrameWriter.saveToV1Source(DataFrameWriter.scala:390)
[2025-05-02T21:33:12.516+0000] {spark_submit.py:644} INFO - at org.apache.spark.sql.DataFrameWriter.saveInternal(DataFrameWriter.scala:363)
[2025-05-02T21:33:12.516+0000] {spark_submit.py:644} INFO - at org.apache.spark.sql.DataFrameWriter.save(DataFrameWriter.scala:239)
[2025-05-02T21:33:12.516+0000] {spark_submit.py:644} INFO - at org.apache.spark.sql.DataFrameWriter.parquet(DataFrameWriter.scala:793)
[2025-05-02T21:33:12.516+0000] {spark_submit.py:644} INFO - at java.base/jdk.internal.reflect.NativeMethodAccessorImpl.invoke0(Native Method)
[2025-05-02T21:33:12.517+0000] {spark_submit.py:644} INFO - at java.base/jdk.internal.reflect.NativeMethodAccessorImpl.invoke(NativeMethodAccessorImpl.java:77)
[2025-05-02T21:33:12.517+0000] {spark_submit.py:644} INFO - at java.base/jdk.internal.reflect.DelegatingMethodAccessorImpl.invoke(DelegatingMethodAccessorImpl.java:43)
[2025-05-02T21:33:12.517+0000] {spark_submit.py:644} INFO - at java.base/java.lang.reflect.Method.invoke(Method.java:569)
[2025-05-02T21:33:12.517+0000] {spark_submit.py:644} INFO - at py4j.reflection.MethodInvoker.invoke(MethodInvoker.java:244)
[2025-05-02T21:33:12.517+0000] {spark_submit.py:644} INFO - at py4j.reflection.ReflectionEngine.invoke(ReflectionEngine.java:357)
[2025-05-02T21:33:12.517+0000] {spark_submit.py:644} INFO - at py4j.Gateway.invoke(Gateway.java:282)
[2025-05-02T21:33:12.517+0000] {spark_submit.py:644} INFO - at py4j.commands.AbstractCommand.invokeMethod(AbstractCommand.java:132)
[2025-05-02T21:33:12.517+0000] {spark_submit.py:644} INFO - at py4j.commands.CallCommand.execute(CallCommand.java:79)
[2025-05-02T21:33:12.517+0000] {spark_submit.py:644} INFO - at py4j.ClientServerConnection.waitForCommands(ClientServerConnection.java:182)
[2025-05-02T21:33:12.517+0000] {spark_submit.py:644} INFO - at py4j.ClientServerConnection.run(ClientServerConnection.java:106)
[2025-05-02T21:33:12.517+0000] {spark_submit.py:644} INFO - at java.base/java.lang.Thread.run(Thread.java:840)
[2025-05-02T21:33:12.517+0000] {spark_submit.py:644} INFO - 25/05/02 21:33:12 WARN FileUtil: Failed to delete file or dir [/tmp/spark_data/bronze/athlete_bio/_temporary/0/task_202505022133107768399705216197385_0002_m_000001/.part-00001-840efc6b-54b5-48a8-bdc8-4a0ae33cf081-c000.snappy.parquet.crc]: it still exists.
[2025-05-02T21:33:12.517+0000] {spark_submit.py:644} INFO - 25/05/02 21:33:12 WARN FileUtil: Failed to delete file or dir [/tmp/spark_data/bronze/athlete_bio/_temporary/0/task_202505022133107768399705216197385_0002_m_000001/part-00001-840efc6b-54b5-48a8-bdc8-4a0ae33cf081-c000.snappy.parquet]: it still exists.
[2025-05-02T21:33:12.518+0000] {spark_submit.py:644} INFO - 25/05/02 21:33:12 WARN FileUtil: Failed to delete file or dir [/tmp/spark_data/bronze/athlete_bio/_temporary/0/task_202505022133107395552012732469696_0002_m_000000/.part-00000-840efc6b-54b5-48a8-bdc8-4a0ae33cf081-c000.snappy.parquet.crc]: it still exists.
[2025-05-02T21:33:12.518+0000] {spark_submit.py:644} INFO - 25/05/02 21:33:12 WARN FileUtil: Failed to delete file or dir [/tmp/spark_data/bronze/athlete_bio/_temporary/0/task_202505022133107395552012732469696_0002_m_000000/part-00000-840efc6b-54b5-48a8-bdc8-4a0ae33cf081-c000.snappy.parquet]: it still exists.
[2025-05-02T21:33:12.543+0000] {spark_submit.py:644} INFO - Traceback (most recent call last):
[2025-05-02T21:33:12.543+0000] {spark_submit.py:644} INFO - File "/opt/airflow/dags/landing_to_bronze.py", line 74, in <module>
[2025-05-02T21:33:12.543+0000] {spark_submit.py:644} INFO - main()
[2025-05-02T21:33:12.543+0000] {spark_submit.py:644} INFO - File "/opt/airflow/dags/landing_to_bronze.py", line 65, in main
[2025-05-02T21:33:12.543+0000] {spark_submit.py:644} INFO - df.write.mode("overwrite").parquet(bronze_path)
[2025-05-02T21:33:12.544+0000] {spark_submit.py:644} INFO - File "/home/airflow/.local/lib/python3.10/site-packages/pyspark/python/lib/pyspark.zip/pyspark/sql/readwriter.py", line 1140, in parquet
[2025-05-02T21:33:12.544+0000] {spark_submit.py:644} INFO - File "/home/airflow/.local/lib/python3.10/site-packages/pyspark/python/lib/py4j-0.10.9.5-src.zip/py4j/java_gateway.py", line 1321, in __call__
[2025-05-02T21:33:12.544+0000] {spark_submit.py:644} INFO - File "/home/airflow/.local/lib/python3.10/site-packages/pyspark/python/lib/pyspark.zip/pyspark/sql/utils.py", line 190, in deco
[2025-05-02T21:33:12.544+0000] {spark_submit.py:644} INFO - File "/home/airflow/.local/lib/python3.10/site-packages/pyspark/python/lib/py4j-0.10.9.5-src.zip/py4j/protocol.py", line 326, in get_return_value
[2025-05-02T21:33:12.544+0000] {spark_submit.py:644} INFO - py4j.protocol.Py4JJavaError: An error occurred while calling o31.parquet.
[2025-05-02T21:33:12.544+0000] {spark_submit.py:644} INFO - : org.apache.spark.SparkException: Job aborted.
[2025-05-02T21:33:12.544+0000] {spark_submit.py:644} INFO - at org.apache.spark.sql.errors.QueryExecutionErrors$.jobAbortedError(QueryExecutionErrors.scala:638)
[2025-05-02T21:33:12.544+0000] {spark_submit.py:644} INFO - at org.apache.spark.sql.execution.datasources.FileFormatWriter$.write(FileFormatWriter.scala:278)
[2025-05-02T21:33:12.544+0000] {spark_submit.py:644} INFO - at org.apache.spark.sql.execution.datasources.InsertIntoHadoopFsRelationCommand.run(InsertIntoHadoopFsRelationCommand.scala:186)
[2025-05-02T21:33:12.544+0000] {spark_submit.py:644} INFO - at org.apache.spark.sql.execution.command.DataWritingCommandExec.sideEffectResult$lzycompute(commands.scala:113)
[2025-05-02T21:33:12.544+0000] {spark_submit.py:644} INFO - at org.apache.spark.sql.execution.command.DataWritingCommandExec.sideEffectResult(commands.scala:111)
[2025-05-02T21:33:12.544+0000] {spark_submit.py:644} INFO - at org.apache.spark.sql.execution.command.DataWritingCommandExec.executeCollect(commands.scala:125)
[2025-05-02T21:33:12.545+0000] {spark_submit.py:644} INFO - at org.apache.spark.sql.execution.QueryExecution$$anonfun$eagerlyExecuteCommands$1.$anonfun$applyOrElse$1(QueryExecution.scala:98)
[2025-05-02T21:33:12.545+0000] {spark_submit.py:644} INFO - at org.apache.spark.sql.execution.SQLExecution$.$anonfun$withNewExecutionId$6(SQLExecution.scala:109)
[2025-05-02T21:33:12.545+0000] {spark_submit.py:644} INFO - at org.apache.spark.sql.execution.SQLExecution$.withSQLConfPropagated(SQLExecution.scala:169)
[2025-05-02T21:33:12.545+0000] {spark_submit.py:644} INFO - at org.apache.spark.sql.execution.SQLExecution$.$anonfun$withNewExecutionId$1(SQLExecution.scala:95)
[2025-05-02T21:33:12.545+0000] {spark_submit.py:644} INFO - at org.apache.spark.sql.SparkSession.withActive(SparkSession.scala:779)
[2025-05-02T21:33:12.545+0000] {spark_submit.py:644} INFO - at org.apache.spark.sql.execution.SQLExecution$.withNewExecutionId(SQLExecution.scala:64)
[2025-05-02T21:33:12.545+0000] {spark_submit.py:644} INFO - at org.apache.spark.sql.execution.QueryExecution$$anonfun$eagerlyExecuteCommands$1.applyOrElse(QueryExecution.scala:98)
[2025-05-02T21:33:12.545+0000] {spark_submit.py:644} INFO - at org.apache.spark.sql.execution.QueryExecution$$anonfun$eagerlyExecuteCommands$1.applyOrElse(QueryExecution.scala:94)
[2025-05-02T21:33:12.545+0000] {spark_submit.py:644} INFO - at org.apache.spark.sql.catalyst.trees.TreeNode.$anonfun$transformDownWithPruning$1(TreeNode.scala:584)
[2025-05-02T21:33:12.545+0000] {spark_submit.py:644} INFO - at org.apache.spark.sql.catalyst.trees.CurrentOrigin$.withOrigin(TreeNode.scala:176)
[2025-05-02T21:33:12.545+0000] {spark_submit.py:644} INFO - at org.apache.spark.sql.catalyst.trees.TreeNode.transformDownWithPruning(TreeNode.scala:584)
[2025-05-02T21:33:12.545+0000] {spark_submit.py:644} INFO - at org.apache.spark.sql.catalyst.plans.logical.LogicalPlan.org$apache$spark$sql$catalyst$plans$logical$AnalysisHelper$$super$transformDownWithPruning(LogicalPlan.scala:30)
[2025-05-02T21:33:12.545+0000] {spark_submit.py:644} INFO - at org.apache.spark.sql.catalyst.plans.logical.AnalysisHelper.transformDownWithPruning(AnalysisHelper.scala:267)
[2025-05-02T21:33:12.546+0000] {spark_submit.py:644} INFO - at org.apache.spark.sql.catalyst.plans.logical.AnalysisHelper.transformDownWithPruning$(AnalysisHelper.scala:263)
[2025-05-02T21:33:12.546+0000] {spark_submit.py:644} INFO - at org.apache.spark.sql.catalyst.plans.logical.LogicalPlan.transformDownWithPruning(LogicalPlan.scala:30)
[2025-05-02T21:33:12.546+0000] {spark_submit.py:644} INFO - at org.apache.spark.sql.catalyst.plans.logical.LogicalPlan.transformDownWithPruning(LogicalPlan.scala:30)
[2025-05-02T21:33:12.546+0000] {spark_submit.py:644} INFO - at org.apache.spark.sql.catalyst.trees.TreeNode.transformDown(TreeNode.scala:560)
[2025-05-02T21:33:12.546+0000] {spark_submit.py:644} INFO - at org.apache.spark.sql.execution.QueryExecution.eagerlyExecuteCommands(QueryExecution.scala:94)
[2025-05-02T21:33:12.546+0000] {spark_submit.py:644} INFO - at org.apache.spark.sql.execution.QueryExecution.commandExecuted$lzycompute(QueryExecution.scala:81)
[2025-05-02T21:33:12.546+0000] {spark_submit.py:644} INFO - at org.apache.spark.sql.execution.QueryExecution.commandExecuted(QueryExecution.scala:79)
[2025-05-02T21:33:12.546+0000] {spark_submit.py:644} INFO - at org.apache.spark.sql.execution.QueryExecution.assertCommandExecuted(QueryExecution.scala:116)
[2025-05-02T21:33:12.546+0000] {spark_submit.py:644} INFO - at org.apache.spark.sql.DataFrameWriter.runCommand(DataFrameWriter.scala:860)
[2025-05-02T21:33:12.546+0000] {spark_submit.py:644} INFO - at org.apache.spark.sql.DataFrameWriter.saveToV1Source(DataFrameWriter.scala:390)
[2025-05-02T21:33:12.546+0000] {spark_submit.py:644} INFO - at org.apache.spark.sql.DataFrameWriter.saveInternal(DataFrameWriter.scala:363)
[2025-05-02T21:33:12.546+0000] {spark_submit.py:644} INFO - at org.apache.spark.sql.DataFrameWriter.save(DataFrameWriter.scala:239)
[2025-05-02T21:33:12.546+0000] {spark_submit.py:644} INFO - at org.apache.spark.sql.DataFrameWriter.parquet(DataFrameWriter.scala:793)
[2025-05-02T21:33:12.547+0000] {spark_submit.py:644} INFO - at java.base/jdk.internal.reflect.NativeMethodAccessorImpl.invoke0(Native Method)
[2025-05-02T21:33:12.547+0000] {spark_submit.py:644} INFO - at java.base/jdk.internal.reflect.NativeMethodAccessorImpl.invoke(NativeMethodAccessorImpl.java:77)
[2025-05-02T21:33:12.547+0000] {spark_submit.py:644} INFO - at java.base/jdk.internal.reflect.DelegatingMethodAccessorImpl.invoke(DelegatingMethodAccessorImpl.java:43)
[2025-05-02T21:33:12.547+0000] {spark_submit.py:644} INFO - at java.base/java.lang.reflect.Method.invoke(Method.java:569)
[2025-05-02T21:33:12.547+0000] {spark_submit.py:644} INFO - at py4j.reflection.MethodInvoker.invoke(MethodInvoker.java:244)
[2025-05-02T21:33:12.547+0000] {spark_submit.py:644} INFO - at py4j.reflection.ReflectionEngine.invoke(ReflectionEngine.java:357)
[2025-05-02T21:33:12.547+0000] {spark_submit.py:644} INFO - at py4j.Gateway.invoke(Gateway.java:282)
[2025-05-02T21:33:12.547+0000] {spark_submit.py:644} INFO - at py4j.commands.AbstractCommand.invokeMethod(AbstractCommand.java:132)
[2025-05-02T21:33:12.547+0000] {spark_submit.py:644} INFO - at py4j.commands.CallCommand.execute(CallCommand.java:79)
[2025-05-02T21:33:12.547+0000] {spark_submit.py:644} INFO - at py4j.ClientServerConnection.waitForCommands(ClientServerConnection.java:182)
[2025-05-02T21:33:12.547+0000] {spark_submit.py:644} INFO - at py4j.ClientServerConnection.run(ClientServerConnection.java:106)
[2025-05-02T21:33:12.547+0000] {spark_submit.py:644} INFO - at java.base/java.lang.Thread.run(Thread.java:840)
[2025-05-02T21:33:12.547+0000] {spark_submit.py:644} INFO - Caused by: java.io.IOException: Failed to rename DeprecatedRawLocalFileStatus{path=file:/tmp/spark_data/bronze/athlete_bio/_temporary/0/task_202505022133107768399705216197385_0002_m_000001/part-00001-840efc6b-54b5-48a8-bdc8-4a0ae33cf081-c000.snappy.parquet; isDirectory=false; length=12669132; replication=1; blocksize=33554432; modification_time=1746221592433; access_time=1746221590703; owner=; group=; permission=rw-rw-rw-; isSymlink=false; hasAcl=false; isEncrypted=false; isErasureCoded=false} to file:/tmp/spark_data/bronze/athlete_bio/part-00001-840efc6b-54b5-48a8-bdc8-4a0ae33cf081-c000.snappy.parquet
[2025-05-02T21:33:12.548+0000] {spark_submit.py:644} INFO - at org.apache.hadoop.mapreduce.lib.output.FileOutputCommitter.mergePaths(FileOutputCommitter.java:477)
[2025-05-02T21:33:12.548+0000] {spark_submit.py:644} INFO - at org.apache.hadoop.mapreduce.lib.output.FileOutputCommitter.mergePaths(FileOutputCommitter.java:490)
[2025-05-02T21:33:12.548+0000] {spark_submit.py:644} INFO - at org.apache.hadoop.mapreduce.lib.output.FileOutputCommitter.commitJobInternal(FileOutputCommitter.java:405)
[2025-05-02T21:33:12.548+0000] {spark_submit.py:644} INFO - at org.apache.hadoop.mapreduce.lib.output.FileOutputCommitter.commitJob(FileOutputCommitter.java:377)
[2025-05-02T21:33:12.548+0000] {spark_submit.py:644} INFO - at org.apache.parquet.hadoop.ParquetOutputCommitter.commitJob(ParquetOutputCommitter.java:48)
[2025-05-02T21:33:12.548+0000] {spark_submit.py:644} INFO - at org.apache.spark.internal.io.HadoopMapReduceCommitProtocol.commitJob(HadoopMapReduceCommitProtocol.scala:192)
[2025-05-02T21:33:12.548+0000] {spark_submit.py:644} INFO - at org.apache.spark.sql.execution.datasources.FileFormatWriter$.$anonfun$write$25(FileFormatWriter.scala:267)
[2025-05-02T21:33:12.548+0000] {spark_submit.py:644} INFO - at scala.runtime.java8.JFunction0$mcV$sp.apply(JFunction0$mcV$sp.java:23)
[2025-05-02T21:33:12.548+0000] {spark_submit.py:644} INFO - at org.apache.spark.util.Utils$.timeTakenMs(Utils.scala:642)
[2025-05-02T21:33:12.548+0000] {spark_submit.py:644} INFO - at org.apache.spark.sql.execution.datasources.FileFormatWriter$.write(FileFormatWriter.scala:267)
[2025-05-02T21:33:12.548+0000] {spark_submit.py:644} INFO - ... 42 more
[2025-05-02T21:33:12.548+0000] {spark_submit.py:644} INFO - 
[2025-05-02T21:33:12.584+0000] {spark_submit.py:644} INFO - 25/05/02 21:33:12 INFO SparkContext: Invoking stop() from shutdown hook
[2025-05-02T21:33:12.593+0000] {spark_submit.py:644} INFO - 25/05/02 21:33:12 INFO SparkUI: Stopped Spark web UI at http://6ca5a7f6558e:4040
[2025-05-02T21:33:12.595+0000] {spark_submit.py:644} INFO - 25/05/02 21:33:12 INFO StandaloneSchedulerBackend: Shutting down all executors
[2025-05-02T21:33:12.596+0000] {spark_submit.py:644} INFO - 25/05/02 21:33:12 INFO CoarseGrainedSchedulerBackend$DriverEndpoint: Asking each executor to shut down
[2025-05-02T21:33:12.610+0000] {spark_submit.py:644} INFO - 25/05/02 21:33:12 INFO MapOutputTrackerMasterEndpoint: MapOutputTrackerMasterEndpoint stopped!
[2025-05-02T21:33:12.627+0000] {spark_submit.py:644} INFO - 25/05/02 21:33:12 INFO MemoryStore: MemoryStore cleared
[2025-05-02T21:33:12.627+0000] {spark_submit.py:644} INFO - 25/05/02 21:33:12 INFO BlockManager: BlockManager stopped
[2025-05-02T21:33:12.630+0000] {spark_submit.py:644} INFO - 25/05/02 21:33:12 INFO BlockManagerMaster: BlockManagerMaster stopped
[2025-05-02T21:33:12.633+0000] {spark_submit.py:644} INFO - 25/05/02 21:33:12 INFO OutputCommitCoordinator$OutputCommitCoordinatorEndpoint: OutputCommitCoordinator stopped!
[2025-05-02T21:33:12.647+0000] {spark_submit.py:644} INFO - 25/05/02 21:33:12 INFO SparkContext: Successfully stopped SparkContext
[2025-05-02T21:33:12.647+0000] {spark_submit.py:644} INFO - 25/05/02 21:33:12 INFO ShutdownHookManager: Shutdown hook called
[2025-05-02T21:33:12.648+0000] {spark_submit.py:644} INFO - 25/05/02 21:33:12 INFO ShutdownHookManager: Deleting directory /tmp/spark-510d19ae-3178-4641-a40f-c7c07f4319d8
[2025-05-02T21:33:12.652+0000] {spark_submit.py:644} INFO - 25/05/02 21:33:12 INFO ShutdownHookManager: Deleting directory /tmp/spark-42aa02b2-9edc-4e92-becb-635dd541d588/pyspark-718a61c2-c7cc-438d-9b2f-1b1570910e3a
[2025-05-02T21:33:12.655+0000] {spark_submit.py:644} INFO - 25/05/02 21:33:12 INFO ShutdownHookManager: Deleting directory /tmp/spark-42aa02b2-9edc-4e92-becb-635dd541d588
[2025-05-02T21:33:12.697+0000] {taskinstance.py:441} INFO - ::group::Post task execution logs
[2025-05-02T21:33:12.732+0000] {taskinstance.py:2905} ERROR - Task failed with exception
Traceback (most recent call last):
  File "/home/airflow/.local/lib/python3.10/site-packages/airflow/models/taskinstance.py", line 465, in _execute_task
    result = _execute_callable(context=context, **execute_callable_kwargs)
  File "/home/airflow/.local/lib/python3.10/site-packages/airflow/models/taskinstance.py", line 432, in _execute_callable
    return execute_callable(context=context, **execute_callable_kwargs)
  File "/home/airflow/.local/lib/python3.10/site-packages/airflow/models/baseoperator.py", line 400, in wrapper
    return func(self, *args, **kwargs)
  File "/home/airflow/.local/lib/python3.10/site-packages/airflow/providers/apache/spark/operators/spark_submit.py", line 197, in execute
    self._hook.submit(self.application)
  File "/home/airflow/.local/lib/python3.10/site-packages/airflow/providers/apache/spark/hooks/spark_submit.py", line 566, in submit
    raise AirflowException(
airflow.exceptions.AirflowException: Cannot execute: spark-submit --master spark://spark-master:7077 --conf spark.master=spark://spark-master:7077 --name LandingToBronze --verbose --queue root.default --deploy-mode client /opt/airflow/dags/landing_to_bronze.py. Error code is: 1.
[2025-05-02T21:33:12.736+0000] {taskinstance.py:1206} INFO - Marking task as FAILED. dag_id=final_project_BBDL, task_id=LandingToBronze, run_id=manual__2025-05-02T21:32:55.620048+00:00, execution_date=20250502T213255, start_date=20250502T213257, end_date=20250502T213312
[2025-05-02T21:33:12.767+0000] {standard_task_runner.py:110} ERROR - Failed to execute job 33 for task LandingToBronze (Cannot execute: spark-submit --master spark://spark-master:7077 --conf spark.master=spark://spark-master:7077 --name LandingToBronze --verbose --queue root.default --deploy-mode client /opt/airflow/dags/landing_to_bronze.py. Error code is: 1.; 3936)
[2025-05-02T21:33:12.789+0000] {local_task_job_runner.py:240} INFO - Task exited with return code 1
[2025-05-02T21:33:12.835+0000] {taskinstance.py:3498} INFO - 0 downstream tasks scheduled from follow-on schedule check
[2025-05-02T21:33:12.862+0000] {local_task_job_runner.py:222} INFO - ::endgroup::
