[2025-05-03T15:05:12.188+0000] {local_task_job_runner.py:120} INFO - ::group::Pre task execution logs
[2025-05-03T15:05:12.253+0000] {taskinstance.py:2076} INFO - Dependencies all met for dep_context=non-requeueable deps ti=<TaskInstance: final_project_BBDL.BronzeToSilver manual__2025-05-03T15:04:47.631151+00:00 [queued]>
[2025-05-03T15:05:12.262+0000] {taskinstance.py:2076} INFO - Dependencies all met for dep_context=requeueable deps ti=<TaskInstance: final_project_BBDL.BronzeToSilver manual__2025-05-03T15:04:47.631151+00:00 [queued]>
[2025-05-03T15:05:12.262+0000] {taskinstance.py:2306} INFO - Starting attempt 1 of 1
[2025-05-03T15:05:12.306+0000] {taskinstance.py:2330} INFO - Executing <Task(SparkSubmitOperator): BronzeToSilver> on 2025-05-03 15:04:47.631151+00:00
[2025-05-03T15:05:12.310+0000] {standard_task_runner.py:63} INFO - Started process 760 to run task
[2025-05-03T15:05:12.313+0000] {standard_task_runner.py:90} INFO - Running: ['airflow', 'tasks', 'run', 'final_project_BBDL', 'BronzeToSilver', 'manual__2025-05-03T15:04:47.631151+00:00', '--job-id', '45', '--raw', '--subdir', 'DAGS_FOLDER/project_solution.py', '--cfg-path', '/tmp/tmp_b3fqe3f']
[2025-05-03T15:05:12.315+0000] {standard_task_runner.py:91} INFO - Job 45: Subtask BronzeToSilver
[2025-05-03T15:05:12.387+0000] {logging_mixin.py:188} WARNING - /home/airflow/.local/lib/python3.10/site-packages/airflow/settings.py:195 DeprecationWarning: The sql_alchemy_conn option in [core] has been moved to the sql_alchemy_conn option in [database] - the old setting has been used, but please update your config.
[2025-05-03T15:05:12.472+0000] {task_command.py:426} INFO - Running <TaskInstance: final_project_BBDL.BronzeToSilver manual__2025-05-03T15:04:47.631151+00:00 [running]> on host fc9aa3bec43b
[2025-05-03T15:05:12.695+0000] {taskinstance.py:2648} INFO - Exporting env vars: AIRFLOW_CTX_DAG_OWNER='airflow' AIRFLOW_CTX_DAG_ID='final_project_BBDL' AIRFLOW_CTX_TASK_ID='BronzeToSilver' AIRFLOW_CTX_EXECUTION_DATE='2025-05-03T15:04:47.631151+00:00' AIRFLOW_CTX_TRY_NUMBER='1' AIRFLOW_CTX_DAG_RUN_ID='manual__2025-05-03T15:04:47.631151+00:00'
[2025-05-03T15:05:12.697+0000] {taskinstance.py:430} INFO - ::endgroup::
[2025-05-03T15:05:12.749+0000] {base.py:84} INFO - Using connection ID 'spark_default' for task execution.
[2025-05-03T15:05:12.750+0000] {spark_submit.py:328} ERROR - Failed to decode base64 keytab: Invalid base64-encoded string: number of data characters (5) cannot be 1 more than a multiple of 4
[2025-05-03T15:05:12.750+0000] {spark_submit.py:305} INFO - Could not load connection string spark_default, defaulting to spark://spark-master:7077
[2025-05-03T15:05:12.751+0000] {spark_submit.py:474} INFO - Spark-Submit cmd: spark-submit --master spark://spark-master:7077 --conf spark.master=spark://spark-master:7077 --name BronzeToSilver --verbose --queue root.default --deploy-mode client /opt/airflow/dags/bronze_to_silver.py
[2025-05-03T15:05:13.924+0000] {spark_submit.py:644} INFO - Using properties file: null
[2025-05-03T15:05:14.035+0000] {spark_submit.py:644} INFO - Parsed arguments:
[2025-05-03T15:05:14.035+0000] {spark_submit.py:644} INFO - master                  spark://spark-master:7077
[2025-05-03T15:05:14.036+0000] {spark_submit.py:644} INFO - deployMode              client
[2025-05-03T15:05:14.036+0000] {spark_submit.py:644} INFO - executorMemory          null
[2025-05-03T15:05:14.036+0000] {spark_submit.py:644} INFO - executorCores           null
[2025-05-03T15:05:14.036+0000] {spark_submit.py:644} INFO - totalExecutorCores      null
[2025-05-03T15:05:14.036+0000] {spark_submit.py:644} INFO - propertiesFile          null
[2025-05-03T15:05:14.036+0000] {spark_submit.py:644} INFO - driverMemory            null
[2025-05-03T15:05:14.036+0000] {spark_submit.py:644} INFO - driverCores             null
[2025-05-03T15:05:14.036+0000] {spark_submit.py:644} INFO - driverExtraClassPath    null
[2025-05-03T15:05:14.037+0000] {spark_submit.py:644} INFO - driverExtraLibraryPath  null
[2025-05-03T15:05:14.037+0000] {spark_submit.py:644} INFO - driverExtraJavaOptions  null
[2025-05-03T15:05:14.037+0000] {spark_submit.py:644} INFO - supervise               false
[2025-05-03T15:05:14.037+0000] {spark_submit.py:644} INFO - queue                   root.default
[2025-05-03T15:05:14.037+0000] {spark_submit.py:644} INFO - numExecutors            null
[2025-05-03T15:05:14.037+0000] {spark_submit.py:644} INFO - files                   null
[2025-05-03T15:05:14.037+0000] {spark_submit.py:644} INFO - pyFiles                 null
[2025-05-03T15:05:14.037+0000] {spark_submit.py:644} INFO - archives                null
[2025-05-03T15:05:14.037+0000] {spark_submit.py:644} INFO - mainClass               null
[2025-05-03T15:05:14.037+0000] {spark_submit.py:644} INFO - primaryResource         file:/opt/airflow/dags/bronze_to_silver.py
[2025-05-03T15:05:14.037+0000] {spark_submit.py:644} INFO - name                    BronzeToSilver
[2025-05-03T15:05:14.037+0000] {spark_submit.py:644} INFO - childArgs               []
[2025-05-03T15:05:14.038+0000] {spark_submit.py:644} INFO - jars                    null
[2025-05-03T15:05:14.038+0000] {spark_submit.py:644} INFO - packages                null
[2025-05-03T15:05:14.038+0000] {spark_submit.py:644} INFO - packagesExclusions      null
[2025-05-03T15:05:14.038+0000] {spark_submit.py:644} INFO - repositories            null
[2025-05-03T15:05:14.038+0000] {spark_submit.py:644} INFO - verbose                 true
[2025-05-03T15:05:14.038+0000] {spark_submit.py:644} INFO - 
[2025-05-03T15:05:14.038+0000] {spark_submit.py:644} INFO - Spark properties used, including those specified through
[2025-05-03T15:05:14.038+0000] {spark_submit.py:644} INFO - --conf and those from the properties file null:
[2025-05-03T15:05:14.038+0000] {spark_submit.py:644} INFO - (spark.master,spark://spark-master:7077)
[2025-05-03T15:05:14.038+0000] {spark_submit.py:644} INFO - 
[2025-05-03T15:05:14.038+0000] {spark_submit.py:644} INFO - 
[2025-05-03T15:05:14.415+0000] {spark_submit.py:644} INFO - Main class:
[2025-05-03T15:05:14.416+0000] {spark_submit.py:644} INFO - org.apache.spark.deploy.PythonRunner
[2025-05-03T15:05:14.416+0000] {spark_submit.py:644} INFO - Arguments:
[2025-05-03T15:05:14.416+0000] {spark_submit.py:644} INFO - file:/opt/airflow/dags/bronze_to_silver.py
[2025-05-03T15:05:14.416+0000] {spark_submit.py:644} INFO - null
[2025-05-03T15:05:14.419+0000] {spark_submit.py:644} INFO - Spark config:
[2025-05-03T15:05:14.420+0000] {spark_submit.py:644} INFO - (spark.app.name,BronzeToSilver)
[2025-05-03T15:05:14.420+0000] {spark_submit.py:644} INFO - (spark.app.submitTime,1746284714392)
[2025-05-03T15:05:14.420+0000] {spark_submit.py:644} INFO - (spark.master,spark://spark-master:7077)
[2025-05-03T15:05:14.420+0000] {spark_submit.py:644} INFO - (spark.submit.deployMode,client)
[2025-05-03T15:05:14.420+0000] {spark_submit.py:644} INFO - (spark.submit.pyFiles,)
[2025-05-03T15:05:14.420+0000] {spark_submit.py:644} INFO - Classpath elements:
[2025-05-03T15:05:14.421+0000] {spark_submit.py:644} INFO - 
[2025-05-03T15:05:14.421+0000] {spark_submit.py:644} INFO - 
[2025-05-03T15:05:14.421+0000] {spark_submit.py:644} INFO - 
[2025-05-03T15:05:15.137+0000] {spark_submit.py:644} INFO - 25/05/03 15:05:15 INFO SparkContext: Running Spark version 3.3.0
[2025-05-03T15:05:15.210+0000] {spark_submit.py:644} INFO - 25/05/03 15:05:15 WARN NativeCodeLoader: Unable to load native-hadoop library for your platform... using builtin-java classes where applicable
[2025-05-03T15:05:15.347+0000] {spark_submit.py:644} INFO - 25/05/03 15:05:15 INFO ResourceUtils: ==============================================================
[2025-05-03T15:05:15.348+0000] {spark_submit.py:644} INFO - 25/05/03 15:05:15 INFO ResourceUtils: No custom resources configured for spark.driver.
[2025-05-03T15:05:15.348+0000] {spark_submit.py:644} INFO - 25/05/03 15:05:15 INFO ResourceUtils: ==============================================================
[2025-05-03T15:05:15.349+0000] {spark_submit.py:644} INFO - 25/05/03 15:05:15 INFO SparkContext: Submitted application: BronzeToSilver
[2025-05-03T15:05:15.382+0000] {spark_submit.py:644} INFO - 25/05/03 15:05:15 INFO ResourceProfile: Default ResourceProfile created, executor resources: Map(cores -> name: cores, amount: 1, script: , vendor: , memory -> name: memory, amount: 1024, script: , vendor: , offHeap -> name: offHeap, amount: 0, script: , vendor: ), task resources: Map(cpus -> name: cpus, amount: 1.0)
[2025-05-03T15:05:15.395+0000] {spark_submit.py:644} INFO - 25/05/03 15:05:15 INFO ResourceProfile: Limiting resource is cpu
[2025-05-03T15:05:15.397+0000] {spark_submit.py:644} INFO - 25/05/03 15:05:15 INFO ResourceProfileManager: Added ResourceProfile id: 0
[2025-05-03T15:05:15.455+0000] {spark_submit.py:644} INFO - 25/05/03 15:05:15 INFO SecurityManager: Changing view acls to: root
[2025-05-03T15:05:15.456+0000] {spark_submit.py:644} INFO - 25/05/03 15:05:15 INFO SecurityManager: Changing modify acls to: root
[2025-05-03T15:05:15.457+0000] {spark_submit.py:644} INFO - 25/05/03 15:05:15 INFO SecurityManager: Changing view acls groups to:
[2025-05-03T15:05:15.457+0000] {spark_submit.py:644} INFO - 25/05/03 15:05:15 INFO SecurityManager: Changing modify acls groups to:
[2025-05-03T15:05:15.459+0000] {spark_submit.py:644} INFO - 25/05/03 15:05:15 INFO SecurityManager: SecurityManager: authentication disabled; ui acls disabled; users  with view permissions: Set(root); groups with view permissions: Set(); users  with modify permissions: Set(root); groups with modify permissions: Set()
[2025-05-03T15:05:15.727+0000] {spark_submit.py:644} INFO - 25/05/03 15:05:15 INFO Utils: Successfully started service 'sparkDriver' on port 45543.
[2025-05-03T15:05:15.760+0000] {spark_submit.py:644} INFO - 25/05/03 15:05:15 INFO SparkEnv: Registering MapOutputTracker
[2025-05-03T15:05:15.797+0000] {spark_submit.py:644} INFO - 25/05/03 15:05:15 INFO SparkEnv: Registering BlockManagerMaster
[2025-05-03T15:05:15.814+0000] {spark_submit.py:644} INFO - 25/05/03 15:05:15 INFO BlockManagerMasterEndpoint: Using org.apache.spark.storage.DefaultTopologyMapper for getting topology information
[2025-05-03T15:05:15.815+0000] {spark_submit.py:644} INFO - 25/05/03 15:05:15 INFO BlockManagerMasterEndpoint: BlockManagerMasterEndpoint up
[2025-05-03T15:05:15.820+0000] {spark_submit.py:644} INFO - 25/05/03 15:05:15 INFO SparkEnv: Registering BlockManagerMasterHeartbeat
[2025-05-03T15:05:15.837+0000] {spark_submit.py:644} INFO - 25/05/03 15:05:15 INFO DiskBlockManager: Created local directory at /tmp/blockmgr-f805d703-ea0b-47b0-ac31-ce1e598bae82
[2025-05-03T15:05:15.853+0000] {spark_submit.py:644} INFO - 25/05/03 15:05:15 INFO MemoryStore: MemoryStore started with capacity 434.4 MiB
[2025-05-03T15:05:15.869+0000] {spark_submit.py:644} INFO - 25/05/03 15:05:15 INFO SparkEnv: Registering OutputCommitCoordinator
[2025-05-03T15:05:16.043+0000] {spark_submit.py:644} INFO - 25/05/03 15:05:16 INFO Utils: Successfully started service 'SparkUI' on port 4040.
[2025-05-03T15:05:16.159+0000] {spark_submit.py:644} INFO - 25/05/03 15:05:16 INFO StandaloneAppClient$ClientEndpoint: Connecting to master spark://spark-master:7077...
[2025-05-03T15:05:16.196+0000] {spark_submit.py:644} INFO - 25/05/03 15:05:16 INFO TransportClientFactory: Successfully created connection to spark-master/172.19.0.2:7077 after 20 ms (0 ms spent in bootstraps)
[2025-05-03T15:05:16.271+0000] {spark_submit.py:644} INFO - 25/05/03 15:05:16 INFO StandaloneSchedulerBackend: Connected to Spark cluster with app ID app-20250503150516-0001
[2025-05-03T15:05:16.274+0000] {spark_submit.py:644} INFO - 25/05/03 15:05:16 INFO StandaloneAppClient$ClientEndpoint: Executor added: app-20250503150516-0001/0 on worker-20250503145210-172.19.0.5-44931 (172.19.0.5:44931) with 2 core(s)
[2025-05-03T15:05:16.280+0000] {spark_submit.py:644} INFO - 25/05/03 15:05:16 INFO StandaloneSchedulerBackend: Granted executor ID app-20250503150516-0001/0 on hostPort 172.19.0.5:44931 with 2 core(s), 1024.0 MiB RAM
[2025-05-03T15:05:16.280+0000] {spark_submit.py:644} INFO - 25/05/03 15:05:16 INFO Utils: Successfully started service 'org.apache.spark.network.netty.NettyBlockTransferService' on port 38065.
[2025-05-03T15:05:16.281+0000] {spark_submit.py:644} INFO - 25/05/03 15:05:16 INFO NettyBlockTransferService: Server created on fc9aa3bec43b:38065
[2025-05-03T15:05:16.283+0000] {spark_submit.py:644} INFO - 25/05/03 15:05:16 INFO BlockManager: Using org.apache.spark.storage.RandomBlockReplicationPolicy for block replication policy
[2025-05-03T15:05:16.289+0000] {spark_submit.py:644} INFO - 25/05/03 15:05:16 INFO BlockManagerMaster: Registering BlockManager BlockManagerId(driver, fc9aa3bec43b, 38065, None)
[2025-05-03T15:05:16.294+0000] {spark_submit.py:644} INFO - 25/05/03 15:05:16 INFO BlockManagerMasterEndpoint: Registering block manager fc9aa3bec43b:38065 with 434.4 MiB RAM, BlockManagerId(driver, fc9aa3bec43b, 38065, None)
[2025-05-03T15:05:16.297+0000] {spark_submit.py:644} INFO - 25/05/03 15:05:16 INFO BlockManagerMaster: Registered BlockManager BlockManagerId(driver, fc9aa3bec43b, 38065, None)
[2025-05-03T15:05:16.299+0000] {spark_submit.py:644} INFO - 25/05/03 15:05:16 INFO BlockManager: Initialized BlockManager: BlockManagerId(driver, fc9aa3bec43b, 38065, None)
[2025-05-03T15:05:16.318+0000] {spark_submit.py:644} INFO - 25/05/03 15:05:16 INFO StandaloneAppClient$ClientEndpoint: Executor updated: app-20250503150516-0001/0 is now RUNNING
[2025-05-03T15:05:16.468+0000] {spark_submit.py:644} INFO - 25/05/03 15:05:16 INFO StandaloneSchedulerBackend: SchedulerBackend is ready for scheduling beginning after reached minRegisteredResourcesRatio: 0.0
[2025-05-03T15:05:16.672+0000] {spark_submit.py:644} INFO - 25/05/03 15:05:16 INFO SharedState: Setting hive.metastore.warehouse.dir ('null') to the value of spark.sql.warehouse.dir.
[2025-05-03T15:05:16.679+0000] {spark_submit.py:644} INFO - 25/05/03 15:05:16 INFO SharedState: Warehouse path is 'file:/opt/airflow/spark-warehouse'.
[2025-05-03T15:05:17.355+0000] {spark_submit.py:644} INFO - Traceback (most recent call last):
[2025-05-03T15:05:17.355+0000] {spark_submit.py:644} INFO - File "/opt/airflow/dags/bronze_to_silver.py", line 69, in <module>
[2025-05-03T15:05:17.356+0000] {spark_submit.py:644} INFO - main()
[2025-05-03T15:05:17.356+0000] {spark_submit.py:644} INFO - File "/opt/airflow/dags/bronze_to_silver.py", line 44, in main
[2025-05-03T15:05:17.356+0000] {spark_submit.py:644} INFO - df = spark.read.format("parquet").load(bronze_path)
[2025-05-03T15:05:17.356+0000] {spark_submit.py:644} INFO - File "/home/airflow/.local/lib/python3.10/site-packages/pyspark/python/lib/pyspark.zip/pyspark/sql/readwriter.py", line 177, in load
[2025-05-03T15:05:17.356+0000] {spark_submit.py:644} INFO - File "/home/airflow/.local/lib/python3.10/site-packages/pyspark/python/lib/py4j-0.10.9.5-src.zip/py4j/java_gateway.py", line 1321, in __call__
[2025-05-03T15:05:17.356+0000] {spark_submit.py:644} INFO - File "/home/airflow/.local/lib/python3.10/site-packages/pyspark/python/lib/pyspark.zip/pyspark/sql/utils.py", line 196, in deco
[2025-05-03T15:05:17.363+0000] {spark_submit.py:644} INFO - pyspark.sql.utils.AnalysisException: Path does not exist: file:/opt/airflow/bronze/athlete_bio
[2025-05-03T15:05:17.408+0000] {spark_submit.py:644} INFO - 25/05/03 15:05:17 INFO SparkContext: Invoking stop() from shutdown hook
[2025-05-03T15:05:17.420+0000] {spark_submit.py:644} INFO - 25/05/03 15:05:17 INFO SparkUI: Stopped Spark web UI at http://fc9aa3bec43b:4040
[2025-05-03T15:05:17.423+0000] {spark_submit.py:644} INFO - 25/05/03 15:05:17 INFO StandaloneSchedulerBackend: Shutting down all executors
[2025-05-03T15:05:17.427+0000] {spark_submit.py:644} INFO - 25/05/03 15:05:17 INFO CoarseGrainedSchedulerBackend$DriverEndpoint: Asking each executor to shut down
[2025-05-03T15:05:17.452+0000] {spark_submit.py:644} INFO - 25/05/03 15:05:17 INFO MapOutputTrackerMasterEndpoint: MapOutputTrackerMasterEndpoint stopped!
[2025-05-03T15:05:17.476+0000] {spark_submit.py:644} INFO - 25/05/03 15:05:17 INFO MemoryStore: MemoryStore cleared
[2025-05-03T15:05:17.477+0000] {spark_submit.py:644} INFO - 25/05/03 15:05:17 INFO BlockManager: BlockManager stopped
[2025-05-03T15:05:17.485+0000] {spark_submit.py:644} INFO - 25/05/03 15:05:17 INFO BlockManagerMaster: BlockManagerMaster stopped
[2025-05-03T15:05:17.490+0000] {spark_submit.py:644} INFO - 25/05/03 15:05:17 INFO OutputCommitCoordinator$OutputCommitCoordinatorEndpoint: OutputCommitCoordinator stopped!
[2025-05-03T15:05:17.510+0000] {spark_submit.py:644} INFO - 25/05/03 15:05:17 INFO SparkContext: Successfully stopped SparkContext
[2025-05-03T15:05:17.511+0000] {spark_submit.py:644} INFO - 25/05/03 15:05:17 INFO ShutdownHookManager: Shutdown hook called
[2025-05-03T15:05:17.512+0000] {spark_submit.py:644} INFO - 25/05/03 15:05:17 INFO ShutdownHookManager: Deleting directory /tmp/spark-1c74d0fd-fa7f-4884-9db4-4349f9842e67/pyspark-4f363349-14ff-400d-ab50-4154a3691f53
[2025-05-03T15:05:17.517+0000] {spark_submit.py:644} INFO - 25/05/03 15:05:17 INFO ShutdownHookManager: Deleting directory /tmp/spark-1c74d0fd-fa7f-4884-9db4-4349f9842e67
[2025-05-03T15:05:17.523+0000] {spark_submit.py:644} INFO - 25/05/03 15:05:17 INFO ShutdownHookManager: Deleting directory /tmp/spark-34fe61ae-53c1-41ab-b395-6bed3e8d3e09
[2025-05-03T15:05:17.569+0000] {taskinstance.py:441} INFO - ::group::Post task execution logs
[2025-05-03T15:05:17.603+0000] {taskinstance.py:2905} ERROR - Task failed with exception
Traceback (most recent call last):
  File "/home/airflow/.local/lib/python3.10/site-packages/airflow/models/taskinstance.py", line 465, in _execute_task
    result = _execute_callable(context=context, **execute_callable_kwargs)
  File "/home/airflow/.local/lib/python3.10/site-packages/airflow/models/taskinstance.py", line 432, in _execute_callable
    return execute_callable(context=context, **execute_callable_kwargs)
  File "/home/airflow/.local/lib/python3.10/site-packages/airflow/models/baseoperator.py", line 400, in wrapper
    return func(self, *args, **kwargs)
  File "/home/airflow/.local/lib/python3.10/site-packages/airflow/providers/apache/spark/operators/spark_submit.py", line 197, in execute
    self._hook.submit(self.application)
  File "/home/airflow/.local/lib/python3.10/site-packages/airflow/providers/apache/spark/hooks/spark_submit.py", line 566, in submit
    raise AirflowException(
airflow.exceptions.AirflowException: Cannot execute: spark-submit --master spark://spark-master:7077 --conf spark.master=spark://spark-master:7077 --name BronzeToSilver --verbose --queue root.default --deploy-mode client /opt/airflow/dags/bronze_to_silver.py. Error code is: 1.
[2025-05-03T15:05:17.608+0000] {taskinstance.py:1206} INFO - Marking task as FAILED. dag_id=final_project_BBDL, task_id=BronzeToSilver, run_id=manual__2025-05-03T15:04:47.631151+00:00, execution_date=20250503T150447, start_date=20250503T150512, end_date=20250503T150517
[2025-05-03T15:05:17.657+0000] {standard_task_runner.py:110} ERROR - Failed to execute job 45 for task BronzeToSilver (Cannot execute: spark-submit --master spark://spark-master:7077 --conf spark.master=spark://spark-master:7077 --name BronzeToSilver --verbose --queue root.default --deploy-mode client /opt/airflow/dags/bronze_to_silver.py. Error code is: 1.; 760)
[2025-05-03T15:05:17.704+0000] {local_task_job_runner.py:240} INFO - Task exited with return code 1
[2025-05-03T15:05:17.751+0000] {taskinstance.py:3498} INFO - 0 downstream tasks scheduled from follow-on schedule check
[2025-05-03T15:05:17.778+0000] {local_task_job_runner.py:222} INFO - ::endgroup::
