[2025-05-01T17:41:34.499+0000] {local_task_job_runner.py:120} INFO - ::group::Pre task execution logs
[2025-05-01T17:41:34.558+0000] {taskinstance.py:2076} INFO - Dependencies all met for dep_context=non-requeueable deps ti=<TaskInstance: final_project_BBDL.LandingToBronze manual__2025-05-01T17:41:32.614648+00:00 [queued]>
[2025-05-01T17:41:34.567+0000] {taskinstance.py:2076} INFO - Dependencies all met for dep_context=requeueable deps ti=<TaskInstance: final_project_BBDL.LandingToBronze manual__2025-05-01T17:41:32.614648+00:00 [queued]>
[2025-05-01T17:41:34.567+0000] {taskinstance.py:2306} INFO - Starting attempt 1 of 1
[2025-05-01T17:41:34.605+0000] {taskinstance.py:2330} INFO - Executing <Task(SparkSubmitOperator): LandingToBronze> on 2025-05-01 17:41:32.614648+00:00
[2025-05-01T17:41:34.609+0000] {standard_task_runner.py:63} INFO - Started process 201 to run task
[2025-05-01T17:41:34.613+0000] {standard_task_runner.py:90} INFO - Running: ['airflow', 'tasks', 'run', 'final_project_BBDL', 'LandingToBronze', 'manual__2025-05-01T17:41:32.614648+00:00', '--job-id', '7', '--raw', '--subdir', 'DAGS_FOLDER/project_solution.py', '--cfg-path', '/tmp/tmpbtqhthpj']
[2025-05-01T17:41:34.615+0000] {standard_task_runner.py:91} INFO - Job 7: Subtask LandingToBronze
[2025-05-01T17:41:34.683+0000] {logging_mixin.py:188} WARNING - /home/airflow/.local/lib/python3.10/site-packages/airflow/settings.py:195 DeprecationWarning: The sql_alchemy_conn option in [core] has been moved to the sql_alchemy_conn option in [database] - the old setting has been used, but please update your config.
[2025-05-01T17:41:34.772+0000] {task_command.py:426} INFO - Running <TaskInstance: final_project_BBDL.LandingToBronze manual__2025-05-01T17:41:32.614648+00:00 [running]> on host 5dc6ae9cc66f
[2025-05-01T17:41:35.003+0000] {taskinstance.py:2648} INFO - Exporting env vars: AIRFLOW_CTX_DAG_OWNER='airflow' AIRFLOW_CTX_DAG_ID='final_project_BBDL' AIRFLOW_CTX_TASK_ID='LandingToBronze' AIRFLOW_CTX_EXECUTION_DATE='2025-05-01T17:41:32.614648+00:00' AIRFLOW_CTX_TRY_NUMBER='1' AIRFLOW_CTX_DAG_RUN_ID='manual__2025-05-01T17:41:32.614648+00:00'
[2025-05-01T17:41:35.004+0000] {taskinstance.py:430} INFO - ::endgroup::
[2025-05-01T17:41:35.079+0000] {base.py:84} INFO - Using connection ID 'spark_default' for task execution.
[2025-05-01T17:41:35.080+0000] {spark_submit.py:474} INFO - Spark-Submit cmd: spark-submit --master spark://spark-master:7077 --conf spark.master=spark://spark-master:7077 --name LandingToBronze --verbose --queue root.default --deploy-mode client /opt/airflow/dags/landing_to_bronze.py
[2025-05-01T17:41:37.677+0000] {spark_submit.py:644} INFO - Using properties file: null
[2025-05-01T17:41:37.801+0000] {spark_submit.py:644} INFO - Parsed arguments:
[2025-05-01T17:41:37.801+0000] {spark_submit.py:644} INFO - master                  spark://spark-master:7077
[2025-05-01T17:41:37.801+0000] {spark_submit.py:644} INFO - deployMode              client
[2025-05-01T17:41:37.801+0000] {spark_submit.py:644} INFO - executorMemory          null
[2025-05-01T17:41:37.801+0000] {spark_submit.py:644} INFO - executorCores           null
[2025-05-01T17:41:37.801+0000] {spark_submit.py:644} INFO - totalExecutorCores      null
[2025-05-01T17:41:37.801+0000] {spark_submit.py:644} INFO - propertiesFile          null
[2025-05-01T17:41:37.802+0000] {spark_submit.py:644} INFO - driverMemory            null
[2025-05-01T17:41:37.802+0000] {spark_submit.py:644} INFO - driverCores             null
[2025-05-01T17:41:37.802+0000] {spark_submit.py:644} INFO - driverExtraClassPath    null
[2025-05-01T17:41:37.802+0000] {spark_submit.py:644} INFO - driverExtraLibraryPath  null
[2025-05-01T17:41:37.802+0000] {spark_submit.py:644} INFO - driverExtraJavaOptions  null
[2025-05-01T17:41:37.802+0000] {spark_submit.py:644} INFO - supervise               false
[2025-05-01T17:41:37.802+0000] {spark_submit.py:644} INFO - queue                   root.default
[2025-05-01T17:41:37.802+0000] {spark_submit.py:644} INFO - numExecutors            null
[2025-05-01T17:41:37.802+0000] {spark_submit.py:644} INFO - files                   null
[2025-05-01T17:41:37.802+0000] {spark_submit.py:644} INFO - pyFiles                 null
[2025-05-01T17:41:37.802+0000] {spark_submit.py:644} INFO - archives                null
[2025-05-01T17:41:37.802+0000] {spark_submit.py:644} INFO - mainClass               null
[2025-05-01T17:41:37.803+0000] {spark_submit.py:644} INFO - primaryResource         file:/opt/airflow/dags/landing_to_bronze.py
[2025-05-01T17:41:37.803+0000] {spark_submit.py:644} INFO - name                    LandingToBronze
[2025-05-01T17:41:37.803+0000] {spark_submit.py:644} INFO - childArgs               []
[2025-05-01T17:41:37.803+0000] {spark_submit.py:644} INFO - jars                    null
[2025-05-01T17:41:37.803+0000] {spark_submit.py:644} INFO - packages                null
[2025-05-01T17:41:37.803+0000] {spark_submit.py:644} INFO - packagesExclusions      null
[2025-05-01T17:41:37.803+0000] {spark_submit.py:644} INFO - repositories            null
[2025-05-01T17:41:37.803+0000] {spark_submit.py:644} INFO - verbose                 true
[2025-05-01T17:41:37.803+0000] {spark_submit.py:644} INFO - 
[2025-05-01T17:41:37.803+0000] {spark_submit.py:644} INFO - Spark properties used, including those specified through
[2025-05-01T17:41:37.803+0000] {spark_submit.py:644} INFO - --conf and those from the properties file null:
[2025-05-01T17:41:37.803+0000] {spark_submit.py:644} INFO - (spark.master,spark://spark-master:7077)
[2025-05-01T17:41:37.804+0000] {spark_submit.py:644} INFO - 
[2025-05-01T17:41:37.804+0000] {spark_submit.py:644} INFO - 
[2025-05-01T17:41:38.287+0000] {spark_submit.py:644} INFO - Main class:
[2025-05-01T17:41:38.288+0000] {spark_submit.py:644} INFO - org.apache.spark.deploy.PythonRunner
[2025-05-01T17:41:38.288+0000] {spark_submit.py:644} INFO - Arguments:
[2025-05-01T17:41:38.288+0000] {spark_submit.py:644} INFO - file:/opt/airflow/dags/landing_to_bronze.py
[2025-05-01T17:41:38.288+0000] {spark_submit.py:644} INFO - null
[2025-05-01T17:41:38.291+0000] {spark_submit.py:644} INFO - Spark config:
[2025-05-01T17:41:38.291+0000] {spark_submit.py:644} INFO - (spark.app.name,LandingToBronze)
[2025-05-01T17:41:38.291+0000] {spark_submit.py:644} INFO - (spark.app.submitTime,1746121298267)
[2025-05-01T17:41:38.291+0000] {spark_submit.py:644} INFO - (spark.master,spark://spark-master:7077)
[2025-05-01T17:41:38.291+0000] {spark_submit.py:644} INFO - (spark.submit.deployMode,client)
[2025-05-01T17:41:38.291+0000] {spark_submit.py:644} INFO - (spark.submit.pyFiles,)
[2025-05-01T17:41:38.292+0000] {spark_submit.py:644} INFO - Classpath elements:
[2025-05-01T17:41:38.292+0000] {spark_submit.py:644} INFO - 
[2025-05-01T17:41:38.292+0000] {spark_submit.py:644} INFO - 
[2025-05-01T17:41:38.292+0000] {spark_submit.py:644} INFO - 
[2025-05-01T17:41:39.277+0000] {spark_submit.py:644} INFO - 25/05/01 17:41:39 INFO SparkContext: Running Spark version 3.3.0
[2025-05-01T17:41:39.355+0000] {spark_submit.py:644} INFO - 25/05/01 17:41:39 WARN NativeCodeLoader: Unable to load native-hadoop library for your platform... using builtin-java classes where applicable
[2025-05-01T17:41:39.513+0000] {spark_submit.py:644} INFO - 25/05/01 17:41:39 INFO ResourceUtils: ==============================================================
[2025-05-01T17:41:39.513+0000] {spark_submit.py:644} INFO - 25/05/01 17:41:39 INFO ResourceUtils: No custom resources configured for spark.driver.
[2025-05-01T17:41:39.513+0000] {spark_submit.py:644} INFO - 25/05/01 17:41:39 INFO ResourceUtils: ==============================================================
[2025-05-01T17:41:39.514+0000] {spark_submit.py:644} INFO - 25/05/01 17:41:39 INFO SparkContext: Submitted application: LandingToBronze
[2025-05-01T17:41:39.539+0000] {spark_submit.py:644} INFO - 25/05/01 17:41:39 INFO ResourceProfile: Default ResourceProfile created, executor resources: Map(cores -> name: cores, amount: 1, script: , vendor: , memory -> name: memory, amount: 1024, script: , vendor: , offHeap -> name: offHeap, amount: 0, script: , vendor: ), task resources: Map(cpus -> name: cpus, amount: 1.0)
[2025-05-01T17:41:39.548+0000] {spark_submit.py:644} INFO - 25/05/01 17:41:39 INFO ResourceProfile: Limiting resource is cpu
[2025-05-01T17:41:39.549+0000] {spark_submit.py:644} INFO - 25/05/01 17:41:39 INFO ResourceProfileManager: Added ResourceProfile id: 0
[2025-05-01T17:41:39.626+0000] {spark_submit.py:644} INFO - 25/05/01 17:41:39 INFO SecurityManager: Changing view acls to: airflow
[2025-05-01T17:41:39.626+0000] {spark_submit.py:644} INFO - 25/05/01 17:41:39 INFO SecurityManager: Changing modify acls to: airflow
[2025-05-01T17:41:39.627+0000] {spark_submit.py:644} INFO - 25/05/01 17:41:39 INFO SecurityManager: Changing view acls groups to:
[2025-05-01T17:41:39.627+0000] {spark_submit.py:644} INFO - 25/05/01 17:41:39 INFO SecurityManager: Changing modify acls groups to:
[2025-05-01T17:41:39.628+0000] {spark_submit.py:644} INFO - 25/05/01 17:41:39 INFO SecurityManager: SecurityManager: authentication disabled; ui acls disabled; users  with view permissions: Set(airflow); groups with view permissions: Set(); users  with modify permissions: Set(airflow); groups with modify permissions: Set()
[2025-05-01T17:41:39.982+0000] {spark_submit.py:644} INFO - 25/05/01 17:41:39 INFO Utils: Successfully started service 'sparkDriver' on port 32899.
[2025-05-01T17:41:40.038+0000] {spark_submit.py:644} INFO - 25/05/01 17:41:40 INFO SparkEnv: Registering MapOutputTracker
[2025-05-01T17:41:40.078+0000] {spark_submit.py:644} INFO - 25/05/01 17:41:40 INFO SparkEnv: Registering BlockManagerMaster
[2025-05-01T17:41:40.101+0000] {spark_submit.py:644} INFO - 25/05/01 17:41:40 INFO BlockManagerMasterEndpoint: Using org.apache.spark.storage.DefaultTopologyMapper for getting topology information
[2025-05-01T17:41:40.101+0000] {spark_submit.py:644} INFO - 25/05/01 17:41:40 INFO BlockManagerMasterEndpoint: BlockManagerMasterEndpoint up
[2025-05-01T17:41:40.106+0000] {spark_submit.py:644} INFO - 25/05/01 17:41:40 INFO SparkEnv: Registering BlockManagerMasterHeartbeat
[2025-05-01T17:41:40.140+0000] {spark_submit.py:644} INFO - 25/05/01 17:41:40 INFO DiskBlockManager: Created local directory at /tmp/blockmgr-ea1ba1c1-bfaa-40d0-bbbd-927e59746888
[2025-05-01T17:41:40.162+0000] {spark_submit.py:644} INFO - 25/05/01 17:41:40 INFO MemoryStore: MemoryStore started with capacity 434.4 MiB
[2025-05-01T17:41:40.178+0000] {spark_submit.py:644} INFO - 25/05/01 17:41:40 INFO SparkEnv: Registering OutputCommitCoordinator
[2025-05-01T17:41:40.425+0000] {spark_submit.py:644} INFO - 25/05/01 17:41:40 INFO Utils: Successfully started service 'SparkUI' on port 4040.
[2025-05-01T17:41:40.684+0000] {spark_submit.py:644} INFO - 25/05/01 17:41:40 INFO StandaloneAppClient$ClientEndpoint: Connecting to master spark://spark-master:7077...
[2025-05-01T17:41:44.061+0000] {spark_submit.py:644} INFO - 25/05/01 17:41:44 WARN TransportClientFactory: DNS resolution failed for spark-master/<unresolved>:7077 took 3445 ms
[2025-05-01T17:41:44.101+0000] {spark_submit.py:644} INFO - 25/05/01 17:41:44 WARN StandaloneAppClient$ClientEndpoint: Failed to connect to master spark-master:7077
[2025-05-01T17:41:44.101+0000] {spark_submit.py:644} INFO - org.apache.spark.SparkException: Exception thrown in awaitResult:
[2025-05-01T17:41:44.101+0000] {spark_submit.py:644} INFO - at org.apache.spark.util.ThreadUtils$.awaitResult(ThreadUtils.scala:301)
[2025-05-01T17:41:44.101+0000] {spark_submit.py:644} INFO - at org.apache.spark.rpc.RpcTimeout.awaitResult(RpcTimeout.scala:75)
[2025-05-01T17:41:44.102+0000] {spark_submit.py:644} INFO - at org.apache.spark.rpc.RpcEnv.setupEndpointRefByURI(RpcEnv.scala:102)
[2025-05-01T17:41:44.102+0000] {spark_submit.py:644} INFO - at org.apache.spark.rpc.RpcEnv.setupEndpointRef(RpcEnv.scala:110)
[2025-05-01T17:41:44.102+0000] {spark_submit.py:644} INFO - at org.apache.spark.deploy.client.StandaloneAppClient$ClientEndpoint$$anon$1.run(StandaloneAppClient.scala:107)
[2025-05-01T17:41:44.102+0000] {spark_submit.py:644} INFO - at java.base/java.util.concurrent.Executors$RunnableAdapter.call(Executors.java:539)
[2025-05-01T17:41:44.102+0000] {spark_submit.py:644} INFO - at java.base/java.util.concurrent.FutureTask.run(FutureTask.java:264)
[2025-05-01T17:41:44.102+0000] {spark_submit.py:644} INFO - at java.base/java.util.concurrent.ThreadPoolExecutor.runWorker(ThreadPoolExecutor.java:1136)
[2025-05-01T17:41:44.102+0000] {spark_submit.py:644} INFO - at java.base/java.util.concurrent.ThreadPoolExecutor$Worker.run(ThreadPoolExecutor.java:635)
[2025-05-01T17:41:44.102+0000] {spark_submit.py:644} INFO - at java.base/java.lang.Thread.run(Thread.java:840)
[2025-05-01T17:41:44.102+0000] {spark_submit.py:644} INFO - Caused by: java.io.IOException: Failed to connect to spark-master/<unresolved>:7077
[2025-05-01T17:41:44.102+0000] {spark_submit.py:644} INFO - at org.apache.spark.network.client.TransportClientFactory.createClient(TransportClientFactory.java:288)
[2025-05-01T17:41:44.103+0000] {spark_submit.py:644} INFO - at org.apache.spark.network.client.TransportClientFactory.createClient(TransportClientFactory.java:218)
[2025-05-01T17:41:44.103+0000] {spark_submit.py:644} INFO - at org.apache.spark.network.client.TransportClientFactory.createClient(TransportClientFactory.java:230)
[2025-05-01T17:41:44.103+0000] {spark_submit.py:644} INFO - at org.apache.spark.rpc.netty.NettyRpcEnv.createClient(NettyRpcEnv.scala:204)
[2025-05-01T17:41:44.103+0000] {spark_submit.py:644} INFO - at org.apache.spark.rpc.netty.Outbox$$anon$1.call(Outbox.scala:202)
[2025-05-01T17:41:44.103+0000] {spark_submit.py:644} INFO - at org.apache.spark.rpc.netty.Outbox$$anon$1.call(Outbox.scala:198)
[2025-05-01T17:41:44.103+0000] {spark_submit.py:644} INFO - ... 4 more
[2025-05-01T17:41:44.103+0000] {spark_submit.py:644} INFO - Caused by: java.net.UnknownHostException: spark-master
[2025-05-01T17:41:44.103+0000] {spark_submit.py:644} INFO - at java.base/java.net.InetAddress$CachedAddresses.get(InetAddress.java:801)
[2025-05-01T17:41:44.103+0000] {spark_submit.py:644} INFO - at java.base/java.net.InetAddress.getAllByName0(InetAddress.java:1533)
[2025-05-01T17:41:44.103+0000] {spark_submit.py:644} INFO - at java.base/java.net.InetAddress.getAllByName(InetAddress.java:1385)
[2025-05-01T17:41:44.103+0000] {spark_submit.py:644} INFO - at java.base/java.net.InetAddress.getAllByName(InetAddress.java:1306)
[2025-05-01T17:41:44.103+0000] {spark_submit.py:644} INFO - at java.base/java.net.InetAddress.getByName(InetAddress.java:1256)
[2025-05-01T17:41:44.103+0000] {spark_submit.py:644} INFO - at io.netty.util.internal.SocketUtils$8.run(SocketUtils.java:156)
[2025-05-01T17:41:44.104+0000] {spark_submit.py:644} INFO - at io.netty.util.internal.SocketUtils$8.run(SocketUtils.java:153)
[2025-05-01T17:41:44.104+0000] {spark_submit.py:644} INFO - at java.base/java.security.AccessController.doPrivileged(AccessController.java:569)
[2025-05-01T17:41:44.104+0000] {spark_submit.py:644} INFO - at io.netty.util.internal.SocketUtils.addressByName(SocketUtils.java:153)
[2025-05-01T17:41:44.104+0000] {spark_submit.py:644} INFO - at io.netty.resolver.DefaultNameResolver.doResolve(DefaultNameResolver.java:41)
[2025-05-01T17:41:44.104+0000] {spark_submit.py:644} INFO - at io.netty.resolver.SimpleNameResolver.resolve(SimpleNameResolver.java:61)
[2025-05-01T17:41:44.104+0000] {spark_submit.py:644} INFO - at io.netty.resolver.SimpleNameResolver.resolve(SimpleNameResolver.java:53)
[2025-05-01T17:41:44.104+0000] {spark_submit.py:644} INFO - at io.netty.resolver.InetSocketAddressResolver.doResolve(InetSocketAddressResolver.java:55)
[2025-05-01T17:41:44.104+0000] {spark_submit.py:644} INFO - at io.netty.resolver.InetSocketAddressResolver.doResolve(InetSocketAddressResolver.java:31)
[2025-05-01T17:41:44.104+0000] {spark_submit.py:644} INFO - at io.netty.resolver.AbstractAddressResolver.resolve(AbstractAddressResolver.java:106)
[2025-05-01T17:41:44.104+0000] {spark_submit.py:644} INFO - at io.netty.bootstrap.Bootstrap.doResolveAndConnect0(Bootstrap.java:206)
[2025-05-01T17:41:44.104+0000] {spark_submit.py:644} INFO - at io.netty.bootstrap.Bootstrap.access$000(Bootstrap.java:46)
[2025-05-01T17:41:44.104+0000] {spark_submit.py:644} INFO - at io.netty.bootstrap.Bootstrap$1.operationComplete(Bootstrap.java:180)
[2025-05-01T17:41:44.104+0000] {spark_submit.py:644} INFO - at io.netty.bootstrap.Bootstrap$1.operationComplete(Bootstrap.java:166)
[2025-05-01T17:41:44.105+0000] {spark_submit.py:644} INFO - at io.netty.util.concurrent.DefaultPromise.notifyListener0(DefaultPromise.java:578)
[2025-05-01T17:41:44.105+0000] {spark_submit.py:644} INFO - at io.netty.util.concurrent.DefaultPromise.notifyListenersNow(DefaultPromise.java:552)
[2025-05-01T17:41:44.105+0000] {spark_submit.py:644} INFO - at io.netty.util.concurrent.DefaultPromise.notifyListeners(DefaultPromise.java:491)
[2025-05-01T17:41:44.105+0000] {spark_submit.py:644} INFO - at io.netty.util.concurrent.DefaultPromise.setValue0(DefaultPromise.java:616)
[2025-05-01T17:41:44.105+0000] {spark_submit.py:644} INFO - at io.netty.util.concurrent.DefaultPromise.setSuccess0(DefaultPromise.java:605)
[2025-05-01T17:41:44.105+0000] {spark_submit.py:644} INFO - at io.netty.util.concurrent.DefaultPromise.trySuccess(DefaultPromise.java:104)
[2025-05-01T17:41:44.105+0000] {spark_submit.py:644} INFO - at io.netty.channel.DefaultChannelPromise.trySuccess(DefaultChannelPromise.java:84)
[2025-05-01T17:41:44.105+0000] {spark_submit.py:644} INFO - at io.netty.channel.AbstractChannel$AbstractUnsafe.safeSetSuccess(AbstractChannel.java:990)
[2025-05-01T17:41:44.105+0000] {spark_submit.py:644} INFO - at io.netty.channel.AbstractChannel$AbstractUnsafe.register0(AbstractChannel.java:516)
[2025-05-01T17:41:44.105+0000] {spark_submit.py:644} INFO - at io.netty.channel.AbstractChannel$AbstractUnsafe.access$200(AbstractChannel.java:429)
[2025-05-01T17:41:44.105+0000] {spark_submit.py:644} INFO - at io.netty.channel.AbstractChannel$AbstractUnsafe$1.run(AbstractChannel.java:486)
[2025-05-01T17:41:44.105+0000] {spark_submit.py:644} INFO - at io.netty.util.concurrent.AbstractEventExecutor.safeExecute(AbstractEventExecutor.java:164)
[2025-05-01T17:41:44.105+0000] {spark_submit.py:644} INFO - at io.netty.util.concurrent.SingleThreadEventExecutor.runAllTasks(SingleThreadEventExecutor.java:469)
[2025-05-01T17:41:44.106+0000] {spark_submit.py:644} INFO - at io.netty.channel.nio.NioEventLoop.run(NioEventLoop.java:503)
[2025-05-01T17:41:44.106+0000] {spark_submit.py:644} INFO - at io.netty.util.concurrent.SingleThreadEventExecutor$4.run(SingleThreadEventExecutor.java:986)
[2025-05-01T17:41:44.106+0000] {spark_submit.py:644} INFO - at io.netty.util.internal.ThreadExecutorMap$2.run(ThreadExecutorMap.java:74)
[2025-05-01T17:41:44.106+0000] {spark_submit.py:644} INFO - at io.netty.util.concurrent.FastThreadLocalRunnable.run(FastThreadLocalRunnable.java:30)
[2025-05-01T17:41:44.106+0000] {spark_submit.py:644} INFO - ... 1 more
[2025-05-01T17:42:00.628+0000] {spark_submit.py:644} INFO - 25/05/01 17:42:00 INFO StandaloneAppClient$ClientEndpoint: Connecting to master spark://spark-master:7077...
[2025-05-01T17:42:03.962+0000] {spark_submit.py:644} INFO - 25/05/01 17:42:03 WARN TransportClientFactory: DNS resolution failed for spark-master/<unresolved>:7077 took 3332 ms
[2025-05-01T17:42:03.968+0000] {spark_submit.py:644} INFO - 25/05/01 17:42:03 WARN StandaloneAppClient$ClientEndpoint: Failed to connect to master spark-master:7077
[2025-05-01T17:42:03.969+0000] {spark_submit.py:644} INFO - org.apache.spark.SparkException: Exception thrown in awaitResult:
[2025-05-01T17:42:03.969+0000] {spark_submit.py:644} INFO - at org.apache.spark.util.ThreadUtils$.awaitResult(ThreadUtils.scala:301)
[2025-05-01T17:42:03.969+0000] {spark_submit.py:644} INFO - at org.apache.spark.rpc.RpcTimeout.awaitResult(RpcTimeout.scala:75)
[2025-05-01T17:42:03.969+0000] {spark_submit.py:644} INFO - at org.apache.spark.rpc.RpcEnv.setupEndpointRefByURI(RpcEnv.scala:102)
[2025-05-01T17:42:03.969+0000] {spark_submit.py:644} INFO - at org.apache.spark.rpc.RpcEnv.setupEndpointRef(RpcEnv.scala:110)
[2025-05-01T17:42:03.970+0000] {spark_submit.py:644} INFO - at org.apache.spark.deploy.client.StandaloneAppClient$ClientEndpoint$$anon$1.run(StandaloneAppClient.scala:107)
[2025-05-01T17:42:03.970+0000] {spark_submit.py:644} INFO - at java.base/java.util.concurrent.Executors$RunnableAdapter.call(Executors.java:539)
[2025-05-01T17:42:03.970+0000] {spark_submit.py:644} INFO - at java.base/java.util.concurrent.FutureTask.run(FutureTask.java:264)
[2025-05-01T17:42:03.970+0000] {spark_submit.py:644} INFO - at java.base/java.util.concurrent.ThreadPoolExecutor.runWorker(ThreadPoolExecutor.java:1136)
[2025-05-01T17:42:03.970+0000] {spark_submit.py:644} INFO - at java.base/java.util.concurrent.ThreadPoolExecutor$Worker.run(ThreadPoolExecutor.java:635)
[2025-05-01T17:42:03.970+0000] {spark_submit.py:644} INFO - at java.base/java.lang.Thread.run(Thread.java:840)
[2025-05-01T17:42:03.971+0000] {spark_submit.py:644} INFO - Caused by: java.io.IOException: Failed to connect to spark-master/<unresolved>:7077
[2025-05-01T17:42:03.971+0000] {spark_submit.py:644} INFO - at org.apache.spark.network.client.TransportClientFactory.createClient(TransportClientFactory.java:288)
[2025-05-01T17:42:03.971+0000] {spark_submit.py:644} INFO - at org.apache.spark.network.client.TransportClientFactory.createClient(TransportClientFactory.java:218)
[2025-05-01T17:42:03.971+0000] {spark_submit.py:644} INFO - at org.apache.spark.network.client.TransportClientFactory.createClient(TransportClientFactory.java:230)
[2025-05-01T17:42:03.971+0000] {spark_submit.py:644} INFO - at org.apache.spark.rpc.netty.NettyRpcEnv.createClient(NettyRpcEnv.scala:204)
[2025-05-01T17:42:03.971+0000] {spark_submit.py:644} INFO - at org.apache.spark.rpc.netty.Outbox$$anon$1.call(Outbox.scala:202)
[2025-05-01T17:42:03.972+0000] {spark_submit.py:644} INFO - at org.apache.spark.rpc.netty.Outbox$$anon$1.call(Outbox.scala:198)
[2025-05-01T17:42:03.972+0000] {spark_submit.py:644} INFO - ... 4 more
[2025-05-01T17:42:03.972+0000] {spark_submit.py:644} INFO - Caused by: java.net.UnknownHostException: spark-master
[2025-05-01T17:42:03.972+0000] {spark_submit.py:644} INFO - at java.base/java.net.InetAddress$CachedAddresses.get(InetAddress.java:801)
[2025-05-01T17:42:03.972+0000] {spark_submit.py:644} INFO - at java.base/java.net.InetAddress.getAllByName0(InetAddress.java:1533)
[2025-05-01T17:42:03.972+0000] {spark_submit.py:644} INFO - at java.base/java.net.InetAddress.getAllByName(InetAddress.java:1385)
[2025-05-01T17:42:03.973+0000] {spark_submit.py:644} INFO - at java.base/java.net.InetAddress.getAllByName(InetAddress.java:1306)
[2025-05-01T17:42:03.973+0000] {spark_submit.py:644} INFO - at java.base/java.net.InetAddress.getByName(InetAddress.java:1256)
[2025-05-01T17:42:03.973+0000] {spark_submit.py:644} INFO - at io.netty.util.internal.SocketUtils$8.run(SocketUtils.java:156)
[2025-05-01T17:42:03.973+0000] {spark_submit.py:644} INFO - at io.netty.util.internal.SocketUtils$8.run(SocketUtils.java:153)
[2025-05-01T17:42:03.973+0000] {spark_submit.py:644} INFO - at java.base/java.security.AccessController.doPrivileged(AccessController.java:569)
[2025-05-01T17:42:03.973+0000] {spark_submit.py:644} INFO - at io.netty.util.internal.SocketUtils.addressByName(SocketUtils.java:153)
[2025-05-01T17:42:03.973+0000] {spark_submit.py:644} INFO - at io.netty.resolver.DefaultNameResolver.doResolve(DefaultNameResolver.java:41)
[2025-05-01T17:42:03.974+0000] {spark_submit.py:644} INFO - at io.netty.resolver.SimpleNameResolver.resolve(SimpleNameResolver.java:61)
[2025-05-01T17:42:03.974+0000] {spark_submit.py:644} INFO - at io.netty.resolver.SimpleNameResolver.resolve(SimpleNameResolver.java:53)
[2025-05-01T17:42:03.974+0000] {spark_submit.py:644} INFO - at io.netty.resolver.InetSocketAddressResolver.doResolve(InetSocketAddressResolver.java:55)
[2025-05-01T17:42:03.974+0000] {spark_submit.py:644} INFO - at io.netty.resolver.InetSocketAddressResolver.doResolve(InetSocketAddressResolver.java:31)
[2025-05-01T17:42:03.974+0000] {spark_submit.py:644} INFO - at io.netty.resolver.AbstractAddressResolver.resolve(AbstractAddressResolver.java:106)
[2025-05-01T17:42:03.974+0000] {spark_submit.py:644} INFO - at io.netty.bootstrap.Bootstrap.doResolveAndConnect0(Bootstrap.java:206)
[2025-05-01T17:42:03.974+0000] {spark_submit.py:644} INFO - at io.netty.bootstrap.Bootstrap.access$000(Bootstrap.java:46)
[2025-05-01T17:42:03.974+0000] {spark_submit.py:644} INFO - at io.netty.bootstrap.Bootstrap$1.operationComplete(Bootstrap.java:180)
[2025-05-01T17:42:03.975+0000] {spark_submit.py:644} INFO - at io.netty.bootstrap.Bootstrap$1.operationComplete(Bootstrap.java:166)
[2025-05-01T17:42:03.975+0000] {spark_submit.py:644} INFO - at io.netty.util.concurrent.DefaultPromise.notifyListener0(DefaultPromise.java:578)
[2025-05-01T17:42:03.975+0000] {spark_submit.py:644} INFO - at io.netty.util.concurrent.DefaultPromise.notifyListenersNow(DefaultPromise.java:552)
[2025-05-01T17:42:03.975+0000] {spark_submit.py:644} INFO - at io.netty.util.concurrent.DefaultPromise.notifyListeners(DefaultPromise.java:491)
[2025-05-01T17:42:03.975+0000] {spark_submit.py:644} INFO - at io.netty.util.concurrent.DefaultPromise.setValue0(DefaultPromise.java:616)
[2025-05-01T17:42:03.975+0000] {spark_submit.py:644} INFO - at io.netty.util.concurrent.DefaultPromise.setSuccess0(DefaultPromise.java:605)
[2025-05-01T17:42:03.975+0000] {spark_submit.py:644} INFO - at io.netty.util.concurrent.DefaultPromise.trySuccess(DefaultPromise.java:104)
[2025-05-01T17:42:03.975+0000] {spark_submit.py:644} INFO - at io.netty.channel.DefaultChannelPromise.trySuccess(DefaultChannelPromise.java:84)
[2025-05-01T17:42:03.975+0000] {spark_submit.py:644} INFO - at io.netty.channel.AbstractChannel$AbstractUnsafe.safeSetSuccess(AbstractChannel.java:990)
[2025-05-01T17:42:03.975+0000] {spark_submit.py:644} INFO - at io.netty.channel.AbstractChannel$AbstractUnsafe.register0(AbstractChannel.java:516)
[2025-05-01T17:42:03.975+0000] {spark_submit.py:644} INFO - at io.netty.channel.AbstractChannel$AbstractUnsafe.access$200(AbstractChannel.java:429)
[2025-05-01T17:42:03.975+0000] {spark_submit.py:644} INFO - at io.netty.channel.AbstractChannel$AbstractUnsafe$1.run(AbstractChannel.java:486)
[2025-05-01T17:42:03.976+0000] {spark_submit.py:644} INFO - at io.netty.util.concurrent.AbstractEventExecutor.safeExecute(AbstractEventExecutor.java:164)
[2025-05-01T17:42:03.976+0000] {spark_submit.py:644} INFO - at io.netty.util.concurrent.SingleThreadEventExecutor.runAllTasks(SingleThreadEventExecutor.java:469)
[2025-05-01T17:42:03.976+0000] {spark_submit.py:644} INFO - at io.netty.channel.nio.NioEventLoop.run(NioEventLoop.java:503)
[2025-05-01T17:42:03.976+0000] {spark_submit.py:644} INFO - at io.netty.util.concurrent.SingleThreadEventExecutor$4.run(SingleThreadEventExecutor.java:986)
[2025-05-01T17:42:03.976+0000] {spark_submit.py:644} INFO - at io.netty.util.internal.ThreadExecutorMap$2.run(ThreadExecutorMap.java:74)
[2025-05-01T17:42:03.976+0000] {spark_submit.py:644} INFO - at io.netty.util.concurrent.FastThreadLocalRunnable.run(FastThreadLocalRunnable.java:30)
[2025-05-01T17:42:03.976+0000] {spark_submit.py:644} INFO - ... 1 more
[2025-05-01T17:42:20.586+0000] {spark_submit.py:644} INFO - 25/05/01 17:42:20 INFO StandaloneAppClient$ClientEndpoint: Connecting to master spark://spark-master:7077...
[2025-05-01T17:42:23.894+0000] {spark_submit.py:644} INFO - 25/05/01 17:42:23 WARN TransportClientFactory: DNS resolution failed for spark-master/<unresolved>:7077 took 3306 ms
[2025-05-01T17:42:23.898+0000] {spark_submit.py:644} INFO - 25/05/01 17:42:23 WARN StandaloneAppClient$ClientEndpoint: Failed to connect to master spark-master:7077
[2025-05-01T17:42:23.898+0000] {spark_submit.py:644} INFO - org.apache.spark.SparkException: Exception thrown in awaitResult:
[2025-05-01T17:42:23.898+0000] {spark_submit.py:644} INFO - at org.apache.spark.util.ThreadUtils$.awaitResult(ThreadUtils.scala:301)
[2025-05-01T17:42:23.899+0000] {spark_submit.py:644} INFO - at org.apache.spark.rpc.RpcTimeout.awaitResult(RpcTimeout.scala:75)
[2025-05-01T17:42:23.899+0000] {spark_submit.py:644} INFO - at org.apache.spark.rpc.RpcEnv.setupEndpointRefByURI(RpcEnv.scala:102)
[2025-05-01T17:42:23.899+0000] {spark_submit.py:644} INFO - at org.apache.spark.rpc.RpcEnv.setupEndpointRef(RpcEnv.scala:110)
[2025-05-01T17:42:23.899+0000] {spark_submit.py:644} INFO - at org.apache.spark.deploy.client.StandaloneAppClient$ClientEndpoint$$anon$1.run(StandaloneAppClient.scala:107)
[2025-05-01T17:42:23.899+0000] {spark_submit.py:644} INFO - at java.base/java.util.concurrent.Executors$RunnableAdapter.call(Executors.java:539)
[2025-05-01T17:42:23.899+0000] {spark_submit.py:644} INFO - at java.base/java.util.concurrent.FutureTask.run(FutureTask.java:264)
[2025-05-01T17:42:23.899+0000] {spark_submit.py:644} INFO - at java.base/java.util.concurrent.ThreadPoolExecutor.runWorker(ThreadPoolExecutor.java:1136)
[2025-05-01T17:42:23.899+0000] {spark_submit.py:644} INFO - at java.base/java.util.concurrent.ThreadPoolExecutor$Worker.run(ThreadPoolExecutor.java:635)
[2025-05-01T17:42:23.900+0000] {spark_submit.py:644} INFO - at java.base/java.lang.Thread.run(Thread.java:840)
[2025-05-01T17:42:23.900+0000] {spark_submit.py:644} INFO - Caused by: java.io.IOException: Failed to connect to spark-master/<unresolved>:7077
[2025-05-01T17:42:23.900+0000] {spark_submit.py:644} INFO - at org.apache.spark.network.client.TransportClientFactory.createClient(TransportClientFactory.java:288)
[2025-05-01T17:42:23.900+0000] {spark_submit.py:644} INFO - at org.apache.spark.network.client.TransportClientFactory.createClient(TransportClientFactory.java:218)
[2025-05-01T17:42:23.900+0000] {spark_submit.py:644} INFO - at org.apache.spark.network.client.TransportClientFactory.createClient(TransportClientFactory.java:230)
[2025-05-01T17:42:23.900+0000] {spark_submit.py:644} INFO - at org.apache.spark.rpc.netty.NettyRpcEnv.createClient(NettyRpcEnv.scala:204)
[2025-05-01T17:42:23.900+0000] {spark_submit.py:644} INFO - at org.apache.spark.rpc.netty.Outbox$$anon$1.call(Outbox.scala:202)
[2025-05-01T17:42:23.900+0000] {spark_submit.py:644} INFO - at org.apache.spark.rpc.netty.Outbox$$anon$1.call(Outbox.scala:198)
[2025-05-01T17:42:23.900+0000] {spark_submit.py:644} INFO - ... 4 more
[2025-05-01T17:42:23.900+0000] {spark_submit.py:644} INFO - Caused by: java.net.UnknownHostException: spark-master
[2025-05-01T17:42:23.900+0000] {spark_submit.py:644} INFO - at java.base/java.net.InetAddress$CachedAddresses.get(InetAddress.java:801)
[2025-05-01T17:42:23.901+0000] {spark_submit.py:644} INFO - at java.base/java.net.InetAddress.getAllByName0(InetAddress.java:1533)
[2025-05-01T17:42:23.901+0000] {spark_submit.py:644} INFO - at java.base/java.net.InetAddress.getAllByName(InetAddress.java:1385)
[2025-05-01T17:42:23.901+0000] {spark_submit.py:644} INFO - at java.base/java.net.InetAddress.getAllByName(InetAddress.java:1306)
[2025-05-01T17:42:23.901+0000] {spark_submit.py:644} INFO - at java.base/java.net.InetAddress.getByName(InetAddress.java:1256)
[2025-05-01T17:42:23.901+0000] {spark_submit.py:644} INFO - at io.netty.util.internal.SocketUtils$8.run(SocketUtils.java:156)
[2025-05-01T17:42:23.901+0000] {spark_submit.py:644} INFO - at io.netty.util.internal.SocketUtils$8.run(SocketUtils.java:153)
[2025-05-01T17:42:23.901+0000] {spark_submit.py:644} INFO - at java.base/java.security.AccessController.doPrivileged(AccessController.java:569)
[2025-05-01T17:42:23.901+0000] {spark_submit.py:644} INFO - at io.netty.util.internal.SocketUtils.addressByName(SocketUtils.java:153)
[2025-05-01T17:42:23.901+0000] {spark_submit.py:644} INFO - at io.netty.resolver.DefaultNameResolver.doResolve(DefaultNameResolver.java:41)
[2025-05-01T17:42:23.901+0000] {spark_submit.py:644} INFO - at io.netty.resolver.SimpleNameResolver.resolve(SimpleNameResolver.java:61)
[2025-05-01T17:42:23.901+0000] {spark_submit.py:644} INFO - at io.netty.resolver.SimpleNameResolver.resolve(SimpleNameResolver.java:53)
[2025-05-01T17:42:23.901+0000] {spark_submit.py:644} INFO - at io.netty.resolver.InetSocketAddressResolver.doResolve(InetSocketAddressResolver.java:55)
[2025-05-01T17:42:23.901+0000] {spark_submit.py:644} INFO - at io.netty.resolver.InetSocketAddressResolver.doResolve(InetSocketAddressResolver.java:31)
[2025-05-01T17:42:23.902+0000] {spark_submit.py:644} INFO - at io.netty.resolver.AbstractAddressResolver.resolve(AbstractAddressResolver.java:106)
[2025-05-01T17:42:23.902+0000] {spark_submit.py:644} INFO - at io.netty.bootstrap.Bootstrap.doResolveAndConnect0(Bootstrap.java:206)
[2025-05-01T17:42:23.902+0000] {spark_submit.py:644} INFO - at io.netty.bootstrap.Bootstrap.access$000(Bootstrap.java:46)
[2025-05-01T17:42:23.902+0000] {spark_submit.py:644} INFO - at io.netty.bootstrap.Bootstrap$1.operationComplete(Bootstrap.java:180)
[2025-05-01T17:42:23.902+0000] {spark_submit.py:644} INFO - at io.netty.bootstrap.Bootstrap$1.operationComplete(Bootstrap.java:166)
[2025-05-01T17:42:23.902+0000] {spark_submit.py:644} INFO - at io.netty.util.concurrent.DefaultPromise.notifyListener0(DefaultPromise.java:578)
[2025-05-01T17:42:23.902+0000] {spark_submit.py:644} INFO - at io.netty.util.concurrent.DefaultPromise.notifyListenersNow(DefaultPromise.java:552)
[2025-05-01T17:42:23.902+0000] {spark_submit.py:644} INFO - at io.netty.util.concurrent.DefaultPromise.notifyListeners(DefaultPromise.java:491)
[2025-05-01T17:42:23.902+0000] {spark_submit.py:644} INFO - at io.netty.util.concurrent.DefaultPromise.setValue0(DefaultPromise.java:616)
[2025-05-01T17:42:23.902+0000] {spark_submit.py:644} INFO - at io.netty.util.concurrent.DefaultPromise.setSuccess0(DefaultPromise.java:605)
[2025-05-01T17:42:23.902+0000] {spark_submit.py:644} INFO - at io.netty.util.concurrent.DefaultPromise.trySuccess(DefaultPromise.java:104)
[2025-05-01T17:42:23.903+0000] {spark_submit.py:644} INFO - at io.netty.channel.DefaultChannelPromise.trySuccess(DefaultChannelPromise.java:84)
[2025-05-01T17:42:23.903+0000] {spark_submit.py:644} INFO - at io.netty.channel.AbstractChannel$AbstractUnsafe.safeSetSuccess(AbstractChannel.java:990)
[2025-05-01T17:42:23.903+0000] {spark_submit.py:644} INFO - at io.netty.channel.AbstractChannel$AbstractUnsafe.register0(AbstractChannel.java:516)
[2025-05-01T17:42:23.903+0000] {spark_submit.py:644} INFO - at io.netty.channel.AbstractChannel$AbstractUnsafe.access$200(AbstractChannel.java:429)
[2025-05-01T17:42:23.903+0000] {spark_submit.py:644} INFO - at io.netty.channel.AbstractChannel$AbstractUnsafe$1.run(AbstractChannel.java:486)
[2025-05-01T17:42:23.903+0000] {spark_submit.py:644} INFO - at io.netty.util.concurrent.AbstractEventExecutor.safeExecute(AbstractEventExecutor.java:164)
[2025-05-01T17:42:23.903+0000] {spark_submit.py:644} INFO - at io.netty.util.concurrent.SingleThreadEventExecutor.runAllTasks(SingleThreadEventExecutor.java:469)
[2025-05-01T17:42:23.903+0000] {spark_submit.py:644} INFO - at io.netty.channel.nio.NioEventLoop.run(NioEventLoop.java:503)
[2025-05-01T17:42:23.903+0000] {spark_submit.py:644} INFO - at io.netty.util.concurrent.SingleThreadEventExecutor$4.run(SingleThreadEventExecutor.java:986)
[2025-05-01T17:42:23.904+0000] {spark_submit.py:644} INFO - at io.netty.util.internal.ThreadExecutorMap$2.run(ThreadExecutorMap.java:74)
[2025-05-01T17:42:23.904+0000] {spark_submit.py:644} INFO - at io.netty.util.concurrent.FastThreadLocalRunnable.run(FastThreadLocalRunnable.java:30)
[2025-05-01T17:42:23.904+0000] {spark_submit.py:644} INFO - ... 1 more
[2025-05-01T17:42:40.617+0000] {spark_submit.py:644} INFO - 25/05/01 17:42:40 ERROR StandaloneSchedulerBackend: Application has been killed. Reason: All masters are unresponsive! Giving up.
[2025-05-01T17:42:40.617+0000] {spark_submit.py:644} INFO - 25/05/01 17:42:40 WARN StandaloneSchedulerBackend: Application ID is not initialized yet.
[2025-05-01T17:42:40.627+0000] {spark_submit.py:644} INFO - 25/05/01 17:42:40 INFO Utils: Successfully started service 'org.apache.spark.network.netty.NettyBlockTransferService' on port 41457.
[2025-05-01T17:42:40.627+0000] {spark_submit.py:644} INFO - 25/05/01 17:42:40 INFO NettyBlockTransferService: Server created on 5dc6ae9cc66f:41457
[2025-05-01T17:42:40.629+0000] {spark_submit.py:644} INFO - 25/05/01 17:42:40 INFO BlockManager: Using org.apache.spark.storage.RandomBlockReplicationPolicy for block replication policy
[2025-05-01T17:42:40.632+0000] {spark_submit.py:644} INFO - 25/05/01 17:42:40 INFO SparkUI: Stopped Spark web UI at http://5dc6ae9cc66f:4040
[2025-05-01T17:42:40.636+0000] {spark_submit.py:644} INFO - 25/05/01 17:42:40 INFO BlockManagerMaster: Registering BlockManager BlockManagerId(driver, 5dc6ae9cc66f, 41457, None)
[2025-05-01T17:42:40.636+0000] {spark_submit.py:644} INFO - 25/05/01 17:42:40 INFO StandaloneSchedulerBackend: Shutting down all executors
[2025-05-01T17:42:40.638+0000] {spark_submit.py:644} INFO - 25/05/01 17:42:40 INFO BlockManagerMasterEndpoint: Registering block manager 5dc6ae9cc66f:41457 with 434.4 MiB RAM, BlockManagerId(driver, 5dc6ae9cc66f, 41457, None)
[2025-05-01T17:42:40.639+0000] {spark_submit.py:644} INFO - 25/05/01 17:42:40 INFO CoarseGrainedSchedulerBackend$DriverEndpoint: Asking each executor to shut down
[2025-05-01T17:42:40.640+0000] {spark_submit.py:644} INFO - 25/05/01 17:42:40 INFO BlockManagerMaster: Registered BlockManager BlockManagerId(driver, 5dc6ae9cc66f, 41457, None)
[2025-05-01T17:42:40.641+0000] {spark_submit.py:644} INFO - 25/05/01 17:42:40 INFO BlockManager: Initialized BlockManager: BlockManagerId(driver, 5dc6ae9cc66f, 41457, None)
[2025-05-01T17:42:40.643+0000] {spark_submit.py:644} INFO - 25/05/01 17:42:40 WARN StandaloneAppClient$ClientEndpoint: Drop UnregisterApplication(null) because has not yet connected to master
[2025-05-01T17:42:40.651+0000] {spark_submit.py:644} INFO - 25/05/01 17:42:40 INFO MapOutputTrackerMasterEndpoint: MapOutputTrackerMasterEndpoint stopped!
[2025-05-01T17:42:40.664+0000] {spark_submit.py:644} INFO - 25/05/01 17:42:40 INFO MemoryStore: MemoryStore cleared
[2025-05-01T17:42:40.665+0000] {spark_submit.py:644} INFO - 25/05/01 17:42:40 INFO BlockManager: BlockManager stopped
[2025-05-01T17:42:40.669+0000] {spark_submit.py:644} INFO - 25/05/01 17:42:40 INFO BlockManagerMaster: BlockManagerMaster stopped
[2025-05-01T17:42:40.672+0000] {spark_submit.py:644} INFO - 25/05/01 17:42:40 INFO OutputCommitCoordinator$OutputCommitCoordinatorEndpoint: OutputCommitCoordinator stopped!
[2025-05-01T17:42:40.682+0000] {spark_submit.py:644} INFO - 25/05/01 17:42:40 INFO SparkContext: Successfully stopped SparkContext
[2025-05-01T17:42:40.789+0000] {spark_submit.py:644} INFO - 25/05/01 17:42:40 ERROR AsyncEventQueue: Listener AppStatusListener threw an exception
[2025-05-01T17:42:40.790+0000] {spark_submit.py:644} INFO - java.lang.NullPointerException: Cannot invoke "org.apache.spark.status.api.v1.ApplicationInfo.attempts()" because the return value of "org.apache.spark.status.AppStatusListener.appInfo()" is null
[2025-05-01T17:42:40.790+0000] {spark_submit.py:644} INFO - at org.apache.spark.status.AppStatusListener.onApplicationEnd(AppStatusListener.scala:192)
[2025-05-01T17:42:40.790+0000] {spark_submit.py:644} INFO - at org.apache.spark.scheduler.SparkListenerBus.doPostEvent(SparkListenerBus.scala:57)
[2025-05-01T17:42:40.790+0000] {spark_submit.py:644} INFO - at org.apache.spark.scheduler.SparkListenerBus.doPostEvent$(SparkListenerBus.scala:28)
[2025-05-01T17:42:40.790+0000] {spark_submit.py:644} INFO - at org.apache.spark.scheduler.AsyncEventQueue.doPostEvent(AsyncEventQueue.scala:37)
[2025-05-01T17:42:40.790+0000] {spark_submit.py:644} INFO - at org.apache.spark.scheduler.AsyncEventQueue.doPostEvent(AsyncEventQueue.scala:37)
[2025-05-01T17:42:40.790+0000] {spark_submit.py:644} INFO - at org.apache.spark.util.ListenerBus.postToAll(ListenerBus.scala:117)
[2025-05-01T17:42:40.790+0000] {spark_submit.py:644} INFO - at org.apache.spark.util.ListenerBus.postToAll$(ListenerBus.scala:101)
[2025-05-01T17:42:40.791+0000] {spark_submit.py:644} INFO - at org.apache.spark.scheduler.AsyncEventQueue.super$postToAll(AsyncEventQueue.scala:105)
[2025-05-01T17:42:40.791+0000] {spark_submit.py:644} INFO - at org.apache.spark.scheduler.AsyncEventQueue.$anonfun$dispatch$1(AsyncEventQueue.scala:105)
[2025-05-01T17:42:40.791+0000] {spark_submit.py:644} INFO - at scala.runtime.java8.JFunction0$mcJ$sp.apply(JFunction0$mcJ$sp.java:23)
[2025-05-01T17:42:40.791+0000] {spark_submit.py:644} INFO - at scala.util.DynamicVariable.withValue(DynamicVariable.scala:62)
[2025-05-01T17:42:40.791+0000] {spark_submit.py:644} INFO - at org.apache.spark.scheduler.AsyncEventQueue.org$apache$spark$scheduler$AsyncEventQueue$$dispatch(AsyncEventQueue.scala:100)
[2025-05-01T17:42:40.791+0000] {spark_submit.py:644} INFO - at org.apache.spark.scheduler.AsyncEventQueue$$anon$2.$anonfun$run$1(AsyncEventQueue.scala:96)
[2025-05-01T17:42:40.791+0000] {spark_submit.py:644} INFO - at org.apache.spark.util.Utils$.tryOrStopSparkContext(Utils.scala:1446)
[2025-05-01T17:42:40.791+0000] {spark_submit.py:644} INFO - at org.apache.spark.scheduler.AsyncEventQueue$$anon$2.run(AsyncEventQueue.scala:96)
[2025-05-01T17:42:40.796+0000] {spark_submit.py:644} INFO - 25/05/01 17:42:40 ERROR SparkContext: Error initializing SparkContext.
[2025-05-01T17:42:40.796+0000] {spark_submit.py:644} INFO - java.lang.IllegalArgumentException: requirement failed: Can only call getServletHandlers on a running MetricsSystem
[2025-05-01T17:42:40.796+0000] {spark_submit.py:644} INFO - at scala.Predef$.require(Predef.scala:281)
[2025-05-01T17:42:40.796+0000] {spark_submit.py:644} INFO - at org.apache.spark.metrics.MetricsSystem.getServletHandlers(MetricsSystem.scala:89)
[2025-05-01T17:42:40.797+0000] {spark_submit.py:644} INFO - at org.apache.spark.SparkContext.<init>(SparkContext.scala:650)
[2025-05-01T17:42:40.797+0000] {spark_submit.py:644} INFO - at org.apache.spark.api.java.JavaSparkContext.<init>(JavaSparkContext.scala:58)
[2025-05-01T17:42:40.797+0000] {spark_submit.py:644} INFO - at java.base/jdk.internal.reflect.NativeConstructorAccessorImpl.newInstance0(Native Method)
[2025-05-01T17:42:40.797+0000] {spark_submit.py:644} INFO - at java.base/jdk.internal.reflect.NativeConstructorAccessorImpl.newInstance(NativeConstructorAccessorImpl.java:77)
[2025-05-01T17:42:40.797+0000] {spark_submit.py:644} INFO - at java.base/jdk.internal.reflect.DelegatingConstructorAccessorImpl.newInstance(DelegatingConstructorAccessorImpl.java:45)
[2025-05-01T17:42:40.797+0000] {spark_submit.py:644} INFO - at java.base/java.lang.reflect.Constructor.newInstanceWithCaller(Constructor.java:500)
[2025-05-01T17:42:40.797+0000] {spark_submit.py:644} INFO - at java.base/java.lang.reflect.Constructor.newInstance(Constructor.java:481)
[2025-05-01T17:42:40.797+0000] {spark_submit.py:644} INFO - at py4j.reflection.MethodInvoker.invoke(MethodInvoker.java:247)
[2025-05-01T17:42:40.797+0000] {spark_submit.py:644} INFO - at py4j.reflection.ReflectionEngine.invoke(ReflectionEngine.java:357)
[2025-05-01T17:42:40.797+0000] {spark_submit.py:644} INFO - at py4j.Gateway.invoke(Gateway.java:238)
[2025-05-01T17:42:40.797+0000] {spark_submit.py:644} INFO - at py4j.commands.ConstructorCommand.invokeConstructor(ConstructorCommand.java:80)
[2025-05-01T17:42:40.797+0000] {spark_submit.py:644} INFO - at py4j.commands.ConstructorCommand.execute(ConstructorCommand.java:69)
[2025-05-01T17:42:40.797+0000] {spark_submit.py:644} INFO - at py4j.ClientServerConnection.waitForCommands(ClientServerConnection.java:182)
[2025-05-01T17:42:40.797+0000] {spark_submit.py:644} INFO - at py4j.ClientServerConnection.run(ClientServerConnection.java:106)
[2025-05-01T17:42:40.798+0000] {spark_submit.py:644} INFO - at java.base/java.lang.Thread.run(Thread.java:840)
[2025-05-01T17:42:40.798+0000] {spark_submit.py:644} INFO - 25/05/01 17:42:40 INFO SparkContext: SparkContext already stopped.
[2025-05-01T17:42:40.798+0000] {spark_submit.py:644} INFO - Traceback (most recent call last):
[2025-05-01T17:42:40.798+0000] {spark_submit.py:644} INFO - File "/opt/airflow/dags/landing_to_bronze.py", line 55, in <module>
[2025-05-01T17:42:40.798+0000] {spark_submit.py:644} INFO - main()
[2025-05-01T17:42:40.798+0000] {spark_submit.py:644} INFO - File "/opt/airflow/dags/landing_to_bronze.py", line 24, in main
[2025-05-01T17:42:40.798+0000] {spark_submit.py:644} INFO - .getOrCreate()
[2025-05-01T17:42:40.798+0000] {spark_submit.py:644} INFO - File "/home/airflow/.local/lib/python3.10/site-packages/pyspark/python/lib/pyspark.zip/pyspark/sql/session.py", line 269, in getOrCreate
[2025-05-01T17:42:40.798+0000] {spark_submit.py:644} INFO - File "/home/airflow/.local/lib/python3.10/site-packages/pyspark/python/lib/pyspark.zip/pyspark/context.py", line 483, in getOrCreate
[2025-05-01T17:42:40.798+0000] {spark_submit.py:644} INFO - File "/home/airflow/.local/lib/python3.10/site-packages/pyspark/python/lib/pyspark.zip/pyspark/context.py", line 197, in __init__
[2025-05-01T17:42:40.798+0000] {spark_submit.py:644} INFO - File "/home/airflow/.local/lib/python3.10/site-packages/pyspark/python/lib/pyspark.zip/pyspark/context.py", line 282, in _do_init
[2025-05-01T17:42:40.798+0000] {spark_submit.py:644} INFO - File "/home/airflow/.local/lib/python3.10/site-packages/pyspark/python/lib/pyspark.zip/pyspark/context.py", line 402, in _initialize_context
[2025-05-01T17:42:40.799+0000] {spark_submit.py:644} INFO - File "/home/airflow/.local/lib/python3.10/site-packages/pyspark/python/lib/py4j-0.10.9.5-src.zip/py4j/java_gateway.py", line 1585, in __call__
[2025-05-01T17:42:40.799+0000] {spark_submit.py:644} INFO - File "/home/airflow/.local/lib/python3.10/site-packages/pyspark/python/lib/py4j-0.10.9.5-src.zip/py4j/protocol.py", line 326, in get_return_value
[2025-05-01T17:42:40.799+0000] {spark_submit.py:644} INFO - py4j.protocol.Py4JJavaError: An error occurred while calling None.org.apache.spark.api.java.JavaSparkContext.
[2025-05-01T17:42:40.799+0000] {spark_submit.py:644} INFO - : java.lang.IllegalArgumentException: requirement failed: Can only call getServletHandlers on a running MetricsSystem
[2025-05-01T17:42:40.799+0000] {spark_submit.py:644} INFO - at scala.Predef$.require(Predef.scala:281)
[2025-05-01T17:42:40.799+0000] {spark_submit.py:644} INFO - at org.apache.spark.metrics.MetricsSystem.getServletHandlers(MetricsSystem.scala:89)
[2025-05-01T17:42:40.799+0000] {spark_submit.py:644} INFO - at org.apache.spark.SparkContext.<init>(SparkContext.scala:650)
[2025-05-01T17:42:40.799+0000] {spark_submit.py:644} INFO - at org.apache.spark.api.java.JavaSparkContext.<init>(JavaSparkContext.scala:58)
[2025-05-01T17:42:40.799+0000] {spark_submit.py:644} INFO - at java.base/jdk.internal.reflect.NativeConstructorAccessorImpl.newInstance0(Native Method)
[2025-05-01T17:42:40.799+0000] {spark_submit.py:644} INFO - at java.base/jdk.internal.reflect.NativeConstructorAccessorImpl.newInstance(NativeConstructorAccessorImpl.java:77)
[2025-05-01T17:42:40.799+0000] {spark_submit.py:644} INFO - at java.base/jdk.internal.reflect.DelegatingConstructorAccessorImpl.newInstance(DelegatingConstructorAccessorImpl.java:45)
[2025-05-01T17:42:40.799+0000] {spark_submit.py:644} INFO - at java.base/java.lang.reflect.Constructor.newInstanceWithCaller(Constructor.java:500)
[2025-05-01T17:42:40.800+0000] {spark_submit.py:644} INFO - at java.base/java.lang.reflect.Constructor.newInstance(Constructor.java:481)
[2025-05-01T17:42:40.800+0000] {spark_submit.py:644} INFO - at py4j.reflection.MethodInvoker.invoke(MethodInvoker.java:247)
[2025-05-01T17:42:40.800+0000] {spark_submit.py:644} INFO - at py4j.reflection.ReflectionEngine.invoke(ReflectionEngine.java:357)
[2025-05-01T17:42:40.800+0000] {spark_submit.py:644} INFO - at py4j.Gateway.invoke(Gateway.java:238)
[2025-05-01T17:42:40.800+0000] {spark_submit.py:644} INFO - at py4j.commands.ConstructorCommand.invokeConstructor(ConstructorCommand.java:80)
[2025-05-01T17:42:40.800+0000] {spark_submit.py:644} INFO - at py4j.commands.ConstructorCommand.execute(ConstructorCommand.java:69)
[2025-05-01T17:42:40.800+0000] {spark_submit.py:644} INFO - at py4j.ClientServerConnection.waitForCommands(ClientServerConnection.java:182)
[2025-05-01T17:42:40.800+0000] {spark_submit.py:644} INFO - at py4j.ClientServerConnection.run(ClientServerConnection.java:106)
[2025-05-01T17:42:40.800+0000] {spark_submit.py:644} INFO - at java.base/java.lang.Thread.run(Thread.java:840)
[2025-05-01T17:42:40.800+0000] {spark_submit.py:644} INFO - 
[2025-05-01T17:42:40.840+0000] {spark_submit.py:644} INFO - 25/05/01 17:42:40 INFO ShutdownHookManager: Shutdown hook called
[2025-05-01T17:42:40.841+0000] {spark_submit.py:644} INFO - 25/05/01 17:42:40 INFO ShutdownHookManager: Deleting directory /tmp/spark-51fb2e7f-722b-4aec-910e-541c8b3f44f0
[2025-05-01T17:42:40.845+0000] {spark_submit.py:644} INFO - 25/05/01 17:42:40 INFO ShutdownHookManager: Deleting directory /tmp/spark-66f51e15-6d92-43c2-bd87-36ef3008e606
[2025-05-01T17:42:40.891+0000] {taskinstance.py:441} INFO - ::group::Post task execution logs
[2025-05-01T17:42:40.927+0000] {taskinstance.py:2905} ERROR - Task failed with exception
Traceback (most recent call last):
  File "/home/airflow/.local/lib/python3.10/site-packages/airflow/models/taskinstance.py", line 465, in _execute_task
    result = _execute_callable(context=context, **execute_callable_kwargs)
  File "/home/airflow/.local/lib/python3.10/site-packages/airflow/models/taskinstance.py", line 432, in _execute_callable
    return execute_callable(context=context, **execute_callable_kwargs)
  File "/home/airflow/.local/lib/python3.10/site-packages/airflow/models/baseoperator.py", line 400, in wrapper
    return func(self, *args, **kwargs)
  File "/home/airflow/.local/lib/python3.10/site-packages/airflow/providers/apache/spark/operators/spark_submit.py", line 197, in execute
    self._hook.submit(self.application)
  File "/home/airflow/.local/lib/python3.10/site-packages/airflow/providers/apache/spark/hooks/spark_submit.py", line 566, in submit
    raise AirflowException(
airflow.exceptions.AirflowException: Cannot execute: spark-submit --master spark://spark-master:7077 --conf spark.master=spark://spark-master:7077 --name LandingToBronze --verbose --queue root.default --deploy-mode client /opt/airflow/dags/landing_to_bronze.py. Error code is: 1.
[2025-05-01T17:42:40.934+0000] {taskinstance.py:1206} INFO - Marking task as FAILED. dag_id=final_project_BBDL, task_id=LandingToBronze, run_id=manual__2025-05-01T17:41:32.614648+00:00, execution_date=20250501T174132, start_date=20250501T174134, end_date=20250501T174240
[2025-05-01T17:42:40.982+0000] {standard_task_runner.py:110} ERROR - Failed to execute job 7 for task LandingToBronze (Cannot execute: spark-submit --master spark://spark-master:7077 --conf spark.master=spark://spark-master:7077 --name LandingToBronze --verbose --queue root.default --deploy-mode client /opt/airflow/dags/landing_to_bronze.py. Error code is: 1.; 201)
[2025-05-01T17:42:41.036+0000] {local_task_job_runner.py:240} INFO - Task exited with return code 1
[2025-05-01T17:42:41.078+0000] {taskinstance.py:3498} INFO - 0 downstream tasks scheduled from follow-on schedule check
[2025-05-01T17:42:41.105+0000] {local_task_job_runner.py:222} INFO - ::endgroup::
