[2025-05-05T22:25:30.590+0000] {taskinstance.py:1103} INFO - Dependencies all met for dep_context=non-requeueable deps ti=<TaskInstance: final_project_BBDL.SilverToGold manual__2025-05-05T22:24:00.633696+00:00 [queued]>
[2025-05-05T22:25:30.605+0000] {taskinstance.py:1103} INFO - Dependencies all met for dep_context=requeueable deps ti=<TaskInstance: final_project_BBDL.SilverToGold manual__2025-05-05T22:24:00.633696+00:00 [queued]>
[2025-05-05T22:25:30.605+0000] {taskinstance.py:1308} INFO - Starting attempt 1 of 1
[2025-05-05T22:25:30.670+0000] {taskinstance.py:1327} INFO - Executing <Task(SparkSubmitOperator): SilverToGold> on 2025-05-05 22:24:00.633696+00:00
[2025-05-05T22:25:30.674+0000] {standard_task_runner.py:57} INFO - Started process 9484 to run task
[2025-05-05T22:25:30.677+0000] {standard_task_runner.py:84} INFO - Running: ['airflow', 'tasks', 'run', 'final_project_BBDL', 'SilverToGold', 'manual__2025-05-05T22:24:00.633696+00:00', '--job-id', '32', '--raw', '--subdir', 'DAGS_FOLDER/project_solution.py', '--cfg-path', '/tmp/tmpcsy1xnim']
[2025-05-05T22:25:30.679+0000] {standard_task_runner.py:85} INFO - Job 32: Subtask SilverToGold
[2025-05-05T22:25:30.722+0000] {logging_mixin.py:150} WARNING - /home/airflow/.local/lib/python3.7/site-packages/airflow/settings.py:195 DeprecationWarning: The sql_alchemy_conn option in [core] has been moved to the sql_alchemy_conn option in [database] - the old setting has been used, but please update your config.
[2025-05-05T22:25:30.765+0000] {task_command.py:410} INFO - Running <TaskInstance: final_project_BBDL.SilverToGold manual__2025-05-05T22:24:00.633696+00:00 [running]> on host b431f09a1fa6
[2025-05-05T22:25:32.536+0000] {taskinstance.py:1547} INFO - Exporting env vars: AIRFLOW_CTX_DAG_OWNER='airflow' AIRFLOW_CTX_DAG_ID='final_project_BBDL' AIRFLOW_CTX_TASK_ID='SilverToGold' AIRFLOW_CTX_EXECUTION_DATE='2025-05-05T22:24:00.633696+00:00' AIRFLOW_CTX_TRY_NUMBER='1' AIRFLOW_CTX_DAG_RUN_ID='manual__2025-05-05T22:24:00.633696+00:00'
[2025-05-05T22:25:32.550+0000] {base.py:73} INFO - Using connection ID 'spark_default' for task execution.
[2025-05-05T22:25:32.553+0000] {spark_submit.py:339} INFO - Spark-Submit cmd: spark-submit --master spark://spark-master:7077 --conf spark.master=spark://spark-master:7077 --name SilverToGold --verbose --queue root.default /opt/airflow/dags/silver_to_gold.py
[2025-05-05T22:25:34.304+0000] {spark_submit.py:490} INFO - Using properties file: null
[2025-05-05T22:25:34.411+0000] {spark_submit.py:490} INFO - Parsed arguments:
[2025-05-05T22:25:34.411+0000] {spark_submit.py:490} INFO - master                  spark://spark-master:7077
[2025-05-05T22:25:34.411+0000] {spark_submit.py:490} INFO - deployMode              null
[2025-05-05T22:25:34.411+0000] {spark_submit.py:490} INFO - executorMemory          null
[2025-05-05T22:25:34.411+0000] {spark_submit.py:490} INFO - executorCores           null
[2025-05-05T22:25:34.412+0000] {spark_submit.py:490} INFO - totalExecutorCores      null
[2025-05-05T22:25:34.412+0000] {spark_submit.py:490} INFO - propertiesFile          null
[2025-05-05T22:25:34.412+0000] {spark_submit.py:490} INFO - driverMemory            null
[2025-05-05T22:25:34.412+0000] {spark_submit.py:490} INFO - driverCores             null
[2025-05-05T22:25:34.412+0000] {spark_submit.py:490} INFO - driverExtraClassPath    null
[2025-05-05T22:25:34.412+0000] {spark_submit.py:490} INFO - driverExtraLibraryPath  null
[2025-05-05T22:25:34.412+0000] {spark_submit.py:490} INFO - driverExtraJavaOptions  null
[2025-05-05T22:25:34.412+0000] {spark_submit.py:490} INFO - supervise               false
[2025-05-05T22:25:34.412+0000] {spark_submit.py:490} INFO - queue                   root.default
[2025-05-05T22:25:34.412+0000] {spark_submit.py:490} INFO - numExecutors            null
[2025-05-05T22:25:34.413+0000] {spark_submit.py:490} INFO - files                   null
[2025-05-05T22:25:34.413+0000] {spark_submit.py:490} INFO - pyFiles                 null
[2025-05-05T22:25:34.413+0000] {spark_submit.py:490} INFO - archives                null
[2025-05-05T22:25:34.413+0000] {spark_submit.py:490} INFO - mainClass               null
[2025-05-05T22:25:34.413+0000] {spark_submit.py:490} INFO - primaryResource         file:/opt/airflow/dags/silver_to_gold.py
[2025-05-05T22:25:34.413+0000] {spark_submit.py:490} INFO - name                    SilverToGold
[2025-05-05T22:25:34.413+0000] {spark_submit.py:490} INFO - childArgs               []
[2025-05-05T22:25:34.413+0000] {spark_submit.py:490} INFO - jars                    null
[2025-05-05T22:25:34.413+0000] {spark_submit.py:490} INFO - packages                null
[2025-05-05T22:25:34.413+0000] {spark_submit.py:490} INFO - packagesExclusions      null
[2025-05-05T22:25:34.413+0000] {spark_submit.py:490} INFO - repositories            null
[2025-05-05T22:25:34.414+0000] {spark_submit.py:490} INFO - verbose                 true
[2025-05-05T22:25:34.414+0000] {spark_submit.py:490} INFO - 
[2025-05-05T22:25:34.414+0000] {spark_submit.py:490} INFO - Spark properties used, including those specified through
[2025-05-05T22:25:34.414+0000] {spark_submit.py:490} INFO - --conf and those from the properties file null:
[2025-05-05T22:25:34.414+0000] {spark_submit.py:490} INFO - (spark.master,spark://spark-master:7077)
[2025-05-05T22:25:34.414+0000] {spark_submit.py:490} INFO - 
[2025-05-05T22:25:34.414+0000] {spark_submit.py:490} INFO - 
[2025-05-05T22:25:34.689+0000] {spark_submit.py:490} INFO - Main class:
[2025-05-05T22:25:34.690+0000] {spark_submit.py:490} INFO - org.apache.spark.deploy.PythonRunner
[2025-05-05T22:25:34.690+0000] {spark_submit.py:490} INFO - Arguments:
[2025-05-05T22:25:34.690+0000] {spark_submit.py:490} INFO - file:/opt/airflow/dags/silver_to_gold.py
[2025-05-05T22:25:34.690+0000] {spark_submit.py:490} INFO - null
[2025-05-05T22:25:34.692+0000] {spark_submit.py:490} INFO - Spark config:
[2025-05-05T22:25:34.693+0000] {spark_submit.py:490} INFO - (spark.app.name,SilverToGold)
[2025-05-05T22:25:34.693+0000] {spark_submit.py:490} INFO - (spark.app.submitTime,1746483934674)
[2025-05-05T22:25:34.693+0000] {spark_submit.py:490} INFO - (spark.master,spark://spark-master:7077)
[2025-05-05T22:25:34.693+0000] {spark_submit.py:490} INFO - (spark.submit.deployMode,client)
[2025-05-05T22:25:34.693+0000] {spark_submit.py:490} INFO - (spark.submit.pyFiles,)
[2025-05-05T22:25:34.693+0000] {spark_submit.py:490} INFO - Classpath elements:
[2025-05-05T22:25:34.693+0000] {spark_submit.py:490} INFO - 
[2025-05-05T22:25:34.694+0000] {spark_submit.py:490} INFO - 
[2025-05-05T22:25:34.694+0000] {spark_submit.py:490} INFO - 
[2025-05-05T22:25:34.750+0000] {spark_submit.py:490} INFO - File "/opt/airflow/dags/silver_to_gold.py", line 36
[2025-05-05T22:25:34.750+0000] {spark_submit.py:490} INFO - logger.error(f"❌ Шлях не існує: {silver_bio_path}")
[2025-05-05T22:25:34.750+0000] {spark_submit.py:490} INFO - ^
[2025-05-05T22:25:34.750+0000] {spark_submit.py:490} INFO - IndentationError: expected an indented block
[2025-05-05T22:25:34.776+0000] {spark_submit.py:490} INFO - 25/05/05 22:25:34 INFO ShutdownHookManager: Shutdown hook called
[2025-05-05T22:25:34.779+0000] {spark_submit.py:490} INFO - 25/05/05 22:25:34 INFO ShutdownHookManager: Deleting directory /tmp/spark-572901b5-5789-4519-af26-13b65511aca4
[2025-05-05T22:25:34.838+0000] {taskinstance.py:1824} ERROR - Task failed with exception
Traceback (most recent call last):
  File "/home/airflow/.local/lib/python3.7/site-packages/airflow/providers/apache/spark/operators/spark_submit.py", line 157, in execute
    self._hook.submit(self._application)
  File "/home/airflow/.local/lib/python3.7/site-packages/airflow/providers/apache/spark/hooks/spark_submit.py", line 422, in submit
    f"Cannot execute: {self._mask_cmd(spark_submit_cmd)}. Error code is: {returncode}."
airflow.exceptions.AirflowException: Cannot execute: spark-submit --master spark://spark-master:7077 --conf spark.master=spark://spark-master:7077 --name SilverToGold --verbose --queue root.default /opt/airflow/dags/silver_to_gold.py. Error code is: 1.
[2025-05-05T22:25:34.882+0000] {taskinstance.py:1350} INFO - Marking task as FAILED. dag_id=final_project_BBDL, task_id=SilverToGold, execution_date=20250505T222400, start_date=20250505T222530, end_date=20250505T222534
[2025-05-05T22:25:35.127+0000] {standard_task_runner.py:109} ERROR - Failed to execute job 32 for task SilverToGold (Cannot execute: spark-submit --master spark://spark-master:7077 --conf spark.master=spark://spark-master:7077 --name SilverToGold --verbose --queue root.default /opt/airflow/dags/silver_to_gold.py. Error code is: 1.; 9484)
[2025-05-05T22:25:35.166+0000] {local_task_job_runner.py:225} INFO - Task exited with return code 1
[2025-05-05T22:25:35.185+0000] {taskinstance.py:2653} INFO - 0 downstream tasks scheduled from follow-on schedule check
