[2025-05-06T16:13:59.027+0000] {taskinstance.py:1103} INFO - Dependencies all met for dep_context=non-requeueable deps ti=<TaskInstance: final_project_BBDL.BronzeToSilver manual__2025-05-06T16:13:33.116003+00:00 [queued]>
[2025-05-06T16:13:59.037+0000] {taskinstance.py:1103} INFO - Dependencies all met for dep_context=requeueable deps ti=<TaskInstance: final_project_BBDL.BronzeToSilver manual__2025-05-06T16:13:33.116003+00:00 [queued]>
[2025-05-06T16:13:59.037+0000] {taskinstance.py:1308} INFO - Starting attempt 1 of 1
[2025-05-06T16:13:59.078+0000] {taskinstance.py:1327} INFO - Executing <Task(SparkSubmitOperator): BronzeToSilver> on 2025-05-06 16:13:33.116003+00:00
[2025-05-06T16:13:59.082+0000] {standard_task_runner.py:57} INFO - Started process 31316 to run task
[2025-05-06T16:13:59.085+0000] {standard_task_runner.py:84} INFO - Running: ['airflow', 'tasks', 'run', 'final_project_BBDL', 'BronzeToSilver', 'manual__2025-05-06T16:13:33.116003+00:00', '--job-id', '61', '--raw', '--subdir', 'DAGS_FOLDER/project_solution.py', '--cfg-path', '/tmp/tmpkkdai7zx']
[2025-05-06T16:13:59.086+0000] {standard_task_runner.py:85} INFO - Job 61: Subtask BronzeToSilver
[2025-05-06T16:13:59.124+0000] {logging_mixin.py:150} WARNING - /home/airflow/.local/lib/python3.7/site-packages/airflow/settings.py:195 DeprecationWarning: The sql_alchemy_conn option in [core] has been moved to the sql_alchemy_conn option in [database] - the old setting has been used, but please update your config.
[2025-05-06T16:13:59.158+0000] {task_command.py:410} INFO - Running <TaskInstance: final_project_BBDL.BronzeToSilver manual__2025-05-06T16:13:33.116003+00:00 [running]> on host b431f09a1fa6
[2025-05-06T16:13:59.289+0000] {taskinstance.py:1547} INFO - Exporting env vars: AIRFLOW_CTX_DAG_OWNER='airflow' AIRFLOW_CTX_DAG_ID='final_project_BBDL' AIRFLOW_CTX_TASK_ID='BronzeToSilver' AIRFLOW_CTX_EXECUTION_DATE='2025-05-06T16:13:33.116003+00:00' AIRFLOW_CTX_TRY_NUMBER='1' AIRFLOW_CTX_DAG_RUN_ID='manual__2025-05-06T16:13:33.116003+00:00'
[2025-05-06T16:13:59.298+0000] {base.py:73} INFO - Using connection ID 'spark_default' for task execution.
[2025-05-06T16:13:59.300+0000] {spark_submit.py:339} INFO - Spark-Submit cmd: spark-submit --master spark://spark-master:7077 --conf spark.master=spark://spark-master:7077 --conf spark.submit.deployMode=client --conf spark.pyspark.python=/usr/bin/python3 --conf spark.executorEnv.PYSPARK_PYTHON=/usr/bin/python3 --name BronzeToSilver --verbose --queue root.default /opt/airflow/dags/bronze_to_silver.py
[2025-05-06T16:14:00.758+0000] {spark_submit.py:490} INFO - Using properties file: null
[2025-05-06T16:14:00.888+0000] {spark_submit.py:490} INFO - Parsed arguments:
[2025-05-06T16:14:00.888+0000] {spark_submit.py:490} INFO - master                  spark://spark-master:7077
[2025-05-06T16:14:00.888+0000] {spark_submit.py:490} INFO - deployMode              client
[2025-05-06T16:14:00.889+0000] {spark_submit.py:490} INFO - executorMemory          null
[2025-05-06T16:14:00.889+0000] {spark_submit.py:490} INFO - executorCores           null
[2025-05-06T16:14:00.889+0000] {spark_submit.py:490} INFO - totalExecutorCores      null
[2025-05-06T16:14:00.889+0000] {spark_submit.py:490} INFO - propertiesFile          null
[2025-05-06T16:14:00.889+0000] {spark_submit.py:490} INFO - driverMemory            null
[2025-05-06T16:14:00.889+0000] {spark_submit.py:490} INFO - driverCores             null
[2025-05-06T16:14:00.889+0000] {spark_submit.py:490} INFO - driverExtraClassPath    null
[2025-05-06T16:14:00.889+0000] {spark_submit.py:490} INFO - driverExtraLibraryPath  null
[2025-05-06T16:14:00.890+0000] {spark_submit.py:490} INFO - driverExtraJavaOptions  null
[2025-05-06T16:14:00.890+0000] {spark_submit.py:490} INFO - supervise               false
[2025-05-06T16:14:00.890+0000] {spark_submit.py:490} INFO - queue                   root.default
[2025-05-06T16:14:00.890+0000] {spark_submit.py:490} INFO - numExecutors            null
[2025-05-06T16:14:00.890+0000] {spark_submit.py:490} INFO - files                   null
[2025-05-06T16:14:00.890+0000] {spark_submit.py:490} INFO - pyFiles                 null
[2025-05-06T16:14:00.890+0000] {spark_submit.py:490} INFO - archives                null
[2025-05-06T16:14:00.890+0000] {spark_submit.py:490} INFO - mainClass               null
[2025-05-06T16:14:00.890+0000] {spark_submit.py:490} INFO - primaryResource         file:/opt/airflow/dags/bronze_to_silver.py
[2025-05-06T16:14:00.890+0000] {spark_submit.py:490} INFO - name                    BronzeToSilver
[2025-05-06T16:14:00.890+0000] {spark_submit.py:490} INFO - childArgs               []
[2025-05-06T16:14:00.891+0000] {spark_submit.py:490} INFO - jars                    null
[2025-05-06T16:14:00.891+0000] {spark_submit.py:490} INFO - packages                null
[2025-05-06T16:14:00.891+0000] {spark_submit.py:490} INFO - packagesExclusions      null
[2025-05-06T16:14:00.891+0000] {spark_submit.py:490} INFO - repositories            null
[2025-05-06T16:14:00.891+0000] {spark_submit.py:490} INFO - verbose                 true
[2025-05-06T16:14:00.891+0000] {spark_submit.py:490} INFO - 
[2025-05-06T16:14:00.891+0000] {spark_submit.py:490} INFO - Spark properties used, including those specified through
[2025-05-06T16:14:00.891+0000] {spark_submit.py:490} INFO - --conf and those from the properties file null:
[2025-05-06T16:14:00.891+0000] {spark_submit.py:490} INFO - (spark.executorEnv.PYSPARK_PYTHON,/usr/bin/python3)
[2025-05-06T16:14:00.891+0000] {spark_submit.py:490} INFO - (spark.master,spark://spark-master:7077)
[2025-05-06T16:14:00.892+0000] {spark_submit.py:490} INFO - (spark.pyspark.python,/usr/bin/python3)
[2025-05-06T16:14:00.892+0000] {spark_submit.py:490} INFO - (spark.submit.deployMode,client)
[2025-05-06T16:14:00.892+0000] {spark_submit.py:490} INFO - 
[2025-05-06T16:14:00.892+0000] {spark_submit.py:490} INFO - 
[2025-05-06T16:14:01.171+0000] {spark_submit.py:490} INFO - Main class:
[2025-05-06T16:14:01.172+0000] {spark_submit.py:490} INFO - org.apache.spark.deploy.PythonRunner
[2025-05-06T16:14:01.172+0000] {spark_submit.py:490} INFO - Arguments:
[2025-05-06T16:14:01.173+0000] {spark_submit.py:490} INFO - file:/opt/airflow/dags/bronze_to_silver.py
[2025-05-06T16:14:01.173+0000] {spark_submit.py:490} INFO - null
[2025-05-06T16:14:01.174+0000] {spark_submit.py:490} INFO - Spark config:
[2025-05-06T16:14:01.175+0000] {spark_submit.py:490} INFO - (spark.app.name,BronzeToSilver)
[2025-05-06T16:14:01.175+0000] {spark_submit.py:490} INFO - (spark.app.submitTime,1746548041152)
[2025-05-06T16:14:01.175+0000] {spark_submit.py:490} INFO - (spark.executorEnv.PYSPARK_PYTHON,/usr/bin/python3)
[2025-05-06T16:14:01.175+0000] {spark_submit.py:490} INFO - (spark.master,spark://spark-master:7077)
[2025-05-06T16:14:01.175+0000] {spark_submit.py:490} INFO - (spark.pyspark.python,/usr/bin/python3)
[2025-05-06T16:14:01.175+0000] {spark_submit.py:490} INFO - (spark.submit.deployMode,client)
[2025-05-06T16:14:01.175+0000] {spark_submit.py:490} INFO - (spark.submit.pyFiles,)
[2025-05-06T16:14:01.175+0000] {spark_submit.py:490} INFO - Classpath elements:
[2025-05-06T16:14:01.175+0000] {spark_submit.py:490} INFO - 
[2025-05-06T16:14:01.175+0000] {spark_submit.py:490} INFO - 
[2025-05-06T16:14:01.175+0000] {spark_submit.py:490} INFO - 
[2025-05-06T16:14:01.747+0000] {spark_submit.py:490} INFO - 25/05/06 16:14:01 INFO SparkContext: Running Spark version 3.3.0
[2025-05-06T16:14:01.813+0000] {spark_submit.py:490} INFO - 25/05/06 16:14:01 WARN NativeCodeLoader: Unable to load native-hadoop library for your platform... using builtin-java classes where applicable
[2025-05-06T16:14:01.912+0000] {spark_submit.py:490} INFO - 25/05/06 16:14:01 INFO ResourceUtils: ==============================================================
[2025-05-06T16:14:01.912+0000] {spark_submit.py:490} INFO - 25/05/06 16:14:01 INFO ResourceUtils: No custom resources configured for spark.driver.
[2025-05-06T16:14:01.912+0000] {spark_submit.py:490} INFO - 25/05/06 16:14:01 INFO ResourceUtils: ==============================================================
[2025-05-06T16:14:01.912+0000] {spark_submit.py:490} INFO - 25/05/06 16:14:01 INFO SparkContext: Submitted application: Bronze to Silver ETL
[2025-05-06T16:14:01.933+0000] {spark_submit.py:490} INFO - 25/05/06 16:14:01 INFO ResourceProfile: Default ResourceProfile created, executor resources: Map(cores -> name: cores, amount: 1, script: , vendor: , memory -> name: memory, amount: 1024, script: , vendor: , offHeap -> name: offHeap, amount: 0, script: , vendor: ), task resources: Map(cpus -> name: cpus, amount: 1.0)
[2025-05-06T16:14:01.942+0000] {spark_submit.py:490} INFO - 25/05/06 16:14:01 INFO ResourceProfile: Limiting resource is cpu
[2025-05-06T16:14:01.943+0000] {spark_submit.py:490} INFO - 25/05/06 16:14:01 INFO ResourceProfileManager: Added ResourceProfile id: 0
[2025-05-06T16:14:01.988+0000] {spark_submit.py:490} INFO - 25/05/06 16:14:01 INFO SecurityManager: Changing view acls to: root
[2025-05-06T16:14:01.989+0000] {spark_submit.py:490} INFO - 25/05/06 16:14:01 INFO SecurityManager: Changing modify acls to: root
[2025-05-06T16:14:01.989+0000] {spark_submit.py:490} INFO - 25/05/06 16:14:01 INFO SecurityManager: Changing view acls groups to:
[2025-05-06T16:14:01.990+0000] {spark_submit.py:490} INFO - 25/05/06 16:14:01 INFO SecurityManager: Changing modify acls groups to:
[2025-05-06T16:14:01.991+0000] {spark_submit.py:490} INFO - 25/05/06 16:14:01 INFO SecurityManager: SecurityManager: authentication disabled; ui acls disabled; users  with view permissions: Set(root); groups with view permissions: Set(); users  with modify permissions: Set(root); groups with modify permissions: Set()
[2025-05-06T16:14:02.277+0000] {spark_submit.py:490} INFO - 25/05/06 16:14:02 INFO Utils: Successfully started service 'sparkDriver' on port 37763.
[2025-05-06T16:14:02.304+0000] {spark_submit.py:490} INFO - 25/05/06 16:14:02 INFO SparkEnv: Registering MapOutputTracker
[2025-05-06T16:14:02.331+0000] {spark_submit.py:490} INFO - 25/05/06 16:14:02 INFO SparkEnv: Registering BlockManagerMaster
[2025-05-06T16:14:02.348+0000] {spark_submit.py:490} INFO - 25/05/06 16:14:02 INFO BlockManagerMasterEndpoint: Using org.apache.spark.storage.DefaultTopologyMapper for getting topology information
[2025-05-06T16:14:02.348+0000] {spark_submit.py:490} INFO - 25/05/06 16:14:02 INFO BlockManagerMasterEndpoint: BlockManagerMasterEndpoint up
[2025-05-06T16:14:02.352+0000] {spark_submit.py:490} INFO - 25/05/06 16:14:02 INFO SparkEnv: Registering BlockManagerMasterHeartbeat
[2025-05-06T16:14:02.373+0000] {spark_submit.py:490} INFO - 25/05/06 16:14:02 INFO DiskBlockManager: Created local directory at /tmp/blockmgr-89f50a97-04de-4782-b518-1b50b8c14666
[2025-05-06T16:14:02.390+0000] {spark_submit.py:490} INFO - 25/05/06 16:14:02 INFO MemoryStore: MemoryStore started with capacity 434.4 MiB
[2025-05-06T16:14:02.405+0000] {spark_submit.py:490} INFO - 25/05/06 16:14:02 INFO SparkEnv: Registering OutputCommitCoordinator
[2025-05-06T16:14:02.606+0000] {spark_submit.py:490} INFO - 25/05/06 16:14:02 INFO Utils: Successfully started service 'SparkUI' on port 4040.
[2025-05-06T16:14:02.732+0000] {spark_submit.py:490} INFO - 25/05/06 16:14:02 INFO StandaloneAppClient$ClientEndpoint: Connecting to master spark://spark-master:7077...
[2025-05-06T16:14:02.776+0000] {spark_submit.py:490} INFO - 25/05/06 16:14:02 INFO TransportClientFactory: Successfully created connection to spark-master/172.18.0.3:7077 after 26 ms (0 ms spent in bootstraps)
[2025-05-06T16:14:02.853+0000] {spark_submit.py:490} INFO - 25/05/06 16:14:02 INFO StandaloneSchedulerBackend: Connected to Spark cluster with app ID app-20250506161402-0053
[2025-05-06T16:14:02.855+0000] {spark_submit.py:490} INFO - 25/05/06 16:14:02 INFO StandaloneAppClient$ClientEndpoint: Executor added: app-20250506161402-0053/0 on worker-20250505201940-172.18.0.6-38439 (172.18.0.6:38439) with 2 core(s)
[2025-05-06T16:14:02.857+0000] {spark_submit.py:490} INFO - 25/05/06 16:14:02 INFO StandaloneSchedulerBackend: Granted executor ID app-20250506161402-0053/0 on hostPort 172.18.0.6:38439 with 2 core(s), 1024.0 MiB RAM
[2025-05-06T16:14:02.862+0000] {spark_submit.py:490} INFO - 25/05/06 16:14:02 INFO Utils: Successfully started service 'org.apache.spark.network.netty.NettyBlockTransferService' on port 37683.
[2025-05-06T16:14:02.862+0000] {spark_submit.py:490} INFO - 25/05/06 16:14:02 INFO NettyBlockTransferService: Server created on b431f09a1fa6:37683
[2025-05-06T16:14:02.864+0000] {spark_submit.py:490} INFO - 25/05/06 16:14:02 INFO BlockManager: Using org.apache.spark.storage.RandomBlockReplicationPolicy for block replication policy
[2025-05-06T16:14:02.874+0000] {spark_submit.py:490} INFO - 25/05/06 16:14:02 INFO BlockManagerMaster: Registering BlockManager BlockManagerId(driver, b431f09a1fa6, 37683, None)
[2025-05-06T16:14:02.878+0000] {spark_submit.py:490} INFO - 25/05/06 16:14:02 INFO BlockManagerMasterEndpoint: Registering block manager b431f09a1fa6:37683 with 434.4 MiB RAM, BlockManagerId(driver, b431f09a1fa6, 37683, None)
[2025-05-06T16:14:02.881+0000] {spark_submit.py:490} INFO - 25/05/06 16:14:02 INFO BlockManagerMaster: Registered BlockManager BlockManagerId(driver, b431f09a1fa6, 37683, None)
[2025-05-06T16:14:02.882+0000] {spark_submit.py:490} INFO - 25/05/06 16:14:02 INFO BlockManager: Initialized BlockManager: BlockManagerId(driver, b431f09a1fa6, 37683, None)
[2025-05-06T16:14:02.893+0000] {spark_submit.py:490} INFO - 25/05/06 16:14:02 INFO StandaloneAppClient$ClientEndpoint: Executor updated: app-20250506161402-0053/0 is now RUNNING
[2025-05-06T16:14:03.088+0000] {spark_submit.py:490} INFO - 25/05/06 16:14:03 INFO StandaloneSchedulerBackend: SchedulerBackend is ready for scheduling beginning after reached minRegisteredResourcesRatio: 0.0
[2025-05-06T16:14:03.238+0000] {spark_submit.py:490} INFO - 🔍 Читання з: /tmp/spark_data/bronze/athlete_event_results/20250506_*
[2025-05-06T16:14:03.296+0000] {spark_submit.py:490} INFO - 25/05/06 16:14:03 INFO SharedState: Setting hive.metastore.warehouse.dir ('null') to the value of spark.sql.warehouse.dir.
[2025-05-06T16:14:03.302+0000] {spark_submit.py:490} INFO - 25/05/06 16:14:03 INFO SharedState: Warehouse path is 'file:/opt/airflow/spark-warehouse'.
[2025-05-06T16:14:04.279+0000] {spark_submit.py:490} INFO - 25/05/06 16:14:04 INFO InMemoryFileIndex: It took 79 ms to list leaf files for 10 paths.
[2025-05-06T16:14:04.755+0000] {spark_submit.py:490} INFO - 25/05/06 16:14:04 INFO SparkContext: Starting job: load at NativeMethodAccessorImpl.java:0
[2025-05-06T16:14:04.771+0000] {spark_submit.py:490} INFO - 25/05/06 16:14:04 INFO DAGScheduler: Got job 0 (load at NativeMethodAccessorImpl.java:0) with 1 output partitions
[2025-05-06T16:14:04.771+0000] {spark_submit.py:490} INFO - 25/05/06 16:14:04 INFO DAGScheduler: Final stage: ResultStage 0 (load at NativeMethodAccessorImpl.java:0)
[2025-05-06T16:14:04.771+0000] {spark_submit.py:490} INFO - 25/05/06 16:14:04 INFO DAGScheduler: Parents of final stage: List()
[2025-05-06T16:14:04.773+0000] {spark_submit.py:490} INFO - 25/05/06 16:14:04 INFO DAGScheduler: Missing parents: List()
[2025-05-06T16:14:04.778+0000] {spark_submit.py:490} INFO - 25/05/06 16:14:04 INFO DAGScheduler: Submitting ResultStage 0 (MapPartitionsRDD[1] at load at NativeMethodAccessorImpl.java:0), which has no missing parents
[2025-05-06T16:14:04.840+0000] {spark_submit.py:490} INFO - 25/05/06 16:14:04 INFO MemoryStore: Block broadcast_0 stored as values in memory (estimated size 102.8 KiB, free 434.3 MiB)
[2025-05-06T16:14:04.887+0000] {spark_submit.py:490} INFO - 25/05/06 16:14:04 INFO MemoryStore: Block broadcast_0_piece0 stored as bytes in memory (estimated size 36.9 KiB, free 434.3 MiB)
[2025-05-06T16:14:04.890+0000] {spark_submit.py:490} INFO - 25/05/06 16:14:04 INFO BlockManagerInfo: Added broadcast_0_piece0 in memory on b431f09a1fa6:37683 (size: 36.9 KiB, free: 434.4 MiB)
[2025-05-06T16:14:04.894+0000] {spark_submit.py:490} INFO - 25/05/06 16:14:04 INFO SparkContext: Created broadcast 0 from broadcast at DAGScheduler.scala:1513
[2025-05-06T16:14:04.913+0000] {spark_submit.py:490} INFO - 25/05/06 16:14:04 INFO DAGScheduler: Submitting 1 missing tasks from ResultStage 0 (MapPartitionsRDD[1] at load at NativeMethodAccessorImpl.java:0) (first 15 tasks are for partitions Vector(0))
[2025-05-06T16:14:04.914+0000] {spark_submit.py:490} INFO - 25/05/06 16:14:04 INFO TaskSchedulerImpl: Adding task set 0.0 with 1 tasks resource profile 0
[2025-05-06T16:14:05.728+0000] {spark_submit.py:490} INFO - 25/05/06 16:14:05 INFO CoarseGrainedSchedulerBackend$DriverEndpoint: Registered executor NettyRpcEndpointRef(spark-client://Executor) (172.18.0.6:40374) with ID 0,  ResourceProfileId 0
[2025-05-06T16:14:05.798+0000] {spark_submit.py:490} INFO - 25/05/06 16:14:05 INFO BlockManagerMasterEndpoint: Registering block manager 172.18.0.6:41911 with 366.3 MiB RAM, BlockManagerId(0, 172.18.0.6, 41911, None)
[2025-05-06T16:14:05.859+0000] {spark_submit.py:490} INFO - 25/05/06 16:14:05 INFO TaskSetManager: Starting task 0.0 in stage 0.0 (TID 0) (172.18.0.6, executor 0, partition 0, PROCESS_LOCAL, 4685 bytes) taskResourceAssignments Map()
[2025-05-06T16:14:06.094+0000] {spark_submit.py:490} INFO - 25/05/06 16:14:06 INFO BlockManagerInfo: Added broadcast_0_piece0 in memory on 172.18.0.6:41911 (size: 36.9 KiB, free: 366.3 MiB)
[2025-05-06T16:14:06.962+0000] {spark_submit.py:490} INFO - 25/05/06 16:14:06 INFO TaskSetManager: Finished task 0.0 in stage 0.0 (TID 0) in 1113 ms on 172.18.0.6 (executor 0) (1/1)
[2025-05-06T16:14:06.964+0000] {spark_submit.py:490} INFO - 25/05/06 16:14:06 INFO TaskSchedulerImpl: Removed TaskSet 0.0, whose tasks have all completed, from pool
[2025-05-06T16:14:06.968+0000] {spark_submit.py:490} INFO - 25/05/06 16:14:06 INFO DAGScheduler: ResultStage 0 (load at NativeMethodAccessorImpl.java:0) finished in 2.173 s
[2025-05-06T16:14:06.973+0000] {spark_submit.py:490} INFO - 25/05/06 16:14:06 INFO DAGScheduler: Job 0 is finished. Cancelling potential speculative or zombie tasks for this job
[2025-05-06T16:14:06.974+0000] {spark_submit.py:490} INFO - 25/05/06 16:14:06 INFO TaskSchedulerImpl: Killing all running tasks in stage 0: Stage finished
[2025-05-06T16:14:06.976+0000] {spark_submit.py:490} INFO - 25/05/06 16:14:06 INFO DAGScheduler: Job 0 finished: load at NativeMethodAccessorImpl.java:0, took 2.219609 s
[2025-05-06T16:14:07.408+0000] {spark_submit.py:490} INFO - 25/05/06 16:14:07 INFO BlockManagerInfo: Removed broadcast_0_piece0 on b431f09a1fa6:37683 in memory (size: 36.9 KiB, free: 434.4 MiB)
[2025-05-06T16:14:07.419+0000] {spark_submit.py:490} INFO - 25/05/06 16:14:07 INFO BlockManagerInfo: Removed broadcast_0_piece0 on 172.18.0.6:41911 in memory (size: 36.9 KiB, free: 366.3 MiB)
[2025-05-06T16:14:08.197+0000] {spark_submit.py:490} INFO - 📑 Схема початкового датафрейму:
[2025-05-06T16:14:08.214+0000] {spark_submit.py:490} INFO - root
[2025-05-06T16:14:08.215+0000] {spark_submit.py:490} INFO - |-- edition: string (nullable = true)
[2025-05-06T16:14:08.215+0000] {spark_submit.py:490} INFO - |-- edition_id: string (nullable = true)
[2025-05-06T16:14:08.215+0000] {spark_submit.py:490} INFO - |-- country_noc: string (nullable = true)
[2025-05-06T16:14:08.215+0000] {spark_submit.py:490} INFO - |-- sport: string (nullable = true)
[2025-05-06T16:14:08.215+0000] {spark_submit.py:490} INFO - |-- event: string (nullable = true)
[2025-05-06T16:14:08.215+0000] {spark_submit.py:490} INFO - |-- result_id: string (nullable = true)
[2025-05-06T16:14:08.215+0000] {spark_submit.py:490} INFO - |-- athlete: string (nullable = true)
[2025-05-06T16:14:08.215+0000] {spark_submit.py:490} INFO - |-- athlete_id: string (nullable = true)
[2025-05-06T16:14:08.215+0000] {spark_submit.py:490} INFO - |-- pos: string (nullable = true)
[2025-05-06T16:14:08.215+0000] {spark_submit.py:490} INFO - |-- medal: string (nullable = true)
[2025-05-06T16:14:08.216+0000] {spark_submit.py:490} INFO - |-- isTeamSport: string (nullable = true)
[2025-05-06T16:14:08.216+0000] {spark_submit.py:490} INFO - 
[2025-05-06T16:14:08.216+0000] {spark_submit.py:490} INFO - 🔎 Перші 5 рядків з Bronze:
[2025-05-06T16:14:08.540+0000] {spark_submit.py:490} INFO - 25/05/06 16:14:08 INFO FileSourceStrategy: Pushed Filters:
[2025-05-06T16:14:08.541+0000] {spark_submit.py:490} INFO - 25/05/06 16:14:08 INFO FileSourceStrategy: Post-Scan Filters:
[2025-05-06T16:14:08.543+0000] {spark_submit.py:490} INFO - 25/05/06 16:14:08 INFO FileSourceStrategy: Output Data Schema: struct<edition: string, edition_id: string, country_noc: string, sport: string, event: string ... 9 more fields>
[2025-05-06T16:14:08.872+0000] {spark_submit.py:490} INFO - 25/05/06 16:14:08 INFO CodeGenerator: Code generated in 188.993934 ms
[2025-05-06T16:14:08.901+0000] {spark_submit.py:490} INFO - 25/05/06 16:14:08 INFO MemoryStore: Block broadcast_1 stored as values in memory (estimated size 202.0 KiB, free 434.2 MiB)
[2025-05-06T16:14:08.912+0000] {spark_submit.py:490} INFO - 25/05/06 16:14:08 INFO MemoryStore: Block broadcast_1_piece0 stored as bytes in memory (estimated size 34.8 KiB, free 434.2 MiB)
[2025-05-06T16:14:08.912+0000] {spark_submit.py:490} INFO - 25/05/06 16:14:08 INFO BlockManagerInfo: Added broadcast_1_piece0 in memory on b431f09a1fa6:37683 (size: 34.8 KiB, free: 434.4 MiB)
[2025-05-06T16:14:08.914+0000] {spark_submit.py:490} INFO - 25/05/06 16:14:08 INFO SparkContext: Created broadcast 1 from showString at NativeMethodAccessorImpl.java:0
[2025-05-06T16:14:08.924+0000] {spark_submit.py:490} INFO - 25/05/06 16:14:08 INFO FileSourceScanExec: Planning scan with bin packing, max size: 67950020 bytes, open cost is considered as scanning 4194304 bytes.
[2025-05-06T16:14:08.969+0000] {spark_submit.py:490} INFO - 25/05/06 16:14:08 INFO SparkContext: Starting job: showString at NativeMethodAccessorImpl.java:0
[2025-05-06T16:14:08.971+0000] {spark_submit.py:490} INFO - 25/05/06 16:14:08 INFO DAGScheduler: Got job 1 (showString at NativeMethodAccessorImpl.java:0) with 1 output partitions
[2025-05-06T16:14:08.971+0000] {spark_submit.py:490} INFO - 25/05/06 16:14:08 INFO DAGScheduler: Final stage: ResultStage 1 (showString at NativeMethodAccessorImpl.java:0)
[2025-05-06T16:14:08.971+0000] {spark_submit.py:490} INFO - 25/05/06 16:14:08 INFO DAGScheduler: Parents of final stage: List()
[2025-05-06T16:14:08.971+0000] {spark_submit.py:490} INFO - 25/05/06 16:14:08 INFO DAGScheduler: Missing parents: List()
[2025-05-06T16:14:08.973+0000] {spark_submit.py:490} INFO - 25/05/06 16:14:08 INFO DAGScheduler: Submitting ResultStage 1 (MapPartitionsRDD[5] at showString at NativeMethodAccessorImpl.java:0), which has no missing parents
[2025-05-06T16:14:09.001+0000] {spark_submit.py:490} INFO - 25/05/06 16:14:09 INFO MemoryStore: Block broadcast_2 stored as values in memory (estimated size 18.4 KiB, free 434.2 MiB)
[2025-05-06T16:14:09.005+0000] {spark_submit.py:490} INFO - 25/05/06 16:14:09 INFO MemoryStore: Block broadcast_2_piece0 stored as bytes in memory (estimated size 6.5 KiB, free 434.1 MiB)
[2025-05-06T16:14:09.007+0000] {spark_submit.py:490} INFO - 25/05/06 16:14:09 INFO BlockManagerInfo: Added broadcast_2_piece0 in memory on b431f09a1fa6:37683 (size: 6.5 KiB, free: 434.4 MiB)
[2025-05-06T16:14:09.007+0000] {spark_submit.py:490} INFO - 25/05/06 16:14:09 INFO SparkContext: Created broadcast 2 from broadcast at DAGScheduler.scala:1513
[2025-05-06T16:14:09.008+0000] {spark_submit.py:490} INFO - 25/05/06 16:14:09 INFO DAGScheduler: Submitting 1 missing tasks from ResultStage 1 (MapPartitionsRDD[5] at showString at NativeMethodAccessorImpl.java:0) (first 15 tasks are for partitions Vector(0))
[2025-05-06T16:14:09.009+0000] {spark_submit.py:490} INFO - 25/05/06 16:14:09 INFO TaskSchedulerImpl: Adding task set 1.0 with 1 tasks resource profile 0
[2025-05-06T16:14:09.012+0000] {spark_submit.py:490} INFO - 25/05/06 16:14:09 INFO TaskSetManager: Starting task 0.0 in stage 1.0 (TID 1) (172.18.0.6, executor 0, partition 0, PROCESS_LOCAL, 6639 bytes) taskResourceAssignments Map()
[2025-05-06T16:14:09.053+0000] {spark_submit.py:490} INFO - 25/05/06 16:14:09 INFO BlockManagerInfo: Added broadcast_2_piece0 in memory on 172.18.0.6:41911 (size: 6.5 KiB, free: 366.3 MiB)
[2025-05-06T16:14:09.666+0000] {spark_submit.py:490} INFO - 25/05/06 16:14:09 INFO BlockManagerInfo: Added broadcast_1_piece0 in memory on 172.18.0.6:41911 (size: 34.8 KiB, free: 366.3 MiB)
[2025-05-06T16:14:10.118+0000] {spark_submit.py:490} INFO - 25/05/06 16:14:10 INFO TaskSetManager: Finished task 0.0 in stage 1.0 (TID 1) in 1109 ms on 172.18.0.6 (executor 0) (1/1)
[2025-05-06T16:14:10.118+0000] {spark_submit.py:490} INFO - 25/05/06 16:14:10 INFO TaskSchedulerImpl: Removed TaskSet 1.0, whose tasks have all completed, from pool
[2025-05-06T16:14:10.119+0000] {spark_submit.py:490} INFO - 25/05/06 16:14:10 INFO DAGScheduler: ResultStage 1 (showString at NativeMethodAccessorImpl.java:0) finished in 1.143 s
[2025-05-06T16:14:10.120+0000] {spark_submit.py:490} INFO - 25/05/06 16:14:10 INFO DAGScheduler: Job 1 is finished. Cancelling potential speculative or zombie tasks for this job
[2025-05-06T16:14:10.120+0000] {spark_submit.py:490} INFO - 25/05/06 16:14:10 INFO TaskSchedulerImpl: Killing all running tasks in stage 1: Stage finished
[2025-05-06T16:14:10.120+0000] {spark_submit.py:490} INFO - 25/05/06 16:14:10 INFO DAGScheduler: Job 1 finished: showString at NativeMethodAccessorImpl.java:0, took 1.150931 s
[2025-05-06T16:14:10.171+0000] {spark_submit.py:490} INFO - 25/05/06 16:14:10 INFO CodeGenerator: Code generated in 21.403115 ms
[2025-05-06T16:14:10.182+0000] {spark_submit.py:490} INFO - +--------------------+----------+-----------+---------+---------------+---------+---------------+----------+---------+-----+-----------+
[2025-05-06T16:14:10.182+0000] {spark_submit.py:490} INFO - |edition             |edition_id|country_noc|sport    |event          |result_id|athlete        |athlete_id|pos      |medal|isTeamSport|
[2025-05-06T16:14:10.182+0000] {spark_submit.py:490} INFO - +--------------------+----------+-----------+---------+---------------+---------+---------------+----------+---------+-----+-----------+
[2025-05-06T16:14:10.183+0000] {spark_submit.py:490} INFO - |1908 Summer Olympics|5         |ANZ        |Athletics|100 metres, Men|56265    |Ernest Hutcheon|64710     |DNS      |null |False      |
[2025-05-06T16:14:10.183+0000] {spark_submit.py:490} INFO - |1908 Summer Olympics|5         |ANZ        |Athletics|400 metres, Men|56313    |Henry Murray   |64756     |DNS      |null |False      |
[2025-05-06T16:14:10.183+0000] {spark_submit.py:490} INFO - |1908 Summer Olympics|5         |ANZ        |Athletics|800 metres, Men|56338    |Harvey Sutton  |64808     |3 h8 r1/2|null |False      |
[2025-05-06T16:14:10.183+0000] {spark_submit.py:490} INFO - |1908 Summer Olympics|5         |ANZ        |Athletics|800 metres, Men|56338    |Guy Haskins    |922519    |DNS      |null |False      |
[2025-05-06T16:14:10.183+0000] {spark_submit.py:490} INFO - |1908 Summer Olympics|5         |ANZ        |Athletics|800 metres, Men|56338    |Joseph Lynch   |64735     |DNS      |null |False      |
[2025-05-06T16:14:10.183+0000] {spark_submit.py:490} INFO - +--------------------+----------+-----------+---------+---------------+---------+---------------+----------+---------+-----+-----------+
[2025-05-06T16:14:10.184+0000] {spark_submit.py:490} INFO - only showing top 5 rows
[2025-05-06T16:14:10.184+0000] {spark_submit.py:490} INFO - 
[2025-05-06T16:14:10.184+0000] {spark_submit.py:490} INFO - 🧼 Чищення датафрейму...
[2025-05-06T16:14:10.502+0000] {spark_submit.py:490} INFO - 📑 Схема очищеного датафрейму:
[2025-05-06T16:14:10.503+0000] {spark_submit.py:490} INFO - root
[2025-05-06T16:14:10.504+0000] {spark_submit.py:490} INFO - |-- edition: string (nullable = true)
[2025-05-06T16:14:10.504+0000] {spark_submit.py:490} INFO - |-- edition_id: string (nullable = true)
[2025-05-06T16:14:10.504+0000] {spark_submit.py:490} INFO - |-- country_noc: string (nullable = true)
[2025-05-06T16:14:10.504+0000] {spark_submit.py:490} INFO - |-- sport: string (nullable = true)
[2025-05-06T16:14:10.504+0000] {spark_submit.py:490} INFO - |-- event: string (nullable = true)
[2025-05-06T16:14:10.504+0000] {spark_submit.py:490} INFO - |-- result_id: string (nullable = true)
[2025-05-06T16:14:10.504+0000] {spark_submit.py:490} INFO - |-- athlete: string (nullable = true)
[2025-05-06T16:14:10.504+0000] {spark_submit.py:490} INFO - |-- athlete_id: string (nullable = true)
[2025-05-06T16:14:10.504+0000] {spark_submit.py:490} INFO - |-- pos: string (nullable = true)
[2025-05-06T16:14:10.504+0000] {spark_submit.py:490} INFO - |-- medal: string (nullable = true)
[2025-05-06T16:14:10.504+0000] {spark_submit.py:490} INFO - |-- isTeamSport: string (nullable = true)
[2025-05-06T16:14:10.504+0000] {spark_submit.py:490} INFO - 
[2025-05-06T16:14:10.504+0000] {spark_submit.py:490} INFO - 🔎 Перші 10 рядків після очищення:
[2025-05-06T16:14:10.578+0000] {spark_submit.py:490} INFO - 25/05/06 16:14:10 INFO FileSourceStrategy: Pushed Filters:
[2025-05-06T16:14:10.579+0000] {spark_submit.py:490} INFO - 25/05/06 16:14:10 INFO FileSourceStrategy: Post-Scan Filters:
[2025-05-06T16:14:10.579+0000] {spark_submit.py:490} INFO - 25/05/06 16:14:10 INFO FileSourceStrategy: Output Data Schema: struct<edition: string, edition_id: string, country_noc: string, sport: string, event: string ... 9 more fields>
[2025-05-06T16:14:10.641+0000] {spark_submit.py:490} INFO - 25/05/06 16:14:10 INFO CodeGenerator: Code generated in 16.824444 ms
[2025-05-06T16:14:10.651+0000] {spark_submit.py:490} INFO - 25/05/06 16:14:10 INFO MemoryStore: Block broadcast_3 stored as values in memory (estimated size 202.0 KiB, free 433.9 MiB)
[2025-05-06T16:14:10.661+0000] {spark_submit.py:490} INFO - 25/05/06 16:14:10 INFO MemoryStore: Block broadcast_3_piece0 stored as bytes in memory (estimated size 34.8 KiB, free 433.9 MiB)
[2025-05-06T16:14:10.662+0000] {spark_submit.py:490} INFO - 25/05/06 16:14:10 INFO BlockManagerInfo: Added broadcast_3_piece0 in memory on b431f09a1fa6:37683 (size: 34.8 KiB, free: 434.3 MiB)
[2025-05-06T16:14:10.663+0000] {spark_submit.py:490} INFO - 25/05/06 16:14:10 INFO SparkContext: Created broadcast 3 from showString at NativeMethodAccessorImpl.java:0
[2025-05-06T16:14:10.665+0000] {spark_submit.py:490} INFO - 25/05/06 16:14:10 INFO FileSourceScanExec: Planning scan with bin packing, max size: 67950020 bytes, open cost is considered as scanning 4194304 bytes.
[2025-05-06T16:14:10.723+0000] {spark_submit.py:490} INFO - 25/05/06 16:14:10 INFO SparkContext: Starting job: showString at NativeMethodAccessorImpl.java:0
[2025-05-06T16:14:10.725+0000] {spark_submit.py:490} INFO - 25/05/06 16:14:10 INFO DAGScheduler: Got job 2 (showString at NativeMethodAccessorImpl.java:0) with 1 output partitions
[2025-05-06T16:14:10.725+0000] {spark_submit.py:490} INFO - 25/05/06 16:14:10 INFO DAGScheduler: Final stage: ResultStage 2 (showString at NativeMethodAccessorImpl.java:0)
[2025-05-06T16:14:10.725+0000] {spark_submit.py:490} INFO - 25/05/06 16:14:10 INFO DAGScheduler: Parents of final stage: List()
[2025-05-06T16:14:10.725+0000] {spark_submit.py:490} INFO - 25/05/06 16:14:10 INFO DAGScheduler: Missing parents: List()
[2025-05-06T16:14:10.726+0000] {spark_submit.py:490} INFO - 25/05/06 16:14:10 INFO DAGScheduler: Submitting ResultStage 2 (MapPartitionsRDD[12] at showString at NativeMethodAccessorImpl.java:0), which has no missing parents
[2025-05-06T16:14:10.737+0000] {spark_submit.py:490} INFO - 25/05/06 16:14:10 INFO MemoryStore: Block broadcast_4 stored as values in memory (estimated size 48.1 KiB, free 433.9 MiB)
[2025-05-06T16:14:10.741+0000] {spark_submit.py:490} INFO - 25/05/06 16:14:10 INFO MemoryStore: Block broadcast_4_piece0 stored as bytes in memory (estimated size 16.0 KiB, free 433.9 MiB)
[2025-05-06T16:14:10.743+0000] {spark_submit.py:490} INFO - 25/05/06 16:14:10 INFO BlockManagerInfo: Added broadcast_4_piece0 in memory on b431f09a1fa6:37683 (size: 16.0 KiB, free: 434.3 MiB)
[2025-05-06T16:14:10.743+0000] {spark_submit.py:490} INFO - 25/05/06 16:14:10 INFO SparkContext: Created broadcast 4 from broadcast at DAGScheduler.scala:1513
[2025-05-06T16:14:10.744+0000] {spark_submit.py:490} INFO - 25/05/06 16:14:10 INFO DAGScheduler: Submitting 1 missing tasks from ResultStage 2 (MapPartitionsRDD[12] at showString at NativeMethodAccessorImpl.java:0) (first 15 tasks are for partitions Vector(0))
[2025-05-06T16:14:10.744+0000] {spark_submit.py:490} INFO - 25/05/06 16:14:10 INFO TaskSchedulerImpl: Adding task set 2.0 with 1 tasks resource profile 0
[2025-05-06T16:14:10.745+0000] {spark_submit.py:490} INFO - 25/05/06 16:14:10 INFO TaskSetManager: Starting task 0.0 in stage 2.0 (TID 2) (172.18.0.6, executor 0, partition 0, PROCESS_LOCAL, 6639 bytes) taskResourceAssignments Map()
[2025-05-06T16:14:10.762+0000] {spark_submit.py:490} INFO - 25/05/06 16:14:10 INFO BlockManagerInfo: Added broadcast_4_piece0 in memory on 172.18.0.6:41911 (size: 16.0 KiB, free: 366.2 MiB)
[2025-05-06T16:14:11.577+0000] {spark_submit.py:490} INFO - 25/05/06 16:14:11 INFO BlockManagerInfo: Added broadcast_3_piece0 in memory on 172.18.0.6:41911 (size: 34.8 KiB, free: 366.2 MiB)
[2025-05-06T16:14:11.735+0000] {spark_submit.py:490} INFO - 25/05/06 16:14:11 INFO TaskSetManager: Finished task 0.0 in stage 2.0 (TID 2) in 989 ms on 172.18.0.6 (executor 0) (1/1)
[2025-05-06T16:14:11.735+0000] {spark_submit.py:490} INFO - 25/05/06 16:14:11 INFO TaskSchedulerImpl: Removed TaskSet 2.0, whose tasks have all completed, from pool
[2025-05-06T16:14:11.740+0000] {spark_submit.py:490} INFO - 25/05/06 16:14:11 INFO PythonAccumulatorV2: Connected to AccumulatorServer at host: 127.0.0.1 port: 43871
[2025-05-06T16:14:11.741+0000] {spark_submit.py:490} INFO - 25/05/06 16:14:11 INFO DAGScheduler: ResultStage 2 (showString at NativeMethodAccessorImpl.java:0) finished in 1.013 s
[2025-05-06T16:14:11.742+0000] {spark_submit.py:490} INFO - 25/05/06 16:14:11 INFO DAGScheduler: Job 2 is finished. Cancelling potential speculative or zombie tasks for this job
[2025-05-06T16:14:11.743+0000] {spark_submit.py:490} INFO - 25/05/06 16:14:11 INFO TaskSchedulerImpl: Killing all running tasks in stage 2: Stage finished
[2025-05-06T16:14:11.743+0000] {spark_submit.py:490} INFO - 25/05/06 16:14:11 INFO DAGScheduler: Job 2 finished: showString at NativeMethodAccessorImpl.java:0, took 1.019850 s
[2025-05-06T16:14:11.755+0000] {spark_submit.py:490} INFO - +--------------------+----------+-----------+---------+---------------+---------+---------------+----------+---------+-----+-----------+
[2025-05-06T16:14:11.755+0000] {spark_submit.py:490} INFO - |edition             |edition_id|country_noc|sport    |event          |result_id|athlete        |athlete_id|pos      |medal|isTeamSport|
[2025-05-06T16:14:11.755+0000] {spark_submit.py:490} INFO - +--------------------+----------+-----------+---------+---------------+---------+---------------+----------+---------+-----+-----------+
[2025-05-06T16:14:11.755+0000] {spark_submit.py:490} INFO - |1908 summer olympics|5         |anz        |athletics|100 metres men |56265    |ernest hutcheon|64710     |dns      |     |false      |
[2025-05-06T16:14:11.755+0000] {spark_submit.py:490} INFO - |1908 summer olympics|5         |anz        |athletics|400 metres men |56313    |henry murray   |64756     |dns      |     |false      |
[2025-05-06T16:14:11.755+0000] {spark_submit.py:490} INFO - |1908 summer olympics|5         |anz        |athletics|800 metres men |56338    |harvey sutton  |64808     |3 h8 r12 |     |false      |
[2025-05-06T16:14:11.756+0000] {spark_submit.py:490} INFO - |1908 summer olympics|5         |anz        |athletics|800 metres men |56338    |guy haskins    |922519    |dns      |     |false      |
[2025-05-06T16:14:11.756+0000] {spark_submit.py:490} INFO - |1908 summer olympics|5         |anz        |athletics|800 metres men |56338    |joseph lynch   |64735     |dns      |     |false      |
[2025-05-06T16:14:11.756+0000] {spark_submit.py:490} INFO - |1908 summer olympics|5         |anz        |athletics|800 metres men |56338    |henry murray   |64756     |dns      |     |false      |
[2025-05-06T16:14:11.756+0000] {spark_submit.py:490} INFO - |1908 summer olympics|5         |anz        |athletics|1500 metres men|56349    |joseph lynch   |64735     |5 h2 r12 |     |false      |
[2025-05-06T16:14:11.756+0000] {spark_submit.py:490} INFO - |1908 summer olympics|5         |anz        |athletics|1500 metres men|56349    |charles swain  |79576     |ac h3 r12|     |false      |
[2025-05-06T16:14:11.756+0000] {spark_submit.py:490} INFO - |1908 summer olympics|5         |anz        |athletics|1500 metres men|56349    |guy haskins    |922519    |dns      |     |false      |
[2025-05-06T16:14:11.756+0000] {spark_submit.py:490} INFO - |1908 summer olympics|5         |anz        |athletics|1500 metres men|56349    |george blake   |64619     |dns      |     |false      |
[2025-05-06T16:14:11.756+0000] {spark_submit.py:490} INFO - +--------------------+----------+-----------+---------+---------------+---------+---------------+----------+---------+-----+-----------+
[2025-05-06T16:14:11.756+0000] {spark_submit.py:490} INFO - only showing top 10 rows
[2025-05-06T16:14:11.756+0000] {spark_submit.py:490} INFO - 
[2025-05-06T16:14:11.756+0000] {spark_submit.py:490} INFO - 💾 Збереження до Silver рівня: /tmp/spark_data/silver/athlete_event_results/20250506
[2025-05-06T16:14:11.802+0000] {spark_submit.py:490} INFO - 25/05/06 16:14:11 INFO FileSourceStrategy: Pushed Filters:
[2025-05-06T16:14:11.802+0000] {spark_submit.py:490} INFO - 25/05/06 16:14:11 INFO FileSourceStrategy: Post-Scan Filters:
[2025-05-06T16:14:11.802+0000] {spark_submit.py:490} INFO - 25/05/06 16:14:11 INFO FileSourceStrategy: Output Data Schema: struct<edition: string, edition_id: string, country_noc: string, sport: string, event: string ... 9 more fields>
[2025-05-06T16:14:11.844+0000] {spark_submit.py:490} INFO - 25/05/06 16:14:11 INFO ParquetFileFormat: Using default output committer for Parquet: org.apache.parquet.hadoop.ParquetOutputCommitter
[2025-05-06T16:14:11.855+0000] {spark_submit.py:490} INFO - 25/05/06 16:14:11 INFO FileOutputCommitter: File Output Committer Algorithm version is 1
[2025-05-06T16:14:11.855+0000] {spark_submit.py:490} INFO - 25/05/06 16:14:11 INFO FileOutputCommitter: FileOutputCommitter skip cleanup _temporary folders under output directory:false, ignore cleanup failures: false
[2025-05-06T16:14:11.856+0000] {spark_submit.py:490} INFO - 25/05/06 16:14:11 INFO SQLHadoopMapReduceCommitProtocol: Using user defined output committer class org.apache.parquet.hadoop.ParquetOutputCommitter
[2025-05-06T16:14:11.856+0000] {spark_submit.py:490} INFO - 25/05/06 16:14:11 INFO FileOutputCommitter: File Output Committer Algorithm version is 1
[2025-05-06T16:14:11.857+0000] {spark_submit.py:490} INFO - 25/05/06 16:14:11 INFO FileOutputCommitter: FileOutputCommitter skip cleanup _temporary folders under output directory:false, ignore cleanup failures: false
[2025-05-06T16:14:11.857+0000] {spark_submit.py:490} INFO - 25/05/06 16:14:11 INFO SQLHadoopMapReduceCommitProtocol: Using output committer class org.apache.parquet.hadoop.ParquetOutputCommitter
[2025-05-06T16:14:11.885+0000] {spark_submit.py:490} INFO - 25/05/06 16:14:11 INFO MemoryStore: Block broadcast_5 stored as values in memory (estimated size 202.0 KiB, free 433.7 MiB)
[2025-05-06T16:14:11.913+0000] {spark_submit.py:490} INFO - 25/05/06 16:14:11 INFO MemoryStore: Block broadcast_5_piece0 stored as bytes in memory (estimated size 34.8 KiB, free 433.6 MiB)
[2025-05-06T16:14:11.915+0000] {spark_submit.py:490} INFO - 25/05/06 16:14:11 INFO BlockManagerInfo: Added broadcast_5_piece0 in memory on b431f09a1fa6:37683 (size: 34.8 KiB, free: 434.3 MiB)
[2025-05-06T16:14:11.916+0000] {spark_submit.py:490} INFO - 25/05/06 16:14:11 INFO SparkContext: Created broadcast 5 from parquet at NativeMethodAccessorImpl.java:0
[2025-05-06T16:14:11.919+0000] {spark_submit.py:490} INFO - 25/05/06 16:14:11 INFO BlockManagerInfo: Removed broadcast_4_piece0 on b431f09a1fa6:37683 in memory (size: 16.0 KiB, free: 434.3 MiB)
[2025-05-06T16:14:11.919+0000] {spark_submit.py:490} INFO - 25/05/06 16:14:11 INFO FileSourceScanExec: Planning scan with bin packing, max size: 67950020 bytes, open cost is considered as scanning 4194304 bytes.
[2025-05-06T16:14:11.923+0000] {spark_submit.py:490} INFO - 25/05/06 16:14:11 INFO BlockManagerInfo: Removed broadcast_4_piece0 on 172.18.0.6:41911 in memory (size: 16.0 KiB, free: 366.2 MiB)
[2025-05-06T16:14:11.940+0000] {spark_submit.py:490} INFO - 25/05/06 16:14:11 INFO BlockManagerInfo: Removed broadcast_3_piece0 on b431f09a1fa6:37683 in memory (size: 34.8 KiB, free: 434.3 MiB)
[2025-05-06T16:14:11.955+0000] {spark_submit.py:490} INFO - 25/05/06 16:14:11 INFO BlockManagerInfo: Removed broadcast_3_piece0 on 172.18.0.6:41911 in memory (size: 34.8 KiB, free: 366.3 MiB)
[2025-05-06T16:14:11.979+0000] {spark_submit.py:490} INFO - 25/05/06 16:14:11 INFO BlockManagerInfo: Removed broadcast_1_piece0 on b431f09a1fa6:37683 in memory (size: 34.8 KiB, free: 434.4 MiB)
[2025-05-06T16:14:11.980+0000] {spark_submit.py:490} INFO - 25/05/06 16:14:11 INFO BlockManagerInfo: Removed broadcast_1_piece0 on 172.18.0.6:41911 in memory (size: 34.8 KiB, free: 366.3 MiB)
[2025-05-06T16:14:11.982+0000] {spark_submit.py:490} INFO - 25/05/06 16:14:11 INFO SparkContext: Starting job: parquet at NativeMethodAccessorImpl.java:0
[2025-05-06T16:14:11.983+0000] {spark_submit.py:490} INFO - 25/05/06 16:14:11 INFO DAGScheduler: Got job 3 (parquet at NativeMethodAccessorImpl.java:0) with 2 output partitions
[2025-05-06T16:14:11.983+0000] {spark_submit.py:490} INFO - 25/05/06 16:14:11 INFO DAGScheduler: Final stage: ResultStage 3 (parquet at NativeMethodAccessorImpl.java:0)
[2025-05-06T16:14:11.983+0000] {spark_submit.py:490} INFO - 25/05/06 16:14:11 INFO DAGScheduler: Parents of final stage: List()
[2025-05-06T16:14:11.983+0000] {spark_submit.py:490} INFO - 25/05/06 16:14:11 INFO DAGScheduler: Missing parents: List()
[2025-05-06T16:14:11.984+0000] {spark_submit.py:490} INFO - 25/05/06 16:14:11 INFO DAGScheduler: Submitting ResultStage 3 (MapPartitionsRDD[18] at parquet at NativeMethodAccessorImpl.java:0), which has no missing parents
[2025-05-06T16:14:11.991+0000] {spark_submit.py:490} INFO - 25/05/06 16:14:11 INFO BlockManagerInfo: Removed broadcast_2_piece0 on b431f09a1fa6:37683 in memory (size: 6.5 KiB, free: 434.4 MiB)
[2025-05-06T16:14:11.994+0000] {spark_submit.py:490} INFO - 25/05/06 16:14:11 INFO BlockManagerInfo: Removed broadcast_2_piece0 on 172.18.0.6:41911 in memory (size: 6.5 KiB, free: 366.3 MiB)
[2025-05-06T16:14:12.007+0000] {spark_submit.py:490} INFO - 25/05/06 16:14:12 INFO MemoryStore: Block broadcast_6 stored as values in memory (estimated size 248.7 KiB, free 433.9 MiB)
[2025-05-06T16:14:12.010+0000] {spark_submit.py:490} INFO - 25/05/06 16:14:12 INFO MemoryStore: Block broadcast_6_piece0 stored as bytes in memory (estimated size 85.9 KiB, free 433.8 MiB)
[2025-05-06T16:14:12.012+0000] {spark_submit.py:490} INFO - 25/05/06 16:14:12 INFO BlockManagerInfo: Added broadcast_6_piece0 in memory on b431f09a1fa6:37683 (size: 85.9 KiB, free: 434.3 MiB)
[2025-05-06T16:14:12.013+0000] {spark_submit.py:490} INFO - 25/05/06 16:14:12 INFO SparkContext: Created broadcast 6 from broadcast at DAGScheduler.scala:1513
[2025-05-06T16:14:12.014+0000] {spark_submit.py:490} INFO - 25/05/06 16:14:12 INFO DAGScheduler: Submitting 2 missing tasks from ResultStage 3 (MapPartitionsRDD[18] at parquet at NativeMethodAccessorImpl.java:0) (first 15 tasks are for partitions Vector(0, 1))
[2025-05-06T16:14:12.014+0000] {spark_submit.py:490} INFO - 25/05/06 16:14:12 INFO TaskSchedulerImpl: Adding task set 3.0 with 2 tasks resource profile 0
[2025-05-06T16:14:12.016+0000] {spark_submit.py:490} INFO - 25/05/06 16:14:12 INFO TaskSetManager: Starting task 0.0 in stage 3.0 (TID 3) (172.18.0.6, executor 0, partition 0, PROCESS_LOCAL, 6639 bytes) taskResourceAssignments Map()
[2025-05-06T16:14:12.016+0000] {spark_submit.py:490} INFO - 25/05/06 16:14:12 INFO TaskSetManager: Starting task 1.0 in stage 3.0 (TID 4) (172.18.0.6, executor 0, partition 1, PROCESS_LOCAL, 6639 bytes) taskResourceAssignments Map()
[2025-05-06T16:14:12.037+0000] {spark_submit.py:490} INFO - 25/05/06 16:14:12 INFO BlockManagerInfo: Added broadcast_6_piece0 in memory on 172.18.0.6:41911 (size: 85.9 KiB, free: 366.2 MiB)
[2025-05-06T16:14:12.200+0000] {spark_submit.py:490} INFO - 25/05/06 16:14:12 INFO BlockManagerInfo: Added broadcast_5_piece0 in memory on 172.18.0.6:41911 (size: 34.8 KiB, free: 366.2 MiB)
[2025-05-06T16:14:52.730+0000] {spark_submit.py:490} INFO - 25/05/06 16:14:52 INFO TaskSetManager: Finished task 1.0 in stage 3.0 (TID 4) in 40714 ms on 172.18.0.6 (executor 0) (1/2)
[2025-05-06T16:15:03.205+0000] {spark_submit.py:490} INFO - 25/05/06 16:15:03 INFO TaskSetManager: Finished task 0.0 in stage 3.0 (TID 3) in 51189 ms on 172.18.0.6 (executor 0) (2/2)
[2025-05-06T16:15:03.205+0000] {spark_submit.py:490} INFO - 25/05/06 16:15:03 INFO TaskSchedulerImpl: Removed TaskSet 3.0, whose tasks have all completed, from pool
[2025-05-06T16:15:03.206+0000] {spark_submit.py:490} INFO - 25/05/06 16:15:03 INFO DAGScheduler: ResultStage 3 (parquet at NativeMethodAccessorImpl.java:0) finished in 51.221 s
[2025-05-06T16:15:03.207+0000] {spark_submit.py:490} INFO - 25/05/06 16:15:03 INFO DAGScheduler: Job 3 is finished. Cancelling potential speculative or zombie tasks for this job
[2025-05-06T16:15:03.207+0000] {spark_submit.py:490} INFO - 25/05/06 16:15:03 INFO TaskSchedulerImpl: Killing all running tasks in stage 3: Stage finished
[2025-05-06T16:15:03.208+0000] {spark_submit.py:490} INFO - 25/05/06 16:15:03 INFO DAGScheduler: Job 3 finished: parquet at NativeMethodAccessorImpl.java:0, took 51.274560 s
[2025-05-06T16:15:03.210+0000] {spark_submit.py:490} INFO - 25/05/06 16:15:03 INFO FileFormatWriter: Start to commit write Job 8e06755e-98b9-4da5-8284-5f38d127cb6b.
[2025-05-06T16:15:03.233+0000] {spark_submit.py:490} INFO - 25/05/06 16:15:03 INFO FileFormatWriter: Write Job 8e06755e-98b9-4da5-8284-5f38d127cb6b committed. Elapsed time: 22 ms.
[2025-05-06T16:15:03.236+0000] {spark_submit.py:490} INFO - 25/05/06 16:15:03 INFO FileFormatWriter: Finished processing stats for write job 8e06755e-98b9-4da5-8284-5f38d127cb6b.
[2025-05-06T16:15:03.239+0000] {spark_submit.py:490} INFO - ✅ Збережено до Silver: /tmp/spark_data/silver/athlete_event_results/20250506
[2025-05-06T16:15:03.239+0000] {spark_submit.py:490} INFO - 📁 Шлях збереження Silver: /tmp/spark_data/silver/athlete_event_results/20250506
[2025-05-06T16:15:03.239+0000] {spark_submit.py:490} INFO - 📂 Вміст директорії:
[2025-05-06T16:15:03.239+0000] {spark_submit.py:490} INFO - ['part-00000-eb3151ac-a3d9-41dd-86a3-6415995e6895-c000.snappy.parquet', '.part-00000-eb3151ac-a3d9-41dd-86a3-6415995e6895-c000.snappy.parquet.crc', 'part-00001-eb3151ac-a3d9-41dd-86a3-6415995e6895-c000.snappy.parquet', '.part-00001-eb3151ac-a3d9-41dd-86a3-6415995e6895-c000.snappy.parquet.crc', '_SUCCESS', '._SUCCESS.crc']
[2025-05-06T16:15:03.248+0000] {spark_submit.py:490} INFO - 25/05/06 16:15:03 INFO SparkUI: Stopped Spark web UI at http://b431f09a1fa6:4040
[2025-05-06T16:15:03.252+0000] {spark_submit.py:490} INFO - 25/05/06 16:15:03 INFO StandaloneSchedulerBackend: Shutting down all executors
[2025-05-06T16:15:03.253+0000] {spark_submit.py:490} INFO - 25/05/06 16:15:03 INFO CoarseGrainedSchedulerBackend$DriverEndpoint: Asking each executor to shut down
[2025-05-06T16:15:03.271+0000] {spark_submit.py:490} INFO - 25/05/06 16:15:03 INFO MapOutputTrackerMasterEndpoint: MapOutputTrackerMasterEndpoint stopped!
[2025-05-06T16:15:03.291+0000] {spark_submit.py:490} INFO - 25/05/06 16:15:03 INFO MemoryStore: MemoryStore cleared
[2025-05-06T16:15:03.291+0000] {spark_submit.py:490} INFO - 25/05/06 16:15:03 INFO BlockManager: BlockManager stopped
[2025-05-06T16:15:03.294+0000] {spark_submit.py:490} INFO - 25/05/06 16:15:03 INFO BlockManagerMaster: BlockManagerMaster stopped
[2025-05-06T16:15:03.296+0000] {spark_submit.py:490} INFO - 25/05/06 16:15:03 INFO OutputCommitCoordinator$OutputCommitCoordinatorEndpoint: OutputCommitCoordinator stopped!
[2025-05-06T16:15:03.306+0000] {spark_submit.py:490} INFO - 25/05/06 16:15:03 INFO SparkContext: Successfully stopped SparkContext
[2025-05-06T16:15:04.273+0000] {spark_submit.py:490} INFO - 25/05/06 16:15:04 INFO ShutdownHookManager: Shutdown hook called
[2025-05-06T16:15:04.275+0000] {spark_submit.py:490} INFO - 25/05/06 16:15:04 INFO ShutdownHookManager: Deleting directory /tmp/spark-d4f9a5d1-049f-44ad-9e83-91a26fc1f99c
[2025-05-06T16:15:04.279+0000] {spark_submit.py:490} INFO - 25/05/06 16:15:04 INFO ShutdownHookManager: Deleting directory /tmp/spark-d4f9a5d1-049f-44ad-9e83-91a26fc1f99c/pyspark-76e5fb96-9d7b-4e38-8451-3af412c348a9
[2025-05-06T16:15:04.283+0000] {spark_submit.py:490} INFO - 25/05/06 16:15:04 INFO ShutdownHookManager: Deleting directory /tmp/spark-341c7cdc-ec0a-4a7c-b48a-cbb99cf0d3bf
[2025-05-06T16:15:04.363+0000] {taskinstance.py:1350} INFO - Marking task as SUCCESS. dag_id=final_project_BBDL, task_id=BronzeToSilver, execution_date=20250506T161333, start_date=20250506T161359, end_date=20250506T161504
[2025-05-06T16:15:04.451+0000] {local_task_job_runner.py:225} INFO - Task exited with return code 0
[2025-05-06T16:15:04.483+0000] {taskinstance.py:2653} INFO - 0 downstream tasks scheduled from follow-on schedule check
