[2025-04-22T20:23:41.847+0000] {local_task_job_runner.py:120} INFO - ::group::Pre task execution logs
[2025-04-22T20:23:41.905+0000] {taskinstance.py:2076} INFO - Dependencies all met for dep_context=non-requeueable deps ti=<TaskInstance: final_project_BBDL.LandingToBronze manual__2025-04-22T20:23:40.805490+00:00 [queued]>
[2025-04-22T20:23:41.913+0000] {taskinstance.py:2076} INFO - Dependencies all met for dep_context=requeueable deps ti=<TaskInstance: final_project_BBDL.LandingToBronze manual__2025-04-22T20:23:40.805490+00:00 [queued]>
[2025-04-22T20:23:41.914+0000] {taskinstance.py:2306} INFO - Starting attempt 1 of 1
[2025-04-22T20:23:41.949+0000] {taskinstance.py:2330} INFO - Executing <Task(PythonOperator): LandingToBronze> on 2025-04-22 20:23:40.805490+00:00
[2025-04-22T20:23:41.955+0000] {logging_mixin.py:188} WARNING - /home/airflow/.local/lib/python3.12/site-packages/airflow/task/task_runner/standard_task_runner.py:61 DeprecationWarning: This process (pid=174) is multi-threaded, use of fork() may lead to deadlocks in the child.
[2025-04-22T20:23:41.957+0000] {standard_task_runner.py:63} INFO - Started process 175 to run task
[2025-04-22T20:23:41.956+0000] {standard_task_runner.py:90} INFO - Running: ['airflow', 'tasks', 'run', 'final_project_BBDL', 'LandingToBronze', 'manual__2025-04-22T20:23:40.805490+00:00', '--job-id', '2', '--raw', '--subdir', 'DAGS_FOLDER/project_solution.py', '--cfg-path', '/tmp/tmpi4e4234h']
[2025-04-22T20:23:41.958+0000] {standard_task_runner.py:91} INFO - Job 2: Subtask LandingToBronze
[2025-04-22T20:23:42.024+0000] {logging_mixin.py:188} WARNING - /home/airflow/.local/lib/python3.12/site-packages/airflow/settings.py:195 DeprecationWarning: The sql_alchemy_conn option in [core] has been moved to the sql_alchemy_conn option in [database] - the old setting has been used, but please update your config.
[2025-04-22T20:23:42.111+0000] {task_command.py:426} INFO - Running <TaskInstance: final_project_BBDL.LandingToBronze manual__2025-04-22T20:23:40.805490+00:00 [running]> on host dd94849a7735
[2025-04-22T20:23:42.348+0000] {taskinstance.py:2648} INFO - Exporting env vars: AIRFLOW_CTX_DAG_OWNER='airflow' AIRFLOW_CTX_DAG_ID='final_project_BBDL' AIRFLOW_CTX_TASK_ID='LandingToBronze' AIRFLOW_CTX_EXECUTION_DATE='2025-04-22T20:23:40.805490+00:00' AIRFLOW_CTX_TRY_NUMBER='1' AIRFLOW_CTX_DAG_RUN_ID='manual__2025-04-22T20:23:40.805490+00:00'
[2025-04-22T20:23:42.349+0000] {taskinstance.py:430} INFO - ::endgroup::
[2025-04-22T20:23:42.459+0000] {logging_mixin.py:188} INFO - === JAVA ===
[2025-04-22T20:23:42.503+0000] {logging_mixin.py:188} INFO - openjdk version "17.0.14" 2025-01-21
OpenJDK Runtime Environment (build 17.0.14+7-Debian-1deb12u1)
OpenJDK 64-Bit Server VM (build 17.0.14+7-Debian-1deb12u1, mixed mode, sharing)
[2025-04-22T20:23:42.504+0000] {logging_mixin.py:188} INFO - JAVA_HOME = /usr/lib/jvm/java-17-openjdk-amd64
[2025-04-22T20:23:42.504+0000] {logging_mixin.py:188} INFO - SPARK_HOME = /opt/spark
[2025-04-22T20:23:42.622+0000] {taskinstance.py:441} INFO - ::group::Post task execution logs
[2025-04-22T20:23:42.623+0000] {taskinstance.py:2905} ERROR - Task failed with exception
Traceback (most recent call last):
  File "/home/airflow/.local/lib/python3.12/site-packages/airflow/models/taskinstance.py", line 465, in _execute_task
    result = _execute_callable(context=context, **execute_callable_kwargs)
             ^^^^^^^^^^^^^^^^^^^^^^^^^^^^^^^^^^^^^^^^^^^^^^^^^^^^^^^^^^^^^
  File "/home/airflow/.local/lib/python3.12/site-packages/airflow/models/taskinstance.py", line 432, in _execute_callable
    return execute_callable(context=context, **execute_callable_kwargs)
           ^^^^^^^^^^^^^^^^^^^^^^^^^^^^^^^^^^^^^^^^^^^^^^^^^^^^^^^^^^^^
  File "/home/airflow/.local/lib/python3.12/site-packages/airflow/models/baseoperator.py", line 400, in wrapper
    return func(self, *args, **kwargs)
           ^^^^^^^^^^^^^^^^^^^^^^^^^^^
  File "/home/airflow/.local/lib/python3.12/site-packages/airflow/operators/python.py", line 235, in execute
    return_value = self.execute_callable()
                   ^^^^^^^^^^^^^^^^^^^^^^^
  File "/home/airflow/.local/lib/python3.12/site-packages/airflow/operators/python.py", line 252, in execute_callable
    return self.python_callable(*self.op_args, **self.op_kwargs)
           ^^^^^^^^^^^^^^^^^^^^^^^^^^^^^^^^^^^^^^^^^^^^^^^^^^^^^
  File "/opt/airflow/dags/landing_to_bronze.py", line 33, in main
    .getOrCreate()
     ^^^^^^^^^^^^^
  File "/home/airflow/.local/lib/python3.12/site-packages/pyspark/sql/session.py", line 497, in getOrCreate
    sc = SparkContext.getOrCreate(sparkConf)
         ^^^^^^^^^^^^^^^^^^^^^^^^^^^^^^^^^^^
  File "/home/airflow/.local/lib/python3.12/site-packages/pyspark/context.py", line 515, in getOrCreate
    SparkContext(conf=conf or SparkConf())
  File "/home/airflow/.local/lib/python3.12/site-packages/pyspark/context.py", line 201, in __init__
    SparkContext._ensure_initialized(self, gateway=gateway, conf=conf)
  File "/home/airflow/.local/lib/python3.12/site-packages/pyspark/context.py", line 436, in _ensure_initialized
    SparkContext._gateway = gateway or launch_gateway(conf)
                                       ^^^^^^^^^^^^^^^^^^^^
  File "/home/airflow/.local/lib/python3.12/site-packages/pyspark/java_gateway.py", line 107, in launch_gateway
    raise PySparkRuntimeError(
pyspark.errors.exceptions.base.PySparkRuntimeError: [JAVA_GATEWAY_EXITED] Java gateway process exited before sending its port number.
[2025-04-22T20:23:42.660+0000] {taskinstance.py:1206} INFO - Marking task as FAILED. dag_id=final_project_BBDL, task_id=LandingToBronze, run_id=manual__2025-04-22T20:23:40.805490+00:00, execution_date=20250422T202340, start_date=20250422T202341, end_date=20250422T202342
[2025-04-22T20:23:42.695+0000] {standard_task_runner.py:110} ERROR - Failed to execute job 2 for task LandingToBronze ([JAVA_GATEWAY_EXITED] Java gateway process exited before sending its port number.; 175)
[2025-04-22T20:23:42.713+0000] {local_task_job_runner.py:240} INFO - Task exited with return code 1
[2025-04-22T20:23:42.759+0000] {taskinstance.py:3498} INFO - 0 downstream tasks scheduled from follow-on schedule check
[2025-04-22T20:23:42.787+0000] {local_task_job_runner.py:222} INFO - ::endgroup::
