[2025-05-06T10:31:51.956+0000] {taskinstance.py:1103} INFO - Dependencies all met for dep_context=non-requeueable deps ti=<TaskInstance: final_project_BBDL.BronzeToSilver manual__2025-05-06T10:31:31.572161+00:00 [queued]>
[2025-05-06T10:31:51.967+0000] {taskinstance.py:1103} INFO - Dependencies all met for dep_context=requeueable deps ti=<TaskInstance: final_project_BBDL.BronzeToSilver manual__2025-05-06T10:31:31.572161+00:00 [queued]>
[2025-05-06T10:31:51.968+0000] {taskinstance.py:1308} INFO - Starting attempt 1 of 1
[2025-05-06T10:31:52.034+0000] {taskinstance.py:1327} INFO - Executing <Task(SparkSubmitOperator): BronzeToSilver> on 2025-05-06 10:31:31.572161+00:00
[2025-05-06T10:31:52.043+0000] {standard_task_runner.py:57} INFO - Started process 21809 to run task
[2025-05-06T10:31:52.049+0000] {standard_task_runner.py:84} INFO - Running: ['airflow', 'tasks', 'run', 'final_project_BBDL', 'BronzeToSilver', 'manual__2025-05-06T10:31:31.572161+00:00', '--job-id', '58', '--raw', '--subdir', 'DAGS_FOLDER/project_solution.py', '--cfg-path', '/tmp/tmp1dtxtic2']
[2025-05-06T10:31:52.051+0000] {standard_task_runner.py:85} INFO - Job 58: Subtask BronzeToSilver
[2025-05-06T10:31:52.131+0000] {logging_mixin.py:150} WARNING - /home/airflow/.local/lib/python3.7/site-packages/airflow/settings.py:195 DeprecationWarning: The sql_alchemy_conn option in [core] has been moved to the sql_alchemy_conn option in [database] - the old setting has been used, but please update your config.
[2025-05-06T10:31:52.177+0000] {task_command.py:410} INFO - Running <TaskInstance: final_project_BBDL.BronzeToSilver manual__2025-05-06T10:31:31.572161+00:00 [running]> on host b431f09a1fa6
[2025-05-06T10:31:52.324+0000] {taskinstance.py:1547} INFO - Exporting env vars: AIRFLOW_CTX_DAG_OWNER='airflow' AIRFLOW_CTX_DAG_ID='final_project_BBDL' AIRFLOW_CTX_TASK_ID='BronzeToSilver' AIRFLOW_CTX_EXECUTION_DATE='2025-05-06T10:31:31.572161+00:00' AIRFLOW_CTX_TRY_NUMBER='1' AIRFLOW_CTX_DAG_RUN_ID='manual__2025-05-06T10:31:31.572161+00:00'
[2025-05-06T10:31:52.335+0000] {base.py:73} INFO - Using connection ID 'spark_default' for task execution.
[2025-05-06T10:31:52.338+0000] {spark_submit.py:339} INFO - Spark-Submit cmd: spark-submit --master spark://spark-master:7077 --conf spark.master=spark://spark-master:7077 --conf spark.submit.deployMode=client --conf spark.pyspark.python=/usr/bin/python3 --conf spark.executorEnv.PYSPARK_PYTHON=/usr/bin/python3 --name BronzeToSilver --verbose --queue root.default /opt/airflow/dags/bronze_to_silver.py
[2025-05-06T10:31:53.823+0000] {spark_submit.py:490} INFO - Using properties file: null
[2025-05-06T10:31:53.934+0000] {spark_submit.py:490} INFO - Parsed arguments:
[2025-05-06T10:31:53.935+0000] {spark_submit.py:490} INFO - master                  spark://spark-master:7077
[2025-05-06T10:31:53.935+0000] {spark_submit.py:490} INFO - deployMode              client
[2025-05-06T10:31:53.935+0000] {spark_submit.py:490} INFO - executorMemory          null
[2025-05-06T10:31:53.935+0000] {spark_submit.py:490} INFO - executorCores           null
[2025-05-06T10:31:53.935+0000] {spark_submit.py:490} INFO - totalExecutorCores      null
[2025-05-06T10:31:53.935+0000] {spark_submit.py:490} INFO - propertiesFile          null
[2025-05-06T10:31:53.935+0000] {spark_submit.py:490} INFO - driverMemory            null
[2025-05-06T10:31:53.935+0000] {spark_submit.py:490} INFO - driverCores             null
[2025-05-06T10:31:53.935+0000] {spark_submit.py:490} INFO - driverExtraClassPath    null
[2025-05-06T10:31:53.935+0000] {spark_submit.py:490} INFO - driverExtraLibraryPath  null
[2025-05-06T10:31:53.935+0000] {spark_submit.py:490} INFO - driverExtraJavaOptions  null
[2025-05-06T10:31:53.935+0000] {spark_submit.py:490} INFO - supervise               false
[2025-05-06T10:31:53.935+0000] {spark_submit.py:490} INFO - queue                   root.default
[2025-05-06T10:31:53.935+0000] {spark_submit.py:490} INFO - numExecutors            null
[2025-05-06T10:31:53.936+0000] {spark_submit.py:490} INFO - files                   null
[2025-05-06T10:31:53.936+0000] {spark_submit.py:490} INFO - pyFiles                 null
[2025-05-06T10:31:53.936+0000] {spark_submit.py:490} INFO - archives                null
[2025-05-06T10:31:53.936+0000] {spark_submit.py:490} INFO - mainClass               null
[2025-05-06T10:31:53.936+0000] {spark_submit.py:490} INFO - primaryResource         file:/opt/airflow/dags/bronze_to_silver.py
[2025-05-06T10:31:53.936+0000] {spark_submit.py:490} INFO - name                    BronzeToSilver
[2025-05-06T10:31:53.936+0000] {spark_submit.py:490} INFO - childArgs               []
[2025-05-06T10:31:53.936+0000] {spark_submit.py:490} INFO - jars                    null
[2025-05-06T10:31:53.936+0000] {spark_submit.py:490} INFO - packages                null
[2025-05-06T10:31:53.936+0000] {spark_submit.py:490} INFO - packagesExclusions      null
[2025-05-06T10:31:53.936+0000] {spark_submit.py:490} INFO - repositories            null
[2025-05-06T10:31:53.936+0000] {spark_submit.py:490} INFO - verbose                 true
[2025-05-06T10:31:53.936+0000] {spark_submit.py:490} INFO - 
[2025-05-06T10:31:53.937+0000] {spark_submit.py:490} INFO - Spark properties used, including those specified through
[2025-05-06T10:31:53.937+0000] {spark_submit.py:490} INFO - --conf and those from the properties file null:
[2025-05-06T10:31:53.937+0000] {spark_submit.py:490} INFO - (spark.executorEnv.PYSPARK_PYTHON,/usr/bin/python3)
[2025-05-06T10:31:53.937+0000] {spark_submit.py:490} INFO - (spark.master,spark://spark-master:7077)
[2025-05-06T10:31:53.937+0000] {spark_submit.py:490} INFO - (spark.pyspark.python,/usr/bin/python3)
[2025-05-06T10:31:53.937+0000] {spark_submit.py:490} INFO - (spark.submit.deployMode,client)
[2025-05-06T10:31:53.937+0000] {spark_submit.py:490} INFO - 
[2025-05-06T10:31:53.937+0000] {spark_submit.py:490} INFO - 
[2025-05-06T10:31:54.197+0000] {spark_submit.py:490} INFO - Main class:
[2025-05-06T10:31:54.197+0000] {spark_submit.py:490} INFO - org.apache.spark.deploy.PythonRunner
[2025-05-06T10:31:54.198+0000] {spark_submit.py:490} INFO - Arguments:
[2025-05-06T10:31:54.198+0000] {spark_submit.py:490} INFO - file:/opt/airflow/dags/bronze_to_silver.py
[2025-05-06T10:31:54.198+0000] {spark_submit.py:490} INFO - null
[2025-05-06T10:31:54.201+0000] {spark_submit.py:490} INFO - Spark config:
[2025-05-06T10:31:54.201+0000] {spark_submit.py:490} INFO - (spark.app.name,BronzeToSilver)
[2025-05-06T10:31:54.201+0000] {spark_submit.py:490} INFO - (spark.app.submitTime,1746527514179)
[2025-05-06T10:31:54.201+0000] {spark_submit.py:490} INFO - (spark.executorEnv.PYSPARK_PYTHON,/usr/bin/python3)
[2025-05-06T10:31:54.201+0000] {spark_submit.py:490} INFO - (spark.master,spark://spark-master:7077)
[2025-05-06T10:31:54.201+0000] {spark_submit.py:490} INFO - (spark.pyspark.python,/usr/bin/python3)
[2025-05-06T10:31:54.201+0000] {spark_submit.py:490} INFO - (spark.submit.deployMode,client)
[2025-05-06T10:31:54.202+0000] {spark_submit.py:490} INFO - (spark.submit.pyFiles,)
[2025-05-06T10:31:54.202+0000] {spark_submit.py:490} INFO - Classpath elements:
[2025-05-06T10:31:54.202+0000] {spark_submit.py:490} INFO - 
[2025-05-06T10:31:54.202+0000] {spark_submit.py:490} INFO - 
[2025-05-06T10:31:54.202+0000] {spark_submit.py:490} INFO - 
[2025-05-06T10:31:54.645+0000] {spark_submit.py:490} INFO - 25/05/06 10:31:54 INFO SparkContext: Running Spark version 3.3.0
[2025-05-06T10:31:54.705+0000] {spark_submit.py:490} INFO - 25/05/06 10:31:54 WARN NativeCodeLoader: Unable to load native-hadoop library for your platform... using builtin-java classes where applicable
[2025-05-06T10:31:54.785+0000] {spark_submit.py:490} INFO - 25/05/06 10:31:54 INFO ResourceUtils: ==============================================================
[2025-05-06T10:31:54.786+0000] {spark_submit.py:490} INFO - 25/05/06 10:31:54 INFO ResourceUtils: No custom resources configured for spark.driver.
[2025-05-06T10:31:54.786+0000] {spark_submit.py:490} INFO - 25/05/06 10:31:54 INFO ResourceUtils: ==============================================================
[2025-05-06T10:31:54.786+0000] {spark_submit.py:490} INFO - 25/05/06 10:31:54 INFO SparkContext: Submitted application: Bronze to Silver ETL
[2025-05-06T10:31:54.810+0000] {spark_submit.py:490} INFO - 25/05/06 10:31:54 INFO ResourceProfile: Default ResourceProfile created, executor resources: Map(cores -> name: cores, amount: 1, script: , vendor: , memory -> name: memory, amount: 1024, script: , vendor: , offHeap -> name: offHeap, amount: 0, script: , vendor: ), task resources: Map(cpus -> name: cpus, amount: 1.0)
[2025-05-06T10:31:54.821+0000] {spark_submit.py:490} INFO - 25/05/06 10:31:54 INFO ResourceProfile: Limiting resource is cpu
[2025-05-06T10:31:54.821+0000] {spark_submit.py:490} INFO - 25/05/06 10:31:54 INFO ResourceProfileManager: Added ResourceProfile id: 0
[2025-05-06T10:31:54.868+0000] {spark_submit.py:490} INFO - 25/05/06 10:31:54 INFO SecurityManager: Changing view acls to: root
[2025-05-06T10:31:54.869+0000] {spark_submit.py:490} INFO - 25/05/06 10:31:54 INFO SecurityManager: Changing modify acls to: root
[2025-05-06T10:31:54.869+0000] {spark_submit.py:490} INFO - 25/05/06 10:31:54 INFO SecurityManager: Changing view acls groups to:
[2025-05-06T10:31:54.870+0000] {spark_submit.py:490} INFO - 25/05/06 10:31:54 INFO SecurityManager: Changing modify acls groups to:
[2025-05-06T10:31:54.870+0000] {spark_submit.py:490} INFO - 25/05/06 10:31:54 INFO SecurityManager: SecurityManager: authentication disabled; ui acls disabled; users  with view permissions: Set(root); groups with view permissions: Set(); users  with modify permissions: Set(root); groups with modify permissions: Set()
[2025-05-06T10:31:55.132+0000] {spark_submit.py:490} INFO - 25/05/06 10:31:55 INFO Utils: Successfully started service 'sparkDriver' on port 37221.
[2025-05-06T10:31:55.161+0000] {spark_submit.py:490} INFO - 25/05/06 10:31:55 INFO SparkEnv: Registering MapOutputTracker
[2025-05-06T10:31:55.192+0000] {spark_submit.py:490} INFO - 25/05/06 10:31:55 INFO SparkEnv: Registering BlockManagerMaster
[2025-05-06T10:31:55.211+0000] {spark_submit.py:490} INFO - 25/05/06 10:31:55 INFO BlockManagerMasterEndpoint: Using org.apache.spark.storage.DefaultTopologyMapper for getting topology information
[2025-05-06T10:31:55.211+0000] {spark_submit.py:490} INFO - 25/05/06 10:31:55 INFO BlockManagerMasterEndpoint: BlockManagerMasterEndpoint up
[2025-05-06T10:31:55.215+0000] {spark_submit.py:490} INFO - 25/05/06 10:31:55 INFO SparkEnv: Registering BlockManagerMasterHeartbeat
[2025-05-06T10:31:55.234+0000] {spark_submit.py:490} INFO - 25/05/06 10:31:55 INFO DiskBlockManager: Created local directory at /tmp/blockmgr-53a4b022-c5c9-4952-9e61-133f77babb52
[2025-05-06T10:31:55.265+0000] {spark_submit.py:490} INFO - 25/05/06 10:31:55 INFO MemoryStore: MemoryStore started with capacity 434.4 MiB
[2025-05-06T10:31:55.281+0000] {spark_submit.py:490} INFO - 25/05/06 10:31:55 INFO SparkEnv: Registering OutputCommitCoordinator
[2025-05-06T10:31:55.458+0000] {spark_submit.py:490} INFO - 25/05/06 10:31:55 INFO Utils: Successfully started service 'SparkUI' on port 4040.
[2025-05-06T10:31:55.564+0000] {spark_submit.py:490} INFO - 25/05/06 10:31:55 INFO StandaloneAppClient$ClientEndpoint: Connecting to master spark://spark-master:7077...
[2025-05-06T10:31:55.606+0000] {spark_submit.py:490} INFO - 25/05/06 10:31:55 INFO TransportClientFactory: Successfully created connection to spark-master/172.18.0.3:7077 after 24 ms (0 ms spent in bootstraps)
[2025-05-06T10:31:55.681+0000] {spark_submit.py:490} INFO - 25/05/06 10:31:55 INFO StandaloneSchedulerBackend: Connected to Spark cluster with app ID app-20250506103155-0050
[2025-05-06T10:31:55.682+0000] {spark_submit.py:490} INFO - 25/05/06 10:31:55 INFO StandaloneAppClient$ClientEndpoint: Executor added: app-20250506103155-0050/0 on worker-20250505201940-172.18.0.6-38439 (172.18.0.6:38439) with 2 core(s)
[2025-05-06T10:31:55.686+0000] {spark_submit.py:490} INFO - 25/05/06 10:31:55 INFO StandaloneSchedulerBackend: Granted executor ID app-20250506103155-0050/0 on hostPort 172.18.0.6:38439 with 2 core(s), 1024.0 MiB RAM
[2025-05-06T10:31:55.690+0000] {spark_submit.py:490} INFO - 25/05/06 10:31:55 INFO Utils: Successfully started service 'org.apache.spark.network.netty.NettyBlockTransferService' on port 41511.
[2025-05-06T10:31:55.690+0000] {spark_submit.py:490} INFO - 25/05/06 10:31:55 INFO NettyBlockTransferService: Server created on b431f09a1fa6:41511
[2025-05-06T10:31:55.692+0000] {spark_submit.py:490} INFO - 25/05/06 10:31:55 INFO BlockManager: Using org.apache.spark.storage.RandomBlockReplicationPolicy for block replication policy
[2025-05-06T10:31:55.700+0000] {spark_submit.py:490} INFO - 25/05/06 10:31:55 INFO BlockManagerMaster: Registering BlockManager BlockManagerId(driver, b431f09a1fa6, 41511, None)
[2025-05-06T10:31:55.704+0000] {spark_submit.py:490} INFO - 25/05/06 10:31:55 INFO BlockManagerMasterEndpoint: Registering block manager b431f09a1fa6:41511 with 434.4 MiB RAM, BlockManagerId(driver, b431f09a1fa6, 41511, None)
[2025-05-06T10:31:55.707+0000] {spark_submit.py:490} INFO - 25/05/06 10:31:55 INFO BlockManagerMaster: Registered BlockManager BlockManagerId(driver, b431f09a1fa6, 41511, None)
[2025-05-06T10:31:55.708+0000] {spark_submit.py:490} INFO - 25/05/06 10:31:55 INFO BlockManager: Initialized BlockManager: BlockManagerId(driver, b431f09a1fa6, 41511, None)
[2025-05-06T10:31:55.718+0000] {spark_submit.py:490} INFO - 25/05/06 10:31:55 INFO StandaloneAppClient$ClientEndpoint: Executor updated: app-20250506103155-0050/0 is now RUNNING
[2025-05-06T10:31:55.929+0000] {spark_submit.py:490} INFO - 25/05/06 10:31:55 INFO StandaloneSchedulerBackend: SchedulerBackend is ready for scheduling beginning after reached minRegisteredResourcesRatio: 0.0
[2025-05-06T10:31:56.110+0000] {spark_submit.py:490} INFO - 🔍 Читання з: /tmp/spark_data/bronze/athlete_event_results/20250506_*
[2025-05-06T10:31:56.185+0000] {spark_submit.py:490} INFO - 25/05/06 10:31:56 INFO SharedState: Setting hive.metastore.warehouse.dir ('null') to the value of spark.sql.warehouse.dir.
[2025-05-06T10:31:56.195+0000] {spark_submit.py:490} INFO - 25/05/06 10:31:56 INFO SharedState: Warehouse path is 'file:/opt/airflow/spark-warehouse'.
[2025-05-06T10:31:57.149+0000] {spark_submit.py:490} INFO - 25/05/06 10:31:57 INFO InMemoryFileIndex: It took 74 ms to list leaf files for 9 paths.
[2025-05-06T10:31:57.619+0000] {spark_submit.py:490} INFO - 25/05/06 10:31:57 INFO SparkContext: Starting job: load at NativeMethodAccessorImpl.java:0
[2025-05-06T10:31:57.635+0000] {spark_submit.py:490} INFO - 25/05/06 10:31:57 INFO DAGScheduler: Got job 0 (load at NativeMethodAccessorImpl.java:0) with 1 output partitions
[2025-05-06T10:31:57.636+0000] {spark_submit.py:490} INFO - 25/05/06 10:31:57 INFO DAGScheduler: Final stage: ResultStage 0 (load at NativeMethodAccessorImpl.java:0)
[2025-05-06T10:31:57.637+0000] {spark_submit.py:490} INFO - 25/05/06 10:31:57 INFO DAGScheduler: Parents of final stage: List()
[2025-05-06T10:31:57.639+0000] {spark_submit.py:490} INFO - 25/05/06 10:31:57 INFO DAGScheduler: Missing parents: List()
[2025-05-06T10:31:57.644+0000] {spark_submit.py:490} INFO - 25/05/06 10:31:57 INFO DAGScheduler: Submitting ResultStage 0 (MapPartitionsRDD[1] at load at NativeMethodAccessorImpl.java:0), which has no missing parents
[2025-05-06T10:31:57.705+0000] {spark_submit.py:490} INFO - 25/05/06 10:31:57 INFO MemoryStore: Block broadcast_0 stored as values in memory (estimated size 102.8 KiB, free 434.3 MiB)
[2025-05-06T10:31:57.746+0000] {spark_submit.py:490} INFO - 25/05/06 10:31:57 INFO MemoryStore: Block broadcast_0_piece0 stored as bytes in memory (estimated size 36.9 KiB, free 434.3 MiB)
[2025-05-06T10:31:57.750+0000] {spark_submit.py:490} INFO - 25/05/06 10:31:57 INFO BlockManagerInfo: Added broadcast_0_piece0 in memory on b431f09a1fa6:41511 (size: 36.9 KiB, free: 434.4 MiB)
[2025-05-06T10:31:57.754+0000] {spark_submit.py:490} INFO - 25/05/06 10:31:57 INFO SparkContext: Created broadcast 0 from broadcast at DAGScheduler.scala:1513
[2025-05-06T10:31:57.778+0000] {spark_submit.py:490} INFO - 25/05/06 10:31:57 INFO DAGScheduler: Submitting 1 missing tasks from ResultStage 0 (MapPartitionsRDD[1] at load at NativeMethodAccessorImpl.java:0) (first 15 tasks are for partitions Vector(0))
[2025-05-06T10:31:57.780+0000] {spark_submit.py:490} INFO - 25/05/06 10:31:57 INFO TaskSchedulerImpl: Adding task set 0.0 with 1 tasks resource profile 0
[2025-05-06T10:31:58.594+0000] {spark_submit.py:490} INFO - 25/05/06 10:31:58 INFO CoarseGrainedSchedulerBackend$DriverEndpoint: Registered executor NettyRpcEndpointRef(spark-client://Executor) (172.18.0.6:43380) with ID 0,  ResourceProfileId 0
[2025-05-06T10:31:58.669+0000] {spark_submit.py:490} INFO - 25/05/06 10:31:58 INFO BlockManagerMasterEndpoint: Registering block manager 172.18.0.6:37521 with 366.3 MiB RAM, BlockManagerId(0, 172.18.0.6, 37521, None)
[2025-05-06T10:31:58.726+0000] {spark_submit.py:490} INFO - 25/05/06 10:31:58 INFO TaskSetManager: Starting task 0.0 in stage 0.0 (TID 0) (172.18.0.6, executor 0, partition 0, PROCESS_LOCAL, 4685 bytes) taskResourceAssignments Map()
[2025-05-06T10:31:58.943+0000] {spark_submit.py:490} INFO - 25/05/06 10:31:58 INFO BlockManagerInfo: Added broadcast_0_piece0 in memory on 172.18.0.6:37521 (size: 36.9 KiB, free: 366.3 MiB)
[2025-05-06T10:31:59.816+0000] {spark_submit.py:490} INFO - 25/05/06 10:31:59 INFO TaskSetManager: Finished task 0.0 in stage 0.0 (TID 0) in 1099 ms on 172.18.0.6 (executor 0) (1/1)
[2025-05-06T10:31:59.817+0000] {spark_submit.py:490} INFO - 25/05/06 10:31:59 INFO TaskSchedulerImpl: Removed TaskSet 0.0, whose tasks have all completed, from pool
[2025-05-06T10:31:59.822+0000] {spark_submit.py:490} INFO - 25/05/06 10:31:59 INFO DAGScheduler: ResultStage 0 (load at NativeMethodAccessorImpl.java:0) finished in 2.164 s
[2025-05-06T10:31:59.824+0000] {spark_submit.py:490} INFO - 25/05/06 10:31:59 INFO DAGScheduler: Job 0 is finished. Cancelling potential speculative or zombie tasks for this job
[2025-05-06T10:31:59.825+0000] {spark_submit.py:490} INFO - 25/05/06 10:31:59 INFO TaskSchedulerImpl: Killing all running tasks in stage 0: Stage finished
[2025-05-06T10:31:59.826+0000] {spark_submit.py:490} INFO - 25/05/06 10:31:59 INFO DAGScheduler: Job 0 finished: load at NativeMethodAccessorImpl.java:0, took 2.209229 s
[2025-05-06T10:32:00.312+0000] {spark_submit.py:490} INFO - 25/05/06 10:32:00 INFO BlockManagerInfo: Removed broadcast_0_piece0 on b431f09a1fa6:41511 in memory (size: 36.9 KiB, free: 434.4 MiB)
[2025-05-06T10:32:00.319+0000] {spark_submit.py:490} INFO - 25/05/06 10:32:00 INFO BlockManagerInfo: Removed broadcast_0_piece0 on 172.18.0.6:37521 in memory (size: 36.9 KiB, free: 366.3 MiB)
[2025-05-06T10:32:01.100+0000] {spark_submit.py:490} INFO - 📑 Схема початкового датафрейму:
[2025-05-06T10:32:01.117+0000] {spark_submit.py:490} INFO - root
[2025-05-06T10:32:01.117+0000] {spark_submit.py:490} INFO - |-- edition: string (nullable = true)
[2025-05-06T10:32:01.117+0000] {spark_submit.py:490} INFO - |-- edition_id: string (nullable = true)
[2025-05-06T10:32:01.118+0000] {spark_submit.py:490} INFO - |-- country_noc: string (nullable = true)
[2025-05-06T10:32:01.118+0000] {spark_submit.py:490} INFO - |-- sport: string (nullable = true)
[2025-05-06T10:32:01.118+0000] {spark_submit.py:490} INFO - |-- event: string (nullable = true)
[2025-05-06T10:32:01.118+0000] {spark_submit.py:490} INFO - |-- result_id: string (nullable = true)
[2025-05-06T10:32:01.118+0000] {spark_submit.py:490} INFO - |-- athlete: string (nullable = true)
[2025-05-06T10:32:01.118+0000] {spark_submit.py:490} INFO - |-- athlete_id: string (nullable = true)
[2025-05-06T10:32:01.118+0000] {spark_submit.py:490} INFO - |-- pos: string (nullable = true)
[2025-05-06T10:32:01.118+0000] {spark_submit.py:490} INFO - |-- medal: string (nullable = true)
[2025-05-06T10:32:01.118+0000] {spark_submit.py:490} INFO - |-- isTeamSport: string (nullable = true)
[2025-05-06T10:32:01.118+0000] {spark_submit.py:490} INFO - 
[2025-05-06T10:32:01.118+0000] {spark_submit.py:490} INFO - 🔎 Перші 5 рядків з Bronze:
[2025-05-06T10:32:01.464+0000] {spark_submit.py:490} INFO - 25/05/06 10:32:01 INFO FileSourceStrategy: Pushed Filters:
[2025-05-06T10:32:01.465+0000] {spark_submit.py:490} INFO - 25/05/06 10:32:01 INFO FileSourceStrategy: Post-Scan Filters:
[2025-05-06T10:32:01.467+0000] {spark_submit.py:490} INFO - 25/05/06 10:32:01 INFO FileSourceStrategy: Output Data Schema: struct<edition: string, edition_id: string, country_noc: string, sport: string, event: string ... 9 more fields>
[2025-05-06T10:32:01.798+0000] {spark_submit.py:490} INFO - 25/05/06 10:32:01 INFO CodeGenerator: Code generated in 198.989474 ms
[2025-05-06T10:32:01.827+0000] {spark_submit.py:490} INFO - 25/05/06 10:32:01 INFO MemoryStore: Block broadcast_1 stored as values in memory (estimated size 202.0 KiB, free 434.2 MiB)
[2025-05-06T10:32:01.840+0000] {spark_submit.py:490} INFO - 25/05/06 10:32:01 INFO MemoryStore: Block broadcast_1_piece0 stored as bytes in memory (estimated size 34.8 KiB, free 434.2 MiB)
[2025-05-06T10:32:01.841+0000] {spark_submit.py:490} INFO - 25/05/06 10:32:01 INFO BlockManagerInfo: Added broadcast_1_piece0 in memory on b431f09a1fa6:41511 (size: 34.8 KiB, free: 434.4 MiB)
[2025-05-06T10:32:01.842+0000] {spark_submit.py:490} INFO - 25/05/06 10:32:01 INFO SparkContext: Created broadcast 1 from showString at NativeMethodAccessorImpl.java:0
[2025-05-06T10:32:01.863+0000] {spark_submit.py:490} INFO - 25/05/06 10:32:01 INFO FileSourceScanExec: Planning scan with bin packing, max size: 61155018 bytes, open cost is considered as scanning 4194304 bytes.
[2025-05-06T10:32:01.911+0000] {spark_submit.py:490} INFO - 25/05/06 10:32:01 INFO SparkContext: Starting job: showString at NativeMethodAccessorImpl.java:0
[2025-05-06T10:32:01.912+0000] {spark_submit.py:490} INFO - 25/05/06 10:32:01 INFO DAGScheduler: Got job 1 (showString at NativeMethodAccessorImpl.java:0) with 1 output partitions
[2025-05-06T10:32:01.913+0000] {spark_submit.py:490} INFO - 25/05/06 10:32:01 INFO DAGScheduler: Final stage: ResultStage 1 (showString at NativeMethodAccessorImpl.java:0)
[2025-05-06T10:32:01.913+0000] {spark_submit.py:490} INFO - 25/05/06 10:32:01 INFO DAGScheduler: Parents of final stage: List()
[2025-05-06T10:32:01.913+0000] {spark_submit.py:490} INFO - 25/05/06 10:32:01 INFO DAGScheduler: Missing parents: List()
[2025-05-06T10:32:01.915+0000] {spark_submit.py:490} INFO - 25/05/06 10:32:01 INFO DAGScheduler: Submitting ResultStage 1 (MapPartitionsRDD[5] at showString at NativeMethodAccessorImpl.java:0), which has no missing parents
[2025-05-06T10:32:01.944+0000] {spark_submit.py:490} INFO - 25/05/06 10:32:01 INFO MemoryStore: Block broadcast_2 stored as values in memory (estimated size 18.4 KiB, free 434.2 MiB)
[2025-05-06T10:32:01.948+0000] {spark_submit.py:490} INFO - 25/05/06 10:32:01 INFO MemoryStore: Block broadcast_2_piece0 stored as bytes in memory (estimated size 6.5 KiB, free 434.1 MiB)
[2025-05-06T10:32:01.949+0000] {spark_submit.py:490} INFO - 25/05/06 10:32:01 INFO BlockManagerInfo: Added broadcast_2_piece0 in memory on b431f09a1fa6:41511 (size: 6.5 KiB, free: 434.4 MiB)
[2025-05-06T10:32:01.950+0000] {spark_submit.py:490} INFO - 25/05/06 10:32:01 INFO SparkContext: Created broadcast 2 from broadcast at DAGScheduler.scala:1513
[2025-05-06T10:32:01.951+0000] {spark_submit.py:490} INFO - 25/05/06 10:32:01 INFO DAGScheduler: Submitting 1 missing tasks from ResultStage 1 (MapPartitionsRDD[5] at showString at NativeMethodAccessorImpl.java:0) (first 15 tasks are for partitions Vector(0))
[2025-05-06T10:32:01.951+0000] {spark_submit.py:490} INFO - 25/05/06 10:32:01 INFO TaskSchedulerImpl: Adding task set 1.0 with 1 tasks resource profile 0
[2025-05-06T10:32:01.955+0000] {spark_submit.py:490} INFO - 25/05/06 10:32:01 INFO TaskSetManager: Starting task 0.0 in stage 1.0 (TID 1) (172.18.0.6, executor 0, partition 0, PROCESS_LOCAL, 6458 bytes) taskResourceAssignments Map()
[2025-05-06T10:32:01.994+0000] {spark_submit.py:490} INFO - 25/05/06 10:32:01 INFO BlockManagerInfo: Added broadcast_2_piece0 in memory on 172.18.0.6:37521 (size: 6.5 KiB, free: 366.3 MiB)
[2025-05-06T10:32:02.684+0000] {spark_submit.py:490} INFO - 25/05/06 10:32:02 INFO BlockManagerInfo: Added broadcast_1_piece0 in memory on 172.18.0.6:37521 (size: 34.8 KiB, free: 366.3 MiB)
[2025-05-06T10:32:03.117+0000] {spark_submit.py:490} INFO - 25/05/06 10:32:03 INFO TaskSetManager: Finished task 0.0 in stage 1.0 (TID 1) in 1165 ms on 172.18.0.6 (executor 0) (1/1)
[2025-05-06T10:32:03.117+0000] {spark_submit.py:490} INFO - 25/05/06 10:32:03 INFO TaskSchedulerImpl: Removed TaskSet 1.0, whose tasks have all completed, from pool
[2025-05-06T10:32:03.118+0000] {spark_submit.py:490} INFO - 25/05/06 10:32:03 INFO DAGScheduler: ResultStage 1 (showString at NativeMethodAccessorImpl.java:0) finished in 1.200 s
[2025-05-06T10:32:03.119+0000] {spark_submit.py:490} INFO - 25/05/06 10:32:03 INFO DAGScheduler: Job 1 is finished. Cancelling potential speculative or zombie tasks for this job
[2025-05-06T10:32:03.119+0000] {spark_submit.py:490} INFO - 25/05/06 10:32:03 INFO TaskSchedulerImpl: Killing all running tasks in stage 1: Stage finished
[2025-05-06T10:32:03.119+0000] {spark_submit.py:490} INFO - 25/05/06 10:32:03 INFO DAGScheduler: Job 1 finished: showString at NativeMethodAccessorImpl.java:0, took 1.208520 s
[2025-05-06T10:32:03.169+0000] {spark_submit.py:490} INFO - 25/05/06 10:32:03 INFO CodeGenerator: Code generated in 24.577086 ms
[2025-05-06T10:32:03.180+0000] {spark_submit.py:490} INFO - +--------------------+----------+-----------+---------+---------------+---------+---------------+----------+---------+-----+-----------+
[2025-05-06T10:32:03.181+0000] {spark_submit.py:490} INFO - |edition             |edition_id|country_noc|sport    |event          |result_id|athlete        |athlete_id|pos      |medal|isTeamSport|
[2025-05-06T10:32:03.181+0000] {spark_submit.py:490} INFO - +--------------------+----------+-----------+---------+---------------+---------+---------------+----------+---------+-----+-----------+
[2025-05-06T10:32:03.181+0000] {spark_submit.py:490} INFO - |1908 Summer Olympics|5         |ANZ        |Athletics|100 metres, Men|56265    |Ernest Hutcheon|64710     |DNS      |null |False      |
[2025-05-06T10:32:03.181+0000] {spark_submit.py:490} INFO - |1908 Summer Olympics|5         |ANZ        |Athletics|400 metres, Men|56313    |Henry Murray   |64756     |DNS      |null |False      |
[2025-05-06T10:32:03.181+0000] {spark_submit.py:490} INFO - |1908 Summer Olympics|5         |ANZ        |Athletics|800 metres, Men|56338    |Harvey Sutton  |64808     |3 h8 r1/2|null |False      |
[2025-05-06T10:32:03.181+0000] {spark_submit.py:490} INFO - |1908 Summer Olympics|5         |ANZ        |Athletics|800 metres, Men|56338    |Guy Haskins    |922519    |DNS      |null |False      |
[2025-05-06T10:32:03.181+0000] {spark_submit.py:490} INFO - |1908 Summer Olympics|5         |ANZ        |Athletics|800 metres, Men|56338    |Joseph Lynch   |64735     |DNS      |null |False      |
[2025-05-06T10:32:03.181+0000] {spark_submit.py:490} INFO - +--------------------+----------+-----------+---------+---------------+---------+---------------+----------+---------+-----+-----------+
[2025-05-06T10:32:03.181+0000] {spark_submit.py:490} INFO - only showing top 5 rows
[2025-05-06T10:32:03.182+0000] {spark_submit.py:490} INFO - 
[2025-05-06T10:32:03.182+0000] {spark_submit.py:490} INFO - 🧼 Чищення датафрейму...
[2025-05-06T10:32:03.496+0000] {spark_submit.py:490} INFO - 📑 Схема очищеного датафрейму:
[2025-05-06T10:32:03.497+0000] {spark_submit.py:490} INFO - root
[2025-05-06T10:32:03.497+0000] {spark_submit.py:490} INFO - |-- edition: string (nullable = true)
[2025-05-06T10:32:03.497+0000] {spark_submit.py:490} INFO - |-- edition_id: string (nullable = true)
[2025-05-06T10:32:03.497+0000] {spark_submit.py:490} INFO - |-- country_noc: string (nullable = true)
[2025-05-06T10:32:03.497+0000] {spark_submit.py:490} INFO - |-- sport: string (nullable = true)
[2025-05-06T10:32:03.497+0000] {spark_submit.py:490} INFO - |-- event: string (nullable = true)
[2025-05-06T10:32:03.497+0000] {spark_submit.py:490} INFO - |-- result_id: string (nullable = true)
[2025-05-06T10:32:03.497+0000] {spark_submit.py:490} INFO - |-- athlete: string (nullable = true)
[2025-05-06T10:32:03.497+0000] {spark_submit.py:490} INFO - |-- athlete_id: string (nullable = true)
[2025-05-06T10:32:03.497+0000] {spark_submit.py:490} INFO - |-- pos: string (nullable = true)
[2025-05-06T10:32:03.497+0000] {spark_submit.py:490} INFO - |-- medal: string (nullable = true)
[2025-05-06T10:32:03.497+0000] {spark_submit.py:490} INFO - |-- isTeamSport: string (nullable = true)
[2025-05-06T10:32:03.498+0000] {spark_submit.py:490} INFO - 
[2025-05-06T10:32:03.498+0000] {spark_submit.py:490} INFO - 🔎 Перші 10 рядків після очищення:
[2025-05-06T10:32:03.566+0000] {spark_submit.py:490} INFO - 25/05/06 10:32:03 INFO FileSourceStrategy: Pushed Filters:
[2025-05-06T10:32:03.567+0000] {spark_submit.py:490} INFO - 25/05/06 10:32:03 INFO FileSourceStrategy: Post-Scan Filters:
[2025-05-06T10:32:03.567+0000] {spark_submit.py:490} INFO - 25/05/06 10:32:03 INFO FileSourceStrategy: Output Data Schema: struct<edition: string, edition_id: string, country_noc: string, sport: string, event: string ... 9 more fields>
[2025-05-06T10:32:03.628+0000] {spark_submit.py:490} INFO - 25/05/06 10:32:03 INFO CodeGenerator: Code generated in 18.742827 ms
[2025-05-06T10:32:03.642+0000] {spark_submit.py:490} INFO - 25/05/06 10:32:03 INFO MemoryStore: Block broadcast_3 stored as values in memory (estimated size 202.0 KiB, free 433.9 MiB)
[2025-05-06T10:32:03.655+0000] {spark_submit.py:490} INFO - 25/05/06 10:32:03 INFO MemoryStore: Block broadcast_3_piece0 stored as bytes in memory (estimated size 34.8 KiB, free 433.9 MiB)
[2025-05-06T10:32:03.656+0000] {spark_submit.py:490} INFO - 25/05/06 10:32:03 INFO BlockManagerInfo: Added broadcast_3_piece0 in memory on b431f09a1fa6:41511 (size: 34.8 KiB, free: 434.3 MiB)
[2025-05-06T10:32:03.658+0000] {spark_submit.py:490} INFO - 25/05/06 10:32:03 INFO SparkContext: Created broadcast 3 from showString at NativeMethodAccessorImpl.java:0
[2025-05-06T10:32:03.661+0000] {spark_submit.py:490} INFO - 25/05/06 10:32:03 INFO FileSourceScanExec: Planning scan with bin packing, max size: 61155018 bytes, open cost is considered as scanning 4194304 bytes.
[2025-05-06T10:32:03.724+0000] {spark_submit.py:490} INFO - 25/05/06 10:32:03 INFO SparkContext: Starting job: showString at NativeMethodAccessorImpl.java:0
[2025-05-06T10:32:03.726+0000] {spark_submit.py:490} INFO - 25/05/06 10:32:03 INFO DAGScheduler: Got job 2 (showString at NativeMethodAccessorImpl.java:0) with 1 output partitions
[2025-05-06T10:32:03.726+0000] {spark_submit.py:490} INFO - 25/05/06 10:32:03 INFO DAGScheduler: Final stage: ResultStage 2 (showString at NativeMethodAccessorImpl.java:0)
[2025-05-06T10:32:03.726+0000] {spark_submit.py:490} INFO - 25/05/06 10:32:03 INFO DAGScheduler: Parents of final stage: List()
[2025-05-06T10:32:03.727+0000] {spark_submit.py:490} INFO - 25/05/06 10:32:03 INFO DAGScheduler: Missing parents: List()
[2025-05-06T10:32:03.729+0000] {spark_submit.py:490} INFO - 25/05/06 10:32:03 INFO DAGScheduler: Submitting ResultStage 2 (MapPartitionsRDD[12] at showString at NativeMethodAccessorImpl.java:0), which has no missing parents
[2025-05-06T10:32:03.738+0000] {spark_submit.py:490} INFO - 25/05/06 10:32:03 INFO MemoryStore: Block broadcast_4 stored as values in memory (estimated size 48.1 KiB, free 433.9 MiB)
[2025-05-06T10:32:03.743+0000] {spark_submit.py:490} INFO - 25/05/06 10:32:03 INFO MemoryStore: Block broadcast_4_piece0 stored as bytes in memory (estimated size 16.0 KiB, free 433.9 MiB)
[2025-05-06T10:32:03.745+0000] {spark_submit.py:490} INFO - 25/05/06 10:32:03 INFO BlockManagerInfo: Added broadcast_4_piece0 in memory on b431f09a1fa6:41511 (size: 16.0 KiB, free: 434.3 MiB)
[2025-05-06T10:32:03.745+0000] {spark_submit.py:490} INFO - 25/05/06 10:32:03 INFO SparkContext: Created broadcast 4 from broadcast at DAGScheduler.scala:1513
[2025-05-06T10:32:03.746+0000] {spark_submit.py:490} INFO - 25/05/06 10:32:03 INFO DAGScheduler: Submitting 1 missing tasks from ResultStage 2 (MapPartitionsRDD[12] at showString at NativeMethodAccessorImpl.java:0) (first 15 tasks are for partitions Vector(0))
[2025-05-06T10:32:03.746+0000] {spark_submit.py:490} INFO - 25/05/06 10:32:03 INFO TaskSchedulerImpl: Adding task set 2.0 with 1 tasks resource profile 0
[2025-05-06T10:32:03.748+0000] {spark_submit.py:490} INFO - 25/05/06 10:32:03 INFO TaskSetManager: Starting task 0.0 in stage 2.0 (TID 2) (172.18.0.6, executor 0, partition 0, PROCESS_LOCAL, 6458 bytes) taskResourceAssignments Map()
[2025-05-06T10:32:03.767+0000] {spark_submit.py:490} INFO - 25/05/06 10:32:03 INFO BlockManagerInfo: Added broadcast_4_piece0 in memory on 172.18.0.6:37521 (size: 16.0 KiB, free: 366.2 MiB)
[2025-05-06T10:32:04.421+0000] {spark_submit.py:490} INFO - 25/05/06 10:32:04 INFO BlockManagerInfo: Added broadcast_3_piece0 in memory on 172.18.0.6:37521 (size: 34.8 KiB, free: 366.2 MiB)
[2025-05-06T10:32:04.552+0000] {spark_submit.py:490} INFO - 25/05/06 10:32:04 INFO TaskSetManager: Finished task 0.0 in stage 2.0 (TID 2) in 805 ms on 172.18.0.6 (executor 0) (1/1)
[2025-05-06T10:32:04.553+0000] {spark_submit.py:490} INFO - 25/05/06 10:32:04 INFO TaskSchedulerImpl: Removed TaskSet 2.0, whose tasks have all completed, from pool
[2025-05-06T10:32:04.556+0000] {spark_submit.py:490} INFO - 25/05/06 10:32:04 INFO PythonAccumulatorV2: Connected to AccumulatorServer at host: 127.0.0.1 port: 46155
[2025-05-06T10:32:04.557+0000] {spark_submit.py:490} INFO - 25/05/06 10:32:04 INFO DAGScheduler: ResultStage 2 (showString at NativeMethodAccessorImpl.java:0) finished in 0.827 s
[2025-05-06T10:32:04.560+0000] {spark_submit.py:490} INFO - 25/05/06 10:32:04 INFO DAGScheduler: Job 2 is finished. Cancelling potential speculative or zombie tasks for this job
[2025-05-06T10:32:04.560+0000] {spark_submit.py:490} INFO - 25/05/06 10:32:04 INFO TaskSchedulerImpl: Killing all running tasks in stage 2: Stage finished
[2025-05-06T10:32:04.560+0000] {spark_submit.py:490} INFO - 25/05/06 10:32:04 INFO DAGScheduler: Job 2 finished: showString at NativeMethodAccessorImpl.java:0, took 0.835658 s
[2025-05-06T10:32:04.571+0000] {spark_submit.py:490} INFO - +--------------------+----------+-----------+---------+---------------+---------+---------------+----------+---------+-----+-----------+
[2025-05-06T10:32:04.572+0000] {spark_submit.py:490} INFO - |edition             |edition_id|country_noc|sport    |event          |result_id|athlete        |athlete_id|pos      |medal|isTeamSport|
[2025-05-06T10:32:04.572+0000] {spark_submit.py:490} INFO - +--------------------+----------+-----------+---------+---------------+---------+---------------+----------+---------+-----+-----------+
[2025-05-06T10:32:04.572+0000] {spark_submit.py:490} INFO - |1908 summer olympics|5         |anz        |athletics|100 metres men |56265    |ernest hutcheon|64710     |dns      |     |false      |
[2025-05-06T10:32:04.572+0000] {spark_submit.py:490} INFO - |1908 summer olympics|5         |anz        |athletics|400 metres men |56313    |henry murray   |64756     |dns      |     |false      |
[2025-05-06T10:32:04.572+0000] {spark_submit.py:490} INFO - |1908 summer olympics|5         |anz        |athletics|800 metres men |56338    |harvey sutton  |64808     |3 h8 r12 |     |false      |
[2025-05-06T10:32:04.572+0000] {spark_submit.py:490} INFO - |1908 summer olympics|5         |anz        |athletics|800 metres men |56338    |guy haskins    |922519    |dns      |     |false      |
[2025-05-06T10:32:04.572+0000] {spark_submit.py:490} INFO - |1908 summer olympics|5         |anz        |athletics|800 metres men |56338    |joseph lynch   |64735     |dns      |     |false      |
[2025-05-06T10:32:04.572+0000] {spark_submit.py:490} INFO - |1908 summer olympics|5         |anz        |athletics|800 metres men |56338    |henry murray   |64756     |dns      |     |false      |
[2025-05-06T10:32:04.572+0000] {spark_submit.py:490} INFO - |1908 summer olympics|5         |anz        |athletics|1500 metres men|56349    |joseph lynch   |64735     |5 h2 r12 |     |false      |
[2025-05-06T10:32:04.573+0000] {spark_submit.py:490} INFO - |1908 summer olympics|5         |anz        |athletics|1500 metres men|56349    |charles swain  |79576     |ac h3 r12|     |false      |
[2025-05-06T10:32:04.573+0000] {spark_submit.py:490} INFO - |1908 summer olympics|5         |anz        |athletics|1500 metres men|56349    |guy haskins    |922519    |dns      |     |false      |
[2025-05-06T10:32:04.573+0000] {spark_submit.py:490} INFO - |1908 summer olympics|5         |anz        |athletics|1500 metres men|56349    |george blake   |64619     |dns      |     |false      |
[2025-05-06T10:32:04.573+0000] {spark_submit.py:490} INFO - +--------------------+----------+-----------+---------+---------------+---------+---------------+----------+---------+-----+-----------+
[2025-05-06T10:32:04.573+0000] {spark_submit.py:490} INFO - only showing top 10 rows
[2025-05-06T10:32:04.573+0000] {spark_submit.py:490} INFO - 
[2025-05-06T10:32:04.573+0000] {spark_submit.py:490} INFO - 💾 Збереження до Silver рівня: /tmp/spark_data/silver/athlete_event_results/20250506
[2025-05-06T10:32:04.621+0000] {spark_submit.py:490} INFO - 25/05/06 10:32:04 INFO FileSourceStrategy: Pushed Filters:
[2025-05-06T10:32:04.622+0000] {spark_submit.py:490} INFO - 25/05/06 10:32:04 INFO FileSourceStrategy: Post-Scan Filters:
[2025-05-06T10:32:04.622+0000] {spark_submit.py:490} INFO - 25/05/06 10:32:04 INFO FileSourceStrategy: Output Data Schema: struct<edition: string, edition_id: string, country_noc: string, sport: string, event: string ... 9 more fields>
[2025-05-06T10:32:04.667+0000] {spark_submit.py:490} INFO - 25/05/06 10:32:04 INFO ParquetFileFormat: Using default output committer for Parquet: org.apache.parquet.hadoop.ParquetOutputCommitter
[2025-05-06T10:32:04.679+0000] {spark_submit.py:490} INFO - 25/05/06 10:32:04 INFO FileOutputCommitter: File Output Committer Algorithm version is 1
[2025-05-06T10:32:04.679+0000] {spark_submit.py:490} INFO - 25/05/06 10:32:04 INFO FileOutputCommitter: FileOutputCommitter skip cleanup _temporary folders under output directory:false, ignore cleanup failures: false
[2025-05-06T10:32:04.680+0000] {spark_submit.py:490} INFO - 25/05/06 10:32:04 INFO SQLHadoopMapReduceCommitProtocol: Using user defined output committer class org.apache.parquet.hadoop.ParquetOutputCommitter
[2025-05-06T10:32:04.680+0000] {spark_submit.py:490} INFO - 25/05/06 10:32:04 INFO FileOutputCommitter: File Output Committer Algorithm version is 1
[2025-05-06T10:32:04.680+0000] {spark_submit.py:490} INFO - 25/05/06 10:32:04 INFO FileOutputCommitter: FileOutputCommitter skip cleanup _temporary folders under output directory:false, ignore cleanup failures: false
[2025-05-06T10:32:04.681+0000] {spark_submit.py:490} INFO - 25/05/06 10:32:04 INFO SQLHadoopMapReduceCommitProtocol: Using output committer class org.apache.parquet.hadoop.ParquetOutputCommitter
[2025-05-06T10:32:04.714+0000] {spark_submit.py:490} INFO - 25/05/06 10:32:04 INFO MemoryStore: Block broadcast_5 stored as values in memory (estimated size 202.0 KiB, free 433.7 MiB)
[2025-05-06T10:32:04.724+0000] {spark_submit.py:490} INFO - 25/05/06 10:32:04 INFO MemoryStore: Block broadcast_5_piece0 stored as bytes in memory (estimated size 34.8 KiB, free 433.6 MiB)
[2025-05-06T10:32:04.725+0000] {spark_submit.py:490} INFO - 25/05/06 10:32:04 INFO BlockManagerInfo: Added broadcast_5_piece0 in memory on b431f09a1fa6:41511 (size: 34.8 KiB, free: 434.3 MiB)
[2025-05-06T10:32:04.726+0000] {spark_submit.py:490} INFO - 25/05/06 10:32:04 INFO SparkContext: Created broadcast 5 from parquet at NativeMethodAccessorImpl.java:0
[2025-05-06T10:32:04.728+0000] {spark_submit.py:490} INFO - 25/05/06 10:32:04 INFO FileSourceScanExec: Planning scan with bin packing, max size: 61155018 bytes, open cost is considered as scanning 4194304 bytes.
[2025-05-06T10:32:04.774+0000] {spark_submit.py:490} INFO - 25/05/06 10:32:04 INFO BlockManagerInfo: Removed broadcast_3_piece0 on 172.18.0.6:37521 in memory (size: 34.8 KiB, free: 366.2 MiB)
[2025-05-06T10:32:04.776+0000] {spark_submit.py:490} INFO - 25/05/06 10:32:04 INFO BlockManagerInfo: Removed broadcast_3_piece0 on b431f09a1fa6:41511 in memory (size: 34.8 KiB, free: 434.3 MiB)
[2025-05-06T10:32:04.792+0000] {spark_submit.py:490} INFO - 25/05/06 10:32:04 INFO BlockManagerInfo: Removed broadcast_1_piece0 on b431f09a1fa6:41511 in memory (size: 34.8 KiB, free: 434.3 MiB)
[2025-05-06T10:32:04.795+0000] {spark_submit.py:490} INFO - 25/05/06 10:32:04 INFO BlockManagerInfo: Removed broadcast_1_piece0 on 172.18.0.6:37521 in memory (size: 34.8 KiB, free: 366.3 MiB)
[2025-05-06T10:32:04.822+0000] {spark_submit.py:490} INFO - 25/05/06 10:32:04 INFO BlockManagerInfo: Removed broadcast_2_piece0 on b431f09a1fa6:41511 in memory (size: 6.5 KiB, free: 434.4 MiB)
[2025-05-06T10:32:04.822+0000] {spark_submit.py:490} INFO - 25/05/06 10:32:04 INFO BlockManagerInfo: Removed broadcast_2_piece0 on 172.18.0.6:37521 in memory (size: 6.5 KiB, free: 366.3 MiB)
[2025-05-06T10:32:04.830+0000] {spark_submit.py:490} INFO - 25/05/06 10:32:04 INFO SparkContext: Starting job: parquet at NativeMethodAccessorImpl.java:0
[2025-05-06T10:32:04.831+0000] {spark_submit.py:490} INFO - 25/05/06 10:32:04 INFO DAGScheduler: Got job 3 (parquet at NativeMethodAccessorImpl.java:0) with 2 output partitions
[2025-05-06T10:32:04.832+0000] {spark_submit.py:490} INFO - 25/05/06 10:32:04 INFO DAGScheduler: Final stage: ResultStage 3 (parquet at NativeMethodAccessorImpl.java:0)
[2025-05-06T10:32:04.832+0000] {spark_submit.py:490} INFO - 25/05/06 10:32:04 INFO DAGScheduler: Parents of final stage: List()
[2025-05-06T10:32:04.832+0000] {spark_submit.py:490} INFO - 25/05/06 10:32:04 INFO DAGScheduler: Missing parents: List()
[2025-05-06T10:32:04.834+0000] {spark_submit.py:490} INFO - 25/05/06 10:32:04 INFO DAGScheduler: Submitting ResultStage 3 (MapPartitionsRDD[18] at parquet at NativeMethodAccessorImpl.java:0), which has no missing parents
[2025-05-06T10:32:04.843+0000] {spark_submit.py:490} INFO - 25/05/06 10:32:04 INFO BlockManagerInfo: Removed broadcast_4_piece0 on b431f09a1fa6:41511 in memory (size: 16.0 KiB, free: 434.4 MiB)
[2025-05-06T10:32:04.851+0000] {spark_submit.py:490} INFO - 25/05/06 10:32:04 INFO BlockManagerInfo: Removed broadcast_4_piece0 on 172.18.0.6:37521 in memory (size: 16.0 KiB, free: 366.3 MiB)
[2025-05-06T10:32:04.855+0000] {spark_submit.py:490} INFO - 25/05/06 10:32:04 INFO MemoryStore: Block broadcast_6 stored as values in memory (estimated size 248.7 KiB, free 433.9 MiB)
[2025-05-06T10:32:04.858+0000] {spark_submit.py:490} INFO - 25/05/06 10:32:04 INFO MemoryStore: Block broadcast_6_piece0 stored as bytes in memory (estimated size 85.9 KiB, free 433.8 MiB)
[2025-05-06T10:32:04.859+0000] {spark_submit.py:490} INFO - 25/05/06 10:32:04 INFO BlockManagerInfo: Added broadcast_6_piece0 in memory on b431f09a1fa6:41511 (size: 85.9 KiB, free: 434.3 MiB)
[2025-05-06T10:32:04.859+0000] {spark_submit.py:490} INFO - 25/05/06 10:32:04 INFO SparkContext: Created broadcast 6 from broadcast at DAGScheduler.scala:1513
[2025-05-06T10:32:04.860+0000] {spark_submit.py:490} INFO - 25/05/06 10:32:04 INFO DAGScheduler: Submitting 2 missing tasks from ResultStage 3 (MapPartitionsRDD[18] at parquet at NativeMethodAccessorImpl.java:0) (first 15 tasks are for partitions Vector(0, 1))
[2025-05-06T10:32:04.860+0000] {spark_submit.py:490} INFO - 25/05/06 10:32:04 INFO TaskSchedulerImpl: Adding task set 3.0 with 2 tasks resource profile 0
[2025-05-06T10:32:04.861+0000] {spark_submit.py:490} INFO - 25/05/06 10:32:04 INFO TaskSetManager: Starting task 0.0 in stage 3.0 (TID 3) (172.18.0.6, executor 0, partition 0, PROCESS_LOCAL, 6458 bytes) taskResourceAssignments Map()
[2025-05-06T10:32:04.862+0000] {spark_submit.py:490} INFO - 25/05/06 10:32:04 INFO TaskSetManager: Starting task 1.0 in stage 3.0 (TID 4) (172.18.0.6, executor 0, partition 1, PROCESS_LOCAL, 6458 bytes) taskResourceAssignments Map()
[2025-05-06T10:32:04.882+0000] {spark_submit.py:490} INFO - 25/05/06 10:32:04 INFO BlockManagerInfo: Added broadcast_6_piece0 in memory on 172.18.0.6:37521 (size: 85.9 KiB, free: 366.2 MiB)
[2025-05-06T10:32:05.033+0000] {spark_submit.py:490} INFO - 25/05/06 10:32:05 INFO BlockManagerInfo: Added broadcast_5_piece0 in memory on 172.18.0.6:37521 (size: 34.8 KiB, free: 366.2 MiB)
[2025-05-06T10:32:42.095+0000] {spark_submit.py:490} INFO - 25/05/06 10:32:42 INFO TaskSetManager: Finished task 1.0 in stage 3.0 (TID 4) in 37233 ms on 172.18.0.6 (executor 0) (1/2)
[2025-05-06T10:32:51.335+0000] {spark_submit.py:490} INFO - 25/05/06 10:32:51 INFO TaskSetManager: Finished task 0.0 in stage 3.0 (TID 3) in 46474 ms on 172.18.0.6 (executor 0) (2/2)
[2025-05-06T10:32:51.336+0000] {spark_submit.py:490} INFO - 25/05/06 10:32:51 INFO TaskSchedulerImpl: Removed TaskSet 3.0, whose tasks have all completed, from pool
[2025-05-06T10:32:51.337+0000] {spark_submit.py:490} INFO - 25/05/06 10:32:51 INFO DAGScheduler: ResultStage 3 (parquet at NativeMethodAccessorImpl.java:0) finished in 46.500 s
[2025-05-06T10:32:51.337+0000] {spark_submit.py:490} INFO - 25/05/06 10:32:51 INFO DAGScheduler: Job 3 is finished. Cancelling potential speculative or zombie tasks for this job
[2025-05-06T10:32:51.338+0000] {spark_submit.py:490} INFO - 25/05/06 10:32:51 INFO TaskSchedulerImpl: Killing all running tasks in stage 3: Stage finished
[2025-05-06T10:32:51.338+0000] {spark_submit.py:490} INFO - 25/05/06 10:32:51 INFO DAGScheduler: Job 3 finished: parquet at NativeMethodAccessorImpl.java:0, took 46.517184 s
[2025-05-06T10:32:51.341+0000] {spark_submit.py:490} INFO - 25/05/06 10:32:51 INFO FileFormatWriter: Start to commit write Job 251fb329-786f-4441-ae7a-738c6ee0830a.
[2025-05-06T10:32:51.365+0000] {spark_submit.py:490} INFO - 25/05/06 10:32:51 INFO FileFormatWriter: Write Job 251fb329-786f-4441-ae7a-738c6ee0830a committed. Elapsed time: 23 ms.
[2025-05-06T10:32:51.368+0000] {spark_submit.py:490} INFO - 25/05/06 10:32:51 INFO FileFormatWriter: Finished processing stats for write job 251fb329-786f-4441-ae7a-738c6ee0830a.
[2025-05-06T10:32:51.370+0000] {spark_submit.py:490} INFO - ✅ Збережено до Silver: /tmp/spark_data/silver/athlete_event_results/20250506
[2025-05-06T10:32:51.370+0000] {spark_submit.py:490} INFO - 📁 Шлях збереження Silver: /tmp/spark_data/silver/athlete_event_results/20250506
[2025-05-06T10:32:51.370+0000] {spark_submit.py:490} INFO - 📂 Вміст директорії:
[2025-05-06T10:32:51.371+0000] {spark_submit.py:490} INFO - ['.part-00000-de25335f-2141-47d3-8878-d50e3ac4ae76-c000.snappy.parquet.crc', '.part-00001-de25335f-2141-47d3-8878-d50e3ac4ae76-c000.snappy.parquet.crc', '_SUCCESS', 'part-00000-de25335f-2141-47d3-8878-d50e3ac4ae76-c000.snappy.parquet', '._SUCCESS.crc', 'part-00001-de25335f-2141-47d3-8878-d50e3ac4ae76-c000.snappy.parquet']
[2025-05-06T10:32:51.381+0000] {spark_submit.py:490} INFO - 25/05/06 10:32:51 INFO SparkUI: Stopped Spark web UI at http://b431f09a1fa6:4040
[2025-05-06T10:32:51.385+0000] {spark_submit.py:490} INFO - 25/05/06 10:32:51 INFO StandaloneSchedulerBackend: Shutting down all executors
[2025-05-06T10:32:51.385+0000] {spark_submit.py:490} INFO - 25/05/06 10:32:51 INFO CoarseGrainedSchedulerBackend$DriverEndpoint: Asking each executor to shut down
[2025-05-06T10:32:51.410+0000] {spark_submit.py:490} INFO - 25/05/06 10:32:51 INFO MapOutputTrackerMasterEndpoint: MapOutputTrackerMasterEndpoint stopped!
[2025-05-06T10:32:51.425+0000] {spark_submit.py:490} INFO - 25/05/06 10:32:51 INFO MemoryStore: MemoryStore cleared
[2025-05-06T10:32:51.426+0000] {spark_submit.py:490} INFO - 25/05/06 10:32:51 INFO BlockManager: BlockManager stopped
[2025-05-06T10:32:51.428+0000] {spark_submit.py:490} INFO - 25/05/06 10:32:51 INFO BlockManagerMaster: BlockManagerMaster stopped
[2025-05-06T10:32:51.431+0000] {spark_submit.py:490} INFO - 25/05/06 10:32:51 INFO OutputCommitCoordinator$OutputCommitCoordinatorEndpoint: OutputCommitCoordinator stopped!
[2025-05-06T10:32:51.442+0000] {spark_submit.py:490} INFO - 25/05/06 10:32:51 INFO SparkContext: Successfully stopped SparkContext
[2025-05-06T10:32:52.395+0000] {spark_submit.py:490} INFO - 25/05/06 10:32:52 INFO ShutdownHookManager: Shutdown hook called
[2025-05-06T10:32:52.396+0000] {spark_submit.py:490} INFO - 25/05/06 10:32:52 INFO ShutdownHookManager: Deleting directory /tmp/spark-cebe01cd-5189-47e8-b802-1d107a0975f6/pyspark-ea256cd5-4cdf-4259-b71b-cdc9b1c6a449
[2025-05-06T10:32:52.400+0000] {spark_submit.py:490} INFO - 25/05/06 10:32:52 INFO ShutdownHookManager: Deleting directory /tmp/spark-d99a3053-32ac-40ec-a007-7d04ba059def
[2025-05-06T10:32:52.403+0000] {spark_submit.py:490} INFO - 25/05/06 10:32:52 INFO ShutdownHookManager: Deleting directory /tmp/spark-cebe01cd-5189-47e8-b802-1d107a0975f6
[2025-05-06T10:32:52.446+0000] {taskinstance.py:1350} INFO - Marking task as SUCCESS. dag_id=final_project_BBDL, task_id=BronzeToSilver, execution_date=20250506T103131, start_date=20250506T103151, end_date=20250506T103252
[2025-05-06T10:32:52.503+0000] {local_task_job_runner.py:225} INFO - Task exited with return code 0
[2025-05-06T10:32:52.525+0000] {taskinstance.py:2653} INFO - 1 downstream tasks scheduled from follow-on schedule check
