[2025-05-02T09:28:20.378+0000] {local_task_job_runner.py:120} INFO - ::group::Pre task execution logs
[2025-05-02T09:28:20.430+0000] {taskinstance.py:2076} INFO - Dependencies all met for dep_context=non-requeueable deps ti=<TaskInstance: final_project_BBDL.LandingToBronze manual__2025-05-02T09:28:18.397200+00:00 [queued]>
[2025-05-02T09:28:20.437+0000] {taskinstance.py:2076} INFO - Dependencies all met for dep_context=requeueable deps ti=<TaskInstance: final_project_BBDL.LandingToBronze manual__2025-05-02T09:28:18.397200+00:00 [queued]>
[2025-05-02T09:28:20.438+0000] {taskinstance.py:2306} INFO - Starting attempt 1 of 1
[2025-05-02T09:28:20.501+0000] {taskinstance.py:2330} INFO - Executing <Task(SparkSubmitOperator): LandingToBronze> on 2025-05-02 09:28:18.397200+00:00
[2025-05-02T09:28:20.505+0000] {standard_task_runner.py:63} INFO - Started process 232 to run task
[2025-05-02T09:28:20.509+0000] {standard_task_runner.py:90} INFO - Running: ['airflow', 'tasks', 'run', 'final_project_BBDL', 'LandingToBronze', 'manual__2025-05-02T09:28:18.397200+00:00', '--job-id', '17', '--raw', '--subdir', 'DAGS_FOLDER/project_solution.py', '--cfg-path', '/tmp/tmpx_hcx_1c']
[2025-05-02T09:28:20.511+0000] {standard_task_runner.py:91} INFO - Job 17: Subtask LandingToBronze
[2025-05-02T09:28:20.602+0000] {logging_mixin.py:188} WARNING - /home/airflow/.local/lib/python3.10/site-packages/airflow/settings.py:195 DeprecationWarning: The sql_alchemy_conn option in [core] has been moved to the sql_alchemy_conn option in [database] - the old setting has been used, but please update your config.
[2025-05-02T09:28:20.715+0000] {task_command.py:426} INFO - Running <TaskInstance: final_project_BBDL.LandingToBronze manual__2025-05-02T09:28:18.397200+00:00 [running]> on host d509b250153a
[2025-05-02T09:28:21.473+0000] {taskinstance.py:2648} INFO - Exporting env vars: AIRFLOW_CTX_DAG_OWNER='airflow' AIRFLOW_CTX_DAG_ID='final_project_BBDL' AIRFLOW_CTX_TASK_ID='LandingToBronze' AIRFLOW_CTX_EXECUTION_DATE='2025-05-02T09:28:18.397200+00:00' AIRFLOW_CTX_TRY_NUMBER='1' AIRFLOW_CTX_DAG_RUN_ID='manual__2025-05-02T09:28:18.397200+00:00'
[2025-05-02T09:28:21.474+0000] {taskinstance.py:430} INFO - ::endgroup::
[2025-05-02T09:28:21.670+0000] {base.py:84} INFO - Using connection ID 'spark_default' for task execution.
[2025-05-02T09:28:21.672+0000] {spark_submit.py:328} ERROR - Failed to decode base64 keytab: Invalid base64-encoded string: number of data characters (5) cannot be 1 more than a multiple of 4
[2025-05-02T09:28:21.672+0000] {spark_submit.py:305} INFO - Could not load connection string spark_default, defaulting to spark://spark-master:7077
[2025-05-02T09:28:21.674+0000] {spark_submit.py:474} INFO - Spark-Submit cmd: spark-submit --master spark://spark-master:7077 --conf spark.master=spark://spark-master:7077 --name LandingToBronze --verbose --queue root.default --deploy-mode client /opt/airflow/dags/landing_to_bronze.py
[2025-05-02T09:28:22.982+0000] {spark_submit.py:644} INFO - Using properties file: null
[2025-05-02T09:28:23.092+0000] {spark_submit.py:644} INFO - Parsed arguments:
[2025-05-02T09:28:23.092+0000] {spark_submit.py:644} INFO - master                  spark://spark-master:7077
[2025-05-02T09:28:23.092+0000] {spark_submit.py:644} INFO - deployMode              client
[2025-05-02T09:28:23.092+0000] {spark_submit.py:644} INFO - executorMemory          null
[2025-05-02T09:28:23.093+0000] {spark_submit.py:644} INFO - executorCores           null
[2025-05-02T09:28:23.093+0000] {spark_submit.py:644} INFO - totalExecutorCores      null
[2025-05-02T09:28:23.093+0000] {spark_submit.py:644} INFO - propertiesFile          null
[2025-05-02T09:28:23.093+0000] {spark_submit.py:644} INFO - driverMemory            null
[2025-05-02T09:28:23.093+0000] {spark_submit.py:644} INFO - driverCores             null
[2025-05-02T09:28:23.093+0000] {spark_submit.py:644} INFO - driverExtraClassPath    null
[2025-05-02T09:28:23.093+0000] {spark_submit.py:644} INFO - driverExtraLibraryPath  null
[2025-05-02T09:28:23.093+0000] {spark_submit.py:644} INFO - driverExtraJavaOptions  null
[2025-05-02T09:28:23.093+0000] {spark_submit.py:644} INFO - supervise               false
[2025-05-02T09:28:23.093+0000] {spark_submit.py:644} INFO - queue                   root.default
[2025-05-02T09:28:23.093+0000] {spark_submit.py:644} INFO - numExecutors            null
[2025-05-02T09:28:23.093+0000] {spark_submit.py:644} INFO - files                   null
[2025-05-02T09:28:23.094+0000] {spark_submit.py:644} INFO - pyFiles                 null
[2025-05-02T09:28:23.094+0000] {spark_submit.py:644} INFO - archives                null
[2025-05-02T09:28:23.094+0000] {spark_submit.py:644} INFO - mainClass               null
[2025-05-02T09:28:23.094+0000] {spark_submit.py:644} INFO - primaryResource         file:/opt/airflow/dags/landing_to_bronze.py
[2025-05-02T09:28:23.094+0000] {spark_submit.py:644} INFO - name                    LandingToBronze
[2025-05-02T09:28:23.094+0000] {spark_submit.py:644} INFO - childArgs               []
[2025-05-02T09:28:23.094+0000] {spark_submit.py:644} INFO - jars                    null
[2025-05-02T09:28:23.094+0000] {spark_submit.py:644} INFO - packages                null
[2025-05-02T09:28:23.094+0000] {spark_submit.py:644} INFO - packagesExclusions      null
[2025-05-02T09:28:23.094+0000] {spark_submit.py:644} INFO - repositories            null
[2025-05-02T09:28:23.094+0000] {spark_submit.py:644} INFO - verbose                 true
[2025-05-02T09:28:23.095+0000] {spark_submit.py:644} INFO - 
[2025-05-02T09:28:23.095+0000] {spark_submit.py:644} INFO - Spark properties used, including those specified through
[2025-05-02T09:28:23.095+0000] {spark_submit.py:644} INFO - --conf and those from the properties file null:
[2025-05-02T09:28:23.095+0000] {spark_submit.py:644} INFO - (spark.master,spark://spark-master:7077)
[2025-05-02T09:28:23.095+0000] {spark_submit.py:644} INFO - 
[2025-05-02T09:28:23.095+0000] {spark_submit.py:644} INFO - 
[2025-05-02T09:28:23.385+0000] {spark_submit.py:644} INFO - Main class:
[2025-05-02T09:28:23.386+0000] {spark_submit.py:644} INFO - org.apache.spark.deploy.PythonRunner
[2025-05-02T09:28:23.387+0000] {spark_submit.py:644} INFO - Arguments:
[2025-05-02T09:28:23.387+0000] {spark_submit.py:644} INFO - file:/opt/airflow/dags/landing_to_bronze.py
[2025-05-02T09:28:23.387+0000] {spark_submit.py:644} INFO - null
[2025-05-02T09:28:23.390+0000] {spark_submit.py:644} INFO - Spark config:
[2025-05-02T09:28:23.390+0000] {spark_submit.py:644} INFO - (spark.app.name,LandingToBronze)
[2025-05-02T09:28:23.390+0000] {spark_submit.py:644} INFO - (spark.app.submitTime,1746178103368)
[2025-05-02T09:28:23.390+0000] {spark_submit.py:644} INFO - (spark.master,spark://spark-master:7077)
[2025-05-02T09:28:23.390+0000] {spark_submit.py:644} INFO - (spark.submit.deployMode,client)
[2025-05-02T09:28:23.390+0000] {spark_submit.py:644} INFO - (spark.submit.pyFiles,)
[2025-05-02T09:28:23.390+0000] {spark_submit.py:644} INFO - Classpath elements:
[2025-05-02T09:28:23.390+0000] {spark_submit.py:644} INFO - 
[2025-05-02T09:28:23.391+0000] {spark_submit.py:644} INFO - 
[2025-05-02T09:28:23.391+0000] {spark_submit.py:644} INFO - 
[2025-05-02T09:28:24.320+0000] {spark_submit.py:644} INFO - 25/05/02 09:28:24 INFO SparkContext: Running Spark version 3.3.0
[2025-05-02T09:28:24.372+0000] {spark_submit.py:644} INFO - 25/05/02 09:28:24 WARN NativeCodeLoader: Unable to load native-hadoop library for your platform... using builtin-java classes where applicable
[2025-05-02T09:28:24.449+0000] {spark_submit.py:644} INFO - 25/05/02 09:28:24 INFO ResourceUtils: ==============================================================
[2025-05-02T09:28:24.449+0000] {spark_submit.py:644} INFO - 25/05/02 09:28:24 INFO ResourceUtils: No custom resources configured for spark.driver.
[2025-05-02T09:28:24.450+0000] {spark_submit.py:644} INFO - 25/05/02 09:28:24 INFO ResourceUtils: ==============================================================
[2025-05-02T09:28:24.450+0000] {spark_submit.py:644} INFO - 25/05/02 09:28:24 INFO SparkContext: Submitted application: LandingToBronze
[2025-05-02T09:28:24.469+0000] {spark_submit.py:644} INFO - 25/05/02 09:28:24 INFO ResourceProfile: Default ResourceProfile created, executor resources: Map(cores -> name: cores, amount: 1, script: , vendor: , memory -> name: memory, amount: 1024, script: , vendor: , offHeap -> name: offHeap, amount: 0, script: , vendor: ), task resources: Map(cpus -> name: cpus, amount: 1.0)
[2025-05-02T09:28:24.478+0000] {spark_submit.py:644} INFO - 25/05/02 09:28:24 INFO ResourceProfile: Limiting resource is cpu
[2025-05-02T09:28:24.480+0000] {spark_submit.py:644} INFO - 25/05/02 09:28:24 INFO ResourceProfileManager: Added ResourceProfile id: 0
[2025-05-02T09:28:24.526+0000] {spark_submit.py:644} INFO - 25/05/02 09:28:24 INFO SecurityManager: Changing view acls to: airflow
[2025-05-02T09:28:24.527+0000] {spark_submit.py:644} INFO - 25/05/02 09:28:24 INFO SecurityManager: Changing modify acls to: airflow
[2025-05-02T09:28:24.528+0000] {spark_submit.py:644} INFO - 25/05/02 09:28:24 INFO SecurityManager: Changing view acls groups to:
[2025-05-02T09:28:24.528+0000] {spark_submit.py:644} INFO - 25/05/02 09:28:24 INFO SecurityManager: Changing modify acls groups to:
[2025-05-02T09:28:24.528+0000] {spark_submit.py:644} INFO - 25/05/02 09:28:24 INFO SecurityManager: SecurityManager: authentication disabled; ui acls disabled; users  with view permissions: Set(airflow); groups with view permissions: Set(); users  with modify permissions: Set(airflow); groups with modify permissions: Set()
[2025-05-02T09:28:24.713+0000] {spark_submit.py:644} INFO - 25/05/02 09:28:24 INFO Utils: Successfully started service 'sparkDriver' on port 41887.
[2025-05-02T09:28:24.739+0000] {spark_submit.py:644} INFO - 25/05/02 09:28:24 INFO SparkEnv: Registering MapOutputTracker
[2025-05-02T09:28:24.768+0000] {spark_submit.py:644} INFO - 25/05/02 09:28:24 INFO SparkEnv: Registering BlockManagerMaster
[2025-05-02T09:28:24.783+0000] {spark_submit.py:644} INFO - 25/05/02 09:28:24 INFO BlockManagerMasterEndpoint: Using org.apache.spark.storage.DefaultTopologyMapper for getting topology information
[2025-05-02T09:28:24.784+0000] {spark_submit.py:644} INFO - 25/05/02 09:28:24 INFO BlockManagerMasterEndpoint: BlockManagerMasterEndpoint up
[2025-05-02T09:28:24.790+0000] {spark_submit.py:644} INFO - 25/05/02 09:28:24 INFO SparkEnv: Registering BlockManagerMasterHeartbeat
[2025-05-02T09:28:24.805+0000] {spark_submit.py:644} INFO - 25/05/02 09:28:24 INFO DiskBlockManager: Created local directory at /tmp/blockmgr-8e05196c-2555-4fcc-93e1-9d8164cef7b4
[2025-05-02T09:28:24.820+0000] {spark_submit.py:644} INFO - 25/05/02 09:28:24 INFO MemoryStore: MemoryStore started with capacity 434.4 MiB
[2025-05-02T09:28:24.833+0000] {spark_submit.py:644} INFO - 25/05/02 09:28:24 INFO SparkEnv: Registering OutputCommitCoordinator
[2025-05-02T09:28:24.995+0000] {spark_submit.py:644} INFO - 25/05/02 09:28:24 INFO Utils: Successfully started service 'SparkUI' on port 4040.
[2025-05-02T09:28:25.160+0000] {spark_submit.py:644} INFO - 25/05/02 09:28:25 INFO StandaloneAppClient$ClientEndpoint: Connecting to master spark://spark-master:7077...
[2025-05-02T09:28:25.210+0000] {spark_submit.py:644} INFO - 25/05/02 09:28:25 INFO TransportClientFactory: Successfully created connection to spark-master/172.19.0.3:7077 after 30 ms (0 ms spent in bootstraps)
[2025-05-02T09:28:25.338+0000] {spark_submit.py:644} INFO - 25/05/02 09:28:25 INFO StandaloneSchedulerBackend: Connected to Spark cluster with app ID app-20250502092825-0000
[2025-05-02T09:28:25.347+0000] {spark_submit.py:644} INFO - 25/05/02 09:28:25 INFO Utils: Successfully started service 'org.apache.spark.network.netty.NettyBlockTransferService' on port 37919.
[2025-05-02T09:28:25.347+0000] {spark_submit.py:644} INFO - 25/05/02 09:28:25 INFO NettyBlockTransferService: Server created on d509b250153a:37919
[2025-05-02T09:28:25.349+0000] {spark_submit.py:644} INFO - 25/05/02 09:28:25 INFO BlockManager: Using org.apache.spark.storage.RandomBlockReplicationPolicy for block replication policy
[2025-05-02T09:28:25.354+0000] {spark_submit.py:644} INFO - 25/05/02 09:28:25 INFO BlockManagerMaster: Registering BlockManager BlockManagerId(driver, d509b250153a, 37919, None)
[2025-05-02T09:28:25.359+0000] {spark_submit.py:644} INFO - 25/05/02 09:28:25 INFO BlockManagerMasterEndpoint: Registering block manager d509b250153a:37919 with 434.4 MiB RAM, BlockManagerId(driver, d509b250153a, 37919, None)
[2025-05-02T09:28:25.361+0000] {spark_submit.py:644} INFO - 25/05/02 09:28:25 INFO BlockManagerMaster: Registered BlockManager BlockManagerId(driver, d509b250153a, 37919, None)
[2025-05-02T09:28:25.363+0000] {spark_submit.py:644} INFO - 25/05/02 09:28:25 INFO BlockManager: Initialized BlockManager: BlockManagerId(driver, d509b250153a, 37919, None)
[2025-05-02T09:28:25.368+0000] {spark_submit.py:644} INFO - 25/05/02 09:28:25 INFO StandaloneAppClient$ClientEndpoint: Executor added: app-20250502092825-0000/0 on worker-20250502092522-172.19.0.7-39377 (172.19.0.7:39377) with 2 core(s)
[2025-05-02T09:28:25.372+0000] {spark_submit.py:644} INFO - 25/05/02 09:28:25 INFO StandaloneSchedulerBackend: Granted executor ID app-20250502092825-0000/0 on hostPort 172.19.0.7:39377 with 2 core(s), 1024.0 MiB RAM
[2025-05-02T09:28:25.550+0000] {spark_submit.py:644} INFO - 25/05/02 09:28:25 INFO StandaloneSchedulerBackend: SchedulerBackend is ready for scheduling beginning after reached minRegisteredResourcesRatio: 0.0
[2025-05-02T09:28:25.553+0000] {spark_submit.py:644} INFO - 25/05/02 09:28:25 INFO StandaloneAppClient$ClientEndpoint: Executor updated: app-20250502092825-0000/0 is now RUNNING
[2025-05-02T09:28:25.734+0000] {spark_submit.py:644} INFO - Traceback (most recent call last):
[2025-05-02T09:28:25.735+0000] {spark_submit.py:644} INFO - File "/opt/airflow/dags/landing_to_bronze.py", line 59, in <module>
[2025-05-02T09:28:25.735+0000] {spark_submit.py:644} INFO - main()
[2025-05-02T09:28:25.735+0000] {spark_submit.py:644} INFO - File "/opt/airflow/dags/landing_to_bronze.py", line 32, in main
[2025-05-02T09:28:25.735+0000] {spark_submit.py:644} INFO - os.makedirs(landing_dir)
[2025-05-02T09:28:25.736+0000] {spark_submit.py:644} INFO - File "/usr/local/lib/python3.10/os.py", line 215, in makedirs
[2025-05-02T09:28:25.736+0000] {spark_submit.py:644} INFO - makedirs(head, exist_ok=exist_ok)
[2025-05-02T09:28:25.736+0000] {spark_submit.py:644} INFO - File "/usr/local/lib/python3.10/os.py", line 225, in makedirs
[2025-05-02T09:28:25.736+0000] {spark_submit.py:644} INFO - mkdir(name, mode)
[2025-05-02T09:28:25.736+0000] {spark_submit.py:644} INFO - PermissionError: [Errno 13] Permission denied: '/opt/spark_data'
[2025-05-02T09:28:25.788+0000] {spark_submit.py:644} INFO - 25/05/02 09:28:25 INFO SparkContext: Invoking stop() from shutdown hook
[2025-05-02T09:28:25.799+0000] {spark_submit.py:644} INFO - 25/05/02 09:28:25 INFO SparkUI: Stopped Spark web UI at http://d509b250153a:4040
[2025-05-02T09:28:25.802+0000] {spark_submit.py:644} INFO - 25/05/02 09:28:25 INFO StandaloneSchedulerBackend: Shutting down all executors
[2025-05-02T09:28:25.804+0000] {spark_submit.py:644} INFO - 25/05/02 09:28:25 INFO CoarseGrainedSchedulerBackend$DriverEndpoint: Asking each executor to shut down
[2025-05-02T09:28:25.819+0000] {spark_submit.py:644} INFO - 25/05/02 09:28:25 INFO MapOutputTrackerMasterEndpoint: MapOutputTrackerMasterEndpoint stopped!
[2025-05-02T09:28:25.843+0000] {spark_submit.py:644} INFO - 25/05/02 09:28:25 INFO MemoryStore: MemoryStore cleared
[2025-05-02T09:28:25.844+0000] {spark_submit.py:644} INFO - 25/05/02 09:28:25 INFO BlockManager: BlockManager stopped
[2025-05-02T09:28:25.849+0000] {spark_submit.py:644} INFO - 25/05/02 09:28:25 INFO BlockManagerMaster: BlockManagerMaster stopped
[2025-05-02T09:28:25.851+0000] {spark_submit.py:644} INFO - 25/05/02 09:28:25 INFO OutputCommitCoordinator$OutputCommitCoordinatorEndpoint: OutputCommitCoordinator stopped!
[2025-05-02T09:28:25.874+0000] {spark_submit.py:644} INFO - 25/05/02 09:28:25 INFO SparkContext: Successfully stopped SparkContext
[2025-05-02T09:28:25.874+0000] {spark_submit.py:644} INFO - 25/05/02 09:28:25 INFO ShutdownHookManager: Shutdown hook called
[2025-05-02T09:28:25.875+0000] {spark_submit.py:644} INFO - 25/05/02 09:28:25 INFO ShutdownHookManager: Deleting directory /tmp/spark-8ccca038-0221-427e-a4a6-b51ed93357d7/pyspark-f1541543-aa40-4c77-8f03-bae3040a9935
[2025-05-02T09:28:25.879+0000] {spark_submit.py:644} INFO - 25/05/02 09:28:25 INFO ShutdownHookManager: Deleting directory /tmp/spark-8ccca038-0221-427e-a4a6-b51ed93357d7
[2025-05-02T09:28:25.883+0000] {spark_submit.py:644} INFO - 25/05/02 09:28:25 INFO ShutdownHookManager: Deleting directory /tmp/spark-266e0433-4fe5-4d5a-87ee-cb90630c17fc
[2025-05-02T09:28:25.905+0000] {taskinstance.py:441} INFO - ::group::Post task execution logs
[2025-05-02T09:28:25.940+0000] {taskinstance.py:2905} ERROR - Task failed with exception
Traceback (most recent call last):
  File "/home/airflow/.local/lib/python3.10/site-packages/airflow/models/taskinstance.py", line 465, in _execute_task
    result = _execute_callable(context=context, **execute_callable_kwargs)
  File "/home/airflow/.local/lib/python3.10/site-packages/airflow/models/taskinstance.py", line 432, in _execute_callable
    return execute_callable(context=context, **execute_callable_kwargs)
  File "/home/airflow/.local/lib/python3.10/site-packages/airflow/models/baseoperator.py", line 400, in wrapper
    return func(self, *args, **kwargs)
  File "/home/airflow/.local/lib/python3.10/site-packages/airflow/providers/apache/spark/operators/spark_submit.py", line 197, in execute
    self._hook.submit(self.application)
  File "/home/airflow/.local/lib/python3.10/site-packages/airflow/providers/apache/spark/hooks/spark_submit.py", line 566, in submit
    raise AirflowException(
airflow.exceptions.AirflowException: Cannot execute: spark-submit --master spark://spark-master:7077 --conf spark.master=spark://spark-master:7077 --name LandingToBronze --verbose --queue root.default --deploy-mode client /opt/airflow/dags/landing_to_bronze.py. Error code is: 1.
[2025-05-02T09:28:25.944+0000] {taskinstance.py:1206} INFO - Marking task as FAILED. dag_id=final_project_BBDL, task_id=LandingToBronze, run_id=manual__2025-05-02T09:28:18.397200+00:00, execution_date=20250502T092818, start_date=20250502T092820, end_date=20250502T092825
[2025-05-02T09:28:25.995+0000] {standard_task_runner.py:110} ERROR - Failed to execute job 17 for task LandingToBronze (Cannot execute: spark-submit --master spark://spark-master:7077 --conf spark.master=spark://spark-master:7077 --name LandingToBronze --verbose --queue root.default --deploy-mode client /opt/airflow/dags/landing_to_bronze.py. Error code is: 1.; 232)
[2025-05-02T09:28:26.023+0000] {local_task_job_runner.py:240} INFO - Task exited with return code 1
[2025-05-02T09:28:26.069+0000] {taskinstance.py:3498} INFO - 0 downstream tasks scheduled from follow-on schedule check
[2025-05-02T09:28:26.093+0000] {local_task_job_runner.py:222} INFO - ::endgroup::
