[2025-05-05T21:17:33.464+0000] {taskinstance.py:1103} INFO - Dependencies all met for dep_context=non-requeueable deps ti=<TaskInstance: final_project_BBDL.BronzeToSilver manual__2025-05-05T21:17:09.244017+00:00 [queued]>
[2025-05-05T21:17:33.474+0000] {taskinstance.py:1103} INFO - Dependencies all met for dep_context=requeueable deps ti=<TaskInstance: final_project_BBDL.BronzeToSilver manual__2025-05-05T21:17:09.244017+00:00 [queued]>
[2025-05-05T21:17:33.474+0000] {taskinstance.py:1308} INFO - Starting attempt 1 of 1
[2025-05-05T21:17:33.507+0000] {taskinstance.py:1327} INFO - Executing <Task(SparkSubmitOperator): BronzeToSilver> on 2025-05-05 21:17:09.244017+00:00
[2025-05-05T21:17:33.511+0000] {standard_task_runner.py:57} INFO - Started process 3745 to run task
[2025-05-05T21:17:33.513+0000] {standard_task_runner.py:84} INFO - Running: ['airflow', 'tasks', 'run', 'final_project_BBDL', 'BronzeToSilver', 'manual__2025-05-05T21:17:09.244017+00:00', '--job-id', '13', '--raw', '--subdir', 'DAGS_FOLDER/project_solution.py', '--cfg-path', '/tmp/tmpj40knfzi']
[2025-05-05T21:17:33.514+0000] {standard_task_runner.py:85} INFO - Job 13: Subtask BronzeToSilver
[2025-05-05T21:17:33.549+0000] {logging_mixin.py:150} WARNING - /home/airflow/.local/lib/python3.7/site-packages/airflow/settings.py:195 DeprecationWarning: The sql_alchemy_conn option in [core] has been moved to the sql_alchemy_conn option in [database] - the old setting has been used, but please update your config.
[2025-05-05T21:17:33.586+0000] {task_command.py:410} INFO - Running <TaskInstance: final_project_BBDL.BronzeToSilver manual__2025-05-05T21:17:09.244017+00:00 [running]> on host b431f09a1fa6
[2025-05-05T21:17:33.717+0000] {taskinstance.py:1547} INFO - Exporting env vars: AIRFLOW_CTX_DAG_OWNER='airflow' AIRFLOW_CTX_DAG_ID='final_project_BBDL' AIRFLOW_CTX_TASK_ID='BronzeToSilver' AIRFLOW_CTX_EXECUTION_DATE='2025-05-05T21:17:09.244017+00:00' AIRFLOW_CTX_TRY_NUMBER='1' AIRFLOW_CTX_DAG_RUN_ID='manual__2025-05-05T21:17:09.244017+00:00'
[2025-05-05T21:17:33.727+0000] {base.py:73} INFO - Using connection ID 'spark_default' for task execution.
[2025-05-05T21:17:33.729+0000] {spark_submit.py:339} INFO - Spark-Submit cmd: spark-submit --master spark://spark-master:7077 --conf spark.master=spark://spark-master:7077 --conf spark.submit.deployMode=client --conf spark.pyspark.python=/usr/bin/python3 --conf spark.executorEnv.PYSPARK_PYTHON=/usr/bin/python3 --name BronzeToSilver --verbose --queue root.default /opt/airflow/dags/bronze_to_silver.py
[2025-05-05T21:17:35.189+0000] {spark_submit.py:490} INFO - Using properties file: null
[2025-05-05T21:17:35.287+0000] {spark_submit.py:490} INFO - Parsed arguments:
[2025-05-05T21:17:35.287+0000] {spark_submit.py:490} INFO - master                  spark://spark-master:7077
[2025-05-05T21:17:35.287+0000] {spark_submit.py:490} INFO - deployMode              client
[2025-05-05T21:17:35.287+0000] {spark_submit.py:490} INFO - executorMemory          null
[2025-05-05T21:17:35.287+0000] {spark_submit.py:490} INFO - executorCores           null
[2025-05-05T21:17:35.287+0000] {spark_submit.py:490} INFO - totalExecutorCores      null
[2025-05-05T21:17:35.287+0000] {spark_submit.py:490} INFO - propertiesFile          null
[2025-05-05T21:17:35.288+0000] {spark_submit.py:490} INFO - driverMemory            null
[2025-05-05T21:17:35.288+0000] {spark_submit.py:490} INFO - driverCores             null
[2025-05-05T21:17:35.288+0000] {spark_submit.py:490} INFO - driverExtraClassPath    null
[2025-05-05T21:17:35.288+0000] {spark_submit.py:490} INFO - driverExtraLibraryPath  null
[2025-05-05T21:17:35.288+0000] {spark_submit.py:490} INFO - driverExtraJavaOptions  null
[2025-05-05T21:17:35.288+0000] {spark_submit.py:490} INFO - supervise               false
[2025-05-05T21:17:35.288+0000] {spark_submit.py:490} INFO - queue                   root.default
[2025-05-05T21:17:35.288+0000] {spark_submit.py:490} INFO - numExecutors            null
[2025-05-05T21:17:35.288+0000] {spark_submit.py:490} INFO - files                   null
[2025-05-05T21:17:35.288+0000] {spark_submit.py:490} INFO - pyFiles                 null
[2025-05-05T21:17:35.288+0000] {spark_submit.py:490} INFO - archives                null
[2025-05-05T21:17:35.288+0000] {spark_submit.py:490} INFO - mainClass               null
[2025-05-05T21:17:35.288+0000] {spark_submit.py:490} INFO - primaryResource         file:/opt/airflow/dags/bronze_to_silver.py
[2025-05-05T21:17:35.288+0000] {spark_submit.py:490} INFO - name                    BronzeToSilver
[2025-05-05T21:17:35.288+0000] {spark_submit.py:490} INFO - childArgs               []
[2025-05-05T21:17:35.289+0000] {spark_submit.py:490} INFO - jars                    null
[2025-05-05T21:17:35.289+0000] {spark_submit.py:490} INFO - packages                null
[2025-05-05T21:17:35.289+0000] {spark_submit.py:490} INFO - packagesExclusions      null
[2025-05-05T21:17:35.289+0000] {spark_submit.py:490} INFO - repositories            null
[2025-05-05T21:17:35.289+0000] {spark_submit.py:490} INFO - verbose                 true
[2025-05-05T21:17:35.289+0000] {spark_submit.py:490} INFO - 
[2025-05-05T21:17:35.289+0000] {spark_submit.py:490} INFO - Spark properties used, including those specified through
[2025-05-05T21:17:35.289+0000] {spark_submit.py:490} INFO - --conf and those from the properties file null:
[2025-05-05T21:17:35.289+0000] {spark_submit.py:490} INFO - (spark.executorEnv.PYSPARK_PYTHON,/usr/bin/python3)
[2025-05-05T21:17:35.289+0000] {spark_submit.py:490} INFO - (spark.master,spark://spark-master:7077)
[2025-05-05T21:17:35.289+0000] {spark_submit.py:490} INFO - (spark.pyspark.python,/usr/bin/python3)
[2025-05-05T21:17:35.289+0000] {spark_submit.py:490} INFO - (spark.submit.deployMode,client)
[2025-05-05T21:17:35.289+0000] {spark_submit.py:490} INFO - 
[2025-05-05T21:17:35.289+0000] {spark_submit.py:490} INFO - 
[2025-05-05T21:17:35.528+0000] {spark_submit.py:490} INFO - Main class:
[2025-05-05T21:17:35.529+0000] {spark_submit.py:490} INFO - org.apache.spark.deploy.PythonRunner
[2025-05-05T21:17:35.529+0000] {spark_submit.py:490} INFO - Arguments:
[2025-05-05T21:17:35.529+0000] {spark_submit.py:490} INFO - file:/opt/airflow/dags/bronze_to_silver.py
[2025-05-05T21:17:35.529+0000] {spark_submit.py:490} INFO - null
[2025-05-05T21:17:35.530+0000] {spark_submit.py:490} INFO - Spark config:
[2025-05-05T21:17:35.531+0000] {spark_submit.py:490} INFO - (spark.app.name,BronzeToSilver)
[2025-05-05T21:17:35.531+0000] {spark_submit.py:490} INFO - (spark.app.submitTime,1746479855514)
[2025-05-05T21:17:35.531+0000] {spark_submit.py:490} INFO - (spark.executorEnv.PYSPARK_PYTHON,/usr/bin/python3)
[2025-05-05T21:17:35.531+0000] {spark_submit.py:490} INFO - (spark.master,spark://spark-master:7077)
[2025-05-05T21:17:35.531+0000] {spark_submit.py:490} INFO - (spark.pyspark.python,/usr/bin/python3)
[2025-05-05T21:17:35.531+0000] {spark_submit.py:490} INFO - (spark.submit.deployMode,client)
[2025-05-05T21:17:35.531+0000] {spark_submit.py:490} INFO - (spark.submit.pyFiles,)
[2025-05-05T21:17:35.531+0000] {spark_submit.py:490} INFO - Classpath elements:
[2025-05-05T21:17:35.531+0000] {spark_submit.py:490} INFO - 
[2025-05-05T21:17:35.531+0000] {spark_submit.py:490} INFO - 
[2025-05-05T21:17:35.531+0000] {spark_submit.py:490} INFO - 
[2025-05-05T21:17:36.092+0000] {spark_submit.py:490} INFO - 25/05/05 21:17:36 INFO SparkContext: Running Spark version 3.3.0
[2025-05-05T21:17:36.151+0000] {spark_submit.py:490} INFO - 25/05/05 21:17:36 WARN NativeCodeLoader: Unable to load native-hadoop library for your platform... using builtin-java classes where applicable
[2025-05-05T21:17:36.228+0000] {spark_submit.py:490} INFO - 25/05/05 21:17:36 INFO ResourceUtils: ==============================================================
[2025-05-05T21:17:36.229+0000] {spark_submit.py:490} INFO - 25/05/05 21:17:36 INFO ResourceUtils: No custom resources configured for spark.driver.
[2025-05-05T21:17:36.229+0000] {spark_submit.py:490} INFO - 25/05/05 21:17:36 INFO ResourceUtils: ==============================================================
[2025-05-05T21:17:36.229+0000] {spark_submit.py:490} INFO - 25/05/05 21:17:36 INFO SparkContext: Submitted application: Bronze to Silver ETL
[2025-05-05T21:17:36.250+0000] {spark_submit.py:490} INFO - 25/05/05 21:17:36 INFO ResourceProfile: Default ResourceProfile created, executor resources: Map(cores -> name: cores, amount: 1, script: , vendor: , memory -> name: memory, amount: 1024, script: , vendor: , offHeap -> name: offHeap, amount: 0, script: , vendor: ), task resources: Map(cpus -> name: cpus, amount: 1.0)
[2025-05-05T21:17:36.261+0000] {spark_submit.py:490} INFO - 25/05/05 21:17:36 INFO ResourceProfile: Limiting resource is cpu
[2025-05-05T21:17:36.261+0000] {spark_submit.py:490} INFO - 25/05/05 21:17:36 INFO ResourceProfileManager: Added ResourceProfile id: 0
[2025-05-05T21:17:36.321+0000] {spark_submit.py:490} INFO - 25/05/05 21:17:36 INFO SecurityManager: Changing view acls to: root
[2025-05-05T21:17:36.321+0000] {spark_submit.py:490} INFO - 25/05/05 21:17:36 INFO SecurityManager: Changing modify acls to: root
[2025-05-05T21:17:36.321+0000] {spark_submit.py:490} INFO - 25/05/05 21:17:36 INFO SecurityManager: Changing view acls groups to:
[2025-05-05T21:17:36.322+0000] {spark_submit.py:490} INFO - 25/05/05 21:17:36 INFO SecurityManager: Changing modify acls groups to:
[2025-05-05T21:17:36.323+0000] {spark_submit.py:490} INFO - 25/05/05 21:17:36 INFO SecurityManager: SecurityManager: authentication disabled; ui acls disabled; users  with view permissions: Set(root); groups with view permissions: Set(); users  with modify permissions: Set(root); groups with modify permissions: Set()
[2025-05-05T21:17:36.549+0000] {spark_submit.py:490} INFO - 25/05/05 21:17:36 INFO Utils: Successfully started service 'sparkDriver' on port 45135.
[2025-05-05T21:17:36.572+0000] {spark_submit.py:490} INFO - 25/05/05 21:17:36 INFO SparkEnv: Registering MapOutputTracker
[2025-05-05T21:17:36.602+0000] {spark_submit.py:490} INFO - 25/05/05 21:17:36 INFO SparkEnv: Registering BlockManagerMaster
[2025-05-05T21:17:36.618+0000] {spark_submit.py:490} INFO - 25/05/05 21:17:36 INFO BlockManagerMasterEndpoint: Using org.apache.spark.storage.DefaultTopologyMapper for getting topology information
[2025-05-05T21:17:36.619+0000] {spark_submit.py:490} INFO - 25/05/05 21:17:36 INFO BlockManagerMasterEndpoint: BlockManagerMasterEndpoint up
[2025-05-05T21:17:36.623+0000] {spark_submit.py:490} INFO - 25/05/05 21:17:36 INFO SparkEnv: Registering BlockManagerMasterHeartbeat
[2025-05-05T21:17:36.641+0000] {spark_submit.py:490} INFO - 25/05/05 21:17:36 INFO DiskBlockManager: Created local directory at /tmp/blockmgr-093e19f6-952b-4c0c-b4e8-628358d69bb5
[2025-05-05T21:17:36.657+0000] {spark_submit.py:490} INFO - 25/05/05 21:17:36 INFO MemoryStore: MemoryStore started with capacity 434.4 MiB
[2025-05-05T21:17:36.672+0000] {spark_submit.py:490} INFO - 25/05/05 21:17:36 INFO SparkEnv: Registering OutputCommitCoordinator
[2025-05-05T21:17:36.874+0000] {spark_submit.py:490} INFO - 25/05/05 21:17:36 INFO Utils: Successfully started service 'SparkUI' on port 4040.
[2025-05-05T21:17:36.984+0000] {spark_submit.py:490} INFO - 25/05/05 21:17:36 INFO StandaloneAppClient$ClientEndpoint: Connecting to master spark://spark-master:7077...
[2025-05-05T21:17:37.026+0000] {spark_submit.py:490} INFO - 25/05/05 21:17:37 INFO TransportClientFactory: Successfully created connection to spark-master/172.18.0.3:7077 after 25 ms (0 ms spent in bootstraps)
[2025-05-05T21:17:37.101+0000] {spark_submit.py:490} INFO - 25/05/05 21:17:37 INFO StandaloneSchedulerBackend: Connected to Spark cluster with app ID app-20250505211737-0010
[2025-05-05T21:17:37.105+0000] {spark_submit.py:490} INFO - 25/05/05 21:17:37 INFO StandaloneAppClient$ClientEndpoint: Executor added: app-20250505211737-0010/0 on worker-20250505201940-172.18.0.6-38439 (172.18.0.6:38439) with 2 core(s)
[2025-05-05T21:17:37.107+0000] {spark_submit.py:490} INFO - 25/05/05 21:17:37 INFO StandaloneSchedulerBackend: Granted executor ID app-20250505211737-0010/0 on hostPort 172.18.0.6:38439 with 2 core(s), 1024.0 MiB RAM
[2025-05-05T21:17:37.112+0000] {spark_submit.py:490} INFO - 25/05/05 21:17:37 INFO Utils: Successfully started service 'org.apache.spark.network.netty.NettyBlockTransferService' on port 34521.
[2025-05-05T21:17:37.112+0000] {spark_submit.py:490} INFO - 25/05/05 21:17:37 INFO NettyBlockTransferService: Server created on b431f09a1fa6:34521
[2025-05-05T21:17:37.113+0000] {spark_submit.py:490} INFO - 25/05/05 21:17:37 INFO BlockManager: Using org.apache.spark.storage.RandomBlockReplicationPolicy for block replication policy
[2025-05-05T21:17:37.121+0000] {spark_submit.py:490} INFO - 25/05/05 21:17:37 INFO BlockManagerMaster: Registering BlockManager BlockManagerId(driver, b431f09a1fa6, 34521, None)
[2025-05-05T21:17:37.124+0000] {spark_submit.py:490} INFO - 25/05/05 21:17:37 INFO BlockManagerMasterEndpoint: Registering block manager b431f09a1fa6:34521 with 434.4 MiB RAM, BlockManagerId(driver, b431f09a1fa6, 34521, None)
[2025-05-05T21:17:37.127+0000] {spark_submit.py:490} INFO - 25/05/05 21:17:37 INFO BlockManagerMaster: Registered BlockManager BlockManagerId(driver, b431f09a1fa6, 34521, None)
[2025-05-05T21:17:37.129+0000] {spark_submit.py:490} INFO - 25/05/05 21:17:37 INFO BlockManager: Initialized BlockManager: BlockManagerId(driver, b431f09a1fa6, 34521, None)
[2025-05-05T21:17:37.141+0000] {spark_submit.py:490} INFO - 25/05/05 21:17:37 INFO StandaloneAppClient$ClientEndpoint: Executor updated: app-20250505211737-0010/0 is now RUNNING
[2025-05-05T21:17:37.324+0000] {spark_submit.py:490} INFO - 25/05/05 21:17:37 INFO StandaloneSchedulerBackend: SchedulerBackend is ready for scheduling beginning after reached minRegisteredResourcesRatio: 0.0
[2025-05-05T21:17:37.465+0000] {spark_submit.py:490} INFO - 🔍 Читання з: /tmp/spark_data/bronze/athlete_event_results/20250505_*
[2025-05-05T21:17:37.526+0000] {spark_submit.py:490} INFO - 25/05/05 21:17:37 INFO SharedState: Setting hive.metastore.warehouse.dir ('null') to the value of spark.sql.warehouse.dir.
[2025-05-05T21:17:37.533+0000] {spark_submit.py:490} INFO - 25/05/05 21:17:37 INFO SharedState: Warehouse path is 'file:/opt/airflow/spark-warehouse'.
[2025-05-05T21:17:38.495+0000] {spark_submit.py:490} INFO - 25/05/05 21:17:38 INFO InMemoryFileIndex: It took 82 ms to list leaf files for 5 paths.
[2025-05-05T21:17:39.028+0000] {spark_submit.py:490} INFO - 25/05/05 21:17:39 INFO SparkContext: Starting job: load at NativeMethodAccessorImpl.java:0
[2025-05-05T21:17:39.051+0000] {spark_submit.py:490} INFO - 25/05/05 21:17:39 INFO DAGScheduler: Got job 0 (load at NativeMethodAccessorImpl.java:0) with 1 output partitions
[2025-05-05T21:17:39.052+0000] {spark_submit.py:490} INFO - 25/05/05 21:17:39 INFO DAGScheduler: Final stage: ResultStage 0 (load at NativeMethodAccessorImpl.java:0)
[2025-05-05T21:17:39.052+0000] {spark_submit.py:490} INFO - 25/05/05 21:17:39 INFO DAGScheduler: Parents of final stage: List()
[2025-05-05T21:17:39.054+0000] {spark_submit.py:490} INFO - 25/05/05 21:17:39 INFO DAGScheduler: Missing parents: List()
[2025-05-05T21:17:39.075+0000] {spark_submit.py:490} INFO - 25/05/05 21:17:39 INFO DAGScheduler: Submitting ResultStage 0 (MapPartitionsRDD[1] at load at NativeMethodAccessorImpl.java:0), which has no missing parents
[2025-05-05T21:17:39.182+0000] {spark_submit.py:490} INFO - 25/05/05 21:17:39 INFO MemoryStore: Block broadcast_0 stored as values in memory (estimated size 102.8 KiB, free 434.3 MiB)
[2025-05-05T21:17:39.247+0000] {spark_submit.py:490} INFO - 25/05/05 21:17:39 INFO MemoryStore: Block broadcast_0_piece0 stored as bytes in memory (estimated size 36.9 KiB, free 434.3 MiB)
[2025-05-05T21:17:39.252+0000] {spark_submit.py:490} INFO - 25/05/05 21:17:39 INFO BlockManagerInfo: Added broadcast_0_piece0 in memory on b431f09a1fa6:34521 (size: 36.9 KiB, free: 434.4 MiB)
[2025-05-05T21:17:39.263+0000] {spark_submit.py:490} INFO - 25/05/05 21:17:39 INFO SparkContext: Created broadcast 0 from broadcast at DAGScheduler.scala:1513
[2025-05-05T21:17:39.277+0000] {spark_submit.py:490} INFO - 25/05/05 21:17:39 INFO DAGScheduler: Submitting 1 missing tasks from ResultStage 0 (MapPartitionsRDD[1] at load at NativeMethodAccessorImpl.java:0) (first 15 tasks are for partitions Vector(0))
[2025-05-05T21:17:39.278+0000] {spark_submit.py:490} INFO - 25/05/05 21:17:39 INFO TaskSchedulerImpl: Adding task set 0.0 with 1 tasks resource profile 0
[2025-05-05T21:17:40.213+0000] {spark_submit.py:490} INFO - 25/05/05 21:17:40 INFO CoarseGrainedSchedulerBackend$DriverEndpoint: Registered executor NettyRpcEndpointRef(spark-client://Executor) (172.18.0.6:42306) with ID 0,  ResourceProfileId 0
[2025-05-05T21:17:40.284+0000] {spark_submit.py:490} INFO - 25/05/05 21:17:40 INFO BlockManagerMasterEndpoint: Registering block manager 172.18.0.6:34835 with 366.3 MiB RAM, BlockManagerId(0, 172.18.0.6, 34835, None)
[2025-05-05T21:17:40.339+0000] {spark_submit.py:490} INFO - 25/05/05 21:17:40 INFO TaskSetManager: Starting task 0.0 in stage 0.0 (TID 0) (172.18.0.6, executor 0, partition 0, PROCESS_LOCAL, 4685 bytes) taskResourceAssignments Map()
[2025-05-05T21:17:40.586+0000] {spark_submit.py:490} INFO - 25/05/05 21:17:40 INFO BlockManagerInfo: Added broadcast_0_piece0 in memory on 172.18.0.6:34835 (size: 36.9 KiB, free: 366.3 MiB)
[2025-05-05T21:17:41.450+0000] {spark_submit.py:490} INFO - 25/05/05 21:17:41 INFO TaskSetManager: Finished task 0.0 in stage 0.0 (TID 0) in 1122 ms on 172.18.0.6 (executor 0) (1/1)
[2025-05-05T21:17:41.451+0000] {spark_submit.py:490} INFO - 25/05/05 21:17:41 INFO TaskSchedulerImpl: Removed TaskSet 0.0, whose tasks have all completed, from pool
[2025-05-05T21:17:41.456+0000] {spark_submit.py:490} INFO - 25/05/05 21:17:41 INFO DAGScheduler: ResultStage 0 (load at NativeMethodAccessorImpl.java:0) finished in 2.349 s
[2025-05-05T21:17:41.459+0000] {spark_submit.py:490} INFO - 25/05/05 21:17:41 INFO DAGScheduler: Job 0 is finished. Cancelling potential speculative or zombie tasks for this job
[2025-05-05T21:17:41.460+0000] {spark_submit.py:490} INFO - 25/05/05 21:17:41 INFO TaskSchedulerImpl: Killing all running tasks in stage 0: Stage finished
[2025-05-05T21:17:41.462+0000] {spark_submit.py:490} INFO - 25/05/05 21:17:41 INFO DAGScheduler: Job 0 finished: load at NativeMethodAccessorImpl.java:0, took 2.433184 s
[2025-05-05T21:17:41.933+0000] {spark_submit.py:490} INFO - 25/05/05 21:17:41 INFO BlockManagerInfo: Removed broadcast_0_piece0 on b431f09a1fa6:34521 in memory (size: 36.9 KiB, free: 434.4 MiB)
[2025-05-05T21:17:41.944+0000] {spark_submit.py:490} INFO - 25/05/05 21:17:41 INFO BlockManagerInfo: Removed broadcast_0_piece0 on 172.18.0.6:34835 in memory (size: 36.9 KiB, free: 366.3 MiB)
[2025-05-05T21:17:42.720+0000] {spark_submit.py:490} INFO - 🧼 Чищення датафрейму...
[2025-05-05T21:17:43.122+0000] {spark_submit.py:490} INFO - 💾 Збереження до Silver рівня: /tmp/spark_data/silver/athlete_event_results/20250505
[2025-05-05T21:17:43.450+0000] {spark_submit.py:490} INFO - 25/05/05 21:17:43 INFO FileSourceStrategy: Pushed Filters:
[2025-05-05T21:17:43.451+0000] {spark_submit.py:490} INFO - 25/05/05 21:17:43 INFO FileSourceStrategy: Post-Scan Filters:
[2025-05-05T21:17:43.452+0000] {spark_submit.py:490} INFO - 25/05/05 21:17:43 INFO FileSourceStrategy: Output Data Schema: struct<edition: string, edition_id: string, country_noc: string, sport: string, event: string ... 9 more fields>
[2025-05-05T21:17:43.544+0000] {spark_submit.py:490} INFO - 25/05/05 21:17:43 INFO ParquetFileFormat: Using default output committer for Parquet: org.apache.parquet.hadoop.ParquetOutputCommitter
[2025-05-05T21:17:43.557+0000] {spark_submit.py:490} INFO - 25/05/05 21:17:43 INFO FileOutputCommitter: File Output Committer Algorithm version is 1
[2025-05-05T21:17:43.557+0000] {spark_submit.py:490} INFO - 25/05/05 21:17:43 INFO FileOutputCommitter: FileOutputCommitter skip cleanup _temporary folders under output directory:false, ignore cleanup failures: false
[2025-05-05T21:17:43.558+0000] {spark_submit.py:490} INFO - 25/05/05 21:17:43 INFO SQLHadoopMapReduceCommitProtocol: Using user defined output committer class org.apache.parquet.hadoop.ParquetOutputCommitter
[2025-05-05T21:17:43.558+0000] {spark_submit.py:490} INFO - 25/05/05 21:17:43 INFO FileOutputCommitter: File Output Committer Algorithm version is 1
[2025-05-05T21:17:43.558+0000] {spark_submit.py:490} INFO - 25/05/05 21:17:43 INFO FileOutputCommitter: FileOutputCommitter skip cleanup _temporary folders under output directory:false, ignore cleanup failures: false
[2025-05-05T21:17:43.559+0000] {spark_submit.py:490} INFO - 25/05/05 21:17:43 INFO SQLHadoopMapReduceCommitProtocol: Using output committer class org.apache.parquet.hadoop.ParquetOutputCommitter
[2025-05-05T21:17:43.832+0000] {spark_submit.py:490} INFO - 25/05/05 21:17:43 INFO CodeGenerator: Code generated in 193.498073 ms
[2025-05-05T21:17:43.887+0000] {spark_submit.py:490} INFO - 25/05/05 21:17:43 INFO CodeGenerator: Code generated in 43.201941 ms
[2025-05-05T21:17:43.905+0000] {spark_submit.py:490} INFO - 25/05/05 21:17:43 INFO MemoryStore: Block broadcast_1 stored as values in memory (estimated size 202.0 KiB, free 434.2 MiB)
[2025-05-05T21:17:43.913+0000] {spark_submit.py:490} INFO - 25/05/05 21:17:43 INFO MemoryStore: Block broadcast_1_piece0 stored as bytes in memory (estimated size 34.8 KiB, free 434.2 MiB)
[2025-05-05T21:17:43.914+0000] {spark_submit.py:490} INFO - 25/05/05 21:17:43 INFO BlockManagerInfo: Added broadcast_1_piece0 in memory on b431f09a1fa6:34521 (size: 34.8 KiB, free: 434.4 MiB)
[2025-05-05T21:17:43.915+0000] {spark_submit.py:490} INFO - 25/05/05 21:17:43 INFO SparkContext: Created broadcast 1 from parquet at NativeMethodAccessorImpl.java:0
[2025-05-05T21:17:43.924+0000] {spark_submit.py:490} INFO - 25/05/05 21:17:43 INFO FileSourceScanExec: Planning scan with bin packing, max size: 33975010 bytes, open cost is considered as scanning 4194304 bytes.
[2025-05-05T21:17:44.017+0000] {spark_submit.py:490} INFO - 25/05/05 21:17:44 INFO SparkContext: Starting job: parquet at NativeMethodAccessorImpl.java:0
[2025-05-05T21:17:44.019+0000] {spark_submit.py:490} INFO - 25/05/05 21:17:44 INFO DAGScheduler: Got job 1 (parquet at NativeMethodAccessorImpl.java:0) with 2 output partitions
[2025-05-05T21:17:44.019+0000] {spark_submit.py:490} INFO - 25/05/05 21:17:44 INFO DAGScheduler: Final stage: ResultStage 1 (parquet at NativeMethodAccessorImpl.java:0)
[2025-05-05T21:17:44.019+0000] {spark_submit.py:490} INFO - 25/05/05 21:17:44 INFO DAGScheduler: Parents of final stage: List()
[2025-05-05T21:17:44.020+0000] {spark_submit.py:490} INFO - 25/05/05 21:17:44 INFO DAGScheduler: Missing parents: List()
[2025-05-05T21:17:44.022+0000] {spark_submit.py:490} INFO - 25/05/05 21:17:44 INFO DAGScheduler: Submitting ResultStage 1 (MapPartitionsRDD[7] at parquet at NativeMethodAccessorImpl.java:0), which has no missing parents
[2025-05-05T21:17:44.046+0000] {spark_submit.py:490} INFO - 25/05/05 21:17:44 INFO MemoryStore: Block broadcast_2 stored as values in memory (estimated size 248.7 KiB, free 433.9 MiB)
[2025-05-05T21:17:44.051+0000] {spark_submit.py:490} INFO - 25/05/05 21:17:44 INFO MemoryStore: Block broadcast_2_piece0 stored as bytes in memory (estimated size 85.9 KiB, free 433.8 MiB)
[2025-05-05T21:17:44.054+0000] {spark_submit.py:490} INFO - 25/05/05 21:17:44 INFO BlockManagerInfo: Added broadcast_2_piece0 in memory on b431f09a1fa6:34521 (size: 85.9 KiB, free: 434.3 MiB)
[2025-05-05T21:17:44.054+0000] {spark_submit.py:490} INFO - 25/05/05 21:17:44 INFO SparkContext: Created broadcast 2 from broadcast at DAGScheduler.scala:1513
[2025-05-05T21:17:44.055+0000] {spark_submit.py:490} INFO - 25/05/05 21:17:44 INFO DAGScheduler: Submitting 2 missing tasks from ResultStage 1 (MapPartitionsRDD[7] at parquet at NativeMethodAccessorImpl.java:0) (first 15 tasks are for partitions Vector(0, 1))
[2025-05-05T21:17:44.055+0000] {spark_submit.py:490} INFO - 25/05/05 21:17:44 INFO TaskSchedulerImpl: Adding task set 1.0 with 2 tasks resource profile 0
[2025-05-05T21:17:44.060+0000] {spark_submit.py:490} INFO - 25/05/05 21:17:44 INFO TaskSetManager: Starting task 0.0 in stage 1.0 (TID 1) (172.18.0.6, executor 0, partition 0, PROCESS_LOCAL, 5734 bytes) taskResourceAssignments Map()
[2025-05-05T21:17:44.061+0000] {spark_submit.py:490} INFO - 25/05/05 21:17:44 INFO TaskSetManager: Starting task 1.0 in stage 1.0 (TID 2) (172.18.0.6, executor 0, partition 1, PROCESS_LOCAL, 5734 bytes) taskResourceAssignments Map()
[2025-05-05T21:17:44.111+0000] {spark_submit.py:490} INFO - 25/05/05 21:17:44 INFO BlockManagerInfo: Added broadcast_2_piece0 in memory on 172.18.0.6:34835 (size: 85.9 KiB, free: 366.2 MiB)
[2025-05-05T21:17:45.550+0000] {spark_submit.py:490} INFO - 25/05/05 21:17:45 INFO BlockManagerInfo: Added broadcast_1_piece0 in memory on 172.18.0.6:34835 (size: 34.8 KiB, free: 366.2 MiB)
[2025-05-05T21:18:06.643+0000] {spark_submit.py:490} INFO - 25/05/05 21:18:06 INFO TaskSetManager: Finished task 1.0 in stage 1.0 (TID 2) in 22583 ms on 172.18.0.6 (executor 0) (1/2)
[2025-05-05T21:18:06.649+0000] {spark_submit.py:490} INFO - 25/05/05 21:18:06 INFO PythonAccumulatorV2: Connected to AccumulatorServer at host: 127.0.0.1 port: 39959
[2025-05-05T21:18:11.854+0000] {spark_submit.py:490} INFO - 25/05/05 21:18:11 INFO TaskSetManager: Finished task 0.0 in stage 1.0 (TID 1) in 27797 ms on 172.18.0.6 (executor 0) (2/2)
[2025-05-05T21:18:11.854+0000] {spark_submit.py:490} INFO - 25/05/05 21:18:11 INFO TaskSchedulerImpl: Removed TaskSet 1.0, whose tasks have all completed, from pool
[2025-05-05T21:18:11.855+0000] {spark_submit.py:490} INFO - 25/05/05 21:18:11 INFO DAGScheduler: ResultStage 1 (parquet at NativeMethodAccessorImpl.java:0) finished in 27.829 s
[2025-05-05T21:18:11.856+0000] {spark_submit.py:490} INFO - 25/05/05 21:18:11 INFO DAGScheduler: Job 1 is finished. Cancelling potential speculative or zombie tasks for this job
[2025-05-05T21:18:11.856+0000] {spark_submit.py:490} INFO - 25/05/05 21:18:11 INFO TaskSchedulerImpl: Killing all running tasks in stage 1: Stage finished
[2025-05-05T21:18:11.857+0000] {spark_submit.py:490} INFO - 25/05/05 21:18:11 INFO DAGScheduler: Job 1 finished: parquet at NativeMethodAccessorImpl.java:0, took 27.849352 s
[2025-05-05T21:18:11.860+0000] {spark_submit.py:490} INFO - 25/05/05 21:18:11 INFO FileFormatWriter: Start to commit write Job f9ac2b0d-d8f9-41aa-80c6-798c91db2d74.
[2025-05-05T21:18:11.883+0000] {spark_submit.py:490} INFO - 25/05/05 21:18:11 INFO FileFormatWriter: Write Job f9ac2b0d-d8f9-41aa-80c6-798c91db2d74 committed. Elapsed time: 22 ms.
[2025-05-05T21:18:11.886+0000] {spark_submit.py:490} INFO - 25/05/05 21:18:11 INFO FileFormatWriter: Finished processing stats for write job f9ac2b0d-d8f9-41aa-80c6-798c91db2d74.
[2025-05-05T21:18:11.890+0000] {spark_submit.py:490} INFO - ✅ Збережено до Silver: /tmp/spark_data/silver/athlete_event_results/20250505
[2025-05-05T21:18:11.900+0000] {spark_submit.py:490} INFO - 25/05/05 21:18:11 INFO SparkUI: Stopped Spark web UI at http://b431f09a1fa6:4040
[2025-05-05T21:18:11.904+0000] {spark_submit.py:490} INFO - 25/05/05 21:18:11 INFO StandaloneSchedulerBackend: Shutting down all executors
[2025-05-05T21:18:11.905+0000] {spark_submit.py:490} INFO - 25/05/05 21:18:11 INFO CoarseGrainedSchedulerBackend$DriverEndpoint: Asking each executor to shut down
[2025-05-05T21:18:11.923+0000] {spark_submit.py:490} INFO - 25/05/05 21:18:11 INFO MapOutputTrackerMasterEndpoint: MapOutputTrackerMasterEndpoint stopped!
[2025-05-05T21:18:11.948+0000] {spark_submit.py:490} INFO - 25/05/05 21:18:11 INFO MemoryStore: MemoryStore cleared
[2025-05-05T21:18:11.948+0000] {spark_submit.py:490} INFO - 25/05/05 21:18:11 INFO BlockManager: BlockManager stopped
[2025-05-05T21:18:11.950+0000] {spark_submit.py:490} INFO - 25/05/05 21:18:11 INFO BlockManagerMaster: BlockManagerMaster stopped
[2025-05-05T21:18:11.953+0000] {spark_submit.py:490} INFO - 25/05/05 21:18:11 INFO OutputCommitCoordinator$OutputCommitCoordinatorEndpoint: OutputCommitCoordinator stopped!
[2025-05-05T21:18:11.965+0000] {spark_submit.py:490} INFO - 25/05/05 21:18:11 INFO SparkContext: Successfully stopped SparkContext
[2025-05-05T21:18:12.887+0000] {spark_submit.py:490} INFO - 25/05/05 21:18:12 INFO ShutdownHookManager: Shutdown hook called
[2025-05-05T21:18:12.888+0000] {spark_submit.py:490} INFO - 25/05/05 21:18:12 INFO ShutdownHookManager: Deleting directory /tmp/spark-6bc28294-a63a-4a29-b104-77d7a1b08042
[2025-05-05T21:18:12.892+0000] {spark_submit.py:490} INFO - 25/05/05 21:18:12 INFO ShutdownHookManager: Deleting directory /tmp/spark-6bc28294-a63a-4a29-b104-77d7a1b08042/pyspark-67a742d8-79dd-4ae1-80a7-84f72fc73739
[2025-05-05T21:18:12.895+0000] {spark_submit.py:490} INFO - 25/05/05 21:18:12 INFO ShutdownHookManager: Deleting directory /tmp/spark-0ad606c3-291f-4200-b7dd-ef6dc6c37e0b
[2025-05-05T21:18:12.944+0000] {taskinstance.py:1350} INFO - Marking task as SUCCESS. dag_id=final_project_BBDL, task_id=BronzeToSilver, execution_date=20250505T211709, start_date=20250505T211733, end_date=20250505T211812
[2025-05-05T21:18:12.984+0000] {local_task_job_runner.py:225} INFO - Task exited with return code 0
[2025-05-05T21:18:13.004+0000] {taskinstance.py:2653} INFO - 1 downstream tasks scheduled from follow-on schedule check
