[2025-05-06T18:43:56.586+0000] {taskinstance.py:1103} INFO - Dependencies all met for dep_context=non-requeueable deps ti=<TaskInstance: final_project_BBDL.SilverToGold manual__2025-05-06T18:42:06.104643+00:00 [queued]>
[2025-05-06T18:43:56.595+0000] {taskinstance.py:1103} INFO - Dependencies all met for dep_context=requeueable deps ti=<TaskInstance: final_project_BBDL.SilverToGold manual__2025-05-06T18:42:06.104643+00:00 [queued]>
[2025-05-06T18:43:56.595+0000] {taskinstance.py:1308} INFO - Starting attempt 1 of 1
[2025-05-06T18:43:56.630+0000] {taskinstance.py:1327} INFO - Executing <Task(SparkSubmitOperator): SilverToGold> on 2025-05-06 18:42:06.104643+00:00
[2025-05-06T18:43:56.634+0000] {standard_task_runner.py:57} INFO - Started process 35017 to run task
[2025-05-06T18:43:56.638+0000] {standard_task_runner.py:84} INFO - Running: ['airflow', 'tasks', 'run', 'final_project_BBDL', 'SilverToGold', 'manual__2025-05-06T18:42:06.104643+00:00', '--job-id', '65', '--raw', '--subdir', 'DAGS_FOLDER/project_solution.py', '--cfg-path', '/tmp/tmpdylt_b1k']
[2025-05-06T18:43:56.639+0000] {standard_task_runner.py:85} INFO - Job 65: Subtask SilverToGold
[2025-05-06T18:43:56.677+0000] {logging_mixin.py:150} WARNING - /home/airflow/.local/lib/python3.7/site-packages/airflow/settings.py:195 DeprecationWarning: The sql_alchemy_conn option in [core] has been moved to the sql_alchemy_conn option in [database] - the old setting has been used, but please update your config.
[2025-05-06T18:43:56.716+0000] {task_command.py:410} INFO - Running <TaskInstance: final_project_BBDL.SilverToGold manual__2025-05-06T18:42:06.104643+00:00 [running]> on host b431f09a1fa6
[2025-05-06T18:43:56.918+0000] {taskinstance.py:1547} INFO - Exporting env vars: AIRFLOW_CTX_DAG_OWNER='airflow' AIRFLOW_CTX_DAG_ID='final_project_BBDL' AIRFLOW_CTX_TASK_ID='SilverToGold' AIRFLOW_CTX_EXECUTION_DATE='2025-05-06T18:42:06.104643+00:00' AIRFLOW_CTX_TRY_NUMBER='1' AIRFLOW_CTX_DAG_RUN_ID='manual__2025-05-06T18:42:06.104643+00:00'
[2025-05-06T18:43:56.928+0000] {base.py:73} INFO - Using connection ID 'spark_default' for task execution.
[2025-05-06T18:43:56.930+0000] {spark_submit.py:339} INFO - Spark-Submit cmd: spark-submit --master spark://spark-master:7077 --conf spark.master=spark://spark-master:7077 --conf spark.submit.deployMode=client --conf spark.pyspark.python=/usr/bin/python3 --conf spark.executorEnv.PYSPARK_PYTHON=/usr/bin/python3 --name SilverToGold --verbose --queue root.default /opt/airflow/dags/silver_to_gold.py
[2025-05-06T18:43:58.433+0000] {spark_submit.py:490} INFO - Using properties file: null
[2025-05-06T18:43:58.533+0000] {spark_submit.py:490} INFO - Parsed arguments:
[2025-05-06T18:43:58.533+0000] {spark_submit.py:490} INFO - master                  spark://spark-master:7077
[2025-05-06T18:43:58.533+0000] {spark_submit.py:490} INFO - deployMode              client
[2025-05-06T18:43:58.533+0000] {spark_submit.py:490} INFO - executorMemory          null
[2025-05-06T18:43:58.533+0000] {spark_submit.py:490} INFO - executorCores           null
[2025-05-06T18:43:58.533+0000] {spark_submit.py:490} INFO - totalExecutorCores      null
[2025-05-06T18:43:58.533+0000] {spark_submit.py:490} INFO - propertiesFile          null
[2025-05-06T18:43:58.534+0000] {spark_submit.py:490} INFO - driverMemory            null
[2025-05-06T18:43:58.534+0000] {spark_submit.py:490} INFO - driverCores             null
[2025-05-06T18:43:58.534+0000] {spark_submit.py:490} INFO - driverExtraClassPath    null
[2025-05-06T18:43:58.534+0000] {spark_submit.py:490} INFO - driverExtraLibraryPath  null
[2025-05-06T18:43:58.534+0000] {spark_submit.py:490} INFO - driverExtraJavaOptions  null
[2025-05-06T18:43:58.534+0000] {spark_submit.py:490} INFO - supervise               false
[2025-05-06T18:43:58.534+0000] {spark_submit.py:490} INFO - queue                   root.default
[2025-05-06T18:43:58.534+0000] {spark_submit.py:490} INFO - numExecutors            null
[2025-05-06T18:43:58.534+0000] {spark_submit.py:490} INFO - files                   null
[2025-05-06T18:43:58.534+0000] {spark_submit.py:490} INFO - pyFiles                 null
[2025-05-06T18:43:58.534+0000] {spark_submit.py:490} INFO - archives                null
[2025-05-06T18:43:58.534+0000] {spark_submit.py:490} INFO - mainClass               null
[2025-05-06T18:43:58.534+0000] {spark_submit.py:490} INFO - primaryResource         file:/opt/airflow/dags/silver_to_gold.py
[2025-05-06T18:43:58.534+0000] {spark_submit.py:490} INFO - name                    SilverToGold
[2025-05-06T18:43:58.535+0000] {spark_submit.py:490} INFO - childArgs               []
[2025-05-06T18:43:58.535+0000] {spark_submit.py:490} INFO - jars                    null
[2025-05-06T18:43:58.535+0000] {spark_submit.py:490} INFO - packages                null
[2025-05-06T18:43:58.535+0000] {spark_submit.py:490} INFO - packagesExclusions      null
[2025-05-06T18:43:58.535+0000] {spark_submit.py:490} INFO - repositories            null
[2025-05-06T18:43:58.535+0000] {spark_submit.py:490} INFO - verbose                 true
[2025-05-06T18:43:58.535+0000] {spark_submit.py:490} INFO - 
[2025-05-06T18:43:58.535+0000] {spark_submit.py:490} INFO - Spark properties used, including those specified through
[2025-05-06T18:43:58.535+0000] {spark_submit.py:490} INFO - --conf and those from the properties file null:
[2025-05-06T18:43:58.535+0000] {spark_submit.py:490} INFO - (spark.executorEnv.PYSPARK_PYTHON,/usr/bin/python3)
[2025-05-06T18:43:58.535+0000] {spark_submit.py:490} INFO - (spark.master,spark://spark-master:7077)
[2025-05-06T18:43:58.535+0000] {spark_submit.py:490} INFO - (spark.pyspark.python,/usr/bin/python3)
[2025-05-06T18:43:58.535+0000] {spark_submit.py:490} INFO - (spark.submit.deployMode,client)
[2025-05-06T18:43:58.535+0000] {spark_submit.py:490} INFO - 
[2025-05-06T18:43:58.535+0000] {spark_submit.py:490} INFO - 
[2025-05-06T18:43:58.762+0000] {spark_submit.py:490} INFO - Main class:
[2025-05-06T18:43:58.762+0000] {spark_submit.py:490} INFO - org.apache.spark.deploy.PythonRunner
[2025-05-06T18:43:58.762+0000] {spark_submit.py:490} INFO - Arguments:
[2025-05-06T18:43:58.763+0000] {spark_submit.py:490} INFO - file:/opt/airflow/dags/silver_to_gold.py
[2025-05-06T18:43:58.763+0000] {spark_submit.py:490} INFO - null
[2025-05-06T18:43:58.764+0000] {spark_submit.py:490} INFO - Spark config:
[2025-05-06T18:43:58.764+0000] {spark_submit.py:490} INFO - (spark.app.name,SilverToGold)
[2025-05-06T18:43:58.765+0000] {spark_submit.py:490} INFO - (spark.app.submitTime,1746557038745)
[2025-05-06T18:43:58.765+0000] {spark_submit.py:490} INFO - (spark.executorEnv.PYSPARK_PYTHON,/usr/bin/python3)
[2025-05-06T18:43:58.765+0000] {spark_submit.py:490} INFO - (spark.master,spark://spark-master:7077)
[2025-05-06T18:43:58.765+0000] {spark_submit.py:490} INFO - (spark.pyspark.python,/usr/bin/python3)
[2025-05-06T18:43:58.765+0000] {spark_submit.py:490} INFO - (spark.submit.deployMode,client)
[2025-05-06T18:43:58.765+0000] {spark_submit.py:490} INFO - (spark.submit.pyFiles,)
[2025-05-06T18:43:58.765+0000] {spark_submit.py:490} INFO - Classpath elements:
[2025-05-06T18:43:58.765+0000] {spark_submit.py:490} INFO - 
[2025-05-06T18:43:58.765+0000] {spark_submit.py:490} INFO - 
[2025-05-06T18:43:58.765+0000] {spark_submit.py:490} INFO - 
[2025-05-06T18:43:59.235+0000] {spark_submit.py:490} INFO - 25/05/06 18:43:59 INFO SparkContext: Running Spark version 3.3.0
[2025-05-06T18:43:59.296+0000] {spark_submit.py:490} INFO - 25/05/06 18:43:59 WARN NativeCodeLoader: Unable to load native-hadoop library for your platform... using builtin-java classes where applicable
[2025-05-06T18:43:59.373+0000] {spark_submit.py:490} INFO - 25/05/06 18:43:59 INFO ResourceUtils: ==============================================================
[2025-05-06T18:43:59.373+0000] {spark_submit.py:490} INFO - 25/05/06 18:43:59 INFO ResourceUtils: No custom resources configured for spark.driver.
[2025-05-06T18:43:59.373+0000] {spark_submit.py:490} INFO - 25/05/06 18:43:59 INFO ResourceUtils: ==============================================================
[2025-05-06T18:43:59.374+0000] {spark_submit.py:490} INFO - 25/05/06 18:43:59 INFO SparkContext: Submitted application: SilverToGold
[2025-05-06T18:43:59.393+0000] {spark_submit.py:490} INFO - 25/05/06 18:43:59 INFO ResourceProfile: Default ResourceProfile created, executor resources: Map(cores -> name: cores, amount: 1, script: , vendor: , memory -> name: memory, amount: 1024, script: , vendor: , offHeap -> name: offHeap, amount: 0, script: , vendor: ), task resources: Map(cpus -> name: cpus, amount: 1.0)
[2025-05-06T18:43:59.404+0000] {spark_submit.py:490} INFO - 25/05/06 18:43:59 INFO ResourceProfile: Limiting resource is cpu
[2025-05-06T18:43:59.404+0000] {spark_submit.py:490} INFO - 25/05/06 18:43:59 INFO ResourceProfileManager: Added ResourceProfile id: 0
[2025-05-06T18:43:59.449+0000] {spark_submit.py:490} INFO - 25/05/06 18:43:59 INFO SecurityManager: Changing view acls to: root
[2025-05-06T18:43:59.449+0000] {spark_submit.py:490} INFO - 25/05/06 18:43:59 INFO SecurityManager: Changing modify acls to: root
[2025-05-06T18:43:59.450+0000] {spark_submit.py:490} INFO - 25/05/06 18:43:59 INFO SecurityManager: Changing view acls groups to:
[2025-05-06T18:43:59.450+0000] {spark_submit.py:490} INFO - 25/05/06 18:43:59 INFO SecurityManager: Changing modify acls groups to:
[2025-05-06T18:43:59.451+0000] {spark_submit.py:490} INFO - 25/05/06 18:43:59 INFO SecurityManager: SecurityManager: authentication disabled; ui acls disabled; users  with view permissions: Set(root); groups with view permissions: Set(); users  with modify permissions: Set(root); groups with modify permissions: Set()
[2025-05-06T18:43:59.672+0000] {spark_submit.py:490} INFO - 25/05/06 18:43:59 INFO Utils: Successfully started service 'sparkDriver' on port 33877.
[2025-05-06T18:43:59.701+0000] {spark_submit.py:490} INFO - 25/05/06 18:43:59 INFO SparkEnv: Registering MapOutputTracker
[2025-05-06T18:43:59.729+0000] {spark_submit.py:490} INFO - 25/05/06 18:43:59 INFO SparkEnv: Registering BlockManagerMaster
[2025-05-06T18:43:59.750+0000] {spark_submit.py:490} INFO - 25/05/06 18:43:59 INFO BlockManagerMasterEndpoint: Using org.apache.spark.storage.DefaultTopologyMapper for getting topology information
[2025-05-06T18:43:59.750+0000] {spark_submit.py:490} INFO - 25/05/06 18:43:59 INFO BlockManagerMasterEndpoint: BlockManagerMasterEndpoint up
[2025-05-06T18:43:59.756+0000] {spark_submit.py:490} INFO - 25/05/06 18:43:59 INFO SparkEnv: Registering BlockManagerMasterHeartbeat
[2025-05-06T18:43:59.775+0000] {spark_submit.py:490} INFO - 25/05/06 18:43:59 INFO DiskBlockManager: Created local directory at /tmp/blockmgr-9058ac70-576d-48e0-bab4-0b73eb2b5ffa
[2025-05-06T18:43:59.791+0000] {spark_submit.py:490} INFO - 25/05/06 18:43:59 INFO MemoryStore: MemoryStore started with capacity 434.4 MiB
[2025-05-06T18:43:59.808+0000] {spark_submit.py:490} INFO - 25/05/06 18:43:59 INFO SparkEnv: Registering OutputCommitCoordinator
[2025-05-06T18:44:00.002+0000] {spark_submit.py:490} INFO - 25/05/06 18:44:00 INFO Utils: Successfully started service 'SparkUI' on port 4040.
[2025-05-06T18:44:00.117+0000] {spark_submit.py:490} INFO - 25/05/06 18:44:00 INFO StandaloneAppClient$ClientEndpoint: Connecting to master spark://spark-master:7077...
[2025-05-06T18:44:00.161+0000] {spark_submit.py:490} INFO - 25/05/06 18:44:00 INFO TransportClientFactory: Successfully created connection to spark-master/172.18.0.3:7077 after 28 ms (0 ms spent in bootstraps)
[2025-05-06T18:44:00.233+0000] {spark_submit.py:490} INFO - 25/05/06 18:44:00 INFO StandaloneSchedulerBackend: Connected to Spark cluster with app ID app-20250506184400-0057
[2025-05-06T18:44:00.234+0000] {spark_submit.py:490} INFO - 25/05/06 18:44:00 INFO StandaloneAppClient$ClientEndpoint: Executor added: app-20250506184400-0057/0 on worker-20250505201940-172.18.0.6-38439 (172.18.0.6:38439) with 2 core(s)
[2025-05-06T18:44:00.237+0000] {spark_submit.py:490} INFO - 25/05/06 18:44:00 INFO StandaloneSchedulerBackend: Granted executor ID app-20250506184400-0057/0 on hostPort 172.18.0.6:38439 with 2 core(s), 1024.0 MiB RAM
[2025-05-06T18:44:00.241+0000] {spark_submit.py:490} INFO - 25/05/06 18:44:00 INFO Utils: Successfully started service 'org.apache.spark.network.netty.NettyBlockTransferService' on port 46485.
[2025-05-06T18:44:00.241+0000] {spark_submit.py:490} INFO - 25/05/06 18:44:00 INFO NettyBlockTransferService: Server created on b431f09a1fa6:46485
[2025-05-06T18:44:00.242+0000] {spark_submit.py:490} INFO - 25/05/06 18:44:00 INFO BlockManager: Using org.apache.spark.storage.RandomBlockReplicationPolicy for block replication policy
[2025-05-06T18:44:00.248+0000] {spark_submit.py:490} INFO - 25/05/06 18:44:00 INFO BlockManagerMaster: Registering BlockManager BlockManagerId(driver, b431f09a1fa6, 46485, None)
[2025-05-06T18:44:00.252+0000] {spark_submit.py:490} INFO - 25/05/06 18:44:00 INFO BlockManagerMasterEndpoint: Registering block manager b431f09a1fa6:46485 with 434.4 MiB RAM, BlockManagerId(driver, b431f09a1fa6, 46485, None)
[2025-05-06T18:44:00.254+0000] {spark_submit.py:490} INFO - 25/05/06 18:44:00 INFO BlockManagerMaster: Registered BlockManager BlockManagerId(driver, b431f09a1fa6, 46485, None)
[2025-05-06T18:44:00.256+0000] {spark_submit.py:490} INFO - 25/05/06 18:44:00 INFO BlockManager: Initialized BlockManager: BlockManagerId(driver, b431f09a1fa6, 46485, None)
[2025-05-06T18:44:00.264+0000] {spark_submit.py:490} INFO - 25/05/06 18:44:00 INFO StandaloneAppClient$ClientEndpoint: Executor updated: app-20250506184400-0057/0 is now RUNNING
[2025-05-06T18:44:00.441+0000] {spark_submit.py:490} INFO - 25/05/06 18:44:00 INFO StandaloneSchedulerBackend: SchedulerBackend is ready for scheduling beginning after reached minRegisteredResourcesRatio: 0.0
[2025-05-06T18:44:00.628+0000] {spark_submit.py:490} INFO - 2025-05-06 18:44:00,628 [INFO] 📁 Очікуваний шлях до silver athlete_event_results: /tmp/spark_data/silver/athlete_event_results/20250506
[2025-05-06T18:44:00.694+0000] {spark_submit.py:490} INFO - 25/05/06 18:44:00 INFO SharedState: Setting hive.metastore.warehouse.dir ('null') to the value of spark.sql.warehouse.dir.
[2025-05-06T18:44:00.702+0000] {spark_submit.py:490} INFO - 25/05/06 18:44:00 INFO SharedState: Warehouse path is 'file:/opt/airflow/spark-warehouse'.
[2025-05-06T18:44:01.604+0000] {spark_submit.py:490} INFO - 25/05/06 18:44:01 INFO InMemoryFileIndex: It took 65 ms to list leaf files for 1 paths.
[2025-05-06T18:44:02.061+0000] {spark_submit.py:490} INFO - 25/05/06 18:44:02 INFO SparkContext: Starting job: parquet at NativeMethodAccessorImpl.java:0
[2025-05-06T18:44:02.080+0000] {spark_submit.py:490} INFO - 25/05/06 18:44:02 INFO DAGScheduler: Got job 0 (parquet at NativeMethodAccessorImpl.java:0) with 1 output partitions
[2025-05-06T18:44:02.080+0000] {spark_submit.py:490} INFO - 25/05/06 18:44:02 INFO DAGScheduler: Final stage: ResultStage 0 (parquet at NativeMethodAccessorImpl.java:0)
[2025-05-06T18:44:02.081+0000] {spark_submit.py:490} INFO - 25/05/06 18:44:02 INFO DAGScheduler: Parents of final stage: List()
[2025-05-06T18:44:02.082+0000] {spark_submit.py:490} INFO - 25/05/06 18:44:02 INFO DAGScheduler: Missing parents: List()
[2025-05-06T18:44:02.089+0000] {spark_submit.py:490} INFO - 25/05/06 18:44:02 INFO DAGScheduler: Submitting ResultStage 0 (MapPartitionsRDD[1] at parquet at NativeMethodAccessorImpl.java:0), which has no missing parents
[2025-05-06T18:44:02.149+0000] {spark_submit.py:490} INFO - 25/05/06 18:44:02 INFO MemoryStore: Block broadcast_0 stored as values in memory (estimated size 102.8 KiB, free 434.3 MiB)
[2025-05-06T18:44:02.190+0000] {spark_submit.py:490} INFO - 25/05/06 18:44:02 INFO MemoryStore: Block broadcast_0_piece0 stored as bytes in memory (estimated size 36.9 KiB, free 434.3 MiB)
[2025-05-06T18:44:02.195+0000] {spark_submit.py:490} INFO - 25/05/06 18:44:02 INFO BlockManagerInfo: Added broadcast_0_piece0 in memory on b431f09a1fa6:46485 (size: 36.9 KiB, free: 434.4 MiB)
[2025-05-06T18:44:02.199+0000] {spark_submit.py:490} INFO - 25/05/06 18:44:02 INFO SparkContext: Created broadcast 0 from broadcast at DAGScheduler.scala:1513
[2025-05-06T18:44:02.218+0000] {spark_submit.py:490} INFO - 25/05/06 18:44:02 INFO DAGScheduler: Submitting 1 missing tasks from ResultStage 0 (MapPartitionsRDD[1] at parquet at NativeMethodAccessorImpl.java:0) (first 15 tasks are for partitions Vector(0))
[2025-05-06T18:44:02.220+0000] {spark_submit.py:490} INFO - 25/05/06 18:44:02 INFO TaskSchedulerImpl: Adding task set 0.0 with 1 tasks resource profile 0
[2025-05-06T18:44:03.118+0000] {spark_submit.py:490} INFO - 25/05/06 18:44:03 INFO CoarseGrainedSchedulerBackend$DriverEndpoint: Registered executor NettyRpcEndpointRef(spark-client://Executor) (172.18.0.6:32894) with ID 0,  ResourceProfileId 0
[2025-05-06T18:44:03.181+0000] {spark_submit.py:490} INFO - 25/05/06 18:44:03 INFO BlockManagerMasterEndpoint: Registering block manager 172.18.0.6:39195 with 366.3 MiB RAM, BlockManagerId(0, 172.18.0.6, 39195, None)
[2025-05-06T18:44:03.236+0000] {spark_submit.py:490} INFO - 25/05/06 18:44:03 INFO TaskSetManager: Starting task 0.0 in stage 0.0 (TID 0) (172.18.0.6, executor 0, partition 0, PROCESS_LOCAL, 4678 bytes) taskResourceAssignments Map()
[2025-05-06T18:44:03.439+0000] {spark_submit.py:490} INFO - 25/05/06 18:44:03 INFO BlockManagerInfo: Added broadcast_0_piece0 in memory on 172.18.0.6:39195 (size: 36.9 KiB, free: 366.3 MiB)
[2025-05-06T18:44:04.286+0000] {spark_submit.py:490} INFO - 25/05/06 18:44:04 INFO TaskSetManager: Finished task 0.0 in stage 0.0 (TID 0) in 1060 ms on 172.18.0.6 (executor 0) (1/1)
[2025-05-06T18:44:04.287+0000] {spark_submit.py:490} INFO - 25/05/06 18:44:04 INFO TaskSchedulerImpl: Removed TaskSet 0.0, whose tasks have all completed, from pool
[2025-05-06T18:44:04.292+0000] {spark_submit.py:490} INFO - 25/05/06 18:44:04 INFO DAGScheduler: ResultStage 0 (parquet at NativeMethodAccessorImpl.java:0) finished in 2.189 s
[2025-05-06T18:44:04.294+0000] {spark_submit.py:490} INFO - 25/05/06 18:44:04 INFO DAGScheduler: Job 0 is finished. Cancelling potential speculative or zombie tasks for this job
[2025-05-06T18:44:04.295+0000] {spark_submit.py:490} INFO - 25/05/06 18:44:04 INFO TaskSchedulerImpl: Killing all running tasks in stage 0: Stage finished
[2025-05-06T18:44:04.297+0000] {spark_submit.py:490} INFO - 25/05/06 18:44:04 INFO DAGScheduler: Job 0 finished: parquet at NativeMethodAccessorImpl.java:0, took 2.235303 s
[2025-05-06T18:44:04.699+0000] {spark_submit.py:490} INFO - 25/05/06 18:44:04 INFO BlockManagerInfo: Removed broadcast_0_piece0 on b431f09a1fa6:46485 in memory (size: 36.9 KiB, free: 434.4 MiB)
[2025-05-06T18:44:04.709+0000] {spark_submit.py:490} INFO - 25/05/06 18:44:04 INFO BlockManagerInfo: Removed broadcast_0_piece0 on 172.18.0.6:39195 in memory (size: 36.9 KiB, free: 366.3 MiB)
[2025-05-06T18:44:05.511+0000] {spark_submit.py:490} INFO - 2025-05-06 18:44:05,510 [INFO] 📊 Агрувація кількості медалей за sport, country_noc, medal
[2025-05-06T18:44:05.613+0000] {spark_submit.py:490} INFO - 2025-05-06 18:44:05,612 [INFO] 📑 Схема фінального gold-фрейму:
[2025-05-06T18:44:05.617+0000] {spark_submit.py:490} INFO - root
[2025-05-06T18:44:05.618+0000] {spark_submit.py:490} INFO - |-- sport: string (nullable = true)
[2025-05-06T18:44:05.618+0000] {spark_submit.py:490} INFO - |-- country_noc: string (nullable = true)
[2025-05-06T18:44:05.618+0000] {spark_submit.py:490} INFO - |-- medal: string (nullable = true)
[2025-05-06T18:44:05.618+0000] {spark_submit.py:490} INFO - |-- medal_count: long (nullable = false)
[2025-05-06T18:44:05.618+0000] {spark_submit.py:490} INFO - |-- timestamp: timestamp (nullable = false)
[2025-05-06T18:44:05.618+0000] {spark_submit.py:490} INFO - 
[2025-05-06T18:44:05.980+0000] {spark_submit.py:490} INFO - 25/05/06 18:44:05 INFO FileSourceStrategy: Pushed Filters:
[2025-05-06T18:44:05.981+0000] {spark_submit.py:490} INFO - 25/05/06 18:44:05 INFO FileSourceStrategy: Post-Scan Filters:
[2025-05-06T18:44:05.982+0000] {spark_submit.py:490} INFO - 25/05/06 18:44:05 INFO FileSourceStrategy: Output Data Schema: struct<country_noc: string, sport: string, medal: string ... 1 more fields>
[2025-05-06T18:44:06.402+0000] {spark_submit.py:490} INFO - 25/05/06 18:44:06 INFO CodeGenerator: Code generated in 229.119244 ms
[2025-05-06T18:44:06.441+0000] {spark_submit.py:490} INFO - 25/05/06 18:44:06 INFO MemoryStore: Block broadcast_1 stored as values in memory (estimated size 200.9 KiB, free 434.2 MiB)
[2025-05-06T18:44:06.452+0000] {spark_submit.py:490} INFO - 25/05/06 18:44:06 INFO MemoryStore: Block broadcast_1_piece0 stored as bytes in memory (estimated size 34.6 KiB, free 434.2 MiB)
[2025-05-06T18:44:06.453+0000] {spark_submit.py:490} INFO - 25/05/06 18:44:06 INFO BlockManagerInfo: Added broadcast_1_piece0 in memory on b431f09a1fa6:46485 (size: 34.6 KiB, free: 434.4 MiB)
[2025-05-06T18:44:06.454+0000] {spark_submit.py:490} INFO - 25/05/06 18:44:06 INFO SparkContext: Created broadcast 1 from showString at NativeMethodAccessorImpl.java:0
[2025-05-06T18:44:06.463+0000] {spark_submit.py:490} INFO - 25/05/06 18:44:06 INFO FileSourceScanExec: Planning scan with bin packing, max size: 30239864 bytes, open cost is considered as scanning 4194304 bytes.
[2025-05-06T18:44:06.565+0000] {spark_submit.py:490} INFO - 25/05/06 18:44:06 INFO DAGScheduler: Registering RDD 5 (showString at NativeMethodAccessorImpl.java:0) as input to shuffle 0
[2025-05-06T18:44:06.568+0000] {spark_submit.py:490} INFO - 25/05/06 18:44:06 INFO DAGScheduler: Got map stage job 1 (showString at NativeMethodAccessorImpl.java:0) with 2 output partitions
[2025-05-06T18:44:06.569+0000] {spark_submit.py:490} INFO - 25/05/06 18:44:06 INFO DAGScheduler: Final stage: ShuffleMapStage 1 (showString at NativeMethodAccessorImpl.java:0)
[2025-05-06T18:44:06.569+0000] {spark_submit.py:490} INFO - 25/05/06 18:44:06 INFO DAGScheduler: Parents of final stage: List()
[2025-05-06T18:44:06.570+0000] {spark_submit.py:490} INFO - 25/05/06 18:44:06 INFO DAGScheduler: Missing parents: List()
[2025-05-06T18:44:06.572+0000] {spark_submit.py:490} INFO - 25/05/06 18:44:06 INFO DAGScheduler: Submitting ShuffleMapStage 1 (MapPartitionsRDD[5] at showString at NativeMethodAccessorImpl.java:0), which has no missing parents
[2025-05-06T18:44:06.588+0000] {spark_submit.py:490} INFO - 25/05/06 18:44:06 INFO MemoryStore: Block broadcast_2 stored as values in memory (estimated size 39.7 KiB, free 434.1 MiB)
[2025-05-06T18:44:06.593+0000] {spark_submit.py:490} INFO - 25/05/06 18:44:06 INFO MemoryStore: Block broadcast_2_piece0 stored as bytes in memory (estimated size 17.3 KiB, free 434.1 MiB)
[2025-05-06T18:44:06.595+0000] {spark_submit.py:490} INFO - 25/05/06 18:44:06 INFO BlockManagerInfo: Added broadcast_2_piece0 in memory on b431f09a1fa6:46485 (size: 17.3 KiB, free: 434.3 MiB)
[2025-05-06T18:44:06.596+0000] {spark_submit.py:490} INFO - 25/05/06 18:44:06 INFO SparkContext: Created broadcast 2 from broadcast at DAGScheduler.scala:1513
[2025-05-06T18:44:06.598+0000] {spark_submit.py:490} INFO - 25/05/06 18:44:06 INFO DAGScheduler: Submitting 2 missing tasks from ShuffleMapStage 1 (MapPartitionsRDD[5] at showString at NativeMethodAccessorImpl.java:0) (first 15 tasks are for partitions Vector(0, 1))
[2025-05-06T18:44:06.598+0000] {spark_submit.py:490} INFO - 25/05/06 18:44:06 INFO TaskSchedulerImpl: Adding task set 1.0 with 2 tasks resource profile 0
[2025-05-06T18:44:06.602+0000] {spark_submit.py:490} INFO - 25/05/06 18:44:06 INFO TaskSetManager: Starting task 0.0 in stage 1.0 (TID 1) (172.18.0.6, executor 0, partition 0, PROCESS_LOCAL, 4992 bytes) taskResourceAssignments Map()
[2025-05-06T18:44:06.603+0000] {spark_submit.py:490} INFO - 25/05/06 18:44:06 INFO TaskSetManager: Starting task 1.0 in stage 1.0 (TID 2) (172.18.0.6, executor 0, partition 1, PROCESS_LOCAL, 4992 bytes) taskResourceAssignments Map()
[2025-05-06T18:44:06.644+0000] {spark_submit.py:490} INFO - 25/05/06 18:44:06 INFO BlockManagerInfo: Added broadcast_2_piece0 in memory on 172.18.0.6:39195 (size: 17.3 KiB, free: 366.3 MiB)
[2025-05-06T18:44:07.751+0000] {spark_submit.py:490} INFO - 25/05/06 18:44:07 INFO BlockManagerInfo: Added broadcast_1_piece0 in memory on 172.18.0.6:39195 (size: 34.6 KiB, free: 366.2 MiB)
[2025-05-06T18:44:09.007+0000] {spark_submit.py:490} INFO - 25/05/06 18:44:09 INFO TaskSetManager: Finished task 0.0 in stage 1.0 (TID 1) in 2408 ms on 172.18.0.6 (executor 0) (1/2)
[2025-05-06T18:44:09.008+0000] {spark_submit.py:490} INFO - 25/05/06 18:44:09 INFO TaskSetManager: Finished task 1.0 in stage 1.0 (TID 2) in 2405 ms on 172.18.0.6 (executor 0) (2/2)
[2025-05-06T18:44:09.008+0000] {spark_submit.py:490} INFO - 25/05/06 18:44:09 INFO TaskSchedulerImpl: Removed TaskSet 1.0, whose tasks have all completed, from pool
[2025-05-06T18:44:09.012+0000] {spark_submit.py:490} INFO - 25/05/06 18:44:09 INFO DAGScheduler: ShuffleMapStage 1 (showString at NativeMethodAccessorImpl.java:0) finished in 2.436 s
[2025-05-06T18:44:09.013+0000] {spark_submit.py:490} INFO - 25/05/06 18:44:09 INFO DAGScheduler: looking for newly runnable stages
[2025-05-06T18:44:09.014+0000] {spark_submit.py:490} INFO - 25/05/06 18:44:09 INFO DAGScheduler: running: Set()
[2025-05-06T18:44:09.014+0000] {spark_submit.py:490} INFO - 25/05/06 18:44:09 INFO DAGScheduler: waiting: Set()
[2025-05-06T18:44:09.015+0000] {spark_submit.py:490} INFO - 25/05/06 18:44:09 INFO DAGScheduler: failed: Set()
[2025-05-06T18:44:09.045+0000] {spark_submit.py:490} INFO - 25/05/06 18:44:09 INFO ShufflePartitionsUtil: For shuffle(0), advisory target size: 67108864, actual target size 1048576, minimum partition size: 1048576
[2025-05-06T18:44:09.069+0000] {spark_submit.py:490} INFO - 25/05/06 18:44:09 INFO HashAggregateExec: spark.sql.codegen.aggregate.map.twolevel.enabled is set to true, but current version of codegened fast hashmap does not support this aggregate.
[2025-05-06T18:44:09.099+0000] {spark_submit.py:490} INFO - 25/05/06 18:44:09 INFO CodeGenerator: Code generated in 20.426785 ms
[2025-05-06T18:44:09.129+0000] {spark_submit.py:490} INFO - 25/05/06 18:44:09 INFO SparkContext: Starting job: showString at NativeMethodAccessorImpl.java:0
[2025-05-06T18:44:09.131+0000] {spark_submit.py:490} INFO - 25/05/06 18:44:09 INFO DAGScheduler: Got job 2 (showString at NativeMethodAccessorImpl.java:0) with 1 output partitions
[2025-05-06T18:44:09.131+0000] {spark_submit.py:490} INFO - 25/05/06 18:44:09 INFO DAGScheduler: Final stage: ResultStage 3 (showString at NativeMethodAccessorImpl.java:0)
[2025-05-06T18:44:09.131+0000] {spark_submit.py:490} INFO - 25/05/06 18:44:09 INFO DAGScheduler: Parents of final stage: List(ShuffleMapStage 2)
[2025-05-06T18:44:09.132+0000] {spark_submit.py:490} INFO - 25/05/06 18:44:09 INFO DAGScheduler: Missing parents: List()
[2025-05-06T18:44:09.133+0000] {spark_submit.py:490} INFO - 25/05/06 18:44:09 INFO DAGScheduler: Submitting ResultStage 3 (MapPartitionsRDD[8] at showString at NativeMethodAccessorImpl.java:0), which has no missing parents
[2025-05-06T18:44:09.155+0000] {spark_submit.py:490} INFO - 25/05/06 18:44:09 INFO MemoryStore: Block broadcast_3 stored as values in memory (estimated size 37.0 KiB, free 434.1 MiB)
[2025-05-06T18:44:09.159+0000] {spark_submit.py:490} INFO - 25/05/06 18:44:09 INFO MemoryStore: Block broadcast_3_piece0 stored as bytes in memory (estimated size 17.2 KiB, free 434.1 MiB)
[2025-05-06T18:44:09.160+0000] {spark_submit.py:490} INFO - 25/05/06 18:44:09 INFO BlockManagerInfo: Added broadcast_3_piece0 in memory on b431f09a1fa6:46485 (size: 17.2 KiB, free: 434.3 MiB)
[2025-05-06T18:44:09.161+0000] {spark_submit.py:490} INFO - 25/05/06 18:44:09 INFO SparkContext: Created broadcast 3 from broadcast at DAGScheduler.scala:1513
[2025-05-06T18:44:09.162+0000] {spark_submit.py:490} INFO - 25/05/06 18:44:09 INFO DAGScheduler: Submitting 1 missing tasks from ResultStage 3 (MapPartitionsRDD[8] at showString at NativeMethodAccessorImpl.java:0) (first 15 tasks are for partitions Vector(0))
[2025-05-06T18:44:09.162+0000] {spark_submit.py:490} INFO - 25/05/06 18:44:09 INFO TaskSchedulerImpl: Adding task set 3.0 with 1 tasks resource profile 0
[2025-05-06T18:44:09.166+0000] {spark_submit.py:490} INFO - 25/05/06 18:44:09 INFO TaskSetManager: Starting task 0.0 in stage 3.0 (TID 3) (172.18.0.6, executor 0, partition 0, NODE_LOCAL, 4457 bytes) taskResourceAssignments Map()
[2025-05-06T18:44:09.192+0000] {spark_submit.py:490} INFO - 25/05/06 18:44:09 INFO BlockManagerInfo: Added broadcast_3_piece0 in memory on 172.18.0.6:39195 (size: 17.2 KiB, free: 366.2 MiB)
[2025-05-06T18:44:09.304+0000] {spark_submit.py:490} INFO - 25/05/06 18:44:09 INFO MapOutputTrackerMasterEndpoint: Asked to send map output locations for shuffle 0 to 172.18.0.6:32894
[2025-05-06T18:44:09.519+0000] {spark_submit.py:490} INFO - 25/05/06 18:44:09 INFO TaskSetManager: Finished task 0.0 in stage 3.0 (TID 3) in 354 ms on 172.18.0.6 (executor 0) (1/1)
[2025-05-06T18:44:09.519+0000] {spark_submit.py:490} INFO - 25/05/06 18:44:09 INFO TaskSchedulerImpl: Removed TaskSet 3.0, whose tasks have all completed, from pool
[2025-05-06T18:44:09.523+0000] {spark_submit.py:490} INFO - 25/05/06 18:44:09 INFO DAGScheduler: ResultStage 3 (showString at NativeMethodAccessorImpl.java:0) finished in 0.372 s
[2025-05-06T18:44:09.523+0000] {spark_submit.py:490} INFO - 25/05/06 18:44:09 INFO DAGScheduler: Job 2 is finished. Cancelling potential speculative or zombie tasks for this job
[2025-05-06T18:44:09.523+0000] {spark_submit.py:490} INFO - 25/05/06 18:44:09 INFO TaskSchedulerImpl: Killing all running tasks in stage 3: Stage finished
[2025-05-06T18:44:09.524+0000] {spark_submit.py:490} INFO - 25/05/06 18:44:09 INFO DAGScheduler: Job 2 finished: showString at NativeMethodAccessorImpl.java:0, took 0.394126 s
[2025-05-06T18:44:09.559+0000] {spark_submit.py:490} INFO - 25/05/06 18:44:09 INFO CodeGenerator: Code generated in 11.102153 ms
[2025-05-06T18:44:09.569+0000] {spark_submit.py:490} INFO - +-------------------+-----------+------+-----------+--------------------------+
[2025-05-06T18:44:09.569+0000] {spark_submit.py:490} INFO - |sport              |country_noc|medal |medal_count|timestamp                 |
[2025-05-06T18:44:09.569+0000] {spark_submit.py:490} INFO - +-------------------+-----------+------+-----------+--------------------------+
[2025-05-06T18:44:09.569+0000] {spark_submit.py:490} INFO - |cycling road       |cyp        |      |33         |2025-05-06 18:44:05.769372|
[2025-05-06T18:44:09.569+0000] {spark_submit.py:490} INFO - |rhythmic gymnastics|prk        |      |22         |2025-05-06 18:44:05.769372|
[2025-05-06T18:44:09.569+0000] {spark_submit.py:490} INFO - |table tennis       |ecu        |      |22         |2025-05-06 18:44:05.769372|
[2025-05-06T18:44:09.570+0000] {spark_submit.py:490} INFO - |rowing             |cro        |silver|77         |2025-05-06 18:44:05.769372|
[2025-05-06T18:44:09.570+0000] {spark_submit.py:490} INFO - |canoe sprint       |ecu        |      |22         |2025-05-06 18:44:05.769372|
[2025-05-06T18:44:09.570+0000] {spark_submit.py:490} INFO - |biathlon           |cze        |      |2662       |2025-05-06 18:44:05.769372|
[2025-05-06T18:44:09.570+0000] {spark_submit.py:490} INFO - |boxing             |gha        |      |638        |2025-05-06 18:44:05.769372|
[2025-05-06T18:44:09.570+0000] {spark_submit.py:490} INFO - |modern pentathlon  |egy        |silver|11         |2025-05-06 18:44:05.769372|
[2025-05-06T18:44:09.570+0000] {spark_submit.py:490} INFO - |swimming           |gua        |      |968        |2025-05-06 18:44:05.769372|
[2025-05-06T18:44:09.570+0000] {spark_submit.py:490} INFO - |taekwondo          |irq        |      |11         |2025-05-06 18:44:05.769372|
[2025-05-06T18:44:09.570+0000] {spark_submit.py:490} INFO - +-------------------+-----------+------+-----------+--------------------------+
[2025-05-06T18:44:09.570+0000] {spark_submit.py:490} INFO - only showing top 10 rows
[2025-05-06T18:44:09.570+0000] {spark_submit.py:490} INFO - 
[2025-05-06T18:44:09.570+0000] {spark_submit.py:490} INFO - 2025-05-06 18:44:09,569 [INFO] 💾 Збереження результату у gold: /tmp/spark_data/gold/medal_summary_20250506
[2025-05-06T18:44:09.604+0000] {spark_submit.py:490} INFO - 25/05/06 18:44:09 INFO FileSourceStrategy: Pushed Filters:
[2025-05-06T18:44:09.605+0000] {spark_submit.py:490} INFO - 25/05/06 18:44:09 INFO FileSourceStrategy: Post-Scan Filters:
[2025-05-06T18:44:09.605+0000] {spark_submit.py:490} INFO - 25/05/06 18:44:09 INFO FileSourceStrategy: Output Data Schema: struct<country_noc: string, sport: string, medal: string ... 1 more fields>
[2025-05-06T18:44:09.649+0000] {spark_submit.py:490} INFO - 25/05/06 18:44:09 INFO ParquetFileFormat: Using default output committer for Parquet: org.apache.parquet.hadoop.ParquetOutputCommitter
[2025-05-06T18:44:09.660+0000] {spark_submit.py:490} INFO - 25/05/06 18:44:09 INFO FileOutputCommitter: File Output Committer Algorithm version is 1
[2025-05-06T18:44:09.660+0000] {spark_submit.py:490} INFO - 25/05/06 18:44:09 INFO FileOutputCommitter: FileOutputCommitter skip cleanup _temporary folders under output directory:false, ignore cleanup failures: false
[2025-05-06T18:44:09.661+0000] {spark_submit.py:490} INFO - 25/05/06 18:44:09 INFO SQLHadoopMapReduceCommitProtocol: Using user defined output committer class org.apache.parquet.hadoop.ParquetOutputCommitter
[2025-05-06T18:44:09.661+0000] {spark_submit.py:490} INFO - 25/05/06 18:44:09 INFO FileOutputCommitter: File Output Committer Algorithm version is 1
[2025-05-06T18:44:09.661+0000] {spark_submit.py:490} INFO - 25/05/06 18:44:09 INFO FileOutputCommitter: FileOutputCommitter skip cleanup _temporary folders under output directory:false, ignore cleanup failures: false
[2025-05-06T18:44:09.662+0000] {spark_submit.py:490} INFO - 25/05/06 18:44:09 INFO SQLHadoopMapReduceCommitProtocol: Using output committer class org.apache.parquet.hadoop.ParquetOutputCommitter
[2025-05-06T18:44:09.710+0000] {spark_submit.py:490} INFO - 25/05/06 18:44:09 INFO MemoryStore: Block broadcast_4 stored as values in memory (estimated size 200.9 KiB, free 433.9 MiB)
[2025-05-06T18:44:09.720+0000] {spark_submit.py:490} INFO - 25/05/06 18:44:09 INFO MemoryStore: Block broadcast_4_piece0 stored as bytes in memory (estimated size 34.6 KiB, free 433.8 MiB)
[2025-05-06T18:44:09.722+0000] {spark_submit.py:490} INFO - 25/05/06 18:44:09 INFO BlockManagerInfo: Added broadcast_4_piece0 in memory on b431f09a1fa6:46485 (size: 34.6 KiB, free: 434.3 MiB)
[2025-05-06T18:44:09.723+0000] {spark_submit.py:490} INFO - 25/05/06 18:44:09 INFO SparkContext: Created broadcast 4 from parquet at NativeMethodAccessorImpl.java:0
[2025-05-06T18:44:09.724+0000] {spark_submit.py:490} INFO - 25/05/06 18:44:09 INFO FileSourceScanExec: Planning scan with bin packing, max size: 30239864 bytes, open cost is considered as scanning 4194304 bytes.
[2025-05-06T18:44:09.731+0000] {spark_submit.py:490} INFO - 25/05/06 18:44:09 INFO DAGScheduler: Registering RDD 12 (parquet at NativeMethodAccessorImpl.java:0) as input to shuffle 1
[2025-05-06T18:44:09.731+0000] {spark_submit.py:490} INFO - 25/05/06 18:44:09 INFO DAGScheduler: Got map stage job 3 (parquet at NativeMethodAccessorImpl.java:0) with 2 output partitions
[2025-05-06T18:44:09.731+0000] {spark_submit.py:490} INFO - 25/05/06 18:44:09 INFO DAGScheduler: Final stage: ShuffleMapStage 4 (parquet at NativeMethodAccessorImpl.java:0)
[2025-05-06T18:44:09.731+0000] {spark_submit.py:490} INFO - 25/05/06 18:44:09 INFO DAGScheduler: Parents of final stage: List()
[2025-05-06T18:44:09.732+0000] {spark_submit.py:490} INFO - 25/05/06 18:44:09 INFO DAGScheduler: Missing parents: List()
[2025-05-06T18:44:09.733+0000] {spark_submit.py:490} INFO - 25/05/06 18:44:09 INFO DAGScheduler: Submitting ShuffleMapStage 4 (MapPartitionsRDD[12] at parquet at NativeMethodAccessorImpl.java:0), which has no missing parents
[2025-05-06T18:44:09.739+0000] {spark_submit.py:490} INFO - 25/05/06 18:44:09 INFO MemoryStore: Block broadcast_5 stored as values in memory (estimated size 39.7 KiB, free 433.8 MiB)
[2025-05-06T18:44:09.742+0000] {spark_submit.py:490} INFO - 25/05/06 18:44:09 INFO MemoryStore: Block broadcast_5_piece0 stored as bytes in memory (estimated size 17.3 KiB, free 433.8 MiB)
[2025-05-06T18:44:09.742+0000] {spark_submit.py:490} INFO - 25/05/06 18:44:09 INFO BlockManagerInfo: Added broadcast_5_piece0 in memory on b431f09a1fa6:46485 (size: 17.3 KiB, free: 434.3 MiB)
[2025-05-06T18:44:09.743+0000] {spark_submit.py:490} INFO - 25/05/06 18:44:09 INFO SparkContext: Created broadcast 5 from broadcast at DAGScheduler.scala:1513
[2025-05-06T18:44:09.744+0000] {spark_submit.py:490} INFO - 25/05/06 18:44:09 INFO DAGScheduler: Submitting 2 missing tasks from ShuffleMapStage 4 (MapPartitionsRDD[12] at parquet at NativeMethodAccessorImpl.java:0) (first 15 tasks are for partitions Vector(0, 1))
[2025-05-06T18:44:09.744+0000] {spark_submit.py:490} INFO - 25/05/06 18:44:09 INFO TaskSchedulerImpl: Adding task set 4.0 with 2 tasks resource profile 0
[2025-05-06T18:44:09.746+0000] {spark_submit.py:490} INFO - 25/05/06 18:44:09 INFO TaskSetManager: Starting task 0.0 in stage 4.0 (TID 4) (172.18.0.6, executor 0, partition 0, PROCESS_LOCAL, 4992 bytes) taskResourceAssignments Map()
[2025-05-06T18:44:09.746+0000] {spark_submit.py:490} INFO - 25/05/06 18:44:09 INFO TaskSetManager: Starting task 1.0 in stage 4.0 (TID 5) (172.18.0.6, executor 0, partition 1, PROCESS_LOCAL, 4992 bytes) taskResourceAssignments Map()
[2025-05-06T18:44:09.763+0000] {spark_submit.py:490} INFO - 25/05/06 18:44:09 INFO BlockManagerInfo: Added broadcast_5_piece0 in memory on 172.18.0.6:39195 (size: 17.3 KiB, free: 366.2 MiB)
[2025-05-06T18:44:09.807+0000] {spark_submit.py:490} INFO - 25/05/06 18:44:09 INFO BlockManagerInfo: Added broadcast_4_piece0 in memory on 172.18.0.6:39195 (size: 34.6 KiB, free: 366.2 MiB)
[2025-05-06T18:44:10.274+0000] {spark_submit.py:490} INFO - 25/05/06 18:44:10 INFO TaskSetManager: Finished task 0.0 in stage 4.0 (TID 4) in 528 ms on 172.18.0.6 (executor 0) (1/2)
[2025-05-06T18:44:10.280+0000] {spark_submit.py:490} INFO - 25/05/06 18:44:10 INFO TaskSetManager: Finished task 1.0 in stage 4.0 (TID 5) in 534 ms on 172.18.0.6 (executor 0) (2/2)
[2025-05-06T18:44:10.281+0000] {spark_submit.py:490} INFO - 25/05/06 18:44:10 INFO TaskSchedulerImpl: Removed TaskSet 4.0, whose tasks have all completed, from pool
[2025-05-06T18:44:10.282+0000] {spark_submit.py:490} INFO - 25/05/06 18:44:10 INFO DAGScheduler: ShuffleMapStage 4 (parquet at NativeMethodAccessorImpl.java:0) finished in 0.547 s
[2025-05-06T18:44:10.282+0000] {spark_submit.py:490} INFO - 25/05/06 18:44:10 INFO DAGScheduler: looking for newly runnable stages
[2025-05-06T18:44:10.282+0000] {spark_submit.py:490} INFO - 25/05/06 18:44:10 INFO DAGScheduler: running: Set()
[2025-05-06T18:44:10.282+0000] {spark_submit.py:490} INFO - 25/05/06 18:44:10 INFO DAGScheduler: waiting: Set()
[2025-05-06T18:44:10.282+0000] {spark_submit.py:490} INFO - 25/05/06 18:44:10 INFO DAGScheduler: failed: Set()
[2025-05-06T18:44:10.286+0000] {spark_submit.py:490} INFO - 25/05/06 18:44:10 INFO ShufflePartitionsUtil: For shuffle(1), advisory target size: 67108864, actual target size 1048576, minimum partition size: 1048576
[2025-05-06T18:44:10.294+0000] {spark_submit.py:490} INFO - 25/05/06 18:44:10 INFO HashAggregateExec: spark.sql.codegen.aggregate.map.twolevel.enabled is set to true, but current version of codegened fast hashmap does not support this aggregate.
[2025-05-06T18:44:10.312+0000] {spark_submit.py:490} INFO - 25/05/06 18:44:10 INFO CodeGenerator: Code generated in 13.704581 ms
[2025-05-06T18:44:10.335+0000] {spark_submit.py:490} INFO - 25/05/06 18:44:10 INFO SparkContext: Starting job: parquet at NativeMethodAccessorImpl.java:0
[2025-05-06T18:44:10.336+0000] {spark_submit.py:490} INFO - 25/05/06 18:44:10 INFO DAGScheduler: Got job 4 (parquet at NativeMethodAccessorImpl.java:0) with 1 output partitions
[2025-05-06T18:44:10.336+0000] {spark_submit.py:490} INFO - 25/05/06 18:44:10 INFO DAGScheduler: Final stage: ResultStage 6 (parquet at NativeMethodAccessorImpl.java:0)
[2025-05-06T18:44:10.336+0000] {spark_submit.py:490} INFO - 25/05/06 18:44:10 INFO DAGScheduler: Parents of final stage: List(ShuffleMapStage 5)
[2025-05-06T18:44:10.336+0000] {spark_submit.py:490} INFO - 25/05/06 18:44:10 INFO DAGScheduler: Missing parents: List()
[2025-05-06T18:44:10.338+0000] {spark_submit.py:490} INFO - 25/05/06 18:44:10 INFO DAGScheduler: Submitting ResultStage 6 (MapPartitionsRDD[14] at parquet at NativeMethodAccessorImpl.java:0), which has no missing parents
[2025-05-06T18:44:10.360+0000] {spark_submit.py:490} INFO - 25/05/06 18:44:10 INFO MemoryStore: Block broadcast_6 stored as values in memory (estimated size 235.7 KiB, free 433.5 MiB)
[2025-05-06T18:44:10.364+0000] {spark_submit.py:490} INFO - 25/05/06 18:44:10 INFO MemoryStore: Block broadcast_6_piece0 stored as bytes in memory (estimated size 86.5 KiB, free 433.5 MiB)
[2025-05-06T18:44:10.365+0000] {spark_submit.py:490} INFO - 25/05/06 18:44:10 INFO BlockManagerInfo: Added broadcast_6_piece0 in memory on b431f09a1fa6:46485 (size: 86.5 KiB, free: 434.2 MiB)
[2025-05-06T18:44:10.365+0000] {spark_submit.py:490} INFO - 25/05/06 18:44:10 INFO SparkContext: Created broadcast 6 from broadcast at DAGScheduler.scala:1513
[2025-05-06T18:44:10.366+0000] {spark_submit.py:490} INFO - 25/05/06 18:44:10 INFO DAGScheduler: Submitting 1 missing tasks from ResultStage 6 (MapPartitionsRDD[14] at parquet at NativeMethodAccessorImpl.java:0) (first 15 tasks are for partitions Vector(0))
[2025-05-06T18:44:10.366+0000] {spark_submit.py:490} INFO - 25/05/06 18:44:10 INFO TaskSchedulerImpl: Adding task set 6.0 with 1 tasks resource profile 0
[2025-05-06T18:44:10.368+0000] {spark_submit.py:490} INFO - 25/05/06 18:44:10 INFO TaskSetManager: Starting task 0.0 in stage 6.0 (TID 6) (172.18.0.6, executor 0, partition 0, NODE_LOCAL, 4457 bytes) taskResourceAssignments Map()
[2025-05-06T18:44:10.384+0000] {spark_submit.py:490} INFO - 25/05/06 18:44:10 INFO BlockManagerInfo: Added broadcast_6_piece0 in memory on 172.18.0.6:39195 (size: 86.5 KiB, free: 366.1 MiB)
[2025-05-06T18:44:10.431+0000] {spark_submit.py:490} INFO - 25/05/06 18:44:10 INFO MapOutputTrackerMasterEndpoint: Asked to send map output locations for shuffle 1 to 172.18.0.6:32894
[2025-05-06T18:44:11.054+0000] {spark_submit.py:490} INFO - 25/05/06 18:44:11 INFO TaskSetManager: Finished task 0.0 in stage 6.0 (TID 6) in 686 ms on 172.18.0.6 (executor 0) (1/1)
[2025-05-06T18:44:11.054+0000] {spark_submit.py:490} INFO - 25/05/06 18:44:11 INFO TaskSchedulerImpl: Removed TaskSet 6.0, whose tasks have all completed, from pool
[2025-05-06T18:44:11.056+0000] {spark_submit.py:490} INFO - 25/05/06 18:44:11 INFO DAGScheduler: ResultStage 6 (parquet at NativeMethodAccessorImpl.java:0) finished in 0.711 s
[2025-05-06T18:44:11.056+0000] {spark_submit.py:490} INFO - 25/05/06 18:44:11 INFO DAGScheduler: Job 4 is finished. Cancelling potential speculative or zombie tasks for this job
[2025-05-06T18:44:11.056+0000] {spark_submit.py:490} INFO - 25/05/06 18:44:11 INFO TaskSchedulerImpl: Killing all running tasks in stage 6: Stage finished
[2025-05-06T18:44:11.057+0000] {spark_submit.py:490} INFO - 25/05/06 18:44:11 INFO DAGScheduler: Job 4 finished: parquet at NativeMethodAccessorImpl.java:0, took 0.722180 s
[2025-05-06T18:44:11.059+0000] {spark_submit.py:490} INFO - 25/05/06 18:44:11 INFO FileFormatWriter: Start to commit write Job 0d547cb9-0d14-4d4c-b4e4-d85ea9ef9691.
[2025-05-06T18:44:11.084+0000] {spark_submit.py:490} INFO - 25/05/06 18:44:11 INFO FileFormatWriter: Write Job 0d547cb9-0d14-4d4c-b4e4-d85ea9ef9691 committed. Elapsed time: 24 ms.
[2025-05-06T18:44:11.087+0000] {spark_submit.py:490} INFO - 25/05/06 18:44:11 INFO FileFormatWriter: Finished processing stats for write job 0d547cb9-0d14-4d4c-b4e4-d85ea9ef9691.
[2025-05-06T18:44:11.090+0000] {spark_submit.py:490} INFO - 2025-05-06 18:44:11,090 [INFO] ✅ Збережено успішно!
[2025-05-06T18:44:11.119+0000] {spark_submit.py:490} INFO - 25/05/06 18:44:11 INFO SparkUI: Stopped Spark web UI at http://b431f09a1fa6:4040
[2025-05-06T18:44:11.119+0000] {spark_submit.py:490} INFO - 25/05/06 18:44:11 INFO BlockManagerInfo: Removed broadcast_3_piece0 on b431f09a1fa6:46485 in memory (size: 17.2 KiB, free: 434.2 MiB)
[2025-05-06T18:44:11.123+0000] {spark_submit.py:490} INFO - 25/05/06 18:44:11 INFO BlockManagerInfo: Removed broadcast_3_piece0 on 172.18.0.6:39195 in memory (size: 17.2 KiB, free: 366.1 MiB)
[2025-05-06T18:44:11.131+0000] {spark_submit.py:490} INFO - 25/05/06 18:44:11 INFO StandaloneSchedulerBackend: Shutting down all executors
[2025-05-06T18:44:11.131+0000] {spark_submit.py:490} INFO - 25/05/06 18:44:11 INFO CoarseGrainedSchedulerBackend$DriverEndpoint: Asking each executor to shut down
[2025-05-06T18:44:11.153+0000] {spark_submit.py:490} INFO - 25/05/06 18:44:11 INFO MapOutputTrackerMasterEndpoint: MapOutputTrackerMasterEndpoint stopped!
[2025-05-06T18:44:11.177+0000] {spark_submit.py:490} INFO - 25/05/06 18:44:11 INFO MemoryStore: MemoryStore cleared
[2025-05-06T18:44:11.180+0000] {spark_submit.py:490} INFO - 25/05/06 18:44:11 INFO BlockManager: BlockManager stopped
[2025-05-06T18:44:11.186+0000] {spark_submit.py:490} INFO - 25/05/06 18:44:11 INFO BlockManagerMaster: BlockManagerMaster stopped
[2025-05-06T18:44:11.189+0000] {spark_submit.py:490} INFO - 25/05/06 18:44:11 INFO OutputCommitCoordinator$OutputCommitCoordinatorEndpoint: OutputCommitCoordinator stopped!
[2025-05-06T18:44:11.203+0000] {spark_submit.py:490} INFO - 25/05/06 18:44:11 INFO SparkContext: Successfully stopped SparkContext
[2025-05-06T18:44:11.519+0000] {spark_submit.py:490} INFO - 25/05/06 18:44:11 INFO ShutdownHookManager: Shutdown hook called
[2025-05-06T18:44:11.519+0000] {spark_submit.py:490} INFO - 25/05/06 18:44:11 INFO ShutdownHookManager: Deleting directory /tmp/spark-ce477af9-4525-470f-850f-bc95035df9a1/pyspark-b7b9e413-9607-48b5-83ec-e3cc95a6dedb
[2025-05-06T18:44:11.523+0000] {spark_submit.py:490} INFO - 25/05/06 18:44:11 INFO ShutdownHookManager: Deleting directory /tmp/spark-d73024e2-5182-4a77-a597-dddc8794f7b6
[2025-05-06T18:44:11.526+0000] {spark_submit.py:490} INFO - 25/05/06 18:44:11 INFO ShutdownHookManager: Deleting directory /tmp/spark-ce477af9-4525-470f-850f-bc95035df9a1
[2025-05-06T18:44:11.568+0000] {taskinstance.py:1350} INFO - Marking task as SUCCESS. dag_id=final_project_BBDL, task_id=SilverToGold, execution_date=20250506T184206, start_date=20250506T184356, end_date=20250506T184411
[2025-05-06T18:44:11.643+0000] {local_task_job_runner.py:225} INFO - Task exited with return code 0
[2025-05-06T18:44:11.658+0000] {taskinstance.py:2653} INFO - 0 downstream tasks scheduled from follow-on schedule check
