[2025-04-30T14:04:20.229+0000] {local_task_job_runner.py:120} INFO - ::group::Pre task execution logs
[2025-04-30T14:04:20.285+0000] {taskinstance.py:2076} INFO - Dependencies all met for dep_context=non-requeueable deps ti=<TaskInstance: final_project_BBDL.LandingToBronze manual__2025-04-30T14:04:18.705999+00:00 [queued]>
[2025-04-30T14:04:20.294+0000] {taskinstance.py:2076} INFO - Dependencies all met for dep_context=requeueable deps ti=<TaskInstance: final_project_BBDL.LandingToBronze manual__2025-04-30T14:04:18.705999+00:00 [queued]>
[2025-04-30T14:04:20.294+0000] {taskinstance.py:2306} INFO - Starting attempt 1 of 1
[2025-04-30T14:04:20.333+0000] {taskinstance.py:2330} INFO - Executing <Task(SparkSubmitOperator): LandingToBronze> on 2025-04-30 14:04:18.705999+00:00
[2025-04-30T14:04:20.338+0000] {standard_task_runner.py:63} INFO - Started process 678 to run task
[2025-04-30T14:04:20.341+0000] {standard_task_runner.py:90} INFO - Running: ['airflow', 'tasks', 'run', 'final_project_BBDL', 'LandingToBronze', 'manual__2025-04-30T14:04:18.705999+00:00', '--job-id', '22', '--raw', '--subdir', 'DAGS_FOLDER/project_solution.py', '--cfg-path', '/tmp/tmpnd73paxf']
[2025-04-30T14:04:20.343+0000] {standard_task_runner.py:91} INFO - Job 22: Subtask LandingToBronze
[2025-04-30T14:04:20.420+0000] {logging_mixin.py:188} WARNING - /home/airflow/.local/lib/python3.10/site-packages/airflow/settings.py:195 DeprecationWarning: The sql_alchemy_conn option in [core] has been moved to the sql_alchemy_conn option in [database] - the old setting has been used, but please update your config.
[2025-04-30T14:04:20.508+0000] {task_command.py:426} INFO - Running <TaskInstance: final_project_BBDL.LandingToBronze manual__2025-04-30T14:04:18.705999+00:00 [running]> on host 22933ff3ba35
[2025-04-30T14:04:20.722+0000] {taskinstance.py:2648} INFO - Exporting env vars: AIRFLOW_CTX_DAG_OWNER='airflow' AIRFLOW_CTX_DAG_ID='final_project_BBDL' AIRFLOW_CTX_TASK_ID='LandingToBronze' AIRFLOW_CTX_EXECUTION_DATE='2025-04-30T14:04:18.705999+00:00' AIRFLOW_CTX_TRY_NUMBER='1' AIRFLOW_CTX_DAG_RUN_ID='manual__2025-04-30T14:04:18.705999+00:00'
[2025-04-30T14:04:20.723+0000] {taskinstance.py:430} INFO - ::endgroup::
[2025-04-30T14:04:20.781+0000] {base.py:84} INFO - Using connection ID 'spark_default' for task execution.
[2025-04-30T14:04:20.782+0000] {spark_submit.py:328} ERROR - Failed to decode base64 keytab: Invalid base64-encoded string: number of data characters (5) cannot be 1 more than a multiple of 4
[2025-04-30T14:04:20.782+0000] {spark_submit.py:305} INFO - Could not load connection string spark_default, defaulting to spark://spark-master:7077
[2025-04-30T14:04:20.783+0000] {spark_submit.py:474} INFO - Spark-Submit cmd: spark-submit --master spark://spark-master:7077 --conf spark.master=spark://spark-master:7077 --name LandingToBronze --verbose --queue root.default --deploy-mode client /opt/airflow/dags/landing_to_bronze.py
[2025-04-30T14:04:22.169+0000] {spark_submit.py:644} INFO - Using properties file: null
[2025-04-30T14:04:22.266+0000] {spark_submit.py:644} INFO - Parsed arguments:
[2025-04-30T14:04:22.266+0000] {spark_submit.py:644} INFO - master                  spark://spark-master:7077
[2025-04-30T14:04:22.267+0000] {spark_submit.py:644} INFO - remote                  null
[2025-04-30T14:04:22.267+0000] {spark_submit.py:644} INFO - deployMode              client
[2025-04-30T14:04:22.267+0000] {spark_submit.py:644} INFO - executorMemory          null
[2025-04-30T14:04:22.267+0000] {spark_submit.py:644} INFO - executorCores           null
[2025-04-30T14:04:22.267+0000] {spark_submit.py:644} INFO - totalExecutorCores      null
[2025-04-30T14:04:22.268+0000] {spark_submit.py:644} INFO - propertiesFile          null
[2025-04-30T14:04:22.268+0000] {spark_submit.py:644} INFO - driverMemory            null
[2025-04-30T14:04:22.268+0000] {spark_submit.py:644} INFO - driverCores             null
[2025-04-30T14:04:22.268+0000] {spark_submit.py:644} INFO - driverExtraClassPath    null
[2025-04-30T14:04:22.268+0000] {spark_submit.py:644} INFO - driverExtraLibraryPath  null
[2025-04-30T14:04:22.268+0000] {spark_submit.py:644} INFO - driverExtraJavaOptions  null
[2025-04-30T14:04:22.268+0000] {spark_submit.py:644} INFO - supervise               false
[2025-04-30T14:04:22.268+0000] {spark_submit.py:644} INFO - queue                   root.default
[2025-04-30T14:04:22.268+0000] {spark_submit.py:644} INFO - numExecutors            null
[2025-04-30T14:04:22.268+0000] {spark_submit.py:644} INFO - files                   null
[2025-04-30T14:04:22.268+0000] {spark_submit.py:644} INFO - pyFiles                 null
[2025-04-30T14:04:22.269+0000] {spark_submit.py:644} INFO - archives                null
[2025-04-30T14:04:22.269+0000] {spark_submit.py:644} INFO - mainClass               null
[2025-04-30T14:04:22.269+0000] {spark_submit.py:644} INFO - primaryResource         file:/opt/airflow/dags/landing_to_bronze.py
[2025-04-30T14:04:22.269+0000] {spark_submit.py:644} INFO - name                    LandingToBronze
[2025-04-30T14:04:22.269+0000] {spark_submit.py:644} INFO - childArgs               []
[2025-04-30T14:04:22.269+0000] {spark_submit.py:644} INFO - jars                    null
[2025-04-30T14:04:22.270+0000] {spark_submit.py:644} INFO - packages                null
[2025-04-30T14:04:22.270+0000] {spark_submit.py:644} INFO - packagesExclusions      null
[2025-04-30T14:04:22.270+0000] {spark_submit.py:644} INFO - repositories            null
[2025-04-30T14:04:22.271+0000] {spark_submit.py:644} INFO - verbose                 true
[2025-04-30T14:04:22.271+0000] {spark_submit.py:644} INFO - 
[2025-04-30T14:04:22.271+0000] {spark_submit.py:644} INFO - Spark properties used, including those specified through
[2025-04-30T14:04:22.271+0000] {spark_submit.py:644} INFO - --conf and those from the properties file null:
[2025-04-30T14:04:22.272+0000] {spark_submit.py:644} INFO - (spark.master,spark://spark-master:7077)
[2025-04-30T14:04:22.272+0000] {spark_submit.py:644} INFO - 
[2025-04-30T14:04:22.272+0000] {spark_submit.py:644} INFO - 
[2025-04-30T14:04:22.512+0000] {spark_submit.py:644} INFO - Main class:
[2025-04-30T14:04:22.513+0000] {spark_submit.py:644} INFO - org.apache.spark.deploy.PythonRunner
[2025-04-30T14:04:22.513+0000] {spark_submit.py:644} INFO - Arguments:
[2025-04-30T14:04:22.513+0000] {spark_submit.py:644} INFO - file:/opt/airflow/dags/landing_to_bronze.py
[2025-04-30T14:04:22.513+0000] {spark_submit.py:644} INFO - null
[2025-04-30T14:04:22.515+0000] {spark_submit.py:644} INFO - Spark config:
[2025-04-30T14:04:22.515+0000] {spark_submit.py:644} INFO - (spark.app.name,LandingToBronze)
[2025-04-30T14:04:22.515+0000] {spark_submit.py:644} INFO - (spark.app.submitTime,1746021862494)
[2025-04-30T14:04:22.515+0000] {spark_submit.py:644} INFO - (spark.master,spark://spark-master:7077)
[2025-04-30T14:04:22.516+0000] {spark_submit.py:644} INFO - (spark.submit.deployMode,client)
[2025-04-30T14:04:22.516+0000] {spark_submit.py:644} INFO - (spark.submit.pyFiles,)
[2025-04-30T14:04:22.516+0000] {spark_submit.py:644} INFO - Classpath elements:
[2025-04-30T14:04:22.516+0000] {spark_submit.py:644} INFO - 
[2025-04-30T14:04:22.516+0000] {spark_submit.py:644} INFO - 
[2025-04-30T14:04:22.516+0000] {spark_submit.py:644} INFO - 
[2025-04-30T14:04:23.408+0000] {spark_submit.py:644} INFO - 25/04/30 14:04:23 INFO SparkContext: Running Spark version 3.5.5
[2025-04-30T14:04:23.409+0000] {spark_submit.py:644} INFO - 25/04/30 14:04:23 INFO SparkContext: OS info Linux, 5.15.167.4-microsoft-standard-WSL2, amd64
[2025-04-30T14:04:23.410+0000] {spark_submit.py:644} INFO - 25/04/30 14:04:23 INFO SparkContext: Java version 17.0.14
[2025-04-30T14:04:23.462+0000] {spark_submit.py:644} INFO - 25/04/30 14:04:23 WARN NativeCodeLoader: Unable to load native-hadoop library for your platform... using builtin-java classes where applicable
[2025-04-30T14:04:23.539+0000] {spark_submit.py:644} INFO - 25/04/30 14:04:23 INFO ResourceUtils: ==============================================================
[2025-04-30T14:04:23.540+0000] {spark_submit.py:644} INFO - 25/04/30 14:04:23 INFO ResourceUtils: No custom resources configured for spark.driver.
[2025-04-30T14:04:23.540+0000] {spark_submit.py:644} INFO - 25/04/30 14:04:23 INFO ResourceUtils: ==============================================================
[2025-04-30T14:04:23.540+0000] {spark_submit.py:644} INFO - 25/04/30 14:04:23 INFO SparkContext: Submitted application: LandingToBronze
[2025-04-30T14:04:23.561+0000] {spark_submit.py:644} INFO - 25/04/30 14:04:23 INFO ResourceProfile: Default ResourceProfile created, executor resources: Map(memory -> name: memory, amount: 1024, script: , vendor: , offHeap -> name: offHeap, amount: 0, script: , vendor: ), task resources: Map(cpus -> name: cpus, amount: 1.0)
[2025-04-30T14:04:23.569+0000] {spark_submit.py:644} INFO - 25/04/30 14:04:23 INFO ResourceProfile: Limiting resource is cpu
[2025-04-30T14:04:23.569+0000] {spark_submit.py:644} INFO - 25/04/30 14:04:23 INFO ResourceProfileManager: Added ResourceProfile id: 0
[2025-04-30T14:04:23.634+0000] {spark_submit.py:644} INFO - 25/04/30 14:04:23 INFO SecurityManager: Changing view acls to: airflow
[2025-04-30T14:04:23.634+0000] {spark_submit.py:644} INFO - 25/04/30 14:04:23 INFO SecurityManager: Changing modify acls to: airflow
[2025-04-30T14:04:23.635+0000] {spark_submit.py:644} INFO - 25/04/30 14:04:23 INFO SecurityManager: Changing view acls groups to:
[2025-04-30T14:04:23.635+0000] {spark_submit.py:644} INFO - 25/04/30 14:04:23 INFO SecurityManager: Changing modify acls groups to:
[2025-04-30T14:04:23.636+0000] {spark_submit.py:644} INFO - 25/04/30 14:04:23 INFO SecurityManager: SecurityManager: authentication disabled; ui acls disabled; users with view permissions: airflow; groups with view permissions: EMPTY; users with modify permissions: airflow; groups with modify permissions: EMPTY
[2025-04-30T14:04:23.849+0000] {spark_submit.py:644} INFO - 25/04/30 14:04:23 INFO Utils: Successfully started service 'sparkDriver' on port 40909.
[2025-04-30T14:04:23.882+0000] {spark_submit.py:644} INFO - 25/04/30 14:04:23 INFO SparkEnv: Registering MapOutputTracker
[2025-04-30T14:04:23.915+0000] {spark_submit.py:644} INFO - 25/04/30 14:04:23 INFO SparkEnv: Registering BlockManagerMaster
[2025-04-30T14:04:23.931+0000] {spark_submit.py:644} INFO - 25/04/30 14:04:23 INFO BlockManagerMasterEndpoint: Using org.apache.spark.storage.DefaultTopologyMapper for getting topology information
[2025-04-30T14:04:23.932+0000] {spark_submit.py:644} INFO - 25/04/30 14:04:23 INFO BlockManagerMasterEndpoint: BlockManagerMasterEndpoint up
[2025-04-30T14:04:23.935+0000] {spark_submit.py:644} INFO - 25/04/30 14:04:23 INFO SparkEnv: Registering BlockManagerMasterHeartbeat
[2025-04-30T14:04:23.958+0000] {spark_submit.py:644} INFO - 25/04/30 14:04:23 INFO DiskBlockManager: Created local directory at /tmp/blockmgr-14c5e8c3-85d8-466e-8611-58f6bfc0430a
[2025-04-30T14:04:23.972+0000] {spark_submit.py:644} INFO - 25/04/30 14:04:23 INFO MemoryStore: MemoryStore started with capacity 434.4 MiB
[2025-04-30T14:04:23.988+0000] {spark_submit.py:644} INFO - 25/04/30 14:04:23 INFO SparkEnv: Registering OutputCommitCoordinator
[2025-04-30T14:04:24.117+0000] {spark_submit.py:644} INFO - 25/04/30 14:04:24 INFO JettyUtils: Start Jetty 0.0.0.0:4040 for SparkUI
[2025-04-30T14:04:24.171+0000] {spark_submit.py:644} INFO - 25/04/30 14:04:24 INFO Utils: Successfully started service 'SparkUI' on port 4040.
[2025-04-30T14:04:24.291+0000] {spark_submit.py:644} INFO - 25/04/30 14:04:24 INFO StandaloneAppClient$ClientEndpoint: Connecting to master spark://spark-master:7077...
[2025-04-30T14:04:27.610+0000] {spark_submit.py:644} INFO - 25/04/30 14:04:27 WARN TransportClientFactory: DNS resolution failed for spark-master/<unresolved>:7077 took 3303 ms
[2025-04-30T14:04:27.639+0000] {spark_submit.py:644} INFO - 25/04/30 14:04:27 WARN StandaloneAppClient$ClientEndpoint: Failed to connect to master spark-master:7077
[2025-04-30T14:04:27.639+0000] {spark_submit.py:644} INFO - org.apache.spark.SparkException: Exception thrown in awaitResult:
[2025-04-30T14:04:27.639+0000] {spark_submit.py:644} INFO - at org.apache.spark.util.SparkThreadUtils$.awaitResult(SparkThreadUtils.scala:56)
[2025-04-30T14:04:27.639+0000] {spark_submit.py:644} INFO - at org.apache.spark.util.ThreadUtils$.awaitResult(ThreadUtils.scala:310)
[2025-04-30T14:04:27.639+0000] {spark_submit.py:644} INFO - at org.apache.spark.rpc.RpcTimeout.awaitResult(RpcTimeout.scala:75)
[2025-04-30T14:04:27.639+0000] {spark_submit.py:644} INFO - at org.apache.spark.rpc.RpcEnv.setupEndpointRefByURI(RpcEnv.scala:102)
[2025-04-30T14:04:27.640+0000] {spark_submit.py:644} INFO - at org.apache.spark.rpc.RpcEnv.setupEndpointRef(RpcEnv.scala:110)
[2025-04-30T14:04:27.640+0000] {spark_submit.py:644} INFO - at org.apache.spark.deploy.client.StandaloneAppClient$ClientEndpoint$$anon$1.run(StandaloneAppClient.scala:108)
[2025-04-30T14:04:27.640+0000] {spark_submit.py:644} INFO - at java.base/java.util.concurrent.Executors$RunnableAdapter.call(Executors.java:539)
[2025-04-30T14:04:27.640+0000] {spark_submit.py:644} INFO - at java.base/java.util.concurrent.FutureTask.run(FutureTask.java:264)
[2025-04-30T14:04:27.640+0000] {spark_submit.py:644} INFO - at java.base/java.util.concurrent.ThreadPoolExecutor.runWorker(ThreadPoolExecutor.java:1136)
[2025-04-30T14:04:27.640+0000] {spark_submit.py:644} INFO - at java.base/java.util.concurrent.ThreadPoolExecutor$Worker.run(ThreadPoolExecutor.java:635)
[2025-04-30T14:04:27.640+0000] {spark_submit.py:644} INFO - at java.base/java.lang.Thread.run(Thread.java:840)
[2025-04-30T14:04:27.640+0000] {spark_submit.py:644} INFO - Caused by: java.io.IOException: Failed to connect to spark-master/<unresolved>:7077
[2025-04-30T14:04:27.640+0000] {spark_submit.py:644} INFO - at org.apache.spark.network.client.TransportClientFactory.createClient(TransportClientFactory.java:294)
[2025-04-30T14:04:27.640+0000] {spark_submit.py:644} INFO - at org.apache.spark.network.client.TransportClientFactory.createClient(TransportClientFactory.java:214)
[2025-04-30T14:04:27.640+0000] {spark_submit.py:644} INFO - at org.apache.spark.network.client.TransportClientFactory.createClient(TransportClientFactory.java:226)
[2025-04-30T14:04:27.641+0000] {spark_submit.py:644} INFO - at org.apache.spark.rpc.netty.NettyRpcEnv.createClient(NettyRpcEnv.scala:204)
[2025-04-30T14:04:27.641+0000] {spark_submit.py:644} INFO - at org.apache.spark.rpc.netty.Outbox$$anon$1.call(Outbox.scala:202)
[2025-04-30T14:04:27.641+0000] {spark_submit.py:644} INFO - at org.apache.spark.rpc.netty.Outbox$$anon$1.call(Outbox.scala:198)
[2025-04-30T14:04:27.641+0000] {spark_submit.py:644} INFO - ... 4 more
[2025-04-30T14:04:27.641+0000] {spark_submit.py:644} INFO - Caused by: java.net.UnknownHostException: spark-master
[2025-04-30T14:04:27.641+0000] {spark_submit.py:644} INFO - at java.base/java.net.InetAddress$CachedAddresses.get(InetAddress.java:801)
[2025-04-30T14:04:27.641+0000] {spark_submit.py:644} INFO - at java.base/java.net.InetAddress.getAllByName0(InetAddress.java:1533)
[2025-04-30T14:04:27.641+0000] {spark_submit.py:644} INFO - at java.base/java.net.InetAddress.getAllByName(InetAddress.java:1385)
[2025-04-30T14:04:27.641+0000] {spark_submit.py:644} INFO - at java.base/java.net.InetAddress.getAllByName(InetAddress.java:1306)
[2025-04-30T14:04:27.641+0000] {spark_submit.py:644} INFO - at java.base/java.net.InetAddress.getByName(InetAddress.java:1256)
[2025-04-30T14:04:27.641+0000] {spark_submit.py:644} INFO - at io.netty.util.internal.SocketUtils$8.run(SocketUtils.java:156)
[2025-04-30T14:04:27.641+0000] {spark_submit.py:644} INFO - at io.netty.util.internal.SocketUtils$8.run(SocketUtils.java:153)
[2025-04-30T14:04:27.642+0000] {spark_submit.py:644} INFO - at java.base/java.security.AccessController.doPrivileged(AccessController.java:569)
[2025-04-30T14:04:27.642+0000] {spark_submit.py:644} INFO - at io.netty.util.internal.SocketUtils.addressByName(SocketUtils.java:153)
[2025-04-30T14:04:27.642+0000] {spark_submit.py:644} INFO - at io.netty.resolver.DefaultNameResolver.doResolve(DefaultNameResolver.java:41)
[2025-04-30T14:04:27.642+0000] {spark_submit.py:644} INFO - at io.netty.resolver.SimpleNameResolver.resolve(SimpleNameResolver.java:61)
[2025-04-30T14:04:27.642+0000] {spark_submit.py:644} INFO - at io.netty.resolver.SimpleNameResolver.resolve(SimpleNameResolver.java:53)
[2025-04-30T14:04:27.642+0000] {spark_submit.py:644} INFO - at io.netty.resolver.InetSocketAddressResolver.doResolve(InetSocketAddressResolver.java:55)
[2025-04-30T14:04:27.642+0000] {spark_submit.py:644} INFO - at io.netty.resolver.InetSocketAddressResolver.doResolve(InetSocketAddressResolver.java:31)
[2025-04-30T14:04:27.642+0000] {spark_submit.py:644} INFO - at io.netty.resolver.AbstractAddressResolver.resolve(AbstractAddressResolver.java:106)
[2025-04-30T14:04:27.642+0000] {spark_submit.py:644} INFO - at io.netty.bootstrap.Bootstrap.doResolveAndConnect0(Bootstrap.java:220)
[2025-04-30T14:04:27.642+0000] {spark_submit.py:644} INFO - at io.netty.bootstrap.Bootstrap.access$000(Bootstrap.java:46)
[2025-04-30T14:04:27.642+0000] {spark_submit.py:644} INFO - at io.netty.bootstrap.Bootstrap$1.operationComplete(Bootstrap.java:189)
[2025-04-30T14:04:27.642+0000] {spark_submit.py:644} INFO - at io.netty.bootstrap.Bootstrap$1.operationComplete(Bootstrap.java:175)
[2025-04-30T14:04:27.642+0000] {spark_submit.py:644} INFO - at io.netty.util.concurrent.DefaultPromise.notifyListener0(DefaultPromise.java:590)
[2025-04-30T14:04:27.643+0000] {spark_submit.py:644} INFO - at io.netty.util.concurrent.DefaultPromise.notifyListenersNow(DefaultPromise.java:557)
[2025-04-30T14:04:27.643+0000] {spark_submit.py:644} INFO - at io.netty.util.concurrent.DefaultPromise.notifyListeners(DefaultPromise.java:492)
[2025-04-30T14:04:27.643+0000] {spark_submit.py:644} INFO - at io.netty.util.concurrent.DefaultPromise.setValue0(DefaultPromise.java:636)
[2025-04-30T14:04:27.643+0000] {spark_submit.py:644} INFO - at io.netty.util.concurrent.DefaultPromise.setSuccess0(DefaultPromise.java:625)
[2025-04-30T14:04:27.643+0000] {spark_submit.py:644} INFO - at io.netty.util.concurrent.DefaultPromise.trySuccess(DefaultPromise.java:105)
[2025-04-30T14:04:27.643+0000] {spark_submit.py:644} INFO - at io.netty.channel.DefaultChannelPromise.trySuccess(DefaultChannelPromise.java:84)
[2025-04-30T14:04:27.643+0000] {spark_submit.py:644} INFO - at io.netty.channel.AbstractChannel$AbstractUnsafe.safeSetSuccess(AbstractChannel.java:990)
[2025-04-30T14:04:27.643+0000] {spark_submit.py:644} INFO - at io.netty.channel.AbstractChannel$AbstractUnsafe.register0(AbstractChannel.java:516)
[2025-04-30T14:04:27.643+0000] {spark_submit.py:644} INFO - at io.netty.channel.AbstractChannel$AbstractUnsafe.access$200(AbstractChannel.java:429)
[2025-04-30T14:04:27.643+0000] {spark_submit.py:644} INFO - at io.netty.channel.AbstractChannel$AbstractUnsafe$1.run(AbstractChannel.java:486)
[2025-04-30T14:04:27.643+0000] {spark_submit.py:644} INFO - at io.netty.util.concurrent.AbstractEventExecutor.runTask(AbstractEventExecutor.java:174)
[2025-04-30T14:04:27.643+0000] {spark_submit.py:644} INFO - at io.netty.util.concurrent.AbstractEventExecutor.safeExecute(AbstractEventExecutor.java:167)
[2025-04-30T14:04:27.644+0000] {spark_submit.py:644} INFO - at io.netty.util.concurrent.SingleThreadEventExecutor.runAllTasks(SingleThreadEventExecutor.java:470)
[2025-04-30T14:04:27.644+0000] {spark_submit.py:644} INFO - at io.netty.channel.nio.NioEventLoop.run(NioEventLoop.java:569)
[2025-04-30T14:04:27.644+0000] {spark_submit.py:644} INFO - at io.netty.util.concurrent.SingleThreadEventExecutor$4.run(SingleThreadEventExecutor.java:997)
[2025-04-30T14:04:27.644+0000] {spark_submit.py:644} INFO - at io.netty.util.internal.ThreadExecutorMap$2.run(ThreadExecutorMap.java:74)
[2025-04-30T14:04:27.644+0000] {spark_submit.py:644} INFO - at io.netty.util.concurrent.FastThreadLocalRunnable.run(FastThreadLocalRunnable.java:30)
[2025-04-30T14:04:27.644+0000] {spark_submit.py:644} INFO - ... 1 more
[2025-04-30T14:04:44.291+0000] {spark_submit.py:644} INFO - 25/04/30 14:04:44 INFO StandaloneAppClient$ClientEndpoint: Connecting to master spark://spark-master:7077...
[2025-04-30T14:04:47.618+0000] {spark_submit.py:644} INFO - 25/04/30 14:04:47 WARN TransportClientFactory: DNS resolution failed for spark-master/<unresolved>:7077 took 3324 ms
[2025-04-30T14:04:47.623+0000] {spark_submit.py:644} INFO - 25/04/30 14:04:47 WARN StandaloneAppClient$ClientEndpoint: Failed to connect to master spark-master:7077
[2025-04-30T14:04:47.623+0000] {spark_submit.py:644} INFO - org.apache.spark.SparkException: Exception thrown in awaitResult:
[2025-04-30T14:04:47.623+0000] {spark_submit.py:644} INFO - at org.apache.spark.util.SparkThreadUtils$.awaitResult(SparkThreadUtils.scala:56)
[2025-04-30T14:04:47.624+0000] {spark_submit.py:644} INFO - at org.apache.spark.util.ThreadUtils$.awaitResult(ThreadUtils.scala:310)
[2025-04-30T14:04:47.624+0000] {spark_submit.py:644} INFO - at org.apache.spark.rpc.RpcTimeout.awaitResult(RpcTimeout.scala:75)
[2025-04-30T14:04:47.624+0000] {spark_submit.py:644} INFO - at org.apache.spark.rpc.RpcEnv.setupEndpointRefByURI(RpcEnv.scala:102)
[2025-04-30T14:04:47.624+0000] {spark_submit.py:644} INFO - at org.apache.spark.rpc.RpcEnv.setupEndpointRef(RpcEnv.scala:110)
[2025-04-30T14:04:47.624+0000] {spark_submit.py:644} INFO - at org.apache.spark.deploy.client.StandaloneAppClient$ClientEndpoint$$anon$1.run(StandaloneAppClient.scala:108)
[2025-04-30T14:04:47.624+0000] {spark_submit.py:644} INFO - at java.base/java.util.concurrent.Executors$RunnableAdapter.call(Executors.java:539)
[2025-04-30T14:04:47.625+0000] {spark_submit.py:644} INFO - at java.base/java.util.concurrent.FutureTask.run(FutureTask.java:264)
[2025-04-30T14:04:47.625+0000] {spark_submit.py:644} INFO - at java.base/java.util.concurrent.ThreadPoolExecutor.runWorker(ThreadPoolExecutor.java:1136)
[2025-04-30T14:04:47.625+0000] {spark_submit.py:644} INFO - at java.base/java.util.concurrent.ThreadPoolExecutor$Worker.run(ThreadPoolExecutor.java:635)
[2025-04-30T14:04:47.625+0000] {spark_submit.py:644} INFO - at java.base/java.lang.Thread.run(Thread.java:840)
[2025-04-30T14:04:47.625+0000] {spark_submit.py:644} INFO - Caused by: java.io.IOException: Failed to connect to spark-master/<unresolved>:7077
[2025-04-30T14:04:47.625+0000] {spark_submit.py:644} INFO - at org.apache.spark.network.client.TransportClientFactory.createClient(TransportClientFactory.java:294)
[2025-04-30T14:04:47.626+0000] {spark_submit.py:644} INFO - at org.apache.spark.network.client.TransportClientFactory.createClient(TransportClientFactory.java:214)
[2025-04-30T14:04:47.626+0000] {spark_submit.py:644} INFO - at org.apache.spark.network.client.TransportClientFactory.createClient(TransportClientFactory.java:226)
[2025-04-30T14:04:47.626+0000] {spark_submit.py:644} INFO - at org.apache.spark.rpc.netty.NettyRpcEnv.createClient(NettyRpcEnv.scala:204)
[2025-04-30T14:04:47.626+0000] {spark_submit.py:644} INFO - at org.apache.spark.rpc.netty.Outbox$$anon$1.call(Outbox.scala:202)
[2025-04-30T14:04:47.626+0000] {spark_submit.py:644} INFO - at org.apache.spark.rpc.netty.Outbox$$anon$1.call(Outbox.scala:198)
[2025-04-30T14:04:47.626+0000] {spark_submit.py:644} INFO - ... 4 more
[2025-04-30T14:04:47.626+0000] {spark_submit.py:644} INFO - Caused by: java.net.UnknownHostException: spark-master
[2025-04-30T14:04:47.626+0000] {spark_submit.py:644} INFO - at java.base/java.net.InetAddress$CachedAddresses.get(InetAddress.java:801)
[2025-04-30T14:04:47.626+0000] {spark_submit.py:644} INFO - at java.base/java.net.InetAddress.getAllByName0(InetAddress.java:1533)
[2025-04-30T14:04:47.626+0000] {spark_submit.py:644} INFO - at java.base/java.net.InetAddress.getAllByName(InetAddress.java:1385)
[2025-04-30T14:04:47.626+0000] {spark_submit.py:644} INFO - at java.base/java.net.InetAddress.getAllByName(InetAddress.java:1306)
[2025-04-30T14:04:47.627+0000] {spark_submit.py:644} INFO - at java.base/java.net.InetAddress.getByName(InetAddress.java:1256)
[2025-04-30T14:04:47.627+0000] {spark_submit.py:644} INFO - at io.netty.util.internal.SocketUtils$8.run(SocketUtils.java:156)
[2025-04-30T14:04:47.627+0000] {spark_submit.py:644} INFO - at io.netty.util.internal.SocketUtils$8.run(SocketUtils.java:153)
[2025-04-30T14:04:47.627+0000] {spark_submit.py:644} INFO - at java.base/java.security.AccessController.doPrivileged(AccessController.java:569)
[2025-04-30T14:04:47.627+0000] {spark_submit.py:644} INFO - at io.netty.util.internal.SocketUtils.addressByName(SocketUtils.java:153)
[2025-04-30T14:04:47.627+0000] {spark_submit.py:644} INFO - at io.netty.resolver.DefaultNameResolver.doResolve(DefaultNameResolver.java:41)
[2025-04-30T14:04:47.627+0000] {spark_submit.py:644} INFO - at io.netty.resolver.SimpleNameResolver.resolve(SimpleNameResolver.java:61)
[2025-04-30T14:04:47.627+0000] {spark_submit.py:644} INFO - at io.netty.resolver.SimpleNameResolver.resolve(SimpleNameResolver.java:53)
[2025-04-30T14:04:47.627+0000] {spark_submit.py:644} INFO - at io.netty.resolver.InetSocketAddressResolver.doResolve(InetSocketAddressResolver.java:55)
[2025-04-30T14:04:47.628+0000] {spark_submit.py:644} INFO - at io.netty.resolver.InetSocketAddressResolver.doResolve(InetSocketAddressResolver.java:31)
[2025-04-30T14:04:47.628+0000] {spark_submit.py:644} INFO - at io.netty.resolver.AbstractAddressResolver.resolve(AbstractAddressResolver.java:106)
[2025-04-30T14:04:47.628+0000] {spark_submit.py:644} INFO - at io.netty.bootstrap.Bootstrap.doResolveAndConnect0(Bootstrap.java:220)
[2025-04-30T14:04:47.628+0000] {spark_submit.py:644} INFO - at io.netty.bootstrap.Bootstrap.access$000(Bootstrap.java:46)
[2025-04-30T14:04:47.628+0000] {spark_submit.py:644} INFO - at io.netty.bootstrap.Bootstrap$1.operationComplete(Bootstrap.java:189)
[2025-04-30T14:04:47.628+0000] {spark_submit.py:644} INFO - at io.netty.bootstrap.Bootstrap$1.operationComplete(Bootstrap.java:175)
[2025-04-30T14:04:47.628+0000] {spark_submit.py:644} INFO - at io.netty.util.concurrent.DefaultPromise.notifyListener0(DefaultPromise.java:590)
[2025-04-30T14:04:47.629+0000] {spark_submit.py:644} INFO - at io.netty.util.concurrent.DefaultPromise.notifyListenersNow(DefaultPromise.java:557)
[2025-04-30T14:04:47.629+0000] {spark_submit.py:644} INFO - at io.netty.util.concurrent.DefaultPromise.notifyListeners(DefaultPromise.java:492)
[2025-04-30T14:04:47.629+0000] {spark_submit.py:644} INFO - at io.netty.util.concurrent.DefaultPromise.setValue0(DefaultPromise.java:636)
[2025-04-30T14:04:47.629+0000] {spark_submit.py:644} INFO - at io.netty.util.concurrent.DefaultPromise.setSuccess0(DefaultPromise.java:625)
[2025-04-30T14:04:47.629+0000] {spark_submit.py:644} INFO - at io.netty.util.concurrent.DefaultPromise.trySuccess(DefaultPromise.java:105)
[2025-04-30T14:04:47.629+0000] {spark_submit.py:644} INFO - at io.netty.channel.DefaultChannelPromise.trySuccess(DefaultChannelPromise.java:84)
[2025-04-30T14:04:47.629+0000] {spark_submit.py:644} INFO - at io.netty.channel.AbstractChannel$AbstractUnsafe.safeSetSuccess(AbstractChannel.java:990)
[2025-04-30T14:04:47.629+0000] {spark_submit.py:644} INFO - at io.netty.channel.AbstractChannel$AbstractUnsafe.register0(AbstractChannel.java:516)
[2025-04-30T14:04:47.629+0000] {spark_submit.py:644} INFO - at io.netty.channel.AbstractChannel$AbstractUnsafe.access$200(AbstractChannel.java:429)
[2025-04-30T14:04:47.629+0000] {spark_submit.py:644} INFO - at io.netty.channel.AbstractChannel$AbstractUnsafe$1.run(AbstractChannel.java:486)
[2025-04-30T14:04:47.629+0000] {spark_submit.py:644} INFO - at io.netty.util.concurrent.AbstractEventExecutor.runTask(AbstractEventExecutor.java:174)
[2025-04-30T14:04:47.630+0000] {spark_submit.py:644} INFO - at io.netty.util.concurrent.AbstractEventExecutor.safeExecute(AbstractEventExecutor.java:167)
[2025-04-30T14:04:47.630+0000] {spark_submit.py:644} INFO - at io.netty.util.concurrent.SingleThreadEventExecutor.runAllTasks(SingleThreadEventExecutor.java:470)
[2025-04-30T14:04:47.630+0000] {spark_submit.py:644} INFO - at io.netty.channel.nio.NioEventLoop.run(NioEventLoop.java:569)
[2025-04-30T14:04:47.630+0000] {spark_submit.py:644} INFO - at io.netty.util.concurrent.SingleThreadEventExecutor$4.run(SingleThreadEventExecutor.java:997)
[2025-04-30T14:04:47.630+0000] {spark_submit.py:644} INFO - at io.netty.util.internal.ThreadExecutorMap$2.run(ThreadExecutorMap.java:74)
[2025-04-30T14:04:47.630+0000] {spark_submit.py:644} INFO - at io.netty.util.concurrent.FastThreadLocalRunnable.run(FastThreadLocalRunnable.java:30)
[2025-04-30T14:04:47.630+0000] {spark_submit.py:644} INFO - ... 1 more
[2025-04-30T14:05:04.286+0000] {spark_submit.py:644} INFO - 25/04/30 14:05:04 INFO StandaloneAppClient$ClientEndpoint: Connecting to master spark://spark-master:7077...
[2025-04-30T14:05:07.601+0000] {spark_submit.py:644} INFO - 25/04/30 14:05:07 WARN TransportClientFactory: DNS resolution failed for spark-master/<unresolved>:7077 took 3312 ms
[2025-04-30T14:05:07.606+0000] {spark_submit.py:644} INFO - 25/04/30 14:05:07 WARN StandaloneAppClient$ClientEndpoint: Failed to connect to master spark-master:7077
[2025-04-30T14:05:07.607+0000] {spark_submit.py:644} INFO - org.apache.spark.SparkException: Exception thrown in awaitResult:
[2025-04-30T14:05:07.607+0000] {spark_submit.py:644} INFO - at org.apache.spark.util.SparkThreadUtils$.awaitResult(SparkThreadUtils.scala:56)
[2025-04-30T14:05:07.607+0000] {spark_submit.py:644} INFO - at org.apache.spark.util.ThreadUtils$.awaitResult(ThreadUtils.scala:310)
[2025-04-30T14:05:07.607+0000] {spark_submit.py:644} INFO - at org.apache.spark.rpc.RpcTimeout.awaitResult(RpcTimeout.scala:75)
[2025-04-30T14:05:07.608+0000] {spark_submit.py:644} INFO - at org.apache.spark.rpc.RpcEnv.setupEndpointRefByURI(RpcEnv.scala:102)
[2025-04-30T14:05:07.608+0000] {spark_submit.py:644} INFO - at org.apache.spark.rpc.RpcEnv.setupEndpointRef(RpcEnv.scala:110)
[2025-04-30T14:05:07.608+0000] {spark_submit.py:644} INFO - at org.apache.spark.deploy.client.StandaloneAppClient$ClientEndpoint$$anon$1.run(StandaloneAppClient.scala:108)
[2025-04-30T14:05:07.609+0000] {spark_submit.py:644} INFO - at java.base/java.util.concurrent.Executors$RunnableAdapter.call(Executors.java:539)
[2025-04-30T14:05:07.609+0000] {spark_submit.py:644} INFO - at java.base/java.util.concurrent.FutureTask.run(FutureTask.java:264)
[2025-04-30T14:05:07.609+0000] {spark_submit.py:644} INFO - at java.base/java.util.concurrent.ThreadPoolExecutor.runWorker(ThreadPoolExecutor.java:1136)
[2025-04-30T14:05:07.609+0000] {spark_submit.py:644} INFO - at java.base/java.util.concurrent.ThreadPoolExecutor$Worker.run(ThreadPoolExecutor.java:635)
[2025-04-30T14:05:07.609+0000] {spark_submit.py:644} INFO - at java.base/java.lang.Thread.run(Thread.java:840)
[2025-04-30T14:05:07.609+0000] {spark_submit.py:644} INFO - Caused by: java.io.IOException: Failed to connect to spark-master/<unresolved>:7077
[2025-04-30T14:05:07.609+0000] {spark_submit.py:644} INFO - at org.apache.spark.network.client.TransportClientFactory.createClient(TransportClientFactory.java:294)
[2025-04-30T14:05:07.609+0000] {spark_submit.py:644} INFO - at org.apache.spark.network.client.TransportClientFactory.createClient(TransportClientFactory.java:214)
[2025-04-30T14:05:07.609+0000] {spark_submit.py:644} INFO - at org.apache.spark.network.client.TransportClientFactory.createClient(TransportClientFactory.java:226)
[2025-04-30T14:05:07.609+0000] {spark_submit.py:644} INFO - at org.apache.spark.rpc.netty.NettyRpcEnv.createClient(NettyRpcEnv.scala:204)
[2025-04-30T14:05:07.609+0000] {spark_submit.py:644} INFO - at org.apache.spark.rpc.netty.Outbox$$anon$1.call(Outbox.scala:202)
[2025-04-30T14:05:07.609+0000] {spark_submit.py:644} INFO - at org.apache.spark.rpc.netty.Outbox$$anon$1.call(Outbox.scala:198)
[2025-04-30T14:05:07.610+0000] {spark_submit.py:644} INFO - ... 4 more
[2025-04-30T14:05:07.610+0000] {spark_submit.py:644} INFO - Caused by: java.net.UnknownHostException: spark-master
[2025-04-30T14:05:07.610+0000] {spark_submit.py:644} INFO - at java.base/java.net.InetAddress$CachedAddresses.get(InetAddress.java:801)
[2025-04-30T14:05:07.610+0000] {spark_submit.py:644} INFO - at java.base/java.net.InetAddress.getAllByName0(InetAddress.java:1533)
[2025-04-30T14:05:07.610+0000] {spark_submit.py:644} INFO - at java.base/java.net.InetAddress.getAllByName(InetAddress.java:1385)
[2025-04-30T14:05:07.610+0000] {spark_submit.py:644} INFO - at java.base/java.net.InetAddress.getAllByName(InetAddress.java:1306)
[2025-04-30T14:05:07.610+0000] {spark_submit.py:644} INFO - at java.base/java.net.InetAddress.getByName(InetAddress.java:1256)
[2025-04-30T14:05:07.611+0000] {spark_submit.py:644} INFO - at io.netty.util.internal.SocketUtils$8.run(SocketUtils.java:156)
[2025-04-30T14:05:07.611+0000] {spark_submit.py:644} INFO - at io.netty.util.internal.SocketUtils$8.run(SocketUtils.java:153)
[2025-04-30T14:05:07.611+0000] {spark_submit.py:644} INFO - at java.base/java.security.AccessController.doPrivileged(AccessController.java:569)
[2025-04-30T14:05:07.611+0000] {spark_submit.py:644} INFO - at io.netty.util.internal.SocketUtils.addressByName(SocketUtils.java:153)
[2025-04-30T14:05:07.611+0000] {spark_submit.py:644} INFO - at io.netty.resolver.DefaultNameResolver.doResolve(DefaultNameResolver.java:41)
[2025-04-30T14:05:07.611+0000] {spark_submit.py:644} INFO - at io.netty.resolver.SimpleNameResolver.resolve(SimpleNameResolver.java:61)
[2025-04-30T14:05:07.611+0000] {spark_submit.py:644} INFO - at io.netty.resolver.SimpleNameResolver.resolve(SimpleNameResolver.java:53)
[2025-04-30T14:05:07.611+0000] {spark_submit.py:644} INFO - at io.netty.resolver.InetSocketAddressResolver.doResolve(InetSocketAddressResolver.java:55)
[2025-04-30T14:05:07.611+0000] {spark_submit.py:644} INFO - at io.netty.resolver.InetSocketAddressResolver.doResolve(InetSocketAddressResolver.java:31)
[2025-04-30T14:05:07.611+0000] {spark_submit.py:644} INFO - at io.netty.resolver.AbstractAddressResolver.resolve(AbstractAddressResolver.java:106)
[2025-04-30T14:05:07.611+0000] {spark_submit.py:644} INFO - at io.netty.bootstrap.Bootstrap.doResolveAndConnect0(Bootstrap.java:220)
[2025-04-30T14:05:07.612+0000] {spark_submit.py:644} INFO - at io.netty.bootstrap.Bootstrap.access$000(Bootstrap.java:46)
[2025-04-30T14:05:07.612+0000] {spark_submit.py:644} INFO - at io.netty.bootstrap.Bootstrap$1.operationComplete(Bootstrap.java:189)
[2025-04-30T14:05:07.612+0000] {spark_submit.py:644} INFO - at io.netty.bootstrap.Bootstrap$1.operationComplete(Bootstrap.java:175)
[2025-04-30T14:05:07.612+0000] {spark_submit.py:644} INFO - at io.netty.util.concurrent.DefaultPromise.notifyListener0(DefaultPromise.java:590)
[2025-04-30T14:05:07.612+0000] {spark_submit.py:644} INFO - at io.netty.util.concurrent.DefaultPromise.notifyListenersNow(DefaultPromise.java:557)
[2025-04-30T14:05:07.612+0000] {spark_submit.py:644} INFO - at io.netty.util.concurrent.DefaultPromise.notifyListeners(DefaultPromise.java:492)
[2025-04-30T14:05:07.612+0000] {spark_submit.py:644} INFO - at io.netty.util.concurrent.DefaultPromise.setValue0(DefaultPromise.java:636)
[2025-04-30T14:05:07.612+0000] {spark_submit.py:644} INFO - at io.netty.util.concurrent.DefaultPromise.setSuccess0(DefaultPromise.java:625)
[2025-04-30T14:05:07.612+0000] {spark_submit.py:644} INFO - at io.netty.util.concurrent.DefaultPromise.trySuccess(DefaultPromise.java:105)
[2025-04-30T14:05:07.612+0000] {spark_submit.py:644} INFO - at io.netty.channel.DefaultChannelPromise.trySuccess(DefaultChannelPromise.java:84)
[2025-04-30T14:05:07.612+0000] {spark_submit.py:644} INFO - at io.netty.channel.AbstractChannel$AbstractUnsafe.safeSetSuccess(AbstractChannel.java:990)
[2025-04-30T14:05:07.612+0000] {spark_submit.py:644} INFO - at io.netty.channel.AbstractChannel$AbstractUnsafe.register0(AbstractChannel.java:516)
[2025-04-30T14:05:07.613+0000] {spark_submit.py:644} INFO - at io.netty.channel.AbstractChannel$AbstractUnsafe.access$200(AbstractChannel.java:429)
[2025-04-30T14:05:07.613+0000] {spark_submit.py:644} INFO - at io.netty.channel.AbstractChannel$AbstractUnsafe$1.run(AbstractChannel.java:486)
[2025-04-30T14:05:07.613+0000] {spark_submit.py:644} INFO - at io.netty.util.concurrent.AbstractEventExecutor.runTask(AbstractEventExecutor.java:174)
[2025-04-30T14:05:07.613+0000] {spark_submit.py:644} INFO - at io.netty.util.concurrent.AbstractEventExecutor.safeExecute(AbstractEventExecutor.java:167)
[2025-04-30T14:05:07.613+0000] {spark_submit.py:644} INFO - at io.netty.util.concurrent.SingleThreadEventExecutor.runAllTasks(SingleThreadEventExecutor.java:470)
[2025-04-30T14:05:07.613+0000] {spark_submit.py:644} INFO - at io.netty.channel.nio.NioEventLoop.run(NioEventLoop.java:569)
[2025-04-30T14:05:07.614+0000] {spark_submit.py:644} INFO - at io.netty.util.concurrent.SingleThreadEventExecutor$4.run(SingleThreadEventExecutor.java:997)
[2025-04-30T14:05:07.614+0000] {spark_submit.py:644} INFO - at io.netty.util.internal.ThreadExecutorMap$2.run(ThreadExecutorMap.java:74)
[2025-04-30T14:05:07.614+0000] {spark_submit.py:644} INFO - at io.netty.util.concurrent.FastThreadLocalRunnable.run(FastThreadLocalRunnable.java:30)
[2025-04-30T14:05:07.614+0000] {spark_submit.py:644} INFO - ... 1 more
[2025-04-30T14:05:24.288+0000] {spark_submit.py:644} INFO - 25/04/30 14:05:24 WARN StandaloneSchedulerBackend: Application ID is not initialized yet.
[2025-04-30T14:05:24.289+0000] {spark_submit.py:644} INFO - 25/04/30 14:05:24 ERROR StandaloneSchedulerBackend: Application has been killed. Reason: All masters are unresponsive! Giving up.
[2025-04-30T14:05:24.298+0000] {spark_submit.py:644} INFO - 25/04/30 14:05:24 INFO Utils: Successfully started service 'org.apache.spark.network.netty.NettyBlockTransferService' on port 42051.
[2025-04-30T14:05:24.299+0000] {spark_submit.py:644} INFO - 25/04/30 14:05:24 INFO NettyBlockTransferService: Server created on 22933ff3ba35:42051
[2025-04-30T14:05:24.300+0000] {spark_submit.py:644} INFO - 25/04/30 14:05:24 INFO BlockManager: Using org.apache.spark.storage.RandomBlockReplicationPolicy for block replication policy
[2025-04-30T14:05:24.306+0000] {spark_submit.py:644} INFO - 25/04/30 14:05:24 INFO BlockManagerMaster: Registering BlockManager BlockManagerId(driver, 22933ff3ba35, 42051, None)
[2025-04-30T14:05:24.309+0000] {spark_submit.py:644} INFO - 25/04/30 14:05:24 INFO BlockManagerMasterEndpoint: Registering block manager 22933ff3ba35:42051 with 434.4 MiB RAM, BlockManagerId(driver, 22933ff3ba35, 42051, None)
[2025-04-30T14:05:24.311+0000] {spark_submit.py:644} INFO - 25/04/30 14:05:24 INFO BlockManagerMaster: Registered BlockManager BlockManagerId(driver, 22933ff3ba35, 42051, None)
[2025-04-30T14:05:24.312+0000] {spark_submit.py:644} INFO - 25/04/30 14:05:24 INFO BlockManager: Initialized BlockManager: BlockManagerId(driver, 22933ff3ba35, 42051, None)
[2025-04-30T14:05:24.474+0000] {spark_submit.py:644} INFO - 25/04/30 14:05:24 INFO StandaloneSchedulerBackend: SchedulerBackend is ready for scheduling beginning after reached minRegisteredResourcesRatio: 0.0
[2025-04-30T14:05:24.649+0000] {spark_submit.py:644} INFO - Traceback (most recent call last):
[2025-04-30T14:05:24.649+0000] {spark_submit.py:644} INFO - File "/opt/airflow/dags/landing_to_bronze.py", line 27, in <module>
[2025-04-30T14:05:24.649+0000] {spark_submit.py:644} INFO - main()
[2025-04-30T14:05:24.649+0000] {spark_submit.py:644} INFO - File "/opt/airflow/dags/landing_to_bronze.py", line 11, in main
[2025-04-30T14:05:24.650+0000] {spark_submit.py:644} INFO - os.makedirs(bronze_dir, exist_ok=True)
[2025-04-30T14:05:24.650+0000] {spark_submit.py:644} INFO - File "/usr/local/lib/python3.10/os.py", line 215, in makedirs
[2025-04-30T14:05:24.650+0000] {spark_submit.py:644} INFO - makedirs(head, exist_ok=exist_ok)
[2025-04-30T14:05:24.650+0000] {spark_submit.py:644} INFO - File "/usr/local/lib/python3.10/os.py", line 215, in makedirs
[2025-04-30T14:05:24.650+0000] {spark_submit.py:644} INFO - makedirs(head, exist_ok=exist_ok)
[2025-04-30T14:05:24.650+0000] {spark_submit.py:644} INFO - File "/usr/local/lib/python3.10/os.py", line 215, in makedirs
[2025-04-30T14:05:24.650+0000] {spark_submit.py:644} INFO - makedirs(head, exist_ok=exist_ok)
[2025-04-30T14:05:24.650+0000] {spark_submit.py:644} INFO - File "/usr/local/lib/python3.10/os.py", line 225, in makedirs
[2025-04-30T14:05:24.651+0000] {spark_submit.py:644} INFO - mkdir(name, mode)
[2025-04-30T14:05:24.651+0000] {spark_submit.py:644} INFO - PermissionError: [Errno 13] Permission denied: '/opt/bitnami'
[2025-04-30T14:05:24.680+0000] {spark_submit.py:644} INFO - 25/04/30 14:05:24 INFO SparkContext: SparkContext is stopping with exitCode 0.
[2025-04-30T14:05:24.692+0000] {spark_submit.py:644} INFO - 25/04/30 14:05:24 INFO SparkUI: Stopped Spark web UI at http://22933ff3ba35:4040
[2025-04-30T14:05:24.696+0000] {spark_submit.py:644} INFO - 25/04/30 14:05:24 INFO StandaloneSchedulerBackend: Shutting down all executors
[2025-04-30T14:05:24.699+0000] {spark_submit.py:644} INFO - 25/04/30 14:05:24 INFO DiskBlockManager: Shutdown hook called
[2025-04-30T14:05:24.700+0000] {spark_submit.py:644} INFO - 25/04/30 14:05:24 INFO StandaloneSchedulerBackend$StandaloneDriverEndpoint: Asking each executor to shut down
[2025-04-30T14:05:24.704+0000] {spark_submit.py:644} INFO - 25/04/30 14:05:24 WARN StandaloneAppClient$ClientEndpoint: Drop UnregisterApplication(null) because has not yet connected to master
[2025-04-30T14:05:24.707+0000] {spark_submit.py:644} INFO - 25/04/30 14:05:24 INFO ShutdownHookManager: Shutdown hook called
[2025-04-30T14:05:24.707+0000] {spark_submit.py:644} INFO - 25/04/30 14:05:24 INFO ShutdownHookManager: Deleting directory /tmp/spark-37123fb5-5d72-48e0-b35e-811945cc30ed/userFiles-a6862423-bed1-4041-a88d-d13ae002f29a
[2025-04-30T14:05:24.712+0000] {spark_submit.py:644} INFO - 25/04/30 14:05:24 INFO ShutdownHookManager: Deleting directory /tmp/spark-37123fb5-5d72-48e0-b35e-811945cc30ed/pyspark-380d1ea1-7f5b-4bad-9018-be704d4add45
[2025-04-30T14:05:24.712+0000] {spark_submit.py:644} INFO - 25/04/30 14:05:24 INFO MapOutputTrackerMasterEndpoint: MapOutputTrackerMasterEndpoint stopped!
[2025-04-30T14:05:24.717+0000] {spark_submit.py:644} INFO - 25/04/30 14:05:24 INFO ShutdownHookManager: Deleting directory /tmp/spark-f80596ef-80c4-46a2-bde5-7e14bfa58631
[2025-04-30T14:05:24.721+0000] {spark_submit.py:644} INFO - 25/04/30 14:05:24 INFO MemoryStore: MemoryStore cleared
[2025-04-30T14:05:24.721+0000] {spark_submit.py:644} INFO - 25/04/30 14:05:24 INFO ShutdownHookManager: Deleting directory /tmp/spark-37123fb5-5d72-48e0-b35e-811945cc30ed
[2025-04-30T14:05:24.721+0000] {spark_submit.py:644} INFO - 25/04/30 14:05:24 INFO BlockManager: BlockManager stopped
[2025-04-30T14:05:24.727+0000] {spark_submit.py:644} INFO - 25/04/30 14:05:24 INFO BlockManagerMaster: BlockManagerMaster stopped
[2025-04-30T14:05:24.730+0000] {spark_submit.py:644} INFO - 25/04/30 14:05:24 INFO OutputCommitCoordinator$OutputCommitCoordinatorEndpoint: OutputCommitCoordinator stopped!
[2025-04-30T14:05:24.758+0000] {taskinstance.py:441} INFO - ::group::Post task execution logs
[2025-04-30T14:05:24.796+0000] {taskinstance.py:2905} ERROR - Task failed with exception
Traceback (most recent call last):
  File "/home/airflow/.local/lib/python3.10/site-packages/airflow/models/taskinstance.py", line 465, in _execute_task
    result = _execute_callable(context=context, **execute_callable_kwargs)
  File "/home/airflow/.local/lib/python3.10/site-packages/airflow/models/taskinstance.py", line 432, in _execute_callable
    return execute_callable(context=context, **execute_callable_kwargs)
  File "/home/airflow/.local/lib/python3.10/site-packages/airflow/models/baseoperator.py", line 400, in wrapper
    return func(self, *args, **kwargs)
  File "/home/airflow/.local/lib/python3.10/site-packages/airflow/providers/apache/spark/operators/spark_submit.py", line 197, in execute
    self._hook.submit(self.application)
  File "/home/airflow/.local/lib/python3.10/site-packages/airflow/providers/apache/spark/hooks/spark_submit.py", line 566, in submit
    raise AirflowException(
airflow.exceptions.AirflowException: Cannot execute: spark-submit --master spark://spark-master:7077 --conf spark.master=spark://spark-master:7077 --name LandingToBronze --verbose --queue root.default --deploy-mode client /opt/airflow/dags/landing_to_bronze.py. Error code is: 1.
[2025-04-30T14:05:24.800+0000] {taskinstance.py:1206} INFO - Marking task as FAILED. dag_id=final_project_BBDL, task_id=LandingToBronze, run_id=manual__2025-04-30T14:04:18.705999+00:00, execution_date=20250430T140418, start_date=20250430T140420, end_date=20250430T140524
[2025-04-30T14:05:24.830+0000] {standard_task_runner.py:110} ERROR - Failed to execute job 22 for task LandingToBronze (Cannot execute: spark-submit --master spark://spark-master:7077 --conf spark.master=spark://spark-master:7077 --name LandingToBronze --verbose --queue root.default --deploy-mode client /opt/airflow/dags/landing_to_bronze.py. Error code is: 1.; 678)
[2025-04-30T14:05:24.847+0000] {local_task_job_runner.py:240} INFO - Task exited with return code 1
[2025-04-30T14:05:24.882+0000] {local_task_job_runner.py:222} INFO - ::endgroup::
