[2025-05-05T21:03:22.466+0000] {taskinstance.py:1103} INFO - Dependencies all met for dep_context=non-requeueable deps ti=<TaskInstance: final_project_BBDL.SilverToGold manual__2025-05-05T21:02:21.535226+00:00 [queued]>
[2025-05-05T21:03:22.475+0000] {taskinstance.py:1103} INFO - Dependencies all met for dep_context=requeueable deps ti=<TaskInstance: final_project_BBDL.SilverToGold manual__2025-05-05T21:02:21.535226+00:00 [queued]>
[2025-05-05T21:03:22.475+0000] {taskinstance.py:1308} INFO - Starting attempt 1 of 1
[2025-05-05T21:03:22.514+0000] {taskinstance.py:1327} INFO - Executing <Task(SparkSubmitOperator): SilverToGold> on 2025-05-05 21:02:21.535226+00:00
[2025-05-05T21:03:22.517+0000] {standard_task_runner.py:57} INFO - Started process 2956 to run task
[2025-05-05T21:03:22.520+0000] {standard_task_runner.py:84} INFO - Running: ['airflow', 'tasks', 'run', 'final_project_BBDL', 'SilverToGold', 'manual__2025-05-05T21:02:21.535226+00:00', '--job-id', '11', '--raw', '--subdir', 'DAGS_FOLDER/project_solution.py', '--cfg-path', '/tmp/tmp2h9ujjgm']
[2025-05-05T21:03:22.521+0000] {standard_task_runner.py:85} INFO - Job 11: Subtask SilverToGold
[2025-05-05T21:03:22.556+0000] {logging_mixin.py:150} WARNING - /home/airflow/.local/lib/python3.7/site-packages/airflow/settings.py:195 DeprecationWarning: The sql_alchemy_conn option in [core] has been moved to the sql_alchemy_conn option in [database] - the old setting has been used, but please update your config.
[2025-05-05T21:03:22.591+0000] {task_command.py:410} INFO - Running <TaskInstance: final_project_BBDL.SilverToGold manual__2025-05-05T21:02:21.535226+00:00 [running]> on host b431f09a1fa6
[2025-05-05T21:03:22.725+0000] {taskinstance.py:1547} INFO - Exporting env vars: AIRFLOW_CTX_DAG_OWNER='airflow' AIRFLOW_CTX_DAG_ID='final_project_BBDL' AIRFLOW_CTX_TASK_ID='SilverToGold' AIRFLOW_CTX_EXECUTION_DATE='2025-05-05T21:02:21.535226+00:00' AIRFLOW_CTX_TRY_NUMBER='1' AIRFLOW_CTX_DAG_RUN_ID='manual__2025-05-05T21:02:21.535226+00:00'
[2025-05-05T21:03:22.736+0000] {base.py:73} INFO - Using connection ID 'spark_default' for task execution.
[2025-05-05T21:03:22.738+0000] {spark_submit.py:339} INFO - Spark-Submit cmd: spark-submit --master spark://spark-master:7077 --conf spark.master=spark://spark-master:7077 --name SilverToGold --verbose --queue root.default /opt/airflow/dags/silver_to_gold.py
[2025-05-05T21:03:24.327+0000] {spark_submit.py:490} INFO - Using properties file: null
[2025-05-05T21:03:24.436+0000] {spark_submit.py:490} INFO - Parsed arguments:
[2025-05-05T21:03:24.436+0000] {spark_submit.py:490} INFO - master                  spark://spark-master:7077
[2025-05-05T21:03:24.436+0000] {spark_submit.py:490} INFO - deployMode              null
[2025-05-05T21:03:24.436+0000] {spark_submit.py:490} INFO - executorMemory          null
[2025-05-05T21:03:24.436+0000] {spark_submit.py:490} INFO - executorCores           null
[2025-05-05T21:03:24.436+0000] {spark_submit.py:490} INFO - totalExecutorCores      null
[2025-05-05T21:03:24.436+0000] {spark_submit.py:490} INFO - propertiesFile          null
[2025-05-05T21:03:24.436+0000] {spark_submit.py:490} INFO - driverMemory            null
[2025-05-05T21:03:24.436+0000] {spark_submit.py:490} INFO - driverCores             null
[2025-05-05T21:03:24.436+0000] {spark_submit.py:490} INFO - driverExtraClassPath    null
[2025-05-05T21:03:24.436+0000] {spark_submit.py:490} INFO - driverExtraLibraryPath  null
[2025-05-05T21:03:24.436+0000] {spark_submit.py:490} INFO - driverExtraJavaOptions  null
[2025-05-05T21:03:24.436+0000] {spark_submit.py:490} INFO - supervise               false
[2025-05-05T21:03:24.436+0000] {spark_submit.py:490} INFO - queue                   root.default
[2025-05-05T21:03:24.437+0000] {spark_submit.py:490} INFO - numExecutors            null
[2025-05-05T21:03:24.437+0000] {spark_submit.py:490} INFO - files                   null
[2025-05-05T21:03:24.437+0000] {spark_submit.py:490} INFO - pyFiles                 null
[2025-05-05T21:03:24.437+0000] {spark_submit.py:490} INFO - archives                null
[2025-05-05T21:03:24.437+0000] {spark_submit.py:490} INFO - mainClass               null
[2025-05-05T21:03:24.437+0000] {spark_submit.py:490} INFO - primaryResource         file:/opt/airflow/dags/silver_to_gold.py
[2025-05-05T21:03:24.437+0000] {spark_submit.py:490} INFO - name                    SilverToGold
[2025-05-05T21:03:24.437+0000] {spark_submit.py:490} INFO - childArgs               []
[2025-05-05T21:03:24.437+0000] {spark_submit.py:490} INFO - jars                    null
[2025-05-05T21:03:24.437+0000] {spark_submit.py:490} INFO - packages                null
[2025-05-05T21:03:24.437+0000] {spark_submit.py:490} INFO - packagesExclusions      null
[2025-05-05T21:03:24.437+0000] {spark_submit.py:490} INFO - repositories            null
[2025-05-05T21:03:24.437+0000] {spark_submit.py:490} INFO - verbose                 true
[2025-05-05T21:03:24.437+0000] {spark_submit.py:490} INFO - 
[2025-05-05T21:03:24.437+0000] {spark_submit.py:490} INFO - Spark properties used, including those specified through
[2025-05-05T21:03:24.437+0000] {spark_submit.py:490} INFO - --conf and those from the properties file null:
[2025-05-05T21:03:24.437+0000] {spark_submit.py:490} INFO - (spark.master,spark://spark-master:7077)
[2025-05-05T21:03:24.438+0000] {spark_submit.py:490} INFO - 
[2025-05-05T21:03:24.438+0000] {spark_submit.py:490} INFO - 
[2025-05-05T21:03:24.680+0000] {spark_submit.py:490} INFO - Main class:
[2025-05-05T21:03:24.680+0000] {spark_submit.py:490} INFO - org.apache.spark.deploy.PythonRunner
[2025-05-05T21:03:24.680+0000] {spark_submit.py:490} INFO - Arguments:
[2025-05-05T21:03:24.681+0000] {spark_submit.py:490} INFO - file:/opt/airflow/dags/silver_to_gold.py
[2025-05-05T21:03:24.681+0000] {spark_submit.py:490} INFO - null
[2025-05-05T21:03:24.683+0000] {spark_submit.py:490} INFO - Spark config:
[2025-05-05T21:03:24.683+0000] {spark_submit.py:490} INFO - (spark.app.name,SilverToGold)
[2025-05-05T21:03:24.683+0000] {spark_submit.py:490} INFO - (spark.app.submitTime,1746479004667)
[2025-05-05T21:03:24.683+0000] {spark_submit.py:490} INFO - (spark.master,spark://spark-master:7077)
[2025-05-05T21:03:24.683+0000] {spark_submit.py:490} INFO - (spark.submit.deployMode,client)
[2025-05-05T21:03:24.684+0000] {spark_submit.py:490} INFO - (spark.submit.pyFiles,)
[2025-05-05T21:03:24.684+0000] {spark_submit.py:490} INFO - Classpath elements:
[2025-05-05T21:03:24.684+0000] {spark_submit.py:490} INFO - 
[2025-05-05T21:03:24.684+0000] {spark_submit.py:490} INFO - 
[2025-05-05T21:03:24.684+0000] {spark_submit.py:490} INFO - 
[2025-05-05T21:03:25.217+0000] {spark_submit.py:490} INFO - 25/05/05 21:03:25 INFO SparkContext: Running Spark version 3.3.0
[2025-05-05T21:03:25.276+0000] {spark_submit.py:490} INFO - 25/05/05 21:03:25 WARN NativeCodeLoader: Unable to load native-hadoop library for your platform... using builtin-java classes where applicable
[2025-05-05T21:03:25.363+0000] {spark_submit.py:490} INFO - 25/05/05 21:03:25 INFO ResourceUtils: ==============================================================
[2025-05-05T21:03:25.364+0000] {spark_submit.py:490} INFO - 25/05/05 21:03:25 INFO ResourceUtils: No custom resources configured for spark.driver.
[2025-05-05T21:03:25.364+0000] {spark_submit.py:490} INFO - 25/05/05 21:03:25 INFO ResourceUtils: ==============================================================
[2025-05-05T21:03:25.365+0000] {spark_submit.py:490} INFO - 25/05/05 21:03:25 INFO SparkContext: Submitted application: SilverToGold
[2025-05-05T21:03:25.394+0000] {spark_submit.py:490} INFO - 25/05/05 21:03:25 INFO ResourceProfile: Default ResourceProfile created, executor resources: Map(cores -> name: cores, amount: 1, script: , vendor: , memory -> name: memory, amount: 1024, script: , vendor: , offHeap -> name: offHeap, amount: 0, script: , vendor: ), task resources: Map(cpus -> name: cpus, amount: 1.0)
[2025-05-05T21:03:25.410+0000] {spark_submit.py:490} INFO - 25/05/05 21:03:25 INFO ResourceProfile: Limiting resource is cpu
[2025-05-05T21:03:25.410+0000] {spark_submit.py:490} INFO - 25/05/05 21:03:25 INFO ResourceProfileManager: Added ResourceProfile id: 0
[2025-05-05T21:03:25.469+0000] {spark_submit.py:490} INFO - 25/05/05 21:03:25 INFO SecurityManager: Changing view acls to: root
[2025-05-05T21:03:25.469+0000] {spark_submit.py:490} INFO - 25/05/05 21:03:25 INFO SecurityManager: Changing modify acls to: root
[2025-05-05T21:03:25.470+0000] {spark_submit.py:490} INFO - 25/05/05 21:03:25 INFO SecurityManager: Changing view acls groups to:
[2025-05-05T21:03:25.471+0000] {spark_submit.py:490} INFO - 25/05/05 21:03:25 INFO SecurityManager: Changing modify acls groups to:
[2025-05-05T21:03:25.471+0000] {spark_submit.py:490} INFO - 25/05/05 21:03:25 INFO SecurityManager: SecurityManager: authentication disabled; ui acls disabled; users  with view permissions: Set(root); groups with view permissions: Set(); users  with modify permissions: Set(root); groups with modify permissions: Set()
[2025-05-05T21:03:25.766+0000] {spark_submit.py:490} INFO - 25/05/05 21:03:25 INFO Utils: Successfully started service 'sparkDriver' on port 46829.
[2025-05-05T21:03:25.802+0000] {spark_submit.py:490} INFO - 25/05/05 21:03:25 INFO SparkEnv: Registering MapOutputTracker
[2025-05-05T21:03:25.839+0000] {spark_submit.py:490} INFO - 25/05/05 21:03:25 INFO SparkEnv: Registering BlockManagerMaster
[2025-05-05T21:03:25.863+0000] {spark_submit.py:490} INFO - 25/05/05 21:03:25 INFO BlockManagerMasterEndpoint: Using org.apache.spark.storage.DefaultTopologyMapper for getting topology information
[2025-05-05T21:03:25.863+0000] {spark_submit.py:490} INFO - 25/05/05 21:03:25 INFO BlockManagerMasterEndpoint: BlockManagerMasterEndpoint up
[2025-05-05T21:03:25.868+0000] {spark_submit.py:490} INFO - 25/05/05 21:03:25 INFO SparkEnv: Registering BlockManagerMasterHeartbeat
[2025-05-05T21:03:25.891+0000] {spark_submit.py:490} INFO - 25/05/05 21:03:25 INFO DiskBlockManager: Created local directory at /tmp/blockmgr-1cb5d399-ddc0-4ebb-844c-6423f2b5cd75
[2025-05-05T21:03:25.918+0000] {spark_submit.py:490} INFO - 25/05/05 21:03:25 INFO MemoryStore: MemoryStore started with capacity 434.4 MiB
[2025-05-05T21:03:25.947+0000] {spark_submit.py:490} INFO - 25/05/05 21:03:25 INFO SparkEnv: Registering OutputCommitCoordinator
[2025-05-05T21:03:26.258+0000] {spark_submit.py:490} INFO - 25/05/05 21:03:26 INFO Utils: Successfully started service 'SparkUI' on port 4040.
[2025-05-05T21:03:26.381+0000] {spark_submit.py:490} INFO - 25/05/05 21:03:26 INFO StandaloneAppClient$ClientEndpoint: Connecting to master spark://spark-master:7077...
[2025-05-05T21:03:26.434+0000] {spark_submit.py:490} INFO - 25/05/05 21:03:26 INFO TransportClientFactory: Successfully created connection to spark-master/172.18.0.3:7077 after 32 ms (0 ms spent in bootstraps)
[2025-05-05T21:03:26.518+0000] {spark_submit.py:490} INFO - 25/05/05 21:03:26 INFO StandaloneSchedulerBackend: Connected to Spark cluster with app ID app-20250505210326-0008
[2025-05-05T21:03:26.518+0000] {spark_submit.py:490} INFO - 25/05/05 21:03:26 INFO StandaloneAppClient$ClientEndpoint: Executor added: app-20250505210326-0008/0 on worker-20250505201940-172.18.0.6-38439 (172.18.0.6:38439) with 2 core(s)
[2025-05-05T21:03:26.521+0000] {spark_submit.py:490} INFO - 25/05/05 21:03:26 INFO StandaloneSchedulerBackend: Granted executor ID app-20250505210326-0008/0 on hostPort 172.18.0.6:38439 with 2 core(s), 1024.0 MiB RAM
[2025-05-05T21:03:26.530+0000] {spark_submit.py:490} INFO - 25/05/05 21:03:26 INFO Utils: Successfully started service 'org.apache.spark.network.netty.NettyBlockTransferService' on port 44459.
[2025-05-05T21:03:26.531+0000] {spark_submit.py:490} INFO - 25/05/05 21:03:26 INFO NettyBlockTransferService: Server created on b431f09a1fa6:44459
[2025-05-05T21:03:26.532+0000] {spark_submit.py:490} INFO - 25/05/05 21:03:26 INFO BlockManager: Using org.apache.spark.storage.RandomBlockReplicationPolicy for block replication policy
[2025-05-05T21:03:26.543+0000] {spark_submit.py:490} INFO - 25/05/05 21:03:26 INFO BlockManagerMaster: Registering BlockManager BlockManagerId(driver, b431f09a1fa6, 44459, None)
[2025-05-05T21:03:26.546+0000] {spark_submit.py:490} INFO - 25/05/05 21:03:26 INFO BlockManagerMasterEndpoint: Registering block manager b431f09a1fa6:44459 with 434.4 MiB RAM, BlockManagerId(driver, b431f09a1fa6, 44459, None)
[2025-05-05T21:03:26.549+0000] {spark_submit.py:490} INFO - 25/05/05 21:03:26 INFO BlockManagerMaster: Registered BlockManager BlockManagerId(driver, b431f09a1fa6, 44459, None)
[2025-05-05T21:03:26.551+0000] {spark_submit.py:490} INFO - 25/05/05 21:03:26 INFO BlockManager: Initialized BlockManager: BlockManagerId(driver, b431f09a1fa6, 44459, None)
[2025-05-05T21:03:26.569+0000] {spark_submit.py:490} INFO - 25/05/05 21:03:26 INFO StandaloneAppClient$ClientEndpoint: Executor updated: app-20250505210326-0008/0 is now RUNNING
[2025-05-05T21:03:26.827+0000] {spark_submit.py:490} INFO - 25/05/05 21:03:26 INFO StandaloneSchedulerBackend: SchedulerBackend is ready for scheduling beginning after reached minRegisteredResourcesRatio: 0.0
[2025-05-05T21:03:26.986+0000] {spark_submit.py:490} INFO - 2025-05-05 21:03:26,985 [INFO] 📁 Директорія гарантовано існує: /tmp/spark_data/gold
[2025-05-05T21:03:26.986+0000] {spark_submit.py:490} INFO - 2025-05-05 21:03:26,985 [INFO] 🔍 Зчитування silver-даних з:
[2025-05-05T21:03:26.986+0000] {spark_submit.py:490} INFO - • /tmp/spark_data/silver/athlete_bio
[2025-05-05T21:03:26.986+0000] {spark_submit.py:490} INFO - • /tmp/spark_data/silver/athlete_event_results
[2025-05-05T21:03:27.046+0000] {spark_submit.py:490} INFO - 25/05/05 21:03:27 INFO SharedState: Setting hive.metastore.warehouse.dir ('null') to the value of spark.sql.warehouse.dir.
[2025-05-05T21:03:27.054+0000] {spark_submit.py:490} INFO - 25/05/05 21:03:27 INFO SharedState: Warehouse path is 'file:/opt/airflow/spark-warehouse'.
[2025-05-05T21:03:27.953+0000] {spark_submit.py:490} INFO - Traceback (most recent call last):
[2025-05-05T21:03:27.954+0000] {spark_submit.py:490} INFO - File "/opt/airflow/dags/silver_to_gold.py", line 62, in <module>
[2025-05-05T21:03:27.954+0000] {spark_submit.py:490} INFO - main()
[2025-05-05T21:03:27.954+0000] {spark_submit.py:490} INFO - File "/opt/airflow/dags/silver_to_gold.py", line 57, in main
[2025-05-05T21:03:27.955+0000] {spark_submit.py:490} INFO - process_to_gold(spark, silver_dir, gold_dir)
[2025-05-05T21:03:27.956+0000] {spark_submit.py:490} INFO - File "/opt/airflow/dags/silver_to_gold.py", line 27, in process_to_gold
[2025-05-05T21:03:27.956+0000] {spark_submit.py:490} INFO - df_bio = spark.read.parquet(silver_bio_path)
[2025-05-05T21:03:27.956+0000] {spark_submit.py:490} INFO - File "/opt/spark/python/lib/pyspark.zip/pyspark/sql/readwriter.py", line 364, in parquet
[2025-05-05T21:03:27.956+0000] {spark_submit.py:490} INFO - File "/opt/spark/python/lib/py4j-0.10.9.5-src.zip/py4j/java_gateway.py", line 1322, in __call__
[2025-05-05T21:03:27.956+0000] {spark_submit.py:490} INFO - File "/opt/spark/python/lib/pyspark.zip/pyspark/sql/utils.py", line 196, in deco
[2025-05-05T21:03:27.964+0000] {spark_submit.py:490} INFO - pyspark.sql.utils.AnalysisException: Path does not exist: file:/tmp/spark_data/silver/athlete_bio
[2025-05-05T21:03:28.016+0000] {spark_submit.py:490} INFO - 25/05/05 21:03:28 INFO SparkContext: Invoking stop() from shutdown hook
[2025-05-05T21:03:28.039+0000] {spark_submit.py:490} INFO - 25/05/05 21:03:28 INFO SparkUI: Stopped Spark web UI at http://b431f09a1fa6:4040
[2025-05-05T21:03:28.054+0000] {spark_submit.py:490} INFO - 25/05/05 21:03:28 INFO StandaloneSchedulerBackend: Shutting down all executors
[2025-05-05T21:03:28.066+0000] {spark_submit.py:490} INFO - 25/05/05 21:03:28 INFO CoarseGrainedSchedulerBackend$DriverEndpoint: Asking each executor to shut down
[2025-05-05T21:03:28.150+0000] {spark_submit.py:490} INFO - 25/05/05 21:03:28 INFO MapOutputTrackerMasterEndpoint: MapOutputTrackerMasterEndpoint stopped!
[2025-05-05T21:03:28.187+0000] {spark_submit.py:490} INFO - 25/05/05 21:03:28 INFO MemoryStore: MemoryStore cleared
[2025-05-05T21:03:28.188+0000] {spark_submit.py:490} INFO - 25/05/05 21:03:28 INFO BlockManager: BlockManager stopped
[2025-05-05T21:03:28.204+0000] {spark_submit.py:490} INFO - 25/05/05 21:03:28 INFO BlockManagerMaster: BlockManagerMaster stopped
[2025-05-05T21:03:28.206+0000] {spark_submit.py:490} INFO - 25/05/05 21:03:28 INFO OutputCommitCoordinator$OutputCommitCoordinatorEndpoint: OutputCommitCoordinator stopped!
[2025-05-05T21:03:28.220+0000] {spark_submit.py:490} INFO - 25/05/05 21:03:28 INFO SparkContext: Successfully stopped SparkContext
[2025-05-05T21:03:28.220+0000] {spark_submit.py:490} INFO - 25/05/05 21:03:28 INFO ShutdownHookManager: Shutdown hook called
[2025-05-05T21:03:28.221+0000] {spark_submit.py:490} INFO - 25/05/05 21:03:28 INFO ShutdownHookManager: Deleting directory /tmp/spark-3e614658-dd77-4804-8f08-bb89585603e0
[2025-05-05T21:03:28.224+0000] {spark_submit.py:490} INFO - 25/05/05 21:03:28 INFO ShutdownHookManager: Deleting directory /tmp/spark-5a0829f9-43cf-46fc-9d78-dd256838e3ee
[2025-05-05T21:03:28.228+0000] {spark_submit.py:490} INFO - 25/05/05 21:03:28 INFO ShutdownHookManager: Deleting directory /tmp/spark-5a0829f9-43cf-46fc-9d78-dd256838e3ee/pyspark-e045926c-b1f4-45a4-8327-e43eafc2f32f
[2025-05-05T21:03:28.278+0000] {taskinstance.py:1824} ERROR - Task failed with exception
Traceback (most recent call last):
  File "/home/airflow/.local/lib/python3.7/site-packages/airflow/providers/apache/spark/operators/spark_submit.py", line 157, in execute
    self._hook.submit(self._application)
  File "/home/airflow/.local/lib/python3.7/site-packages/airflow/providers/apache/spark/hooks/spark_submit.py", line 422, in submit
    f"Cannot execute: {self._mask_cmd(spark_submit_cmd)}. Error code is: {returncode}."
airflow.exceptions.AirflowException: Cannot execute: spark-submit --master spark://spark-master:7077 --conf spark.master=spark://spark-master:7077 --name SilverToGold --verbose --queue root.default /opt/airflow/dags/silver_to_gold.py. Error code is: 1.
[2025-05-05T21:03:28.283+0000] {taskinstance.py:1350} INFO - Marking task as FAILED. dag_id=final_project_BBDL, task_id=SilverToGold, execution_date=20250505T210221, start_date=20250505T210322, end_date=20250505T210328
[2025-05-05T21:03:28.316+0000] {standard_task_runner.py:109} ERROR - Failed to execute job 11 for task SilverToGold (Cannot execute: spark-submit --master spark://spark-master:7077 --conf spark.master=spark://spark-master:7077 --name SilverToGold --verbose --queue root.default /opt/airflow/dags/silver_to_gold.py. Error code is: 1.; 2956)
[2025-05-05T21:03:28.340+0000] {local_task_job_runner.py:225} INFO - Task exited with return code 1
[2025-05-05T21:03:28.356+0000] {taskinstance.py:2653} INFO - 0 downstream tasks scheduled from follow-on schedule check
