[2025-05-06T08:57:36.190+0000] {taskinstance.py:1103} INFO - Dependencies all met for dep_context=non-requeueable deps ti=<TaskInstance: final_project_BBDL.BronzeToSilver manual__2025-05-06T08:57:11.178365+00:00 [queued]>
[2025-05-06T08:57:36.199+0000] {taskinstance.py:1103} INFO - Dependencies all met for dep_context=requeueable deps ti=<TaskInstance: final_project_BBDL.BronzeToSilver manual__2025-05-06T08:57:11.178365+00:00 [queued]>
[2025-05-06T08:57:36.200+0000] {taskinstance.py:1308} INFO - Starting attempt 1 of 1
[2025-05-06T08:57:36.234+0000] {taskinstance.py:1327} INFO - Executing <Task(SparkSubmitOperator): BronzeToSilver> on 2025-05-06 08:57:11.178365+00:00
[2025-05-06T08:57:36.238+0000] {standard_task_runner.py:57} INFO - Started process 15241 to run task
[2025-05-06T08:57:36.241+0000] {standard_task_runner.py:84} INFO - Running: ['airflow', 'tasks', 'run', 'final_project_BBDL', 'BronzeToSilver', 'manual__2025-05-06T08:57:11.178365+00:00', '--job-id', '37', '--raw', '--subdir', 'DAGS_FOLDER/project_solution.py', '--cfg-path', '/tmp/tmpy8b3xxmy']
[2025-05-06T08:57:36.242+0000] {standard_task_runner.py:85} INFO - Job 37: Subtask BronzeToSilver
[2025-05-06T08:57:36.275+0000] {logging_mixin.py:150} WARNING - /home/airflow/.local/lib/python3.7/site-packages/airflow/settings.py:195 DeprecationWarning: The sql_alchemy_conn option in [core] has been moved to the sql_alchemy_conn option in [database] - the old setting has been used, but please update your config.
[2025-05-06T08:57:36.309+0000] {task_command.py:410} INFO - Running <TaskInstance: final_project_BBDL.BronzeToSilver manual__2025-05-06T08:57:11.178365+00:00 [running]> on host b431f09a1fa6
[2025-05-06T08:57:36.449+0000] {taskinstance.py:1547} INFO - Exporting env vars: AIRFLOW_CTX_DAG_OWNER='airflow' AIRFLOW_CTX_DAG_ID='final_project_BBDL' AIRFLOW_CTX_TASK_ID='BronzeToSilver' AIRFLOW_CTX_EXECUTION_DATE='2025-05-06T08:57:11.178365+00:00' AIRFLOW_CTX_TRY_NUMBER='1' AIRFLOW_CTX_DAG_RUN_ID='manual__2025-05-06T08:57:11.178365+00:00'
[2025-05-06T08:57:36.459+0000] {base.py:73} INFO - Using connection ID 'spark_default' for task execution.
[2025-05-06T08:57:36.461+0000] {spark_submit.py:339} INFO - Spark-Submit cmd: spark-submit --master spark://spark-master:7077 --conf spark.master=spark://spark-master:7077 --conf spark.submit.deployMode=client --conf spark.pyspark.python=/usr/bin/python3 --conf spark.executorEnv.PYSPARK_PYTHON=/usr/bin/python3 --name BronzeToSilver --verbose --queue root.default /opt/airflow/dags/bronze_to_silver.py
[2025-05-06T08:57:37.956+0000] {spark_submit.py:490} INFO - Using properties file: null
[2025-05-06T08:57:38.078+0000] {spark_submit.py:490} INFO - Parsed arguments:
[2025-05-06T08:57:38.078+0000] {spark_submit.py:490} INFO - master                  spark://spark-master:7077
[2025-05-06T08:57:38.078+0000] {spark_submit.py:490} INFO - deployMode              client
[2025-05-06T08:57:38.078+0000] {spark_submit.py:490} INFO - executorMemory          null
[2025-05-06T08:57:38.078+0000] {spark_submit.py:490} INFO - executorCores           null
[2025-05-06T08:57:38.078+0000] {spark_submit.py:490} INFO - totalExecutorCores      null
[2025-05-06T08:57:38.078+0000] {spark_submit.py:490} INFO - propertiesFile          null
[2025-05-06T08:57:38.079+0000] {spark_submit.py:490} INFO - driverMemory            null
[2025-05-06T08:57:38.079+0000] {spark_submit.py:490} INFO - driverCores             null
[2025-05-06T08:57:38.079+0000] {spark_submit.py:490} INFO - driverExtraClassPath    null
[2025-05-06T08:57:38.079+0000] {spark_submit.py:490} INFO - driverExtraLibraryPath  null
[2025-05-06T08:57:38.079+0000] {spark_submit.py:490} INFO - driverExtraJavaOptions  null
[2025-05-06T08:57:38.079+0000] {spark_submit.py:490} INFO - supervise               false
[2025-05-06T08:57:38.079+0000] {spark_submit.py:490} INFO - queue                   root.default
[2025-05-06T08:57:38.079+0000] {spark_submit.py:490} INFO - numExecutors            null
[2025-05-06T08:57:38.079+0000] {spark_submit.py:490} INFO - files                   null
[2025-05-06T08:57:38.080+0000] {spark_submit.py:490} INFO - pyFiles                 null
[2025-05-06T08:57:38.080+0000] {spark_submit.py:490} INFO - archives                null
[2025-05-06T08:57:38.080+0000] {spark_submit.py:490} INFO - mainClass               null
[2025-05-06T08:57:38.080+0000] {spark_submit.py:490} INFO - primaryResource         file:/opt/airflow/dags/bronze_to_silver.py
[2025-05-06T08:57:38.080+0000] {spark_submit.py:490} INFO - name                    BronzeToSilver
[2025-05-06T08:57:38.080+0000] {spark_submit.py:490} INFO - childArgs               []
[2025-05-06T08:57:38.080+0000] {spark_submit.py:490} INFO - jars                    null
[2025-05-06T08:57:38.080+0000] {spark_submit.py:490} INFO - packages                null
[2025-05-06T08:57:38.080+0000] {spark_submit.py:490} INFO - packagesExclusions      null
[2025-05-06T08:57:38.081+0000] {spark_submit.py:490} INFO - repositories            null
[2025-05-06T08:57:38.081+0000] {spark_submit.py:490} INFO - verbose                 true
[2025-05-06T08:57:38.081+0000] {spark_submit.py:490} INFO - 
[2025-05-06T08:57:38.081+0000] {spark_submit.py:490} INFO - Spark properties used, including those specified through
[2025-05-06T08:57:38.081+0000] {spark_submit.py:490} INFO - --conf and those from the properties file null:
[2025-05-06T08:57:38.081+0000] {spark_submit.py:490} INFO - (spark.executorEnv.PYSPARK_PYTHON,/usr/bin/python3)
[2025-05-06T08:57:38.081+0000] {spark_submit.py:490} INFO - (spark.master,spark://spark-master:7077)
[2025-05-06T08:57:38.081+0000] {spark_submit.py:490} INFO - (spark.pyspark.python,/usr/bin/python3)
[2025-05-06T08:57:38.081+0000] {spark_submit.py:490} INFO - (spark.submit.deployMode,client)
[2025-05-06T08:57:38.081+0000] {spark_submit.py:490} INFO - 
[2025-05-06T08:57:38.081+0000] {spark_submit.py:490} INFO - 
[2025-05-06T08:57:38.326+0000] {spark_submit.py:490} INFO - Main class:
[2025-05-06T08:57:38.326+0000] {spark_submit.py:490} INFO - org.apache.spark.deploy.PythonRunner
[2025-05-06T08:57:38.327+0000] {spark_submit.py:490} INFO - Arguments:
[2025-05-06T08:57:38.327+0000] {spark_submit.py:490} INFO - file:/opt/airflow/dags/bronze_to_silver.py
[2025-05-06T08:57:38.327+0000] {spark_submit.py:490} INFO - null
[2025-05-06T08:57:38.329+0000] {spark_submit.py:490} INFO - Spark config:
[2025-05-06T08:57:38.329+0000] {spark_submit.py:490} INFO - (spark.app.name,BronzeToSilver)
[2025-05-06T08:57:38.329+0000] {spark_submit.py:490} INFO - (spark.app.submitTime,1746521858313)
[2025-05-06T08:57:38.329+0000] {spark_submit.py:490} INFO - (spark.executorEnv.PYSPARK_PYTHON,/usr/bin/python3)
[2025-05-06T08:57:38.329+0000] {spark_submit.py:490} INFO - (spark.master,spark://spark-master:7077)
[2025-05-06T08:57:38.329+0000] {spark_submit.py:490} INFO - (spark.pyspark.python,/usr/bin/python3)
[2025-05-06T08:57:38.329+0000] {spark_submit.py:490} INFO - (spark.submit.deployMode,client)
[2025-05-06T08:57:38.329+0000] {spark_submit.py:490} INFO - (spark.submit.pyFiles,)
[2025-05-06T08:57:38.330+0000] {spark_submit.py:490} INFO - Classpath elements:
[2025-05-06T08:57:38.330+0000] {spark_submit.py:490} INFO - 
[2025-05-06T08:57:38.330+0000] {spark_submit.py:490} INFO - 
[2025-05-06T08:57:38.330+0000] {spark_submit.py:490} INFO - 
[2025-05-06T08:57:38.852+0000] {spark_submit.py:490} INFO - 25/05/06 08:57:38 INFO SparkContext: Running Spark version 3.3.0
[2025-05-06T08:57:38.913+0000] {spark_submit.py:490} INFO - 25/05/06 08:57:38 WARN NativeCodeLoader: Unable to load native-hadoop library for your platform... using builtin-java classes where applicable
[2025-05-06T08:57:38.997+0000] {spark_submit.py:490} INFO - 25/05/06 08:57:38 INFO ResourceUtils: ==============================================================
[2025-05-06T08:57:38.998+0000] {spark_submit.py:490} INFO - 25/05/06 08:57:38 INFO ResourceUtils: No custom resources configured for spark.driver.
[2025-05-06T08:57:38.998+0000] {spark_submit.py:490} INFO - 25/05/06 08:57:38 INFO ResourceUtils: ==============================================================
[2025-05-06T08:57:38.999+0000] {spark_submit.py:490} INFO - 25/05/06 08:57:38 INFO SparkContext: Submitted application: Bronze to Silver ETL
[2025-05-06T08:57:39.032+0000] {spark_submit.py:490} INFO - 25/05/06 08:57:39 INFO ResourceProfile: Default ResourceProfile created, executor resources: Map(cores -> name: cores, amount: 1, script: , vendor: , memory -> name: memory, amount: 1024, script: , vendor: , offHeap -> name: offHeap, amount: 0, script: , vendor: ), task resources: Map(cpus -> name: cpus, amount: 1.0)
[2025-05-06T08:57:39.046+0000] {spark_submit.py:490} INFO - 25/05/06 08:57:39 INFO ResourceProfile: Limiting resource is cpu
[2025-05-06T08:57:39.047+0000] {spark_submit.py:490} INFO - 25/05/06 08:57:39 INFO ResourceProfileManager: Added ResourceProfile id: 0
[2025-05-06T08:57:39.101+0000] {spark_submit.py:490} INFO - 25/05/06 08:57:39 INFO SecurityManager: Changing view acls to: root
[2025-05-06T08:57:39.101+0000] {spark_submit.py:490} INFO - 25/05/06 08:57:39 INFO SecurityManager: Changing modify acls to: root
[2025-05-06T08:57:39.102+0000] {spark_submit.py:490} INFO - 25/05/06 08:57:39 INFO SecurityManager: Changing view acls groups to:
[2025-05-06T08:57:39.102+0000] {spark_submit.py:490} INFO - 25/05/06 08:57:39 INFO SecurityManager: Changing modify acls groups to:
[2025-05-06T08:57:39.103+0000] {spark_submit.py:490} INFO - 25/05/06 08:57:39 INFO SecurityManager: SecurityManager: authentication disabled; ui acls disabled; users  with view permissions: Set(root); groups with view permissions: Set(); users  with modify permissions: Set(root); groups with modify permissions: Set()
[2025-05-06T08:57:39.317+0000] {spark_submit.py:490} INFO - 25/05/06 08:57:39 INFO Utils: Successfully started service 'sparkDriver' on port 35949.
[2025-05-06T08:57:39.345+0000] {spark_submit.py:490} INFO - 25/05/06 08:57:39 INFO SparkEnv: Registering MapOutputTracker
[2025-05-06T08:57:39.377+0000] {spark_submit.py:490} INFO - 25/05/06 08:57:39 INFO SparkEnv: Registering BlockManagerMaster
[2025-05-06T08:57:39.398+0000] {spark_submit.py:490} INFO - 25/05/06 08:57:39 INFO BlockManagerMasterEndpoint: Using org.apache.spark.storage.DefaultTopologyMapper for getting topology information
[2025-05-06T08:57:39.399+0000] {spark_submit.py:490} INFO - 25/05/06 08:57:39 INFO BlockManagerMasterEndpoint: BlockManagerMasterEndpoint up
[2025-05-06T08:57:39.407+0000] {spark_submit.py:490} INFO - 25/05/06 08:57:39 INFO SparkEnv: Registering BlockManagerMasterHeartbeat
[2025-05-06T08:57:39.429+0000] {spark_submit.py:490} INFO - 25/05/06 08:57:39 INFO DiskBlockManager: Created local directory at /tmp/blockmgr-55ea656a-618d-422f-9875-d3c124db1aec
[2025-05-06T08:57:39.446+0000] {spark_submit.py:490} INFO - 25/05/06 08:57:39 INFO MemoryStore: MemoryStore started with capacity 434.4 MiB
[2025-05-06T08:57:39.471+0000] {spark_submit.py:490} INFO - 25/05/06 08:57:39 INFO SparkEnv: Registering OutputCommitCoordinator
[2025-05-06T08:57:39.650+0000] {spark_submit.py:490} INFO - 25/05/06 08:57:39 INFO Utils: Successfully started service 'SparkUI' on port 4040.
[2025-05-06T08:57:39.764+0000] {spark_submit.py:490} INFO - 25/05/06 08:57:39 INFO StandaloneAppClient$ClientEndpoint: Connecting to master spark://spark-master:7077...
[2025-05-06T08:57:39.806+0000] {spark_submit.py:490} INFO - 25/05/06 08:57:39 INFO TransportClientFactory: Successfully created connection to spark-master/172.18.0.3:7077 after 25 ms (0 ms spent in bootstraps)
[2025-05-06T08:57:39.880+0000] {spark_submit.py:490} INFO - 25/05/06 08:57:39 INFO StandaloneSchedulerBackend: Connected to Spark cluster with app ID app-20250506085739-0033
[2025-05-06T08:57:39.881+0000] {spark_submit.py:490} INFO - 25/05/06 08:57:39 INFO StandaloneAppClient$ClientEndpoint: Executor added: app-20250506085739-0033/0 on worker-20250505201940-172.18.0.6-38439 (172.18.0.6:38439) with 2 core(s)
[2025-05-06T08:57:39.884+0000] {spark_submit.py:490} INFO - 25/05/06 08:57:39 INFO StandaloneSchedulerBackend: Granted executor ID app-20250506085739-0033/0 on hostPort 172.18.0.6:38439 with 2 core(s), 1024.0 MiB RAM
[2025-05-06T08:57:39.890+0000] {spark_submit.py:490} INFO - 25/05/06 08:57:39 INFO Utils: Successfully started service 'org.apache.spark.network.netty.NettyBlockTransferService' on port 36105.
[2025-05-06T08:57:39.890+0000] {spark_submit.py:490} INFO - 25/05/06 08:57:39 INFO NettyBlockTransferService: Server created on b431f09a1fa6:36105
[2025-05-06T08:57:39.891+0000] {spark_submit.py:490} INFO - 25/05/06 08:57:39 INFO BlockManager: Using org.apache.spark.storage.RandomBlockReplicationPolicy for block replication policy
[2025-05-06T08:57:39.899+0000] {spark_submit.py:490} INFO - 25/05/06 08:57:39 INFO BlockManagerMaster: Registering BlockManager BlockManagerId(driver, b431f09a1fa6, 36105, None)
[2025-05-06T08:57:39.905+0000] {spark_submit.py:490} INFO - 25/05/06 08:57:39 INFO BlockManagerMasterEndpoint: Registering block manager b431f09a1fa6:36105 with 434.4 MiB RAM, BlockManagerId(driver, b431f09a1fa6, 36105, None)
[2025-05-06T08:57:39.910+0000] {spark_submit.py:490} INFO - 25/05/06 08:57:39 INFO BlockManagerMaster: Registered BlockManager BlockManagerId(driver, b431f09a1fa6, 36105, None)
[2025-05-06T08:57:39.912+0000] {spark_submit.py:490} INFO - 25/05/06 08:57:39 INFO BlockManager: Initialized BlockManager: BlockManagerId(driver, b431f09a1fa6, 36105, None)
[2025-05-06T08:57:39.918+0000] {spark_submit.py:490} INFO - 25/05/06 08:57:39 INFO StandaloneAppClient$ClientEndpoint: Executor updated: app-20250506085739-0033/0 is now RUNNING
[2025-05-06T08:57:40.098+0000] {spark_submit.py:490} INFO - 25/05/06 08:57:40 INFO StandaloneSchedulerBackend: SchedulerBackend is ready for scheduling beginning after reached minRegisteredResourcesRatio: 0.0
[2025-05-06T08:57:40.252+0000] {spark_submit.py:490} INFO - 🔍 Читання з: /tmp/spark_data/bronze/athlete_event_results/20250506_*
[2025-05-06T08:57:40.309+0000] {spark_submit.py:490} INFO - 25/05/06 08:57:40 INFO SharedState: Setting hive.metastore.warehouse.dir ('null') to the value of spark.sql.warehouse.dir.
[2025-05-06T08:57:40.317+0000] {spark_submit.py:490} INFO - 25/05/06 08:57:40 INFO SharedState: Warehouse path is 'file:/opt/airflow/spark-warehouse'.
[2025-05-06T08:57:41.252+0000] {spark_submit.py:490} INFO - 25/05/06 08:57:41 INFO InMemoryFileIndex: It took 65 ms to list leaf files for 2 paths.
[2025-05-06T08:57:41.866+0000] {spark_submit.py:490} INFO - 25/05/06 08:57:41 INFO SparkContext: Starting job: load at NativeMethodAccessorImpl.java:0
[2025-05-06T08:57:41.882+0000] {spark_submit.py:490} INFO - 25/05/06 08:57:41 INFO DAGScheduler: Got job 0 (load at NativeMethodAccessorImpl.java:0) with 1 output partitions
[2025-05-06T08:57:41.883+0000] {spark_submit.py:490} INFO - 25/05/06 08:57:41 INFO DAGScheduler: Final stage: ResultStage 0 (load at NativeMethodAccessorImpl.java:0)
[2025-05-06T08:57:41.883+0000] {spark_submit.py:490} INFO - 25/05/06 08:57:41 INFO DAGScheduler: Parents of final stage: List()
[2025-05-06T08:57:41.885+0000] {spark_submit.py:490} INFO - 25/05/06 08:57:41 INFO DAGScheduler: Missing parents: List()
[2025-05-06T08:57:41.894+0000] {spark_submit.py:490} INFO - 25/05/06 08:57:41 INFO DAGScheduler: Submitting ResultStage 0 (MapPartitionsRDD[1] at load at NativeMethodAccessorImpl.java:0), which has no missing parents
[2025-05-06T08:57:41.963+0000] {spark_submit.py:490} INFO - 25/05/06 08:57:41 INFO MemoryStore: Block broadcast_0 stored as values in memory (estimated size 102.8 KiB, free 434.3 MiB)
[2025-05-06T08:57:42.004+0000] {spark_submit.py:490} INFO - 25/05/06 08:57:42 INFO MemoryStore: Block broadcast_0_piece0 stored as bytes in memory (estimated size 36.9 KiB, free 434.3 MiB)
[2025-05-06T08:57:42.010+0000] {spark_submit.py:490} INFO - 25/05/06 08:57:42 INFO BlockManagerInfo: Added broadcast_0_piece0 in memory on b431f09a1fa6:36105 (size: 36.9 KiB, free: 434.4 MiB)
[2025-05-06T08:57:42.015+0000] {spark_submit.py:490} INFO - 25/05/06 08:57:42 INFO SparkContext: Created broadcast 0 from broadcast at DAGScheduler.scala:1513
[2025-05-06T08:57:42.035+0000] {spark_submit.py:490} INFO - 25/05/06 08:57:42 INFO DAGScheduler: Submitting 1 missing tasks from ResultStage 0 (MapPartitionsRDD[1] at load at NativeMethodAccessorImpl.java:0) (first 15 tasks are for partitions Vector(0))
[2025-05-06T08:57:42.036+0000] {spark_submit.py:490} INFO - 25/05/06 08:57:42 INFO TaskSchedulerImpl: Adding task set 0.0 with 1 tasks resource profile 0
[2025-05-06T08:57:42.906+0000] {spark_submit.py:490} INFO - 25/05/06 08:57:42 INFO CoarseGrainedSchedulerBackend$DriverEndpoint: Registered executor NettyRpcEndpointRef(spark-client://Executor) (172.18.0.6:47420) with ID 0,  ResourceProfileId 0
[2025-05-06T08:57:42.979+0000] {spark_submit.py:490} INFO - 25/05/06 08:57:42 INFO BlockManagerMasterEndpoint: Registering block manager 172.18.0.6:45705 with 366.3 MiB RAM, BlockManagerId(0, 172.18.0.6, 45705, None)
[2025-05-06T08:57:43.040+0000] {spark_submit.py:490} INFO - 25/05/06 08:57:43 INFO TaskSetManager: Starting task 0.0 in stage 0.0 (TID 0) (172.18.0.6, executor 0, partition 0, PROCESS_LOCAL, 4685 bytes) taskResourceAssignments Map()
[2025-05-06T08:57:43.271+0000] {spark_submit.py:490} INFO - 25/05/06 08:57:43 INFO BlockManagerInfo: Added broadcast_0_piece0 in memory on 172.18.0.6:45705 (size: 36.9 KiB, free: 366.3 MiB)
[2025-05-06T08:57:44.141+0000] {spark_submit.py:490} INFO - 25/05/06 08:57:44 INFO TaskSetManager: Finished task 0.0 in stage 0.0 (TID 0) in 1116 ms on 172.18.0.6 (executor 0) (1/1)
[2025-05-06T08:57:44.142+0000] {spark_submit.py:490} INFO - 25/05/06 08:57:44 INFO TaskSchedulerImpl: Removed TaskSet 0.0, whose tasks have all completed, from pool
[2025-05-06T08:57:44.147+0000] {spark_submit.py:490} INFO - 25/05/06 08:57:44 INFO DAGScheduler: ResultStage 0 (load at NativeMethodAccessorImpl.java:0) finished in 2.236 s
[2025-05-06T08:57:44.150+0000] {spark_submit.py:490} INFO - 25/05/06 08:57:44 INFO DAGScheduler: Job 0 is finished. Cancelling potential speculative or zombie tasks for this job
[2025-05-06T08:57:44.151+0000] {spark_submit.py:490} INFO - 25/05/06 08:57:44 INFO TaskSchedulerImpl: Killing all running tasks in stage 0: Stage finished
[2025-05-06T08:57:44.153+0000] {spark_submit.py:490} INFO - 25/05/06 08:57:44 INFO DAGScheduler: Job 0 finished: load at NativeMethodAccessorImpl.java:0, took 2.286250 s
[2025-05-06T08:57:44.386+0000] {spark_submit.py:490} INFO - 25/05/06 08:57:44 INFO BlockManagerInfo: Removed broadcast_0_piece0 on b431f09a1fa6:36105 in memory (size: 36.9 KiB, free: 434.4 MiB)
[2025-05-06T08:57:44.397+0000] {spark_submit.py:490} INFO - 25/05/06 08:57:44 INFO BlockManagerInfo: Removed broadcast_0_piece0 on 172.18.0.6:45705 in memory (size: 36.9 KiB, free: 366.3 MiB)
[2025-05-06T08:57:45.410+0000] {spark_submit.py:490} INFO - 📑 Схема початкового датафрейму:
[2025-05-06T08:57:45.428+0000] {spark_submit.py:490} INFO - root
[2025-05-06T08:57:45.428+0000] {spark_submit.py:490} INFO - |-- edition: string (nullable = true)
[2025-05-06T08:57:45.428+0000] {spark_submit.py:490} INFO - |-- edition_id: string (nullable = true)
[2025-05-06T08:57:45.429+0000] {spark_submit.py:490} INFO - |-- country_noc: string (nullable = true)
[2025-05-06T08:57:45.429+0000] {spark_submit.py:490} INFO - |-- sport: string (nullable = true)
[2025-05-06T08:57:45.429+0000] {spark_submit.py:490} INFO - |-- event: string (nullable = true)
[2025-05-06T08:57:45.429+0000] {spark_submit.py:490} INFO - |-- result_id: string (nullable = true)
[2025-05-06T08:57:45.429+0000] {spark_submit.py:490} INFO - |-- athlete: string (nullable = true)
[2025-05-06T08:57:45.429+0000] {spark_submit.py:490} INFO - |-- athlete_id: string (nullable = true)
[2025-05-06T08:57:45.429+0000] {spark_submit.py:490} INFO - |-- pos: string (nullable = true)
[2025-05-06T08:57:45.429+0000] {spark_submit.py:490} INFO - |-- medal: string (nullable = true)
[2025-05-06T08:57:45.429+0000] {spark_submit.py:490} INFO - |-- isTeamSport: string (nullable = true)
[2025-05-06T08:57:45.430+0000] {spark_submit.py:490} INFO - 
[2025-05-06T08:57:45.430+0000] {spark_submit.py:490} INFO - 🔎 Перші 5 рядків з Bronze:
[2025-05-06T08:57:45.838+0000] {spark_submit.py:490} INFO - 25/05/06 08:57:45 INFO FileSourceStrategy: Pushed Filters:
[2025-05-06T08:57:45.839+0000] {spark_submit.py:490} INFO - 25/05/06 08:57:45 INFO FileSourceStrategy: Post-Scan Filters:
[2025-05-06T08:57:45.841+0000] {spark_submit.py:490} INFO - 25/05/06 08:57:45 INFO FileSourceStrategy: Output Data Schema: struct<edition: string, edition_id: string, country_noc: string, sport: string, event: string ... 9 more fields>
[2025-05-06T08:57:46.147+0000] {spark_submit.py:490} INFO - 25/05/06 08:57:46 INFO CodeGenerator: Code generated in 176.750682 ms
[2025-05-06T08:57:46.180+0000] {spark_submit.py:490} INFO - 25/05/06 08:57:46 INFO MemoryStore: Block broadcast_1 stored as values in memory (estimated size 202.0 KiB, free 434.2 MiB)
[2025-05-06T08:57:46.193+0000] {spark_submit.py:490} INFO - 25/05/06 08:57:46 INFO MemoryStore: Block broadcast_1_piece0 stored as bytes in memory (estimated size 34.8 KiB, free 434.2 MiB)
[2025-05-06T08:57:46.194+0000] {spark_submit.py:490} INFO - 25/05/06 08:57:46 INFO BlockManagerInfo: Added broadcast_1_piece0 in memory on b431f09a1fa6:36105 (size: 34.8 KiB, free: 434.4 MiB)
[2025-05-06T08:57:46.195+0000] {spark_submit.py:490} INFO - 25/05/06 08:57:46 INFO SparkContext: Created broadcast 1 from showString at NativeMethodAccessorImpl.java:0
[2025-05-06T08:57:46.205+0000] {spark_submit.py:490} INFO - 25/05/06 08:57:46 INFO FileSourceScanExec: Planning scan with bin packing, max size: 13590004 bytes, open cost is considered as scanning 4194304 bytes.
[2025-05-06T08:57:46.243+0000] {spark_submit.py:490} INFO - 25/05/06 08:57:46 INFO SparkContext: Starting job: showString at NativeMethodAccessorImpl.java:0
[2025-05-06T08:57:46.244+0000] {spark_submit.py:490} INFO - 25/05/06 08:57:46 INFO DAGScheduler: Got job 1 (showString at NativeMethodAccessorImpl.java:0) with 1 output partitions
[2025-05-06T08:57:46.244+0000] {spark_submit.py:490} INFO - 25/05/06 08:57:46 INFO DAGScheduler: Final stage: ResultStage 1 (showString at NativeMethodAccessorImpl.java:0)
[2025-05-06T08:57:46.244+0000] {spark_submit.py:490} INFO - 25/05/06 08:57:46 INFO DAGScheduler: Parents of final stage: List()
[2025-05-06T08:57:46.245+0000] {spark_submit.py:490} INFO - 25/05/06 08:57:46 INFO DAGScheduler: Missing parents: List()
[2025-05-06T08:57:46.247+0000] {spark_submit.py:490} INFO - 25/05/06 08:57:46 INFO DAGScheduler: Submitting ResultStage 1 (MapPartitionsRDD[5] at showString at NativeMethodAccessorImpl.java:0), which has no missing parents
[2025-05-06T08:57:46.276+0000] {spark_submit.py:490} INFO - 25/05/06 08:57:46 INFO MemoryStore: Block broadcast_2 stored as values in memory (estimated size 18.4 KiB, free 434.2 MiB)
[2025-05-06T08:57:46.279+0000] {spark_submit.py:490} INFO - 25/05/06 08:57:46 INFO MemoryStore: Block broadcast_2_piece0 stored as bytes in memory (estimated size 6.5 KiB, free 434.1 MiB)
[2025-05-06T08:57:46.281+0000] {spark_submit.py:490} INFO - 25/05/06 08:57:46 INFO BlockManagerInfo: Added broadcast_2_piece0 in memory on b431f09a1fa6:36105 (size: 6.5 KiB, free: 434.4 MiB)
[2025-05-06T08:57:46.282+0000] {spark_submit.py:490} INFO - 25/05/06 08:57:46 INFO SparkContext: Created broadcast 2 from broadcast at DAGScheduler.scala:1513
[2025-05-06T08:57:46.282+0000] {spark_submit.py:490} INFO - 25/05/06 08:57:46 INFO DAGScheduler: Submitting 1 missing tasks from ResultStage 1 (MapPartitionsRDD[5] at showString at NativeMethodAccessorImpl.java:0) (first 15 tasks are for partitions Vector(0))
[2025-05-06T08:57:46.283+0000] {spark_submit.py:490} INFO - 25/05/06 08:57:46 INFO TaskSchedulerImpl: Adding task set 1.0 with 1 tasks resource profile 0
[2025-05-06T08:57:46.287+0000] {spark_submit.py:490} INFO - 25/05/06 08:57:46 INFO TaskSetManager: Starting task 0.0 in stage 1.0 (TID 1) (172.18.0.6, executor 0, partition 0, PROCESS_LOCAL, 5191 bytes) taskResourceAssignments Map()
[2025-05-06T08:57:46.331+0000] {spark_submit.py:490} INFO - 25/05/06 08:57:46 INFO BlockManagerInfo: Added broadcast_2_piece0 in memory on 172.18.0.6:45705 (size: 6.5 KiB, free: 366.3 MiB)
[2025-05-06T08:57:46.915+0000] {spark_submit.py:490} INFO - 25/05/06 08:57:46 INFO BlockManagerInfo: Added broadcast_1_piece0 in memory on 172.18.0.6:45705 (size: 34.8 KiB, free: 366.3 MiB)
[2025-05-06T08:57:47.345+0000] {spark_submit.py:490} INFO - 25/05/06 08:57:47 INFO TaskSetManager: Finished task 0.0 in stage 1.0 (TID 1) in 1060 ms on 172.18.0.6 (executor 0) (1/1)
[2025-05-06T08:57:47.345+0000] {spark_submit.py:490} INFO - 25/05/06 08:57:47 INFO TaskSchedulerImpl: Removed TaskSet 1.0, whose tasks have all completed, from pool
[2025-05-06T08:57:47.346+0000] {spark_submit.py:490} INFO - 25/05/06 08:57:47 INFO DAGScheduler: ResultStage 1 (showString at NativeMethodAccessorImpl.java:0) finished in 1.096 s
[2025-05-06T08:57:47.346+0000] {spark_submit.py:490} INFO - 25/05/06 08:57:47 INFO DAGScheduler: Job 1 is finished. Cancelling potential speculative or zombie tasks for this job
[2025-05-06T08:57:47.346+0000] {spark_submit.py:490} INFO - 25/05/06 08:57:47 INFO TaskSchedulerImpl: Killing all running tasks in stage 1: Stage finished
[2025-05-06T08:57:47.347+0000] {spark_submit.py:490} INFO - 25/05/06 08:57:47 INFO DAGScheduler: Job 1 finished: showString at NativeMethodAccessorImpl.java:0, took 1.104264 s
[2025-05-06T08:57:47.400+0000] {spark_submit.py:490} INFO - 25/05/06 08:57:47 INFO CodeGenerator: Code generated in 28.795628 ms
[2025-05-06T08:57:47.412+0000] {spark_submit.py:490} INFO - +--------------------+----------+-----------+---------+---------------+---------+---------------+----------+---------+-----+-----------+
[2025-05-06T08:57:47.412+0000] {spark_submit.py:490} INFO - |edition             |edition_id|country_noc|sport    |event          |result_id|athlete        |athlete_id|pos      |medal|isTeamSport|
[2025-05-06T08:57:47.412+0000] {spark_submit.py:490} INFO - +--------------------+----------+-----------+---------+---------------+---------+---------------+----------+---------+-----+-----------+
[2025-05-06T08:57:47.413+0000] {spark_submit.py:490} INFO - |1908 Summer Olympics|5         |ANZ        |Athletics|100 metres, Men|56265    |Ernest Hutcheon|64710     |DNS      |null |False      |
[2025-05-06T08:57:47.413+0000] {spark_submit.py:490} INFO - |1908 Summer Olympics|5         |ANZ        |Athletics|400 metres, Men|56313    |Henry Murray   |64756     |DNS      |null |False      |
[2025-05-06T08:57:47.413+0000] {spark_submit.py:490} INFO - |1908 Summer Olympics|5         |ANZ        |Athletics|800 metres, Men|56338    |Harvey Sutton  |64808     |3 h8 r1/2|null |False      |
[2025-05-06T08:57:47.413+0000] {spark_submit.py:490} INFO - |1908 Summer Olympics|5         |ANZ        |Athletics|800 metres, Men|56338    |Guy Haskins    |922519    |DNS      |null |False      |
[2025-05-06T08:57:47.413+0000] {spark_submit.py:490} INFO - |1908 Summer Olympics|5         |ANZ        |Athletics|800 metres, Men|56338    |Joseph Lynch   |64735     |DNS      |null |False      |
[2025-05-06T08:57:47.413+0000] {spark_submit.py:490} INFO - +--------------------+----------+-----------+---------+---------------+---------+---------------+----------+---------+-----+-----------+
[2025-05-06T08:57:47.413+0000] {spark_submit.py:490} INFO - only showing top 5 rows
[2025-05-06T08:57:47.413+0000] {spark_submit.py:490} INFO - 
[2025-05-06T08:57:47.413+0000] {spark_submit.py:490} INFO - 🧼 Чищення датафрейму...
[2025-05-06T08:57:47.729+0000] {spark_submit.py:490} INFO - 📑 Схема очищеного датафрейму:
[2025-05-06T08:57:47.729+0000] {spark_submit.py:490} INFO - root
[2025-05-06T08:57:47.730+0000] {spark_submit.py:490} INFO - |-- edition: string (nullable = true)
[2025-05-06T08:57:47.730+0000] {spark_submit.py:490} INFO - |-- edition_id: string (nullable = true)
[2025-05-06T08:57:47.730+0000] {spark_submit.py:490} INFO - |-- country_noc: string (nullable = true)
[2025-05-06T08:57:47.730+0000] {spark_submit.py:490} INFO - |-- sport: string (nullable = true)
[2025-05-06T08:57:47.730+0000] {spark_submit.py:490} INFO - |-- event: string (nullable = true)
[2025-05-06T08:57:47.730+0000] {spark_submit.py:490} INFO - |-- result_id: string (nullable = true)
[2025-05-06T08:57:47.730+0000] {spark_submit.py:490} INFO - |-- athlete: string (nullable = true)
[2025-05-06T08:57:47.730+0000] {spark_submit.py:490} INFO - |-- athlete_id: string (nullable = true)
[2025-05-06T08:57:47.731+0000] {spark_submit.py:490} INFO - |-- pos: string (nullable = true)
[2025-05-06T08:57:47.731+0000] {spark_submit.py:490} INFO - |-- medal: string (nullable = true)
[2025-05-06T08:57:47.731+0000] {spark_submit.py:490} INFO - |-- isTeamSport: string (nullable = true)
[2025-05-06T08:57:47.731+0000] {spark_submit.py:490} INFO - 
[2025-05-06T08:57:47.731+0000] {spark_submit.py:490} INFO - 🔎 Перші 10 рядків після очищення:
[2025-05-06T08:57:47.813+0000] {spark_submit.py:490} INFO - 25/05/06 08:57:47 INFO FileSourceStrategy: Pushed Filters:
[2025-05-06T08:57:47.814+0000] {spark_submit.py:490} INFO - 25/05/06 08:57:47 INFO FileSourceStrategy: Post-Scan Filters:
[2025-05-06T08:57:47.814+0000] {spark_submit.py:490} INFO - 25/05/06 08:57:47 INFO FileSourceStrategy: Output Data Schema: struct<edition: string, edition_id: string, country_noc: string, sport: string, event: string ... 9 more fields>
[2025-05-06T08:57:47.884+0000] {spark_submit.py:490} INFO - 25/05/06 08:57:47 INFO CodeGenerator: Code generated in 22.32876 ms
[2025-05-06T08:57:47.897+0000] {spark_submit.py:490} INFO - 25/05/06 08:57:47 INFO MemoryStore: Block broadcast_3 stored as values in memory (estimated size 202.0 KiB, free 433.9 MiB)
[2025-05-06T08:57:47.907+0000] {spark_submit.py:490} INFO - 25/05/06 08:57:47 INFO MemoryStore: Block broadcast_3_piece0 stored as bytes in memory (estimated size 34.8 KiB, free 433.9 MiB)
[2025-05-06T08:57:47.908+0000] {spark_submit.py:490} INFO - 25/05/06 08:57:47 INFO BlockManagerInfo: Added broadcast_3_piece0 in memory on b431f09a1fa6:36105 (size: 34.8 KiB, free: 434.3 MiB)
[2025-05-06T08:57:47.909+0000] {spark_submit.py:490} INFO - 25/05/06 08:57:47 INFO SparkContext: Created broadcast 3 from showString at NativeMethodAccessorImpl.java:0
[2025-05-06T08:57:47.910+0000] {spark_submit.py:490} INFO - 25/05/06 08:57:47 INFO FileSourceScanExec: Planning scan with bin packing, max size: 13590004 bytes, open cost is considered as scanning 4194304 bytes.
[2025-05-06T08:57:47.971+0000] {spark_submit.py:490} INFO - 25/05/06 08:57:47 INFO SparkContext: Starting job: showString at NativeMethodAccessorImpl.java:0
[2025-05-06T08:57:47.973+0000] {spark_submit.py:490} INFO - 25/05/06 08:57:47 INFO DAGScheduler: Got job 2 (showString at NativeMethodAccessorImpl.java:0) with 1 output partitions
[2025-05-06T08:57:47.973+0000] {spark_submit.py:490} INFO - 25/05/06 08:57:47 INFO DAGScheduler: Final stage: ResultStage 2 (showString at NativeMethodAccessorImpl.java:0)
[2025-05-06T08:57:47.973+0000] {spark_submit.py:490} INFO - 25/05/06 08:57:47 INFO DAGScheduler: Parents of final stage: List()
[2025-05-06T08:57:47.973+0000] {spark_submit.py:490} INFO - 25/05/06 08:57:47 INFO DAGScheduler: Missing parents: List()
[2025-05-06T08:57:47.974+0000] {spark_submit.py:490} INFO - 25/05/06 08:57:47 INFO DAGScheduler: Submitting ResultStage 2 (MapPartitionsRDD[12] at showString at NativeMethodAccessorImpl.java:0), which has no missing parents
[2025-05-06T08:57:47.982+0000] {spark_submit.py:490} INFO - 25/05/06 08:57:47 INFO MemoryStore: Block broadcast_4 stored as values in memory (estimated size 48.1 KiB, free 433.9 MiB)
[2025-05-06T08:57:47.986+0000] {spark_submit.py:490} INFO - 25/05/06 08:57:47 INFO MemoryStore: Block broadcast_4_piece0 stored as bytes in memory (estimated size 16.0 KiB, free 433.9 MiB)
[2025-05-06T08:57:47.987+0000] {spark_submit.py:490} INFO - 25/05/06 08:57:47 INFO BlockManagerInfo: Added broadcast_4_piece0 in memory on b431f09a1fa6:36105 (size: 16.0 KiB, free: 434.3 MiB)
[2025-05-06T08:57:47.988+0000] {spark_submit.py:490} INFO - 25/05/06 08:57:47 INFO SparkContext: Created broadcast 4 from broadcast at DAGScheduler.scala:1513
[2025-05-06T08:57:47.989+0000] {spark_submit.py:490} INFO - 25/05/06 08:57:47 INFO DAGScheduler: Submitting 1 missing tasks from ResultStage 2 (MapPartitionsRDD[12] at showString at NativeMethodAccessorImpl.java:0) (first 15 tasks are for partitions Vector(0))
[2025-05-06T08:57:47.989+0000] {spark_submit.py:490} INFO - 25/05/06 08:57:47 INFO TaskSchedulerImpl: Adding task set 2.0 with 1 tasks resource profile 0
[2025-05-06T08:57:47.990+0000] {spark_submit.py:490} INFO - 25/05/06 08:57:47 INFO TaskSetManager: Starting task 0.0 in stage 2.0 (TID 2) (172.18.0.6, executor 0, partition 0, PROCESS_LOCAL, 5191 bytes) taskResourceAssignments Map()
[2025-05-06T08:57:48.009+0000] {spark_submit.py:490} INFO - 25/05/06 08:57:48 INFO BlockManagerInfo: Added broadcast_4_piece0 in memory on 172.18.0.6:45705 (size: 16.0 KiB, free: 366.2 MiB)
[2025-05-06T08:57:48.791+0000] {spark_submit.py:490} INFO - 25/05/06 08:57:48 INFO BlockManagerInfo: Added broadcast_3_piece0 in memory on 172.18.0.6:45705 (size: 34.8 KiB, free: 366.2 MiB)
[2025-05-06T08:57:48.933+0000] {spark_submit.py:490} INFO - 25/05/06 08:57:48 INFO TaskSetManager: Finished task 0.0 in stage 2.0 (TID 2) in 943 ms on 172.18.0.6 (executor 0) (1/1)
[2025-05-06T08:57:48.934+0000] {spark_submit.py:490} INFO - 25/05/06 08:57:48 INFO TaskSchedulerImpl: Removed TaskSet 2.0, whose tasks have all completed, from pool
[2025-05-06T08:57:48.938+0000] {spark_submit.py:490} INFO - 25/05/06 08:57:48 INFO PythonAccumulatorV2: Connected to AccumulatorServer at host: 127.0.0.1 port: 49515
[2025-05-06T08:57:48.940+0000] {spark_submit.py:490} INFO - 25/05/06 08:57:48 INFO DAGScheduler: ResultStage 2 (showString at NativeMethodAccessorImpl.java:0) finished in 0.965 s
[2025-05-06T08:57:48.941+0000] {spark_submit.py:490} INFO - 25/05/06 08:57:48 INFO DAGScheduler: Job 2 is finished. Cancelling potential speculative or zombie tasks for this job
[2025-05-06T08:57:48.942+0000] {spark_submit.py:490} INFO - 25/05/06 08:57:48 INFO TaskSchedulerImpl: Killing all running tasks in stage 2: Stage finished
[2025-05-06T08:57:48.942+0000] {spark_submit.py:490} INFO - 25/05/06 08:57:48 INFO DAGScheduler: Job 2 finished: showString at NativeMethodAccessorImpl.java:0, took 0.970587 s
[2025-05-06T08:57:48.954+0000] {spark_submit.py:490} INFO - +--------------------+----------+-----------+---------+---------------+---------+---------------+----------+---------+-----+-----------+
[2025-05-06T08:57:48.955+0000] {spark_submit.py:490} INFO - |edition             |edition_id|country_noc|sport    |event          |result_id|athlete        |athlete_id|pos      |medal|isTeamSport|
[2025-05-06T08:57:48.955+0000] {spark_submit.py:490} INFO - +--------------------+----------+-----------+---------+---------------+---------+---------------+----------+---------+-----+-----------+
[2025-05-06T08:57:48.955+0000] {spark_submit.py:490} INFO - |1908 summer olympics|5         |anz        |athletics|100 metres men |56265    |ernest hutcheon|64710     |dns      |     |false      |
[2025-05-06T08:57:48.955+0000] {spark_submit.py:490} INFO - |1908 summer olympics|5         |anz        |athletics|400 metres men |56313    |henry murray   |64756     |dns      |     |false      |
[2025-05-06T08:57:48.955+0000] {spark_submit.py:490} INFO - |1908 summer olympics|5         |anz        |athletics|800 metres men |56338    |harvey sutton  |64808     |3 h8 r12 |     |false      |
[2025-05-06T08:57:48.955+0000] {spark_submit.py:490} INFO - |1908 summer olympics|5         |anz        |athletics|800 metres men |56338    |guy haskins    |922519    |dns      |     |false      |
[2025-05-06T08:57:48.955+0000] {spark_submit.py:490} INFO - |1908 summer olympics|5         |anz        |athletics|800 metres men |56338    |joseph lynch   |64735     |dns      |     |false      |
[2025-05-06T08:57:48.956+0000] {spark_submit.py:490} INFO - |1908 summer olympics|5         |anz        |athletics|800 metres men |56338    |henry murray   |64756     |dns      |     |false      |
[2025-05-06T08:57:48.956+0000] {spark_submit.py:490} INFO - |1908 summer olympics|5         |anz        |athletics|1500 metres men|56349    |joseph lynch   |64735     |5 h2 r12 |     |false      |
[2025-05-06T08:57:48.956+0000] {spark_submit.py:490} INFO - |1908 summer olympics|5         |anz        |athletics|1500 metres men|56349    |charles swain  |79576     |ac h3 r12|     |false      |
[2025-05-06T08:57:48.956+0000] {spark_submit.py:490} INFO - |1908 summer olympics|5         |anz        |athletics|1500 metres men|56349    |guy haskins    |922519    |dns      |     |false      |
[2025-05-06T08:57:48.956+0000] {spark_submit.py:490} INFO - |1908 summer olympics|5         |anz        |athletics|1500 metres men|56349    |george blake   |64619     |dns      |     |false      |
[2025-05-06T08:57:48.956+0000] {spark_submit.py:490} INFO - +--------------------+----------+-----------+---------+---------------+---------+---------------+----------+---------+-----+-----------+
[2025-05-06T08:57:48.956+0000] {spark_submit.py:490} INFO - only showing top 10 rows
[2025-05-06T08:57:48.956+0000] {spark_submit.py:490} INFO - 
[2025-05-06T08:57:48.956+0000] {spark_submit.py:490} INFO - 💾 Збереження до Silver рівня: /tmp/spark_data/silver/athlete_event_results/20250506
[2025-05-06T08:57:49.006+0000] {spark_submit.py:490} INFO - 25/05/06 08:57:49 INFO FileSourceStrategy: Pushed Filters:
[2025-05-06T08:57:49.006+0000] {spark_submit.py:490} INFO - 25/05/06 08:57:49 INFO FileSourceStrategy: Post-Scan Filters:
[2025-05-06T08:57:49.006+0000] {spark_submit.py:490} INFO - 25/05/06 08:57:49 INFO FileSourceStrategy: Output Data Schema: struct<edition: string, edition_id: string, country_noc: string, sport: string, event: string ... 9 more fields>
[2025-05-06T08:57:49.052+0000] {spark_submit.py:490} INFO - 25/05/06 08:57:49 INFO ParquetFileFormat: Using default output committer for Parquet: org.apache.parquet.hadoop.ParquetOutputCommitter
[2025-05-06T08:57:49.064+0000] {spark_submit.py:490} INFO - 25/05/06 08:57:49 INFO FileOutputCommitter: File Output Committer Algorithm version is 1
[2025-05-06T08:57:49.064+0000] {spark_submit.py:490} INFO - 25/05/06 08:57:49 INFO FileOutputCommitter: FileOutputCommitter skip cleanup _temporary folders under output directory:false, ignore cleanup failures: false
[2025-05-06T08:57:49.065+0000] {spark_submit.py:490} INFO - 25/05/06 08:57:49 INFO SQLHadoopMapReduceCommitProtocol: Using user defined output committer class org.apache.parquet.hadoop.ParquetOutputCommitter
[2025-05-06T08:57:49.065+0000] {spark_submit.py:490} INFO - 25/05/06 08:57:49 INFO FileOutputCommitter: File Output Committer Algorithm version is 1
[2025-05-06T08:57:49.065+0000] {spark_submit.py:490} INFO - 25/05/06 08:57:49 INFO FileOutputCommitter: FileOutputCommitter skip cleanup _temporary folders under output directory:false, ignore cleanup failures: false
[2025-05-06T08:57:49.066+0000] {spark_submit.py:490} INFO - 25/05/06 08:57:49 INFO SQLHadoopMapReduceCommitProtocol: Using output committer class org.apache.parquet.hadoop.ParquetOutputCommitter
[2025-05-06T08:57:49.095+0000] {spark_submit.py:490} INFO - 25/05/06 08:57:49 INFO MemoryStore: Block broadcast_5 stored as values in memory (estimated size 202.0 KiB, free 433.7 MiB)
[2025-05-06T08:57:49.121+0000] {spark_submit.py:490} INFO - 25/05/06 08:57:49 INFO BlockManagerInfo: Removed broadcast_1_piece0 on b431f09a1fa6:36105 in memory (size: 34.8 KiB, free: 434.3 MiB)
[2025-05-06T08:57:49.124+0000] {spark_submit.py:490} INFO - 25/05/06 08:57:49 INFO BlockManagerInfo: Removed broadcast_1_piece0 on 172.18.0.6:45705 in memory (size: 34.8 KiB, free: 366.2 MiB)
[2025-05-06T08:57:49.125+0000] {spark_submit.py:490} INFO - 25/05/06 08:57:49 INFO MemoryStore: Block broadcast_5_piece0 stored as bytes in memory (estimated size 34.8 KiB, free 433.9 MiB)
[2025-05-06T08:57:49.127+0000] {spark_submit.py:490} INFO - 25/05/06 08:57:49 INFO BlockManagerInfo: Added broadcast_5_piece0 in memory on b431f09a1fa6:36105 (size: 34.8 KiB, free: 434.3 MiB)
[2025-05-06T08:57:49.128+0000] {spark_submit.py:490} INFO - 25/05/06 08:57:49 INFO SparkContext: Created broadcast 5 from parquet at NativeMethodAccessorImpl.java:0
[2025-05-06T08:57:49.130+0000] {spark_submit.py:490} INFO - 25/05/06 08:57:49 INFO FileSourceScanExec: Planning scan with bin packing, max size: 13590004 bytes, open cost is considered as scanning 4194304 bytes.
[2025-05-06T08:57:49.140+0000] {spark_submit.py:490} INFO - 25/05/06 08:57:49 INFO BlockManagerInfo: Removed broadcast_4_piece0 on b431f09a1fa6:36105 in memory (size: 16.0 KiB, free: 434.3 MiB)
[2025-05-06T08:57:49.150+0000] {spark_submit.py:490} INFO - 25/05/06 08:57:49 INFO BlockManagerInfo: Removed broadcast_4_piece0 on 172.18.0.6:45705 in memory (size: 16.0 KiB, free: 366.3 MiB)
[2025-05-06T08:57:49.173+0000] {spark_submit.py:490} INFO - 25/05/06 08:57:49 INFO BlockManagerInfo: Removed broadcast_2_piece0 on b431f09a1fa6:36105 in memory (size: 6.5 KiB, free: 434.3 MiB)
[2025-05-06T08:57:49.176+0000] {spark_submit.py:490} INFO - 25/05/06 08:57:49 INFO BlockManagerInfo: Removed broadcast_2_piece0 on 172.18.0.6:45705 in memory (size: 6.5 KiB, free: 366.3 MiB)
[2025-05-06T08:57:49.188+0000] {spark_submit.py:490} INFO - 25/05/06 08:57:49 INFO BlockManagerInfo: Removed broadcast_3_piece0 on b431f09a1fa6:36105 in memory (size: 34.8 KiB, free: 434.4 MiB)
[2025-05-06T08:57:49.190+0000] {spark_submit.py:490} INFO - 25/05/06 08:57:49 INFO BlockManagerInfo: Removed broadcast_3_piece0 on 172.18.0.6:45705 in memory (size: 34.8 KiB, free: 366.3 MiB)
[2025-05-06T08:57:49.190+0000] {spark_submit.py:490} INFO - 25/05/06 08:57:49 INFO SparkContext: Starting job: parquet at NativeMethodAccessorImpl.java:0
[2025-05-06T08:57:49.191+0000] {spark_submit.py:490} INFO - 25/05/06 08:57:49 INFO DAGScheduler: Got job 3 (parquet at NativeMethodAccessorImpl.java:0) with 2 output partitions
[2025-05-06T08:57:49.192+0000] {spark_submit.py:490} INFO - 25/05/06 08:57:49 INFO DAGScheduler: Final stage: ResultStage 3 (parquet at NativeMethodAccessorImpl.java:0)
[2025-05-06T08:57:49.192+0000] {spark_submit.py:490} INFO - 25/05/06 08:57:49 INFO DAGScheduler: Parents of final stage: List()
[2025-05-06T08:57:49.192+0000] {spark_submit.py:490} INFO - 25/05/06 08:57:49 INFO DAGScheduler: Missing parents: List()
[2025-05-06T08:57:49.195+0000] {spark_submit.py:490} INFO - 25/05/06 08:57:49 INFO DAGScheduler: Submitting ResultStage 3 (MapPartitionsRDD[18] at parquet at NativeMethodAccessorImpl.java:0), which has no missing parents
[2025-05-06T08:57:49.209+0000] {spark_submit.py:490} INFO - 25/05/06 08:57:49 INFO MemoryStore: Block broadcast_6 stored as values in memory (estimated size 248.7 KiB, free 433.9 MiB)
[2025-05-06T08:57:49.212+0000] {spark_submit.py:490} INFO - 25/05/06 08:57:49 INFO MemoryStore: Block broadcast_6_piece0 stored as bytes in memory (estimated size 85.9 KiB, free 433.8 MiB)
[2025-05-06T08:57:49.214+0000] {spark_submit.py:490} INFO - 25/05/06 08:57:49 INFO BlockManagerInfo: Added broadcast_6_piece0 in memory on b431f09a1fa6:36105 (size: 85.9 KiB, free: 434.3 MiB)
[2025-05-06T08:57:49.215+0000] {spark_submit.py:490} INFO - 25/05/06 08:57:49 INFO SparkContext: Created broadcast 6 from broadcast at DAGScheduler.scala:1513
[2025-05-06T08:57:49.216+0000] {spark_submit.py:490} INFO - 25/05/06 08:57:49 INFO DAGScheduler: Submitting 2 missing tasks from ResultStage 3 (MapPartitionsRDD[18] at parquet at NativeMethodAccessorImpl.java:0) (first 15 tasks are for partitions Vector(0, 1))
[2025-05-06T08:57:49.216+0000] {spark_submit.py:490} INFO - 25/05/06 08:57:49 INFO TaskSchedulerImpl: Adding task set 3.0 with 2 tasks resource profile 0
[2025-05-06T08:57:49.218+0000] {spark_submit.py:490} INFO - 25/05/06 08:57:49 INFO TaskSetManager: Starting task 0.0 in stage 3.0 (TID 3) (172.18.0.6, executor 0, partition 0, PROCESS_LOCAL, 5191 bytes) taskResourceAssignments Map()
[2025-05-06T08:57:49.219+0000] {spark_submit.py:490} INFO - 25/05/06 08:57:49 INFO TaskSetManager: Starting task 1.0 in stage 3.0 (TID 4) (172.18.0.6, executor 0, partition 1, PROCESS_LOCAL, 5191 bytes) taskResourceAssignments Map()
[2025-05-06T08:57:49.240+0000] {spark_submit.py:490} INFO - 25/05/06 08:57:49 INFO BlockManagerInfo: Added broadcast_6_piece0 in memory on 172.18.0.6:45705 (size: 85.9 KiB, free: 366.2 MiB)
[2025-05-06T08:57:49.393+0000] {spark_submit.py:490} INFO - 25/05/06 08:57:49 INFO BlockManagerInfo: Added broadcast_5_piece0 in memory on 172.18.0.6:45705 (size: 34.8 KiB, free: 366.2 MiB)
[2025-05-06T08:57:58.332+0000] {spark_submit.py:490} INFO - 25/05/06 08:57:58 INFO TaskSetManager: Finished task 1.0 in stage 3.0 (TID 4) in 9113 ms on 172.18.0.6 (executor 0) (1/2)
[2025-05-06T08:58:00.371+0000] {spark_submit.py:490} INFO - 25/05/06 08:58:00 INFO TaskSetManager: Finished task 0.0 in stage 3.0 (TID 3) in 11152 ms on 172.18.0.6 (executor 0) (2/2)
[2025-05-06T08:58:00.371+0000] {spark_submit.py:490} INFO - 25/05/06 08:58:00 INFO TaskSchedulerImpl: Removed TaskSet 3.0, whose tasks have all completed, from pool
[2025-05-06T08:58:00.372+0000] {spark_submit.py:490} INFO - 25/05/06 08:58:00 INFO DAGScheduler: ResultStage 3 (parquet at NativeMethodAccessorImpl.java:0) finished in 11.178 s
[2025-05-06T08:58:00.373+0000] {spark_submit.py:490} INFO - 25/05/06 08:58:00 INFO DAGScheduler: Job 3 is finished. Cancelling potential speculative or zombie tasks for this job
[2025-05-06T08:58:00.374+0000] {spark_submit.py:490} INFO - 25/05/06 08:58:00 INFO TaskSchedulerImpl: Killing all running tasks in stage 3: Stage finished
[2025-05-06T08:58:00.374+0000] {spark_submit.py:490} INFO - 25/05/06 08:58:00 INFO DAGScheduler: Job 3 finished: parquet at NativeMethodAccessorImpl.java:0, took 11.183788 s
[2025-05-06T08:58:00.376+0000] {spark_submit.py:490} INFO - 25/05/06 08:58:00 INFO FileFormatWriter: Start to commit write Job eca5cc2a-eeca-44cd-a5f0-c740cb9bad7d.
[2025-05-06T08:58:00.403+0000] {spark_submit.py:490} INFO - 25/05/06 08:58:00 INFO FileFormatWriter: Write Job eca5cc2a-eeca-44cd-a5f0-c740cb9bad7d committed. Elapsed time: 25 ms.
[2025-05-06T08:58:00.407+0000] {spark_submit.py:490} INFO - 25/05/06 08:58:00 INFO FileFormatWriter: Finished processing stats for write job eca5cc2a-eeca-44cd-a5f0-c740cb9bad7d.
[2025-05-06T08:58:00.410+0000] {spark_submit.py:490} INFO - ✅ Збережено до Silver: /tmp/spark_data/silver/athlete_event_results/20250506
[2025-05-06T08:58:00.411+0000] {spark_submit.py:490} INFO - 📁 Шлях збереження Silver: /tmp/spark_data/silver/athlete_event_results/20250506
[2025-05-06T08:58:00.411+0000] {spark_submit.py:490} INFO - 📂 Вміст директорії:
[2025-05-06T08:58:00.411+0000] {spark_submit.py:490} INFO - ['.part-00001-bed04801-599d-4ccb-92f5-1e503b355ba5-c000.snappy.parquet.crc', 'part-00000-bed04801-599d-4ccb-92f5-1e503b355ba5-c000.snappy.parquet', '.part-00000-bed04801-599d-4ccb-92f5-1e503b355ba5-c000.snappy.parquet.crc', 'part-00001-bed04801-599d-4ccb-92f5-1e503b355ba5-c000.snappy.parquet', '_SUCCESS', '._SUCCESS.crc']
[2025-05-06T08:58:00.422+0000] {spark_submit.py:490} INFO - 25/05/06 08:58:00 INFO SparkUI: Stopped Spark web UI at http://b431f09a1fa6:4040
[2025-05-06T08:58:00.427+0000] {spark_submit.py:490} INFO - 25/05/06 08:58:00 INFO StandaloneSchedulerBackend: Shutting down all executors
[2025-05-06T08:58:00.427+0000] {spark_submit.py:490} INFO - 25/05/06 08:58:00 INFO CoarseGrainedSchedulerBackend$DriverEndpoint: Asking each executor to shut down
[2025-05-06T08:58:00.457+0000] {spark_submit.py:490} INFO - 25/05/06 08:58:00 INFO MapOutputTrackerMasterEndpoint: MapOutputTrackerMasterEndpoint stopped!
[2025-05-06T08:58:00.475+0000] {spark_submit.py:490} INFO - 25/05/06 08:58:00 INFO MemoryStore: MemoryStore cleared
[2025-05-06T08:58:00.476+0000] {spark_submit.py:490} INFO - 25/05/06 08:58:00 INFO BlockManager: BlockManager stopped
[2025-05-06T08:58:00.479+0000] {spark_submit.py:490} INFO - 25/05/06 08:58:00 INFO BlockManagerMaster: BlockManagerMaster stopped
[2025-05-06T08:58:00.487+0000] {spark_submit.py:490} INFO - 25/05/06 08:58:00 INFO OutputCommitCoordinator$OutputCommitCoordinatorEndpoint: OutputCommitCoordinator stopped!
[2025-05-06T08:58:00.501+0000] {spark_submit.py:490} INFO - 25/05/06 08:58:00 INFO SparkContext: Successfully stopped SparkContext
[2025-05-06T08:58:01.404+0000] {spark_submit.py:490} INFO - 25/05/06 08:58:01 INFO ShutdownHookManager: Shutdown hook called
[2025-05-06T08:58:01.404+0000] {spark_submit.py:490} INFO - 25/05/06 08:58:01 INFO ShutdownHookManager: Deleting directory /tmp/spark-71f91f27-9d79-4951-8ed9-15094b9136c8
[2025-05-06T08:58:01.408+0000] {spark_submit.py:490} INFO - 25/05/06 08:58:01 INFO ShutdownHookManager: Deleting directory /tmp/spark-b405f15d-20ba-444b-a5d0-fc54f6c1ac33
[2025-05-06T08:58:01.412+0000] {spark_submit.py:490} INFO - 25/05/06 08:58:01 INFO ShutdownHookManager: Deleting directory /tmp/spark-71f91f27-9d79-4951-8ed9-15094b9136c8/pyspark-ff962281-4c5b-49d6-a99d-05def2027c0c
[2025-05-06T08:58:01.455+0000] {taskinstance.py:1350} INFO - Marking task as SUCCESS. dag_id=final_project_BBDL, task_id=BronzeToSilver, execution_date=20250506T085711, start_date=20250506T085736, end_date=20250506T085801
[2025-05-06T08:58:01.525+0000] {local_task_job_runner.py:225} INFO - Task exited with return code 0
[2025-05-06T08:58:01.546+0000] {taskinstance.py:2653} INFO - 1 downstream tasks scheduled from follow-on schedule check
