[2025-05-05T21:23:19.490+0000] {taskinstance.py:1103} INFO - Dependencies all met for dep_context=non-requeueable deps ti=<TaskInstance: final_project_BBDL.SilverToGold manual__2025-05-05T21:22:10.365249+00:00 [queued]>
[2025-05-05T21:23:19.500+0000] {taskinstance.py:1103} INFO - Dependencies all met for dep_context=requeueable deps ti=<TaskInstance: final_project_BBDL.SilverToGold manual__2025-05-05T21:22:10.365249+00:00 [queued]>
[2025-05-05T21:23:19.500+0000] {taskinstance.py:1308} INFO - Starting attempt 1 of 1
[2025-05-05T21:23:19.539+0000] {taskinstance.py:1327} INFO - Executing <Task(SparkSubmitOperator): SilverToGold> on 2025-05-05 21:22:10.365249+00:00
[2025-05-05T21:23:19.542+0000] {standard_task_runner.py:57} INFO - Started process 4709 to run task
[2025-05-05T21:23:19.545+0000] {standard_task_runner.py:84} INFO - Running: ['airflow', 'tasks', 'run', 'final_project_BBDL', 'SilverToGold', 'manual__2025-05-05T21:22:10.365249+00:00', '--job-id', '17', '--raw', '--subdir', 'DAGS_FOLDER/project_solution.py', '--cfg-path', '/tmp/tmp9j553tre']
[2025-05-05T21:23:19.546+0000] {standard_task_runner.py:85} INFO - Job 17: Subtask SilverToGold
[2025-05-05T21:23:19.579+0000] {logging_mixin.py:150} WARNING - /home/airflow/.local/lib/python3.7/site-packages/airflow/settings.py:195 DeprecationWarning: The sql_alchemy_conn option in [core] has been moved to the sql_alchemy_conn option in [database] - the old setting has been used, but please update your config.
[2025-05-05T21:23:19.613+0000] {task_command.py:410} INFO - Running <TaskInstance: final_project_BBDL.SilverToGold manual__2025-05-05T21:22:10.365249+00:00 [running]> on host b431f09a1fa6
[2025-05-05T21:23:19.731+0000] {taskinstance.py:1547} INFO - Exporting env vars: AIRFLOW_CTX_DAG_OWNER='airflow' AIRFLOW_CTX_DAG_ID='final_project_BBDL' AIRFLOW_CTX_TASK_ID='SilverToGold' AIRFLOW_CTX_EXECUTION_DATE='2025-05-05T21:22:10.365249+00:00' AIRFLOW_CTX_TRY_NUMBER='1' AIRFLOW_CTX_DAG_RUN_ID='manual__2025-05-05T21:22:10.365249+00:00'
[2025-05-05T21:23:19.741+0000] {base.py:73} INFO - Using connection ID 'spark_default' for task execution.
[2025-05-05T21:23:19.743+0000] {spark_submit.py:339} INFO - Spark-Submit cmd: spark-submit --master spark://spark-master:7077 --conf spark.master=spark://spark-master:7077 --name SilverToGold --verbose --queue root.default /opt/airflow/dags/silver_to_gold.py
[2025-05-05T21:23:21.230+0000] {spark_submit.py:490} INFO - Using properties file: null
[2025-05-05T21:23:21.347+0000] {spark_submit.py:490} INFO - Parsed arguments:
[2025-05-05T21:23:21.348+0000] {spark_submit.py:490} INFO - master                  spark://spark-master:7077
[2025-05-05T21:23:21.348+0000] {spark_submit.py:490} INFO - deployMode              null
[2025-05-05T21:23:21.348+0000] {spark_submit.py:490} INFO - executorMemory          null
[2025-05-05T21:23:21.348+0000] {spark_submit.py:490} INFO - executorCores           null
[2025-05-05T21:23:21.348+0000] {spark_submit.py:490} INFO - totalExecutorCores      null
[2025-05-05T21:23:21.348+0000] {spark_submit.py:490} INFO - propertiesFile          null
[2025-05-05T21:23:21.348+0000] {spark_submit.py:490} INFO - driverMemory            null
[2025-05-05T21:23:21.348+0000] {spark_submit.py:490} INFO - driverCores             null
[2025-05-05T21:23:21.349+0000] {spark_submit.py:490} INFO - driverExtraClassPath    null
[2025-05-05T21:23:21.349+0000] {spark_submit.py:490} INFO - driverExtraLibraryPath  null
[2025-05-05T21:23:21.349+0000] {spark_submit.py:490} INFO - driverExtraJavaOptions  null
[2025-05-05T21:23:21.349+0000] {spark_submit.py:490} INFO - supervise               false
[2025-05-05T21:23:21.349+0000] {spark_submit.py:490} INFO - queue                   root.default
[2025-05-05T21:23:21.349+0000] {spark_submit.py:490} INFO - numExecutors            null
[2025-05-05T21:23:21.349+0000] {spark_submit.py:490} INFO - files                   null
[2025-05-05T21:23:21.349+0000] {spark_submit.py:490} INFO - pyFiles                 null
[2025-05-05T21:23:21.350+0000] {spark_submit.py:490} INFO - archives                null
[2025-05-05T21:23:21.350+0000] {spark_submit.py:490} INFO - mainClass               null
[2025-05-05T21:23:21.350+0000] {spark_submit.py:490} INFO - primaryResource         file:/opt/airflow/dags/silver_to_gold.py
[2025-05-05T21:23:21.350+0000] {spark_submit.py:490} INFO - name                    SilverToGold
[2025-05-05T21:23:21.350+0000] {spark_submit.py:490} INFO - childArgs               []
[2025-05-05T21:23:21.350+0000] {spark_submit.py:490} INFO - jars                    null
[2025-05-05T21:23:21.350+0000] {spark_submit.py:490} INFO - packages                null
[2025-05-05T21:23:21.350+0000] {spark_submit.py:490} INFO - packagesExclusions      null
[2025-05-05T21:23:21.350+0000] {spark_submit.py:490} INFO - repositories            null
[2025-05-05T21:23:21.350+0000] {spark_submit.py:490} INFO - verbose                 true
[2025-05-05T21:23:21.350+0000] {spark_submit.py:490} INFO - 
[2025-05-05T21:23:21.351+0000] {spark_submit.py:490} INFO - Spark properties used, including those specified through
[2025-05-05T21:23:21.351+0000] {spark_submit.py:490} INFO - --conf and those from the properties file null:
[2025-05-05T21:23:21.351+0000] {spark_submit.py:490} INFO - (spark.master,spark://spark-master:7077)
[2025-05-05T21:23:21.351+0000] {spark_submit.py:490} INFO - 
[2025-05-05T21:23:21.351+0000] {spark_submit.py:490} INFO - 
[2025-05-05T21:23:21.603+0000] {spark_submit.py:490} INFO - Main class:
[2025-05-05T21:23:21.604+0000] {spark_submit.py:490} INFO - org.apache.spark.deploy.PythonRunner
[2025-05-05T21:23:21.604+0000] {spark_submit.py:490} INFO - Arguments:
[2025-05-05T21:23:21.604+0000] {spark_submit.py:490} INFO - file:/opt/airflow/dags/silver_to_gold.py
[2025-05-05T21:23:21.604+0000] {spark_submit.py:490} INFO - null
[2025-05-05T21:23:21.607+0000] {spark_submit.py:490} INFO - Spark config:
[2025-05-05T21:23:21.607+0000] {spark_submit.py:490} INFO - (spark.app.name,SilverToGold)
[2025-05-05T21:23:21.607+0000] {spark_submit.py:490} INFO - (spark.app.submitTime,1746480201587)
[2025-05-05T21:23:21.607+0000] {spark_submit.py:490} INFO - (spark.master,spark://spark-master:7077)
[2025-05-05T21:23:21.607+0000] {spark_submit.py:490} INFO - (spark.submit.deployMode,client)
[2025-05-05T21:23:21.607+0000] {spark_submit.py:490} INFO - (spark.submit.pyFiles,)
[2025-05-05T21:23:21.607+0000] {spark_submit.py:490} INFO - Classpath elements:
[2025-05-05T21:23:21.607+0000] {spark_submit.py:490} INFO - 
[2025-05-05T21:23:21.607+0000] {spark_submit.py:490} INFO - 
[2025-05-05T21:23:21.608+0000] {spark_submit.py:490} INFO - 
[2025-05-05T21:23:22.061+0000] {spark_submit.py:490} INFO - 25/05/05 21:23:22 INFO SparkContext: Running Spark version 3.3.0
[2025-05-05T21:23:22.122+0000] {spark_submit.py:490} INFO - 25/05/05 21:23:22 WARN NativeCodeLoader: Unable to load native-hadoop library for your platform... using builtin-java classes where applicable
[2025-05-05T21:23:22.209+0000] {spark_submit.py:490} INFO - 25/05/05 21:23:22 INFO ResourceUtils: ==============================================================
[2025-05-05T21:23:22.209+0000] {spark_submit.py:490} INFO - 25/05/05 21:23:22 INFO ResourceUtils: No custom resources configured for spark.driver.
[2025-05-05T21:23:22.210+0000] {spark_submit.py:490} INFO - 25/05/05 21:23:22 INFO ResourceUtils: ==============================================================
[2025-05-05T21:23:22.210+0000] {spark_submit.py:490} INFO - 25/05/05 21:23:22 INFO SparkContext: Submitted application: SilverToGold
[2025-05-05T21:23:22.228+0000] {spark_submit.py:490} INFO - 25/05/05 21:23:22 INFO ResourceProfile: Default ResourceProfile created, executor resources: Map(cores -> name: cores, amount: 1, script: , vendor: , memory -> name: memory, amount: 1024, script: , vendor: , offHeap -> name: offHeap, amount: 0, script: , vendor: ), task resources: Map(cpus -> name: cpus, amount: 1.0)
[2025-05-05T21:23:22.237+0000] {spark_submit.py:490} INFO - 25/05/05 21:23:22 INFO ResourceProfile: Limiting resource is cpu
[2025-05-05T21:23:22.238+0000] {spark_submit.py:490} INFO - 25/05/05 21:23:22 INFO ResourceProfileManager: Added ResourceProfile id: 0
[2025-05-05T21:23:22.281+0000] {spark_submit.py:490} INFO - 25/05/05 21:23:22 INFO SecurityManager: Changing view acls to: root
[2025-05-05T21:23:22.281+0000] {spark_submit.py:490} INFO - 25/05/05 21:23:22 INFO SecurityManager: Changing modify acls to: root
[2025-05-05T21:23:22.281+0000] {spark_submit.py:490} INFO - 25/05/05 21:23:22 INFO SecurityManager: Changing view acls groups to:
[2025-05-05T21:23:22.282+0000] {spark_submit.py:490} INFO - 25/05/05 21:23:22 INFO SecurityManager: Changing modify acls groups to:
[2025-05-05T21:23:22.282+0000] {spark_submit.py:490} INFO - 25/05/05 21:23:22 INFO SecurityManager: SecurityManager: authentication disabled; ui acls disabled; users  with view permissions: Set(root); groups with view permissions: Set(); users  with modify permissions: Set(root); groups with modify permissions: Set()
[2025-05-05T21:23:22.516+0000] {spark_submit.py:490} INFO - 25/05/05 21:23:22 INFO Utils: Successfully started service 'sparkDriver' on port 41597.
[2025-05-05T21:23:22.543+0000] {spark_submit.py:490} INFO - 25/05/05 21:23:22 INFO SparkEnv: Registering MapOutputTracker
[2025-05-05T21:23:22.578+0000] {spark_submit.py:490} INFO - 25/05/05 21:23:22 INFO SparkEnv: Registering BlockManagerMaster
[2025-05-05T21:23:22.600+0000] {spark_submit.py:490} INFO - 25/05/05 21:23:22 INFO BlockManagerMasterEndpoint: Using org.apache.spark.storage.DefaultTopologyMapper for getting topology information
[2025-05-05T21:23:22.600+0000] {spark_submit.py:490} INFO - 25/05/05 21:23:22 INFO BlockManagerMasterEndpoint: BlockManagerMasterEndpoint up
[2025-05-05T21:23:22.604+0000] {spark_submit.py:490} INFO - 25/05/05 21:23:22 INFO SparkEnv: Registering BlockManagerMasterHeartbeat
[2025-05-05T21:23:22.621+0000] {spark_submit.py:490} INFO - 25/05/05 21:23:22 INFO DiskBlockManager: Created local directory at /tmp/blockmgr-66daee41-23fa-4862-b0cb-52026e3f761d
[2025-05-05T21:23:22.635+0000] {spark_submit.py:490} INFO - 25/05/05 21:23:22 INFO MemoryStore: MemoryStore started with capacity 434.4 MiB
[2025-05-05T21:23:22.650+0000] {spark_submit.py:490} INFO - 25/05/05 21:23:22 INFO SparkEnv: Registering OutputCommitCoordinator
[2025-05-05T21:23:22.821+0000] {spark_submit.py:490} INFO - 25/05/05 21:23:22 INFO Utils: Successfully started service 'SparkUI' on port 4040.
[2025-05-05T21:23:22.953+0000] {spark_submit.py:490} INFO - 25/05/05 21:23:22 INFO StandaloneAppClient$ClientEndpoint: Connecting to master spark://spark-master:7077...
[2025-05-05T21:23:23.001+0000] {spark_submit.py:490} INFO - 25/05/05 21:23:23 INFO TransportClientFactory: Successfully created connection to spark-master/172.18.0.3:7077 after 31 ms (0 ms spent in bootstraps)
[2025-05-05T21:23:23.076+0000] {spark_submit.py:490} INFO - 25/05/05 21:23:23 INFO StandaloneSchedulerBackend: Connected to Spark cluster with app ID app-20250505212323-0014
[2025-05-05T21:23:23.078+0000] {spark_submit.py:490} INFO - 25/05/05 21:23:23 INFO StandaloneAppClient$ClientEndpoint: Executor added: app-20250505212323-0014/0 on worker-20250505201940-172.18.0.6-38439 (172.18.0.6:38439) with 2 core(s)
[2025-05-05T21:23:23.083+0000] {spark_submit.py:490} INFO - 25/05/05 21:23:23 INFO StandaloneSchedulerBackend: Granted executor ID app-20250505212323-0014/0 on hostPort 172.18.0.6:38439 with 2 core(s), 1024.0 MiB RAM
[2025-05-05T21:23:23.087+0000] {spark_submit.py:490} INFO - 25/05/05 21:23:23 INFO Utils: Successfully started service 'org.apache.spark.network.netty.NettyBlockTransferService' on port 44835.
[2025-05-05T21:23:23.088+0000] {spark_submit.py:490} INFO - 25/05/05 21:23:23 INFO NettyBlockTransferService: Server created on b431f09a1fa6:44835
[2025-05-05T21:23:23.089+0000] {spark_submit.py:490} INFO - 25/05/05 21:23:23 INFO BlockManager: Using org.apache.spark.storage.RandomBlockReplicationPolicy for block replication policy
[2025-05-05T21:23:23.100+0000] {spark_submit.py:490} INFO - 25/05/05 21:23:23 INFO BlockManagerMaster: Registering BlockManager BlockManagerId(driver, b431f09a1fa6, 44835, None)
[2025-05-05T21:23:23.104+0000] {spark_submit.py:490} INFO - 25/05/05 21:23:23 INFO BlockManagerMasterEndpoint: Registering block manager b431f09a1fa6:44835 with 434.4 MiB RAM, BlockManagerId(driver, b431f09a1fa6, 44835, None)
[2025-05-05T21:23:23.107+0000] {spark_submit.py:490} INFO - 25/05/05 21:23:23 INFO BlockManagerMaster: Registered BlockManager BlockManagerId(driver, b431f09a1fa6, 44835, None)
[2025-05-05T21:23:23.108+0000] {spark_submit.py:490} INFO - 25/05/05 21:23:23 INFO BlockManager: Initialized BlockManager: BlockManagerId(driver, b431f09a1fa6, 44835, None)
[2025-05-05T21:23:23.118+0000] {spark_submit.py:490} INFO - 25/05/05 21:23:23 INFO StandaloneAppClient$ClientEndpoint: Executor updated: app-20250505212323-0014/0 is now RUNNING
[2025-05-05T21:23:23.313+0000] {spark_submit.py:490} INFO - 25/05/05 21:23:23 INFO StandaloneSchedulerBackend: SchedulerBackend is ready for scheduling beginning after reached minRegisteredResourcesRatio: 0.0
[2025-05-05T21:23:23.478+0000] {spark_submit.py:490} INFO - 2025-05-05 21:23:23,477 [ERROR] ❌ Не знайдено необхідних даних у silver директориях!
[2025-05-05T21:23:23.488+0000] {spark_submit.py:490} INFO - 25/05/05 21:23:23 INFO SparkUI: Stopped Spark web UI at http://b431f09a1fa6:4040
[2025-05-05T21:23:23.491+0000] {spark_submit.py:490} INFO - 25/05/05 21:23:23 INFO StandaloneSchedulerBackend: Shutting down all executors
[2025-05-05T21:23:23.494+0000] {spark_submit.py:490} INFO - 25/05/05 21:23:23 INFO CoarseGrainedSchedulerBackend$DriverEndpoint: Asking each executor to shut down
[2025-05-05T21:23:23.513+0000] {spark_submit.py:490} INFO - 25/05/05 21:23:23 INFO MapOutputTrackerMasterEndpoint: MapOutputTrackerMasterEndpoint stopped!
[2025-05-05T21:23:23.531+0000] {spark_submit.py:490} INFO - 25/05/05 21:23:23 INFO MemoryStore: MemoryStore cleared
[2025-05-05T21:23:23.532+0000] {spark_submit.py:490} INFO - 25/05/05 21:23:23 INFO BlockManager: BlockManager stopped
[2025-05-05T21:23:23.537+0000] {spark_submit.py:490} INFO - 25/05/05 21:23:23 INFO BlockManagerMaster: BlockManagerMaster stopped
[2025-05-05T21:23:23.539+0000] {spark_submit.py:490} INFO - 25/05/05 21:23:23 INFO OutputCommitCoordinator$OutputCommitCoordinatorEndpoint: OutputCommitCoordinator stopped!
[2025-05-05T21:23:23.549+0000] {spark_submit.py:490} INFO - 25/05/05 21:23:23 INFO SparkContext: Successfully stopped SparkContext
[2025-05-05T21:23:23.867+0000] {spark_submit.py:490} INFO - 25/05/05 21:23:23 INFO ShutdownHookManager: Shutdown hook called
[2025-05-05T21:23:23.868+0000] {spark_submit.py:490} INFO - 25/05/05 21:23:23 INFO ShutdownHookManager: Deleting directory /tmp/spark-843a3540-94d6-48d2-bc91-eef3e96f2acc/pyspark-7e6a691f-f062-4299-bd78-a01a3d67e4c7
[2025-05-05T21:23:23.871+0000] {spark_submit.py:490} INFO - 25/05/05 21:23:23 INFO ShutdownHookManager: Deleting directory /tmp/spark-843a3540-94d6-48d2-bc91-eef3e96f2acc
[2025-05-05T21:23:23.874+0000] {spark_submit.py:490} INFO - 25/05/05 21:23:23 INFO ShutdownHookManager: Deleting directory /tmp/spark-807de342-80fc-4b80-bf09-d3f5012ae818
[2025-05-05T21:23:23.908+0000] {taskinstance.py:1350} INFO - Marking task as SUCCESS. dag_id=final_project_BBDL, task_id=SilverToGold, execution_date=20250505T212210, start_date=20250505T212319, end_date=20250505T212323
[2025-05-05T21:23:23.981+0000] {local_task_job_runner.py:225} INFO - Task exited with return code 0
[2025-05-05T21:23:23.999+0000] {taskinstance.py:2653} INFO - 0 downstream tasks scheduled from follow-on schedule check
