[2025-05-05T21:18:13.645+0000] {taskinstance.py:1103} INFO - Dependencies all met for dep_context=non-requeueable deps ti=<TaskInstance: final_project_BBDL.SilverToGold manual__2025-05-05T21:17:09.244017+00:00 [queued]>
[2025-05-05T21:18:13.654+0000] {taskinstance.py:1103} INFO - Dependencies all met for dep_context=requeueable deps ti=<TaskInstance: final_project_BBDL.SilverToGold manual__2025-05-05T21:17:09.244017+00:00 [queued]>
[2025-05-05T21:18:13.654+0000] {taskinstance.py:1308} INFO - Starting attempt 1 of 1
[2025-05-05T21:18:13.689+0000] {taskinstance.py:1327} INFO - Executing <Task(SparkSubmitOperator): SilverToGold> on 2025-05-05 21:17:09.244017+00:00
[2025-05-05T21:18:13.692+0000] {standard_task_runner.py:57} INFO - Started process 3945 to run task
[2025-05-05T21:18:13.695+0000] {standard_task_runner.py:84} INFO - Running: ['airflow', 'tasks', 'run', 'final_project_BBDL', 'SilverToGold', 'manual__2025-05-05T21:17:09.244017+00:00', '--job-id', '14', '--raw', '--subdir', 'DAGS_FOLDER/project_solution.py', '--cfg-path', '/tmp/tmp05_svvs2']
[2025-05-05T21:18:13.696+0000] {standard_task_runner.py:85} INFO - Job 14: Subtask SilverToGold
[2025-05-05T21:18:13.735+0000] {logging_mixin.py:150} WARNING - /home/airflow/.local/lib/python3.7/site-packages/airflow/settings.py:195 DeprecationWarning: The sql_alchemy_conn option in [core] has been moved to the sql_alchemy_conn option in [database] - the old setting has been used, but please update your config.
[2025-05-05T21:18:13.784+0000] {task_command.py:410} INFO - Running <TaskInstance: final_project_BBDL.SilverToGold manual__2025-05-05T21:17:09.244017+00:00 [running]> on host b431f09a1fa6
[2025-05-05T21:18:13.905+0000] {taskinstance.py:1547} INFO - Exporting env vars: AIRFLOW_CTX_DAG_OWNER='airflow' AIRFLOW_CTX_DAG_ID='final_project_BBDL' AIRFLOW_CTX_TASK_ID='SilverToGold' AIRFLOW_CTX_EXECUTION_DATE='2025-05-05T21:17:09.244017+00:00' AIRFLOW_CTX_TRY_NUMBER='1' AIRFLOW_CTX_DAG_RUN_ID='manual__2025-05-05T21:17:09.244017+00:00'
[2025-05-05T21:18:13.914+0000] {base.py:73} INFO - Using connection ID 'spark_default' for task execution.
[2025-05-05T21:18:13.916+0000] {spark_submit.py:339} INFO - Spark-Submit cmd: spark-submit --master spark://spark-master:7077 --conf spark.master=spark://spark-master:7077 --name SilverToGold --verbose --queue root.default /opt/airflow/dags/silver_to_gold.py
[2025-05-05T21:18:15.425+0000] {spark_submit.py:490} INFO - Using properties file: null
[2025-05-05T21:18:15.541+0000] {spark_submit.py:490} INFO - Parsed arguments:
[2025-05-05T21:18:15.542+0000] {spark_submit.py:490} INFO - master                  spark://spark-master:7077
[2025-05-05T21:18:15.542+0000] {spark_submit.py:490} INFO - deployMode              null
[2025-05-05T21:18:15.542+0000] {spark_submit.py:490} INFO - executorMemory          null
[2025-05-05T21:18:15.542+0000] {spark_submit.py:490} INFO - executorCores           null
[2025-05-05T21:18:15.542+0000] {spark_submit.py:490} INFO - totalExecutorCores      null
[2025-05-05T21:18:15.542+0000] {spark_submit.py:490} INFO - propertiesFile          null
[2025-05-05T21:18:15.542+0000] {spark_submit.py:490} INFO - driverMemory            null
[2025-05-05T21:18:15.542+0000] {spark_submit.py:490} INFO - driverCores             null
[2025-05-05T21:18:15.542+0000] {spark_submit.py:490} INFO - driverExtraClassPath    null
[2025-05-05T21:18:15.542+0000] {spark_submit.py:490} INFO - driverExtraLibraryPath  null
[2025-05-05T21:18:15.543+0000] {spark_submit.py:490} INFO - driverExtraJavaOptions  null
[2025-05-05T21:18:15.543+0000] {spark_submit.py:490} INFO - supervise               false
[2025-05-05T21:18:15.543+0000] {spark_submit.py:490} INFO - queue                   root.default
[2025-05-05T21:18:15.543+0000] {spark_submit.py:490} INFO - numExecutors            null
[2025-05-05T21:18:15.543+0000] {spark_submit.py:490} INFO - files                   null
[2025-05-05T21:18:15.543+0000] {spark_submit.py:490} INFO - pyFiles                 null
[2025-05-05T21:18:15.543+0000] {spark_submit.py:490} INFO - archives                null
[2025-05-05T21:18:15.543+0000] {spark_submit.py:490} INFO - mainClass               null
[2025-05-05T21:18:15.543+0000] {spark_submit.py:490} INFO - primaryResource         file:/opt/airflow/dags/silver_to_gold.py
[2025-05-05T21:18:15.543+0000] {spark_submit.py:490} INFO - name                    SilverToGold
[2025-05-05T21:18:15.543+0000] {spark_submit.py:490} INFO - childArgs               []
[2025-05-05T21:18:15.543+0000] {spark_submit.py:490} INFO - jars                    null
[2025-05-05T21:18:15.543+0000] {spark_submit.py:490} INFO - packages                null
[2025-05-05T21:18:15.544+0000] {spark_submit.py:490} INFO - packagesExclusions      null
[2025-05-05T21:18:15.544+0000] {spark_submit.py:490} INFO - repositories            null
[2025-05-05T21:18:15.544+0000] {spark_submit.py:490} INFO - verbose                 true
[2025-05-05T21:18:15.544+0000] {spark_submit.py:490} INFO - 
[2025-05-05T21:18:15.544+0000] {spark_submit.py:490} INFO - Spark properties used, including those specified through
[2025-05-05T21:18:15.544+0000] {spark_submit.py:490} INFO - --conf and those from the properties file null:
[2025-05-05T21:18:15.544+0000] {spark_submit.py:490} INFO - (spark.master,spark://spark-master:7077)
[2025-05-05T21:18:15.544+0000] {spark_submit.py:490} INFO - 
[2025-05-05T21:18:15.544+0000] {spark_submit.py:490} INFO - 
[2025-05-05T21:18:15.838+0000] {spark_submit.py:490} INFO - Main class:
[2025-05-05T21:18:15.838+0000] {spark_submit.py:490} INFO - org.apache.spark.deploy.PythonRunner
[2025-05-05T21:18:15.838+0000] {spark_submit.py:490} INFO - Arguments:
[2025-05-05T21:18:15.838+0000] {spark_submit.py:490} INFO - file:/opt/airflow/dags/silver_to_gold.py
[2025-05-05T21:18:15.839+0000] {spark_submit.py:490} INFO - null
[2025-05-05T21:18:15.842+0000] {spark_submit.py:490} INFO - Spark config:
[2025-05-05T21:18:15.842+0000] {spark_submit.py:490} INFO - (spark.app.name,SilverToGold)
[2025-05-05T21:18:15.843+0000] {spark_submit.py:490} INFO - (spark.app.submitTime,1746479895813)
[2025-05-05T21:18:15.843+0000] {spark_submit.py:490} INFO - (spark.master,spark://spark-master:7077)
[2025-05-05T21:18:15.843+0000] {spark_submit.py:490} INFO - (spark.submit.deployMode,client)
[2025-05-05T21:18:15.843+0000] {spark_submit.py:490} INFO - (spark.submit.pyFiles,)
[2025-05-05T21:18:15.843+0000] {spark_submit.py:490} INFO - Classpath elements:
[2025-05-05T21:18:15.843+0000] {spark_submit.py:490} INFO - 
[2025-05-05T21:18:15.843+0000] {spark_submit.py:490} INFO - 
[2025-05-05T21:18:15.843+0000] {spark_submit.py:490} INFO - 
[2025-05-05T21:18:16.352+0000] {spark_submit.py:490} INFO - 25/05/05 21:18:16 INFO SparkContext: Running Spark version 3.3.0
[2025-05-05T21:18:16.433+0000] {spark_submit.py:490} INFO - 25/05/05 21:18:16 WARN NativeCodeLoader: Unable to load native-hadoop library for your platform... using builtin-java classes where applicable
[2025-05-05T21:18:16.549+0000] {spark_submit.py:490} INFO - 25/05/05 21:18:16 INFO ResourceUtils: ==============================================================
[2025-05-05T21:18:16.550+0000] {spark_submit.py:490} INFO - 25/05/05 21:18:16 INFO ResourceUtils: No custom resources configured for spark.driver.
[2025-05-05T21:18:16.550+0000] {spark_submit.py:490} INFO - 25/05/05 21:18:16 INFO ResourceUtils: ==============================================================
[2025-05-05T21:18:16.551+0000] {spark_submit.py:490} INFO - 25/05/05 21:18:16 INFO SparkContext: Submitted application: SilverToGold
[2025-05-05T21:18:16.573+0000] {spark_submit.py:490} INFO - 25/05/05 21:18:16 INFO ResourceProfile: Default ResourceProfile created, executor resources: Map(cores -> name: cores, amount: 1, script: , vendor: , memory -> name: memory, amount: 1024, script: , vendor: , offHeap -> name: offHeap, amount: 0, script: , vendor: ), task resources: Map(cpus -> name: cpus, amount: 1.0)
[2025-05-05T21:18:16.583+0000] {spark_submit.py:490} INFO - 25/05/05 21:18:16 INFO ResourceProfile: Limiting resource is cpu
[2025-05-05T21:18:16.584+0000] {spark_submit.py:490} INFO - 25/05/05 21:18:16 INFO ResourceProfileManager: Added ResourceProfile id: 0
[2025-05-05T21:18:16.636+0000] {spark_submit.py:490} INFO - 25/05/05 21:18:16 INFO SecurityManager: Changing view acls to: root
[2025-05-05T21:18:16.637+0000] {spark_submit.py:490} INFO - 25/05/05 21:18:16 INFO SecurityManager: Changing modify acls to: root
[2025-05-05T21:18:16.637+0000] {spark_submit.py:490} INFO - 25/05/05 21:18:16 INFO SecurityManager: Changing view acls groups to:
[2025-05-05T21:18:16.638+0000] {spark_submit.py:490} INFO - 25/05/05 21:18:16 INFO SecurityManager: Changing modify acls groups to:
[2025-05-05T21:18:16.639+0000] {spark_submit.py:490} INFO - 25/05/05 21:18:16 INFO SecurityManager: SecurityManager: authentication disabled; ui acls disabled; users  with view permissions: Set(root); groups with view permissions: Set(); users  with modify permissions: Set(root); groups with modify permissions: Set()
[2025-05-05T21:18:16.916+0000] {spark_submit.py:490} INFO - 25/05/05 21:18:16 INFO Utils: Successfully started service 'sparkDriver' on port 38441.
[2025-05-05T21:18:16.942+0000] {spark_submit.py:490} INFO - 25/05/05 21:18:16 INFO SparkEnv: Registering MapOutputTracker
[2025-05-05T21:18:16.976+0000] {spark_submit.py:490} INFO - 25/05/05 21:18:16 INFO SparkEnv: Registering BlockManagerMaster
[2025-05-05T21:18:16.995+0000] {spark_submit.py:490} INFO - 25/05/05 21:18:16 INFO BlockManagerMasterEndpoint: Using org.apache.spark.storage.DefaultTopologyMapper for getting topology information
[2025-05-05T21:18:16.995+0000] {spark_submit.py:490} INFO - 25/05/05 21:18:16 INFO BlockManagerMasterEndpoint: BlockManagerMasterEndpoint up
[2025-05-05T21:18:17.000+0000] {spark_submit.py:490} INFO - 25/05/05 21:18:16 INFO SparkEnv: Registering BlockManagerMasterHeartbeat
[2025-05-05T21:18:17.194+0000] {spark_submit.py:490} INFO - 25/05/05 21:18:17 INFO DiskBlockManager: Created local directory at /tmp/blockmgr-f5170ff3-534a-4740-9b82-7c9877101423
[2025-05-05T21:18:17.211+0000] {spark_submit.py:490} INFO - 25/05/05 21:18:17 INFO MemoryStore: MemoryStore started with capacity 434.4 MiB
[2025-05-05T21:18:17.227+0000] {spark_submit.py:490} INFO - 25/05/05 21:18:17 INFO SparkEnv: Registering OutputCommitCoordinator
[2025-05-05T21:18:17.425+0000] {spark_submit.py:490} INFO - 25/05/05 21:18:17 INFO Utils: Successfully started service 'SparkUI' on port 4040.
[2025-05-05T21:18:17.531+0000] {spark_submit.py:490} INFO - 25/05/05 21:18:17 INFO StandaloneAppClient$ClientEndpoint: Connecting to master spark://spark-master:7077...
[2025-05-05T21:18:17.572+0000] {spark_submit.py:490} INFO - 25/05/05 21:18:17 INFO TransportClientFactory: Successfully created connection to spark-master/172.18.0.3:7077 after 25 ms (0 ms spent in bootstraps)
[2025-05-05T21:18:17.646+0000] {spark_submit.py:490} INFO - 25/05/05 21:18:17 INFO StandaloneSchedulerBackend: Connected to Spark cluster with app ID app-20250505211817-0011
[2025-05-05T21:18:17.648+0000] {spark_submit.py:490} INFO - 25/05/05 21:18:17 INFO StandaloneAppClient$ClientEndpoint: Executor added: app-20250505211817-0011/0 on worker-20250505201940-172.18.0.6-38439 (172.18.0.6:38439) with 2 core(s)
[2025-05-05T21:18:17.650+0000] {spark_submit.py:490} INFO - 25/05/05 21:18:17 INFO StandaloneSchedulerBackend: Granted executor ID app-20250505211817-0011/0 on hostPort 172.18.0.6:38439 with 2 core(s), 1024.0 MiB RAM
[2025-05-05T21:18:17.657+0000] {spark_submit.py:490} INFO - 25/05/05 21:18:17 INFO Utils: Successfully started service 'org.apache.spark.network.netty.NettyBlockTransferService' on port 38409.
[2025-05-05T21:18:17.657+0000] {spark_submit.py:490} INFO - 25/05/05 21:18:17 INFO NettyBlockTransferService: Server created on b431f09a1fa6:38409
[2025-05-05T21:18:17.659+0000] {spark_submit.py:490} INFO - 25/05/05 21:18:17 INFO BlockManager: Using org.apache.spark.storage.RandomBlockReplicationPolicy for block replication policy
[2025-05-05T21:18:17.667+0000] {spark_submit.py:490} INFO - 25/05/05 21:18:17 INFO BlockManagerMaster: Registering BlockManager BlockManagerId(driver, b431f09a1fa6, 38409, None)
[2025-05-05T21:18:17.670+0000] {spark_submit.py:490} INFO - 25/05/05 21:18:17 INFO BlockManagerMasterEndpoint: Registering block manager b431f09a1fa6:38409 with 434.4 MiB RAM, BlockManagerId(driver, b431f09a1fa6, 38409, None)
[2025-05-05T21:18:17.675+0000] {spark_submit.py:490} INFO - 25/05/05 21:18:17 INFO BlockManagerMaster: Registered BlockManager BlockManagerId(driver, b431f09a1fa6, 38409, None)
[2025-05-05T21:18:17.676+0000] {spark_submit.py:490} INFO - 25/05/05 21:18:17 INFO BlockManager: Initialized BlockManager: BlockManagerId(driver, b431f09a1fa6, 38409, None)
[2025-05-05T21:18:17.685+0000] {spark_submit.py:490} INFO - 25/05/05 21:18:17 INFO StandaloneAppClient$ClientEndpoint: Executor updated: app-20250505211817-0011/0 is now RUNNING
[2025-05-05T21:18:17.883+0000] {spark_submit.py:490} INFO - 25/05/05 21:18:17 INFO StandaloneSchedulerBackend: SchedulerBackend is ready for scheduling beginning after reached minRegisteredResourcesRatio: 0.0
[2025-05-05T21:18:18.041+0000] {spark_submit.py:490} INFO - Traceback (most recent call last):
[2025-05-05T21:18:18.042+0000] {spark_submit.py:490} INFO - File "/opt/airflow/dags/silver_to_gold.py", line 72, in <module>
[2025-05-05T21:18:18.042+0000] {spark_submit.py:490} INFO - main()
[2025-05-05T21:18:18.042+0000] {spark_submit.py:490} INFO - File "/opt/airflow/dags/silver_to_gold.py", line 65, in main
[2025-05-05T21:18:18.042+0000] {spark_submit.py:490} INFO - ensure_directories_exist(gold_dir)
[2025-05-05T21:18:18.042+0000] {spark_submit.py:490} INFO - NameError: name 'ensure_directories_exist' is not defined
[2025-05-05T21:18:18.072+0000] {spark_submit.py:490} INFO - 25/05/05 21:18:18 INFO SparkContext: Invoking stop() from shutdown hook
[2025-05-05T21:18:18.082+0000] {spark_submit.py:490} INFO - 25/05/05 21:18:18 INFO SparkUI: Stopped Spark web UI at http://b431f09a1fa6:4040
[2025-05-05T21:18:18.087+0000] {spark_submit.py:490} INFO - 25/05/05 21:18:18 INFO StandaloneSchedulerBackend: Shutting down all executors
[2025-05-05T21:18:18.089+0000] {spark_submit.py:490} INFO - 25/05/05 21:18:18 INFO CoarseGrainedSchedulerBackend$DriverEndpoint: Asking each executor to shut down
[2025-05-05T21:18:18.108+0000] {spark_submit.py:490} INFO - 25/05/05 21:18:18 INFO MapOutputTrackerMasterEndpoint: MapOutputTrackerMasterEndpoint stopped!
[2025-05-05T21:18:18.123+0000] {spark_submit.py:490} INFO - 25/05/05 21:18:18 INFO MemoryStore: MemoryStore cleared
[2025-05-05T21:18:18.124+0000] {spark_submit.py:490} INFO - 25/05/05 21:18:18 INFO BlockManager: BlockManager stopped
[2025-05-05T21:18:18.130+0000] {spark_submit.py:490} INFO - 25/05/05 21:18:18 INFO BlockManagerMaster: BlockManagerMaster stopped
[2025-05-05T21:18:18.132+0000] {spark_submit.py:490} INFO - 25/05/05 21:18:18 INFO OutputCommitCoordinator$OutputCommitCoordinatorEndpoint: OutputCommitCoordinator stopped!
[2025-05-05T21:18:18.145+0000] {spark_submit.py:490} INFO - 25/05/05 21:18:18 INFO SparkContext: Successfully stopped SparkContext
[2025-05-05T21:18:18.145+0000] {spark_submit.py:490} INFO - 25/05/05 21:18:18 INFO ShutdownHookManager: Shutdown hook called
[2025-05-05T21:18:18.146+0000] {spark_submit.py:490} INFO - 25/05/05 21:18:18 INFO ShutdownHookManager: Deleting directory /tmp/spark-94b4ab23-3a7b-478d-adc2-bd8ab5deed42/pyspark-33dca9cc-b53d-473c-b61a-aba149ee8388
[2025-05-05T21:18:18.150+0000] {spark_submit.py:490} INFO - 25/05/05 21:18:18 INFO ShutdownHookManager: Deleting directory /tmp/spark-94b4ab23-3a7b-478d-adc2-bd8ab5deed42
[2025-05-05T21:18:18.153+0000] {spark_submit.py:490} INFO - 25/05/05 21:18:18 INFO ShutdownHookManager: Deleting directory /tmp/spark-ec4bbc80-ce07-4fd9-906b-7df7908477b5
[2025-05-05T21:18:18.201+0000] {taskinstance.py:1824} ERROR - Task failed with exception
Traceback (most recent call last):
  File "/home/airflow/.local/lib/python3.7/site-packages/airflow/providers/apache/spark/operators/spark_submit.py", line 157, in execute
    self._hook.submit(self._application)
  File "/home/airflow/.local/lib/python3.7/site-packages/airflow/providers/apache/spark/hooks/spark_submit.py", line 422, in submit
    f"Cannot execute: {self._mask_cmd(spark_submit_cmd)}. Error code is: {returncode}."
airflow.exceptions.AirflowException: Cannot execute: spark-submit --master spark://spark-master:7077 --conf spark.master=spark://spark-master:7077 --name SilverToGold --verbose --queue root.default /opt/airflow/dags/silver_to_gold.py. Error code is: 1.
[2025-05-05T21:18:18.212+0000] {taskinstance.py:1350} INFO - Marking task as FAILED. dag_id=final_project_BBDL, task_id=SilverToGold, execution_date=20250505T211709, start_date=20250505T211813, end_date=20250505T211818
[2025-05-05T21:18:18.255+0000] {standard_task_runner.py:109} ERROR - Failed to execute job 14 for task SilverToGold (Cannot execute: spark-submit --master spark://spark-master:7077 --conf spark.master=spark://spark-master:7077 --name SilverToGold --verbose --queue root.default /opt/airflow/dags/silver_to_gold.py. Error code is: 1.; 3945)
[2025-05-05T21:18:18.261+0000] {local_task_job_runner.py:225} INFO - Task exited with return code 1
[2025-05-05T21:18:18.278+0000] {taskinstance.py:2653} INFO - 0 downstream tasks scheduled from follow-on schedule check
