[2025-05-06T10:32:53.245+0000] {taskinstance.py:1103} INFO - Dependencies all met for dep_context=non-requeueable deps ti=<TaskInstance: final_project_BBDL.SilverToGold manual__2025-05-06T10:31:31.572161+00:00 [queued]>
[2025-05-06T10:32:53.255+0000] {taskinstance.py:1103} INFO - Dependencies all met for dep_context=requeueable deps ti=<TaskInstance: final_project_BBDL.SilverToGold manual__2025-05-06T10:31:31.572161+00:00 [queued]>
[2025-05-06T10:32:53.255+0000] {taskinstance.py:1308} INFO - Starting attempt 1 of 1
[2025-05-06T10:32:53.292+0000] {taskinstance.py:1327} INFO - Executing <Task(SparkSubmitOperator): SilverToGold> on 2025-05-06 10:31:31.572161+00:00
[2025-05-06T10:32:53.296+0000] {standard_task_runner.py:57} INFO - Started process 22058 to run task
[2025-05-06T10:32:53.299+0000] {standard_task_runner.py:84} INFO - Running: ['airflow', 'tasks', 'run', 'final_project_BBDL', 'SilverToGold', 'manual__2025-05-06T10:31:31.572161+00:00', '--job-id', '59', '--raw', '--subdir', 'DAGS_FOLDER/project_solution.py', '--cfg-path', '/tmp/tmpo0mmns2c']
[2025-05-06T10:32:53.301+0000] {standard_task_runner.py:85} INFO - Job 59: Subtask SilverToGold
[2025-05-06T10:32:53.348+0000] {logging_mixin.py:150} WARNING - /home/airflow/.local/lib/python3.7/site-packages/airflow/settings.py:195 DeprecationWarning: The sql_alchemy_conn option in [core] has been moved to the sql_alchemy_conn option in [database] - the old setting has been used, but please update your config.
[2025-05-06T10:32:53.388+0000] {task_command.py:410} INFO - Running <TaskInstance: final_project_BBDL.SilverToGold manual__2025-05-06T10:31:31.572161+00:00 [running]> on host b431f09a1fa6
[2025-05-06T10:32:53.519+0000] {taskinstance.py:1547} INFO - Exporting env vars: AIRFLOW_CTX_DAG_OWNER='airflow' AIRFLOW_CTX_DAG_ID='final_project_BBDL' AIRFLOW_CTX_TASK_ID='SilverToGold' AIRFLOW_CTX_EXECUTION_DATE='2025-05-06T10:31:31.572161+00:00' AIRFLOW_CTX_TRY_NUMBER='1' AIRFLOW_CTX_DAG_RUN_ID='manual__2025-05-06T10:31:31.572161+00:00'
[2025-05-06T10:32:53.531+0000] {base.py:73} INFO - Using connection ID 'spark_default' for task execution.
[2025-05-06T10:32:53.533+0000] {spark_submit.py:339} INFO - Spark-Submit cmd: spark-submit --master spark://spark-master:7077 --conf spark.master=spark://spark-master:7077 --conf spark.submit.deployMode=client --conf spark.pyspark.python=/usr/bin/python3 --conf spark.executorEnv.PYSPARK_PYTHON=/usr/bin/python3 --name SilverToGold --verbose --queue root.default /opt/airflow/dags/silver_to_gold.py
[2025-05-06T10:32:55.151+0000] {spark_submit.py:490} INFO - Using properties file: null
[2025-05-06T10:32:55.252+0000] {spark_submit.py:490} INFO - Parsed arguments:
[2025-05-06T10:32:55.252+0000] {spark_submit.py:490} INFO - master                  spark://spark-master:7077
[2025-05-06T10:32:55.252+0000] {spark_submit.py:490} INFO - deployMode              client
[2025-05-06T10:32:55.252+0000] {spark_submit.py:490} INFO - executorMemory          null
[2025-05-06T10:32:55.252+0000] {spark_submit.py:490} INFO - executorCores           null
[2025-05-06T10:32:55.253+0000] {spark_submit.py:490} INFO - totalExecutorCores      null
[2025-05-06T10:32:55.253+0000] {spark_submit.py:490} INFO - propertiesFile          null
[2025-05-06T10:32:55.253+0000] {spark_submit.py:490} INFO - driverMemory            null
[2025-05-06T10:32:55.253+0000] {spark_submit.py:490} INFO - driverCores             null
[2025-05-06T10:32:55.253+0000] {spark_submit.py:490} INFO - driverExtraClassPath    null
[2025-05-06T10:32:55.253+0000] {spark_submit.py:490} INFO - driverExtraLibraryPath  null
[2025-05-06T10:32:55.253+0000] {spark_submit.py:490} INFO - driverExtraJavaOptions  null
[2025-05-06T10:32:55.253+0000] {spark_submit.py:490} INFO - supervise               false
[2025-05-06T10:32:55.253+0000] {spark_submit.py:490} INFO - queue                   root.default
[2025-05-06T10:32:55.253+0000] {spark_submit.py:490} INFO - numExecutors            null
[2025-05-06T10:32:55.253+0000] {spark_submit.py:490} INFO - files                   null
[2025-05-06T10:32:55.253+0000] {spark_submit.py:490} INFO - pyFiles                 null
[2025-05-06T10:32:55.253+0000] {spark_submit.py:490} INFO - archives                null
[2025-05-06T10:32:55.253+0000] {spark_submit.py:490} INFO - mainClass               null
[2025-05-06T10:32:55.253+0000] {spark_submit.py:490} INFO - primaryResource         file:/opt/airflow/dags/silver_to_gold.py
[2025-05-06T10:32:55.254+0000] {spark_submit.py:490} INFO - name                    SilverToGold
[2025-05-06T10:32:55.254+0000] {spark_submit.py:490} INFO - childArgs               []
[2025-05-06T10:32:55.254+0000] {spark_submit.py:490} INFO - jars                    null
[2025-05-06T10:32:55.254+0000] {spark_submit.py:490} INFO - packages                null
[2025-05-06T10:32:55.254+0000] {spark_submit.py:490} INFO - packagesExclusions      null
[2025-05-06T10:32:55.254+0000] {spark_submit.py:490} INFO - repositories            null
[2025-05-06T10:32:55.254+0000] {spark_submit.py:490} INFO - verbose                 true
[2025-05-06T10:32:55.254+0000] {spark_submit.py:490} INFO - 
[2025-05-06T10:32:55.254+0000] {spark_submit.py:490} INFO - Spark properties used, including those specified through
[2025-05-06T10:32:55.254+0000] {spark_submit.py:490} INFO - --conf and those from the properties file null:
[2025-05-06T10:32:55.254+0000] {spark_submit.py:490} INFO - (spark.executorEnv.PYSPARK_PYTHON,/usr/bin/python3)
[2025-05-06T10:32:55.254+0000] {spark_submit.py:490} INFO - (spark.master,spark://spark-master:7077)
[2025-05-06T10:32:55.254+0000] {spark_submit.py:490} INFO - (spark.pyspark.python,/usr/bin/python3)
[2025-05-06T10:32:55.254+0000] {spark_submit.py:490} INFO - (spark.submit.deployMode,client)
[2025-05-06T10:32:55.254+0000] {spark_submit.py:490} INFO - 
[2025-05-06T10:32:55.254+0000] {spark_submit.py:490} INFO - 
[2025-05-06T10:32:55.528+0000] {spark_submit.py:490} INFO - Main class:
[2025-05-06T10:32:55.529+0000] {spark_submit.py:490} INFO - org.apache.spark.deploy.PythonRunner
[2025-05-06T10:32:55.529+0000] {spark_submit.py:490} INFO - Arguments:
[2025-05-06T10:32:55.529+0000] {spark_submit.py:490} INFO - file:/opt/airflow/dags/silver_to_gold.py
[2025-05-06T10:32:55.529+0000] {spark_submit.py:490} INFO - null
[2025-05-06T10:32:55.531+0000] {spark_submit.py:490} INFO - Spark config:
[2025-05-06T10:32:55.531+0000] {spark_submit.py:490} INFO - (spark.app.name,SilverToGold)
[2025-05-06T10:32:55.531+0000] {spark_submit.py:490} INFO - (spark.app.submitTime,1746527575514)
[2025-05-06T10:32:55.531+0000] {spark_submit.py:490} INFO - (spark.executorEnv.PYSPARK_PYTHON,/usr/bin/python3)
[2025-05-06T10:32:55.531+0000] {spark_submit.py:490} INFO - (spark.master,spark://spark-master:7077)
[2025-05-06T10:32:55.531+0000] {spark_submit.py:490} INFO - (spark.pyspark.python,/usr/bin/python3)
[2025-05-06T10:32:55.531+0000] {spark_submit.py:490} INFO - (spark.submit.deployMode,client)
[2025-05-06T10:32:55.531+0000] {spark_submit.py:490} INFO - (spark.submit.pyFiles,)
[2025-05-06T10:32:55.532+0000] {spark_submit.py:490} INFO - Classpath elements:
[2025-05-06T10:32:55.532+0000] {spark_submit.py:490} INFO - 
[2025-05-06T10:32:55.532+0000] {spark_submit.py:490} INFO - 
[2025-05-06T10:32:55.532+0000] {spark_submit.py:490} INFO - 
[2025-05-06T10:32:55.985+0000] {spark_submit.py:490} INFO - 25/05/06 10:32:55 INFO SparkContext: Running Spark version 3.3.0
[2025-05-06T10:32:56.047+0000] {spark_submit.py:490} INFO - 25/05/06 10:32:56 WARN NativeCodeLoader: Unable to load native-hadoop library for your platform... using builtin-java classes where applicable
[2025-05-06T10:32:56.175+0000] {spark_submit.py:490} INFO - 25/05/06 10:32:56 INFO ResourceUtils: ==============================================================
[2025-05-06T10:32:56.175+0000] {spark_submit.py:490} INFO - 25/05/06 10:32:56 INFO ResourceUtils: No custom resources configured for spark.driver.
[2025-05-06T10:32:56.175+0000] {spark_submit.py:490} INFO - 25/05/06 10:32:56 INFO ResourceUtils: ==============================================================
[2025-05-06T10:32:56.176+0000] {spark_submit.py:490} INFO - 25/05/06 10:32:56 INFO SparkContext: Submitted application: SilverToGold
[2025-05-06T10:32:56.199+0000] {spark_submit.py:490} INFO - 25/05/06 10:32:56 INFO ResourceProfile: Default ResourceProfile created, executor resources: Map(cores -> name: cores, amount: 1, script: , vendor: , memory -> name: memory, amount: 1024, script: , vendor: , offHeap -> name: offHeap, amount: 0, script: , vendor: ), task resources: Map(cpus -> name: cpus, amount: 1.0)
[2025-05-06T10:32:56.210+0000] {spark_submit.py:490} INFO - 25/05/06 10:32:56 INFO ResourceProfile: Limiting resource is cpu
[2025-05-06T10:32:56.211+0000] {spark_submit.py:490} INFO - 25/05/06 10:32:56 INFO ResourceProfileManager: Added ResourceProfile id: 0
[2025-05-06T10:32:56.259+0000] {spark_submit.py:490} INFO - 25/05/06 10:32:56 INFO SecurityManager: Changing view acls to: root
[2025-05-06T10:32:56.260+0000] {spark_submit.py:490} INFO - 25/05/06 10:32:56 INFO SecurityManager: Changing modify acls to: root
[2025-05-06T10:32:56.260+0000] {spark_submit.py:490} INFO - 25/05/06 10:32:56 INFO SecurityManager: Changing view acls groups to:
[2025-05-06T10:32:56.260+0000] {spark_submit.py:490} INFO - 25/05/06 10:32:56 INFO SecurityManager: Changing modify acls groups to:
[2025-05-06T10:32:56.261+0000] {spark_submit.py:490} INFO - 25/05/06 10:32:56 INFO SecurityManager: SecurityManager: authentication disabled; ui acls disabled; users  with view permissions: Set(root); groups with view permissions: Set(); users  with modify permissions: Set(root); groups with modify permissions: Set()
[2025-05-06T10:32:56.518+0000] {spark_submit.py:490} INFO - 25/05/06 10:32:56 INFO Utils: Successfully started service 'sparkDriver' on port 42091.
[2025-05-06T10:32:56.546+0000] {spark_submit.py:490} INFO - 25/05/06 10:32:56 INFO SparkEnv: Registering MapOutputTracker
[2025-05-06T10:32:56.577+0000] {spark_submit.py:490} INFO - 25/05/06 10:32:56 INFO SparkEnv: Registering BlockManagerMaster
[2025-05-06T10:32:56.597+0000] {spark_submit.py:490} INFO - 25/05/06 10:32:56 INFO BlockManagerMasterEndpoint: Using org.apache.spark.storage.DefaultTopologyMapper for getting topology information
[2025-05-06T10:32:56.598+0000] {spark_submit.py:490} INFO - 25/05/06 10:32:56 INFO BlockManagerMasterEndpoint: BlockManagerMasterEndpoint up
[2025-05-06T10:32:56.603+0000] {spark_submit.py:490} INFO - 25/05/06 10:32:56 INFO SparkEnv: Registering BlockManagerMasterHeartbeat
[2025-05-06T10:32:56.622+0000] {spark_submit.py:490} INFO - 25/05/06 10:32:56 INFO DiskBlockManager: Created local directory at /tmp/blockmgr-ed89f101-9e79-4615-8548-eadb649b2efb
[2025-05-06T10:32:56.640+0000] {spark_submit.py:490} INFO - 25/05/06 10:32:56 INFO MemoryStore: MemoryStore started with capacity 434.4 MiB
[2025-05-06T10:32:56.655+0000] {spark_submit.py:490} INFO - 25/05/06 10:32:56 INFO SparkEnv: Registering OutputCommitCoordinator
[2025-05-06T10:32:56.852+0000] {spark_submit.py:490} INFO - 25/05/06 10:32:56 INFO Utils: Successfully started service 'SparkUI' on port 4040.
[2025-05-06T10:32:56.963+0000] {spark_submit.py:490} INFO - 25/05/06 10:32:56 INFO StandaloneAppClient$ClientEndpoint: Connecting to master spark://spark-master:7077...
[2025-05-06T10:32:57.007+0000] {spark_submit.py:490} INFO - 25/05/06 10:32:57 INFO TransportClientFactory: Successfully created connection to spark-master/172.18.0.3:7077 after 26 ms (0 ms spent in bootstraps)
[2025-05-06T10:32:57.087+0000] {spark_submit.py:490} INFO - 25/05/06 10:32:57 INFO StandaloneSchedulerBackend: Connected to Spark cluster with app ID app-20250506103257-0051
[2025-05-06T10:32:57.088+0000] {spark_submit.py:490} INFO - 25/05/06 10:32:57 INFO StandaloneAppClient$ClientEndpoint: Executor added: app-20250506103257-0051/0 on worker-20250505201940-172.18.0.6-38439 (172.18.0.6:38439) with 2 core(s)
[2025-05-06T10:32:57.090+0000] {spark_submit.py:490} INFO - 25/05/06 10:32:57 INFO StandaloneSchedulerBackend: Granted executor ID app-20250506103257-0051/0 on hostPort 172.18.0.6:38439 with 2 core(s), 1024.0 MiB RAM
[2025-05-06T10:32:57.100+0000] {spark_submit.py:490} INFO - 25/05/06 10:32:57 INFO Utils: Successfully started service 'org.apache.spark.network.netty.NettyBlockTransferService' on port 41519.
[2025-05-06T10:32:57.100+0000] {spark_submit.py:490} INFO - 25/05/06 10:32:57 INFO NettyBlockTransferService: Server created on b431f09a1fa6:41519
[2025-05-06T10:32:57.102+0000] {spark_submit.py:490} INFO - 25/05/06 10:32:57 INFO BlockManager: Using org.apache.spark.storage.RandomBlockReplicationPolicy for block replication policy
[2025-05-06T10:32:57.112+0000] {spark_submit.py:490} INFO - 25/05/06 10:32:57 INFO BlockManagerMaster: Registering BlockManager BlockManagerId(driver, b431f09a1fa6, 41519, None)
[2025-05-06T10:32:57.117+0000] {spark_submit.py:490} INFO - 25/05/06 10:32:57 INFO BlockManagerMasterEndpoint: Registering block manager b431f09a1fa6:41519 with 434.4 MiB RAM, BlockManagerId(driver, b431f09a1fa6, 41519, None)
[2025-05-06T10:32:57.118+0000] {spark_submit.py:490} INFO - 25/05/06 10:32:57 INFO StandaloneAppClient$ClientEndpoint: Executor updated: app-20250506103257-0051/0 is now RUNNING
[2025-05-06T10:32:57.120+0000] {spark_submit.py:490} INFO - 25/05/06 10:32:57 INFO BlockManagerMaster: Registered BlockManager BlockManagerId(driver, b431f09a1fa6, 41519, None)
[2025-05-06T10:32:57.122+0000] {spark_submit.py:490} INFO - 25/05/06 10:32:57 INFO BlockManager: Initialized BlockManager: BlockManagerId(driver, b431f09a1fa6, 41519, None)
[2025-05-06T10:32:57.323+0000] {spark_submit.py:490} INFO - 25/05/06 10:32:57 INFO StandaloneSchedulerBackend: SchedulerBackend is ready for scheduling beginning after reached minRegisteredResourcesRatio: 0.0
[2025-05-06T10:32:57.483+0000] {spark_submit.py:490} INFO - 2025-05-06 10:32:57,483 [INFO] 📁 Очікуваний шлях до silver athlete_event_results: /tmp/spark_data/silver/athlete_event_results/20250506
[2025-05-06T10:32:57.484+0000] {spark_submit.py:490} INFO - Traceback (most recent call last):
[2025-05-06T10:32:57.484+0000] {spark_submit.py:490} INFO - File "/opt/airflow/dags/silver_to_gold.py", line 81, in <module>
[2025-05-06T10:32:57.484+0000] {spark_submit.py:490} INFO - main()
[2025-05-06T10:32:57.484+0000] {spark_submit.py:490} INFO - File "/opt/airflow/dags/silver_to_gold.py", line 75, in main
[2025-05-06T10:32:57.484+0000] {spark_submit.py:490} INFO - process_to_gold(spark, silver_dir, gold_dir)
[2025-05-06T10:32:57.485+0000] {spark_submit.py:490} INFO - File "/opt/airflow/dags/silver_to_gold.py", line 33, in process_to_gold
[2025-05-06T10:32:57.485+0000] {spark_submit.py:490} INFO - if not os.path.exists(silver_events_path) or not os.path.exists(silver_athletes_path):
[2025-05-06T10:32:57.485+0000] {spark_submit.py:490} INFO - NameError: name 'silver_athletes_path' is not defined
[2025-05-06T10:32:57.519+0000] {spark_submit.py:490} INFO - 25/05/06 10:32:57 INFO SparkContext: Invoking stop() from shutdown hook
[2025-05-06T10:32:57.529+0000] {spark_submit.py:490} INFO - 25/05/06 10:32:57 INFO SparkUI: Stopped Spark web UI at http://b431f09a1fa6:4040
[2025-05-06T10:32:57.534+0000] {spark_submit.py:490} INFO - 25/05/06 10:32:57 INFO StandaloneSchedulerBackend: Shutting down all executors
[2025-05-06T10:32:57.537+0000] {spark_submit.py:490} INFO - 25/05/06 10:32:57 INFO CoarseGrainedSchedulerBackend$DriverEndpoint: Asking each executor to shut down
[2025-05-06T10:32:57.558+0000] {spark_submit.py:490} INFO - 25/05/06 10:32:57 INFO MapOutputTrackerMasterEndpoint: MapOutputTrackerMasterEndpoint stopped!
[2025-05-06T10:32:57.575+0000] {spark_submit.py:490} INFO - 25/05/06 10:32:57 INFO MemoryStore: MemoryStore cleared
[2025-05-06T10:32:57.576+0000] {spark_submit.py:490} INFO - 25/05/06 10:32:57 INFO BlockManager: BlockManager stopped
[2025-05-06T10:32:57.585+0000] {spark_submit.py:490} INFO - 25/05/06 10:32:57 INFO BlockManagerMaster: BlockManagerMaster stopped
[2025-05-06T10:32:57.588+0000] {spark_submit.py:490} INFO - 25/05/06 10:32:57 INFO OutputCommitCoordinator$OutputCommitCoordinatorEndpoint: OutputCommitCoordinator stopped!
[2025-05-06T10:32:57.600+0000] {spark_submit.py:490} INFO - 25/05/06 10:32:57 INFO SparkContext: Successfully stopped SparkContext
[2025-05-06T10:32:57.600+0000] {spark_submit.py:490} INFO - 25/05/06 10:32:57 INFO ShutdownHookManager: Shutdown hook called
[2025-05-06T10:32:57.602+0000] {spark_submit.py:490} INFO - 25/05/06 10:32:57 INFO ShutdownHookManager: Deleting directory /tmp/spark-e9a5bc14-10b3-400c-b0ad-66e94a7d0180
[2025-05-06T10:32:57.606+0000] {spark_submit.py:490} INFO - 25/05/06 10:32:57 INFO ShutdownHookManager: Deleting directory /tmp/spark-78f80473-72a3-4208-a45d-93fc1111a776/pyspark-0a74461f-7c82-475e-bb48-061846882f50
[2025-05-06T10:32:57.610+0000] {spark_submit.py:490} INFO - 25/05/06 10:32:57 INFO ShutdownHookManager: Deleting directory /tmp/spark-78f80473-72a3-4208-a45d-93fc1111a776
[2025-05-06T10:32:57.644+0000] {taskinstance.py:1824} ERROR - Task failed with exception
Traceback (most recent call last):
  File "/home/airflow/.local/lib/python3.7/site-packages/airflow/providers/apache/spark/operators/spark_submit.py", line 157, in execute
    self._hook.submit(self._application)
  File "/home/airflow/.local/lib/python3.7/site-packages/airflow/providers/apache/spark/hooks/spark_submit.py", line 422, in submit
    f"Cannot execute: {self._mask_cmd(spark_submit_cmd)}. Error code is: {returncode}."
airflow.exceptions.AirflowException: Cannot execute: spark-submit --master spark://spark-master:7077 --conf spark.master=spark://spark-master:7077 --conf spark.submit.deployMode=client --conf spark.pyspark.python=/usr/bin/python3 --conf spark.executorEnv.PYSPARK_PYTHON=/usr/bin/python3 --name SilverToGold --verbose --queue root.default /opt/airflow/dags/silver_to_gold.py. Error code is: 1.
[2025-05-06T10:32:57.649+0000] {taskinstance.py:1350} INFO - Marking task as FAILED. dag_id=final_project_BBDL, task_id=SilverToGold, execution_date=20250506T103131, start_date=20250506T103253, end_date=20250506T103257
[2025-05-06T10:32:57.688+0000] {standard_task_runner.py:109} ERROR - Failed to execute job 59 for task SilverToGold (Cannot execute: spark-submit --master spark://spark-master:7077 --conf spark.master=spark://spark-master:7077 --conf spark.submit.deployMode=client --conf spark.pyspark.python=/usr/bin/python3 --conf spark.executorEnv.PYSPARK_PYTHON=/usr/bin/python3 --name SilverToGold --verbose --queue root.default /opt/airflow/dags/silver_to_gold.py. Error code is: 1.; 22058)
[2025-05-06T10:32:57.721+0000] {local_task_job_runner.py:225} INFO - Task exited with return code 1
[2025-05-06T10:32:57.739+0000] {taskinstance.py:2653} INFO - 0 downstream tasks scheduled from follow-on schedule check
