[2025-04-30T18:26:31.508+0000] {local_task_job_runner.py:120} INFO - ::group::Pre task execution logs
[2025-04-30T18:26:31.650+0000] {taskinstance.py:2076} INFO - Dependencies all met for dep_context=non-requeueable deps ti=<TaskInstance: final_project_BBDL.LandingToBronze manual__2025-04-30T18:26:29.549324+00:00 [queued]>
[2025-04-30T18:26:31.666+0000] {taskinstance.py:2076} INFO - Dependencies all met for dep_context=requeueable deps ti=<TaskInstance: final_project_BBDL.LandingToBronze manual__2025-04-30T18:26:29.549324+00:00 [queued]>
[2025-04-30T18:26:31.666+0000] {taskinstance.py:2306} INFO - Starting attempt 1 of 1
[2025-04-30T18:26:31.709+0000] {taskinstance.py:2330} INFO - Executing <Task(SparkSubmitOperator): LandingToBronze> on 2025-04-30 18:26:29.549324+00:00
[2025-04-30T18:26:31.715+0000] {standard_task_runner.py:63} INFO - Started process 1463 to run task
[2025-04-30T18:26:31.720+0000] {standard_task_runner.py:90} INFO - Running: ['airflow', 'tasks', 'run', 'final_project_BBDL', 'LandingToBronze', 'manual__2025-04-30T18:26:29.549324+00:00', '--job-id', '25', '--raw', '--subdir', 'DAGS_FOLDER/project_solution.py', '--cfg-path', '/tmp/tmp4rvoayrj']
[2025-04-30T18:26:31.722+0000] {standard_task_runner.py:91} INFO - Job 25: Subtask LandingToBronze
[2025-04-30T18:26:31.793+0000] {logging_mixin.py:188} WARNING - /home/airflow/.local/lib/python3.10/site-packages/airflow/settings.py:195 DeprecationWarning: The sql_alchemy_conn option in [core] has been moved to the sql_alchemy_conn option in [database] - the old setting has been used, but please update your config.
[2025-04-30T18:26:31.925+0000] {task_command.py:426} INFO - Running <TaskInstance: final_project_BBDL.LandingToBronze manual__2025-04-30T18:26:29.549324+00:00 [running]> on host 2ffb9d39fe3a
[2025-04-30T18:26:32.237+0000] {taskinstance.py:2648} INFO - Exporting env vars: AIRFLOW_CTX_DAG_OWNER='airflow' AIRFLOW_CTX_DAG_ID='final_project_BBDL' AIRFLOW_CTX_TASK_ID='LandingToBronze' AIRFLOW_CTX_EXECUTION_DATE='2025-04-30T18:26:29.549324+00:00' AIRFLOW_CTX_TRY_NUMBER='1' AIRFLOW_CTX_DAG_RUN_ID='manual__2025-04-30T18:26:29.549324+00:00'
[2025-04-30T18:26:32.239+0000] {taskinstance.py:430} INFO - ::endgroup::
[2025-04-30T18:26:32.375+0000] {base.py:84} INFO - Using connection ID 'spark_default' for task execution.
[2025-04-30T18:26:32.376+0000] {spark_submit.py:328} ERROR - Failed to decode base64 keytab: Invalid base64-encoded string: number of data characters (5) cannot be 1 more than a multiple of 4
[2025-04-30T18:26:32.377+0000] {spark_submit.py:305} INFO - Could not load connection string spark_default, defaulting to spark://spark-master:7077
[2025-04-30T18:26:32.378+0000] {spark_submit.py:474} INFO - Spark-Submit cmd: spark-submit --master spark://spark-master:7077 --conf spark.master=spark://spark-master:7077 --name LandingToBronze --verbose --queue root.default --deploy-mode client /opt/airflow/dags/landing_to_bronze.py
[2025-04-30T18:26:38.762+0000] {spark_submit.py:644} INFO - Using properties file: null
[2025-04-30T18:26:38.928+0000] {spark_submit.py:644} INFO - Parsed arguments:
[2025-04-30T18:26:38.929+0000] {spark_submit.py:644} INFO - master                  spark://spark-master:7077
[2025-04-30T18:26:38.929+0000] {spark_submit.py:644} INFO - remote                  null
[2025-04-30T18:26:38.929+0000] {spark_submit.py:644} INFO - deployMode              client
[2025-04-30T18:26:38.929+0000] {spark_submit.py:644} INFO - executorMemory          null
[2025-04-30T18:26:38.929+0000] {spark_submit.py:644} INFO - executorCores           null
[2025-04-30T18:26:38.929+0000] {spark_submit.py:644} INFO - totalExecutorCores      null
[2025-04-30T18:26:38.929+0000] {spark_submit.py:644} INFO - propertiesFile          null
[2025-04-30T18:26:38.929+0000] {spark_submit.py:644} INFO - driverMemory            null
[2025-04-30T18:26:38.929+0000] {spark_submit.py:644} INFO - driverCores             null
[2025-04-30T18:26:38.930+0000] {spark_submit.py:644} INFO - driverExtraClassPath    null
[2025-04-30T18:26:38.930+0000] {spark_submit.py:644} INFO - driverExtraLibraryPath  null
[2025-04-30T18:26:38.930+0000] {spark_submit.py:644} INFO - driverExtraJavaOptions  null
[2025-04-30T18:26:38.930+0000] {spark_submit.py:644} INFO - supervise               false
[2025-04-30T18:26:38.930+0000] {spark_submit.py:644} INFO - queue                   root.default
[2025-04-30T18:26:38.930+0000] {spark_submit.py:644} INFO - numExecutors            null
[2025-04-30T18:26:38.930+0000] {spark_submit.py:644} INFO - files                   null
[2025-04-30T18:26:38.930+0000] {spark_submit.py:644} INFO - pyFiles                 null
[2025-04-30T18:26:38.930+0000] {spark_submit.py:644} INFO - archives                null
[2025-04-30T18:26:38.930+0000] {spark_submit.py:644} INFO - mainClass               null
[2025-04-30T18:26:38.930+0000] {spark_submit.py:644} INFO - primaryResource         file:/opt/airflow/dags/landing_to_bronze.py
[2025-04-30T18:26:38.930+0000] {spark_submit.py:644} INFO - name                    LandingToBronze
[2025-04-30T18:26:38.931+0000] {spark_submit.py:644} INFO - childArgs               []
[2025-04-30T18:26:38.931+0000] {spark_submit.py:644} INFO - jars                    null
[2025-04-30T18:26:38.931+0000] {spark_submit.py:644} INFO - packages                null
[2025-04-30T18:26:38.931+0000] {spark_submit.py:644} INFO - packagesExclusions      null
[2025-04-30T18:26:38.931+0000] {spark_submit.py:644} INFO - repositories            null
[2025-04-30T18:26:38.932+0000] {spark_submit.py:644} INFO - verbose                 true
[2025-04-30T18:26:38.932+0000] {spark_submit.py:644} INFO - 
[2025-04-30T18:26:38.932+0000] {spark_submit.py:644} INFO - Spark properties used, including those specified through
[2025-04-30T18:26:38.932+0000] {spark_submit.py:644} INFO - --conf and those from the properties file null:
[2025-04-30T18:26:38.932+0000] {spark_submit.py:644} INFO - (spark.master,spark://spark-master:7077)
[2025-04-30T18:26:38.932+0000] {spark_submit.py:644} INFO - 
[2025-04-30T18:26:38.932+0000] {spark_submit.py:644} INFO - 
[2025-04-30T18:26:39.490+0000] {spark_submit.py:644} INFO - Main class:
[2025-04-30T18:26:39.491+0000] {spark_submit.py:644} INFO - org.apache.spark.deploy.PythonRunner
[2025-04-30T18:26:39.492+0000] {spark_submit.py:644} INFO - Arguments:
[2025-04-30T18:26:39.492+0000] {spark_submit.py:644} INFO - file:/opt/airflow/dags/landing_to_bronze.py
[2025-04-30T18:26:39.492+0000] {spark_submit.py:644} INFO - null
[2025-04-30T18:26:39.494+0000] {spark_submit.py:644} INFO - Spark config:
[2025-04-30T18:26:39.494+0000] {spark_submit.py:644} INFO - (spark.app.name,LandingToBronze)
[2025-04-30T18:26:39.494+0000] {spark_submit.py:644} INFO - (spark.app.submitTime,1746037599475)
[2025-04-30T18:26:39.494+0000] {spark_submit.py:644} INFO - (spark.master,spark://spark-master:7077)
[2025-04-30T18:26:39.494+0000] {spark_submit.py:644} INFO - (spark.submit.deployMode,client)
[2025-04-30T18:26:39.494+0000] {spark_submit.py:644} INFO - (spark.submit.pyFiles,)
[2025-04-30T18:26:39.494+0000] {spark_submit.py:644} INFO - Classpath elements:
[2025-04-30T18:26:39.495+0000] {spark_submit.py:644} INFO - 
[2025-04-30T18:26:39.495+0000] {spark_submit.py:644} INFO - 
[2025-04-30T18:26:39.495+0000] {spark_submit.py:644} INFO - 
[2025-04-30T18:26:41.931+0000] {spark_submit.py:644} INFO - 25/04/30 18:26:41 INFO SparkContext: Running Spark version 3.5.5
[2025-04-30T18:26:41.933+0000] {spark_submit.py:644} INFO - 25/04/30 18:26:41 INFO SparkContext: OS info Linux, 5.15.167.4-microsoft-standard-WSL2, amd64
[2025-04-30T18:26:41.934+0000] {spark_submit.py:644} INFO - 25/04/30 18:26:41 INFO SparkContext: Java version 17.0.14
[2025-04-30T18:26:42.338+0000] {spark_submit.py:644} INFO - 25/04/30 18:26:42 WARN NativeCodeLoader: Unable to load native-hadoop library for your platform... using builtin-java classes where applicable
[2025-04-30T18:26:42.910+0000] {spark_submit.py:644} INFO - 25/04/30 18:26:42 INFO ResourceUtils: ==============================================================
[2025-04-30T18:26:42.910+0000] {spark_submit.py:644} INFO - 25/04/30 18:26:42 INFO ResourceUtils: No custom resources configured for spark.driver.
[2025-04-30T18:26:42.910+0000] {spark_submit.py:644} INFO - 25/04/30 18:26:42 INFO ResourceUtils: ==============================================================
[2025-04-30T18:26:42.911+0000] {spark_submit.py:644} INFO - 25/04/30 18:26:42 INFO SparkContext: Submitted application: LandingToBronze
[2025-04-30T18:26:42.939+0000] {spark_submit.py:644} INFO - 25/04/30 18:26:42 INFO ResourceProfile: Default ResourceProfile created, executor resources: Map(memory -> name: memory, amount: 1024, script: , vendor: , offHeap -> name: offHeap, amount: 0, script: , vendor: ), task resources: Map(cpus -> name: cpus, amount: 1.0)
[2025-04-30T18:26:42.947+0000] {spark_submit.py:644} INFO - 25/04/30 18:26:42 INFO ResourceProfile: Limiting resource is cpu
[2025-04-30T18:26:42.947+0000] {spark_submit.py:644} INFO - 25/04/30 18:26:42 INFO ResourceProfileManager: Added ResourceProfile id: 0
[2025-04-30T18:26:43.060+0000] {spark_submit.py:644} INFO - 25/04/30 18:26:43 INFO SecurityManager: Changing view acls to: airflow
[2025-04-30T18:26:43.060+0000] {spark_submit.py:644} INFO - 25/04/30 18:26:43 INFO SecurityManager: Changing modify acls to: airflow
[2025-04-30T18:26:43.061+0000] {spark_submit.py:644} INFO - 25/04/30 18:26:43 INFO SecurityManager: Changing view acls groups to:
[2025-04-30T18:26:43.061+0000] {spark_submit.py:644} INFO - 25/04/30 18:26:43 INFO SecurityManager: Changing modify acls groups to:
[2025-04-30T18:26:43.062+0000] {spark_submit.py:644} INFO - 25/04/30 18:26:43 INFO SecurityManager: SecurityManager: authentication disabled; ui acls disabled; users with view permissions: airflow; groups with view permissions: EMPTY; users with modify permissions: airflow; groups with modify permissions: EMPTY
[2025-04-30T18:26:43.607+0000] {spark_submit.py:644} INFO - 25/04/30 18:26:43 INFO Utils: Successfully started service 'sparkDriver' on port 36993.
[2025-04-30T18:26:43.727+0000] {spark_submit.py:644} INFO - 25/04/30 18:26:43 INFO SparkEnv: Registering MapOutputTracker
[2025-04-30T18:26:43.783+0000] {spark_submit.py:644} INFO - 25/04/30 18:26:43 INFO SparkEnv: Registering BlockManagerMaster
[2025-04-30T18:26:43.819+0000] {spark_submit.py:644} INFO - 25/04/30 18:26:43 INFO BlockManagerMasterEndpoint: Using org.apache.spark.storage.DefaultTopologyMapper for getting topology information
[2025-04-30T18:26:43.819+0000] {spark_submit.py:644} INFO - 25/04/30 18:26:43 INFO BlockManagerMasterEndpoint: BlockManagerMasterEndpoint up
[2025-04-30T18:26:43.823+0000] {spark_submit.py:644} INFO - 25/04/30 18:26:43 INFO SparkEnv: Registering BlockManagerMasterHeartbeat
[2025-04-30T18:26:43.874+0000] {spark_submit.py:644} INFO - 25/04/30 18:26:43 INFO DiskBlockManager: Created local directory at /tmp/blockmgr-3fe6dc8a-e9da-4611-8f96-b7bf743511a2
[2025-04-30T18:26:43.895+0000] {spark_submit.py:644} INFO - 25/04/30 18:26:43 INFO MemoryStore: MemoryStore started with capacity 434.4 MiB
[2025-04-30T18:26:43.915+0000] {spark_submit.py:644} INFO - 25/04/30 18:26:43 INFO SparkEnv: Registering OutputCommitCoordinator
[2025-04-30T18:26:44.206+0000] {spark_submit.py:644} INFO - 25/04/30 18:26:44 INFO JettyUtils: Start Jetty 0.0.0.0:4040 for SparkUI
[2025-04-30T18:26:44.295+0000] {spark_submit.py:644} INFO - 25/04/30 18:26:44 INFO Utils: Successfully started service 'SparkUI' on port 4040.
[2025-04-30T18:26:44.479+0000] {spark_submit.py:644} INFO - 25/04/30 18:26:44 INFO StandaloneAppClient$ClientEndpoint: Connecting to master spark://spark-master:7077...
[2025-04-30T18:26:47.861+0000] {spark_submit.py:644} INFO - 25/04/30 18:26:47 WARN TransportClientFactory: DNS resolution failed for spark-master/<unresolved>:7077 took 3352 ms
[2025-04-30T18:26:47.914+0000] {spark_submit.py:644} INFO - 25/04/30 18:26:47 WARN StandaloneAppClient$ClientEndpoint: Failed to connect to master spark-master:7077
[2025-04-30T18:26:47.915+0000] {spark_submit.py:644} INFO - org.apache.spark.SparkException: Exception thrown in awaitResult:
[2025-04-30T18:26:47.915+0000] {spark_submit.py:644} INFO - at org.apache.spark.util.SparkThreadUtils$.awaitResult(SparkThreadUtils.scala:56)
[2025-04-30T18:26:47.916+0000] {spark_submit.py:644} INFO - at org.apache.spark.util.ThreadUtils$.awaitResult(ThreadUtils.scala:310)
[2025-04-30T18:26:47.916+0000] {spark_submit.py:644} INFO - at org.apache.spark.rpc.RpcTimeout.awaitResult(RpcTimeout.scala:75)
[2025-04-30T18:26:47.916+0000] {spark_submit.py:644} INFO - at org.apache.spark.rpc.RpcEnv.setupEndpointRefByURI(RpcEnv.scala:102)
[2025-04-30T18:26:47.916+0000] {spark_submit.py:644} INFO - at org.apache.spark.rpc.RpcEnv.setupEndpointRef(RpcEnv.scala:110)
[2025-04-30T18:26:47.917+0000] {spark_submit.py:644} INFO - at org.apache.spark.deploy.client.StandaloneAppClient$ClientEndpoint$$anon$1.run(StandaloneAppClient.scala:108)
[2025-04-30T18:26:47.917+0000] {spark_submit.py:644} INFO - at java.base/java.util.concurrent.Executors$RunnableAdapter.call(Executors.java:539)
[2025-04-30T18:26:47.917+0000] {spark_submit.py:644} INFO - at java.base/java.util.concurrent.FutureTask.run(FutureTask.java:264)
[2025-04-30T18:26:47.917+0000] {spark_submit.py:644} INFO - at java.base/java.util.concurrent.ThreadPoolExecutor.runWorker(ThreadPoolExecutor.java:1136)
[2025-04-30T18:26:47.917+0000] {spark_submit.py:644} INFO - at java.base/java.util.concurrent.ThreadPoolExecutor$Worker.run(ThreadPoolExecutor.java:635)
[2025-04-30T18:26:47.917+0000] {spark_submit.py:644} INFO - at java.base/java.lang.Thread.run(Thread.java:840)
[2025-04-30T18:26:47.918+0000] {spark_submit.py:644} INFO - Caused by: java.io.IOException: Failed to connect to spark-master/<unresolved>:7077
[2025-04-30T18:26:47.918+0000] {spark_submit.py:644} INFO - at org.apache.spark.network.client.TransportClientFactory.createClient(TransportClientFactory.java:294)
[2025-04-30T18:26:47.918+0000] {spark_submit.py:644} INFO - at org.apache.spark.network.client.TransportClientFactory.createClient(TransportClientFactory.java:214)
[2025-04-30T18:26:47.919+0000] {spark_submit.py:644} INFO - at org.apache.spark.network.client.TransportClientFactory.createClient(TransportClientFactory.java:226)
[2025-04-30T18:26:47.919+0000] {spark_submit.py:644} INFO - at org.apache.spark.rpc.netty.NettyRpcEnv.createClient(NettyRpcEnv.scala:204)
[2025-04-30T18:26:47.919+0000] {spark_submit.py:644} INFO - at org.apache.spark.rpc.netty.Outbox$$anon$1.call(Outbox.scala:202)
[2025-04-30T18:26:47.919+0000] {spark_submit.py:644} INFO - at org.apache.spark.rpc.netty.Outbox$$anon$1.call(Outbox.scala:198)
[2025-04-30T18:26:47.920+0000] {spark_submit.py:644} INFO - ... 4 more
[2025-04-30T18:26:47.920+0000] {spark_submit.py:644} INFO - Caused by: java.net.UnknownHostException: spark-master
[2025-04-30T18:26:47.920+0000] {spark_submit.py:644} INFO - at java.base/java.net.InetAddress$CachedAddresses.get(InetAddress.java:801)
[2025-04-30T18:26:47.921+0000] {spark_submit.py:644} INFO - at java.base/java.net.InetAddress.getAllByName0(InetAddress.java:1533)
[2025-04-30T18:26:47.921+0000] {spark_submit.py:644} INFO - at java.base/java.net.InetAddress.getAllByName(InetAddress.java:1385)
[2025-04-30T18:26:47.921+0000] {spark_submit.py:644} INFO - at java.base/java.net.InetAddress.getAllByName(InetAddress.java:1306)
[2025-04-30T18:26:47.921+0000] {spark_submit.py:644} INFO - at java.base/java.net.InetAddress.getByName(InetAddress.java:1256)
[2025-04-30T18:26:47.921+0000] {spark_submit.py:644} INFO - at io.netty.util.internal.SocketUtils$8.run(SocketUtils.java:156)
[2025-04-30T18:26:47.922+0000] {spark_submit.py:644} INFO - at io.netty.util.internal.SocketUtils$8.run(SocketUtils.java:153)
[2025-04-30T18:26:47.922+0000] {spark_submit.py:644} INFO - at java.base/java.security.AccessController.doPrivileged(AccessController.java:569)
[2025-04-30T18:26:47.922+0000] {spark_submit.py:644} INFO - at io.netty.util.internal.SocketUtils.addressByName(SocketUtils.java:153)
[2025-04-30T18:26:47.922+0000] {spark_submit.py:644} INFO - at io.netty.resolver.DefaultNameResolver.doResolve(DefaultNameResolver.java:41)
[2025-04-30T18:26:47.922+0000] {spark_submit.py:644} INFO - at io.netty.resolver.SimpleNameResolver.resolve(SimpleNameResolver.java:61)
[2025-04-30T18:26:47.922+0000] {spark_submit.py:644} INFO - at io.netty.resolver.SimpleNameResolver.resolve(SimpleNameResolver.java:53)
[2025-04-30T18:26:47.923+0000] {spark_submit.py:644} INFO - at io.netty.resolver.InetSocketAddressResolver.doResolve(InetSocketAddressResolver.java:55)
[2025-04-30T18:26:47.923+0000] {spark_submit.py:644} INFO - at io.netty.resolver.InetSocketAddressResolver.doResolve(InetSocketAddressResolver.java:31)
[2025-04-30T18:26:47.923+0000] {spark_submit.py:644} INFO - at io.netty.resolver.AbstractAddressResolver.resolve(AbstractAddressResolver.java:106)
[2025-04-30T18:26:47.923+0000] {spark_submit.py:644} INFO - at io.netty.bootstrap.Bootstrap.doResolveAndConnect0(Bootstrap.java:220)
[2025-04-30T18:26:47.923+0000] {spark_submit.py:644} INFO - at io.netty.bootstrap.Bootstrap.access$000(Bootstrap.java:46)
[2025-04-30T18:26:47.923+0000] {spark_submit.py:644} INFO - at io.netty.bootstrap.Bootstrap$1.operationComplete(Bootstrap.java:189)
[2025-04-30T18:26:47.924+0000] {spark_submit.py:644} INFO - at io.netty.bootstrap.Bootstrap$1.operationComplete(Bootstrap.java:175)
[2025-04-30T18:26:47.924+0000] {spark_submit.py:644} INFO - at io.netty.util.concurrent.DefaultPromise.notifyListener0(DefaultPromise.java:590)
[2025-04-30T18:26:47.924+0000] {spark_submit.py:644} INFO - at io.netty.util.concurrent.DefaultPromise.notifyListenersNow(DefaultPromise.java:557)
[2025-04-30T18:26:47.924+0000] {spark_submit.py:644} INFO - at io.netty.util.concurrent.DefaultPromise.notifyListeners(DefaultPromise.java:492)
[2025-04-30T18:26:47.924+0000] {spark_submit.py:644} INFO - at io.netty.util.concurrent.DefaultPromise.setValue0(DefaultPromise.java:636)
[2025-04-30T18:26:47.925+0000] {spark_submit.py:644} INFO - at io.netty.util.concurrent.DefaultPromise.setSuccess0(DefaultPromise.java:625)
[2025-04-30T18:26:47.925+0000] {spark_submit.py:644} INFO - at io.netty.util.concurrent.DefaultPromise.trySuccess(DefaultPromise.java:105)
[2025-04-30T18:26:47.925+0000] {spark_submit.py:644} INFO - at io.netty.channel.DefaultChannelPromise.trySuccess(DefaultChannelPromise.java:84)
[2025-04-30T18:26:47.925+0000] {spark_submit.py:644} INFO - at io.netty.channel.AbstractChannel$AbstractUnsafe.safeSetSuccess(AbstractChannel.java:990)
[2025-04-30T18:26:47.925+0000] {spark_submit.py:644} INFO - at io.netty.channel.AbstractChannel$AbstractUnsafe.register0(AbstractChannel.java:516)
[2025-04-30T18:26:47.926+0000] {spark_submit.py:644} INFO - at io.netty.channel.AbstractChannel$AbstractUnsafe.access$200(AbstractChannel.java:429)
[2025-04-30T18:26:47.926+0000] {spark_submit.py:644} INFO - at io.netty.channel.AbstractChannel$AbstractUnsafe$1.run(AbstractChannel.java:486)
[2025-04-30T18:26:47.926+0000] {spark_submit.py:644} INFO - at io.netty.util.concurrent.AbstractEventExecutor.runTask(AbstractEventExecutor.java:174)
[2025-04-30T18:26:47.926+0000] {spark_submit.py:644} INFO - at io.netty.util.concurrent.AbstractEventExecutor.safeExecute(AbstractEventExecutor.java:167)
[2025-04-30T18:26:47.926+0000] {spark_submit.py:644} INFO - at io.netty.util.concurrent.SingleThreadEventExecutor.runAllTasks(SingleThreadEventExecutor.java:470)
[2025-04-30T18:26:47.927+0000] {spark_submit.py:644} INFO - at io.netty.channel.nio.NioEventLoop.run(NioEventLoop.java:569)
[2025-04-30T18:26:47.927+0000] {spark_submit.py:644} INFO - at io.netty.util.concurrent.SingleThreadEventExecutor$4.run(SingleThreadEventExecutor.java:997)
[2025-04-30T18:26:47.927+0000] {spark_submit.py:644} INFO - at io.netty.util.internal.ThreadExecutorMap$2.run(ThreadExecutorMap.java:74)
[2025-04-30T18:26:47.927+0000] {spark_submit.py:644} INFO - at io.netty.util.concurrent.FastThreadLocalRunnable.run(FastThreadLocalRunnable.java:30)
[2025-04-30T18:26:47.927+0000] {spark_submit.py:644} INFO - ... 1 more
[2025-04-30T18:27:04.480+0000] {spark_submit.py:644} INFO - 25/04/30 18:27:04 INFO StandaloneAppClient$ClientEndpoint: Connecting to master spark://spark-master:7077...
[2025-04-30T18:27:07.790+0000] {spark_submit.py:644} INFO - 25/04/30 18:27:07 WARN TransportClientFactory: DNS resolution failed for spark-master/<unresolved>:7077 took 3308 ms
[2025-04-30T18:27:07.796+0000] {spark_submit.py:644} INFO - 25/04/30 18:27:07 WARN StandaloneAppClient$ClientEndpoint: Failed to connect to master spark-master:7077
[2025-04-30T18:27:07.796+0000] {spark_submit.py:644} INFO - org.apache.spark.SparkException: Exception thrown in awaitResult:
[2025-04-30T18:27:07.796+0000] {spark_submit.py:644} INFO - at org.apache.spark.util.SparkThreadUtils$.awaitResult(SparkThreadUtils.scala:56)
[2025-04-30T18:27:07.796+0000] {spark_submit.py:644} INFO - at org.apache.spark.util.ThreadUtils$.awaitResult(ThreadUtils.scala:310)
[2025-04-30T18:27:07.796+0000] {spark_submit.py:644} INFO - at org.apache.spark.rpc.RpcTimeout.awaitResult(RpcTimeout.scala:75)
[2025-04-30T18:27:07.796+0000] {spark_submit.py:644} INFO - at org.apache.spark.rpc.RpcEnv.setupEndpointRefByURI(RpcEnv.scala:102)
[2025-04-30T18:27:07.796+0000] {spark_submit.py:644} INFO - at org.apache.spark.rpc.RpcEnv.setupEndpointRef(RpcEnv.scala:110)
[2025-04-30T18:27:07.796+0000] {spark_submit.py:644} INFO - at org.apache.spark.deploy.client.StandaloneAppClient$ClientEndpoint$$anon$1.run(StandaloneAppClient.scala:108)
[2025-04-30T18:27:07.797+0000] {spark_submit.py:644} INFO - at java.base/java.util.concurrent.Executors$RunnableAdapter.call(Executors.java:539)
[2025-04-30T18:27:07.797+0000] {spark_submit.py:644} INFO - at java.base/java.util.concurrent.FutureTask.run(FutureTask.java:264)
[2025-04-30T18:27:07.797+0000] {spark_submit.py:644} INFO - at java.base/java.util.concurrent.ThreadPoolExecutor.runWorker(ThreadPoolExecutor.java:1136)
[2025-04-30T18:27:07.797+0000] {spark_submit.py:644} INFO - at java.base/java.util.concurrent.ThreadPoolExecutor$Worker.run(ThreadPoolExecutor.java:635)
[2025-04-30T18:27:07.797+0000] {spark_submit.py:644} INFO - at java.base/java.lang.Thread.run(Thread.java:840)
[2025-04-30T18:27:07.797+0000] {spark_submit.py:644} INFO - Caused by: java.io.IOException: Failed to connect to spark-master/<unresolved>:7077
[2025-04-30T18:27:07.797+0000] {spark_submit.py:644} INFO - at org.apache.spark.network.client.TransportClientFactory.createClient(TransportClientFactory.java:294)
[2025-04-30T18:27:07.797+0000] {spark_submit.py:644} INFO - at org.apache.spark.network.client.TransportClientFactory.createClient(TransportClientFactory.java:214)
[2025-04-30T18:27:07.797+0000] {spark_submit.py:644} INFO - at org.apache.spark.network.client.TransportClientFactory.createClient(TransportClientFactory.java:226)
[2025-04-30T18:27:07.797+0000] {spark_submit.py:644} INFO - at org.apache.spark.rpc.netty.NettyRpcEnv.createClient(NettyRpcEnv.scala:204)
[2025-04-30T18:27:07.797+0000] {spark_submit.py:644} INFO - at org.apache.spark.rpc.netty.Outbox$$anon$1.call(Outbox.scala:202)
[2025-04-30T18:27:07.798+0000] {spark_submit.py:644} INFO - at org.apache.spark.rpc.netty.Outbox$$anon$1.call(Outbox.scala:198)
[2025-04-30T18:27:07.798+0000] {spark_submit.py:644} INFO - ... 4 more
[2025-04-30T18:27:07.798+0000] {spark_submit.py:644} INFO - Caused by: java.net.UnknownHostException: spark-master
[2025-04-30T18:27:07.798+0000] {spark_submit.py:644} INFO - at java.base/java.net.InetAddress$CachedAddresses.get(InetAddress.java:801)
[2025-04-30T18:27:07.798+0000] {spark_submit.py:644} INFO - at java.base/java.net.InetAddress.getAllByName0(InetAddress.java:1533)
[2025-04-30T18:27:07.798+0000] {spark_submit.py:644} INFO - at java.base/java.net.InetAddress.getAllByName(InetAddress.java:1385)
[2025-04-30T18:27:07.799+0000] {spark_submit.py:644} INFO - at java.base/java.net.InetAddress.getAllByName(InetAddress.java:1306)
[2025-04-30T18:27:07.799+0000] {spark_submit.py:644} INFO - at java.base/java.net.InetAddress.getByName(InetAddress.java:1256)
[2025-04-30T18:27:07.799+0000] {spark_submit.py:644} INFO - at io.netty.util.internal.SocketUtils$8.run(SocketUtils.java:156)
[2025-04-30T18:27:07.799+0000] {spark_submit.py:644} INFO - at io.netty.util.internal.SocketUtils$8.run(SocketUtils.java:153)
[2025-04-30T18:27:07.799+0000] {spark_submit.py:644} INFO - at java.base/java.security.AccessController.doPrivileged(AccessController.java:569)
[2025-04-30T18:27:07.799+0000] {spark_submit.py:644} INFO - at io.netty.util.internal.SocketUtils.addressByName(SocketUtils.java:153)
[2025-04-30T18:27:07.799+0000] {spark_submit.py:644} INFO - at io.netty.resolver.DefaultNameResolver.doResolve(DefaultNameResolver.java:41)
[2025-04-30T18:27:07.799+0000] {spark_submit.py:644} INFO - at io.netty.resolver.SimpleNameResolver.resolve(SimpleNameResolver.java:61)
[2025-04-30T18:27:07.799+0000] {spark_submit.py:644} INFO - at io.netty.resolver.SimpleNameResolver.resolve(SimpleNameResolver.java:53)
[2025-04-30T18:27:07.800+0000] {spark_submit.py:644} INFO - at io.netty.resolver.InetSocketAddressResolver.doResolve(InetSocketAddressResolver.java:55)
[2025-04-30T18:27:07.800+0000] {spark_submit.py:644} INFO - at io.netty.resolver.InetSocketAddressResolver.doResolve(InetSocketAddressResolver.java:31)
[2025-04-30T18:27:07.800+0000] {spark_submit.py:644} INFO - at io.netty.resolver.AbstractAddressResolver.resolve(AbstractAddressResolver.java:106)
[2025-04-30T18:27:07.800+0000] {spark_submit.py:644} INFO - at io.netty.bootstrap.Bootstrap.doResolveAndConnect0(Bootstrap.java:220)
[2025-04-30T18:27:07.800+0000] {spark_submit.py:644} INFO - at io.netty.bootstrap.Bootstrap.access$000(Bootstrap.java:46)
[2025-04-30T18:27:07.800+0000] {spark_submit.py:644} INFO - at io.netty.bootstrap.Bootstrap$1.operationComplete(Bootstrap.java:189)
[2025-04-30T18:27:07.800+0000] {spark_submit.py:644} INFO - at io.netty.bootstrap.Bootstrap$1.operationComplete(Bootstrap.java:175)
[2025-04-30T18:27:07.800+0000] {spark_submit.py:644} INFO - at io.netty.util.concurrent.DefaultPromise.notifyListener0(DefaultPromise.java:590)
[2025-04-30T18:27:07.800+0000] {spark_submit.py:644} INFO - at io.netty.util.concurrent.DefaultPromise.notifyListenersNow(DefaultPromise.java:557)
[2025-04-30T18:27:07.801+0000] {spark_submit.py:644} INFO - at io.netty.util.concurrent.DefaultPromise.notifyListeners(DefaultPromise.java:492)
[2025-04-30T18:27:07.801+0000] {spark_submit.py:644} INFO - at io.netty.util.concurrent.DefaultPromise.setValue0(DefaultPromise.java:636)
[2025-04-30T18:27:07.801+0000] {spark_submit.py:644} INFO - at io.netty.util.concurrent.DefaultPromise.setSuccess0(DefaultPromise.java:625)
[2025-04-30T18:27:07.801+0000] {spark_submit.py:644} INFO - at io.netty.util.concurrent.DefaultPromise.trySuccess(DefaultPromise.java:105)
[2025-04-30T18:27:07.801+0000] {spark_submit.py:644} INFO - at io.netty.channel.DefaultChannelPromise.trySuccess(DefaultChannelPromise.java:84)
[2025-04-30T18:27:07.801+0000] {spark_submit.py:644} INFO - at io.netty.channel.AbstractChannel$AbstractUnsafe.safeSetSuccess(AbstractChannel.java:990)
[2025-04-30T18:27:07.801+0000] {spark_submit.py:644} INFO - at io.netty.channel.AbstractChannel$AbstractUnsafe.register0(AbstractChannel.java:516)
[2025-04-30T18:27:07.801+0000] {spark_submit.py:644} INFO - at io.netty.channel.AbstractChannel$AbstractUnsafe.access$200(AbstractChannel.java:429)
[2025-04-30T18:27:07.801+0000] {spark_submit.py:644} INFO - at io.netty.channel.AbstractChannel$AbstractUnsafe$1.run(AbstractChannel.java:486)
[2025-04-30T18:27:07.801+0000] {spark_submit.py:644} INFO - at io.netty.util.concurrent.AbstractEventExecutor.runTask(AbstractEventExecutor.java:174)
[2025-04-30T18:27:07.801+0000] {spark_submit.py:644} INFO - at io.netty.util.concurrent.AbstractEventExecutor.safeExecute(AbstractEventExecutor.java:167)
[2025-04-30T18:27:07.801+0000] {spark_submit.py:644} INFO - at io.netty.util.concurrent.SingleThreadEventExecutor.runAllTasks(SingleThreadEventExecutor.java:470)
[2025-04-30T18:27:07.802+0000] {spark_submit.py:644} INFO - at io.netty.channel.nio.NioEventLoop.run(NioEventLoop.java:569)
[2025-04-30T18:27:07.802+0000] {spark_submit.py:644} INFO - at io.netty.util.concurrent.SingleThreadEventExecutor$4.run(SingleThreadEventExecutor.java:997)
[2025-04-30T18:27:07.802+0000] {spark_submit.py:644} INFO - at io.netty.util.internal.ThreadExecutorMap$2.run(ThreadExecutorMap.java:74)
[2025-04-30T18:27:07.802+0000] {spark_submit.py:644} INFO - at io.netty.util.concurrent.FastThreadLocalRunnable.run(FastThreadLocalRunnable.java:30)
[2025-04-30T18:27:07.802+0000] {spark_submit.py:644} INFO - ... 1 more
[2025-04-30T18:27:24.479+0000] {spark_submit.py:644} INFO - 25/04/30 18:27:24 INFO StandaloneAppClient$ClientEndpoint: Connecting to master spark://spark-master:7077...
[2025-04-30T18:27:27.791+0000] {spark_submit.py:644} INFO - 25/04/30 18:27:27 WARN TransportClientFactory: DNS resolution failed for spark-master/<unresolved>:7077 took 3309 ms
[2025-04-30T18:27:27.798+0000] {spark_submit.py:644} INFO - 25/04/30 18:27:27 WARN StandaloneAppClient$ClientEndpoint: Failed to connect to master spark-master:7077
[2025-04-30T18:27:27.798+0000] {spark_submit.py:644} INFO - org.apache.spark.SparkException: Exception thrown in awaitResult:
[2025-04-30T18:27:27.798+0000] {spark_submit.py:644} INFO - at org.apache.spark.util.SparkThreadUtils$.awaitResult(SparkThreadUtils.scala:56)
[2025-04-30T18:27:27.799+0000] {spark_submit.py:644} INFO - at org.apache.spark.util.ThreadUtils$.awaitResult(ThreadUtils.scala:310)
[2025-04-30T18:27:27.799+0000] {spark_submit.py:644} INFO - at org.apache.spark.rpc.RpcTimeout.awaitResult(RpcTimeout.scala:75)
[2025-04-30T18:27:27.799+0000] {spark_submit.py:644} INFO - at org.apache.spark.rpc.RpcEnv.setupEndpointRefByURI(RpcEnv.scala:102)
[2025-04-30T18:27:27.799+0000] {spark_submit.py:644} INFO - at org.apache.spark.rpc.RpcEnv.setupEndpointRef(RpcEnv.scala:110)
[2025-04-30T18:27:27.799+0000] {spark_submit.py:644} INFO - at org.apache.spark.deploy.client.StandaloneAppClient$ClientEndpoint$$anon$1.run(StandaloneAppClient.scala:108)
[2025-04-30T18:27:27.799+0000] {spark_submit.py:644} INFO - at java.base/java.util.concurrent.Executors$RunnableAdapter.call(Executors.java:539)
[2025-04-30T18:27:27.800+0000] {spark_submit.py:644} INFO - at java.base/java.util.concurrent.FutureTask.run(FutureTask.java:264)
[2025-04-30T18:27:27.800+0000] {spark_submit.py:644} INFO - at java.base/java.util.concurrent.ThreadPoolExecutor.runWorker(ThreadPoolExecutor.java:1136)
[2025-04-30T18:27:27.800+0000] {spark_submit.py:644} INFO - at java.base/java.util.concurrent.ThreadPoolExecutor$Worker.run(ThreadPoolExecutor.java:635)
[2025-04-30T18:27:27.800+0000] {spark_submit.py:644} INFO - at java.base/java.lang.Thread.run(Thread.java:840)
[2025-04-30T18:27:27.800+0000] {spark_submit.py:644} INFO - Caused by: java.io.IOException: Failed to connect to spark-master/<unresolved>:7077
[2025-04-30T18:27:27.801+0000] {spark_submit.py:644} INFO - at org.apache.spark.network.client.TransportClientFactory.createClient(TransportClientFactory.java:294)
[2025-04-30T18:27:27.801+0000] {spark_submit.py:644} INFO - at org.apache.spark.network.client.TransportClientFactory.createClient(TransportClientFactory.java:214)
[2025-04-30T18:27:27.801+0000] {spark_submit.py:644} INFO - at org.apache.spark.network.client.TransportClientFactory.createClient(TransportClientFactory.java:226)
[2025-04-30T18:27:27.801+0000] {spark_submit.py:644} INFO - at org.apache.spark.rpc.netty.NettyRpcEnv.createClient(NettyRpcEnv.scala:204)
[2025-04-30T18:27:27.801+0000] {spark_submit.py:644} INFO - at org.apache.spark.rpc.netty.Outbox$$anon$1.call(Outbox.scala:202)
[2025-04-30T18:27:27.801+0000] {spark_submit.py:644} INFO - at org.apache.spark.rpc.netty.Outbox$$anon$1.call(Outbox.scala:198)
[2025-04-30T18:27:27.802+0000] {spark_submit.py:644} INFO - ... 4 more
[2025-04-30T18:27:27.802+0000] {spark_submit.py:644} INFO - Caused by: java.net.UnknownHostException: spark-master
[2025-04-30T18:27:27.802+0000] {spark_submit.py:644} INFO - at java.base/java.net.InetAddress$CachedAddresses.get(InetAddress.java:801)
[2025-04-30T18:27:27.802+0000] {spark_submit.py:644} INFO - at java.base/java.net.InetAddress.getAllByName0(InetAddress.java:1533)
[2025-04-30T18:27:27.802+0000] {spark_submit.py:644} INFO - at java.base/java.net.InetAddress.getAllByName(InetAddress.java:1385)
[2025-04-30T18:27:27.802+0000] {spark_submit.py:644} INFO - at java.base/java.net.InetAddress.getAllByName(InetAddress.java:1306)
[2025-04-30T18:27:27.802+0000] {spark_submit.py:644} INFO - at java.base/java.net.InetAddress.getByName(InetAddress.java:1256)
[2025-04-30T18:27:27.802+0000] {spark_submit.py:644} INFO - at io.netty.util.internal.SocketUtils$8.run(SocketUtils.java:156)
[2025-04-30T18:27:27.803+0000] {spark_submit.py:644} INFO - at io.netty.util.internal.SocketUtils$8.run(SocketUtils.java:153)
[2025-04-30T18:27:27.803+0000] {spark_submit.py:644} INFO - at java.base/java.security.AccessController.doPrivileged(AccessController.java:569)
[2025-04-30T18:27:27.803+0000] {spark_submit.py:644} INFO - at io.netty.util.internal.SocketUtils.addressByName(SocketUtils.java:153)
[2025-04-30T18:27:27.803+0000] {spark_submit.py:644} INFO - at io.netty.resolver.DefaultNameResolver.doResolve(DefaultNameResolver.java:41)
[2025-04-30T18:27:27.803+0000] {spark_submit.py:644} INFO - at io.netty.resolver.SimpleNameResolver.resolve(SimpleNameResolver.java:61)
[2025-04-30T18:27:27.804+0000] {spark_submit.py:644} INFO - at io.netty.resolver.SimpleNameResolver.resolve(SimpleNameResolver.java:53)
[2025-04-30T18:27:27.804+0000] {spark_submit.py:644} INFO - at io.netty.resolver.InetSocketAddressResolver.doResolve(InetSocketAddressResolver.java:55)
[2025-04-30T18:27:27.804+0000] {spark_submit.py:644} INFO - at io.netty.resolver.InetSocketAddressResolver.doResolve(InetSocketAddressResolver.java:31)
[2025-04-30T18:27:27.804+0000] {spark_submit.py:644} INFO - at io.netty.resolver.AbstractAddressResolver.resolve(AbstractAddressResolver.java:106)
[2025-04-30T18:27:27.804+0000] {spark_submit.py:644} INFO - at io.netty.bootstrap.Bootstrap.doResolveAndConnect0(Bootstrap.java:220)
[2025-04-30T18:27:27.804+0000] {spark_submit.py:644} INFO - at io.netty.bootstrap.Bootstrap.access$000(Bootstrap.java:46)
[2025-04-30T18:27:27.805+0000] {spark_submit.py:644} INFO - at io.netty.bootstrap.Bootstrap$1.operationComplete(Bootstrap.java:189)
[2025-04-30T18:27:27.805+0000] {spark_submit.py:644} INFO - at io.netty.bootstrap.Bootstrap$1.operationComplete(Bootstrap.java:175)
[2025-04-30T18:27:27.805+0000] {spark_submit.py:644} INFO - at io.netty.util.concurrent.DefaultPromise.notifyListener0(DefaultPromise.java:590)
[2025-04-30T18:27:27.805+0000] {spark_submit.py:644} INFO - at io.netty.util.concurrent.DefaultPromise.notifyListenersNow(DefaultPromise.java:557)
[2025-04-30T18:27:27.805+0000] {spark_submit.py:644} INFO - at io.netty.util.concurrent.DefaultPromise.notifyListeners(DefaultPromise.java:492)
[2025-04-30T18:27:27.806+0000] {spark_submit.py:644} INFO - at io.netty.util.concurrent.DefaultPromise.setValue0(DefaultPromise.java:636)
[2025-04-30T18:27:27.806+0000] {spark_submit.py:644} INFO - at io.netty.util.concurrent.DefaultPromise.setSuccess0(DefaultPromise.java:625)
[2025-04-30T18:27:27.806+0000] {spark_submit.py:644} INFO - at io.netty.util.concurrent.DefaultPromise.trySuccess(DefaultPromise.java:105)
[2025-04-30T18:27:27.807+0000] {spark_submit.py:644} INFO - at io.netty.channel.DefaultChannelPromise.trySuccess(DefaultChannelPromise.java:84)
[2025-04-30T18:27:27.807+0000] {spark_submit.py:644} INFO - at io.netty.channel.AbstractChannel$AbstractUnsafe.safeSetSuccess(AbstractChannel.java:990)
[2025-04-30T18:27:27.807+0000] {spark_submit.py:644} INFO - at io.netty.channel.AbstractChannel$AbstractUnsafe.register0(AbstractChannel.java:516)
[2025-04-30T18:27:27.807+0000] {spark_submit.py:644} INFO - at io.netty.channel.AbstractChannel$AbstractUnsafe.access$200(AbstractChannel.java:429)
[2025-04-30T18:27:27.807+0000] {spark_submit.py:644} INFO - at io.netty.channel.AbstractChannel$AbstractUnsafe$1.run(AbstractChannel.java:486)
[2025-04-30T18:27:27.807+0000] {spark_submit.py:644} INFO - at io.netty.util.concurrent.AbstractEventExecutor.runTask(AbstractEventExecutor.java:174)
[2025-04-30T18:27:27.808+0000] {spark_submit.py:644} INFO - at io.netty.util.concurrent.AbstractEventExecutor.safeExecute(AbstractEventExecutor.java:167)
[2025-04-30T18:27:27.808+0000] {spark_submit.py:644} INFO - at io.netty.util.concurrent.SingleThreadEventExecutor.runAllTasks(SingleThreadEventExecutor.java:470)
[2025-04-30T18:27:27.808+0000] {spark_submit.py:644} INFO - at io.netty.channel.nio.NioEventLoop.run(NioEventLoop.java:569)
[2025-04-30T18:27:27.808+0000] {spark_submit.py:644} INFO - at io.netty.util.concurrent.SingleThreadEventExecutor$4.run(SingleThreadEventExecutor.java:997)
[2025-04-30T18:27:27.808+0000] {spark_submit.py:644} INFO - at io.netty.util.internal.ThreadExecutorMap$2.run(ThreadExecutorMap.java:74)
[2025-04-30T18:27:27.809+0000] {spark_submit.py:644} INFO - at io.netty.util.concurrent.FastThreadLocalRunnable.run(FastThreadLocalRunnable.java:30)
[2025-04-30T18:27:27.809+0000] {spark_submit.py:644} INFO - ... 1 more
[2025-04-30T18:27:44.479+0000] {spark_submit.py:644} INFO - 25/04/30 18:27:44 ERROR StandaloneSchedulerBackend: Application has been killed. Reason: All masters are unresponsive! Giving up.
[2025-04-30T18:27:44.479+0000] {spark_submit.py:644} INFO - 25/04/30 18:27:44 WARN StandaloneSchedulerBackend: Application ID is not initialized yet.
[2025-04-30T18:27:44.501+0000] {spark_submit.py:644} INFO - 25/04/30 18:27:44 INFO Utils: Successfully started service 'org.apache.spark.network.netty.NettyBlockTransferService' on port 38473.
[2025-04-30T18:27:44.501+0000] {spark_submit.py:644} INFO - 25/04/30 18:27:44 INFO NettyBlockTransferService: Server created on 2ffb9d39fe3a:38473
[2025-04-30T18:27:44.507+0000] {spark_submit.py:644} INFO - 25/04/30 18:27:44 INFO BlockManager: Using org.apache.spark.storage.RandomBlockReplicationPolicy for block replication policy
[2025-04-30T18:27:44.518+0000] {spark_submit.py:644} INFO - 25/04/30 18:27:44 INFO BlockManagerMaster: Registering BlockManager BlockManagerId(driver, 2ffb9d39fe3a, 38473, None)
[2025-04-30T18:27:44.523+0000] {spark_submit.py:644} INFO - 25/04/30 18:27:44 INFO BlockManagerMasterEndpoint: Registering block manager 2ffb9d39fe3a:38473 with 434.4 MiB RAM, BlockManagerId(driver, 2ffb9d39fe3a, 38473, None)
[2025-04-30T18:27:44.526+0000] {spark_submit.py:644} INFO - 25/04/30 18:27:44 INFO BlockManagerMaster: Registered BlockManager BlockManagerId(driver, 2ffb9d39fe3a, 38473, None)
[2025-04-30T18:27:44.527+0000] {spark_submit.py:644} INFO - 25/04/30 18:27:44 INFO BlockManager: Initialized BlockManager: BlockManagerId(driver, 2ffb9d39fe3a, 38473, None)
[2025-04-30T18:27:44.916+0000] {spark_submit.py:644} INFO - 25/04/30 18:27:44 INFO StandaloneSchedulerBackend: SchedulerBackend is ready for scheduling beginning after reached minRegisteredResourcesRatio: 0.0
[2025-04-30T18:27:45.329+0000] {spark_submit.py:644} INFO - 25/04/30 18:27:45 INFO SparkContext: SparkContext is stopping with exitCode 0.
[2025-04-30T18:27:45.349+0000] {spark_submit.py:644} INFO - 25/04/30 18:27:45 INFO SparkUI: Stopped Spark web UI at http://2ffb9d39fe3a:4040
[2025-04-30T18:27:45.349+0000] {spark_submit.py:644} INFO - Traceback (most recent call last):
[2025-04-30T18:27:45.350+0000] {spark_submit.py:644} INFO - File "/opt/airflow/dags/landing_to_bronze.py", line 55, in <module>
[2025-04-30T18:27:45.350+0000] {spark_submit.py:644} INFO - main()
[2025-04-30T18:27:45.350+0000] {spark_submit.py:644} INFO - File "/opt/airflow/dags/landing_to_bronze.py", line 24, in main
[2025-04-30T18:27:45.350+0000] {spark_submit.py:644} INFO - .getOrCreate()
[2025-04-30T18:27:45.350+0000] {spark_submit.py:644} INFO - File "/home/airflow/.local/lib/python3.10/site-packages/pyspark/python/lib/pyspark.zip/pyspark/sql/session.py", line 500, in getOrCreate
[2025-04-30T18:27:45.351+0000] {spark_submit.py:644} INFO - File "/home/airflow/.local/lib/python3.10/site-packages/pyspark/python/lib/pyspark.zip/pyspark/sql/session.py", line 589, in __init__
[2025-04-30T18:27:45.351+0000] {spark_submit.py:644} INFO - File "/home/airflow/.local/lib/python3.10/site-packages/pyspark/python/lib/py4j-0.10.9.7-src.zip/py4j/java_gateway.py", line 1587, in __call__
[2025-04-30T18:27:45.351+0000] {spark_submit.py:644} INFO - File "/home/airflow/.local/lib/python3.10/site-packages/pyspark/python/lib/py4j-0.10.9.7-src.zip/py4j/protocol.py", line 326, in get_return_value
[2025-04-30T18:27:45.352+0000] {spark_submit.py:644} INFO - py4j.protocol.Py4JJavaError: An error occurred while calling None.org.apache.spark.sql.SparkSession.
[2025-04-30T18:27:45.352+0000] {spark_submit.py:644} INFO - : java.lang.IllegalStateException: Cannot call methods on a stopped SparkContext.
[2025-04-30T18:27:45.352+0000] {spark_submit.py:644} INFO - This stopped SparkContext was created at:
[2025-04-30T18:27:45.353+0000] {spark_submit.py:644} INFO - 
[2025-04-30T18:27:45.353+0000] {spark_submit.py:644} INFO - org.apache.spark.api.java.JavaSparkContext.<init>(JavaSparkContext.scala:58)
[2025-04-30T18:27:45.353+0000] {spark_submit.py:644} INFO - java.base/jdk.internal.reflect.NativeConstructorAccessorImpl.newInstance0(Native Method)
[2025-04-30T18:27:45.353+0000] {spark_submit.py:644} INFO - java.base/jdk.internal.reflect.NativeConstructorAccessorImpl.newInstance(NativeConstructorAccessorImpl.java:77)
[2025-04-30T18:27:45.353+0000] {spark_submit.py:644} INFO - java.base/jdk.internal.reflect.DelegatingConstructorAccessorImpl.newInstance(DelegatingConstructorAccessorImpl.java:45)
[2025-04-30T18:27:45.354+0000] {spark_submit.py:644} INFO - java.base/java.lang.reflect.Constructor.newInstanceWithCaller(Constructor.java:500)
[2025-04-30T18:27:45.354+0000] {spark_submit.py:644} INFO - java.base/java.lang.reflect.Constructor.newInstance(Constructor.java:481)
[2025-04-30T18:27:45.354+0000] {spark_submit.py:644} INFO - py4j.reflection.MethodInvoker.invoke(MethodInvoker.java:247)
[2025-04-30T18:27:45.354+0000] {spark_submit.py:644} INFO - py4j.reflection.ReflectionEngine.invoke(ReflectionEngine.java:374)
[2025-04-30T18:27:45.354+0000] {spark_submit.py:644} INFO - py4j.Gateway.invoke(Gateway.java:238)
[2025-04-30T18:27:45.354+0000] {spark_submit.py:644} INFO - py4j.commands.ConstructorCommand.invokeConstructor(ConstructorCommand.java:80)
[2025-04-30T18:27:45.354+0000] {spark_submit.py:644} INFO - py4j.commands.ConstructorCommand.execute(ConstructorCommand.java:69)
[2025-04-30T18:27:45.355+0000] {spark_submit.py:644} INFO - py4j.ClientServerConnection.waitForCommands(ClientServerConnection.java:182)
[2025-04-30T18:27:45.355+0000] {spark_submit.py:644} INFO - py4j.ClientServerConnection.run(ClientServerConnection.java:106)
[2025-04-30T18:27:45.356+0000] {spark_submit.py:644} INFO - java.base/java.lang.Thread.run(Thread.java:840)
[2025-04-30T18:27:45.356+0000] {spark_submit.py:644} INFO - 
[2025-04-30T18:27:45.356+0000] {spark_submit.py:644} INFO - The currently active SparkContext was created at:
[2025-04-30T18:27:45.356+0000] {spark_submit.py:644} INFO - 
[2025-04-30T18:27:45.356+0000] {spark_submit.py:644} INFO - org.apache.spark.api.java.JavaSparkContext.<init>(JavaSparkContext.scala:58)
[2025-04-30T18:27:45.356+0000] {spark_submit.py:644} INFO - java.base/jdk.internal.reflect.NativeConstructorAccessorImpl.newInstance0(Native Method)
[2025-04-30T18:27:45.356+0000] {spark_submit.py:644} INFO - java.base/jdk.internal.reflect.NativeConstructorAccessorImpl.newInstance(NativeConstructorAccessorImpl.java:77)
[2025-04-30T18:27:45.357+0000] {spark_submit.py:644} INFO - java.base/jdk.internal.reflect.DelegatingConstructorAccessorImpl.newInstance(DelegatingConstructorAccessorImpl.java:45)
[2025-04-30T18:27:45.357+0000] {spark_submit.py:644} INFO - java.base/java.lang.reflect.Constructor.newInstanceWithCaller(Constructor.java:500)
[2025-04-30T18:27:45.357+0000] {spark_submit.py:644} INFO - java.base/java.lang.reflect.Constructor.newInstance(Constructor.java:481)
[2025-04-30T18:27:45.357+0000] {spark_submit.py:644} INFO - py4j.reflection.MethodInvoker.invoke(MethodInvoker.java:247)
[2025-04-30T18:27:45.357+0000] {spark_submit.py:644} INFO - py4j.reflection.ReflectionEngine.invoke(ReflectionEngine.java:374)
[2025-04-30T18:27:45.357+0000] {spark_submit.py:644} INFO - py4j.Gateway.invoke(Gateway.java:238)
[2025-04-30T18:27:45.357+0000] {spark_submit.py:644} INFO - py4j.commands.ConstructorCommand.invokeConstructor(ConstructorCommand.java:80)
[2025-04-30T18:27:45.357+0000] {spark_submit.py:644} INFO - py4j.commands.ConstructorCommand.execute(ConstructorCommand.java:69)
[2025-04-30T18:27:45.357+0000] {spark_submit.py:644} INFO - py4j.ClientServerConnection.waitForCommands(ClientServerConnection.java:182)
[2025-04-30T18:27:45.357+0000] {spark_submit.py:644} INFO - py4j.ClientServerConnection.run(ClientServerConnection.java:106)
[2025-04-30T18:27:45.357+0000] {spark_submit.py:644} INFO - java.base/java.lang.Thread.run(Thread.java:840)
[2025-04-30T18:27:45.357+0000] {spark_submit.py:644} INFO - 
[2025-04-30T18:27:45.357+0000] {spark_submit.py:644} INFO - at org.apache.spark.SparkContext.assertNotStopped(SparkContext.scala:122)
[2025-04-30T18:27:45.358+0000] {spark_submit.py:644} INFO - at org.apache.spark.sql.SparkSession.<init>(SparkSession.scala:113)
[2025-04-30T18:27:45.358+0000] {spark_submit.py:644} INFO - at org.apache.spark.sql.SparkSession.<init>(SparkSession.scala:106)
[2025-04-30T18:27:45.358+0000] {spark_submit.py:644} INFO - at java.base/jdk.internal.reflect.NativeConstructorAccessorImpl.newInstance0(Native Method)
[2025-04-30T18:27:45.358+0000] {spark_submit.py:644} INFO - at java.base/jdk.internal.reflect.NativeConstructorAccessorImpl.newInstance(NativeConstructorAccessorImpl.java:77)
[2025-04-30T18:27:45.358+0000] {spark_submit.py:644} INFO - at java.base/jdk.internal.reflect.DelegatingConstructorAccessorImpl.newInstance(DelegatingConstructorAccessorImpl.java:45)
[2025-04-30T18:27:45.358+0000] {spark_submit.py:644} INFO - at java.base/java.lang.reflect.Constructor.newInstanceWithCaller(Constructor.java:500)
[2025-04-30T18:27:45.358+0000] {spark_submit.py:644} INFO - at java.base/java.lang.reflect.Constructor.newInstance(Constructor.java:481)
[2025-04-30T18:27:45.358+0000] {spark_submit.py:644} INFO - at py4j.reflection.MethodInvoker.invoke(MethodInvoker.java:247)
[2025-04-30T18:27:45.358+0000] {spark_submit.py:644} INFO - at py4j.reflection.ReflectionEngine.invoke(ReflectionEngine.java:374)
[2025-04-30T18:27:45.358+0000] {spark_submit.py:644} INFO - at py4j.Gateway.invoke(Gateway.java:238)
[2025-04-30T18:27:45.358+0000] {spark_submit.py:644} INFO - at py4j.commands.ConstructorCommand.invokeConstructor(ConstructorCommand.java:80)
[2025-04-30T18:27:45.358+0000] {spark_submit.py:644} INFO - at py4j.commands.ConstructorCommand.execute(ConstructorCommand.java:69)
[2025-04-30T18:27:45.359+0000] {spark_submit.py:644} INFO - at py4j.ClientServerConnection.waitForCommands(ClientServerConnection.java:182)
[2025-04-30T18:27:45.359+0000] {spark_submit.py:644} INFO - at py4j.ClientServerConnection.run(ClientServerConnection.java:106)
[2025-04-30T18:27:45.359+0000] {spark_submit.py:644} INFO - at java.base/java.lang.Thread.run(Thread.java:840)
[2025-04-30T18:27:45.359+0000] {spark_submit.py:644} INFO - 
[2025-04-30T18:27:45.359+0000] {spark_submit.py:644} INFO - 25/04/30 18:27:45 INFO StandaloneSchedulerBackend: Shutting down all executors
[2025-04-30T18:27:45.360+0000] {spark_submit.py:644} INFO - 25/04/30 18:27:45 INFO StandaloneSchedulerBackend$StandaloneDriverEndpoint: Asking each executor to shut down
[2025-04-30T18:27:45.368+0000] {spark_submit.py:644} INFO - 25/04/30 18:27:45 WARN StandaloneAppClient$ClientEndpoint: Drop UnregisterApplication(null) because has not yet connected to master
[2025-04-30T18:27:45.376+0000] {spark_submit.py:644} INFO - 25/04/30 18:27:45 INFO MapOutputTrackerMasterEndpoint: MapOutputTrackerMasterEndpoint stopped!
[2025-04-30T18:27:45.408+0000] {spark_submit.py:644} INFO - 25/04/30 18:27:45 INFO MemoryStore: MemoryStore cleared
[2025-04-30T18:27:45.408+0000] {spark_submit.py:644} INFO - 25/04/30 18:27:45 INFO BlockManager: BlockManager stopped
[2025-04-30T18:27:45.417+0000] {spark_submit.py:644} INFO - 25/04/30 18:27:45 INFO BlockManagerMaster: BlockManagerMaster stopped
[2025-04-30T18:27:45.420+0000] {spark_submit.py:644} INFO - 25/04/30 18:27:45 INFO OutputCommitCoordinator$OutputCommitCoordinatorEndpoint: OutputCommitCoordinator stopped!
[2025-04-30T18:27:45.439+0000] {spark_submit.py:644} INFO - 25/04/30 18:27:45 INFO SparkContext: Successfully stopped SparkContext
[2025-04-30T18:27:45.444+0000] {spark_submit.py:644} INFO - 25/04/30 18:27:45 INFO ShutdownHookManager: Shutdown hook called
[2025-04-30T18:27:45.444+0000] {spark_submit.py:644} INFO - 25/04/30 18:27:45 INFO ShutdownHookManager: Deleting directory /tmp/spark-f772013f-362e-4fb5-aa55-8c0216972e57
[2025-04-30T18:27:45.453+0000] {spark_submit.py:644} INFO - 25/04/30 18:27:45 INFO ShutdownHookManager: Deleting directory /tmp/spark-14059f53-0799-42b4-8a36-efead1fbc342/pyspark-9626cfc5-33ec-4c2c-a6cc-decda6493d53
[2025-04-30T18:27:45.465+0000] {spark_submit.py:644} INFO - 25/04/30 18:27:45 INFO ShutdownHookManager: Deleting directory /tmp/spark-14059f53-0799-42b4-8a36-efead1fbc342
[2025-04-30T18:27:45.512+0000] {taskinstance.py:441} INFO - ::group::Post task execution logs
[2025-04-30T18:27:45.569+0000] {taskinstance.py:2905} ERROR - Task failed with exception
Traceback (most recent call last):
  File "/home/airflow/.local/lib/python3.10/site-packages/airflow/models/taskinstance.py", line 465, in _execute_task
    result = _execute_callable(context=context, **execute_callable_kwargs)
  File "/home/airflow/.local/lib/python3.10/site-packages/airflow/models/taskinstance.py", line 432, in _execute_callable
    return execute_callable(context=context, **execute_callable_kwargs)
  File "/home/airflow/.local/lib/python3.10/site-packages/airflow/models/baseoperator.py", line 400, in wrapper
    return func(self, *args, **kwargs)
  File "/home/airflow/.local/lib/python3.10/site-packages/airflow/providers/apache/spark/operators/spark_submit.py", line 197, in execute
    self._hook.submit(self.application)
  File "/home/airflow/.local/lib/python3.10/site-packages/airflow/providers/apache/spark/hooks/spark_submit.py", line 566, in submit
    raise AirflowException(
airflow.exceptions.AirflowException: Cannot execute: spark-submit --master spark://spark-master:7077 --conf spark.master=spark://spark-master:7077 --name LandingToBronze --verbose --queue root.default --deploy-mode client /opt/airflow/dags/landing_to_bronze.py. Error code is: 1.
[2025-04-30T18:27:45.588+0000] {taskinstance.py:1206} INFO - Marking task as FAILED. dag_id=final_project_BBDL, task_id=LandingToBronze, run_id=manual__2025-04-30T18:26:29.549324+00:00, execution_date=20250430T182629, start_date=20250430T182631, end_date=20250430T182745
[2025-04-30T18:27:45.621+0000] {standard_task_runner.py:110} ERROR - Failed to execute job 25 for task LandingToBronze (Cannot execute: spark-submit --master spark://spark-master:7077 --conf spark.master=spark://spark-master:7077 --name LandingToBronze --verbose --queue root.default --deploy-mode client /opt/airflow/dags/landing_to_bronze.py. Error code is: 1.; 1463)
[2025-04-30T18:27:45.648+0000] {local_task_job_runner.py:240} INFO - Task exited with return code 1
[2025-04-30T18:27:45.722+0000] {taskinstance.py:3498} INFO - 0 downstream tasks scheduled from follow-on schedule check
[2025-04-30T18:27:45.749+0000] {local_task_job_runner.py:222} INFO - ::endgroup::
